
Loaded 'libv3/all-terms.bf' from /usr/local/lib/hyphy/TemplateBatchFiles/libv3/all-terms.bf
Loaded 'libv3/UtilityFunctions.bf' from /usr/local/lib/hyphy/TemplateBatchFiles/libv3/UtilityFunctions.bf
Loaded 'IOFunctions.bf' from /usr/local/lib/hyphy/TemplateBatchFiles/libv3/IOFunctions.bf
Already loaded 'libv3/UtilityFunctions.bf' from /usr/local/lib/hyphy/TemplateBatchFiles/libv3/UtilityFunctions.bf
Loaded 'convenience/regexp.bf' from /usr/local/lib/hyphy/TemplateBatchFiles/libv3/convenience/regexp.bf
Already loaded 'libv3/all-terms.bf' from /usr/local/lib/hyphy/TemplateBatchFiles/libv3/all-terms.bf
Already loaded 'libv3/IOFunctions.bf' from /usr/local/lib/hyphy/TemplateBatchFiles/libv3/IOFunctions.bf
Loaded 'libv3/models/codon/MG_REV.bf' from /usr/local/lib/hyphy/TemplateBatchFiles/libv3/models/codon/MG_REV.bf
Loaded '../codon.bf' from /usr/local/lib/hyphy/TemplateBatchFiles/libv3/models/codon.bf
Loaded '../tasks/genetic_code.bf' from /usr/local/lib/hyphy/TemplateBatchFiles/libv3/tasks/genetic_code.bf
Loaded 'libv3/convenience/matrix.bf' from /usr/local/lib/hyphy/TemplateBatchFiles/libv3/convenience/matrix.bf
Already loaded 'libv3/UtilityFunctions.bf' from /usr/local/lib/hyphy/TemplateBatchFiles/libv3/UtilityFunctions.bf
Already loaded 'libv3/all-terms.bf' from /usr/local/lib/hyphy/TemplateBatchFiles/libv3/all-terms.bf
Already loaded '../UtilityFunctions.bf' from /usr/local/lib/hyphy/TemplateBatchFiles/libv3/UtilityFunctions.bf
Loaded '../DNA.bf' from /usr/local/lib/hyphy/TemplateBatchFiles/libv3/models/DNA.bf
Loaded 'frequencies.bf' from /usr/local/lib/hyphy/TemplateBatchFiles/libv3/models/frequencies.bf
Already loaded '../all-terms.bf' from /usr/local/lib/hyphy/TemplateBatchFiles/libv3/all-terms.bf
Loaded 'parameters.bf' from /usr/local/lib/hyphy/TemplateBatchFiles/libv3/models/parameters.bf
Loaded 'GrabBag' from /usr/local/lib/hyphy/TemplateBatchFiles/Utility/GrabBag.bf
Overwritten previously defined function:'_sortStringsAux'
Already loaded 'libv3/all-terms.bf' from /usr/local/lib/hyphy/TemplateBatchFiles/libv3/all-terms.bf
Already loaded '../UtilityFunctions.bf' from /usr/local/lib/hyphy/TemplateBatchFiles/libv3/UtilityFunctions.bf
Loaded 'model_functions.bf' from /usr/local/lib/hyphy/TemplateBatchFiles/libv3/models/model_functions.bf
Already loaded 'DNA.bf' from /usr/local/lib/hyphy/TemplateBatchFiles/libv3/models/DNA.bf
Already loaded 'parameters.bf' from /usr/local/lib/hyphy/TemplateBatchFiles/libv3/models/parameters.bf
Already loaded 'frequencies.bf' from /usr/local/lib/hyphy/TemplateBatchFiles/libv3/models/frequencies.bf
Already loaded '../UtilityFunctions.bf' from /usr/local/lib/hyphy/TemplateBatchFiles/libv3/UtilityFunctions.bf
Already loaded '../convenience/regexp.bf' from /usr/local/lib/hyphy/TemplateBatchFiles/libv3/convenience/regexp.bf
Already loaded 'libv3/all-terms.bf' from /usr/local/lib/hyphy/TemplateBatchFiles/libv3/all-terms.bf
Already loaded '../parameters.bf' from /usr/local/lib/hyphy/TemplateBatchFiles/libv3/models/parameters.bf
Already loaded '../frequencies.bf' from /usr/local/lib/hyphy/TemplateBatchFiles/libv3/models/frequencies.bf
Already loaded '../../UtilityFunctions.bf' from /usr/local/lib/hyphy/TemplateBatchFiles/libv3/UtilityFunctions.bf
Loaded 'libv3/tasks/estimators.bf' from /usr/local/lib/hyphy/TemplateBatchFiles/libv3/tasks/estimators.bf
Already loaded '../models/model_functions.bf' from /usr/local/lib/hyphy/TemplateBatchFiles/libv3/models/model_functions.bf
Loaded '../models/DNA/GTR.bf' from /usr/local/lib/hyphy/TemplateBatchFiles/libv3/models/DNA/GTR.bf
Already loaded '../DNA.bf' from /usr/local/lib/hyphy/TemplateBatchFiles/libv3/models/DNA.bf
Already loaded '../parameters.bf' from /usr/local/lib/hyphy/TemplateBatchFiles/libv3/models/parameters.bf
Already loaded '../frequencies.bf' from /usr/local/lib/hyphy/TemplateBatchFiles/libv3/models/frequencies.bf
Already loaded '../../UtilityFunctions.bf' from /usr/local/lib/hyphy/TemplateBatchFiles/libv3/UtilityFunctions.bf
Already loaded 'libv3/all-terms.bf' from /usr/local/lib/hyphy/TemplateBatchFiles/libv3/all-terms.bf
Already loaded '../convenience/regexp.bf' from /usr/local/lib/hyphy/TemplateBatchFiles/libv3/convenience/regexp.bf
Already loaded 'libv3/all-terms.bf' from /usr/local/lib/hyphy/TemplateBatchFiles/libv3/all-terms.bf
Loaded 'libv3/tasks/alignments.bf' from /usr/local/lib/hyphy/TemplateBatchFiles/libv3/tasks/alignments.bf
Already loaded '../IOFunctions.bf' from /usr/local/lib/hyphy/TemplateBatchFiles/libv3/IOFunctions.bf
Already loaded '../all-terms.bf' from /usr/local/lib/hyphy/TemplateBatchFiles/libv3/all-terms.bf
Loaded 'libv3/tasks/trees.bf' from /usr/local/lib/hyphy/TemplateBatchFiles/libv3/tasks/trees.bf
Already loaded '../IOFunctions.bf' from /usr/local/lib/hyphy/TemplateBatchFiles/libv3/IOFunctions.bf
Already loaded '../all-terms.bf' from /usr/local/lib/hyphy/TemplateBatchFiles/libv3/all-terms.bf
Already loaded '../convenience/regexp.bf' from /usr/local/lib/hyphy/TemplateBatchFiles/libv3/convenience/regexp.bf
Already loaded '../UtilityFunctions.bf' from /usr/local/lib/hyphy/TemplateBatchFiles/libv3/UtilityFunctions.bf
Loaded 'TreeTools' from /usr/local/lib/hyphy/TemplateBatchFiles/TreeTools.ibf
Loaded 'modules/io_functions.ibf' from /usr/local/lib/hyphy/TemplateBatchFiles/SelectionAnalyses/modules/io_functions.ibf
Already loaded 'libv3/UtilityFunctions.bf' from /usr/local/lib/hyphy/TemplateBatchFiles/libv3/UtilityFunctions.bf
Already loaded 'libv3/IOFunctions.bf' from /usr/local/lib/hyphy/TemplateBatchFiles/libv3/IOFunctions.bf
Already loaded 'libv3/convenience/regexp.bf' from /usr/local/lib/hyphy/TemplateBatchFiles/libv3/convenience/regexp.bf
Already loaded 'libv3/all-terms.bf' from /usr/local/lib/hyphy/TemplateBatchFiles/libv3/all-terms.bf
Loaded 'modules/selection_lib.ibf' from /usr/local/lib/hyphy/TemplateBatchFiles/SelectionAnalyses/modules/selection_lib.ibf
Loaded 'libv3/models/codon/BS_REL.bf' from /usr/local/lib/hyphy/TemplateBatchFiles/libv3/models/codon/BS_REL.bf
Already loaded '../codon.bf' from /usr/local/lib/hyphy/TemplateBatchFiles/libv3/models/codon.bf
Already loaded '../DNA.bf' from /usr/local/lib/hyphy/TemplateBatchFiles/libv3/models/DNA.bf
Already loaded '../parameters.bf' from /usr/local/lib/hyphy/TemplateBatchFiles/libv3/models/parameters.bf
Already loaded '../frequencies.bf' from /usr/local/lib/hyphy/TemplateBatchFiles/libv3/models/frequencies.bf
Already loaded '../../UtilityFunctions.bf' from /usr/local/lib/hyphy/TemplateBatchFiles/libv3/UtilityFunctions.bf
Already loaded 'MG_REV.bf' from /usr/local/lib/hyphy/TemplateBatchFiles/libv3/models/codon/MG_REV.bf
Loaded '../../convenience/math.bf' from /usr/local/lib/hyphy/TemplateBatchFiles/libv3/convenience/math.bf
Already loaded 'libv3/UtilityFunctions.bf' from /usr/local/lib/hyphy/TemplateBatchFiles/libv3/UtilityFunctions.bf
Already loaded 'libv3/convenience/math.bf' from /usr/local/lib/hyphy/TemplateBatchFiles/libv3/convenience/math.bf
Loaded 'libv3/tasks/mpi.bf' from /usr/local/lib/hyphy/TemplateBatchFiles/libv3/tasks/mpi.bf
Already loaded '../all-terms.bf' from /usr/local/lib/hyphy/TemplateBatchFiles/libv3/all-terms.bf
Already loaded '../models/parameters.bf' from /usr/local/lib/hyphy/TemplateBatchFiles/libv3/models/parameters.bf
Variable 'NORMALIZE_SEQUENCE_NAMES' was not initialized prior to being used
Variable 'ASSUME_REVERSIBLE_MODELS' was not initialized prior to being used
Loaded 'modules/shared-load-file.bf' from /usr/local/lib/hyphy/TemplateBatchFiles/SelectionAnalyses/modules/shared-load-file.bf
Variable 'MARKDOWN_OUTPUT' was not initialized prior to being used
Already loaded 'libv3/convenience/matrix.bf' from /usr/local/lib/hyphy/TemplateBatchFiles/libv3/convenience/matrix.bf
Already loaded 'libv3/UtilityFunctions.bf' from /usr/local/lib/hyphy/TemplateBatchFiles/libv3/UtilityFunctions.bf
Variable 'yUzisUOw.skipCodeSelectionStep' was not initialized prior to being used
Row and/or column partition is empty. All the data will be used by default.
Variable 'NEXUS_FILE_TREE_MATRIX' was not initialized prior to being used
Variable 'utility.ToggleEnvVariable.cache' was not initialized prior to being used
Variable 'TREE_NODE_NAME_MAPPING' was not initialized prior to being used
Variable 'TKzTsDfp.PROMPT_FOR_FILE' was not initialized prior to being used
Variable 'END_OF_FILE' was not initialized prior to being used
Variable '_DO_TREE_REBALANCE_' was not initialized prior to being used
Variable '_KEEP_I_LABELS_' was not initialized prior to being used
Rooted topology. Removing one branch - the right root child has been promoted to be the new root
Variable 'INCLUDE_MODEL_SPECS' was not initialized prior to being used
Variable 'utility.ForEachPair.warn_non_rentrant' was not initialized prior to being used
Row and/or column partition is empty. All the data will be used by default.
Row and/or column partition is empty. All the data will be used by default.
Loaded 'modules/grid_compute.ibf' from /usr/local/lib/hyphy/TemplateBatchFiles/SelectionAnalyses/modules/grid_compute.ibf
Variable 'qntsxCGH.cache' was not initialized prior to being used
Row and/or column partition is empty. All the data will be used by default.
Variable 'COUNT_GAPS_IN_FREQUENCIES' was not initialized prior to being used
Variable 'ovNNVZfm.model_pi' was not initialized prior to being used
Model ovNNVZfm.model assigned to Coturnix_japonica
Model ovNNVZfm.model assigned to Oxyura_jamaicensis
Model ovNNVZfm.model assigned to Cygnus_atratus
Model ovNNVZfm.model assigned to Anser_cygnoides
Model ovNNVZfm.model assigned to Node5
Model ovNNVZfm.model assigned to Node3
Model ovNNVZfm.model assigned to Aythya_fuligula
Model ovNNVZfm.model assigned to Anas_platyrhynchos
Model ovNNVZfm.model assigned to Node8
The tips of the tree:ovNNVZfm.tree_0 were matched with the species names from the data in the following numeric order (0-based) {0,2,1,3,4,5}

Pseudo-optimal path's cost 192 vs 270 for 1..k=> a 1.40625 x improvement
Partition 0 is ASSUMED to have a reversible model
Variable 'USE_LAST_RESULTS' was not initialized prior to being used
Variable 'ovNNVZfm.tree_0.Coturnix_japonica.t' was not initialized prior to being used
models.generic.SetBranchLength: ovNNVZfm.tree_0.Coturnix_japonica.t=213.1279136670512
Variable 'ovNNVZfm.tree_0.Oxyura_jamaicensis.t' was not initialized prior to being used
models.generic.SetBranchLength: ovNNVZfm.tree_0.Oxyura_jamaicensis.t=75.1605630247453
Variable 'ovNNVZfm.tree_0.Cygnus_atratus.t' was not initialized prior to being used
models.generic.SetBranchLength: ovNNVZfm.tree_0.Cygnus_atratus.t=54.05422465145818
Variable 'ovNNVZfm.tree_0.Anser_cygnoides.t' was not initialized prior to being used
models.generic.SetBranchLength: ovNNVZfm.tree_0.Anser_cygnoides.t=54.05422465145818
Variable 'ovNNVZfm.tree_0.Node5.t' was not initialized prior to being used
models.generic.SetBranchLength: ovNNVZfm.tree_0.Node5.t=21.10633837328712
Variable 'ovNNVZfm.tree_0.Node3.t' was not initialized prior to being used
models.generic.SetBranchLength: ovNNVZfm.tree_0.Node3.t=5.683324836782933
Variable 'ovNNVZfm.tree_0.Aythya_fuligula.t' was not initialized prior to being used
models.generic.SetBranchLength: ovNNVZfm.tree_0.Aythya_fuligula.t=41.21003174044672
Variable 'ovNNVZfm.tree_0.Anas_platyrhynchos.t' was not initialized prior to being used
models.generic.SetBranchLength: ovNNVZfm.tree_0.Anas_platyrhynchos.t=41.21003174044672
Variable 'ovNNVZfm.tree_0.Node8.t' was not initialized prior to being used
models.generic.SetBranchLength: ovNNVZfm.tree_0.Node8.t=39.63385614773735
Variable 'ovNNVZfm.ovNNVZfm.likelihoodFunction' was not initialized prior to being used
Variable 'SAVE_OPT_STATUS_TO' was not initialized prior to being used
Auto-benchmarked an optimal number (1) of threads.
Set GUI update interval to every 9090-th LF evaluation.
Optimization settings:
	OPTIMIZATION_METHOD = 4
	OPTIMIZATION_PRECISION = 0.001
	MAXIMUM_ITERATIONS_PER_VARIABLE = 5000

Initial parameter values

ovNNVZfm.model.theta_CT = 1
ovNNVZfm.model.theta_GT = 0.25
ovNNVZfm.model.theta_CG = 0.25
ovNNVZfm.model.theta_AC = 0.25
ovNNVZfm.model.theta_AT = 0.25
ovNNVZfm.tree_0.Coturnix_japonica.t = 213.128
ovNNVZfm.tree_0.Oxyura_jamaicensis.t = 75.1606
ovNNVZfm.tree_0.Cygnus_atratus.t = 54.0542
ovNNVZfm.tree_0.Anser_cygnoides.t = 54.0542
ovNNVZfm.tree_0.Node5.t = 21.1063
ovNNVZfm.tree_0.Node3.t = 5.68332
ovNNVZfm.tree_0.Aythya_fuligula.t = 41.21
ovNNVZfm.tree_0.Anas_platyrhynchos.t = 41.21
ovNNVZfm.tree_0.Node8.t = 39.6339
Site 27 evaluated to a 0 probability in ComputeLLWithBranchCache
Optimization finished in 30 loop passes.
1337 likelihood evaluation calls and 7186 matrix exponentiations calls were made

Variable 'BRANCH_LENGTH_STENCIL' was not initialized prior to being used
Variable 'ovNNVZfm.option' was not initialized prior to being used
Variable 'relax.terms.json.nucleotide_gtr' was not initialized prior to being used
Variable 'Unknown' was not initialized prior to being used
Variable 'pKgfmIGV.initial_value' was not initialized prior to being used
Variable 'mjxkvBxZ.data_filter' was not initialized prior to being used
Row and/or column partition is empty. All the data will be used by default.
Auto-benchmarked an optimal number (3) of threads.
Set GUI update interval to every 4629-th LF evaluation.
Optimization settings:
	OPTIMIZATION_METHOD = 4
	OPTIMIZATION_PRECISION = 0.001
	MAXIMUM_ITERATIONS_PER_VARIABLE = 5000

Initial parameter values

frequencies._aux.CF3x4.p0_0 = 0.284821
frequencies._aux.CF3x4.p0_1 = 0.363296
frequencies._aux.CF3x4.p0_2 = 0.628105
frequencies._aux.CF3x4.p1_0 = 0.320536
frequencies._aux.CF3x4.p1_1 = 0.284275
frequencies._aux.CF3x4.p1_2 = 0.409425
frequencies._aux.CF3x4.p2_0 = 0.223214
frequencies._aux.CF3x4.p2_1 = 0.308812
frequencies._aux.CF3x4.p2_2 = 0.513304
Optimization finished in 7 loop passes.
261 likelihood evaluation calls and 0 matrix exponentiations calls were made

Variable 'mjxkvBxZ.model_MGREV_pi' was not initialized prior to being used
Model mjxkvBxZ.model_MGREV assigned to Coturnix_japonica
Model mjxkvBxZ.model_MGREV assigned to Oxyura_jamaicensis
Model mjxkvBxZ.model_MGREV assigned to Cygnus_atratus
Model mjxkvBxZ.model_MGREV assigned to Anser_cygnoides
Model mjxkvBxZ.model_MGREV assigned to Node5
Model mjxkvBxZ.model_MGREV assigned to Node3
Model mjxkvBxZ.model_MGREV assigned to Aythya_fuligula
Model mjxkvBxZ.model_MGREV assigned to Anas_platyrhynchos
Model mjxkvBxZ.model_MGREV assigned to Node8
The tips of the tree:mjxkvBxZ.tree_0 were matched with the species names from the data in the following numeric order (0-based) {0,2,1,3,4,5}

Pseudo-optimal path's cost 697 vs 901 for 1..k=> a 1.29268 x improvement
Partition 0 is ASSUMED to have a reversible model
Variable 'mjxkvBxZ.mjxkvBxZ.likelihoodFunction' was not initialized prior to being used
Variable 'mjxkvBxZ.tree_0.Coturnix_japonica.alpha' was not initialized prior to being used
Variable 'mjxkvBxZ.tree_0.Oxyura_jamaicensis.alpha' was not initialized prior to being used
Variable 'mjxkvBxZ.tree_0.Cygnus_atratus.alpha' was not initialized prior to being used
Variable 'mjxkvBxZ.tree_0.Anser_cygnoides.alpha' was not initialized prior to being used
Variable 'mjxkvBxZ.tree_0.Node5.alpha' was not initialized prior to being used
Variable 'mjxkvBxZ.tree_0.Node3.alpha' was not initialized prior to being used
Variable 'mjxkvBxZ.tree_0.Aythya_fuligula.alpha' was not initialized prior to being used
Variable 'mjxkvBxZ.tree_0.Anas_platyrhynchos.alpha' was not initialized prior to being used
Variable 'mjxkvBxZ.tree_0.Node8.alpha' was not initialized prior to being used
Site 2 evaluated to a 0 probability in ComputeTreeBlockByBranch
Site 84 evaluated to a 0 probability in ComputeTreeBlockByBranch
Site 2 evaluated to a 0 probability in ComputeTreeBlockByBranch
Site 87 evaluated to a 0 probability in ComputeTreeBlockByBranch
Site 70 evaluated to a 0 probability in ComputeTreeBlockByBranch
Site 2 evaluated to a 0 probability in ComputeTreeBlockByBranch
Site 84 evaluated to a 0 probability in ComputeTreeBlockByBranch
Site 2 evaluated to a 0 probability in ComputeTreeBlockByBranch
Site 42 evaluated to a 0 probability in ComputeTreeBlockByBranch
Site 39 evaluated to a 0 probability in ComputeTreeBlockByBranch
Site 76 evaluated to a 0 probability in ComputeTreeBlockByBranch
Site 68 evaluated to a 0 probability in ComputeTreeBlockByBranch
Site 2 evaluated to a 0 probability in ComputeTreeBlockByBranch
Site 9 evaluated to a 0 probability in ComputeTreeBlockByBranch
Site 51 evaluated to a 0 probability in ComputeTreeBlockByBranch
Site 70 evaluated to a 0 probability in ComputeTreeBlockByBranch
Site 2 evaluated to a 0 probability in ComputeTreeBlockByBranch
Site 100 evaluated to a 0 probability in ComputeTreeBlockByBranch
Site 38 evaluated to a 0 probability in ComputeTreeBlockByBranch
Site 80 evaluated to a 0 probability in ComputeTreeBlockByBranch
Site 49 evaluated to a 0 probability in ComputeTreeBlockByBranch
Site 100 evaluated to a 0 probability in ComputeTreeBlockByBranch
Site 30 evaluated to a 0 probability in ComputeTreeBlockByBranch
Site 63 evaluated to a 0 probability in ComputeTreeBlockByBranch
Site 79 evaluated to a 0 probability in ComputeTreeBlockByBranch
Site 2 evaluated to a 0 probability in ComputeTreeBlockByBranch
Site 78 evaluated to a 0 probability in ComputeTreeBlockByBranch
Site 36 evaluated to a 0 probability in ComputeTreeBlockByBranch
Auto-benchmarked an optimal number (6) of threads.
Set GUI update interval to every 1020-th LF evaluation.
Initial guess for mjxkvBxZ.tree_0.Node3.alpha is -7.61146e-07
Initial guess for mjxkvBxZ.tree_0.Oxyura_jamaicensis.alpha is 0.000274097
Initial guess for mjxkvBxZ.tree_0.Node5.alpha is 9.44864e-06
Initial guess for mjxkvBxZ.tree_0.Cygnus_atratus.alpha is 2.45668e-05
Initial guess for mjxkvBxZ.tree_0.Anser_cygnoides.alpha is 3.76034e-06
Initial guess for mjxkvBxZ.tree_0.Node8.alpha is 2.28088e-05
Initial guess for mjxkvBxZ.tree_0.Aythya_fuligula.alpha is 1.13571e-05
Initial guess for mjxkvBxZ.tree_0.Anas_platyrhynchos.alpha is 7.54923e-06
Optimization settings:
	OPTIMIZATION_METHOD = 4
	OPTIMIZATION_PRECISION = 0.001
	MAXIMUM_ITERATIONS_PER_VARIABLE = 5000

Initial parameter values

mjxkvBxZ.model_MGREV.theta_GT = 1
mjxkvBxZ.model_MGREV.theta_CT = 1
mjxkvBxZ.model_MGREV.theta_AC = 1
mjxkvBxZ.model_MGREV.theta_CG = 1
mjxkvBxZ.model_MGREV.theta_AT = 1
mjxkvBxZ.model_MGREV.omega_0 = 1
mjxkvBxZ.tree_0.Coturnix_japonica.alpha = 0.1
mjxkvBxZ.tree_0.Oxyura_jamaicensis.alpha = 0.000274097
mjxkvBxZ.tree_0.Cygnus_atratus.alpha = 2.45668e-05
mjxkvBxZ.tree_0.Anser_cygnoides.alpha = 3.76034e-06
mjxkvBxZ.tree_0.Node5.alpha = 9.44864e-06
mjxkvBxZ.tree_0.Node3.alpha = 0
mjxkvBxZ.tree_0.Aythya_fuligula.alpha = 1.13571e-05
mjxkvBxZ.tree_0.Anas_platyrhynchos.alpha = 7.54923e-06
mjxkvBxZ.tree_0.Node8.alpha = 2.28088e-05
mjxkvBxZ.model_MGREV.omega_1 = 1
Failing bound checks on mjxkvBxZ.tree_0.Node3.beta =         10000.76256505028
Optimization finished in 25 loop passes.
1857 likelihood evaluation calls and 9167 matrix exponentiations calls were made

Row and/or column partition is empty. All the data will be used by default.
Auto-benchmarked an optimal number (2) of threads.
Set GUI update interval to every 4587-th LF evaluation.
Optimization settings:
	OPTIMIZATION_METHOD = 4
	OPTIMIZATION_PRECISION = 0.001
	MAXIMUM_ITERATIONS_PER_VARIABLE = 5000

Initial parameter values

frequencies._aux.CF3x4.p0_0 = 0.284821
frequencies._aux.CF3x4.p0_1 = 0.363296
frequencies._aux.CF3x4.p0_2 = 0.628105
frequencies._aux.CF3x4.p1_0 = 0.320536
frequencies._aux.CF3x4.p1_1 = 0.284275
frequencies._aux.CF3x4.p1_2 = 0.409425
frequencies._aux.CF3x4.p2_0 = 0.223214
frequencies._aux.CF3x4.p2_1 = 0.308812
frequencies._aux.CF3x4.p2_2 = 0.513304
Optimization finished in 7 loop passes.
260 likelihood evaluation calls and 0 matrix exponentiations calls were made

Variable 'mjxkvBxZ.model_MGREV_pi' was not initialized prior to being used
Model mjxkvBxZ.model_MGREV assigned to Coturnix_japonica
Model mjxkvBxZ.model_MGREV assigned to Oxyura_jamaicensis
Model mjxkvBxZ.model_MGREV assigned to Cygnus_atratus
Model mjxkvBxZ.model_MGREV assigned to Anser_cygnoides
Model mjxkvBxZ.model_MGREV assigned to Node5
Model mjxkvBxZ.model_MGREV assigned to Node3
Model mjxkvBxZ.model_MGREV assigned to Aythya_fuligula
Model mjxkvBxZ.model_MGREV assigned to Anas_platyrhynchos
Model mjxkvBxZ.model_MGREV assigned to Node8
The tips of the tree:mjxkvBxZ.tree_0 were matched with the species names from the data in the following numeric order (0-based) {0,2,1,3,4,5}

Pseudo-optimal path's cost 697 vs 901 for 1..k=> a 1.29268 x improvement
Partition 0 is ASSUMED to have a reversible model
Variable 'mjxkvBxZ.tree_0.Aythya_fuligula.alpha' was not initialized prior to being used
Variable 'mjxkvBxZ.tree_0.Node3.alpha' was not initialized prior to being used
Variable 'mjxkvBxZ.tree_0.Anas_platyrhynchos.alpha' was not initialized prior to being used
Variable 'mjxkvBxZ.tree_0.Node5.alpha' was not initialized prior to being used
Variable 'mjxkvBxZ.tree_0.Anser_cygnoides.alpha' was not initialized prior to being used
Variable 'mjxkvBxZ.tree_0.Cygnus_atratus.alpha' was not initialized prior to being used
Variable 'mjxkvBxZ.tree_0.Coturnix_japonica.alpha' was not initialized prior to being used
Variable 'mjxkvBxZ.tree_0.Oxyura_jamaicensis.alpha' was not initialized prior to being used
Variable 'mjxkvBxZ.tree_0.Node8.alpha' was not initialized prior to being used
Site 2 evaluated to a 0 probability in ComputeTreeBlockByBranch
Site 84 evaluated to a 0 probability in ComputeTreeBlockByBranch
Site 2 evaluated to a 0 probability in ComputeTreeBlockByBranch
Site 87 evaluated to a 0 probability in ComputeTreeBlockByBranch
Site 70 evaluated to a 0 probability in ComputeTreeBlockByBranch
Site 2 evaluated to a 0 probability in ComputeTreeBlockByBranch
Site 84 evaluated to a 0 probability in ComputeTreeBlockByBranch
Site 2 evaluated to a 0 probability in ComputeTreeBlockByBranch
Site 42 evaluated to a 0 probability in ComputeTreeBlockByBranch
Site 39 evaluated to a 0 probability in ComputeTreeBlockByBranch
Site 68 evaluated to a 0 probability in ComputeTreeBlockByBranch
Site 76 evaluated to a 0 probability in ComputeTreeBlockByBranch
Site 2 evaluated to a 0 probability in ComputeTreeBlockByBranch
Site 9 evaluated to a 0 probability in ComputeTreeBlockByBranch
Site 51 evaluated to a 0 probability in ComputeTreeBlockByBranch
Auto-benchmarked an optimal number (4) of threads.
Set GUI update interval to every 1131-th LF evaluation.
Initial guess for mjxkvBxZ.tree_0.Node3.alpha is -7.61146e-07
Initial guess for mjxkvBxZ.tree_0.Oxyura_jamaicensis.alpha is 0.000274097
Initial guess for mjxkvBxZ.tree_0.Node5.alpha is 9.44864e-06
Initial guess for mjxkvBxZ.tree_0.Cygnus_atratus.alpha is 2.45668e-05
Initial guess for mjxkvBxZ.tree_0.Anser_cygnoides.alpha is 3.76034e-06
Initial guess for mjxkvBxZ.tree_0.Node8.alpha is 2.28088e-05
Initial guess for mjxkvBxZ.tree_0.Aythya_fuligula.alpha is 1.13571e-05
Initial guess for mjxkvBxZ.tree_0.Anas_platyrhynchos.alpha is 7.54923e-06
Optimization settings:
	OPTIMIZATION_METHOD = 4
	OPTIMIZATION_PRECISION = 0.001
	MAXIMUM_ITERATIONS_PER_VARIABLE = 5000

Initial parameter values

mjxkvBxZ.model_MGREV.theta_CG = 1
mjxkvBxZ.model_MGREV.theta_CT = 1
mjxkvBxZ.model_MGREV.theta_GT = 1
mjxkvBxZ.model_MGREV.theta_AT = 1
mjxkvBxZ.model_MGREV.theta_AC = 1
mjxkvBxZ.model_MGREV.omega_0 = 1
mjxkvBxZ.tree_0.Coturnix_japonica.alpha = 0.1
mjxkvBxZ.tree_0.Oxyura_jamaicensis.alpha = 0.000274097
mjxkvBxZ.tree_0.Cygnus_atratus.alpha = 2.45668e-05
mjxkvBxZ.tree_0.Anser_cygnoides.alpha = 3.76034e-06
mjxkvBxZ.tree_0.Node5.alpha = 9.44864e-06
mjxkvBxZ.tree_0.Node3.alpha = 0
mjxkvBxZ.tree_0.Aythya_fuligula.alpha = 1.13571e-05
mjxkvBxZ.tree_0.Anas_platyrhynchos.alpha = 7.54923e-06
mjxkvBxZ.tree_0.Node8.alpha = 2.28088e-05
mjxkvBxZ.model_MGREV.omega_1 = 1
Failing bound checks on mjxkvBxZ.tree_0.Node3.beta =         10000.76256505028
Optimization finished in 25 loop passes.
1798 likelihood evaluation calls and 8628 matrix exponentiations calls were made

Overwritten previously defined function:'mirAEzQQ.rate_generator'
Overwritten previously defined function:'mirAEzQQ.rate_generator'
Auto-benchmarked an optimal number (3) of threads.
Set GUI update interval to every 4587-th LF evaluation.
Optimization settings:
	OPTIMIZATION_METHOD = 4
	OPTIMIZATION_PRECISION = 0.001
	MAXIMUM_ITERATIONS_PER_VARIABLE = 5000

Initial parameter values

frequencies._aux.CF3x4.p0_0 = 0.284821
frequencies._aux.CF3x4.p0_1 = 0.363296
frequencies._aux.CF3x4.p0_2 = 0.628105
frequencies._aux.CF3x4.p1_0 = 0.320536
frequencies._aux.CF3x4.p1_1 = 0.284275
frequencies._aux.CF3x4.p1_2 = 0.409425
frequencies._aux.CF3x4.p2_0 = 0.223214
frequencies._aux.CF3x4.p2_1 = 0.308812
frequencies._aux.CF3x4.p2_2 = 0.513304
Optimization finished in 7 loop passes.
261 likelihood evaluation calls and 0 matrix exponentiations calls were made

Variable 'relax.test_pi' was not initialized prior to being used
Overwritten previously defined function:'mirAEzQQ.rate_generator'
Overwritten previously defined function:'mirAEzQQ.rate_generator'
Overwritten previously defined function:'mirAEzQQ.rate_generator'
Auto-benchmarked an optimal number (3) of threads.
Set GUI update interval to every 4545-th LF evaluation.
Optimization settings:
	OPTIMIZATION_METHOD = 4
	OPTIMIZATION_PRECISION = 0.001
	MAXIMUM_ITERATIONS_PER_VARIABLE = 5000

Initial parameter values

frequencies._aux.CF3x4.p0_0 = 0.284821
frequencies._aux.CF3x4.p0_1 = 0.363296
frequencies._aux.CF3x4.p0_2 = 0.628105
frequencies._aux.CF3x4.p1_0 = 0.320536
frequencies._aux.CF3x4.p1_1 = 0.284275
frequencies._aux.CF3x4.p1_2 = 0.409425
frequencies._aux.CF3x4.p2_0 = 0.223214
frequencies._aux.CF3x4.p2_1 = 0.308812
frequencies._aux.CF3x4.p2_2 = 0.513304
Optimization finished in 7 loop passes.
261 likelihood evaluation calls and 0 matrix exponentiations calls were made

Variable 'relax.reference_pi' was not initialized prior to being used
No nodel was assigned to Coturnix_japonica
No nodel was assigned to Oxyura_jamaicensis
No nodel was assigned to Cygnus_atratus
No nodel was assigned to Anser_cygnoides
No nodel was assigned to Node5
No nodel was assigned to Node3
No nodel was assigned to Aythya_fuligula
No nodel was assigned to Anas_platyrhynchos
No nodel was assigned to Node8
The tips of the tree:Qwfp_igm.tree_id_0 were matched with the species names from the data in the following numeric order (0-based) {0,2,1,3,4,5}

Pseudo-optimal path's cost 697 vs 901 for 1..k=> a 1.29268 x improvement
Partition 0 is ASSUMED to have a reversible model
relax.reference.theta_AC was already constrained in estimators.SetGlobals2
relax.reference.theta_AG was already constrained in estimators.SetGlobals2
relax.reference.theta_AT was already constrained in estimators.SetGlobals2
relax.reference.theta_CG was already constrained in estimators.SetGlobals2
relax.reference.theta_CT was already constrained in estimators.SetGlobals2
relax.reference.theta_GT was already constrained in estimators.SetGlobals2
relax.test.theta_AG was already constrained in estimators.SetGlobals2
Variable 'Qwfp_igm.tree_id_0.Coturnix_japonica.t' was not initialized prior to being used
models.generic.SetBranchLength: Qwfp_igm.tree_id_0.Coturnix_japonica.t=1.842279244404515
Variable 'Qwfp_igm.tree_id_0.Oxyura_jamaicensis.t' was not initialized prior to being used
models.generic.SetBranchLength: Qwfp_igm.tree_id_0.Oxyura_jamaicensis.t=0.1556949989068811
Variable 'Qwfp_igm.tree_id_0.Cygnus_atratus.t' was not initialized prior to being used
models.generic.SetBranchLength: Qwfp_igm.tree_id_0.Cygnus_atratus.t=0.02120355214857447
Variable 'Qwfp_igm.tree_id_0.Anser_cygnoides.t' was not initialized prior to being used
models.generic.SetBranchLength: Qwfp_igm.tree_id_0.Anser_cygnoides.t=0.06448737511737183
Variable 'Qwfp_igm.tree_id_0.Node5.t' was not initialized prior to being used
models.generic.SetBranchLength: Qwfp_igm.tree_id_0.Node5.t=0.03700093229582545
Variable 'Qwfp_igm.tree_id_0.Node3.t' was not initialized prior to being used
models.generic.SetBranchLength: Qwfp_igm.tree_id_0.Node3.t=0.04038558061117187
Variable 'Qwfp_igm.tree_id_0.Aythya_fuligula.t' was not initialized prior to being used
models.generic.SetBranchLength: Qwfp_igm.tree_id_0.Aythya_fuligula.t=0.04226582202704661
Variable 'Qwfp_igm.tree_id_0.Anas_platyrhynchos.t' was not initialized prior to being used
models.generic.SetBranchLength: Qwfp_igm.tree_id_0.Anas_platyrhynchos.t=0.06417245558735002
Variable 'Qwfp_igm.tree_id_0.Node8.t' was not initialized prior to being used
models.generic.SetBranchLength: Qwfp_igm.tree_id_0.Node8.t=0.09568645803367855
Variable 'Qwfp_igm.Qwfp_igm.likelihoodFunction' was not initialized prior to being used
Auto-benchmarked an optimal number (5) of threads.
Set GUI update interval to every 110-th LF evaluation.
Optimization settings:
	OPTIMIZATION_METHOD = 4
	OPTIMIZATION_PRECISION = 0.001
	MAXIMUM_ITERATIONS_PER_VARIABLE = 5000

Initial parameter values

relax.reference.omega3 = 7.27482
relax.reference.omega2 = 0.4601
relax.reference.bsrel_mixture_aux_0 = 0.45
relax.test.theta_GT = 0.206416
relax.reference.omega1 = 0.145496
relax.reference.bsrel_mixture_aux_1 = 0.818182
relax.test.theta_CT = 1.09945
relax.test.theta_AC = 0.0740087
relax.test.theta_AT = 0.24897
relax.test.theta_CG = 0.265097
relax.K = 1
Qwfp_igm.tree_id_0.Coturnix_japonica.t = 1.84228
Qwfp_igm.tree_id_0.Oxyura_jamaicensis.t = 0.155695
Qwfp_igm.tree_id_0.Cygnus_atratus.t = 0.0212036
Qwfp_igm.tree_id_0.Anser_cygnoides.t = 0.0644874
Qwfp_igm.tree_id_0.Node5.t = 0.0370009
Qwfp_igm.tree_id_0.Node3.t = 0.0403856
Qwfp_igm.tree_id_0.Aythya_fuligula.t = 0.0422658
Qwfp_igm.tree_id_0.Anas_platyrhynchos.t = 0.0641725
Qwfp_igm.tree_id_0.Node8.t = 0.0956865
Optimization finished in 21 loop passes.
1745 likelihood evaluation calls and 31737 matrix exponentiations calls were made

Variable 'MPI_NODE_COUNT' was not initialized prior to being used
Variable 'tyy_KCYu.Qwfp_igm.likelihoodFunction' was not initialized prior to being used
Auto-benchmarked an optimal number (5) of threads.
Set GUI update interval to every 129-th LF evaluation.
Optimization settings:
	OPTIMIZATION_METHOD = 4
	OPTIMIZATION_PRECISION = 0.001
	MAXIMUM_ITERATIONS_PER_VARIABLE = 5000

Initial parameter values

relax.reference.omega3 = 2.67976
relax.reference.omega2 = 0.313254
relax.reference.bsrel_mixture_aux_0 = 0.52194
relax.test.theta_GT = 0.20609
relax.reference.omega1 = 0.195455
relax.reference.bsrel_mixture_aux_1 = 1
relax.test.theta_CT = 1.09592
relax.test.theta_AC = 0.0738833
relax.test.theta_AT = 0.248728
relax.test.theta_CG = 0.264906
Qwfp_igm.tree_id_0.Coturnix_japonica.t = 0.761569
Qwfp_igm.tree_id_0.Oxyura_jamaicensis.t = 0.108461
Qwfp_igm.tree_id_0.Cygnus_atratus.t = 0.0147617
Qwfp_igm.tree_id_0.Anser_cygnoides.t = 0.0448501
Qwfp_igm.tree_id_0.Node5.t = 0.0257479
Qwfp_igm.tree_id_0.Node3.t = 0.0280696
Qwfp_igm.tree_id_0.Aythya_fuligula.t = 0.0294074
Qwfp_igm.tree_id_0.Anas_platyrhynchos.t = 0.0446564
Qwfp_igm.tree_id_0.Node8.t = 0.0666772
Optimization finished in 116 loop passes.
7568 likelihood evaluation calls and 154194 matrix exponentiations calls were made

Variable 'USE_JSON_FOR_MATRIX' was not initialized prior to being used