
Loaded 'libv3/all-terms.bf' from /usr/local/lib/hyphy/TemplateBatchFiles/libv3/all-terms.bf
Loaded 'libv3/UtilityFunctions.bf' from /usr/local/lib/hyphy/TemplateBatchFiles/libv3/UtilityFunctions.bf
Loaded 'IOFunctions.bf' from /usr/local/lib/hyphy/TemplateBatchFiles/libv3/IOFunctions.bf
Already loaded 'libv3/UtilityFunctions.bf' from /usr/local/lib/hyphy/TemplateBatchFiles/libv3/UtilityFunctions.bf
Loaded 'convenience/regexp.bf' from /usr/local/lib/hyphy/TemplateBatchFiles/libv3/convenience/regexp.bf
Already loaded 'libv3/all-terms.bf' from /usr/local/lib/hyphy/TemplateBatchFiles/libv3/all-terms.bf
Already loaded 'libv3/IOFunctions.bf' from /usr/local/lib/hyphy/TemplateBatchFiles/libv3/IOFunctions.bf
Loaded 'libv3/models/codon/MG_REV.bf' from /usr/local/lib/hyphy/TemplateBatchFiles/libv3/models/codon/MG_REV.bf
Loaded '../codon.bf' from /usr/local/lib/hyphy/TemplateBatchFiles/libv3/models/codon.bf
Loaded '../tasks/genetic_code.bf' from /usr/local/lib/hyphy/TemplateBatchFiles/libv3/tasks/genetic_code.bf
Loaded 'libv3/convenience/matrix.bf' from /usr/local/lib/hyphy/TemplateBatchFiles/libv3/convenience/matrix.bf
Already loaded 'libv3/UtilityFunctions.bf' from /usr/local/lib/hyphy/TemplateBatchFiles/libv3/UtilityFunctions.bf
Already loaded 'libv3/all-terms.bf' from /usr/local/lib/hyphy/TemplateBatchFiles/libv3/all-terms.bf
Already loaded '../UtilityFunctions.bf' from /usr/local/lib/hyphy/TemplateBatchFiles/libv3/UtilityFunctions.bf
Loaded '../DNA.bf' from /usr/local/lib/hyphy/TemplateBatchFiles/libv3/models/DNA.bf
Loaded 'frequencies.bf' from /usr/local/lib/hyphy/TemplateBatchFiles/libv3/models/frequencies.bf
Already loaded '../all-terms.bf' from /usr/local/lib/hyphy/TemplateBatchFiles/libv3/all-terms.bf
Loaded 'parameters.bf' from /usr/local/lib/hyphy/TemplateBatchFiles/libv3/models/parameters.bf
Loaded 'GrabBag' from /usr/local/lib/hyphy/TemplateBatchFiles/Utility/GrabBag.bf
Overwritten previously defined function:'_sortStringsAux'
Already loaded 'libv3/all-terms.bf' from /usr/local/lib/hyphy/TemplateBatchFiles/libv3/all-terms.bf
Already loaded '../UtilityFunctions.bf' from /usr/local/lib/hyphy/TemplateBatchFiles/libv3/UtilityFunctions.bf
Loaded 'model_functions.bf' from /usr/local/lib/hyphy/TemplateBatchFiles/libv3/models/model_functions.bf
Already loaded 'DNA.bf' from /usr/local/lib/hyphy/TemplateBatchFiles/libv3/models/DNA.bf
Already loaded 'parameters.bf' from /usr/local/lib/hyphy/TemplateBatchFiles/libv3/models/parameters.bf
Already loaded 'frequencies.bf' from /usr/local/lib/hyphy/TemplateBatchFiles/libv3/models/frequencies.bf
Already loaded '../UtilityFunctions.bf' from /usr/local/lib/hyphy/TemplateBatchFiles/libv3/UtilityFunctions.bf
Already loaded '../convenience/regexp.bf' from /usr/local/lib/hyphy/TemplateBatchFiles/libv3/convenience/regexp.bf
Already loaded 'libv3/all-terms.bf' from /usr/local/lib/hyphy/TemplateBatchFiles/libv3/all-terms.bf
Already loaded '../parameters.bf' from /usr/local/lib/hyphy/TemplateBatchFiles/libv3/models/parameters.bf
Already loaded '../frequencies.bf' from /usr/local/lib/hyphy/TemplateBatchFiles/libv3/models/frequencies.bf
Already loaded '../../UtilityFunctions.bf' from /usr/local/lib/hyphy/TemplateBatchFiles/libv3/UtilityFunctions.bf
Loaded 'libv3/tasks/estimators.bf' from /usr/local/lib/hyphy/TemplateBatchFiles/libv3/tasks/estimators.bf
Already loaded '../models/model_functions.bf' from /usr/local/lib/hyphy/TemplateBatchFiles/libv3/models/model_functions.bf
Loaded '../models/DNA/GTR.bf' from /usr/local/lib/hyphy/TemplateBatchFiles/libv3/models/DNA/GTR.bf
Already loaded '../DNA.bf' from /usr/local/lib/hyphy/TemplateBatchFiles/libv3/models/DNA.bf
Already loaded '../parameters.bf' from /usr/local/lib/hyphy/TemplateBatchFiles/libv3/models/parameters.bf
Already loaded '../frequencies.bf' from /usr/local/lib/hyphy/TemplateBatchFiles/libv3/models/frequencies.bf
Already loaded '../../UtilityFunctions.bf' from /usr/local/lib/hyphy/TemplateBatchFiles/libv3/UtilityFunctions.bf
Already loaded 'libv3/all-terms.bf' from /usr/local/lib/hyphy/TemplateBatchFiles/libv3/all-terms.bf
Already loaded '../convenience/regexp.bf' from /usr/local/lib/hyphy/TemplateBatchFiles/libv3/convenience/regexp.bf
Already loaded 'libv3/all-terms.bf' from /usr/local/lib/hyphy/TemplateBatchFiles/libv3/all-terms.bf
Loaded 'libv3/tasks/alignments.bf' from /usr/local/lib/hyphy/TemplateBatchFiles/libv3/tasks/alignments.bf
Already loaded '../IOFunctions.bf' from /usr/local/lib/hyphy/TemplateBatchFiles/libv3/IOFunctions.bf
Already loaded '../all-terms.bf' from /usr/local/lib/hyphy/TemplateBatchFiles/libv3/all-terms.bf
Loaded 'libv3/tasks/trees.bf' from /usr/local/lib/hyphy/TemplateBatchFiles/libv3/tasks/trees.bf
Already loaded '../IOFunctions.bf' from /usr/local/lib/hyphy/TemplateBatchFiles/libv3/IOFunctions.bf
Already loaded '../all-terms.bf' from /usr/local/lib/hyphy/TemplateBatchFiles/libv3/all-terms.bf
Already loaded '../convenience/regexp.bf' from /usr/local/lib/hyphy/TemplateBatchFiles/libv3/convenience/regexp.bf
Already loaded '../UtilityFunctions.bf' from /usr/local/lib/hyphy/TemplateBatchFiles/libv3/UtilityFunctions.bf
Loaded 'TreeTools' from /usr/local/lib/hyphy/TemplateBatchFiles/TreeTools.ibf
Loaded 'modules/io_functions.ibf' from /usr/local/lib/hyphy/TemplateBatchFiles/SelectionAnalyses/modules/io_functions.ibf
Already loaded 'libv3/UtilityFunctions.bf' from /usr/local/lib/hyphy/TemplateBatchFiles/libv3/UtilityFunctions.bf
Already loaded 'libv3/IOFunctions.bf' from /usr/local/lib/hyphy/TemplateBatchFiles/libv3/IOFunctions.bf
Already loaded 'libv3/convenience/regexp.bf' from /usr/local/lib/hyphy/TemplateBatchFiles/libv3/convenience/regexp.bf
Already loaded 'libv3/all-terms.bf' from /usr/local/lib/hyphy/TemplateBatchFiles/libv3/all-terms.bf
Loaded 'modules/selection_lib.ibf' from /usr/local/lib/hyphy/TemplateBatchFiles/SelectionAnalyses/modules/selection_lib.ibf
Loaded 'libv3/models/codon/BS_REL.bf' from /usr/local/lib/hyphy/TemplateBatchFiles/libv3/models/codon/BS_REL.bf
Already loaded '../codon.bf' from /usr/local/lib/hyphy/TemplateBatchFiles/libv3/models/codon.bf
Already loaded '../DNA.bf' from /usr/local/lib/hyphy/TemplateBatchFiles/libv3/models/DNA.bf
Already loaded '../parameters.bf' from /usr/local/lib/hyphy/TemplateBatchFiles/libv3/models/parameters.bf
Already loaded '../frequencies.bf' from /usr/local/lib/hyphy/TemplateBatchFiles/libv3/models/frequencies.bf
Already loaded '../../UtilityFunctions.bf' from /usr/local/lib/hyphy/TemplateBatchFiles/libv3/UtilityFunctions.bf
Already loaded 'MG_REV.bf' from /usr/local/lib/hyphy/TemplateBatchFiles/libv3/models/codon/MG_REV.bf
Loaded '../../convenience/math.bf' from /usr/local/lib/hyphy/TemplateBatchFiles/libv3/convenience/math.bf
Already loaded 'libv3/UtilityFunctions.bf' from /usr/local/lib/hyphy/TemplateBatchFiles/libv3/UtilityFunctions.bf
Already loaded 'libv3/convenience/math.bf' from /usr/local/lib/hyphy/TemplateBatchFiles/libv3/convenience/math.bf
Loaded 'libv3/tasks/mpi.bf' from /usr/local/lib/hyphy/TemplateBatchFiles/libv3/tasks/mpi.bf
Already loaded '../all-terms.bf' from /usr/local/lib/hyphy/TemplateBatchFiles/libv3/all-terms.bf
Already loaded '../models/parameters.bf' from /usr/local/lib/hyphy/TemplateBatchFiles/libv3/models/parameters.bf
Variable 'NORMALIZE_SEQUENCE_NAMES' was not initialized prior to being used
Variable 'ASSUME_REVERSIBLE_MODELS' was not initialized prior to being used
Loaded 'modules/shared-load-file.bf' from /usr/local/lib/hyphy/TemplateBatchFiles/SelectionAnalyses/modules/shared-load-file.bf
Variable 'MARKDOWN_OUTPUT' was not initialized prior to being used
Already loaded 'libv3/convenience/matrix.bf' from /usr/local/lib/hyphy/TemplateBatchFiles/libv3/convenience/matrix.bf
Already loaded 'libv3/UtilityFunctions.bf' from /usr/local/lib/hyphy/TemplateBatchFiles/libv3/UtilityFunctions.bf
Variable 'noplhUrX.skipCodeSelectionStep' was not initialized prior to being used
Row and/or column partition is empty. All the data will be used by default.
Variable 'NEXUS_FILE_TREE_MATRIX' was not initialized prior to being used
Variable 'utility.ToggleEnvVariable.cache' was not initialized prior to being used
Variable 'TREE_NODE_NAME_MAPPING' was not initialized prior to being used
Variable 'IDUdDdoF.PROMPT_FOR_FILE' was not initialized prior to being used
Variable 'END_OF_FILE' was not initialized prior to being used
Variable '_DO_TREE_REBALANCE_' was not initialized prior to being used
Variable '_KEEP_I_LABELS_' was not initialized prior to being used
Rooted topology. Removing one branch - the right root child has been promoted to be the new root
Variable 'INCLUDE_MODEL_SPECS' was not initialized prior to being used
Variable 'utility.ForEachPair.warn_non_rentrant' was not initialized prior to being used
Row and/or column partition is empty. All the data will be used by default.
Row and/or column partition is empty. All the data will be used by default.
Loaded 'modules/grid_compute.ibf' from /usr/local/lib/hyphy/TemplateBatchFiles/SelectionAnalyses/modules/grid_compute.ibf
Variable 'KkEGdAMm.cache' was not initialized prior to being used
Row and/or column partition is empty. All the data will be used by default.
Variable 'COUNT_GAPS_IN_FREQUENCIES' was not initialized prior to being used
Variable 'NpkhOwKL.model_pi' was not initialized prior to being used
Model NpkhOwKL.model assigned to Pavo_cristatus
Model NpkhOwKL.model assigned to Oxyura_jamaicensis
Model NpkhOwKL.model assigned to Cygnus_atratus
Model NpkhOwKL.model assigned to Anser_cygnoides
Model NpkhOwKL.model assigned to Node5
Model NpkhOwKL.model assigned to Node3
Model NpkhOwKL.model assigned to Aythya_fuligula
Model NpkhOwKL.model assigned to Anas_platyrhynchos
Model NpkhOwKL.model assigned to Node8
The tips of the tree:NpkhOwKL.tree_0 were matched with the species names from the data in the following numeric order (0-based) {0,2,1,3,4,5}

Pseudo-optimal path's cost 184 vs 266 for 1..k=> a 1.44565 x improvement
Partition 0 is ASSUMED to have a reversible model
Variable 'USE_LAST_RESULTS' was not initialized prior to being used
Variable 'NpkhOwKL.tree_0.Pavo_cristatus.t' was not initialized prior to being used
models.generic.SetBranchLength: NpkhOwKL.tree_0.Pavo_cristatus.t=213.0323719327881
Variable 'NpkhOwKL.tree_0.Oxyura_jamaicensis.t' was not initialized prior to being used
models.generic.SetBranchLength: NpkhOwKL.tree_0.Oxyura_jamaicensis.t=75.1268697819597
Variable 'NpkhOwKL.tree_0.Cygnus_atratus.t' was not initialized prior to being used
models.generic.SetBranchLength: NpkhOwKL.tree_0.Cygnus_atratus.t=54.02999303262146
Variable 'NpkhOwKL.tree_0.Anser_cygnoides.t' was not initialized prior to being used
models.generic.SetBranchLength: NpkhOwKL.tree_0.Anser_cygnoides.t=54.02999303262146
Variable 'NpkhOwKL.tree_0.Node5.t' was not initialized prior to being used
models.generic.SetBranchLength: NpkhOwKL.tree_0.Node5.t=21.09687674933823
Variable 'NpkhOwKL.tree_0.Node3.t' was not initialized prior to being used
models.generic.SetBranchLength: NpkhOwKL.tree_0.Node3.t=5.680777095842087
Variable 'NpkhOwKL.tree_0.Aythya_fuligula.t' was not initialized prior to being used
models.generic.SetBranchLength: NpkhOwKL.tree_0.Aythya_fuligula.t=41.19155796179533
Variable 'NpkhOwKL.tree_0.Anas_platyrhynchos.t' was not initialized prior to being used
models.generic.SetBranchLength: NpkhOwKL.tree_0.Anas_platyrhynchos.t=41.19155796179533
Variable 'NpkhOwKL.tree_0.Node8.t' was not initialized prior to being used
models.generic.SetBranchLength: NpkhOwKL.tree_0.Node8.t=39.61608894265034
Variable 'NpkhOwKL.NpkhOwKL.likelihoodFunction' was not initialized prior to being used
Variable 'SAVE_OPT_STATUS_TO' was not initialized prior to being used
Auto-benchmarked an optimal number (1) of threads.
Set GUI update interval to every 6756-th LF evaluation.
Optimization settings:
	OPTIMIZATION_METHOD = 4
	OPTIMIZATION_PRECISION = 0.001
	MAXIMUM_ITERATIONS_PER_VARIABLE = 5000

Initial parameter values

NpkhOwKL.model.theta_CT = 1
NpkhOwKL.model.theta_GT = 0.25
NpkhOwKL.model.theta_CG = 0.25
NpkhOwKL.model.theta_AC = 0.25
NpkhOwKL.model.theta_AT = 0.25
NpkhOwKL.tree_0.Pavo_cristatus.t = 213.032
NpkhOwKL.tree_0.Oxyura_jamaicensis.t = 75.1269
NpkhOwKL.tree_0.Cygnus_atratus.t = 54.03
NpkhOwKL.tree_0.Anser_cygnoides.t = 54.03
NpkhOwKL.tree_0.Node5.t = 21.0969
NpkhOwKL.tree_0.Node3.t = 5.68078
NpkhOwKL.tree_0.Aythya_fuligula.t = 41.1916
NpkhOwKL.tree_0.Anas_platyrhynchos.t = 41.1916
NpkhOwKL.tree_0.Node8.t = 39.6161
Site 26 evaluated to a 0 probability in ComputeTreeBlockByBranch
Site 18 evaluated to a 0 probability in ComputeLLWithBranchCache
Optimization finished in 31 loop passes.
1600 likelihood evaluation calls and 8462 matrix exponentiations calls were made

Variable 'BRANCH_LENGTH_STENCIL' was not initialized prior to being used
Variable 'NpkhOwKL.option' was not initialized prior to being used
Variable 'relax.terms.json.nucleotide_gtr' was not initialized prior to being used
Variable 'Unknown' was not initialized prior to being used
Variable 'HOSaKpqZ.initial_value' was not initialized prior to being used
Variable 'ZxtfHgpc.data_filter' was not initialized prior to being used
Row and/or column partition is empty. All the data will be used by default.
Auto-benchmarked an optimal number (4) of threads.
Set GUI update interval to every 3030-th LF evaluation.
Optimization settings:
	OPTIMIZATION_METHOD = 4
	OPTIMIZATION_PRECISION = 0.001
	MAXIMUM_ITERATIONS_PER_VARIABLE = 5000

Initial parameter values

frequencies._aux.CF3x4.p0_0 = 0.277278
frequencies._aux.CF3x4.p0_1 = 0.360431
frequencies._aux.CF3x4.p0_2 = 0.638781
frequencies._aux.CF3x4.p1_0 = 0.315348
frequencies._aux.CF3x4.p1_1 = 0.276708
frequencies._aux.CF3x4.p1_2 = 0.416465
frequencies._aux.CF3x4.p2_0 = 0.225719
frequencies._aux.CF3x4.p2_1 = 0.31475
frequencies._aux.CF3x4.p2_2 = 0.511299
Optimization finished in 6 loop passes.
182 likelihood evaluation calls and 0 matrix exponentiations calls were made

Variable 'ZxtfHgpc.model_MGREV_pi' was not initialized prior to being used
Model ZxtfHgpc.model_MGREV assigned to Pavo_cristatus
Model ZxtfHgpc.model_MGREV assigned to Oxyura_jamaicensis
Model ZxtfHgpc.model_MGREV assigned to Cygnus_atratus
Model ZxtfHgpc.model_MGREV assigned to Anser_cygnoides
Model ZxtfHgpc.model_MGREV assigned to Node5
Model ZxtfHgpc.model_MGREV assigned to Node3
Model ZxtfHgpc.model_MGREV assigned to Aythya_fuligula
Model ZxtfHgpc.model_MGREV assigned to Anas_platyrhynchos
Model ZxtfHgpc.model_MGREV assigned to Node8
The tips of the tree:ZxtfHgpc.tree_0 were matched with the species names from the data in the following numeric order (0-based) {0,2,1,3,4,5}

Pseudo-optimal path's cost 679 vs 877 for 1..k=> a 1.29161 x improvement
Partition 0 is ASSUMED to have a reversible model
Variable 'ZxtfHgpc.ZxtfHgpc.likelihoodFunction' was not initialized prior to being used
Variable 'ZxtfHgpc.tree_0.Pavo_cristatus.alpha' was not initialized prior to being used
Variable 'ZxtfHgpc.tree_0.Oxyura_jamaicensis.alpha' was not initialized prior to being used
Variable 'ZxtfHgpc.tree_0.Cygnus_atratus.alpha' was not initialized prior to being used
Variable 'ZxtfHgpc.tree_0.Anser_cygnoides.alpha' was not initialized prior to being used
Variable 'ZxtfHgpc.tree_0.Node5.alpha' was not initialized prior to being used
Variable 'ZxtfHgpc.tree_0.Node3.alpha' was not initialized prior to being used
Variable 'ZxtfHgpc.tree_0.Aythya_fuligula.alpha' was not initialized prior to being used
Variable 'ZxtfHgpc.tree_0.Anas_platyrhynchos.alpha' was not initialized prior to being used
Variable 'ZxtfHgpc.tree_0.Node8.alpha' was not initialized prior to being used
Site 21 evaluated to a 0 probability in ComputeTreeBlockByBranch
Site 81 evaluated to a 0 probability in ComputeTreeBlockByBranch
Site 21 evaluated to a 0 probability in ComputeTreeBlockByBranch
Auto-benchmarked an optimal number (1) of threads.
Set GUI update interval to every 323-th LF evaluation.
Initial guess for ZxtfHgpc.tree_0.Node3.alpha is -3.39581e-06
Initial guess for ZxtfHgpc.tree_0.Oxyura_jamaicensis.alpha is 0.00020998
Initial guess for ZxtfHgpc.tree_0.Node5.alpha is 7.97146e-06
Initial guess for ZxtfHgpc.tree_0.Cygnus_atratus.alpha is 2.65352e-05
Initial guess for ZxtfHgpc.tree_0.Anser_cygnoides.alpha is 3.33996e-06
Initial guess for ZxtfHgpc.tree_0.Node8.alpha is 2.62998e-05
Initial guess for ZxtfHgpc.tree_0.Aythya_fuligula.alpha is 1.19958e-05
Initial guess for ZxtfHgpc.tree_0.Anas_platyrhynchos.alpha is 7.66293e-06
Optimization settings:
	OPTIMIZATION_METHOD = 4
	OPTIMIZATION_PRECISION = 0.001
	MAXIMUM_ITERATIONS_PER_VARIABLE = 5000

Initial parameter values

ZxtfHgpc.model_MGREV.theta_GT = 1
ZxtfHgpc.model_MGREV.theta_CT = 1
ZxtfHgpc.model_MGREV.theta_AC = 1
ZxtfHgpc.model_MGREV.theta_CG = 1
ZxtfHgpc.model_MGREV.theta_AT = 1
ZxtfHgpc.model_MGREV.omega_0 = 1
ZxtfHgpc.tree_0.Pavo_cristatus.alpha = 0.1
ZxtfHgpc.tree_0.Oxyura_jamaicensis.alpha = 0.00020998
ZxtfHgpc.tree_0.Cygnus_atratus.alpha = 2.65352e-05
ZxtfHgpc.tree_0.Anser_cygnoides.alpha = 3.33996e-06
ZxtfHgpc.tree_0.Node5.alpha = 7.97146e-06
ZxtfHgpc.tree_0.Node3.alpha = 0
ZxtfHgpc.tree_0.Aythya_fuligula.alpha = 1.19958e-05
ZxtfHgpc.tree_0.Anas_platyrhynchos.alpha = 7.66293e-06
ZxtfHgpc.tree_0.Node8.alpha = 2.62998e-05
ZxtfHgpc.model_MGREV.omega_1 = 1
Failing bound checks on ZxtfHgpc.tree_0.Node3.beta =         10001.68802555102
Optimization finished in 23 loop passes.
1771 likelihood evaluation calls and 8073 matrix exponentiations calls were made

Row and/or column partition is empty. All the data will be used by default.
Auto-benchmarked an optimal number (1) of threads.
Set GUI update interval to every 3205-th LF evaluation.
Optimization settings:
	OPTIMIZATION_METHOD = 4
	OPTIMIZATION_PRECISION = 0.001
	MAXIMUM_ITERATIONS_PER_VARIABLE = 5000

Initial parameter values

frequencies._aux.CF3x4.p0_0 = 0.277278
frequencies._aux.CF3x4.p0_1 = 0.360431
frequencies._aux.CF3x4.p0_2 = 0.638781
frequencies._aux.CF3x4.p1_0 = 0.315348
frequencies._aux.CF3x4.p1_1 = 0.276708
frequencies._aux.CF3x4.p1_2 = 0.416465
frequencies._aux.CF3x4.p2_0 = 0.225719
frequencies._aux.CF3x4.p2_1 = 0.31475
frequencies._aux.CF3x4.p2_2 = 0.511299
Optimization finished in 6 loop passes.
179 likelihood evaluation calls and 0 matrix exponentiations calls were made

Variable 'ZxtfHgpc.model_MGREV_pi' was not initialized prior to being used
Model ZxtfHgpc.model_MGREV assigned to Pavo_cristatus
Model ZxtfHgpc.model_MGREV assigned to Oxyura_jamaicensis
Model ZxtfHgpc.model_MGREV assigned to Cygnus_atratus
Model ZxtfHgpc.model_MGREV assigned to Anser_cygnoides
Model ZxtfHgpc.model_MGREV assigned to Node5
Model ZxtfHgpc.model_MGREV assigned to Node3
Model ZxtfHgpc.model_MGREV assigned to Aythya_fuligula
Model ZxtfHgpc.model_MGREV assigned to Anas_platyrhynchos
Model ZxtfHgpc.model_MGREV assigned to Node8
The tips of the tree:ZxtfHgpc.tree_0 were matched with the species names from the data in the following numeric order (0-based) {0,2,1,3,4,5}

Pseudo-optimal path's cost 679 vs 877 for 1..k=> a 1.29161 x improvement
Partition 0 is ASSUMED to have a reversible model
Variable 'ZxtfHgpc.tree_0.Aythya_fuligula.alpha' was not initialized prior to being used
Variable 'ZxtfHgpc.tree_0.Node3.alpha' was not initialized prior to being used
Variable 'ZxtfHgpc.tree_0.Anas_platyrhynchos.alpha' was not initialized prior to being used
Variable 'ZxtfHgpc.tree_0.Pavo_cristatus.alpha' was not initialized prior to being used
Variable 'ZxtfHgpc.tree_0.Node5.alpha' was not initialized prior to being used
Variable 'ZxtfHgpc.tree_0.Anser_cygnoides.alpha' was not initialized prior to being used
Variable 'ZxtfHgpc.tree_0.Oxyura_jamaicensis.alpha' was not initialized prior to being used
Variable 'ZxtfHgpc.tree_0.Cygnus_atratus.alpha' was not initialized prior to being used
Variable 'ZxtfHgpc.tree_0.Node8.alpha' was not initialized prior to being used
Site 21 evaluated to a 0 probability in ComputeTreeBlockByBranch
Site 81 evaluated to a 0 probability in ComputeTreeBlockByBranch
Site 21 evaluated to a 0 probability in ComputeTreeBlockByBranch
Site 91 evaluated to a 0 probability in ComputeTreeBlockByBranch
Site 40 evaluated to a 0 probability in ComputeTreeBlockByBranch
Site 21 evaluated to a 0 probability in ComputeTreeBlockByBranch
Auto-benchmarked an optimal number (2) of threads.
Set GUI update interval to every 709-th LF evaluation.
Initial guess for ZxtfHgpc.tree_0.Node3.alpha is -3.39581e-06
Initial guess for ZxtfHgpc.tree_0.Oxyura_jamaicensis.alpha is 0.00020998
Initial guess for ZxtfHgpc.tree_0.Node5.alpha is 7.97146e-06
Initial guess for ZxtfHgpc.tree_0.Cygnus_atratus.alpha is 2.65352e-05
Initial guess for ZxtfHgpc.tree_0.Anser_cygnoides.alpha is 3.33996e-06
Initial guess for ZxtfHgpc.tree_0.Node8.alpha is 2.62998e-05
Initial guess for ZxtfHgpc.tree_0.Aythya_fuligula.alpha is 1.19958e-05
Initial guess for ZxtfHgpc.tree_0.Anas_platyrhynchos.alpha is 7.66293e-06
Optimization settings:
	OPTIMIZATION_METHOD = 4
	OPTIMIZATION_PRECISION = 0.001
	MAXIMUM_ITERATIONS_PER_VARIABLE = 5000

Initial parameter values

ZxtfHgpc.model_MGREV.theta_CG = 1
ZxtfHgpc.model_MGREV.theta_AT = 1
ZxtfHgpc.model_MGREV.theta_AC = 1
ZxtfHgpc.model_MGREV.theta_CT = 1
ZxtfHgpc.model_MGREV.theta_GT = 1
ZxtfHgpc.model_MGREV.omega_0 = 1
ZxtfHgpc.tree_0.Pavo_cristatus.alpha = 0.1
ZxtfHgpc.tree_0.Oxyura_jamaicensis.alpha = 0.00020998
ZxtfHgpc.tree_0.Cygnus_atratus.alpha = 2.65352e-05
ZxtfHgpc.tree_0.Anser_cygnoides.alpha = 3.33996e-06
ZxtfHgpc.tree_0.Node5.alpha = 7.97146e-06
ZxtfHgpc.tree_0.Node3.alpha = 0
ZxtfHgpc.tree_0.Aythya_fuligula.alpha = 1.19958e-05
ZxtfHgpc.tree_0.Anas_platyrhynchos.alpha = 7.66293e-06
ZxtfHgpc.tree_0.Node8.alpha = 2.62998e-05
ZxtfHgpc.model_MGREV.omega_1 = 1
Failing bound checks on ZxtfHgpc.tree_0.Node3.beta =         10001.68802555102
Optimization finished in 24 loop passes.
1366 likelihood evaluation calls and 6626 matrix exponentiations calls were made

Overwritten previously defined function:'iZlAjKKD.rate_generator'
Overwritten previously defined function:'iZlAjKKD.rate_generator'
Auto-benchmarked an optimal number (3) of threads.
Set GUI update interval to every 4132-th LF evaluation.
Optimization settings:
	OPTIMIZATION_METHOD = 4
	OPTIMIZATION_PRECISION = 0.001
	MAXIMUM_ITERATIONS_PER_VARIABLE = 5000

Initial parameter values

frequencies._aux.CF3x4.p0_0 = 0.277278
frequencies._aux.CF3x4.p0_1 = 0.360431
frequencies._aux.CF3x4.p0_2 = 0.638781
frequencies._aux.CF3x4.p1_0 = 0.315348
frequencies._aux.CF3x4.p1_1 = 0.276708
frequencies._aux.CF3x4.p1_2 = 0.416465
frequencies._aux.CF3x4.p2_0 = 0.225719
frequencies._aux.CF3x4.p2_1 = 0.31475
frequencies._aux.CF3x4.p2_2 = 0.511299
Optimization finished in 6 loop passes.
181 likelihood evaluation calls and 0 matrix exponentiations calls were made

Variable 'relax.test_pi' was not initialized prior to being used
Overwritten previously defined function:'iZlAjKKD.rate_generator'
Overwritten previously defined function:'iZlAjKKD.rate_generator'
Overwritten previously defined function:'iZlAjKKD.rate_generator'
Auto-benchmarked an optimal number (1) of threads.
Set GUI update interval to every 2906-th LF evaluation.
Optimization settings:
	OPTIMIZATION_METHOD = 4
	OPTIMIZATION_PRECISION = 0.001
	MAXIMUM_ITERATIONS_PER_VARIABLE = 5000

Initial parameter values

frequencies._aux.CF3x4.p0_0 = 0.277278
frequencies._aux.CF3x4.p0_1 = 0.360431
frequencies._aux.CF3x4.p0_2 = 0.638781
frequencies._aux.CF3x4.p1_0 = 0.315348
frequencies._aux.CF3x4.p1_1 = 0.276708
frequencies._aux.CF3x4.p1_2 = 0.416465
frequencies._aux.CF3x4.p2_0 = 0.225719
frequencies._aux.CF3x4.p2_1 = 0.31475
frequencies._aux.CF3x4.p2_2 = 0.511299
Optimization finished in 6 loop passes.
179 likelihood evaluation calls and 0 matrix exponentiations calls were made

Variable 'relax.reference_pi' was not initialized prior to being used
No nodel was assigned to Pavo_cristatus
No nodel was assigned to Oxyura_jamaicensis
No nodel was assigned to Cygnus_atratus
No nodel was assigned to Anser_cygnoides
No nodel was assigned to Node5
No nodel was assigned to Node3
No nodel was assigned to Aythya_fuligula
No nodel was assigned to Anas_platyrhynchos
No nodel was assigned to Node8
The tips of the tree:MqICobGF.tree_id_0 were matched with the species names from the data in the following numeric order (0-based) {0,2,1,3,4,5}

Pseudo-optimal path's cost 679 vs 877 for 1..k=> a 1.29161 x improvement
Partition 0 is ASSUMED to have a reversible model
relax.reference.theta_AC was already constrained in estimators.SetGlobals2
relax.reference.theta_AG was already constrained in estimators.SetGlobals2
relax.reference.theta_AT was already constrained in estimators.SetGlobals2
relax.reference.theta_CG was already constrained in estimators.SetGlobals2
relax.reference.theta_CT was already constrained in estimators.SetGlobals2
relax.reference.theta_GT was already constrained in estimators.SetGlobals2
relax.test.theta_AG was already constrained in estimators.SetGlobals2
Variable 'MqICobGF.tree_id_0.Pavo_cristatus.t' was not initialized prior to being used
models.generic.SetBranchLength: MqICobGF.tree_id_0.Pavo_cristatus.t=1.215047298805328
Variable 'MqICobGF.tree_id_0.Oxyura_jamaicensis.t' was not initialized prior to being used
models.generic.SetBranchLength: MqICobGF.tree_id_0.Oxyura_jamaicensis.t=0.1419557312171916
Variable 'MqICobGF.tree_id_0.Cygnus_atratus.t' was not initialized prior to being used
models.generic.SetBranchLength: MqICobGF.tree_id_0.Cygnus_atratus.t=0.01913994789871844
Variable 'MqICobGF.tree_id_0.Anser_cygnoides.t' was not initialized prior to being used
models.generic.SetBranchLength: MqICobGF.tree_id_0.Anser_cygnoides.t=0.05841137709910688
Variable 'MqICobGF.tree_id_0.Node5.t' was not initialized prior to being used
models.generic.SetBranchLength: MqICobGF.tree_id_0.Node5.t=0.03150309241422292
Variable 'MqICobGF.tree_id_0.Node3.t' was not initialized prior to being used
models.generic.SetBranchLength: MqICobGF.tree_id_0.Node3.t=0.01891285002161259
Variable 'MqICobGF.tree_id_0.Aythya_fuligula.t' was not initialized prior to being used
models.generic.SetBranchLength: MqICobGF.tree_id_0.Aythya_fuligula.t=0.03812149142284493
Variable 'MqICobGF.tree_id_0.Anas_platyrhynchos.t' was not initialized prior to being used
models.generic.SetBranchLength: MqICobGF.tree_id_0.Anas_platyrhynchos.t=0.05782401767399883
Variable 'MqICobGF.tree_id_0.Node8.t' was not initialized prior to being used
models.generic.SetBranchLength: MqICobGF.tree_id_0.Node8.t=0.1061036589418932
Variable 'MqICobGF.MqICobGF.likelihoodFunction' was not initialized prior to being used
Auto-benchmarked an optimal number (2) of threads.
Set GUI update interval to every 50-th LF evaluation.
Optimization settings:
	OPTIMIZATION_METHOD = 4
	OPTIMIZATION_PRECISION = 0.001
	MAXIMUM_ITERATIONS_PER_VARIABLE = 5000

Initial parameter values

relax.reference.omega3 = 7.27482
relax.reference.omega2 = 0.4601
relax.reference.bsrel_mixture_aux_0 = 0.45
relax.test.theta_GT = 0.293932
relax.reference.omega1 = 0.145496
relax.reference.bsrel_mixture_aux_1 = 0.818182
relax.test.theta_CT = 1.19487
relax.test.theta_AC = 0.0728779
relax.test.theta_AT = 0.283228
relax.test.theta_CG = 0.376124
relax.K = 1
MqICobGF.tree_id_0.Pavo_cristatus.t = 1.21505
MqICobGF.tree_id_0.Oxyura_jamaicensis.t = 0.141956
MqICobGF.tree_id_0.Cygnus_atratus.t = 0.0191399
MqICobGF.tree_id_0.Anser_cygnoides.t = 0.0584114
MqICobGF.tree_id_0.Node5.t = 0.0315031
MqICobGF.tree_id_0.Node3.t = 0.0189129
MqICobGF.tree_id_0.Aythya_fuligula.t = 0.0381215
MqICobGF.tree_id_0.Anas_platyrhynchos.t = 0.057824
MqICobGF.tree_id_0.Node8.t = 0.106104
Optimization finished in 52 loop passes.
5138 likelihood evaluation calls and 88086 matrix exponentiations calls were made

Variable 'MPI_NODE_COUNT' was not initialized prior to being used
No nodel was assigned to Pavo_cristatus
No nodel was assigned to Oxyura_jamaicensis
No nodel was assigned to Cygnus_atratus
No nodel was assigned to Anser_cygnoides
No nodel was assigned to Node5
No nodel was assigned to Node3
No nodel was assigned to Aythya_fuligula
No nodel was assigned to Anas_platyrhynchos
No nodel was assigned to Node8
Likelihood function cleared because partition index '0' points to invalid components
The tips of the tree:MqICobGF.tree_id_0 were matched with the species names from the data in the following numeric order (0-based) {0,2,1,3,4,5}

Pseudo-optimal path's cost 679 vs 877 for 1..k=> a 1.29161 x improvement
Partition 0 is ASSUMED to have a reversible model
relax.reference.theta_AC was already constrained in estimators.SetGlobals2
relax.reference.theta_AG was already constrained in estimators.SetGlobals2
relax.reference.theta_AT was already constrained in estimators.SetGlobals2
relax.reference.theta_CG was already constrained in estimators.SetGlobals2
relax.reference.theta_CT was already constrained in estimators.SetGlobals2
relax.reference.theta_GT was already constrained in estimators.SetGlobals2
relax.test.bsrel_mixture_aux_0 was already constrained in estimators.SetGlobals2
relax.test.bsrel_mixture_aux_1 was already constrained in estimators.SetGlobals2
relax.test.theta_AG was already constrained in estimators.SetGlobals2
relax.test.omega1 was already constrained in estimators.SetGlobals2
relax.test.omega2 was already constrained in estimators.SetGlobals2
relax.test.omega3 was already constrained in estimators.SetGlobals2
Variable 'MqICobGF.tree_id_0.Pavo_cristatus.t' was not initialized prior to being used
models.generic.SetBranchLength: MqICobGF.tree_id_0.Pavo_cristatus.t=2.809005205845669
Variable 'MqICobGF.tree_id_0.Oxyura_jamaicensis.t' was not initialized prior to being used
models.generic.SetBranchLength: MqICobGF.tree_id_0.Oxyura_jamaicensis.t=0.2909091054326388
Variable 'MqICobGF.tree_id_0.Cygnus_atratus.t' was not initialized prior to being used
models.generic.SetBranchLength: MqICobGF.tree_id_0.Cygnus_atratus.t=0.03863676676571258
Variable 'MqICobGF.tree_id_0.Anser_cygnoides.t' was not initialized prior to being used
models.generic.SetBranchLength: MqICobGF.tree_id_0.Anser_cygnoides.t=0.1157134710967237
Variable 'MqICobGF.tree_id_0.Node5.t' was not initialized prior to being used
models.generic.SetBranchLength: MqICobGF.tree_id_0.Node5.t=0.06424634133705677
Variable 'MqICobGF.tree_id_0.Node3.t' was not initialized prior to being used
models.generic.SetBranchLength: MqICobGF.tree_id_0.Node3.t=0.04058266232215599
Variable 'MqICobGF.tree_id_0.Aythya_fuligula.t' was not initialized prior to being used
models.generic.SetBranchLength: MqICobGF.tree_id_0.Aythya_fuligula.t=0.07677611231193586
Variable 'MqICobGF.tree_id_0.Anas_platyrhynchos.t' was not initialized prior to being used
models.generic.SetBranchLength: MqICobGF.tree_id_0.Anas_platyrhynchos.t=0.115830867086307
Variable 'MqICobGF.tree_id_0.Node8.t' was not initialized prior to being used
models.generic.SetBranchLength: MqICobGF.tree_id_0.Node8.t=0.212560553258439
Auto-benchmarked an optimal number (2) of threads.
Set GUI update interval to every 7-th LF evaluation.
Optimization settings:
	OPTIMIZATION_METHOD = 4
	OPTIMIZATION_PRECISION = 0.001
	MAXIMUM_ITERATIONS_PER_VARIABLE = 5000

Initial parameter values

relax.reference.omega3 = 1.08048
relax.reference.omega2 = 0
relax.reference.bsrel_mixture_aux_0 = 0.431116
relax.test.theta_GT = 0.27211
relax.reference.omega1 = 0
relax.reference.bsrel_mixture_aux_1 = 0.486264
relax.test.theta_CT = 1.16808
relax.test.theta_AC = 0.0703322
relax.test.theta_AT = 0.247585
relax.test.theta_CG = 0.298443
relax.K = 1
MqICobGF.tree_id_0.Pavo_cristatus.t = 2.80901
MqICobGF.tree_id_0.Oxyura_jamaicensis.t = 0.290909
MqICobGF.tree_id_0.Cygnus_atratus.t = 0.0386368
MqICobGF.tree_id_0.Anser_cygnoides.t = 0.115713
MqICobGF.tree_id_0.Node5.t = 0.0642463
MqICobGF.tree_id_0.Node3.t = 0.0405827
MqICobGF.tree_id_0.Aythya_fuligula.t = 0.0767761
MqICobGF.tree_id_0.Anas_platyrhynchos.t = 0.115831
MqICobGF.tree_id_0.Node8.t = 0.212561
Optimization finished in 21 loop passes.
1844 likelihood evaluation calls and 33513 matrix exponentiations calls were made

Variable 'dDcLPLci.MqICobGF.likelihoodFunction' was not initialized prior to being used
Auto-benchmarked an optimal number (2) of threads.
Set GUI update interval to every 23-th LF evaluation.
Optimization settings:
	OPTIMIZATION_METHOD = 4
	OPTIMIZATION_PRECISION = 0.001
	MAXIMUM_ITERATIONS_PER_VARIABLE = 5000

Initial parameter values

relax.reference.omega3 = 1.50037
relax.reference.omega2 = 0
relax.reference.bsrel_mixture_aux_0 = 0.375747
relax.test.theta_GT = 0.27983
relax.reference.omega1 = 0
relax.reference.bsrel_mixture_aux_1 = 0.489576
relax.test.theta_CT = 1.16615
relax.test.theta_AC = 0.0705235
relax.test.theta_AT = 0.260276
relax.test.theta_CG = 0.325053
MqICobGF.tree_id_0.Pavo_cristatus.t = 0.719018
MqICobGF.tree_id_0.Oxyura_jamaicensis.t = 0.0780758
MqICobGF.tree_id_0.Cygnus_atratus.t = 0.0104465
MqICobGF.tree_id_0.Anser_cygnoides.t = 0.0312575
MqICobGF.tree_id_0.Node5.t = 0.0185419
MqICobGF.tree_id_0.Node3.t = 0.0113377
MqICobGF.tree_id_0.Aythya_fuligula.t = 0.0207961
MqICobGF.tree_id_0.Anas_platyrhynchos.t = 0.0313659
MqICobGF.tree_id_0.Node8.t = 0.05581
Optimization finished in 3 loop passes.
205 likelihood evaluation calls and 4074 matrix exponentiations calls were made

Variable 'USE_JSON_FOR_MATRIX' was not initialized prior to being used