
Loaded 'libv3/all-terms.bf' from /usr/local/lib/hyphy/TemplateBatchFiles/libv3/all-terms.bf
Loaded 'libv3/UtilityFunctions.bf' from /usr/local/lib/hyphy/TemplateBatchFiles/libv3/UtilityFunctions.bf
Loaded 'IOFunctions.bf' from /usr/local/lib/hyphy/TemplateBatchFiles/libv3/IOFunctions.bf
Already loaded 'libv3/UtilityFunctions.bf' from /usr/local/lib/hyphy/TemplateBatchFiles/libv3/UtilityFunctions.bf
Loaded 'convenience/regexp.bf' from /usr/local/lib/hyphy/TemplateBatchFiles/libv3/convenience/regexp.bf
Already loaded 'libv3/all-terms.bf' from /usr/local/lib/hyphy/TemplateBatchFiles/libv3/all-terms.bf
Already loaded 'libv3/IOFunctions.bf' from /usr/local/lib/hyphy/TemplateBatchFiles/libv3/IOFunctions.bf
Loaded 'libv3/models/codon/MG_REV.bf' from /usr/local/lib/hyphy/TemplateBatchFiles/libv3/models/codon/MG_REV.bf
Loaded '../codon.bf' from /usr/local/lib/hyphy/TemplateBatchFiles/libv3/models/codon.bf
Loaded '../tasks/genetic_code.bf' from /usr/local/lib/hyphy/TemplateBatchFiles/libv3/tasks/genetic_code.bf
Loaded 'libv3/convenience/matrix.bf' from /usr/local/lib/hyphy/TemplateBatchFiles/libv3/convenience/matrix.bf
Already loaded 'libv3/UtilityFunctions.bf' from /usr/local/lib/hyphy/TemplateBatchFiles/libv3/UtilityFunctions.bf
Already loaded 'libv3/all-terms.bf' from /usr/local/lib/hyphy/TemplateBatchFiles/libv3/all-terms.bf
Already loaded '../UtilityFunctions.bf' from /usr/local/lib/hyphy/TemplateBatchFiles/libv3/UtilityFunctions.bf
Loaded '../DNA.bf' from /usr/local/lib/hyphy/TemplateBatchFiles/libv3/models/DNA.bf
Loaded 'frequencies.bf' from /usr/local/lib/hyphy/TemplateBatchFiles/libv3/models/frequencies.bf
Already loaded '../all-terms.bf' from /usr/local/lib/hyphy/TemplateBatchFiles/libv3/all-terms.bf
Loaded 'parameters.bf' from /usr/local/lib/hyphy/TemplateBatchFiles/libv3/models/parameters.bf
Loaded 'GrabBag' from /usr/local/lib/hyphy/TemplateBatchFiles/Utility/GrabBag.bf
Overwritten previously defined function:'_sortStringsAux'
Already loaded 'libv3/all-terms.bf' from /usr/local/lib/hyphy/TemplateBatchFiles/libv3/all-terms.bf
Already loaded '../UtilityFunctions.bf' from /usr/local/lib/hyphy/TemplateBatchFiles/libv3/UtilityFunctions.bf
Loaded 'model_functions.bf' from /usr/local/lib/hyphy/TemplateBatchFiles/libv3/models/model_functions.bf
Already loaded 'DNA.bf' from /usr/local/lib/hyphy/TemplateBatchFiles/libv3/models/DNA.bf
Already loaded 'parameters.bf' from /usr/local/lib/hyphy/TemplateBatchFiles/libv3/models/parameters.bf
Already loaded 'frequencies.bf' from /usr/local/lib/hyphy/TemplateBatchFiles/libv3/models/frequencies.bf
Already loaded '../UtilityFunctions.bf' from /usr/local/lib/hyphy/TemplateBatchFiles/libv3/UtilityFunctions.bf
Already loaded '../convenience/regexp.bf' from /usr/local/lib/hyphy/TemplateBatchFiles/libv3/convenience/regexp.bf
Already loaded 'libv3/all-terms.bf' from /usr/local/lib/hyphy/TemplateBatchFiles/libv3/all-terms.bf
Already loaded '../parameters.bf' from /usr/local/lib/hyphy/TemplateBatchFiles/libv3/models/parameters.bf
Already loaded '../frequencies.bf' from /usr/local/lib/hyphy/TemplateBatchFiles/libv3/models/frequencies.bf
Already loaded '../../UtilityFunctions.bf' from /usr/local/lib/hyphy/TemplateBatchFiles/libv3/UtilityFunctions.bf
Loaded 'libv3/tasks/estimators.bf' from /usr/local/lib/hyphy/TemplateBatchFiles/libv3/tasks/estimators.bf
Already loaded '../models/model_functions.bf' from /usr/local/lib/hyphy/TemplateBatchFiles/libv3/models/model_functions.bf
Loaded '../models/DNA/GTR.bf' from /usr/local/lib/hyphy/TemplateBatchFiles/libv3/models/DNA/GTR.bf
Already loaded '../DNA.bf' from /usr/local/lib/hyphy/TemplateBatchFiles/libv3/models/DNA.bf
Already loaded '../parameters.bf' from /usr/local/lib/hyphy/TemplateBatchFiles/libv3/models/parameters.bf
Already loaded '../frequencies.bf' from /usr/local/lib/hyphy/TemplateBatchFiles/libv3/models/frequencies.bf
Already loaded '../../UtilityFunctions.bf' from /usr/local/lib/hyphy/TemplateBatchFiles/libv3/UtilityFunctions.bf
Already loaded 'libv3/all-terms.bf' from /usr/local/lib/hyphy/TemplateBatchFiles/libv3/all-terms.bf
Already loaded '../convenience/regexp.bf' from /usr/local/lib/hyphy/TemplateBatchFiles/libv3/convenience/regexp.bf
Already loaded 'libv3/all-terms.bf' from /usr/local/lib/hyphy/TemplateBatchFiles/libv3/all-terms.bf
Loaded 'libv3/tasks/alignments.bf' from /usr/local/lib/hyphy/TemplateBatchFiles/libv3/tasks/alignments.bf
Already loaded '../IOFunctions.bf' from /usr/local/lib/hyphy/TemplateBatchFiles/libv3/IOFunctions.bf
Already loaded '../all-terms.bf' from /usr/local/lib/hyphy/TemplateBatchFiles/libv3/all-terms.bf
Loaded 'libv3/tasks/trees.bf' from /usr/local/lib/hyphy/TemplateBatchFiles/libv3/tasks/trees.bf
Already loaded '../IOFunctions.bf' from /usr/local/lib/hyphy/TemplateBatchFiles/libv3/IOFunctions.bf
Already loaded '../all-terms.bf' from /usr/local/lib/hyphy/TemplateBatchFiles/libv3/all-terms.bf
Already loaded '../convenience/regexp.bf' from /usr/local/lib/hyphy/TemplateBatchFiles/libv3/convenience/regexp.bf
Already loaded '../UtilityFunctions.bf' from /usr/local/lib/hyphy/TemplateBatchFiles/libv3/UtilityFunctions.bf
Loaded 'TreeTools' from /usr/local/lib/hyphy/TemplateBatchFiles/TreeTools.ibf
Loaded 'modules/io_functions.ibf' from /usr/local/lib/hyphy/TemplateBatchFiles/SelectionAnalyses/modules/io_functions.ibf
Already loaded 'libv3/UtilityFunctions.bf' from /usr/local/lib/hyphy/TemplateBatchFiles/libv3/UtilityFunctions.bf
Already loaded 'libv3/IOFunctions.bf' from /usr/local/lib/hyphy/TemplateBatchFiles/libv3/IOFunctions.bf
Already loaded 'libv3/convenience/regexp.bf' from /usr/local/lib/hyphy/TemplateBatchFiles/libv3/convenience/regexp.bf
Already loaded 'libv3/all-terms.bf' from /usr/local/lib/hyphy/TemplateBatchFiles/libv3/all-terms.bf
Loaded 'modules/selection_lib.ibf' from /usr/local/lib/hyphy/TemplateBatchFiles/SelectionAnalyses/modules/selection_lib.ibf
Loaded 'libv3/models/codon/BS_REL.bf' from /usr/local/lib/hyphy/TemplateBatchFiles/libv3/models/codon/BS_REL.bf
Already loaded '../codon.bf' from /usr/local/lib/hyphy/TemplateBatchFiles/libv3/models/codon.bf
Already loaded '../DNA.bf' from /usr/local/lib/hyphy/TemplateBatchFiles/libv3/models/DNA.bf
Already loaded '../parameters.bf' from /usr/local/lib/hyphy/TemplateBatchFiles/libv3/models/parameters.bf
Already loaded '../frequencies.bf' from /usr/local/lib/hyphy/TemplateBatchFiles/libv3/models/frequencies.bf
Already loaded '../../UtilityFunctions.bf' from /usr/local/lib/hyphy/TemplateBatchFiles/libv3/UtilityFunctions.bf
Already loaded 'MG_REV.bf' from /usr/local/lib/hyphy/TemplateBatchFiles/libv3/models/codon/MG_REV.bf
Loaded '../../convenience/math.bf' from /usr/local/lib/hyphy/TemplateBatchFiles/libv3/convenience/math.bf
Already loaded 'libv3/UtilityFunctions.bf' from /usr/local/lib/hyphy/TemplateBatchFiles/libv3/UtilityFunctions.bf
Already loaded 'libv3/convenience/math.bf' from /usr/local/lib/hyphy/TemplateBatchFiles/libv3/convenience/math.bf
Loaded 'libv3/tasks/mpi.bf' from /usr/local/lib/hyphy/TemplateBatchFiles/libv3/tasks/mpi.bf
Already loaded '../all-terms.bf' from /usr/local/lib/hyphy/TemplateBatchFiles/libv3/all-terms.bf
Already loaded '../models/parameters.bf' from /usr/local/lib/hyphy/TemplateBatchFiles/libv3/models/parameters.bf
Variable 'NORMALIZE_SEQUENCE_NAMES' was not initialized prior to being used
Variable 'ASSUME_REVERSIBLE_MODELS' was not initialized prior to being used
Loaded 'modules/shared-load-file.bf' from /usr/local/lib/hyphy/TemplateBatchFiles/SelectionAnalyses/modules/shared-load-file.bf
Variable 'MARKDOWN_OUTPUT' was not initialized prior to being used
Already loaded 'libv3/convenience/matrix.bf' from /usr/local/lib/hyphy/TemplateBatchFiles/libv3/convenience/matrix.bf
Already loaded 'libv3/UtilityFunctions.bf' from /usr/local/lib/hyphy/TemplateBatchFiles/libv3/UtilityFunctions.bf
Variable 'bDQOiscw.skipCodeSelectionStep' was not initialized prior to being used
Row and/or column partition is empty. All the data will be used by default.
Variable 'NEXUS_FILE_TREE_MATRIX' was not initialized prior to being used
Variable 'utility.ToggleEnvVariable.cache' was not initialized prior to being used
Variable 'TREE_NODE_NAME_MAPPING' was not initialized prior to being used
Variable 'EcImlgVD.PROMPT_FOR_FILE' was not initialized prior to being used
Variable 'END_OF_FILE' was not initialized prior to being used
Variable '_DO_TREE_REBALANCE_' was not initialized prior to being used
Variable '_KEEP_I_LABELS_' was not initialized prior to being used
Rooted topology. Removing one branch - the right root child has been promoted to be the new root
Variable 'INCLUDE_MODEL_SPECS' was not initialized prior to being used
Variable 'utility.ForEachPair.warn_non_rentrant' was not initialized prior to being used
Row and/or column partition is empty. All the data will be used by default.
Row and/or column partition is empty. All the data will be used by default.
Loaded 'modules/grid_compute.ibf' from /usr/local/lib/hyphy/TemplateBatchFiles/SelectionAnalyses/modules/grid_compute.ibf
Variable 'iYwsvraE.cache' was not initialized prior to being used
Row and/or column partition is empty. All the data will be used by default.
Variable 'COUNT_GAPS_IN_FREQUENCIES' was not initialized prior to being used
Variable 'bZZfcvkv.model_pi' was not initialized prior to being used
Model bZZfcvkv.model assigned to Gallus_gallus
Model bZZfcvkv.model assigned to Oxyura_jamaicensis
Model bZZfcvkv.model assigned to Cygnus_atratus
Model bZZfcvkv.model assigned to Anser_cygnoides
Model bZZfcvkv.model assigned to Node5
Model bZZfcvkv.model assigned to Node3
Model bZZfcvkv.model assigned to Aythya_fuligula
Model bZZfcvkv.model assigned to Anas_platyrhynchos
Model bZZfcvkv.model assigned to Node8
The tips of the tree:bZZfcvkv.tree_0 were matched with the species names from the data in the following numeric order (0-based) {0,2,1,3,4,5}

Pseudo-optimal path's cost 181 vs 267 for 1..k=> a 1.47514 x improvement
Partition 0 is ASSUMED to have a reversible model
Variable 'USE_LAST_RESULTS' was not initialized prior to being used
Variable 'bZZfcvkv.tree_0.Gallus_gallus.t' was not initialized prior to being used
models.generic.SetBranchLength: bZZfcvkv.tree_0.Gallus_gallus.t=213.1117237491529
Variable 'bZZfcvkv.tree_0.Oxyura_jamaicensis.t' was not initialized prior to being used
models.generic.SetBranchLength: bZZfcvkv.tree_0.Oxyura_jamaicensis.t=75.15485357391071
Variable 'bZZfcvkv.tree_0.Cygnus_atratus.t' was not initialized prior to being used
models.generic.SetBranchLength: bZZfcvkv.tree_0.Cygnus_atratus.t=54.05011850954507
Variable 'bZZfcvkv.tree_0.Anser_cygnoides.t' was not initialized prior to being used
models.generic.SetBranchLength: bZZfcvkv.tree_0.Anser_cygnoides.t=54.05011850954507
Variable 'bZZfcvkv.tree_0.Node5.t' was not initialized prior to being used
models.generic.SetBranchLength: bZZfcvkv.tree_0.Node5.t=21.10473506436564
Variable 'bZZfcvkv.tree_0.Node3.t' was not initialized prior to being used
models.generic.SetBranchLength: bZZfcvkv.tree_0.Node3.t=5.682893112186592
Variable 'bZZfcvkv.tree_0.Aythya_fuligula.t' was not initialized prior to being used
models.generic.SetBranchLength: bZZfcvkv.tree_0.Aythya_fuligula.t=41.20690128691304
Variable 'bZZfcvkv.tree_0.Anas_platyrhynchos.t' was not initialized prior to being used
models.generic.SetBranchLength: bZZfcvkv.tree_0.Anas_platyrhynchos.t=41.20690128691304
Variable 'bZZfcvkv.tree_0.Node8.t' was not initialized prior to being used
models.generic.SetBranchLength: bZZfcvkv.tree_0.Node8.t=39.63084542583808
Variable 'bZZfcvkv.bZZfcvkv.likelihoodFunction' was not initialized prior to being used
Variable 'SAVE_OPT_STATUS_TO' was not initialized prior to being used
Auto-benchmarked an optimal number (1) of threads.
Set GUI update interval to every 9433-th LF evaluation.
Optimization settings:
	OPTIMIZATION_METHOD = 4
	OPTIMIZATION_PRECISION = 0.001
	MAXIMUM_ITERATIONS_PER_VARIABLE = 5000

Initial parameter values

bZZfcvkv.model.theta_CT = 1
bZZfcvkv.model.theta_GT = 0.25
bZZfcvkv.model.theta_CG = 0.25
bZZfcvkv.model.theta_AC = 0.25
bZZfcvkv.model.theta_AT = 0.25
bZZfcvkv.tree_0.Gallus_gallus.t = 213.112
bZZfcvkv.tree_0.Oxyura_jamaicensis.t = 75.1549
bZZfcvkv.tree_0.Cygnus_atratus.t = 54.0501
bZZfcvkv.tree_0.Anser_cygnoides.t = 54.0501
bZZfcvkv.tree_0.Node5.t = 21.1047
bZZfcvkv.tree_0.Node3.t = 5.68289
bZZfcvkv.tree_0.Aythya_fuligula.t = 41.2069
bZZfcvkv.tree_0.Anas_platyrhynchos.t = 41.2069
bZZfcvkv.tree_0.Node8.t = 39.6308
Site 24 evaluated to a 0 probability in ComputeLLWithBranchCache
Optimization finished in 37 loop passes.
1830 likelihood evaluation calls and 9077 matrix exponentiations calls were made

Variable 'BRANCH_LENGTH_STENCIL' was not initialized prior to being used
Variable 'bZZfcvkv.option' was not initialized prior to being used
Variable 'relax.terms.json.nucleotide_gtr' was not initialized prior to being used
Variable 'Unknown' was not initialized prior to being used
Variable 'kSTnLCyG.initial_value' was not initialized prior to being used
Variable 'tFOOEEcY.data_filter' was not initialized prior to being used
Row and/or column partition is empty. All the data will be used by default.
Auto-benchmarked an optimal number (2) of threads.
Set GUI update interval to every 4629-th LF evaluation.
Optimization settings:
	OPTIMIZATION_METHOD = 4
	OPTIMIZATION_PRECISION = 0.001
	MAXIMUM_ITERATIONS_PER_VARIABLE = 5000

Initial parameter values

frequencies._aux.CF3x4.p0_0 = 0.279676
frequencies._aux.CF3x4.p0_1 = 0.361631
frequencies._aux.CF3x4.p0_2 = 0.631682
frequencies._aux.CF3x4.p1_0 = 0.317746
frequencies._aux.CF3x4.p1_1 = 0.279438
frequencies._aux.CF3x4.p1_2 = 0.414634
frequencies._aux.CF3x4.p2_0 = 0.229017
frequencies._aux.CF3x4.p2_1 = 0.307932
frequencies._aux.CF3x4.p2_2 = 0.505618
Optimization finished in 7 loop passes.
295 likelihood evaluation calls and 0 matrix exponentiations calls were made

Variable 'tFOOEEcY.model_MGREV_pi' was not initialized prior to being used
Model tFOOEEcY.model_MGREV assigned to Gallus_gallus
Model tFOOEEcY.model_MGREV assigned to Oxyura_jamaicensis
Model tFOOEEcY.model_MGREV assigned to Cygnus_atratus
Model tFOOEEcY.model_MGREV assigned to Anser_cygnoides
Model tFOOEEcY.model_MGREV assigned to Node5
Model tFOOEEcY.model_MGREV assigned to Node3
Model tFOOEEcY.model_MGREV assigned to Aythya_fuligula
Model tFOOEEcY.model_MGREV assigned to Anas_platyrhynchos
Model tFOOEEcY.model_MGREV assigned to Node8
The tips of the tree:tFOOEEcY.tree_0 were matched with the species names from the data in the following numeric order (0-based) {0,2,1,3,4,5}

Pseudo-optimal path's cost 676 vs 868 for 1..k=> a 1.28402 x improvement
Partition 0 is ASSUMED to have a reversible model
Variable 'tFOOEEcY.tFOOEEcY.likelihoodFunction' was not initialized prior to being used
Variable 'tFOOEEcY.tree_0.Gallus_gallus.alpha' was not initialized prior to being used
Variable 'tFOOEEcY.tree_0.Oxyura_jamaicensis.alpha' was not initialized prior to being used
Variable 'tFOOEEcY.tree_0.Cygnus_atratus.alpha' was not initialized prior to being used
Variable 'tFOOEEcY.tree_0.Anser_cygnoides.alpha' was not initialized prior to being used
Variable 'tFOOEEcY.tree_0.Node5.alpha' was not initialized prior to being used
Variable 'tFOOEEcY.tree_0.Node3.alpha' was not initialized prior to being used
Variable 'tFOOEEcY.tree_0.Aythya_fuligula.alpha' was not initialized prior to being used
Variable 'tFOOEEcY.tree_0.Anas_platyrhynchos.alpha' was not initialized prior to being used
Variable 'tFOOEEcY.tree_0.Node8.alpha' was not initialized prior to being used
Site 13 evaluated to a 0 probability in ComputeTreeBlockByBranch
Site 81 evaluated to a 0 probability in ComputeTreeBlockByBranch
Site 13 evaluated to a 0 probability in ComputeTreeBlockByBranch
Site 84 evaluated to a 0 probability in ComputeTreeBlockByBranch
Site 63 evaluated to a 0 probability in ComputeTreeBlockByBranch
Site 13 evaluated to a 0 probability in ComputeTreeBlockByBranch
Site 39 evaluated to a 0 probability in ComputeTreeBlockByBranch
Site 81 evaluated to a 0 probability in ComputeTreeBlockByBranch
Site 57 evaluated to a 0 probability in ComputeTreeBlockByBranch
Site 13 evaluated to a 0 probability in ComputeTreeBlockByBranch
Site 87 evaluated to a 0 probability in ComputeTreeBlockByBranch
Site 71 evaluated to a 0 probability in ComputeTreeBlockByBranch
Site 13 evaluated to a 0 probability in ComputeTreeBlockByBranch
Site 14 evaluated to a 0 probability in ComputeTreeBlockByBranch
Site 47 evaluated to a 0 probability in ComputeTreeBlockByBranch
Auto-benchmarked an optimal number (4) of threads.
Set GUI update interval to every 1072-th LF evaluation.
Initial guess for tFOOEEcY.tree_0.Node3.alpha is 1.03919e-06
Initial guess for tFOOEEcY.tree_0.Oxyura_jamaicensis.alpha is 0.000201781
Initial guess for tFOOEEcY.tree_0.Node5.alpha is 8.30039e-06
Initial guess for tFOOEEcY.tree_0.Cygnus_atratus.alpha is 2.62062e-05
Initial guess for tFOOEEcY.tree_0.Anser_cygnoides.alpha is 3.8287e-06
Initial guess for tFOOEEcY.tree_0.Node8.alpha is 2.17551e-05
Initial guess for tFOOEEcY.tree_0.Aythya_fuligula.alpha is 1.15071e-05
Initial guess for tFOOEEcY.tree_0.Anas_platyrhynchos.alpha is 7.66527e-06
Optimization settings:
	OPTIMIZATION_METHOD = 4
	OPTIMIZATION_PRECISION = 0.001
	MAXIMUM_ITERATIONS_PER_VARIABLE = 5000

Initial parameter values

tFOOEEcY.model_MGREV.theta_GT = 1
tFOOEEcY.model_MGREV.theta_CT = 1
tFOOEEcY.model_MGREV.theta_AC = 1
tFOOEEcY.model_MGREV.theta_CG = 1
tFOOEEcY.model_MGREV.theta_AT = 1
tFOOEEcY.model_MGREV.omega_0 = 1
tFOOEEcY.tree_0.Gallus_gallus.alpha = 0.1
tFOOEEcY.tree_0.Oxyura_jamaicensis.alpha = 0.000201781
tFOOEEcY.tree_0.Cygnus_atratus.alpha = 2.62062e-05
tFOOEEcY.tree_0.Anser_cygnoides.alpha = 3.8287e-06
tFOOEEcY.tree_0.Node5.alpha = 8.30039e-06
tFOOEEcY.tree_0.Node3.alpha = 1.03919e-06
tFOOEEcY.tree_0.Aythya_fuligula.alpha = 1.15071e-05
tFOOEEcY.tree_0.Anas_platyrhynchos.alpha = 7.66527e-06
tFOOEEcY.tree_0.Node8.alpha = 2.17551e-05
tFOOEEcY.model_MGREV.omega_1 = 1
Failing bound checks on tFOOEEcY.tree_0.Node3.beta =          10001.5055625299
Optimization finished in 21 loop passes.
1267 likelihood evaluation calls and 6030 matrix exponentiations calls were made

Row and/or column partition is empty. All the data will be used by default.
Auto-benchmarked an optimal number (2) of threads.
Set GUI update interval to every 4587-th LF evaluation.
Optimization settings:
	OPTIMIZATION_METHOD = 4
	OPTIMIZATION_PRECISION = 0.001
	MAXIMUM_ITERATIONS_PER_VARIABLE = 5000

Initial parameter values

frequencies._aux.CF3x4.p0_0 = 0.279676
frequencies._aux.CF3x4.p0_1 = 0.361631
frequencies._aux.CF3x4.p0_2 = 0.631682
frequencies._aux.CF3x4.p1_0 = 0.317746
frequencies._aux.CF3x4.p1_1 = 0.279438
frequencies._aux.CF3x4.p1_2 = 0.414634
frequencies._aux.CF3x4.p2_0 = 0.229017
frequencies._aux.CF3x4.p2_1 = 0.307932
frequencies._aux.CF3x4.p2_2 = 0.505618
Optimization finished in 7 loop passes.
295 likelihood evaluation calls and 0 matrix exponentiations calls were made

Variable 'tFOOEEcY.model_MGREV_pi' was not initialized prior to being used
Model tFOOEEcY.model_MGREV assigned to Gallus_gallus
Model tFOOEEcY.model_MGREV assigned to Oxyura_jamaicensis
Model tFOOEEcY.model_MGREV assigned to Cygnus_atratus
Model tFOOEEcY.model_MGREV assigned to Anser_cygnoides
Model tFOOEEcY.model_MGREV assigned to Node5
Model tFOOEEcY.model_MGREV assigned to Node3
Model tFOOEEcY.model_MGREV assigned to Aythya_fuligula
Model tFOOEEcY.model_MGREV assigned to Anas_platyrhynchos
Model tFOOEEcY.model_MGREV assigned to Node8
The tips of the tree:tFOOEEcY.tree_0 were matched with the species names from the data in the following numeric order (0-based) {0,2,1,3,4,5}

Pseudo-optimal path's cost 676 vs 868 for 1..k=> a 1.28402 x improvement
Partition 0 is ASSUMED to have a reversible model
Variable 'tFOOEEcY.tree_0.Aythya_fuligula.alpha' was not initialized prior to being used
Variable 'tFOOEEcY.tree_0.Node3.alpha' was not initialized prior to being used
Variable 'tFOOEEcY.tree_0.Anas_platyrhynchos.alpha' was not initialized prior to being used
Variable 'tFOOEEcY.tree_0.Node5.alpha' was not initialized prior to being used
Variable 'tFOOEEcY.tree_0.Anser_cygnoides.alpha' was not initialized prior to being used
Variable 'tFOOEEcY.tree_0.Cygnus_atratus.alpha' was not initialized prior to being used
Variable 'tFOOEEcY.tree_0.Gallus_gallus.alpha' was not initialized prior to being used
Variable 'tFOOEEcY.tree_0.Oxyura_jamaicensis.alpha' was not initialized prior to being used
Variable 'tFOOEEcY.tree_0.Node8.alpha' was not initialized prior to being used
Site 13 evaluated to a 0 probability in ComputeTreeBlockByBranch
Site 81 evaluated to a 0 probability in ComputeTreeBlockByBranch
Site 13 evaluated to a 0 probability in ComputeTreeBlockByBranch
Site 84 evaluated to a 0 probability in ComputeTreeBlockByBranch
Site 63 evaluated to a 0 probability in ComputeTreeBlockByBranch
Site 13 evaluated to a 0 probability in ComputeTreeBlockByBranch
Site 39 evaluated to a 0 probability in ComputeTreeBlockByBranch
Site 81 evaluated to a 0 probability in ComputeTreeBlockByBranch
Site 57 evaluated to a 0 probability in ComputeTreeBlockByBranch
Site 13 evaluated to a 0 probability in ComputeTreeBlockByBranch
Site 87 evaluated to a 0 probability in ComputeTreeBlockByBranch
Site 71 evaluated to a 0 probability in ComputeTreeBlockByBranch
Site 13 evaluated to a 0 probability in ComputeTreeBlockByBranch
Site 14 evaluated to a 0 probability in ComputeTreeBlockByBranch
Site 47 evaluated to a 0 probability in ComputeTreeBlockByBranch
Auto-benchmarked an optimal number (4) of threads.
Set GUI update interval to every 1302-th LF evaluation.
Initial guess for tFOOEEcY.tree_0.Node3.alpha is 1.03919e-06
Initial guess for tFOOEEcY.tree_0.Oxyura_jamaicensis.alpha is 0.000201781
Initial guess for tFOOEEcY.tree_0.Node5.alpha is 8.30039e-06
Initial guess for tFOOEEcY.tree_0.Cygnus_atratus.alpha is 2.62062e-05
Initial guess for tFOOEEcY.tree_0.Anser_cygnoides.alpha is 3.8287e-06
Initial guess for tFOOEEcY.tree_0.Node8.alpha is 2.17551e-05
Initial guess for tFOOEEcY.tree_0.Aythya_fuligula.alpha is 1.15071e-05
Initial guess for tFOOEEcY.tree_0.Anas_platyrhynchos.alpha is 7.66527e-06
Optimization settings:
	OPTIMIZATION_METHOD = 4
	OPTIMIZATION_PRECISION = 0.001
	MAXIMUM_ITERATIONS_PER_VARIABLE = 5000

Initial parameter values

tFOOEEcY.model_MGREV.theta_CG = 1
tFOOEEcY.model_MGREV.theta_CT = 1
tFOOEEcY.model_MGREV.theta_GT = 1
tFOOEEcY.model_MGREV.theta_AT = 1
tFOOEEcY.model_MGREV.theta_AC = 1
tFOOEEcY.model_MGREV.omega_0 = 1
tFOOEEcY.tree_0.Gallus_gallus.alpha = 0.1
tFOOEEcY.tree_0.Oxyura_jamaicensis.alpha = 0.000201781
tFOOEEcY.tree_0.Cygnus_atratus.alpha = 2.62062e-05
tFOOEEcY.tree_0.Anser_cygnoides.alpha = 3.8287e-06
tFOOEEcY.tree_0.Node5.alpha = 8.30039e-06
tFOOEEcY.tree_0.Node3.alpha = 1.03919e-06
tFOOEEcY.tree_0.Aythya_fuligula.alpha = 1.15071e-05
tFOOEEcY.tree_0.Anas_platyrhynchos.alpha = 7.66527e-06
tFOOEEcY.tree_0.Node8.alpha = 2.17551e-05
tFOOEEcY.model_MGREV.omega_1 = 1
Failing bound checks on tFOOEEcY.tree_0.Node3.beta =          10001.5055625299
Optimization finished in 20 loop passes.
1187 likelihood evaluation calls and 5565 matrix exponentiations calls were made

Overwritten previously defined function:'HKQpIhmK.rate_generator'
Overwritten previously defined function:'HKQpIhmK.rate_generator'
Auto-benchmarked an optimal number (4) of threads.
Set GUI update interval to every 4587-th LF evaluation.
Optimization settings:
	OPTIMIZATION_METHOD = 4
	OPTIMIZATION_PRECISION = 0.001
	MAXIMUM_ITERATIONS_PER_VARIABLE = 5000

Initial parameter values

frequencies._aux.CF3x4.p0_0 = 0.279676
frequencies._aux.CF3x4.p0_1 = 0.361631
frequencies._aux.CF3x4.p0_2 = 0.631682
frequencies._aux.CF3x4.p1_0 = 0.317746
frequencies._aux.CF3x4.p1_1 = 0.279438
frequencies._aux.CF3x4.p1_2 = 0.414634
frequencies._aux.CF3x4.p2_0 = 0.229017
frequencies._aux.CF3x4.p2_1 = 0.307932
frequencies._aux.CF3x4.p2_2 = 0.505618
Optimization finished in 7 loop passes.
297 likelihood evaluation calls and 0 matrix exponentiations calls were made

Variable 'relax.test_pi' was not initialized prior to being used
Overwritten previously defined function:'HKQpIhmK.rate_generator'
Overwritten previously defined function:'HKQpIhmK.rate_generator'
Overwritten previously defined function:'HKQpIhmK.rate_generator'
Auto-benchmarked an optimal number (4) of threads.
Set GUI update interval to every 4587-th LF evaluation.
Optimization settings:
	OPTIMIZATION_METHOD = 4
	OPTIMIZATION_PRECISION = 0.001
	MAXIMUM_ITERATIONS_PER_VARIABLE = 5000

Initial parameter values

frequencies._aux.CF3x4.p0_0 = 0.279676
frequencies._aux.CF3x4.p0_1 = 0.361631
frequencies._aux.CF3x4.p0_2 = 0.631682
frequencies._aux.CF3x4.p1_0 = 0.317746
frequencies._aux.CF3x4.p1_1 = 0.279438
frequencies._aux.CF3x4.p1_2 = 0.414634
frequencies._aux.CF3x4.p2_0 = 0.229017
frequencies._aux.CF3x4.p2_1 = 0.307932
frequencies._aux.CF3x4.p2_2 = 0.505618
Optimization finished in 7 loop passes.
297 likelihood evaluation calls and 0 matrix exponentiations calls were made

Variable 'relax.reference_pi' was not initialized prior to being used
No nodel was assigned to Gallus_gallus
No nodel was assigned to Oxyura_jamaicensis
No nodel was assigned to Cygnus_atratus
No nodel was assigned to Anser_cygnoides
No nodel was assigned to Node5
No nodel was assigned to Node3
No nodel was assigned to Aythya_fuligula
No nodel was assigned to Anas_platyrhynchos
No nodel was assigned to Node8
The tips of the tree:iuBY_fBS.tree_id_0 were matched with the species names from the data in the following numeric order (0-based) {0,2,1,3,4,5}

Pseudo-optimal path's cost 676 vs 868 for 1..k=> a 1.28402 x improvement
Partition 0 is ASSUMED to have a reversible model
relax.reference.theta_AC was already constrained in estimators.SetGlobals2
relax.reference.theta_AG was already constrained in estimators.SetGlobals2
relax.reference.theta_AT was already constrained in estimators.SetGlobals2
relax.reference.theta_CG was already constrained in estimators.SetGlobals2
relax.reference.theta_CT was already constrained in estimators.SetGlobals2
relax.reference.theta_GT was already constrained in estimators.SetGlobals2
relax.test.theta_AG was already constrained in estimators.SetGlobals2
Variable 'iuBY_fBS.tree_id_0.Gallus_gallus.t' was not initialized prior to being used
models.generic.SetBranchLength: iuBY_fBS.tree_id_0.Gallus_gallus.t=1.155314221540722
Variable 'iuBY_fBS.tree_id_0.Oxyura_jamaicensis.t' was not initialized prior to being used
models.generic.SetBranchLength: iuBY_fBS.tree_id_0.Oxyura_jamaicensis.t=0.1353296774504943
Variable 'iuBY_fBS.tree_id_0.Cygnus_atratus.t' was not initialized prior to being used
models.generic.SetBranchLength: iuBY_fBS.tree_id_0.Cygnus_atratus.t=0.01840528623083009
Variable 'iuBY_fBS.tree_id_0.Anser_cygnoides.t' was not initialized prior to being used
models.generic.SetBranchLength: iuBY_fBS.tree_id_0.Anser_cygnoides.t=0.05573270091476331
Variable 'iuBY_fBS.tree_id_0.Node5.t' was not initialized prior to being used
models.generic.SetBranchLength: iuBY_fBS.tree_id_0.Node5.t=0.03186339522251767
Variable 'iuBY_fBS.tree_id_0.Node3.t' was not initialized prior to being used
models.generic.SetBranchLength: iuBY_fBS.tree_id_0.Node3.t=0.03730205518124824
Variable 'iuBY_fBS.tree_id_0.Aythya_fuligula.t' was not initialized prior to being used
models.generic.SetBranchLength: iuBY_fBS.tree_id_0.Aythya_fuligula.t=0.03673126738019783
Variable 'iuBY_fBS.tree_id_0.Anas_platyrhynchos.t' was not initialized prior to being used
models.generic.SetBranchLength: iuBY_fBS.tree_id_0.Anas_platyrhynchos.t=0.05555248283314339
Variable 'iuBY_fBS.tree_id_0.Node8.t' was not initialized prior to being used
models.generic.SetBranchLength: iuBY_fBS.tree_id_0.Node8.t=0.08070359741781744
Variable 'iuBY_fBS.iuBY_fBS.likelihoodFunction' was not initialized prior to being used
Auto-benchmarked an optimal number (5) of threads.
Set GUI update interval to every 113-th LF evaluation.
Optimization settings:
	OPTIMIZATION_METHOD = 4
	OPTIMIZATION_PRECISION = 0.001
	MAXIMUM_ITERATIONS_PER_VARIABLE = 5000

Initial parameter values

relax.reference.omega3 = 7.27482
relax.reference.omega2 = 0.4601
relax.reference.bsrel_mixture_aux_0 = 0.45
relax.test.theta_GT = 0.274408
relax.reference.omega1 = 0.145496
relax.reference.bsrel_mixture_aux_1 = 0.818182
relax.test.theta_CT = 1.34656
relax.test.theta_AC = 0.136473
relax.test.theta_AT = 0.301699
relax.test.theta_CG = 0.312548
relax.K = 1
iuBY_fBS.tree_id_0.Gallus_gallus.t = 1.15531
iuBY_fBS.tree_id_0.Oxyura_jamaicensis.t = 0.13533
iuBY_fBS.tree_id_0.Cygnus_atratus.t = 0.0184053
iuBY_fBS.tree_id_0.Anser_cygnoides.t = 0.0557327
iuBY_fBS.tree_id_0.Node5.t = 0.0318634
iuBY_fBS.tree_id_0.Node3.t = 0.0373021
iuBY_fBS.tree_id_0.Aythya_fuligula.t = 0.0367313
iuBY_fBS.tree_id_0.Anas_platyrhynchos.t = 0.0555525
iuBY_fBS.tree_id_0.Node8.t = 0.0807036
Optimization finished in 23 loop passes.
2246 likelihood evaluation calls and 41697 matrix exponentiations calls were made

Variable 'MPI_NODE_COUNT' was not initialized prior to being used
No nodel was assigned to Gallus_gallus
No nodel was assigned to Oxyura_jamaicensis
No nodel was assigned to Cygnus_atratus
No nodel was assigned to Anser_cygnoides
No nodel was assigned to Node5
No nodel was assigned to Node3
No nodel was assigned to Aythya_fuligula
No nodel was assigned to Anas_platyrhynchos
No nodel was assigned to Node8
Likelihood function cleared because partition index '0' points to invalid components
The tips of the tree:iuBY_fBS.tree_id_0 were matched with the species names from the data in the following numeric order (0-based) {0,2,1,3,4,5}

Pseudo-optimal path's cost 676 vs 868 for 1..k=> a 1.28402 x improvement
Partition 0 is ASSUMED to have a reversible model
relax.reference.theta_AC was already constrained in estimators.SetGlobals2
relax.reference.theta_AG was already constrained in estimators.SetGlobals2
relax.reference.theta_AT was already constrained in estimators.SetGlobals2
relax.reference.theta_CG was already constrained in estimators.SetGlobals2
relax.reference.theta_CT was already constrained in estimators.SetGlobals2
relax.reference.theta_GT was already constrained in estimators.SetGlobals2
relax.test.bsrel_mixture_aux_0 was already constrained in estimators.SetGlobals2
relax.test.bsrel_mixture_aux_1 was already constrained in estimators.SetGlobals2
relax.test.theta_AG was already constrained in estimators.SetGlobals2
relax.test.omega1 was already constrained in estimators.SetGlobals2
relax.test.omega2 was already constrained in estimators.SetGlobals2
relax.test.omega3 was already constrained in estimators.SetGlobals2
Variable 'iuBY_fBS.tree_id_0.Gallus_gallus.t' was not initialized prior to being used
models.generic.SetBranchLength: iuBY_fBS.tree_id_0.Gallus_gallus.t=2.568240509197444
Variable 'iuBY_fBS.tree_id_0.Oxyura_jamaicensis.t' was not initialized prior to being used
models.generic.SetBranchLength: iuBY_fBS.tree_id_0.Oxyura_jamaicensis.t=0.2891285383294986
Variable 'iuBY_fBS.tree_id_0.Cygnus_atratus.t' was not initialized prior to being used
models.generic.SetBranchLength: iuBY_fBS.tree_id_0.Cygnus_atratus.t=0.03891661179328283
Variable 'iuBY_fBS.tree_id_0.Anser_cygnoides.t' was not initialized prior to being used
models.generic.SetBranchLength: iuBY_fBS.tree_id_0.Anser_cygnoides.t=0.1167958150029442
Variable 'iuBY_fBS.tree_id_0.Node5.t' was not initialized prior to being used
models.generic.SetBranchLength: iuBY_fBS.tree_id_0.Node5.t=0.06736421275291135
Variable 'iuBY_fBS.tree_id_0.Node3.t' was not initialized prior to being used
models.generic.SetBranchLength: iuBY_fBS.tree_id_0.Node3.t=0.0787328236072756
Variable 'iuBY_fBS.tree_id_0.Aythya_fuligula.t' was not initialized prior to being used
models.generic.SetBranchLength: iuBY_fBS.tree_id_0.Aythya_fuligula.t=0.07751149436678917
Variable 'iuBY_fBS.tree_id_0.Anas_platyrhynchos.t' was not initialized prior to being used
models.generic.SetBranchLength: iuBY_fBS.tree_id_0.Anas_platyrhynchos.t=0.1170465275351192
Variable 'iuBY_fBS.tree_id_0.Node8.t' was not initialized prior to being used
models.generic.SetBranchLength: iuBY_fBS.tree_id_0.Node8.t=0.1714556541689915
Auto-benchmarked an optimal number (5) of threads.
Set GUI update interval to every 93-th LF evaluation.
Optimization settings:
	OPTIMIZATION_METHOD = 4
	OPTIMIZATION_PRECISION = 0.001
	MAXIMUM_ITERATIONS_PER_VARIABLE = 5000

Initial parameter values

relax.reference.omega3 = 1
relax.reference.omega2 = 0.45406
relax.reference.bsrel_mixture_aux_0 = 0.559803
relax.test.theta_GT = 0.272464
relax.reference.omega1 = 0
relax.reference.bsrel_mixture_aux_1 = 0.767445
relax.test.theta_CT = 1.32129
relax.test.theta_AC = 0.128636
relax.test.theta_AT = 0.289515
relax.test.theta_CG = 0.286736
relax.K = 1
iuBY_fBS.tree_id_0.Gallus_gallus.t = 2.56824
iuBY_fBS.tree_id_0.Oxyura_jamaicensis.t = 0.289129
iuBY_fBS.tree_id_0.Cygnus_atratus.t = 0.0389166
iuBY_fBS.tree_id_0.Anser_cygnoides.t = 0.116796
iuBY_fBS.tree_id_0.Node5.t = 0.0673642
iuBY_fBS.tree_id_0.Node3.t = 0.0787328
iuBY_fBS.tree_id_0.Aythya_fuligula.t = 0.0775115
iuBY_fBS.tree_id_0.Anas_platyrhynchos.t = 0.117047
iuBY_fBS.tree_id_0.Node8.t = 0.171456
Site 84 evaluated to a 0 probability in ComputeTreeBlockByBranch
Site 37 evaluated to a 0 probability in ComputeTreeBlockByBranch
Site 38 evaluated to a 0 probability in ComputeTreeBlockByBranch
Optimization finished in 22 loop passes.
2001 likelihood evaluation calls and 36567 matrix exponentiations calls were made

Variable 'UqjNZVYq.iuBY_fBS.likelihoodFunction' was not initialized prior to being used
Auto-benchmarked an optimal number (5) of threads.
Set GUI update interval to every 115-th LF evaluation.
Optimization settings:
	OPTIMIZATION_METHOD = 4
	OPTIMIZATION_PRECISION = 0.001
	MAXIMUM_ITERATIONS_PER_VARIABLE = 5000

Initial parameter values

relax.reference.omega3 = 1.00517
relax.reference.omega2 = 0.855131
relax.reference.bsrel_mixture_aux_0 = 0.569316
relax.test.theta_GT = 0.272132
relax.reference.omega1 = 0
relax.reference.bsrel_mixture_aux_1 = 1
relax.test.theta_CT = 1.32829
relax.test.theta_AC = 0.129822
relax.test.theta_AT = 0.288623
relax.test.theta_CG = 0.286208
iuBY_fBS.tree_id_0.Gallus_gallus.t = 0.734591
iuBY_fBS.tree_id_0.Oxyura_jamaicensis.t = 0.0821874
iuBY_fBS.tree_id_0.Cygnus_atratus.t = 0.0111423
iuBY_fBS.tree_id_0.Anser_cygnoides.t = 0.0334059
iuBY_fBS.tree_id_0.Node5.t = 0.0199332
iuBY_fBS.tree_id_0.Node3.t = 0.0226676
iuBY_fBS.tree_id_0.Aythya_fuligula.t = 0.0222217
iuBY_fBS.tree_id_0.Anas_platyrhynchos.t = 0.0334983
iuBY_fBS.tree_id_0.Node8.t = 0.0480782
Optimization finished in 3 loop passes.
232 likelihood evaluation calls and 4608 matrix exponentiations calls were made

Variable 'USE_JSON_FOR_MATRIX' was not initialized prior to being used