Rhinolophus_ferrumequinum	Pteropus_vampyrus	Pteropus_alecto	Pipistrellus_kuhlii	Phyllostomus_discolor	Myotis_myotis	Myotis_lucifugus	Myotis_brandtii	Miniopterus_natalensis	Hipposideros_armiger	Eptesicus_fuscus	Desmodus_rotundus	Artibeus_jamaicensis	
0.00011644	0.073217	0.0047263	1.1987e-05	5.091e-05	0.0038286	0.01	0.0011634	2.4272e-05	2.8497e-05	0.00039352	9.0791e-05	8.0202e-05	
0.00011492	0.073273	0.0047241	1.1565e-05	4.9277e-05	0.0038252	0.01	0.0011601	2.1915e-05	2.7146e-05	0.00039163	8.8122e-05	7.9195e-05	
0.00011349	0.073331	0.004722	1.1187e-05	4.7709e-05	0.0038221	0.01	0.0011568	1.9747e-05	2.5876e-05	0.00038983	8.5607e-05	7.8232e-05	
0.00011202	0.073388	0.0047199	1.0792e-05	4.6114e-05	0.0038188	0.01	0.0011534	1.7504e-05	2.4573e-05	0.000388	8.303e-05	7.7251e-05	
0.00011051	0.073444	0.0047177	1.0378e-05	4.4489e-05	0.0038155	0.01	0.0011501	1.728e-05	2.3233e-05	0.00038612	8.0385e-05	7.625e-05	
0.00010896	0.0735	0.0047155	9.9446e-06	4.2833e-05	0.003812	0.01	0.0011467	1.7034e-05	2.1857e-05	0.0003842	7.7669e-05	7.5228e-05	
0.00010751	0.073558	0.0047134	9.6889e-06	4.1246e-05	0.003813	0.01	0.0011433	1.6826e-05	2.0566e-05	0.00037883	7.5115e-05	7.4253e-05	
0.00010605	0.073615	0.0047112	9.4196e-06	3.9657e-05	0.0038139	0.01	0.0011399	1.6613e-05	1.9274e-05	0.00037338	7.2557e-05	7.3276e-05	
0.00010459	0.073673	0.0047091	9.1807e-06	3.8067e-05	0.003815	0.01	0.0011365	1.6395e-05	1.798e-05	0.00036813	6.9996e-05	7.2298e-05	
0.00010313	0.07373	0.004707	8.9691e-06	3.6474e-05	0.0038164	0.01	0.0011332	1.6173e-05	1.6684e-05	0.00036306	6.7433e-05	7.1319e-05	
0.00010164	0.07379	0.0047051	8.7869e-06	3.4853e-05	0.0038177	0.01	0.0011298	1.593e-05	1.5353e-05	0.00035827	6.4803e-05	7.0321e-05	
0.00010023	0.073851	0.0047032	8.6267e-06	3.3297e-05	0.0038192	0.01	0.0011265	1.5722e-05	1.4103e-05	0.00035366	6.2327e-05	6.9368e-05	
9.8751e-05	0.073911	0.0047013	8.4574e-06	3.1713e-05	0.0038207	0.01	0.0011231	1.5494e-05	1.4006e-05	0.00034898	5.9788e-05	6.8395e-05	
9.7233e-05	0.073971	0.0046994	8.2785e-06	3.0102e-05	0.003822	0.01	0.0011198	1.5247e-05	1.3899e-05	0.00034424	5.7186e-05	6.7404e-05	
9.5676e-05	0.07403	0.0046974	8.09e-06	2.8463e-05	0.0038232	0.01	0.0011164	1.4979e-05	1.3782e-05	0.00033943	5.452e-05	6.6395e-05	
9.421e-05	0.074091	0.0046956	7.9229e-06	2.6887e-05	0.0038247	0.01	0.001113	1.4744e-05	1.368e-05	0.00033479	5.2001e-05	6.5427e-05	
9.2707e-05	0.074151	0.0046936	7.7466e-06	2.5284e-05	0.0038261	0.01	0.0011097	1.449e-05	1.3569e-05	0.00033008	4.9422e-05	6.4442e-05	
9.1293e-05	0.074213	0.0046919	7.5906e-06	2.3741e-05	0.0038277	0.01	0.0011063	1.4269e-05	1.3473e-05	0.00032553	4.6984e-05	6.3498e-05	
8.9843e-05	0.074274	0.00469	7.4262e-06	2.2174e-05	0.0038292	0.01	0.001103	1.4029e-05	1.3368e-05	0.00032093	4.4489e-05	6.2538e-05	
8.8357e-05	0.074335	0.0046881	7.2532e-06	2.0581e-05	0.0038306	0.01	0.0010996	1.377e-05	1.3253e-05	0.00031626	4.1936e-05	6.156e-05	
8.6834e-05	0.074396	0.0046862	7.0712e-06	1.8962e-05	0.003832	0.01	0.0010962	1.3493e-05	1.3129e-05	0.00031154	3.9324e-05	6.0564e-05	
8.527e-05	0.074455	0.0046842	6.9099e-06	1.7404e-05	0.0038335	0.01	0.0010928	1.3248e-05	1.2995e-05	0.00030697	3.6856e-05	5.961e-05	
8.3799e-05	0.074517	0.0046823	6.7677e-06	1.5907e-05	0.0038354	0.01	0.0010895	1.3035e-05	1.2876e-05	0.00030257	3.4526e-05	5.8698e-05	
8.2417e-05	0.07458	0.0046806	6.643e-06	1.4467e-05	0.0038374	0.01	0.0010862	1.2853e-05	1.2773e-05	0.00029832	3.2325e-05	5.7824e-05	
8.1119e-05	0.074644	0.004679	6.5346e-06	1.3083e-05	0.0038398	0.01	0.0010829	1.2699e-05	1.2686e-05	0.00029421	3.0248e-05	5.699e-05	
7.9785e-05	0.074708	0.0046773	6.4188e-06	1.1674e-05	0.003842	0.01	0.0010796	1.2526e-05	1.2588e-05	0.00029005	2.8116e-05	5.6137e-05	
7.8534e-05	0.074774	0.0046758	6.3189e-06	1.0319e-05	0.0038445	0.01	0.0010764	1.2382e-05	1.2506e-05	0.00028604	2.6105e-05	5.5323e-05	
7.7247e-05	0.074839	0.0046743	6.2117e-06	8.9408e-06	0.0038469	0.01	0.0010731	1.2221e-05	1.2414e-05	0.00028198	2.4042e-05	5.4493e-05	
7.5925e-05	0.074904	0.0046726	6.0965e-06	7.5368e-06	0.0038496	0.01	0.0010698	1.2848e-05	1.2312e-05	0.00027783	2.1925e-05	5.3645e-05	
7.4686e-05	0.074967	0.0046709	5.9973e-06	6.1887e-06	0.0038525	0.01	0.0010666	1.3536e-05	1.2226e-05	0.00027383	1.993e-05	5.2835e-05	
7.3411e-05	0.075031	0.0046692	5.8905e-06	6.0278e-06	0.0038553	0.01	0.0010633	1.4193e-05	1.213e-05	0.00026977	1.7881e-05	5.2007e-05	
7.2099e-05	0.075093	0.0046673	5.7761e-06	5.8744e-06	0.003858	0.01	0.0010601	1.4817e-05	1.2023e-05	0.00026565	1.5952e-05	5.1217e-05	
7.0869e-05	0.075157	0.0046656	5.6773e-06	5.7282e-06	0.003861	0.01	0.0010568	1.5503e-05	1.1932e-05	0.00026168	1.4134e-05	5.0463e-05	
6.9718e-05	0.075223	0.0046641	5.5929e-06	5.589e-06	0.0038643	0.01	0.0010536	1.6256e-05	1.1856e-05	0.00025785	1.2419e-05	4.9744e-05	
6.8642e-05	0.075291	0.0046627	5.5219e-06	5.4565e-06	0.0038678	0.01	0.0010505	1.7083e-05	1.1795e-05	0.00025417	1.0802e-05	4.9059e-05	
6.7637e-05	0.07536	0.0046615	5.4635e-06	5.3305e-06	0.0038716	0.01	0.0010473	1.799e-05	1.1749e-05	0.00025063	9.2766e-06	4.8407e-05	
6.6698e-05	0.075431	0.0046604	5.4169e-06	5.2106e-06	0.0038757	0.01	0.0010442	1.8984e-05	1.1717e-05	0.00024721	7.8367e-06	4.7785e-05	
6.5824e-05	0.075504	0.0046594	5.3814e-06	5.0968e-06	0.0038801	0.01	0.0010411	2.0072e-05	1.1698e-05	0.00024393	6.4773e-06	4.7194e-05	
6.4921e-05	0.075576	0.0046584	5.3426e-06	4.9758e-06	0.0038843	0.01	0.001038	2.1115e-05	1.1671e-05	0.00024059	6.3496e-06	4.6587e-05	
6.3988e-05	0.075648	0.0046574	5.2981e-06	4.8477e-06	0.0038885	0.01	0.0010348	2.2115e-05	1.1634e-05	0.00023719	6.2091e-06	4.5967e-05	
6.3118e-05	0.075721	0.0046564	5.2645e-06	4.7255e-06	0.0038929	0.01	0.0010317	2.3209e-05	1.1611e-05	0.00023392	6.0808e-06	4.5376e-05	
6.222e-05	0.075794	0.0046555	5.2255e-06	4.5965e-06	0.0038972	0.01	0.0010286	2.4261e-05	1.1578e-05	0.0002306	5.94e-06	4.4771e-05	
6.1383e-05	0.075869	0.0046546	5.1972e-06	4.4731e-06	0.0039018	0.01	0.0010255	2.5411e-05	1.156e-05	0.0002274	5.8111e-06	4.4196e-05	
6.0543e-05	0.075943	0.0046537	5.1635e-06	4.343e-06	0.0039063	0.01	0.0010224	2.6517e-05	1.1539e-05	0.00022415	5.6699e-06	4.3607e-05	
5.9701e-05	0.075921	0.0046532	5.1403e-06	4.2184e-06	0.003911	0.01	0.0010193	2.7728e-05	1.1515e-05	0.00022103	5.5402e-06	4.3046e-05	
5.8857e-05	0.075899	0.0046527	5.1119e-06	4.0871e-06	0.0039157	0.01	0.0010162	2.8892e-05	1.1489e-05	0.00021785	5.3983e-06	4.2472e-05	
5.8069e-05	0.075878	0.0046523	5.0936e-06	3.9612e-06	0.0039206	0.01	0.0010131	3.0166e-05	1.1476e-05	0.00021479	5.2677e-06	4.1925e-05	
5.7337e-05	0.075859	0.004652	5.0854e-06	3.8406e-06	0.0039258	0.01	0.0010101	3.156e-05	1.1477e-05	0.00021185	5.1478e-06	4.1406e-05	
5.658e-05	0.075839	0.0046517	5.072e-06	3.7133e-06	0.0039309	0.01	0.001007	3.2902e-05	1.1469e-05	0.00020886	5.016e-06	4.0873e-05	
5.5877e-05	0.075818	0.0046513	5.0688e-06	3.5911e-06	0.0039363	0.01	0.001004	3.3168e-05	1.1475e-05	0.00020598	4.8948e-06	4.0367e-05	
5.5149e-05	0.075798	0.0046508	5.0603e-06	3.4622e-06	0.0039416	0.01	0.001001	3.3407e-05	1.1472e-05	0.00020306	4.7615e-06	3.9848e-05	
5.4371e-05	0.075778	0.0046505	5.0616e-06	3.3383e-06	0.0039472	0.01	0.00099792	3.3698e-05	1.1452e-05	0.00020024	4.6385e-06	3.9355e-05	
5.3646e-05	0.07576	0.0046504	5.0729e-06	3.219e-06	0.003953	0.01	0.00099492	3.4042e-05	1.1447e-05	0.00019753	4.5252e-06	3.8886e-05	
5.2898e-05	0.075741	0.0046501	5.0791e-06	3.0934e-06	0.0039588	0.01	0.00099191	3.4358e-05	1.1432e-05	0.00019478	4.4004e-06	3.8405e-05	
5.2201e-05	0.075723	0.00465	5.0952e-06	2.9722e-06	0.0039649	0.01	0.00098892	3.473e-05	1.1431e-05	0.00019213	4.285e-06	3.7949e-05	
5.1481e-05	0.075705	0.0046499	5.1063e-06	2.8448e-06	0.0039708	0.01	0.00098591	3.5073e-05	1.1421e-05	0.00018944	4.1582e-06	3.748e-05	
5.0737e-05	0.075687	0.0046497	5.1123e-06	2.7109e-06	0.0039766	0.01	0.00098289	3.5389e-05	1.1402e-05	0.0001867	4.0199e-06	3.7001e-05	
4.9968e-05	0.075668	0.0046494	5.1133e-06	2.5706e-06	0.0039823	0.01	0.00097985	3.5678e-05	1.1374e-05	0.00018392	3.8701e-06	3.6509e-05	
4.9175e-05	0.075649	0.0046491	5.1093e-06	2.4238e-06	0.0039878	0.01	0.0009768	3.594e-05	1.1337e-05	0.0001811	3.7087e-06	3.6005e-05	
4.8357e-05	0.075629	0.0046487	5.0041e-06	2.2705e-06	0.0039933	0.01	0.00097373	3.6175e-05	1.129e-05	0.00017926	3.5354e-06	3.549e-05	
4.7512e-05	0.075609	0.0046482	4.8915e-06	2.1104e-06	0.0039986	0.01	0.00097065	3.6382e-05	1.1234e-05	0.00017738	3.3499e-06	3.4961e-05	
4.6723e-05	0.07559	0.0046479	4.7938e-06	1.9553e-06	0.0040042	0.01	0.00096759	3.6643e-05	1.1192e-05	0.00017557	3.1748e-06	3.4458e-05	
4.5908e-05	0.075572	0.0046477	4.6893e-06	1.7936e-06	0.0040097	0.01	0.00096452	3.6875e-05	1.114e-05	0.00017374	3.4087e-06	3.3942e-05	
4.5148e-05	0.075556	0.0046477	4.5988e-06	1.6366e-06	0.0040155	0.01	0.00096147	3.7162e-05	1.1103e-05	0.00017198	3.376e-06	3.3451e-05	
4.4362e-05	0.075539	0.0046476	4.5019e-06	1.4732e-06	0.0040212	0.01	0.0009584	3.7421e-05	1.1056e-05	0.00017018	3.333e-06	3.2948e-05	
4.3551e-05	0.075524	0.0046477	4.398e-06	1.3032e-06	0.0040267	0.01	0.00095532	3.7652e-05	1.1e-05	0.00016836	3.2794e-06	3.2433e-05	
4.2713e-05	0.075508	0.0046477	4.287e-06	1.3523e-06	0.0040321	0.01	0.00095223	3.7855e-05	1.0934e-05	0.00016649	3.215e-06	3.1902e-05	
4.1849e-05	0.075492	0.0046477	4.1688e-06	1.3961e-06	0.0040374	0.01	0.00094911	3.8031e-05	1.0859e-05	0.00016459	3.14e-06	3.1358e-05	
4.104e-05	0.075476	0.0046478	4.0651e-06	1.4411e-06	0.004043	0.01	0.00094603	3.8258e-05	1.0797e-05	0.00016277	3.0713e-06	3.084e-05	
4.0283e-05	0.075463	0.004648	3.693e-06	1.4871e-06	0.0040489	0.01	0.00094297	3.8539e-05	1.075e-05	0.00016103	3.0088e-06	3.0345e-05	
3.9503e-05	0.075449	0.0046482	3.3043e-06	1.528e-06	0.0040547	0.01	0.00093989	3.8794e-05	1.0693e-05	0.00015926	2.936e-06	2.9839e-05	
3.8773e-05	0.075436	0.0046485	2.0426e-06	1.5701e-06	0.0040607	0.01	0.00093684	3.9102e-05	1.0649e-05	0.00015757	2.8692e-06	2.9357e-05	
3.802e-05	0.075422	0.0046487	1.8624e-06	1.6069e-06	0.0040667	0.01	0.00093377	3.9384e-05	1.0597e-05	0.00015583	2.7923e-06	2.8863e-05	
3.7315e-05	0.07541	0.0046491	1.7002e-06	1.6449e-06	0.0040729	0.01	0.00093073	3.9718e-05	1.0558e-05	0.00015416	2.7208e-06	2.8391e-05	
3.6653e-05	0.075399	0.0046496	1.554e-06	1.6839e-06	0.0040795	0.01	0.00092771	4.0108e-05	1.0531e-05	0.00015256	2.6543e-06	2.7941e-05	
3.6034e-05	0.075389	0.0046503	1.4221e-06	1.724e-06	0.0040863	0.01	0.00092471	4.0553e-05	1.0516e-05	0.00015102	2.5926e-06	2.751e-05	
3.5455e-05	0.075381	0.0046511	1.303e-06	1.7653e-06	0.0040935	0.01	0.00092174	4.1058e-05	1.0513e-05	0.00014954	2.5353e-06	2.7099e-05	
3.4913e-05	0.075374	0.004652	1.1955e-06	1.8077e-06	0.0041009	0.01	0.00091879	4.1624e-05	1.0522e-05	0.00014812	2.4823e-06	2.6707e-05	
3.4353e-05	0.075366	0.0046529	1.0825e-06	1.8449e-06	0.0041083	0.01	0.00091582	4.216e-05	1.0523e-05	0.00014667	2.4197e-06	2.6305e-05	
3.3774e-05	0.075358	0.0046537	9.638e-07	1.877e-06	0.0041155	0.01	0.00091284	4.2667e-05	1.0515e-05	0.00014519	2.3476e-06	2.5894e-05	
3.3233e-05	0.075351	0.0046547	8.565e-07	1.9103e-06	0.004123	0.01	0.00090989	4.3236e-05	1.052e-05	0.00014377	2.2798e-06	2.5501e-05	
3.2617e-05	0.075345	0.0046557	7.5953e-07	1.9449e-06	0.0041308	0.01	0.00090695	4.3873e-05	1.0497e-05	0.00014241	2.2161e-06	2.5126e-05	
3.2041e-05	0.07534	0.004657	6.7185e-07	1.9551e-06	0.004139	0.01	0.00090404	4.4581e-05	1.0487e-05	0.0001411	2.184e-06	2.4654e-05	
3.1502e-05	0.075337	0.0046583	6.6906e-07	1.9665e-06	0.004147	0.01	0.00090112	4.5371e-05	1.0489e-05	0.00013941	2.1552e-06	2.4203e-05	
3.0998e-05	0.075335	0.0046598	6.6891e-07	1.979e-06	0.0041553	0.01	0.00089822	4.6237e-05	1.0503e-05	0.00013779	2.1295e-06	2.3771e-05	
3.0477e-05	0.075332	0.0046612	6.6652e-07	1.9864e-06	0.0041636	0.01	0.0008953	4.707e-05	1.0509e-05	0.00013613	2.0948e-06	2.3329e-05	
2.9988e-05	0.075331	0.0046628	6.6663e-07	1.9947e-06	0.0041721	0.01	0.0008924	4.798e-05	1.0526e-05	0.00013454	2.0628e-06	2.2905e-05	
2.953e-05	0.07533	0.0046645	6.6921e-07	2.004e-06	0.0041809	0.01	0.00088953	4.7814e-05	1.0554e-05	0.000133	2.0332e-06	2.2499e-05	
2.9101e-05	0.075331	0.0046663	6.742e-07	2.0141e-06	0.00419	0.01	0.00088667	4.7694e-05	1.0593e-05	0.00013151	2.0059e-06	2.2109e-05	
2.8699e-05	0.075333	0.0046682	6.816e-07	2.0249e-06	0.0041995	0.01	0.00088384	4.7619e-05	1.0643e-05	0.00013007	1.9807e-06	2.1734e-05	
2.8322e-05	0.075336	0.0046703	6.9144e-07	2.0366e-06	0.0042092	0.01	0.00088102	4.7587e-05	1.0704e-05	0.00012869	1.9573e-06	2.1375e-05	
2.7971e-05	0.07534	0.0046724	6.992e-07	2.0489e-06	0.0042188	0.01	0.0008782	4.7603e-05	1.0775e-05	0.00012728	1.9358e-06	2.1029e-05	
2.7607e-05	0.075345	0.0046747	7.0488e-07	2.0564e-06	0.0042284	0.01	0.00087536	4.7598e-05	1.084e-05	0.00012585	1.906e-06	2.0676e-05	
2.7265e-05	0.075351	0.0046771	7.1283e-07	2.0645e-06	0.0042382	0.01	0.00087253	4.7634e-05	1.0914e-05	0.00012447	1.8777e-06	2.0337e-05	
2.6945e-05	0.075358	0.0046797	7.2303e-07	2.073e-06	0.0042483	0.01	0.00086973	4.771e-05	1.0999e-05	0.00012313	1.8505e-06	2.001e-05	
2.6646e-05	0.075366	0.0046823	7.3548e-07	2.082e-06	0.0042587	0.01	0.00086694	4.7827e-05	1.1094e-05	0.00012183	1.8243e-06	1.9694e-05	
2.6365e-05	0.075375	0.004685	7.5027e-07	2.0912e-06	0.0042694	0.01	0.00086417	4.7984e-05	1.12e-05	0.00012057	1.7991e-06	1.9391e-05	
2.6104e-05	0.075385	0.0046879	7.6747e-07	2.1009e-06	0.0042803	0.01	0.00086141	4.8182e-05	1.1316e-05	0.00011936	1.7747e-06	1.9098e-05	
2.5832e-05	0.075394	0.0046907	7.8268e-07	2.1059e-06	0.0042912	0.01	0.00085865	4.8362e-05	1.1425e-05	0.00011812	1.7425e-06	1.8799e-05	
2.5551e-05	0.075404	0.0046935	7.959e-07	2.1064e-06	0.004302	0.01	0.00085587	4.8523e-05	1.1527e-05	0.00011687	1.7025e-06	1.8494e-05	
2.5288e-05	0.075414	0.0046964	8.116e-07	2.1072e-06	0.004313	0.01	0.00085311	4.8725e-05	1.164e-05	0.00011566	1.6633e-06	1.82e-05	
2.5016e-05	0.075424	0.0046992	8.2534e-07	2.1034e-06	0.004324	0.01	0.00085034	4.891e-05	1.1746e-05	0.00011444	2.0678e-06	1.79e-05	
2.4735e-05	0.075434	0.004702	8.3715e-07	2.0952e-06	0.0043349	0.01	0.00084756	4.9076e-05	1.1845e-05	0.0001132	2.4613e-06	1.7595e-05	
2.4444e-05	0.075444	0.0047048	8.4708e-07	2.0824e-06	0.0043457	0.01	0.00084477	4.9226e-05	1.1938e-05	0.00011195	2.844e-06	1.7284e-05	
2.4144e-05	0.075453	0.0047075	8.5509e-07	2.0652e-06	0.0043565	0.01	0.00084196	4.9358e-05	1.2026e-05	0.00011068	3.2157e-06	1.6968e-05	
2.3861e-05	0.075463	0.0047104	8.6537e-07	2.0481e-06	0.0043675	0.01	0.00083918	4.9528e-05	1.2125e-05	0.00010945	3.5998e-06	1.6661e-05	
2.3596e-05	0.075475	0.0047133	8.7798e-07	2.0312e-06	0.0043788	0.01	0.0008364	4.9738e-05	1.2233e-05	0.00010825	3.9967e-06	1.6365e-05	
2.3321e-05	0.075486	0.0047163	8.887e-07	2.0098e-06	0.00439	0.01	0.00083362	4.9931e-05	1.2335e-05	0.00010704	4.3827e-06	1.6063e-05	
2.3038e-05	0.075496	0.0047191	8.9754e-07	1.984e-06	0.0044011	0.01	0.00083083	5.0107e-05	1.243e-05	0.00010581	4.758e-06	1.5756e-05	
2.2771e-05	0.075508	0.0047221	9.087e-07	1.9583e-06	0.0044125	0.01	0.00082805	5.0323e-05	1.2535e-05	0.00010462	5.1462e-06	1.5459e-05	
2.2521e-05	0.075521	0.0047252	9.2226e-07	1.9327e-06	0.0044242	0.01	0.00082529	5.0578e-05	1.2651e-05	0.00010347	5.5483e-06	1.5171e-05	
2.2286e-05	0.075534	0.0047284	9.3236e-07	1.9071e-06	0.0044362	0.01	0.00082254	5.0875e-05	1.2777e-05	0.00010224	5.9651e-06	1.4893e-05	
2.2067e-05	0.075549	0.0047317	9.449e-07	1.8817e-06	0.0044484	0.01	0.00081981	5.1215e-05	1.2915e-05	0.00010104	6.3974e-06	1.4623e-05	
2.1863e-05	0.075564	0.0047351	9.5998e-07	1.8563e-06	0.004461	0.01	0.00081709	5.1598e-05	1.3063e-05	9.9885e-05	6.8461e-06	1.4363e-05	
2.165e-05	0.075579	0.0047385	9.7307e-07	1.8264e-06	0.0044734	0.01	0.00081436	5.1963e-05	1.3205e-05	9.8711e-05	7.2827e-06	1.4097e-05	
2.1429e-05	0.075594	0.0047418	9.8416e-07	1.792e-06	0.0044858	0.01	0.00081162	5.2309e-05	1.334e-05	9.7522e-05	7.7071e-06	1.3826e-05	
2.1223e-05	0.07561	0.0047453	9.9794e-07	1.7578e-06	0.0044985	0.01	0.0008089	5.27e-05	1.3486e-05	9.6369e-05	8.149e-06	1.3564e-05	
2.1008e-05	0.075626	0.0047487	1.0096e-06	1.7191e-06	0.0045111	0.01	0.00080616	5.3072e-05	1.3626e-05	9.52e-05	8.5783e-06	1.3296e-05	
2.081e-05	0.075642	0.0047522	1.0175e-06	1.6807e-06	0.004524	0.01	0.00080344	5.3494e-05	1.3778e-05	9.3952e-05	9.027e-06	1.3038e-05	
2.0628e-05	0.07566	0.0047558	1.0282e-06	1.6427e-06	0.0045372	0.01	0.00080074	5.3969e-05	1.3944e-05	9.2743e-05	9.4966e-06	1.279e-05	
2.0437e-05	0.075677	0.0047594	1.0368e-06	1.6e-06	0.0045504	0.01	0.00079803	5.442e-05	1.4102e-05	9.1517e-05	9.9519e-06	1.2536e-05	
2.0235e-05	0.075694	0.004763	1.043e-06	1.5526e-06	0.0045634	0.01	0.0007953	5.4848e-05	1.4251e-05	9.0273e-05	1.0393e-05	1.2275e-05	
2.0023e-05	0.075711	0.0047665	1.0469e-06	1.5002e-06	0.0045763	0.01	0.00079257	5.5249e-05	1.4391e-05	8.9007e-05	1.0817e-05	1.2009e-05	
1.9829e-05	0.075729	0.0047701	1.0541e-06	1.4487e-06	0.0045896	0.01	0.00078985	5.5709e-05	1.455e-05	8.7785e-05	1.1266e-05	1.1753e-05	
1.9654e-05	0.075748	0.0047739	1.0647e-06	1.3978e-06	0.0045855	0.01	0.00078715	5.5111e-05	1.4725e-05	8.6607e-05	1.1741e-05	1.1507e-05	
1.9495e-05	0.075768	0.0047778	1.0789e-06	1.3476e-06	0.0045817	0.01	0.00078447	5.4576e-05	1.4916e-05	8.547e-05	1.2241e-05	1.1272e-05	
1.9327e-05	0.075788	0.0047816	1.0906e-06	1.2926e-06	0.0045779	0.01	0.00078177	5.4014e-05	1.5098e-05	8.4314e-05	1.2725e-05	1.103e-05	
1.9148e-05	0.075807	0.0047854	1.0999e-06	1.2328e-06	0.0045739	0.01	0.00077907	5.3425e-05	1.5271e-05	8.3138e-05	1.3193e-05	1.0782e-05	
1.8987e-05	0.075828	0.0047893	1.1126e-06	1.1735e-06	0.0045702	0.01	0.00077638	5.2899e-05	1.546e-05	8.2004e-05	1.3688e-05	1.0544e-05	
1.8853e-05	0.075848	0.0047932	1.1229e-06	1.1094e-06	0.0045664	0.01	0.00077368	5.2345e-05	1.5676e-05	8.0851e-05	1.4165e-05	1.03e-05	
1.8708e-05	0.075868	0.004797	1.1306e-06	1.0405e-06	0.0045624	0.01	0.00077096	5.1764e-05	1.5883e-05	7.9677e-05	1.4625e-05	1.0049e-05	
1.858e-05	0.075889	0.004801	1.1419e-06	9.7206e-07	0.0045588	0.01	0.00076827	5.1244e-05	1.6107e-05	7.8545e-05	1.5113e-05	9.8087e-06	
1.8441e-05	0.07591	0.0048049	1.1507e-06	8.9883e-07	0.0045551	0.01	0.00076556	5.0697e-05	1.6322e-05	7.7393e-05	1.5584e-05	9.5619e-06	
1.8293e-05	0.07593	0.0048088	1.1569e-06	1.005e-06	0.0045512	0.01	0.00076284	5.0122e-05	1.6526e-05	7.6222e-05	1.6036e-05	9.3074e-06	
1.816e-05	0.075951	0.0048128	1.1667e-06	1.1127e-06	0.0045476	0.01	0.00076014	4.9609e-05	1.6748e-05	7.5091e-05	1.6517e-05	9.0626e-06	
1.8018e-05	0.075973	0.0048167	1.174e-06	1.2152e-06	0.0045439	0.01	0.00075742	4.9069e-05	1.6961e-05	7.3941e-05	1.698e-05	8.8117e-06	
1.7865e-05	0.075993	0.0048206	1.1787e-06	1.3124e-06	0.0045402	0.01	0.00075469	4.8499e-05	1.7163e-05	7.277e-05	1.7426e-05	8.5544e-06	
1.7729e-05	0.076015	0.0048246	1.1871e-06	1.4114e-06	0.0045366	0.01	0.00075198	4.7993e-05	1.7384e-05	7.1641e-05	1.79e-05	8.307e-06	
1.761e-05	0.076038	0.0048288	1.1241e-06	1.5124e-06	0.0045334	0.01	0.00074929	4.7548e-05	1.7625e-05	7.0555e-05	1.8406e-05	8.0694e-06	
1.7507e-05	0.076062	0.0048331	1.0676e-06	1.6156e-06	0.0045304	0.01	0.00074662	4.7163e-05	1.7888e-05	6.9508e-05	1.8944e-05	7.8411e-06	
1.7393e-05	0.076086	0.0048374	1.0076e-06	1.7132e-06	0.0045273	0.01	0.00074393	4.675e-05	1.8139e-05	6.8442e-05	1.9463e-05	7.6067e-06	
1.7269e-05	0.07611	0.0048415	9.4369e-07	1.8053e-06	0.0045241	0.01	0.00074124	4.6307e-05	1.8378e-05	6.7355e-05	1.9962e-05	7.3656e-06	
1.7133e-05	0.076133	0.0048457	8.7572e-07	1.8917e-06	0.0045208	0.01	0.00073852	4.5833e-05	1.8604e-05	6.6246e-05	2.0439e-05	7.1177e-06	
1.7025e-05	0.076162	0.0048357	8.1513e-07	1.9807e-06	0.0045178	0.01	0.00073583	4.5424e-05	1.8434e-05	6.5181e-05	2.0952e-05	6.8803e-06	
1.6905e-05	0.076192	0.0048258	7.5037e-07	2.0638e-06	0.0045146	0.01	0.00073312	4.4983e-05	1.8251e-05	6.4093e-05	2.1444e-05	6.6358e-06	
1.6773e-05	0.076221	0.0048159	6.8129e-07	2.1497e-06	0.0045114	0.01	0.0007304	4.4507e-05	1.8056e-05	6.2982e-05	2.1973e-05	6.4017e-06	
1.663e-05	0.076251	0.004806	6.0946e-07	2.2298e-06	0.004508	0.01	0.00072766	4.3997e-05	1.7849e-05	6.1847e-05	2.248e-05	6.1606e-06	
1.6504e-05	0.076281	0.0047962	5.4508e-07	2.3126e-06	0.0045049	0.01	0.00072494	4.1977e-05	1.7663e-05	6.0756e-05	2.3025e-05	5.9294e-06	
1.6367e-05	0.076311	0.0047863	4.7671e-07	2.3897e-06	0.0045016	0.01	0.00072221	4.1986e-05	1.7465e-05	5.9643e-05	2.3548e-05	5.6917e-06	
1.6248e-05	0.076343	0.0047767	4.1504e-07	2.4695e-06	0.0044987	0.01	0.0007195	4.2047e-05	1.7287e-05	5.8572e-05	2.411e-05	5.4633e-06	
1.6118e-05	0.076374	0.0047669	4.252e-07	2.5436e-06	0.0044957	0.01	0.00071678	4.2083e-05	1.7099e-05	5.7465e-05	2.4649e-05	5.2288e-06	
1.5977e-05	0.076404	0.0047571	4.3329e-07	2.6123e-06	0.0044925	0.01	0.00071404	4.2094e-05	1.69e-05	5.6338e-05	2.5169e-05	4.9882e-06	
1.5826e-05	0.076434	0.0047473	4.3931e-07	2.6754e-06	0.0044893	0.01	0.00071129	4.2081e-05	1.6689e-05	5.5191e-05	2.5668e-05	4.7415e-06	
1.5665e-05	0.076464	0.0047373	4.4329e-07	2.7407e-06	0.0044859	0.01	0.00070852	4.2043e-05	1.6469e-05	5.4025e-05	2.6202e-05	4.5033e-06	
1.5493e-05	0.076493	0.0047273	4.4532e-07	2.8007e-06	0.0044824	0.01	0.00070574	4.1983e-05	1.6238e-05	5.284e-05	2.6717e-05	4.2594e-06	
1.5337e-05	0.076524	0.0047175	4.4913e-07	2.8626e-06	0.0044792	0.01	0.00070298	4.1966e-05	1.6024e-05	5.1692e-05	2.7266e-05	4.0232e-06	
1.5171e-05	0.076554	0.0047076	4.5109e-07	2.9194e-06	0.0044759	0.01	0.00070021	4.1928e-05	1.5802e-05	5.0527e-05	2.7796e-05	3.7817e-06	
1.4996e-05	0.076584	0.0046977	4.5123e-07	2.9711e-06	0.0044725	0.01	0.00069742	4.1871e-05	1.557e-05	4.9345e-05	2.8309e-05	3.5351e-06	
1.4836e-05	0.076615	0.0046879	4.5305e-07	3.0246e-06	0.0044694	0.01	0.00069465	4.1855e-05	1.5355e-05	4.8198e-05	2.8854e-05	3.2957e-06	
1.4689e-05	0.076647	0.0046783	4.5656e-07	3.0799e-06	0.0044665	0.01	0.0006919	4.188e-05	1.5156e-05	4.7085e-05	2.9432e-05	3.0631e-06	
1.4533e-05	0.076679	0.0046686	4.5826e-07	3.1301e-06	0.0044635	0.01	0.00068914	4.1886e-05	1.4948e-05	4.5956e-05	2.9993e-05	2.8256e-06	
1.4369e-05	0.07671	0.0046589	4.5811e-07	3.1751e-06	0.0044604	0.01	0.00068636	4.1872e-05	1.4732e-05	4.4811e-05	3.0535e-05	2.583e-06	
1.4218e-05	0.076743	0.0046493	4.5967e-07	3.2221e-06	0.0044576	0.01	0.0006836	4.1899e-05	1.4531e-05	4.3699e-05	3.1111e-05	2.3472e-06	
1.4058e-05	0.076775	0.0046397	4.5935e-07	3.2638e-06	0.0044546	0.01	0.00068083	4.1905e-05	1.4321e-05	4.2571e-05	3.1668e-05	2.1062e-06	
1.3911e-05	0.076808	0.0046302	4.6082e-07	3.3075e-06	0.0044519	0.01	0.00067808	4.1955e-05	1.4128e-05	4.1476e-05	3.2261e-05	1.8721e-06	
1.3756e-05	0.076842	0.0046207	4.6038e-07	3.3454e-06	0.0044492	0.01	0.00067531	4.1982e-05	1.3925e-05	4.0365e-05	3.2834e-05	1.9001e-06	
1.3591e-05	0.076874	0.0046111	4.58e-07	3.3779e-06	0.0044463	0.01	0.00067253	4.1988e-05	1.3712e-05	3.9236e-05	3.3387e-05	1.9247e-06	
1.3417e-05	0.076907	0.0046015	4.5367e-07	3.405e-06	0.0044433	0.01	0.00066974	4.1972e-05	1.349e-05	3.809e-05	3.3919e-05	1.9459e-06	
1.3232e-05	0.076938	0.0045918	4.4633e-07	3.4266e-06	0.0044403	0.01	0.00066693	4.1932e-05	1.3258e-05	3.8378e-05	3.443e-05	1.9635e-06	
1.3063e-05	0.07697	0.004582	4.4102e-07	3.4507e-06	0.0044144	0.01	0.00066414	4.1939e-05	1.3043e-05	3.8683e-05	3.498e-05	1.9826e-06	
1.2884e-05	0.077001	0.0045722	4.3367e-07	3.4692e-06	0.0043882	0.01	0.00066134	4.1921e-05	1.2819e-05	3.8976e-05	3.5509e-05	1.9981e-06	
1.2685e-05	0.077032	0.0045623	4.2829e-07	3.4901e-06	0.0043627	0.01	0.00065856	4.1951e-05	1.2574e-05	3.9286e-05	3.6077e-05	2.015e-06	
1.2477e-05	0.077062	0.0045523	4.2095e-07	3.5057e-06	0.004337	0.01	0.00065577	4.1958e-05	1.2319e-05	3.9585e-05	3.6623e-05	2.0285e-06	
1.2258e-05	0.077092	0.0045423	4.1167e-07	3.5158e-06	0.0043111	0.01	0.00065296	4.1944e-05	1.2054e-05	3.9872e-05	3.715e-05	2.0385e-06	
1.2054e-05	0.077123	0.0045324	4.0414e-07	3.5281e-06	0.0042858	0.01	0.00065017	4.1972e-05	1.1806e-05	4.0174e-05	3.7714e-05	2.0497e-06	
1.1841e-05	0.077153	0.0045225	3.9475e-07	3.5351e-06	0.0042603	0.01	0.00064736	4.1979e-05	1.1549e-05	4.0466e-05	3.8257e-05	2.0576e-06	
1.1642e-05	0.077185	0.0045128	3.87e-07	3.544e-06	0.0042353	0.01	0.00064457	4.2028e-05	1.1308e-05	4.0774e-05	3.8838e-05	2.0666e-06	
1.1433e-05	0.077217	0.0045029	3.7743e-07	3.5478e-06	0.0042102	0.01	0.00064177	4.2057e-05	1.1058e-05	4.107e-05	3.9399e-05	2.0722e-06	
1.1238e-05	0.077249	0.0044933	3.6945e-07	3.5535e-06	0.0041857	0.01	0.00063899	4.2128e-05	1.0824e-05	4.1382e-05	3.9998e-05	2.079e-06	
1.1056e-05	0.077283	0.0044838	3.6301e-07	3.5612e-06	0.0041616	0.01	0.00063622	4.2241e-05	1.0605e-05	4.1711e-05	4.0637e-05	2.0869e-06	
1.0866e-05	0.077317	0.0044742	3.5476e-07	3.5637e-06	0.0041374	0.01	0.00063344	4.2333e-05	1.0377e-05	4.2028e-05	4.1254e-05	2.0915e-06	
1.0688e-05	0.077351	0.0044648	3.4806e-07	3.5683e-06	0.0041138	0.01	0.00063068	4.2469e-05	1.0165e-05	4.2362e-05	4.1914e-05	2.0972e-06	
1.0522e-05	0.077387	0.0044556	3.395e-07	3.575e-06	0.0040899	0.01	0.0006279	4.2654e-05	9.9664e-06	4.2683e-05	4.2617e-05	2.1043e-06	
1.037e-05	0.077424	0.0044465	3.325e-07	3.5841e-06	0.0040666	0.01	0.00062514	4.2886e-05	9.7824e-06	4.3023e-05	4.3367e-05	2.1126e-06	
1.0208e-05	0.077461	0.0044373	3.2364e-07	3.5877e-06	0.0040432	0.01	0.00062237	4.3094e-05	9.5896e-06	4.335e-05	4.4092e-05	2.1174e-06	
1.0059e-05	0.077499	0.0044283	3.1637e-07	3.5937e-06	0.0040203	0.01	0.00061962	4.3352e-05	9.411e-06	4.3695e-05	4.4867e-05	2.1237e-06	
9.9001e-06	0.077536	0.0044193	3.0718e-07	3.5941e-06	0.0039972	0.01	0.00061685	4.3584e-05	9.2233e-06	4.4028e-05	4.5615e-05	2.1264e-06	
9.1248e-06	0.077575	0.0044104	2.9969e-07	3.5973e-06	0.0039125	0.01	0.0006141	4.3869e-05	9.0534e-06	4.4381e-05	4.6418e-05	2.1307e-06	
8.389e-06	0.077615	0.0044017	2.9382e-07	3.6033e-06	0.0038299	0.01	0.00061137	4.4211e-05	8.8977e-06	4.4754e-05	4.7278e-05	2.1366e-06	
7.6908e-06	0.077657	0.0043932	2.8952e-07	3.6122e-06	0.0037492	0.01	0.00060865	4.4612e-05	8.7558e-06	4.5148e-05	4.8198e-05	2.1443e-06	
6.9742e-06	0.077698	0.0043846	2.8328e-07	3.6153e-06	0.0036678	0.01	0.00060593	4.4982e-05	8.6047e-06	4.5527e-05	4.9087e-05	2.1482e-06	
6.2954e-06	0.077741	0.0043761	2.7864e-07	3.6214e-06	0.0035883	0.01	0.00060322	4.5415e-05	8.4674e-06	4.5929e-05	5.004e-05	2.1539e-06	
6.267e-06	0.077783	0.0043676	2.7202e-07	3.6307e-06	0.0035782	0.01	0.0006005	4.5811e-05	8.3076e-06	4.6316e-05	5.1064e-05	2.1616e-06	
6.2302e-06	0.077824	0.004359	2.6338e-07	3.634e-06	0.0035679	0.01	0.00059776	4.6176e-05	8.138e-06	4.6688e-05	5.2052e-05	2.1654e-06	
6.2025e-06	0.077867	0.0043506	2.564e-07	3.6406e-06	0.0035579	0.01	0.00059504	4.6605e-05	7.9831e-06	4.7083e-05	5.3113e-05	2.1711e-06	
6.1835e-06	0.077912	0.0043424	2.4748e-07	3.6504e-06	0.0035479	0.01	0.00059231	4.7107e-05	7.8421e-06	4.7463e-05	5.4248e-05	2.1794e-06	
6.1564e-06	0.077956	0.0043341	2.3655e-07	3.6541e-06	0.0035376	0.01	0.00058956	4.7575e-05	7.6918e-06	4.7828e-05	5.5346e-05	2.1839e-06	
6.1381e-06	0.078001	0.004326	2.2724e-07	3.6611e-06	0.0035278	0.01	0.00058683	4.8113e-05	7.555e-06	4.8216e-05	5.6521e-05	2.1903e-06	
6.1116e-06	0.078046	0.0043178	2.1597e-07	3.662e-06	0.0035177	0.01	0.00058409	4.8616e-05	7.409e-06	4.8588e-05	5.7658e-05	2.1929e-06	
6.0938e-06	0.078092	0.0043097	2.0625e-07	3.6662e-06	0.0035081	0.01	0.00058137	4.9192e-05	7.2762e-06	4.8984e-05	5.8875e-05	2.1974e-06	
6.0678e-06	0.078138	0.0043016	1.9797e-07	3.6643e-06	0.0034987	0.01	0.00057866	4.9718e-05	7.1342e-06	4.9404e-05	6.0053e-05	2.198e-06	
6.0506e-06	0.078185	0.0042937	1.8784e-07	3.6657e-06	0.0034893	0.01	0.00057594	4.9503e-05	7.0052e-06	4.9809e-05	6.1313e-05	2.2006e-06	
6.0254e-06	0.078232	0.0042857	1.7583e-07	3.6612e-06	0.0034797	0.01	0.00057321	4.9258e-05	6.8675e-06	5.0199e-05	6.2535e-05	2.1994e-06	
6.0088e-06	0.07828	0.0042779	1.6521e-07	3.6599e-06	0.0034704	0.01	0.0005705	4.9073e-05	6.7422e-06	5.0612e-05	6.3841e-05	2.2001e-06	
5.9842e-06	0.078328	0.00427	1.5273e-07	3.6525e-06	0.003461	0.01	0.00056777	4.8858e-05	6.6082e-06	5.1011e-05	6.5107e-05	2.197e-06	
5.968e-06	0.078377	0.0042622	1.4154e-07	3.6483e-06	0.0034519	0.01	0.00056506	4.8701e-05	6.4861e-06	5.1433e-05	6.646e-05	2.1958e-06	
5.9602e-06	0.078428	0.0042547	9.1881e-08	3.6473e-06	0.0034432	0.01	0.00056237	4.86e-05	6.3756e-06	5.1883e-05	6.7904e-05	2.1964e-06	
5.9446e-06	0.078478	0.004247	8.9683e-08	3.6404e-06	0.0034343	0.01	0.00055966	4.8472e-05	6.257e-06	5.2315e-05	6.9307e-05	2.1933e-06	
5.9372e-06	0.07853	0.0042396	9.9419e-08	3.6366e-06	0.0034258	0.01	0.00055697	4.8399e-05	6.1494e-06	5.2313e-05	7.0804e-05	2.1921e-06	
5.9376e-06	0.078583	0.0042323	1.0994e-07	3.6356e-06	0.0034176	0.01	0.0005543	4.8378e-05	6.0519e-06	5.233e-05	7.2396e-05	2.1925e-06	
5.9307e-06	0.078636	0.0042249	1.1887e-07	3.629e-06	0.0034092	0.01	0.00055162	4.8332e-05	5.947e-06	5.2335e-05	7.3946e-05	2.1893e-06	
5.9309e-06	0.07869	0.0042177	1.2855e-07	3.6248e-06	0.0034011	0.01	0.00054895	4.8334e-05	5.8513e-06	5.2357e-05	7.5589e-05	2.1876e-06	
5.938e-06	0.078746	0.0042106	1.3904e-07	3.623e-06	0.0033933	0.01	0.0005463	4.8384e-05	5.7642e-06	5.2396e-05	7.7327e-05	2.1873e-06	
5.9382e-06	0.078801	0.0042034	1.4794e-07	3.6158e-06	0.0033854	0.01	0.00054364	4.8411e-05	5.6703e-06	5.2423e-05	7.9024e-05	2.1835e-06	
5.9451e-06	0.078857	0.0041964	1.5767e-07	3.6108e-06	0.0033778	0.01	0.00054099	4.8484e-05	5.5847e-06	5.2468e-05	8.0819e-05	2.181e-06	
5.9588e-06	0.078915	0.0041896	1.6833e-07	3.6081e-06	0.0033704	0.01	0.00053836	4.8605e-05	5.507e-06	5.2529e-05	8.2714e-05	2.1799e-06	
5.9804e-06	0.078875	0.0041851	1.8001e-07	3.6e-06	0.0033633	0.01	0.00053574	4.8116e-05	5.4381e-06	5.2607e-05	8.4565e-05	2.1753e-06	
5.9958e-06	0.078835	0.0041806	1.9016e-07	3.5869e-06	0.0033561	0.01	0.00053311	4.7606e-05	5.3634e-06	5.2675e-05	8.638e-05	2.1674e-06	
6.0166e-06	0.078797	0.0041762	2.0111e-07	3.5752e-06	0.0033492	0.01	0.00053049	4.7144e-05	5.2949e-06	5.2757e-05	8.8283e-05	2.1605e-06	
6.0317e-06	0.078758	0.0041718	2.1063e-07	3.5589e-06	0.0033421	0.01	0.00052786	4.6664e-05	5.2212e-06	5.283e-05	9.0156e-05	2.1505e-06	
6.0413e-06	0.078718	0.0041674	2.1876e-07	3.5379e-06	0.0033351	0.01	0.00052522	4.6166e-05	5.1425e-06	5.2894e-05	9.2003e-05	2.1376e-06	
6.0555e-06	0.07868	0.004163	2.2755e-07	3.518e-06	0.0033282	0.01	0.0005226	4.5712e-05	5.069e-06	5.2971e-05	9.393e-05	2.1252e-06	
6.0643e-06	0.078641	0.0041586	2.3496e-07	3.4936e-06	0.0033212	0.01	0.00051996	4.5241e-05	4.9906e-06	5.3039e-05	9.583e-05	2.1099e-06	
6.0777e-06	0.078604	0.0041543	2.4303e-07	3.47e-06	0.0033144	0.01	0.00051734	4.4811e-05	4.9173e-06	5.312e-05	9.7812e-05	2.0952e-06	
6.0954e-06	0.078567	0.0041501	2.5179e-07	3.4473e-06	0.0033079	0.01	0.00051472	4.442e-05	4.8487e-06	5.3212e-05	9.9877e-05	2.0808e-06	
6.1176e-06	0.078531	0.004146	2.6128e-07	3.4255e-06	0.0033015	0.01	0.00051211	4.4068e-05	4.7848e-06	5.3316e-05	0.00010203	2.0669e-06	
6.1345e-06	0.078496	0.0041419	2.694e-07	3.3992e-06	0.0032951	0.01	0.0005095	4.3701e-05	4.7162e-06	5.3413e-05	0.00010415	2.0502e-06	
6.1461e-06	0.078459	0.0041377	2.7613e-07	3.3685e-06	0.0032886	0.01	0.00050687	4.3318e-05	4.6429e-06	5.35e-05	0.00010625	2.0306e-06	
5.7013e-06	0.078424	0.0041336	2.8362e-07	3.3385e-06	0.0032823	0.01	0.00050426	4.2974e-05	4.5751e-06	5.3601e-05	0.00010844	2.0114e-06	
5.8311e-06	0.078389	0.0041295	2.8972e-07	3.3042e-06	0.0032759	0.01	0.00050164	4.2614e-05	4.4997e-06	5.3692e-05	0.0001106	1.9894e-06	
5.9666e-06	0.078355	0.0041255	2.966e-07	3.2706e-06	0.0032698	0.01	0.00049902	4.229e-05	4.4288e-06	5.3796e-05	0.00011285	1.9678e-06	
6.108e-06	0.07832	0.0041215	3.0427e-07	3.2378e-06	0.0032638	0.01	0.00049642	4.2003e-05	4.3623e-06	5.3912e-05	0.00011519	1.9465e-06	
6.2439e-06	0.078285	0.0041174	3.1057e-07	3.2006e-06	0.0032577	0.01	0.0004938	4.1701e-05	4.2913e-06	5.402e-05	0.00011751	1.9225e-06	
6.3743e-06	0.07825	0.0041133	3.155e-07	3.159e-06	0.0032516	0.01	0.00049118	4.1385e-05	4.2158e-06	5.412e-05	0.00011979	1.8957e-06	
6.4993e-06	0.078215	0.0041092	3.1908e-07	3.1131e-06	0.0032455	0.01	0.00048855	4.1055e-05	4.1357e-06	5.4212e-05	0.00012206	1.8661e-06	
6.6188e-06	0.07818	0.0041051	3.2339e-07	3.0629e-06	0.0032395	0.01	0.00048593	4.0709e-05	4.0512e-06	5.4316e-05	0.00012429	1.8336e-06	
6.7439e-06	0.078145	0.004101	3.2845e-07	3.0132e-06	0.0032337	0.01	0.00048332	4.0396e-05	3.9707e-06	5.4431e-05	0.00012662	1.8015e-06	
6.8637e-06	0.078111	0.0040969	3.3218e-07	2.9592e-06	0.0032279	0.01	0.00048069	4.0071e-05	3.886e-06	5.4538e-05	0.00012892	1.7666e-06	
6.989e-06	0.078077	0.0040929	3.3665e-07	2.9057e-06	0.0032222	0.01	0.00047808	3.9778e-05	3.805e-06	5.4656e-05	0.00013131	1.7319e-06	
7.1199e-06	0.078044	0.004089	3.4187e-07	2.8526e-06	0.0032167	0.01	0.00047548	3.9517e-05	3.7276e-06	5.4786e-05	0.00013379	1.6974e-06	
7.2456e-06	0.078011	0.0040851	3.4576e-07	2.7953e-06	0.0032112	0.01	0.00047286	3.9243e-05	3.6461e-06	5.4908e-05	0.00013625	1.6602e-06	
7.377e-06	0.077979	0.0040812	3.5042e-07	2.7384e-06	0.0032058	0.01	0.00047026	3.9e-05	3.5681e-06	5.5042e-05	0.0001388	1.6231e-06	
7.5143e-06	0.077948	0.0040774	3.5585e-07	2.6818e-06	0.0032006	0.01	0.00046766	3.8788e-05	3.4935e-06	5.5186e-05	0.00014146	1.5861e-06	
7.6463e-06	0.077916	0.0040736	3.5995e-07	2.6209e-06	0.0031953	0.01	0.00046506	3.8563e-05	3.4148e-06	5.5324e-05	0.00014408	1.5465e-06	
7.7844e-06	0.077886	0.0040699	3.6485e-07	2.5604e-06	0.0031902	0.01	0.00046246	3.8368e-05	3.3394e-06	5.5472e-05	0.00014681	1.5069e-06	
7.9286e-06	0.077856	0.0040663	3.7057e-07	2.5002e-06	0.0031853	0.01	0.00045987	3.8202e-05	3.2671e-06	5.5632e-05	0.00014964	1.4674e-06	
8.0792e-06	0.077827	0.0040627	3.7712e-07	2.4401e-06	0.0031805	0.01	0.00045729	3.8065e-05	3.198e-06	5.5803e-05	0.00015259	1.4279e-06	
8.2244e-06	0.077798	0.0040592	3.8231e-07	2.3758e-06	0.0031756	0.01	0.0004547	3.7916e-05	3.1248e-06	5.5967e-05	0.0001555	1.3858e-06	
8.364e-06	0.077769	0.0040556	3.8615e-07	2.3073e-06	0.0031708	0.01	0.0004521	3.7754e-05	3.0473e-06	5.6123e-05	0.00015838	1.3409e-06	
8.5102e-06	0.077741	0.0040521	3.9084e-07	2.2391e-06	0.0031661	0.01	0.00044951	3.7621e-05	2.9729e-06	5.629e-05	0.00015824	1.2961e-06	
8.651e-06	0.077712	0.0040485	3.9419e-07	2.1666e-06	0.0031613	0.01	0.00044691	3.7476e-05	2.8944e-06	5.645e-05	0.00015807	1.2486e-06	
8.7985e-06	0.077684	0.0040451	3.9842e-07	2.0943e-06	0.0031567	0.01	0.00044432	3.736e-05	2.8189e-06	5.6622e-05	0.00015795	1.2011e-06	
8.9404e-06	0.077657	0.0040416	4.0127e-07	2.0178e-06	0.0031521	0.01	0.00044173	3.7231e-05	2.7393e-06	5.6785e-05	0.00015781	1.1509e-06	
9.0892e-06	0.07763	0.0040382	4.0502e-07	1.9415e-06	0.0031476	0.01	0.00043913	3.713e-05	2.6625e-06	5.6961e-05	0.00015772	1.1007e-06	
9.2323e-06	0.077603	0.0040348	4.0739e-07	1.8609e-06	0.003143	0.01	0.00043654	3.7017e-05	2.5816e-06	5.7129e-05	0.00015761	1.0478e-06	
9.3826e-06	0.077576	0.0040315	4.107e-07	1.7805e-06	0.0031387	0.01	0.00043394	3.6933e-05	2.5036e-06	5.7309e-05	0.00015755	9.9489e-07	
9.5272e-06	0.07755	0.0040281	4.1261e-07	1.6959e-06	0.0031342	0.01	0.00043134	3.6836e-05	2.4214e-06	5.7481e-05	0.00015747	9.3927e-07	
9.666e-06	0.077523	0.0040247	4.1311e-07	1.607e-06	0.0031298	0.01	0.00042874	3.6726e-05	2.335e-06	5.7645e-05	0.00015737	8.8092e-07	
9.8126e-06	0.077498	0.0040214	4.1464e-07	1.5184e-06	0.0031255	0.01	0.00042614	3.6646e-05	2.2517e-06	5.7821e-05	0.00015732	8.2266e-07	
9.9677e-06	0.077473	0.0040182	4.1729e-07	1.4302e-06	0.0031214	0.01	0.00042355	3.6597e-05	2.1715e-06	5.8012e-05	0.00015731	7.6452e-07	
1.0116e-05	0.077448	0.004015	4.1837e-07	1.3374e-06	0.0031172	0.01	0.00042095	3.6533e-05	2.0868e-06	5.8193e-05	0.00015729	7.0348e-07	
1.0257e-05	0.077423	0.0040117	4.1778e-07	1.2399e-06	0.0031129	0.01	0.00041834	3.6451e-05	1.9971e-06	5.8364e-05	0.00015724	6.3943e-07	
1.0409e-05	0.077399	0.0040086	4.1876e-07	1.1435e-06	0.0031089	0.01	0.00041574	3.6409e-05	1.9117e-06	5.8552e-05	0.00015726	5.7598e-07	
1.0574e-05	0.077376	0.0040055	4.2163e-07	1.0419e-06	0.0031051	0.01	0.00041315	3.641e-05	1.8314e-06	5.8761e-05	0.00015724	5.0917e-07	
1.073e-05	0.077352	0.0040024	4.2244e-07	1.1245e-06	0.0031011	0.01	0.00041056	3.6388e-05	1.7452e-06	5.8956e-05	0.00015718	4.3854e-07	
1.0901e-05	0.07733	0.0039995	4.207e-07	1.2085e-06	0.0030975	0.01	0.00040797	3.6413e-05	1.6643e-06	5.9124e-05	0.00015719	3.6906e-07	
1.106e-05	0.077308	0.0039965	4.1679e-07	1.2872e-06	0.0030937	0.01	0.00040538	3.6412e-05	1.5774e-06	5.9278e-05	0.00015717	2.9603e-07	
1.1236e-05	0.077287	0.0039936	4.1509e-07	1.3676e-06	0.0030898	0.01	0.00040861	3.646e-05	1.4957e-06	5.9455e-05	0.00015723	2.2417e-07	
1.1401e-05	0.077265	0.0039906	4.1124e-07	1.4425e-06	0.0030858	0.01	0.00041182	3.6483e-05	1.4081e-06	5.9618e-05	0.00015725	1.4882e-07	
1.1582e-05	0.077245	0.0039878	4.0517e-07	1.5112e-06	0.0030817	0.01	0.00041503	3.6479e-05	1.3257e-06	5.9765e-05	0.00015723	1.4905e-07	
1.1753e-05	0.077224	0.003985	4.0128e-07	1.5746e-06	0.0030778	0.01	0.00041825	3.6584e-05	1.2374e-06	5.9936e-05	0.00015717	1.4661e-07	
1.1912e-05	0.077202	0.0039821	3.9525e-07	1.6325e-06	0.0030738	0.01	0.00042145	3.6664e-05	1.1431e-06	6.0092e-05	0.00015707	1.4151e-07	
1.2061e-05	0.077181	0.0039791	3.8707e-07	1.6852e-06	0.0030697	0.01	0.00042464	3.6718e-05	1.0428e-06	6.0234e-05	0.00015694	1.3374e-07	
1.22e-05	0.077159	0.003976	3.7667e-07	1.7324e-06	0.0030655	0.01	0.00042782	3.6745e-05	9.3641e-07	6.0361e-05	0.00015677	1.2329e-07	
1.2327e-05	0.077138	0.0039732	3.6405e-07	1.7742e-06	0.0030612	0.01	0.00043098	3.6746e-05	8.2368e-07	6.0473e-05	0.00015656	1.1015e-07	
1.247e-05	0.077118	0.0039704	3.5363e-07	1.8176e-06	0.0030572	0.01	0.00043416	3.6796e-05	7.164e-07	6.0607e-05	0.00015643	9.5842e-08	
1.2629e-05	0.0771	0.0039678	3.453e-07	1.8625e-06	0.0030534	0.01	0.00043736	3.6896e-05	6.1412e-07	6.0764e-05	0.00015637	8.0346e-08	
1.2776e-05	0.077081	0.0039651	3.3482e-07	1.9021e-06	0.0030495	0.01	0.00044055	3.6968e-05	5.0589e-07	6.0907e-05	0.00015628	6.2177e-08	
1.2941e-05	0.077064	0.0039625	3.2635e-07	1.9432e-06	0.0030458	0.01	0.00044375	3.7091e-05	4.0241e-07	6.1072e-05	0.00015626	4.2802e-08	
1.3087e-05	0.077046	0.0039599	3.1576e-07	1.9784e-06	0.003042	0.01	0.00044694	3.7186e-05	4.1635e-07	6.1222e-05	0.0001562	5.1869e-08	
1.3249e-05	0.07703	0.0039575	3.0712e-07	2.0152e-06	0.0030385	0.01	0.00045015	3.7332e-05	4.3069e-07	6.1395e-05	0.00015622	5.9404e-08	
1.3429e-05	0.077014	0.0039551	3.0034e-07	2.0538e-06	0.0030352	0.01	0.00045338	3.753e-05	4.4549e-07	6.1592e-05	0.00015632	6.5421e-08	
1.3626e-05	0.077001	0.0039529	2.9533e-07	2.0942e-06	0.0030322	0.01	0.00045663	3.7781e-05	4.6081e-07	6.1813e-05	0.00015649	6.9932e-08	
1.3812e-05	0.076986	0.0039506	2.8833e-07	2.1292e-06	0.0030291	0.01	0.00045987	3.8004e-05	4.719e-07	6.2018e-05	0.00015662	7.1896e-08	
1.3626e-05	0.076973	0.0039485	2.8307e-07	2.1662e-06	0.0030262	0.01	0.00046312	3.8282e-05	4.8419e-07	6.2248e-05	0.00015683	7.2361e-08	
1.3429e-05	0.076959	0.0039463	2.7578e-07	2.2051e-06	0.0030232	0.01	0.00046636	3.853e-05	4.9215e-07	6.2462e-05	0.00015712	7.1332e-08	
1.3249e-05	0.07683	0.0039445	2.7019e-07	2.2461e-06	0.0030204	0.01	0.00046963	3.8834e-05	5.0074e-07	6.2701e-05	0.00015749	6.8804e-08	
1.3058e-05	0.0767	0.0039426	2.6624e-07	2.29e-06	0.0030179	0.01	0.00047291	3.8722e-05	5.0504e-07	6.2964e-05	0.00015625	6.4874e-08	
1.2856e-05	0.076569	0.0039407	2.603e-07	2.3276e-06	0.0030153	0.01	0.00047617	3.8582e-05	5.0503e-07	6.3211e-05	0.00015495	1.028e-07	
1.2671e-05	0.076441	0.0039389	2.5595e-07	2.3674e-06	0.0030129	0.01	0.00047946	3.8494e-05	5.0563e-07	6.3483e-05	0.00015376	1.4031e-07	
1.2474e-05	0.076311	0.003937	2.4963e-07	2.4015e-06	0.0030105	0.01	0.00048273	3.8378e-05	5.019e-07	6.3739e-05	0.00015252	1.7484e-07	
1.2295e-05	0.076184	0.0039353	2.4132e-07	2.4379e-06	0.0030079	0.01	0.00048599	3.8314e-05	4.994e-07	6.398e-05	0.00015138	2.0899e-07	
1.2132e-05	0.07606	0.0039337	2.3459e-07	2.4765e-06	0.0030055	0.01	0.00048926	3.8302e-05	4.9749e-07	6.4245e-05	0.00015034	2.4281e-07	
1.1958e-05	0.075935	0.0039321	2.2589e-07	2.5094e-06	0.0030031	0.01	0.00049252	3.8262e-05	4.9128e-07	6.4494e-05	0.00014926	2.7363e-07	
1.1774e-05	0.075809	0.0039304	2.1523e-07	2.5367e-06	0.0030005	0.01	0.00049577	3.8195e-05	4.8076e-07	6.4728e-05	0.00014813	3.0144e-07	
1.1605e-05	0.075685	0.0039288	2.0611e-07	2.5662e-06	0.0029982	0.01	0.00049904	3.8179e-05	4.7081e-07	6.4986e-05	0.00014709	3.2894e-07	
1.1426e-05	0.075561	0.0039272	1.9509e-07	2.5901e-06	0.0029958	0.01	0.00050229	3.8137e-05	4.5662e-07	6.5229e-05	0.00014602	3.5346e-07	
1.1263e-05	0.075439	0.0039257	1.8557e-07	2.6163e-06	0.0029932	0.01	0.00050553	3.8145e-05	4.4299e-07	6.5499e-05	0.00014503	3.777e-07	
1.1089e-05	0.075316	0.0039241	1.7417e-07	2.637e-06	0.0029906	0.01	0.00050875	3.8127e-05	4.2513e-07	6.5753e-05	0.00014401	3.9895e-07	
1.0931e-05	0.075196	0.0039227	1.6417e-07	2.6599e-06	0.0029882	0.01	0.000512	3.816e-05	4.0778e-07	6.6032e-05	0.00014308	4.1994e-07	
1.0788e-05	0.075078	0.0039214	1.35e-07	2.6853e-06	0.0029856	0.01	0.00051522	3.8244e-05	3.9088e-07	6.6907e-05	0.00014223	4.4073e-07	
1.0633e-05	0.074959	0.00392	1.4307e-07	2.705e-06	0.002983	0.01	0.00051844	3.8302e-05	4.8925e-07	6.7758e-05	0.00014135	4.585e-07	
1.0467e-05	0.07484	0.0039186	1.4936e-07	2.7202e-06	0.0029803	0.01	0.00052164	3.8333e-05	5.8189e-07	6.8588e-05	0.00014042	4.7321e-07	
1.029e-05	0.074719	0.0039171	1.5391e-07	3.1956e-06	0.0029775	0.01	0.00052482	3.8337e-05	6.6888e-07	6.9398e-05	0.00013945	4.8465e-07	
1.0103e-05	0.074598	0.0039156	1.5674e-07	3.6597e-06	0.0029745	0.01	0.00052799	3.8314e-05	7.5035e-07	7.0189e-05	0.00013844	4.9308e-07	
9.9046e-06	0.074476	0.003914	1.5787e-07	4.1128e-06	0.0029715	0.01	0.00053114	3.8264e-05	8.2637e-07	7.0959e-05	0.00013738	4.9849e-07	
9.6955e-06	0.074353	0.0039124	1.5729e-07	4.5551e-06	0.0029683	0.01	0.00053428	3.8188e-05	8.97e-07	7.1711e-05	0.00013628	5.0089e-07	
9.5019e-06	0.074233	0.0039109	1.5763e-07	5.0139e-06	0.0029654	0.01	0.00053744	3.8162e-05	9.7118e-07	7.2498e-05	0.00013527	5.0301e-07	
9.3232e-06	0.074115	0.0039095	1.5888e-07	5.4899e-06	0.0029627	0.01	0.00054062	3.8184e-05	1.0492e-06	7.332e-05	0.00013435	5.0482e-07	
9.1587e-06	0.073999	0.0039082	1.6106e-07	5.9841e-06	0.0029603	0.01	0.00054382	3.8255e-05	1.1313e-06	7.4179e-05	0.00013351	5.0635e-07	
9.0081e-06	0.073885	0.0039071	1.6419e-07	6.4973e-06	0.0029581	0.01	0.00054704	3.8376e-05	1.218e-06	7.5076e-05	0.0001298	5.0759e-07	
8.8707e-06	0.073774	0.0039061	1.6831e-07	7.0304e-06	0.0029561	0.01	0.00055028	3.8548e-05	1.3095e-06	7.6011e-05	0.00012631	5.0855e-07	
8.7238e-06	0.073662	0.003905	1.7348e-07	7.5512e-06	0.0029543	0.01	0.00055354	3.8652e-05	1.3951e-06	7.6987e-05	0.00012273	5.065e-07	
8.5897e-06	0.073552	0.0039041	1.7973e-07	8.0922e-06	0.0029528	0.01	0.00055683	3.8806e-05	1.4858e-06	7.8004e-05	0.00011935	5.0415e-07	
8.4463e-06	0.073441	0.0039031	1.8426e-07	8.6214e-06	0.0029512	0.01	0.00056009	3.8935e-05	1.5706e-06	7.9e-05	0.0001159	4.9885e-07	
8.2937e-06	0.07333	0.003902	1.8708e-07	9.1389e-06	0.0029495	0.01	0.00056335	3.9038e-05	1.6497e-06	7.9977e-05	0.00011237	4.906e-07	
8.1536e-06	0.073221	0.0039011	1.9097e-07	9.6766e-06	0.002948	0.01	0.00056662	3.9191e-05	1.7337e-06	8.0993e-05	0.00010903	4.8202e-07	
8.0043e-06	0.073111	0.0039002	1.9315e-07	1.0202e-05	0.0029464	0.01	0.00056988	3.9319e-05	1.812e-06	8.199e-05	0.00010562	4.705e-07	
7.8459e-06	0.073001	0.0038991	1.936e-07	1.0716e-05	0.0029447	0.01	0.00057313	3.9421e-05	1.8844e-06	8.2966e-05	0.00010213	4.5602e-07	
7.6778e-06	0.07289	0.0038981	1.923e-07	1.1218e-05	0.0029429	0.01	0.00057636	4.1825e-05	1.9509e-06	8.392e-05	9.8556e-05	4.3855e-07	
7.5224e-06	0.072781	0.0038971	1.9209e-07	1.1741e-05	0.0029413	0.01	0.00057961	4.4442e-05	2.0225e-06	8.4916e-05	9.5184e-05	4.2078e-07	
7.3574e-06	0.072671	0.0038961	1.9012e-07	1.2248e-05	0.0029397	0.01	0.00058285	4.6968e-05	2.0881e-06	8.5891e-05	9.1726e-05	5.0919e-07	
7.1829e-06	0.07256	0.003895	1.8639e-07	1.2743e-05	0.0029379	0.01	0.00058607	4.9406e-05	2.1477e-06	8.6844e-05	8.8183e-05	5.9385e-07	
7.021e-06	0.072452	0.0038941	1.8375e-07	1.3258e-05	0.0029364	0.01	0.00058932	5.2062e-05	2.2124e-06	8.7838e-05	8.4841e-05	6.8032e-07	
6.8711e-06	0.072346	0.0038933	1.8217e-07	1.3795e-05	0.0029351	0.01	0.00059258	5.4956e-05	2.2825e-06	8.8875e-05	8.169e-05	7.6877e-07	
6.7118e-06	0.072239	0.0038924	1.7885e-07	1.4319e-05	0.0029337	0.01	0.00059583	5.7749e-05	2.3465e-06	8.9889e-05	7.846e-05	8.5336e-07	
6.5643e-06	0.072134	0.0038917	1.7657e-07	1.4865e-05	0.0029325	0.01	0.0005991	6.0792e-05	2.416e-06	9.0947e-05	7.5414e-05	9.4002e-07	
6.535e-06	0.072029	0.0038909	1.726e-07	1.5434e-05	0.0029313	0.01	0.00060236	6.3566e-05	2.5693e-06	9.1983e-05	7.2546e-05	1.0289e-06	
6.4982e-06	0.071923	0.00389	1.6699e-07	1.5992e-05	0.0029299	0.01	0.0006056	6.626e-05	2.7159e-06	9.3e-05	6.9616e-05	1.1141e-06	
6.4689e-06	0.071818	0.0038893	1.6219e-07	1.657e-05	0.0029287	0.01	0.00060886	6.9161e-05	2.8704e-06	9.4055e-05	6.6835e-05	1.2011e-06	
6.4329e-06	0.071713	0.0038885	1.5588e-07	1.7137e-05	0.0029275	0.01	0.00061211	7.1993e-05	3.0186e-06	9.5093e-05	6.4001e-05	1.2847e-06	
6.3901e-06	0.071608	0.0038877	1.4807e-07	1.7694e-05	0.0029262	0.01	0.00061535	7.4762e-05	3.1608e-06	9.6114e-05	6.1118e-05	1.3648e-06	
6.3541e-06	0.071505	0.0038869	1.4092e-07	1.827e-05	0.0029251	0.01	0.0006186	7.7722e-05	3.3102e-06	9.7171e-05	5.8369e-05	1.4465e-06	
6.3114e-06	0.071401	0.0038862	1.3228e-07	1.8836e-05	0.0029239	0.01	0.00062185	8.0618e-05	3.4535e-06	9.8212e-05	5.5572e-05	1.5247e-06	
6.2751e-06	0.071299	0.0038855	1.2424e-07	1.942e-05	0.0029229	0.01	0.00062511	8.371e-05	3.6042e-06	9.9287e-05	5.2903e-05	1.6045e-06	
6.2451e-06	0.071198	0.003885	1.167e-07	2.0025e-05	0.002922	0.01	0.00062838	8.4185e-05	3.7625e-06	0.0001004	5.0355e-05	1.6859e-06	
6.2087e-06	0.071097	0.0038844	1.0775e-07	2.0622e-05	0.0029211	0.01	0.00063165	8.4633e-05	3.9147e-06	0.00010149	4.7764e-05	1.7638e-06	
6.1781e-06	0.070998	0.0038839	9.9212e-08	2.1238e-05	0.0029204	0.01	0.00063493	8.5144e-05	4.0744e-06	0.00010262	4.5285e-05	1.8433e-06	
6.1531e-06	0.0709	0.0038835	9.1003e-08	2.1874e-05	0.0029198	0.01	0.00063822	8.5718e-05	4.2417e-06	0.00010379	4.2912e-05	1.9243e-06	
6.1335e-06	0.070803	0.0038831	8.3052e-08	2.253e-05	0.0029194	0.01	0.00064153	8.6357e-05	4.417e-06	0.00010499	4.0637e-05	2.0068e-06	
6.1081e-06	0.070707	0.0038828	7.3808e-08	2.3176e-05	0.002919	0.01	0.00064483	8.6972e-05	4.5865e-06	0.00010617	4.0779e-05	2.086e-06	
6.0878e-06	0.070611	0.0038825	6.475e-08	2.3841e-05	0.0029186	0.01	0.00064815	8.7652e-05	4.7639e-06	0.00010739	4.0945e-05	2.1667e-06	
6.0619e-06	0.070516	0.0038822	5.4436e-08	2.4498e-05	0.0029183	0.01	0.00065145	8.8308e-05	4.9356e-06	0.0001086	4.1097e-05	2.2443e-06	
6.0304e-06	0.07042	0.0038819	4.2854e-08	2.5145e-05	0.0029179	0.01	0.00065475	8.8941e-05	5.1016e-06	0.00010979	4.1236e-05	2.3187e-06	
6.0037e-06	0.070326	0.0038817	3.1397e-08	2.5812e-05	0.0029176	0.01	0.00065806	8.9638e-05	5.2753e-06	0.00011102	4.1399e-05	2.3945e-06	
5.9715e-06	0.070231	0.0038814	3.9406e-08	2.6469e-05	0.0029173	0.01	0.00066136	9.0312e-05	5.4434e-06	0.00011221	4.1548e-05	2.4672e-06	
5.944e-06	0.070137	0.0038813	4.7317e-08	2.7146e-05	0.0029172	0.01	0.00066467	9.105e-05	5.6192e-06	0.00011345	4.172e-05	2.5412e-06	
5.921e-06	0.070045	0.0038812	5.5168e-08	2.7842e-05	0.0029171	0.01	0.000668	9.1855e-05	5.8032e-06	0.00011471	4.1916e-05	2.6167e-06	
5.8927e-06	0.069953	0.003881	6.1827e-08	2.853e-05	0.0029171	0.01	0.00067132	9.2637e-05	5.9815e-06	0.00011596	4.2099e-05	2.689e-06	
5.859e-06	0.069861	0.0038809	6.7295e-08	2.9209e-05	0.002917	0.01	0.00067463	9.3397e-05	6.1544e-06	0.00011721	4.2269e-05	2.7583e-06	
5.8299e-06	0.069769	0.0038808	7.2718e-08	2.9908e-05	0.002917	0.01	0.00067795	9.4225e-05	6.3354e-06	0.00011848	4.2462e-05	2.8291e-06	
5.8053e-06	0.06968	0.0038809	7.8127e-08	3.0627e-05	0.0029172	0.01	0.00068129	9.5123e-05	6.525e-06	0.00011979	4.268e-05	2.9013e-06	
5.7753e-06	0.06959	0.0038808	8.2326e-08	3.1337e-05	0.0029174	0.01	0.00068462	9.5998e-05	6.7089e-06	0.00012108	4.2884e-05	2.9704e-06	
5.7399e-06	0.069499	0.0038808	8.531e-08	3.2038e-05	0.0029175	0.01	0.00068794	9.6847e-05	6.887e-06	0.00012237	4.3075e-05	3.0364e-06	
5.7092e-06	0.06941	0.0038809	8.8665e-08	3.276e-05	0.0029177	0.01	0.00069127	9.7772e-05	7.0742e-06	0.00012181	4.3291e-05	3.104e-06	
5.6739e-06	0.069321	0.0038809	9.0774e-08	3.3473e-05	0.0029179	0.01	0.0006946	9.867e-05	7.2552e-06	0.00012123	4.3493e-05	3.1684e-06	
5.6433e-06	0.069233	0.003881	9.2937e-08	3.4208e-05	0.0029183	0.01	0.00069794	9.9645e-05	7.4456e-06	0.00012069	4.372e-05	3.2345e-06	
5.6072e-06	0.069145	0.0038811	9.3863e-08	3.4933e-05	0.0029186	0.01	0.00070127	0.00010059	7.6299e-06	0.00012013	4.3933e-05	3.2974e-06	
5.5655e-06	0.069056	0.0038811	9.3537e-08	3.5648e-05	0.0029188	0.01	0.00070459	0.00010151	7.808e-06	0.00011956	4.4132e-05	3.357e-06	
5.5286e-06	0.068969	0.0038813	9.3283e-08	3.6386e-05	0.0029192	0.01	0.00070792	0.00010252	7.9959e-06	0.00011901	4.4358e-05	3.4184e-06	
5.486e-06	0.068881	0.0038814	9.1775e-08	3.7113e-05	0.0029196	0.01	0.00071125	0.00010349	8.1774e-06	0.00011846	4.4568e-05	3.4765e-06	
5.4485e-06	0.068795	0.0038816	9.0369e-08	3.7865e-05	0.0029201	0.01	0.00071459	0.00010455	8.3695e-06	0.00011793	4.4807e-05	3.5366e-06	
5.4163e-06	0.068711	0.0038818	8.9085e-08	3.8643e-05	0.0029208	0.01	0.00071794	0.0001057	8.573e-06	0.00011742	4.5073e-05	3.5989e-06	
5.3896e-06	0.068628	0.0038822	8.7959e-08	3.9448e-05	0.0029216	0.01	0.00072132	0.00010696	8.789e-06	0.00011695	4.5371e-05	3.6636e-06	
5.3563e-06	0.068544	0.0038826	8.5466e-08	4.0239e-05	0.0029224	0.01	0.00072468	0.00010817	8.9967e-06	0.00011645	4.565e-05	3.7245e-06	
5.3158e-06	0.06846	0.0038829	8.1537e-08	4.1015e-05	0.0029231	0.01	0.00072803	0.00010933	9.1951e-06	0.00011594	4.5908e-05	3.7812e-06	
5.2835e-06	0.068377	0.0038833	1.031e-07	4.1772e-05	0.0029237	0.01	0.00073136	0.00011163	9.4107e-06	0.00011529	4.6141e-05	3.8335e-06	
5.2434e-06	0.068297	0.0038839	1.2268e-07	4.2566e-05	0.0029242	0.01	0.00073468	0.00011384	9.6157e-06	0.00011462	4.6417e-05	3.8895e-06	
5.2112e-06	0.068218	0.0038846	1.4409e-07	4.3397e-05	0.0029249	0.01	0.00073802	0.00011627	9.8383e-06	0.00011398	4.6734e-05	3.9493e-06	
5.1714e-06	0.068139	0.0038852	1.6346e-07	4.421e-05	0.0029255	0.01	0.00074135	0.00011861	1.005e-05	0.00011333	5.0324e-05	4.0045e-06	
5.1394e-06	0.068062	0.003886	1.848e-07	4.506e-05	0.0029264	0.01	0.0007447	0.00012117	1.028e-05	0.00011271	5.4133e-05	4.0637e-06	
5.1151e-06	0.067986	0.0038868	2.0838e-07	4.5951e-05	0.0029275	0.01	0.00074808	0.00012398	1.053e-05	0.00011213	5.8174e-05	4.1267e-06	
5.0831e-06	0.06791	0.0038877	2.2971e-07	4.6822e-05	0.0029285	0.01	0.00075144	0.00012669	1.0767e-05	0.00011153	6.2117e-05	4.1852e-06	
5.0587e-06	0.067835	0.0038886	2.5345e-07	4.7733e-05	0.0029297	0.01	0.00075482	0.00012966	1.1025e-05	0.00011097	6.6302e-05	4.2477e-06	
5.042e-06	0.067762	0.0038897	2.7988e-07	4.8688e-05	0.0029311	0.01	0.00075823	0.00013291	1.1303e-05	0.00011044	7.0743e-05	4.3143e-06	
5.0177e-06	0.067689	0.0038907	3.0392e-07	4.9622e-05	0.0029324	0.01	0.00076162	0.00013605	1.1569e-05	0.0001099	7.508e-05	4.3763e-06	
5.5181e-06	0.067615	0.0038917	3.2554e-07	5.0535e-05	0.0029337	0.01	0.000765	0.00013906	1.182e-05	0.00010933	7.9308e-05	4.4336e-06	
6.0523e-06	0.06754	0.0038926	3.4998e-07	5.1491e-05	0.0029351	0.01	0.0007684	0.00014237	1.2096e-05	0.0001088	8.3801e-05	4.4952e-06	
6.57e-06	0.067464	0.0038935	3.7192e-07	5.2426e-05	0.0029365	0.01	0.00077178	0.00014556	1.2358e-05	0.00010825	8.8181e-05	4.5521e-06	
7.1185e-06	0.067391	0.0038944	3.9686e-07	5.3406e-05	0.0029381	0.01	0.00077519	0.00014905	1.2644e-05	0.00010774	8.9427e-05	4.6132e-06	
7.6506e-06	0.067316	0.0038954	4.1929e-07	5.4365e-05	0.0029396	0.01	0.00077859	0.00015242	1.2916e-05	0.00010721	9.0631e-05	4.6697e-06	
8.2147e-06	0.067244	0.0038964	4.4491e-07	5.5369e-05	0.0029413	0.01	0.00078201	0.00015323	1.3212e-05	0.00010671	9.1928e-05	4.7307e-06	
8.762e-06	0.067171	0.0038974	4.6787e-07	5.6345e-05	0.002943	0.01	0.00078541	0.00015398	1.3495e-05	0.0001062	9.3177e-05	5.4134e-06	
9.2921e-06	0.067097	0.0038983	4.9421e-07	5.7367e-05	0.0029448	0.01	0.00078884	0.00015383	1.3765e-05	0.00010572	9.4523e-05	6.1245e-06	
9.7936e-06	0.067023	0.0038992	5.179e-07	5.8368e-05	0.0029466	0.01	0.00079225	0.00015362	1.5785e-05	0.00010522	9.5825e-05	6.8221e-06	
1.0279e-05	0.066948	0.0039	5.3507e-07	5.9347e-05	0.0029482	0.01	0.00079565	0.00015338	1.7753e-05	0.00010658	9.7084e-05	7.5064e-06	
1.0795e-05	0.066875	0.003901	5.5542e-07	6.0373e-05	0.0029501	0.01	0.00079907	0.00015323	1.9852e-05	0.000108	9.8439e-05	8.2192e-06	
1.1981e-05	0.066803	0.0039021	5.732e-07	6.1377e-05	0.0029519	0.01	0.00080248	0.00015304	2.0986e-05	0.00010939	9.9749e-05	8.9184e-06	
1.3239e-05	0.066733	0.0039033	5.5089e-07	6.2429e-05	0.0029539	0.01	0.00080591	0.00015296	2.2198e-05	0.00011085	0.00010116	9.6469e-06	
1.4572e-05	0.066665	0.0039046	5.3191e-07	6.3532e-05	0.0029562	0.01	0.00080937	0.00015107	2.3491e-05	0.00011237	0.00010267	1.0406e-05	
1.5985e-05	0.066599	0.0039061	5.1598e-07	6.4687e-05	0.0029587	0.01	0.00081286	0.00014938	2.487e-05	0.00011395	0.0001043	1.1197e-05	
1.7363e-05	0.066532	0.0039075	4.976e-07	6.5818e-05	0.0029611	0.01	0.00081633	0.0001476	2.6213e-05	0.0001155	0.00010587	1.1973e-05	
1.8707e-05	0.066465	0.0039089	4.7675e-07	6.6926e-05	0.0029634	0.01	0.00081978	0.00014575	2.7521e-05	0.00011703	0.0001074	1.2735e-05	
2.0132e-05	0.066399	0.0039104	4.5887e-07	6.8086e-05	0.0029659	0.01	0.00082326	0.00014409	2.8916e-05	0.00011862	0.00010904	1.3529e-05	
2.33e-05	0.066335	0.003912	4.3857e-07	6.9223e-05	0.0029684	0.01	0.00082672	0.00014234	2.9631e-05	0.00012017	0.00011063	1.4308e-05	
2.6657e-05	0.066272	0.0039138	4.2108e-07	7.0412e-05	0.002971	0.01	0.00083021	0.00014077	3.0397e-05	0.0001218	0.00011233	1.5119e-05	
3.0212e-05	0.066211	0.0039157	4.0619e-07	7.1657e-05	0.0029739	0.01	0.00083373	0.00013936	3.1217e-05	0.00012348	0.00011415	1.5965e-05	
3.3689e-05	0.066149	0.0039175	3.8903e-07	7.2877e-05	0.0029768	0.01	0.00083722	0.00013789	3.2014e-05	0.00012514	0.00011592	1.6795e-05	
3.7373e-05	0.066089	0.0039195	3.7433e-07	7.4153e-05	0.0029798	0.01	0.00084075	0.00013657	3.2866e-05	0.00012686	0.00011781	1.766e-05	
4.1275e-05	0.066031	0.0039216	3.6192e-07	7.5488e-05	0.0029831	0.01	0.0008443	0.00013539	3.3778e-05	0.00012865	0.00011983	1.8561e-05	
4.5091e-05	0.065972	0.0039236	3.4734e-07	7.6797e-05	0.0029863	0.01	0.00084783	0.00013415	3.4664e-05	0.00013041	0.00012179	1.9445e-05	
4.9135e-05	0.065914	0.0039258	3.3498e-07	7.8166e-05	0.0029897	0.01	0.00085139	0.00013305	3.5612e-05	0.00013225	0.00012389	2.0368e-05	
5.3424e-05	0.065858	0.0039281	3.2469e-07	7.9599e-05	0.0029933	0.01	0.00085498	0.00013208	3.6639e-05	0.00013415	0.00012613	2.1329e-05	
5.7973e-05	0.065804	0.0039305	3.1637e-07	8.1097e-05	0.0029973	0.01	0.0008586	0.00013124	3.7738e-05	0.00013613	0.00012852	2.2332e-05	
6.2799e-05	0.065751	0.0039331	3.0993e-07	8.2664e-05	0.0030014	0.01	0.00086224	0.00013051	3.8913e-05	0.00013819	0.00013107	2.3377e-05	
6.7919e-05	0.0657	0.0039358	3.0531e-07	8.42e-05	0.0030058	0.01	0.00086591	0.0001299	4.0171e-05	0.00014032	0.00013354	2.4403e-05	
6.9506e-05	0.06565	0.0039386	3.0249e-07	8.5807e-05	0.0030101	0.01	0.00086956	0.0001294	4.1521e-05	0.00014255	0.00013619	2.5473e-05	
7.1196e-05	0.065601	0.0039416	3.014e-07	8.7488e-05	0.0030147	0.01	0.00087324	0.000129	4.2964e-05	0.00014487	0.00013901	2.659e-05	
7.2842e-05	0.065552	0.0039445	3.7115e-07	8.9137e-05	0.0030191	0.01	0.0008769	0.00012856	4.4369e-05	0.00014711	0.00014175	2.7687e-05	
7.4445e-05	0.065503	0.0039473	4.3685e-07	9.0754e-05	0.0030234	0.01	0.00088055	0.00012807	4.5734e-05	0.00014931	0.00014442	2.8764e-05	
7.6153e-05	0.065455	0.0039503	5.0997e-07	9.2446e-05	0.003028	0.01	0.00088422	0.00012769	4.7195e-05	0.00015161	0.00014728	2.9888e-05	
