[2J[H     /HYPHY 2.3.14.20190729beta(MP) for Linux on x86_64\     
***************** TYPES OF STANDARD ANALYSES *****************


	(1) Selection Analyses
	(2) Evolutionary Hypothesis Testing
	(3) Relative evolutionary rate inference
	(4) Coevolutionary analysis
	(5) Basic Analyses
	(6) Codon Selection Analyses
	(7) Compartmentalization
	(8) Data File Tools
	(9) Miscellaneous
	(10) Model Comparison
	(11) Kernel Analysis Tools
	(12) Molecular Clock
	(13) Phylogeny Reconstruction
	(14) Positive Selection
	(15) Recombination
	(16) Selection/Recombination
	(17) Relative Rate
	(18) Relative Ratio
	(19) Substitution Rates

 Please select type of analyses you want to list (or press ENTER to process custom batch file):[2J[H***************** FILES IN 'Selection Analyses' ***************** 


	(1) [MEME] Test for episodic site-level selection using MEME (Mixed Effects Model of Evolution).
	(2) [FEL] Test for pervasive site-level selection using FEL (Fixed Effects Likelihood).
	(3) [SLAC] Test for pervasive site-level selection using SLAC (Single Likelihood Ancestor Counting).
	(4) [FUBAR] Test for pervasive site-level selection using FUBAR (Fast Unconstrained Bayesian AppRoximation for inferring selection).
	(5) [BUSTED] Test for episodic gene-wide selection using BUSTED (Branch-site Unrestricted Statistical Test of Episodic Diversification).
	(6) [aBSREL] Test for lineage-specific evolution using the branch-site method aBS-REL (Adaptive Branch-Site Random Effects Likelihood).
	(7) [RELAX] Test for relaxation of selection pressure along a specified set of test branches using RELAX (a random effects test of selection relaxation).

 Please select the analysis you would like to perform (or press ENTER to return to the list of analysis types):
Analysis Description
--------------------
RELAX (a random effects test of selection relaxation) uses a random
effects branch-site model framework to test whether a set of 'Test'
branches evolves under relaxed selection relative to a set of
'Reference' branches (R), as measured by the relaxation parameter (K).
Version 2.1 adds a check for stability in K estimates to try to mitigate
convergence problems

- __Requirements__: in-frame codon alignment and a phylogenetic tree, with at least two
groups of branches defined using the {} notation (one group can be
defined as all unlabeled branches)

- __Citation__: RELAX: Detecting Relaxed Selection in a Phylogenetic Framework (2015).
Mol Biol Evol 32 (3): 820-832

- __Written by__: Sergei L Kosakovsky Pond, Ben Murrell, Steven Weaver and Temple iGEM /
UCSD viral evolution group

- __Contact Information__: spond@temple.edu

- __Analysis Version__: 2.1



####Choose Genetic Code

1. [**Universal**] Universal code. (Genebank transl_table=1).
2. [**Vertebrate mtDNA**] Vertebrate mitochondrial DNA code. (Genebank transl_table=2).
3. [**Yeast mtDNA**] Yeast mitochondrial DNA code. (Genebank transl_table=3).
4. [**Mold/Protozoan mtDNA**] Mold, Protozoan and Coelenterate mitochondrial DNA and the Mycloplasma/Spiroplasma code. (Genebank transl_table=4).
5. [**Invertebrate mtDNA**] Invertebrate mitochondrial DNA code. (Genebank transl_table=5).
6. [**Ciliate Nuclear**] Ciliate, Dasycladacean and Hexamita Nuclear code. (Genebank transl_table=6).
7. [**Echinoderm mtDNA**] Echinoderm mitochondrial DNA code. (Genebank transl_table=9).
8. [**Euplotid Nuclear**] Euplotid Nuclear code. (Genebank transl_table=10).
9. [**Alt. Yeast Nuclear**] Alternative Yeast Nuclear code. (Genebank transl_table=12).
10. [**Ascidian mtDNA**] Ascidian mitochondrial DNA code. (Genebank transl_table=13).
11. [**Flatworm mtDNA**] Flatworm mitochondrial DNA code. (Genebank transl_table=14).
12. [**Blepharisma Nuclear**] Blepharisma Nuclear code. (Genebank transl_table=15).
13. [**Chlorophycean mtDNA**] Chlorophycean Mitochondrial Code (transl_table=16).
14. [**Trematode mtDNA**] Trematode Mitochondrial Code (transl_table=21).
15. [**Scenedesmus obliquus mtDNA**] Scenedesmus obliquus mitochondrial Code (transl_table=22).
16. [**Thraustochytrium mtDNA**] Thraustochytrium Mitochondrial Code (transl_table=23).
17. [**Pterobranchia mtDNA**] Pterobranchia Mitochondrial Code (transl_table=24).
18. [**SR1 and Gracilibacteria**] Candidate Division SR1 and Gracilibacteria Code (transl_table=25).
19. [**Pachysolen Nuclear**] Pachysolen tannophilus Nuclear Code (transl_table=26).

>Please choose an option (or press q to cancel selection):

>Select a coding sequence alignment file (`/usr/local/lib/hyphy/TemplateBatchFiles/SelectionAnalyses/`) 

>Please select a tree file for the data: (`/usr/local/lib/hyphy/TemplateBatchFiles/SelectionAnalyses/`) 
>Loaded a multiple sequence alignment with **30** sequences, **186** codons, and **1** partitions from `/home/ceglab5/Desktop/wrapper_relax/HYPHYMP_Relax/All_species_Relax/Primates_duplicate/Piliocolobus_tephrosceles.aln`


####Choose the set of branches to use as the _test_ set

1. [**Unlabeled branches**] Set of 56 unlabeled branches
2. [**fg**] Set fg with 1 branches

>Please choose an option (or press q to cancel selection):

### Branch sets for RELAX analysis
* Selected 1 branches as the _test_ set: `Piliocolobus_tephrosceles`
* Selected 56 branches as the _reference_ set: `Otolemur_garnettii, Propithecus_coquereli, Microcebus_murinus, Node4, Prolemur_simus, Node3, Callithrix_jacchus, Aotus_nancymaae, Node11, Saimiri_boliviensis, Cebus_imitator, Sapajus_apella, Node16, Node14, Node10, Mandrillus_leucophaeus, Cercocebus_atys, Node24, Papio_anubis, Theropithecus_gelada, Node27, Node23, Macaca_mulatta, Macaca_fascicularis, Node31, Macaca_nemestrina, Node30, Node22, Chlorocebus_sabaeus, Node21, Rhinopithecus_roxellana, Rhinopithecus_bieti, Node38, Trachypithecus_francoisi, Node37, Colobus_angolensis, Node42, Node36, Node20, Hylobates_moloch, Nomascus_leucogenys, Node46, Gorilla_gorilla, Pan_troglodytes, Pan_paniscus, Node53, Homo_sapiens, Node52, Node50, Pongo_abelii, Node49, Node45, Node19, Node9, Carlito_syrichta, Node8`


####RELAX analysis type

1. [**All**] [Default] Fit descriptive models AND run the relax test (4 models)
2. [**Minimal**] Run only the RELAX test (2 models)

>Please choose an option (or press q to cancel selection):

### Obtaining branch lengths and nucleotide substitution biases under the nucleotide GTR model
* Log(L) = -2907.75, AIC-c =  5946.02 (65 estimated parameters)

### Obtaining the global omega estimate based on relative GTR branch lengths and nucleotide substitution biases
* Log(L) = -2916.47, AIC-c =  5980.90 (73 estimated parameters)
* non-synonymous/synonymous rate ratio for *Reference* =   0.7075
* non-synonymous/synonymous rate ratio for *Test* = 10000.0000

### Improving branch lengths, nucleotide substitution biases, and global dN/dS ratios under a full codon model
* Log(L) = -2916.47, AIC-c =  5980.90 (73 estimated parameters)
* non-synonymous/synonymous rate ratio for *Reference* =   0.7093
* non-synonymous/synonymous rate ratio for *Test* = 10000.0000

### Fitting the alternative model to test K != 1
* Log(L) = -2859.03, AIC-c =  5874.24 (77 estimated parameters)
* Relaxation/intensification parameter (K) =     0.86
* The following rate distribution was inferred for **test** branches

|          Selection mode           |     dN/dS     |Proportion, %|               Notes               |
|-----------------------------------|---------------|-------------|-----------------------------------|
|        Negative selection         |     0.159     |   42.622    |                                   |
|         Neutral evolution         |     1.000     |   55.730    |                                   |
|      Diversifying selection       |    14.546     |    1.648    |                                   |

* The following rate distribution was inferred for **reference** branches

|          Selection mode           |     dN/dS     |Proportion, %|               Notes               |
|-----------------------------------|---------------|-------------|-----------------------------------|
|        Negative selection         |     0.118     |   42.622    |                                   |
|         Neutral evolution         |     1.000     |   55.730    |                                   |
|      Diversifying selection       |    22.713     |    1.648    |                                   |


### * Potential convergence issues due to flat likelihood surfaces; checking to see whether K > 1 or K < 1 is robustly inferred

### Fitting the null (K := 1) model
* Log(L) = -2859.09, AIC-c =  5872.30 (76 estimated parameters)
* The following rate distribution for test/reference branches was inferred

|          Selection mode           |     dN/dS     |Proportion, %|               Notes               |
|-----------------------------------|---------------|-------------|-----------------------------------|
|        Negative selection         |     0.190     |   47.557    |                                   |
|         Neutral evolution         |     1.000     |   50.442    |                                   |
|      Diversifying selection       |    19.874     |    2.001    |                                   |

----
## Test for relaxation (or intensification) of selection [RELAX]
Likelihood ratio test **p =   0.7238**.
>No significant evidence for relaxation (or intensification) of selection among **test** branches _relative_ to the **reference** branches at P<=0.05
----

