
Loaded 'libv3/all-terms.bf' from /usr/local/lib/hyphy/TemplateBatchFiles/libv3/all-terms.bf
Loaded 'libv3/UtilityFunctions.bf' from /usr/local/lib/hyphy/TemplateBatchFiles/libv3/UtilityFunctions.bf
Loaded 'IOFunctions.bf' from /usr/local/lib/hyphy/TemplateBatchFiles/libv3/IOFunctions.bf
Already loaded 'libv3/UtilityFunctions.bf' from /usr/local/lib/hyphy/TemplateBatchFiles/libv3/UtilityFunctions.bf
Loaded 'convenience/regexp.bf' from /usr/local/lib/hyphy/TemplateBatchFiles/libv3/convenience/regexp.bf
Already loaded 'libv3/all-terms.bf' from /usr/local/lib/hyphy/TemplateBatchFiles/libv3/all-terms.bf
Already loaded 'libv3/IOFunctions.bf' from /usr/local/lib/hyphy/TemplateBatchFiles/libv3/IOFunctions.bf
Loaded 'libv3/models/codon/MG_REV.bf' from /usr/local/lib/hyphy/TemplateBatchFiles/libv3/models/codon/MG_REV.bf
Loaded '../codon.bf' from /usr/local/lib/hyphy/TemplateBatchFiles/libv3/models/codon.bf
Loaded '../tasks/genetic_code.bf' from /usr/local/lib/hyphy/TemplateBatchFiles/libv3/tasks/genetic_code.bf
Loaded 'libv3/convenience/matrix.bf' from /usr/local/lib/hyphy/TemplateBatchFiles/libv3/convenience/matrix.bf
Already loaded 'libv3/UtilityFunctions.bf' from /usr/local/lib/hyphy/TemplateBatchFiles/libv3/UtilityFunctions.bf
Already loaded 'libv3/all-terms.bf' from /usr/local/lib/hyphy/TemplateBatchFiles/libv3/all-terms.bf
Already loaded '../UtilityFunctions.bf' from /usr/local/lib/hyphy/TemplateBatchFiles/libv3/UtilityFunctions.bf
Loaded '../DNA.bf' from /usr/local/lib/hyphy/TemplateBatchFiles/libv3/models/DNA.bf
Loaded 'frequencies.bf' from /usr/local/lib/hyphy/TemplateBatchFiles/libv3/models/frequencies.bf
Already loaded '../all-terms.bf' from /usr/local/lib/hyphy/TemplateBatchFiles/libv3/all-terms.bf
Loaded 'parameters.bf' from /usr/local/lib/hyphy/TemplateBatchFiles/libv3/models/parameters.bf
Loaded 'GrabBag' from /usr/local/lib/hyphy/TemplateBatchFiles/Utility/GrabBag.bf
Overwritten previously defined function:'_sortStringsAux'
Already loaded 'libv3/all-terms.bf' from /usr/local/lib/hyphy/TemplateBatchFiles/libv3/all-terms.bf
Already loaded '../UtilityFunctions.bf' from /usr/local/lib/hyphy/TemplateBatchFiles/libv3/UtilityFunctions.bf
Loaded 'model_functions.bf' from /usr/local/lib/hyphy/TemplateBatchFiles/libv3/models/model_functions.bf
Already loaded 'DNA.bf' from /usr/local/lib/hyphy/TemplateBatchFiles/libv3/models/DNA.bf
Already loaded 'parameters.bf' from /usr/local/lib/hyphy/TemplateBatchFiles/libv3/models/parameters.bf
Already loaded 'frequencies.bf' from /usr/local/lib/hyphy/TemplateBatchFiles/libv3/models/frequencies.bf
Already loaded '../UtilityFunctions.bf' from /usr/local/lib/hyphy/TemplateBatchFiles/libv3/UtilityFunctions.bf
Already loaded '../convenience/regexp.bf' from /usr/local/lib/hyphy/TemplateBatchFiles/libv3/convenience/regexp.bf
Already loaded 'libv3/all-terms.bf' from /usr/local/lib/hyphy/TemplateBatchFiles/libv3/all-terms.bf
Already loaded '../parameters.bf' from /usr/local/lib/hyphy/TemplateBatchFiles/libv3/models/parameters.bf
Already loaded '../frequencies.bf' from /usr/local/lib/hyphy/TemplateBatchFiles/libv3/models/frequencies.bf
Already loaded '../../UtilityFunctions.bf' from /usr/local/lib/hyphy/TemplateBatchFiles/libv3/UtilityFunctions.bf
Loaded 'libv3/tasks/estimators.bf' from /usr/local/lib/hyphy/TemplateBatchFiles/libv3/tasks/estimators.bf
Already loaded '../models/model_functions.bf' from /usr/local/lib/hyphy/TemplateBatchFiles/libv3/models/model_functions.bf
Loaded '../models/DNA/GTR.bf' from /usr/local/lib/hyphy/TemplateBatchFiles/libv3/models/DNA/GTR.bf
Already loaded '../DNA.bf' from /usr/local/lib/hyphy/TemplateBatchFiles/libv3/models/DNA.bf
Already loaded '../parameters.bf' from /usr/local/lib/hyphy/TemplateBatchFiles/libv3/models/parameters.bf
Already loaded '../frequencies.bf' from /usr/local/lib/hyphy/TemplateBatchFiles/libv3/models/frequencies.bf
Already loaded '../../UtilityFunctions.bf' from /usr/local/lib/hyphy/TemplateBatchFiles/libv3/UtilityFunctions.bf
Already loaded 'libv3/all-terms.bf' from /usr/local/lib/hyphy/TemplateBatchFiles/libv3/all-terms.bf
Already loaded '../convenience/regexp.bf' from /usr/local/lib/hyphy/TemplateBatchFiles/libv3/convenience/regexp.bf
Already loaded 'libv3/all-terms.bf' from /usr/local/lib/hyphy/TemplateBatchFiles/libv3/all-terms.bf
Loaded 'libv3/tasks/alignments.bf' from /usr/local/lib/hyphy/TemplateBatchFiles/libv3/tasks/alignments.bf
Already loaded '../IOFunctions.bf' from /usr/local/lib/hyphy/TemplateBatchFiles/libv3/IOFunctions.bf
Already loaded '../all-terms.bf' from /usr/local/lib/hyphy/TemplateBatchFiles/libv3/all-terms.bf
Loaded 'libv3/tasks/trees.bf' from /usr/local/lib/hyphy/TemplateBatchFiles/libv3/tasks/trees.bf
Already loaded '../IOFunctions.bf' from /usr/local/lib/hyphy/TemplateBatchFiles/libv3/IOFunctions.bf
Already loaded '../all-terms.bf' from /usr/local/lib/hyphy/TemplateBatchFiles/libv3/all-terms.bf
Already loaded '../convenience/regexp.bf' from /usr/local/lib/hyphy/TemplateBatchFiles/libv3/convenience/regexp.bf
Already loaded '../UtilityFunctions.bf' from /usr/local/lib/hyphy/TemplateBatchFiles/libv3/UtilityFunctions.bf
Loaded 'TreeTools' from /usr/local/lib/hyphy/TemplateBatchFiles/TreeTools.ibf
Loaded 'modules/io_functions.ibf' from /usr/local/lib/hyphy/TemplateBatchFiles/SelectionAnalyses/modules/io_functions.ibf
Already loaded 'libv3/UtilityFunctions.bf' from /usr/local/lib/hyphy/TemplateBatchFiles/libv3/UtilityFunctions.bf
Already loaded 'libv3/IOFunctions.bf' from /usr/local/lib/hyphy/TemplateBatchFiles/libv3/IOFunctions.bf
Already loaded 'libv3/convenience/regexp.bf' from /usr/local/lib/hyphy/TemplateBatchFiles/libv3/convenience/regexp.bf
Already loaded 'libv3/all-terms.bf' from /usr/local/lib/hyphy/TemplateBatchFiles/libv3/all-terms.bf
Loaded 'modules/selection_lib.ibf' from /usr/local/lib/hyphy/TemplateBatchFiles/SelectionAnalyses/modules/selection_lib.ibf
Loaded 'libv3/models/codon/BS_REL.bf' from /usr/local/lib/hyphy/TemplateBatchFiles/libv3/models/codon/BS_REL.bf
Already loaded '../codon.bf' from /usr/local/lib/hyphy/TemplateBatchFiles/libv3/models/codon.bf
Already loaded '../DNA.bf' from /usr/local/lib/hyphy/TemplateBatchFiles/libv3/models/DNA.bf
Already loaded '../parameters.bf' from /usr/local/lib/hyphy/TemplateBatchFiles/libv3/models/parameters.bf
Already loaded '../frequencies.bf' from /usr/local/lib/hyphy/TemplateBatchFiles/libv3/models/frequencies.bf
Already loaded '../../UtilityFunctions.bf' from /usr/local/lib/hyphy/TemplateBatchFiles/libv3/UtilityFunctions.bf
Already loaded 'MG_REV.bf' from /usr/local/lib/hyphy/TemplateBatchFiles/libv3/models/codon/MG_REV.bf
Loaded '../../convenience/math.bf' from /usr/local/lib/hyphy/TemplateBatchFiles/libv3/convenience/math.bf
Already loaded 'libv3/UtilityFunctions.bf' from /usr/local/lib/hyphy/TemplateBatchFiles/libv3/UtilityFunctions.bf
Already loaded 'libv3/convenience/math.bf' from /usr/local/lib/hyphy/TemplateBatchFiles/libv3/convenience/math.bf
Loaded 'libv3/tasks/mpi.bf' from /usr/local/lib/hyphy/TemplateBatchFiles/libv3/tasks/mpi.bf
Already loaded '../all-terms.bf' from /usr/local/lib/hyphy/TemplateBatchFiles/libv3/all-terms.bf
Already loaded '../models/parameters.bf' from /usr/local/lib/hyphy/TemplateBatchFiles/libv3/models/parameters.bf
Variable 'NORMALIZE_SEQUENCE_NAMES' was not initialized prior to being used
Variable 'ASSUME_REVERSIBLE_MODELS' was not initialized prior to being used
Loaded 'modules/shared-load-file.bf' from /usr/local/lib/hyphy/TemplateBatchFiles/SelectionAnalyses/modules/shared-load-file.bf
Variable 'MARKDOWN_OUTPUT' was not initialized prior to being used
Already loaded 'libv3/convenience/matrix.bf' from /usr/local/lib/hyphy/TemplateBatchFiles/libv3/convenience/matrix.bf
Already loaded 'libv3/UtilityFunctions.bf' from /usr/local/lib/hyphy/TemplateBatchFiles/libv3/UtilityFunctions.bf
Variable 'iSKH_NwE.skipCodeSelectionStep' was not initialized prior to being used
Row and/or column partition is empty. All the data will be used by default.
Variable 'NEXUS_FILE_TREE_MATRIX' was not initialized prior to being used
Variable 'utility.ToggleEnvVariable.cache' was not initialized prior to being used
Variable 'TREE_NODE_NAME_MAPPING' was not initialized prior to being used
Variable 'WBH_mMEa.PROMPT_FOR_FILE' was not initialized prior to being used
Variable 'END_OF_FILE' was not initialized prior to being used
Variable '_DO_TREE_REBALANCE_' was not initialized prior to being used
Variable '_KEEP_I_LABELS_' was not initialized prior to being used
Rooted topology. Removing one branch - the left root child has been promoted to be the new root
Variable 'INCLUDE_MODEL_SPECS' was not initialized prior to being used
Variable 'utility.ForEachPair.warn_non_rentrant' was not initialized prior to being used
Row and/or column partition is empty. All the data will be used by default.
Row and/or column partition is empty. All the data will be used by default.
Loaded 'modules/grid_compute.ibf' from /usr/local/lib/hyphy/TemplateBatchFiles/SelectionAnalyses/modules/grid_compute.ibf
Variable 'SDPsVQqg.cache' was not initialized prior to being used
Row and/or column partition is empty. All the data will be used by default.
Variable 'COUNT_GAPS_IN_FREQUENCIES' was not initialized prior to being used
Variable 'LdMpvOTX.model_pi' was not initialized prior to being used
Model LdMpvOTX.model assigned to Cavia_porcellus
Model LdMpvOTX.model assigned to Cavia_aperea
Model LdMpvOTX.model assigned to Sciurus_vulgaris
Model LdMpvOTX.model assigned to Urocitellus_parryii
Model LdMpvOTX.model assigned to Node4
The tips of the tree:LdMpvOTX.tree_0 were matched with the species names from the data in the following numeric order (0-based) {1,2,3,0}

Pseudo-optimal path's cost 276 vs 364 for 1..k=> a 1.31884 x improvement
Partition 0 is ASSUMED to have a reversible model
Variable 'USE_LAST_RESULTS' was not initialized prior to being used
Variable 'LdMpvOTX.tree_0.Cavia_porcellus.t' was not initialized prior to being used
models.generic.SetBranchLength: LdMpvOTX.tree_0.Cavia_porcellus.t=15.1317523805575
Variable 'LdMpvOTX.tree_0.Cavia_aperea.t' was not initialized prior to being used
models.generic.SetBranchLength: LdMpvOTX.tree_0.Cavia_aperea.t=15.1317523805575
Variable 'LdMpvOTX.tree_0.Sciurus_vulgaris.t' was not initialized prior to being used
models.generic.SetBranchLength: LdMpvOTX.tree_0.Sciurus_vulgaris.t=92.82151319128791
Variable 'LdMpvOTX.tree_0.Urocitellus_parryii.t' was not initialized prior to being used
models.generic.SetBranchLength: LdMpvOTX.tree_0.Urocitellus_parryii.t=92.82151319128791
Variable 'LdMpvOTX.tree_0.Node4.t' was not initialized prior to being used
models.generic.SetBranchLength: LdMpvOTX.tree_0.Node4.t=102.1216086476481
Variable 'LdMpvOTX.LdMpvOTX.likelihoodFunction' was not initialized prior to being used
Variable 'SAVE_OPT_STATUS_TO' was not initialized prior to being used
Auto-benchmarked an optimal number (1) of threads.
Set GUI update interval to every 13157-th LF evaluation.
Optimization settings:
	OPTIMIZATION_METHOD = 4
	OPTIMIZATION_PRECISION = 0.001
	MAXIMUM_ITERATIONS_PER_VARIABLE = 5000

Initial parameter values

LdMpvOTX.model.theta_AC = 0.25
LdMpvOTX.model.theta_AT = 0.25
LdMpvOTX.model.theta_CG = 0.25
LdMpvOTX.model.theta_CT = 1
LdMpvOTX.model.theta_GT = 0.25
LdMpvOTX.tree_0.Cavia_porcellus.t = 15.1318
LdMpvOTX.tree_0.Cavia_aperea.t = 15.1318
LdMpvOTX.tree_0.Sciurus_vulgaris.t = 92.8215
LdMpvOTX.tree_0.Urocitellus_parryii.t = 92.8215
LdMpvOTX.tree_0.Node4.t = 102.122
Optimization finished in 26 loop passes.
1477 likelihood evaluation calls and 5633 matrix exponentiations calls were made

Variable 'BRANCH_LENGTH_STENCIL' was not initialized prior to being used
Variable 'LdMpvOTX.option' was not initialized prior to being used
Variable 'relax.terms.json.nucleotide_gtr' was not initialized prior to being used
Variable 'Unknown' was not initialized prior to being used
Variable 'afpJwsjN.initial_value' was not initialized prior to being used
Variable 'WsTzaExr.data_filter' was not initialized prior to being used
Row and/or column partition is empty. All the data will be used by default.
Auto-benchmarked an optimal number (5) of threads.
Set GUI update interval to every 4629-th LF evaluation.
Optimization settings:
	OPTIMIZATION_METHOD = 4
	OPTIMIZATION_PRECISION = 0.001
	MAXIMUM_ITERATIONS_PER_VARIABLE = 5000

Initial parameter values

frequencies._aux.CF3x4.p0_0 = 0.263889
frequencies._aux.CF3x4.p0_1 = 0.386792
frequencies._aux.CF3x4.p0_2 = 0.573077
frequencies._aux.CF3x4.p1_0 = 0.263455
frequencies._aux.CF3x4.p1_1 = 0.319976
frequencies._aux.CF3x4.p1_2 = 0.404679
frequencies._aux.CF3x4.p2_0 = 0.167535
frequencies._aux.CF3x4.p2_1 = 0.326382
frequencies._aux.CF3x4.p2_2 = 0.620743
Optimization finished in 4 loop passes.
162 likelihood evaluation calls and 0 matrix exponentiations calls were made

Variable 'WsTzaExr.model_MGREV_pi' was not initialized prior to being used
Model WsTzaExr.model_MGREV assigned to Cavia_porcellus
Model WsTzaExr.model_MGREV assigned to Cavia_aperea
Model WsTzaExr.model_MGREV assigned to Sciurus_vulgaris
Model WsTzaExr.model_MGREV assigned to Urocitellus_parryii
Model WsTzaExr.model_MGREV assigned to Node4
The tips of the tree:WsTzaExr.tree_0 were matched with the species names from the data in the following numeric order (0-based) {1,2,3,0}

Pseudo-optimal path's cost 652 vs 680 for 1..k=> a 1.04294 x improvement
Partition 0 is ASSUMED to have a reversible model
Variable 'WsTzaExr.WsTzaExr.likelihoodFunction' was not initialized prior to being used
Variable 'WsTzaExr.tree_0.Cavia_porcellus.alpha' was not initialized prior to being used
Variable 'WsTzaExr.tree_0.Cavia_aperea.alpha' was not initialized prior to being used
Variable 'WsTzaExr.tree_0.Sciurus_vulgaris.alpha' was not initialized prior to being used
Variable 'WsTzaExr.tree_0.Urocitellus_parryii.alpha' was not initialized prior to being used
Variable 'WsTzaExr.tree_0.Node4.alpha' was not initialized prior to being used
Site 2 evaluated to a 0 probability in ComputeTreeBlockByBranch
Site 2 evaluated to a 0 probability in ComputeTreeBlockByBranch
Site 74 evaluated to a 0 probability in ComputeTreeBlockByBranch
Site 2 evaluated to a 0 probability in ComputeTreeBlockByBranch
Site 99 evaluated to a 0 probability in ComputeTreeBlockByBranch
Site 51 evaluated to a 0 probability in ComputeTreeBlockByBranch
Auto-benchmarked an optimal number (2) of threads.
Set GUI update interval to every 1285-th LF evaluation.
Initial guess for WsTzaExr.tree_0.Cavia_aperea.alpha is 2.06618e-06
Initial guess for WsTzaExr.tree_0.Node4.alpha is 0.000341398
Initial guess for WsTzaExr.tree_0.Sciurus_vulgaris.alpha is 1.5061e-06
Initial guess for WsTzaExr.tree_0.Urocitellus_parryii.alpha is 0.000106272
Optimization settings:
	OPTIMIZATION_METHOD = 4
	OPTIMIZATION_PRECISION = 0.001
	MAXIMUM_ITERATIONS_PER_VARIABLE = 5000

Initial parameter values

WsTzaExr.model_MGREV.theta_CT = 1
WsTzaExr.model_MGREV.theta_GT = 1
WsTzaExr.model_MGREV.theta_CG = 1
WsTzaExr.model_MGREV.theta_AC = 1
WsTzaExr.model_MGREV.theta_AT = 1
WsTzaExr.model_MGREV.omega_0 = 1
WsTzaExr.tree_0.Cavia_porcellus.alpha = 0.1
WsTzaExr.tree_0.Cavia_aperea.alpha = 2.06618e-06
WsTzaExr.tree_0.Sciurus_vulgaris.alpha = 1.5061e-06
WsTzaExr.tree_0.Urocitellus_parryii.alpha = 0.000106272
WsTzaExr.tree_0.Node4.alpha = 0.000341398
WsTzaExr.model_MGREV.omega_1 = 1
Failing bound checks on WsTzaExr.tree_0.Sciurus_vulgaris.beta =         10000.58285576161
Site 129 evaluated to a 0 probability in ComputeLLWithBranchCache
Optimization finished in 32 loop passes.
1513 likelihood evaluation calls and 5171 matrix exponentiations calls were made

Row and/or column partition is empty. All the data will be used by default.
Auto-benchmarked an optimal number (3) of threads.
Set GUI update interval to every 5263-th LF evaluation.
Optimization settings:
	OPTIMIZATION_METHOD = 4
	OPTIMIZATION_PRECISION = 0.001
	MAXIMUM_ITERATIONS_PER_VARIABLE = 5000

Initial parameter values

frequencies._aux.CF3x4.p0_0 = 0.263889
frequencies._aux.CF3x4.p0_1 = 0.386792
frequencies._aux.CF3x4.p0_2 = 0.573077
frequencies._aux.CF3x4.p1_0 = 0.263455
frequencies._aux.CF3x4.p1_1 = 0.319976
frequencies._aux.CF3x4.p1_2 = 0.404679
frequencies._aux.CF3x4.p2_0 = 0.167535
frequencies._aux.CF3x4.p2_1 = 0.326382
frequencies._aux.CF3x4.p2_2 = 0.620743
Optimization finished in 4 loop passes.
160 likelihood evaluation calls and 0 matrix exponentiations calls were made

Variable 'WsTzaExr.model_MGREV_pi' was not initialized prior to being used
Model WsTzaExr.model_MGREV assigned to Cavia_porcellus
Model WsTzaExr.model_MGREV assigned to Cavia_aperea
Model WsTzaExr.model_MGREV assigned to Sciurus_vulgaris
Model WsTzaExr.model_MGREV assigned to Urocitellus_parryii
Model WsTzaExr.model_MGREV assigned to Node4
The tips of the tree:WsTzaExr.tree_0 were matched with the species names from the data in the following numeric order (0-based) {1,2,3,0}

Pseudo-optimal path's cost 652 vs 680 for 1..k=> a 1.04294 x improvement
Partition 0 is ASSUMED to have a reversible model
Variable 'WsTzaExr.tree_0.Sciurus_vulgaris.alpha' was not initialized prior to being used
Variable 'WsTzaExr.tree_0.Urocitellus_parryii.alpha' was not initialized prior to being used
Variable 'WsTzaExr.tree_0.Cavia_aperea.alpha' was not initialized prior to being used
Variable 'WsTzaExr.tree_0.Cavia_porcellus.alpha' was not initialized prior to being used
Variable 'WsTzaExr.tree_0.Node4.alpha' was not initialized prior to being used
Site 2 evaluated to a 0 probability in ComputeTreeBlockByBranch
Site 2 evaluated to a 0 probability in ComputeTreeBlockByBranch
Site 74 evaluated to a 0 probability in ComputeTreeBlockByBranch
Site 2 evaluated to a 0 probability in ComputeTreeBlockByBranch
Site 99 evaluated to a 0 probability in ComputeTreeBlockByBranch
Site 51 evaluated to a 0 probability in ComputeTreeBlockByBranch
Auto-benchmarked an optimal number (2) of threads.
Set GUI update interval to every 1305-th LF evaluation.
Initial guess for WsTzaExr.tree_0.Cavia_aperea.alpha is 2.06618e-06
Initial guess for WsTzaExr.tree_0.Node4.alpha is 0.000341398
Initial guess for WsTzaExr.tree_0.Sciurus_vulgaris.alpha is 1.5061e-06
Initial guess for WsTzaExr.tree_0.Urocitellus_parryii.alpha is 0.000106272
Optimization settings:
	OPTIMIZATION_METHOD = 4
	OPTIMIZATION_PRECISION = 0.001
	MAXIMUM_ITERATIONS_PER_VARIABLE = 5000

Initial parameter values

WsTzaExr.model_MGREV.theta_AT = 1
WsTzaExr.model_MGREV.theta_AC = 1
WsTzaExr.model_MGREV.theta_CG = 1
WsTzaExr.model_MGREV.theta_CT = 1
WsTzaExr.model_MGREV.theta_GT = 1
WsTzaExr.model_MGREV.omega_0 = 1
WsTzaExr.tree_0.Cavia_porcellus.alpha = 0.1
WsTzaExr.tree_0.Cavia_aperea.alpha = 2.06618e-06
WsTzaExr.tree_0.Sciurus_vulgaris.alpha = 1.5061e-06
WsTzaExr.tree_0.Urocitellus_parryii.alpha = 0.000106272
WsTzaExr.tree_0.Node4.alpha = 0.000341398
WsTzaExr.model_MGREV.omega_1 = 1
Failing bound checks on WsTzaExr.tree_0.Sciurus_vulgaris.beta =         10000.58285576161
Site 129 evaluated to a 0 probability in ComputeLLWithBranchCache
Failing bound checks on WsTzaExr.tree_0.Urocitellus_parryii.beta =         10000.38754570008
Failing bound checks on WsTzaExr.tree_0.Urocitellus_parryii.beta =         13109.64198475832
Optimization finished in 28 loop passes.
1475 likelihood evaluation calls and 4952 matrix exponentiations calls were made

Overwritten previously defined function:'SfVqWXtF.rate_generator'
Overwritten previously defined function:'SfVqWXtF.rate_generator'
Auto-benchmarked an optimal number (2) of threads.
Set GUI update interval to every 4098-th LF evaluation.
Optimization settings:
	OPTIMIZATION_METHOD = 4
	OPTIMIZATION_PRECISION = 0.001
	MAXIMUM_ITERATIONS_PER_VARIABLE = 5000

Initial parameter values

frequencies._aux.CF3x4.p0_0 = 0.263889
frequencies._aux.CF3x4.p0_1 = 0.386792
frequencies._aux.CF3x4.p0_2 = 0.573077
frequencies._aux.CF3x4.p1_0 = 0.263455
frequencies._aux.CF3x4.p1_1 = 0.319976
frequencies._aux.CF3x4.p1_2 = 0.404679
frequencies._aux.CF3x4.p2_0 = 0.167535
frequencies._aux.CF3x4.p2_1 = 0.326382
frequencies._aux.CF3x4.p2_2 = 0.620743
Optimization finished in 4 loop passes.
159 likelihood evaluation calls and 0 matrix exponentiations calls were made

Variable 'relax.test_pi' was not initialized prior to being used
Overwritten previously defined function:'SfVqWXtF.rate_generator'
Overwritten previously defined function:'SfVqWXtF.rate_generator'
Overwritten previously defined function:'SfVqWXtF.rate_generator'
Auto-benchmarked an optimal number (4) of threads.
Set GUI update interval to every 3731-th LF evaluation.
Optimization settings:
	OPTIMIZATION_METHOD = 4
	OPTIMIZATION_PRECISION = 0.001
	MAXIMUM_ITERATIONS_PER_VARIABLE = 5000

Initial parameter values

frequencies._aux.CF3x4.p0_0 = 0.263889
frequencies._aux.CF3x4.p0_1 = 0.386792
frequencies._aux.CF3x4.p0_2 = 0.573077
frequencies._aux.CF3x4.p1_0 = 0.263455
frequencies._aux.CF3x4.p1_1 = 0.319976
frequencies._aux.CF3x4.p1_2 = 0.404679
frequencies._aux.CF3x4.p2_0 = 0.167535
frequencies._aux.CF3x4.p2_1 = 0.326382
frequencies._aux.CF3x4.p2_2 = 0.620743
Optimization finished in 4 loop passes.
161 likelihood evaluation calls and 0 matrix exponentiations calls were made

Variable 'relax.reference_pi' was not initialized prior to being used
No nodel was assigned to Cavia_porcellus
No nodel was assigned to Cavia_aperea
No nodel was assigned to Sciurus_vulgaris
No nodel was assigned to Urocitellus_parryii
No nodel was assigned to Node4
The tips of the tree:yPUzzeWA.tree_id_0 were matched with the species names from the data in the following numeric order (0-based) {1,2,3,0}

Pseudo-optimal path's cost 652 vs 680 for 1..k=> a 1.04294 x improvement
Partition 0 is ASSUMED to have a reversible model
relax.reference.theta_AC was already constrained in estimators.SetGlobals2
relax.reference.theta_AG was already constrained in estimators.SetGlobals2
relax.reference.theta_AT was already constrained in estimators.SetGlobals2
relax.reference.theta_CG was already constrained in estimators.SetGlobals2
relax.reference.theta_CT was already constrained in estimators.SetGlobals2
relax.reference.theta_GT was already constrained in estimators.SetGlobals2
relax.test.theta_AG was already constrained in estimators.SetGlobals2
Variable 'yPUzzeWA.tree_id_0.Cavia_porcellus.t' was not initialized prior to being used
models.generic.SetBranchLength: yPUzzeWA.tree_id_0.Cavia_porcellus.t=0.01932521234219814
Variable 'yPUzzeWA.tree_id_0.Cavia_aperea.t' was not initialized prior to being used
models.generic.SetBranchLength: yPUzzeWA.tree_id_0.Cavia_aperea.t=0
Variable 'yPUzzeWA.tree_id_0.Sciurus_vulgaris.t' was not initialized prior to being used
models.generic.SetBranchLength: yPUzzeWA.tree_id_0.Sciurus_vulgaris.t=1.662985938657258
Variable 'yPUzzeWA.tree_id_0.Urocitellus_parryii.t' was not initialized prior to being used
models.generic.SetBranchLength: yPUzzeWA.tree_id_0.Urocitellus_parryii.t=2.656304155449297
Variable 'yPUzzeWA.tree_id_0.Node4.t' was not initialized prior to being used
models.generic.SetBranchLength: yPUzzeWA.tree_id_0.Node4.t=4.359204257302572
Variable 'yPUzzeWA.yPUzzeWA.likelihoodFunction' was not initialized prior to being used
Auto-benchmarked an optimal number (2) of threads.
Set GUI update interval to every 59-th LF evaluation.
Optimization settings:
	OPTIMIZATION_METHOD = 4
	OPTIMIZATION_PRECISION = 0.001
	MAXIMUM_ITERATIONS_PER_VARIABLE = 5000

Initial parameter values

relax.reference.bsrel_mixture_aux_1 = 0.818182
relax.reference.omega2 = 0.4601
relax.reference.omega3 = 7.27482
relax.reference.omega1 = 0.145496
relax.test.theta_AC = 0.485989
relax.reference.bsrel_mixture_aux_0 = 0.45
relax.test.theta_AT = 0.287111
relax.test.theta_GT = 0.529094
relax.test.theta_CG = 0.27954
relax.test.theta_CT = 0.823009
relax.K = 1
yPUzzeWA.tree_id_0.Cavia_porcellus.t = 0.0193252
yPUzzeWA.tree_id_0.Cavia_aperea.t = 0
yPUzzeWA.tree_id_0.Sciurus_vulgaris.t = 1.66299
yPUzzeWA.tree_id_0.Urocitellus_parryii.t = 2.6563
yPUzzeWA.tree_id_0.Node4.t = 4.3592
Optimization finished in 26 loop passes.
2244 likelihood evaluation calls and 26976 matrix exponentiations calls were made

Variable 'MPI_NODE_COUNT' was not initialized prior to being used
Variable 'LhAiQrHF.yPUzzeWA.likelihoodFunction' was not initialized prior to being used
Auto-benchmarked an optimal number (2) of threads.
Set GUI update interval to every 57-th LF evaluation.
Optimization settings:
	OPTIMIZATION_METHOD = 4
	OPTIMIZATION_PRECISION = 0.001
	MAXIMUM_ITERATIONS_PER_VARIABLE = 5000

Initial parameter values

relax.reference.omega2 = 0.315567
relax.reference.omega3 = 3.1554
relax.reference.bsrel_mixture_aux_1 = 0.853872
relax.test.theta_AC = 0.503472
relax.test.theta_AT = 0.121076
relax.test.theta_CG = 0.121283
relax.reference.omega1 = 0
relax.reference.bsrel_mixture_aux_0 = 0.374569
relax.test.theta_GT = 0.561655
relax.test.theta_CT = 0.856637
yPUzzeWA.tree_id_0.Cavia_porcellus.t = 0
yPUzzeWA.tree_id_0.Cavia_aperea.t = 0.0114498
yPUzzeWA.tree_id_0.Sciurus_vulgaris.t = 0.200499
yPUzzeWA.tree_id_0.Urocitellus_parryii.t = 2.67502
yPUzzeWA.tree_id_0.Node4.t = 2.22365
Optimization finished in 46 loop passes.
3472 likelihood evaluation calls and 42213 matrix exponentiations calls were made

Variable 'USE_JSON_FOR_MATRIX' was not initialized prior to being used