      9    417

Columba_livia                   ATG CCA GCT TCT CTA AGA AAA CTG CAG CAA ATG GCT GTT TTC ATG GGT CTG TTC AGT GGC GGG GGA TGC ATC GTG ATG TAT AAT CTT ATG CAA AAA AGT TTT GCC CGG ACC CAG TAT TAC CAG CAG GCC TTG GAG CAA CTG AAC AGC AAT CCC GAT GCC TTG GAA GCC CTG GGT GCC CCA CCT CTT AAG GTT CAC AAC ATC CGA CTG ACA GAT GGG AGT AAT CGC GTG GAC ACA GAA AGA GCA CGG ATA AAG TTA CCA GTA TCT GGA ACA AAA TCA GCA GGG TAC CTT TAC ATT AAC TCG GAG ATG GAC CAC TCC CGT CAA TGC TGG TGC CTT CAG GAT GTC ACC TTG AAA CTG CGA GAT GGT CAG AGT ATT CCT GTT TAC CGC TCC CCG GTG GAG ACC AGT GGT GTG CAA GAA GGC 
Rhynochetus_jubatus             ATG CCA GCT TCT CTA AGA CAG CTG CAG CAA ATG GCT GTT TTC CTG GGA CTG TTC AGT GGC GGG GGA TGC CTC GTG ATG TAT AAT CTT ATG CAA AAG GGT TTT GCC AGG ACC CAG TAT TAC CAG CAG GCT TTG GAG CAA TTG AAC AGC AAT CCT GAT GCC CTG GAA GCC CTG GGT GCT CCC CCT CTT AAG GTT CAC AAC ATC CGA CTG ACG GAT GGG AGT AAC CGT GTG GAC ACG GAA AGA GCA CAG ATA AAG TTG CCA GTA TCT GGA ACA AAA TCA GCG GGG TAC CTC TAC ATT AAC TCA GAG ATG GAC CAC TCC CAT CAA CGC TGG TGC CTT CAG GAT GTC ACC TTG AAA CTG CGG GAC GGT CAG AAT ATT CCG GTT TAC CGC TCC CCG GTG GAA CGC GTC GGC GTG CGA GAA GGC 
Eurypyga_helias                 ATG CCA GCT TCT CTA AGA AAA CTG CAG CAA ATG GCT GTT TTC ATG GGA CTG TTC AGT GGC GGG GGA TGC CTC GTG ATG TAT AAT CTT ATG CAA AAG GCC TTT GCC AGG ACC CAG TAT TAC CAG CAG GCT TTG GAG CAA TTG AAC AGC AAT CCC GAC GCC CTG GAA GCC CTG GGT GCC CCC CCT CTT AAG GTT CAC AAC ATC CGA CTG ACG GAT GGG AAT AAC CGG GTG GAC ACA GAA CGA GCA CAG ATA AAG TTA CCG GTA TCT GGA ACA AAA TCA GCA GGG TAC CTC TAC ATT AAC TCA GAG ATG GAC CAC TCC CGT CAA TGC TGG TGC CTT CAG GAT GTC ACC TTG AAA CTG CGG GAC GGT CAG AAT ATC CCA GTT TAC CAC TCC CCA GTG GAA CGC GTC GGT GTG CAC GAA GGC 
Pterocles_gutturalis            ATG CCA GCT TCT CTA AGA AAA CTG CAG CAA ATG GCT GTT TTC ATG GGA TTG TTC AGC GGC GGG GGA TGC ATC GTG ATG TAT AAT CTT ATG CAG AAA AGT TTT GCC AGG ACC CAG TAT TAC CAG CAG GCT TTG GAG CAA CTG AAC AGC AAT CCT GAT GCC CTG GAA GCA CTG GGT TCC CCA CCT CTT AAG GTT CAC AAC ATC CGA CTG ACA GAT GGG AGT AAT CAT GTG GAC ACA GAA AGA GCA CAG ATA AAG TTA CCA GTA TCT GGA ACA AAA TCA GCA GGG TAC CTC TAC ATT GAC TCT GAG ATG GAC CAC TCC CGC CAA TGC TGG TGC CTT CGG GAT GTC ACC TTG AAA CTG CGG GAT GGT CAG AAT ATT CCT GTT TAC CAC TCC TCG GTG GAA AGC ATT GGT GTG CAG GAA GGC 
Opisthocomus_hoazin             ATG CCA GCT TCT CTA AGA AAA CTG CAG CAA ATG GCT GTT TTC ATG GGA CTG TTC AGC GGC GGG GGA TGC ATC GTG ATG TAT AAT CTT ATG CAA AAA AGT TTT GCC AGG ACC CAG TAC TAT CAG CAG GCT TTG GAG CAA CTG AAC AGC AAT CCC AAT GCC CTG GAA GCC CTG GGT GCC CCC CCT CTC AAG GTT CAC AAC ATC CGA CTG ATG GAT GGG AGT AAC CGT GTG GAC ACA GAA AGA GCA CAG ATC AAG CTA CCA GTG TCT GGA GCA AAA TCA GCA GGG GAC CTC TGT ATT AAC TCA GAG ATG GAC CAC TCC CGT CAA TGC TGG TGC CTT CAG GAT GTC ACC TTG AAA CTG AGG GAT GGT CAG AGA ATT CCT GTT TAC CAC TCC CCG GTG GAA AGC ATT AGT GTG CAA GAA GGC 
Mesitornis_unicolor             ATG CCA GCT TCT CTA AGA AAA CTG CAG CAA ATG GCT GTT TTC ATG GGA CTG TTC AGT GGC GGA GGA TGC ATC GTG ATG TAT AAT CTT ATG CAA AAG AGT TTT GCA AGG ACC CAG TAT TAT CAG CAG GCT TTG GAA CAA CTG AAC AGC AAT CCT AAT GCC CTG GAA GCC CTG GGC GCC CCT CCT CTT AAA GTT CAC AAC ATC CGA CTG ACG GAT GGG AGT AAC CGT GTG GAC ACA GAG AGA GCA CAG ATA AAG TTA CCA GTA TCT GGA ACA AAA TCA GCA GGG TAC CTC CAC ATT AAC TCA GAG ATG GAC CAC TCC CGT CAA TGC TGG TGT CTT CAG GAT GTC ACC TTG AAA CTG CGA GAC GGT CAG AAT ATC CCC ATC TAC CAC TCC CTG GTG CAA AGC ATT GGT GTG CAA GAA GGC 
Cariama_cristata                ATG CCA GCT TCT CTA AGA AAA CTG CAG CAA ATG GCT GTT TTC ATG GGC CTG TTC AGC GGC GGG GGA TGC ATC GTG ATG TAT AAT CTT ATG CAA AAA AGT TTT GCC AGG ACC CAG TAT TAC CAG CAG GCT TTG GAG CAA CTG AAC AGC AAT CCT GAT GCC CTG GAA GCC CTG GGT GCT CCT CCT CTG AAG GTT CAC AAC ATC CGA CTG ACG GAT GGG AGC AAT CGT GTG GAC ACA GAC AGA GCA CAG ATA AAG TTA CCA GTA TCT GGG ACA AAA TCA GCG GGG TAC CTC TAC ATT AAC TCA GAG ATG GAC CAC TCC CAC CAA CGC TGG TGC CTT CAG GAT GTT ACG TTG AAA CTG CGG GAT GGT CAG AAT ATT CCC GTT TAC CAC GCC CCG GTG GAA AGC ATT GGT GTG CAA GAA GGC 
Balearica_regulorum_gibbericeps  ATG CCA GCT TCT CTA AGA AAA CTG AAG CAA ATG GCT GTT TTC ATG GGA CTG TTC AGC AGC GGG GGA TGC ATC GTG ATG TAT AAT CTT ATG CAA AAG AGT TTT GCC AGG ACC CAG TAT TAC CAA CAG GCT TTG GAG AAA TTG AAC AGC AGT CCC GAT GCA CTG GAA GCT CTG GGT GCC CCC CCT CTT AAG GTT CAC AAC ATC CGA CTG ACG GAC AGG AGT AAC CTC GTG GAT GCG GAA AGA GCA CAG ATA AAG TTA CCA GTA TCT GGA ACA AAA TCA GCG GGG TAC CTC TAT ATT AAC TCA GAG ATG GAC CAC TCC CAT CAA TGC TGG TGC CTT CAG GAT GTC ACC TTG AAA CTG CGC GAT GGT CAG AAT ATT CCA GTT TAC CAC TCC CCC GTG GAA AGC ATT GGT GTG CAA GAA GGT 
Chlamydotis_macqueenii          ATG CCA GCT TCT CTA AGA AAA CTG CAG CAA ATG GCT GTT TTT ATG GGA CTG TTC AGC GGT GGG GGA TGC ATC GTG ATG TAT AAT CTT ATG CAA AAG GGT TTT GCC AGG ACA CAG TAT TAT CAG CAG GCT TTG GAG CAA TTG AAC AGC AAT ACG GAT GCC CTG GAA GCC CTG GGT GCC CCT CCT CTT AAG GTT CAC AAC ATC CGA CTG ACG GAT GGG AGT AAT CGT GTG GAC ACG GAA AGA GCC CAG ATA AAG TTG CCG GTA TCT GGA ACA AAA TCA GCG GGG TAC CTC TAT ATT AAC TCA GAG ATG GAC CAC TCC CGT CAA TGC TGG TGC CTT CAG GAT GTC ACC TTG AAA CTA CGG GAT GGT CAG AAT ATT CCA GTT TAC CAC TCC CCA GTG GAA AGC ATC GGT GTG CAA GAA GGC 



Printing out site pattern counts


         9        354  P

Columba_livia                   AAA AAA AAA AAC AAC AAG AAG AAT AAT AAT ACA ACA ACA ACC ACC ACC AGA AGA AGC AGT AGT AGT AGT AGT ATA ATC ATC ATG ATG ATT ATT CAA CAA CAA CAA CAC CAG CAG CAG CAG CCA CCA CCA CCC CCG CCT CCT CGA CGA CGC CGC CGG CGG CGT CTA CTG CTG CTG CTG CTT CTT CTT GAA GAA GAC GAC GAG GAG GAG GAT GAT GAT GAT GCA GCA GCC GCC GCC GCC GCC GCT GGA GGA GGC GGC GGG GGG GGG GGT GGT GGT GGT GTA GTC GTG GTT GTT TAC TAC TAC TAC TAT TAT TCA TCC TCC TCG TCT TGC TGC TGC TGG TTA TTC TTC TTG TTG TTT 
Rhynochetus_jubatus             ... ..G C.G ... ... ... ... ..C ... ... ... ..G ..G ... ... CG. ... ... ... .A. ... ... G.. GTC ... ... C.. ... C.. ... ... ... ... ... .G. ... ... ... ... ... ... ... ..C ..T ... ..G ... ... ..G ... ..T A.. .A. .A. ... ... ... ... T.. ..C ... ... ... ... ... ... ..A ... ... ..C ... ... ... ... ..G ... ... ... ..T ..T ... ... ... ... ... ... ... ... ..A ..C ... ... ... ... ... ... ... ... ... ... ... ... ... ... ... ... ..A ... C.. ... ... ... ..G ... ... C.. ... ... 
Eurypyga_helias                 ... ..G ... ... ... ... ... ..C ... ... ... ... ..G ... ... CG. ... C.. ... .A. .A. ... GCC GTC ... ... C.. ... ... ..C ... ... ... ... ..C ... ... ... ... ... ... ..G ..C ... ..A ..A ... ... ..G .A. ..G A.. .A. ... ... ... ... ... T.. ..C ... ... ... ... ... ... ..A ... ... ..C ..C ... ... ... ... ... ... ... ... ..T ... ... ... ... ... ... ... ... ..A ... ... ... ... ... ... ... ... ... ... ... ... ... ... ... ... ... ..A ... ... ... ... ... ... ... ... C.. ... ... 
Pterocles_gutturalis            ... ... ... ... G.. ... ... ... ... ... ... ... ... ... ... .G. ... ... ... .A. ... ..C ... .T. ... ... ... ... ... ... ... ... ... ..G ..G ... ... ... ... .G. ... ... ... ..T T.. ... ... ... ..G .A. .AT A.. .A. ..C ... ... ... T.. ... ..C ... ... ... ... ... ... ..A ... ... ... ... ... ... ... ... ..A ... ... T.. ..T ... ... ... ... ... ... ... ... ..A ... ... ... ... ... ... ... ... ... ... ... ... ... ... ... ... ... ..T ... ... ... ... ... ... ... ... C.. ... ... 
Opisthocomus_hoazin             ... ... ... ... ... ... ... ..C ... ... G.. ... .TG ... ... .G. ... ... ... ..A ... ..C ... .T. ..C ... ... ... ... ... ... ... ... ... ... ... ... ... ... ... ... ... ..C ... ... ... ... ... A.G .A. ..T A.. .A. ... ... ... ... ... ... ..C ..C ... ... ... ... ... ..A ... ... ... A.. ... ... ... ... ... ... ... ... ..T ... ... ... ... ... ... ... ... ..A A.. ... ... ..G ... ... ... ... G.. ... ..T .GT ..C ... ... ... ... ..A ... ... ... ... ... C.. ... ... C.. ... ... 
Mesitornis_unicolor             ... ..G ... ... ... ..A ... ..C ... ... ... ... ..G ... ... .G. ... ... ... .A. ... ... ... .T. ... ... ... ... ... ..C ... ... ... ... ... ... ... ... ... ... ... ... ..T ..T .T. ..C ... ... ... .A. ..T A.. .A. ... ... ... ... ... ... ..C ... ... ... ..G ... ... C.A ..A ... ..C A.. ... ... ... ... ... ..A ... ... ..T ... ... ... ... ... ..A ... ... ..A ... ..C ... ... ... ... A.C ... ... ... ..T C.. ... ... ... ... ... ..A ... ... ... ..T ... ... ... ... C.. ... ... 
Cariama_cristata                ... ... ... ... ... ... ... ... ... ... ... ... ..G ... ..G .G. ... ... ... .A. ..C ..C ... .T. ... ... ... ... ... ... ... ... ... ... ... ... ... ... ... ... ... ... ..T ..T ... ..C ... ... ..G .A. ..T A.. .A. .AC ... ... ... ... ... ..C ..G ... ... ..C ... ... ..A ... ... ... ... ... ... ... ..G ... ... ... ..T ..T ... ... ..G ... ... ... ... ... ..C ... ... ... ... ..T ... ... ... ... ... ... ... ... ... ... G.. ... ..A ... C.. ... ... ... ... ... ... C.. ... ... 
Balearica_regulorum_gibbericeps  ... ..G ... ... ... ... ... ..C ... .G. ... G.G ..G ... ... .G. ... ... ... .A. ... ..C ... .T. ... ... ... ... ... ... ... A.. ... ... ... ... A.. ..A ... ... ... ... ..C ... ..C ..A ... ... ..C .A. .T. A.. .A. .A. ... ... ... ... T.. ..C ... ... ... ... ... ..T ..A ... ... ... ... ..C ... ... ..G ..T ... ..A ... ..T ... ... ... A.. ..T ... A.. ... ..A ... ... ... ... ... ... ... ... ... ... ... ..T ... ... ... ... ... ..A ... ... ... ... ... ... ... ... C.. ... ... 
Chlamydotis_macqueenii          ... ..G ... ... ... ... ... ... ... ... ... ..G ..G ..A ... .G. ... ... ... .A. ... ..C G.. .TC ... ... ... ... ... ... ... ... ... ... ... ... ... ... ... ... ... ..G ..T A.G ..A ..A ... ... ..G .A. ..T A.. .A. ... ... ..A ... ... T.. ..C ... ... ... ... ... ... ..A ... ... ... ... ... ... ..C ..G ... ... ... ... ..T ... ... ... ..T ... ... ... ... ..A ... ... ... ... ... ... ... ... ... ... ..T ..T ... ... ... ... ... ..A ... ... ... ... ... ..G ... ..T C.. ... ... 

    2    1    1    2    1    1    1    1    1    1    1    1    1    1    1
    1    1    1    1    1    1    1    1    1    1    1    1    5    1    1
    1    1    2    1    1    2    1    1    3    1    1    1    1    1    1
    1    1    1    1    1    1    1    1    1    1    1    3    1    1    1
    1    2    2    1    1    1    1    1    1    1    1    1    1    1    1
    1    1    1    1    1    2    1    1    1    1    1    1    1    1    1
    1    1    1    1    4    1    2    1    1    1    1    1    1    1    1
    1    1    2    1    1    1    1    1    1    1    1    2    1

CODONML (in paml version 4.9f, October 2017)  Birds_group5.aln
Model: free dN/dS Ratios for branches for branches, 
Codon frequency model: F3x4
ns =   9  ls = 139

Codon usage in sequences
--------------------------------------------------------------------------------------------------------------------------------------
Phe TTT   1   1   1   1   1   1 | Ser TCT   2   2   2   3   2   2 | Tyr TAT   2   2   2   2   2   3 | Cys TGT   0   0   0   0   1   1
    TTC   2   2   2   2   2   2 |     TCC   2   2   2   3   2   2 |     TAC   4   4   4   4   2   2 |     TGC   3   2   3   3   3   2
Leu TTA   1   0   1   1   0   1 |     TCA   1   2   2   1   2   2 | *** TAA   0   0   0   0   0   0 | *** TGA   0   0   0   0   0   0
    TTG   3   4   3   3   2   2 |     TCG   1   0   0   1   0   0 |     TAG   0   0   0   0   0   0 | Trp TGG   1   1   1   1   1   1
--------------------------------------------------------------------------------------------------------------------------------------
Leu CTT   4   3   3   3   2   3 | Pro CCT   2   2   1   3   2   3 | His CAT   0   1   0   1   0   0 | Arg CGT   1   1   1   0   2   2
    CTC   0   2   2   1   2   1 |     CCC   1   1   2   0   2   1 |     CAC   2   2   4   3   3   4 |     CGC   2   3   1   1   0   0
    CTA   1   1   1   1   2   1 |     CCA   3   2   3   3   2   2 | Gln CAA   5   4   4   3   5   6 |     CGA   2   2   2   1   1   2
    CTG   6   7   6   6   7   8 |     CCG   1   2   1   0   1   0 |     CAG   6   8   7   8   7   7 |     CGG   2   1   2   2   0   0
--------------------------------------------------------------------------------------------------------------------------------------
Ile ATT   2   2   1   3   3   2 | Thr ACT   0   0   0   0   0   0 | Asn AAT   3   3   4   4   3   4 | Ser AGT   5   2   1   2   3   3
    ATC   2   1   2   2   3   4 |     ACC   3   2   2   2   2   2 |     AAC   3   4   4   2   4   4 |     AGC   1   1   1   3   3   2
    ATA   1   1   1   1   0   1 |     ACA   3   1   2   3   1   2 | Lys AAA   4   2   3   4   4   4 | Arg AGA   2   2   1   2   3   2
Met ATG   6   5   6   6   7   6 |     ACG   0   2   1   0   0   1 |     AAG   2   3   3   2   2   2 |     AGG   0   1   1   1   2   1
--------------------------------------------------------------------------------------------------------------------------------------
Val GTT   3   3   3   3   3   2 | Ala GCT   2   4   3   3   3   3 | Asp GAT   4   3   2   4   3   2 | Gly GGT   4   3   3   3   2   2
    GTC   1   2   2   1   1   1 |     GCC   5   3   5   2   4   3 |     GAC   2   3   4   3   3   3 |     GGC   2   3   2   2   2   3
    GTA   1   1   1   1   0   1 |     GCA   2   1   2   3   3   3 | Glu GAA   3   4   4   4   4   3 |     GGA   2   3   3   3   3   4
    GTG   4   4   4   4   5   4 |     GCG   0   1   0   0   0   0 |     GAG   3   2   2   2   2   2 |     GGG   3   3   3   3   3   2
--------------------------------------------------------------------------------------------------------------------------------------

--------------------------------------------------------------------------------------
Phe TTT   1   1   2 | Ser TCT   2   2   2 | Tyr TAT   2   3   4 | Cys TGT   0   0   0
    TTC   2   2   1 |     TCC   1   2   2 |     TAC   4   3   2 |     TGC   2   3   3
Leu TTA   1   1   0 |     TCA   2   2   2 | *** TAA   0   0   0 | *** TGA   0   0   0
    TTG   2   3   4 |     TCG   0   0   0 |     TAG   0   0   0 | Trp TGG   1   1   1
--------------------------------------------------------------------------------------
Leu CTT   2   3   3 | Pro CCT   3   1   2 | His CAT   0   1   0 | Arg CGT   1   0   2
    CTC   1   2   1 |     CCC   1   3   0 |     CAC   4   3   3 |     CGC   1   1   0
    CTA   1   1   2 |     CCA   2   3   3 | Gln CAA   5   5   5 |     CGA   1   1   1
    CTG   8   6   5 |     CCG   1   0   1 |     CAG   7   5   7 |     CGG   1   0   1
--------------------------------------------------------------------------------------
Ile ATT   3   3   2 | Thr ACT   0   0   0 | Asn AAT   4   2   4 | Ser AGT   1   3   1
    ATC   2   2   3 |     ACC   1   2   1 |     AAC   3   4   3 |     AGC   4   4   3
    ATA   1   1   1 |     ACA   2   1   2 | Lys AAA   4   4   3 | Arg AGA   2   2   2
Met ATG   6   6   6 |     ACG   2   1   3 |     AAG   2   4   3 |     AGG   1   2   1
--------------------------------------------------------------------------------------
Val GTT   4   3   3 | Ala GCT   4   4   3 | Asp GAT   4   4   4 | Gly GGT   3   4   5
    GTC   0   1   1 |     GCC   4   2   5 |     GAC   3   2   2 |     GGC   3   0   1
    GTA   1   1   1 |     GCA   1   2   0 | Glu GAA   3   4   4 |     GGA   1   3   3
    GTG   4   4   4 |     GCG   1   2   1 |     GAG   2   2   2 |     GGG   4   2   3
--------------------------------------------------------------------------------------

Codon position x base (3x4) table for each sequence.

#1: Columba_livia  
position  1:    T:0.16547    C:0.27338    A:0.26619    G:0.29496
position  2:    T:0.27338    C:0.20144    A:0.30935    G:0.21583
position  3:    T:0.25180    C:0.25180    A:0.22302    G:0.27338
Average         T:0.23022    C:0.24221    A:0.26619    G:0.26139

#2: Rhynochetus_jubatus
position  1:    T:0.15827    C:0.30216    A:0.23022    G:0.30935
position  2:    T:0.28058    C:0.19424    A:0.32374    G:0.20144
position  3:    T:0.23022    C:0.26619    A:0.18705    G:0.31655
Average         T:0.22302    C:0.25420    A:0.24700    G:0.27578

#3: Eurypyga_helias
position  1:    T:0.16547    C:0.28777    A:0.23741    G:0.30935
position  2:    T:0.28058    C:0.20144    A:0.33813    G:0.17986
position  3:    T:0.19424    C:0.30216    A:0.21583    G:0.28777
Average         T:0.21343    C:0.26379    A:0.26379    G:0.25899

#4: Pterocles_gutturalis
position  1:    T:0.17986    C:0.25899    A:0.26619    G:0.29496
position  2:    T:0.28058    C:0.19424    A:0.33094    G:0.19424
position  3:    T:0.25180    C:0.24460    A:0.22302    G:0.28058
Average         T:0.23741    C:0.23261    A:0.27338    G:0.25659

#5: Opisthocomus_hoazin
position  1:    T:0.14388    C:0.27338    A:0.28777    G:0.29496
position  2:    T:0.28777    C:0.18705    A:0.31655    G:0.20863
position  3:    T:0.23022    C:0.27338    A:0.21583    G:0.28058
Average         T:0.22062    C:0.24460    A:0.27338    G:0.26139

#6: Mesitornis_unicolor
position  1:    T:0.15108    C:0.28777    A:0.28777    G:0.27338
position  2:    T:0.28777    C:0.18705    A:0.33094    G:0.19424
position  3:    T:0.23741    C:0.25899    A:0.24460    G:0.25899
Average         T:0.22542    C:0.24460    A:0.28777    G:0.24221

#7: Cariama_cristata
position  1:    T:0.14388    C:0.28058    A:0.27338    G:0.30216
position  2:    T:0.28058    C:0.19424    A:0.33813    G:0.18705
position  3:    T:0.24460    C:0.25899    A:0.19424    G:0.30216
Average         T:0.22302    C:0.24460    A:0.26859    G:0.26379

#8: Balearica_regulorum_gibbericeps
position  1:    T:0.16547    C:0.25180    A:0.29496    G:0.28777
position  2:    T:0.28777    C:0.19424    A:0.33094    G:0.18705
position  3:    T:0.24460    C:0.25899    A:0.22302    G:0.27338
Average         T:0.23261    C:0.23501    A:0.28297    G:0.24940

#9: Chlamydotis_macqueenii
position  1:    T:0.16547    C:0.25899    A:0.27338    G:0.30216
position  2:    T:0.28058    C:0.19424    A:0.33094    G:0.19424
position  3:    T:0.26619    C:0.22302    A:0.20863    G:0.30216
Average         T:0.23741    C:0.22542    A:0.27098    G:0.26619

Sums of codon usage counts
------------------------------------------------------------------------------
Phe F TTT      10 | Ser S TCT      19 | Tyr Y TAT      22 | Cys C TGT       2
      TTC      17 |       TCC      18 |       TAC      29 |       TGC      24
Leu L TTA       6 |       TCA      16 | *** * TAA       0 | *** * TGA       0
      TTG      26 |       TCG       2 |       TAG       0 | Trp W TGG       9
------------------------------------------------------------------------------
Leu L CTT      26 | Pro P CCT      19 | His H CAT       3 | Arg R CGT      10
      CTC      12 |       CCC      11 |       CAC      28 |       CGC       9
      CTA      11 |       CCA      23 | Gln Q CAA      42 |       CGA      13
      CTG      59 |       CCG       7 |       CAG      62 |       CGG       9
------------------------------------------------------------------------------
Ile I ATT      21 | Thr T ACT       0 | Asn N AAT      31 | Ser S AGT      21
      ATC      21 |       ACC      17 |       AAC      31 |       AGC      22
      ATA       8 |       ACA      17 | Lys K AAA      32 | Arg R AGA      18
Met M ATG      54 |       ACG      10 |       AAG      23 |       AGG      10
------------------------------------------------------------------------------
Val V GTT      27 | Ala A GCT      29 | Asp D GAT      30 | Gly G GGT      29
      GTC      10 |       GCC      33 |       GAC      25 |       GGC      18
      GTA       8 |       GCA      17 | Glu E GAA      33 |       GGA      25
      GTG      37 |       GCG       5 |       GAG      19 |       GGG      26
------------------------------------------------------------------------------


Codon position x base (3x4) table, overall

position  1:    T:0.15987    C:0.27498    A:0.26859    G:0.29656
position  2:    T:0.28217    C:0.19424    A:0.32774    G:0.19584
position  3:    T:0.23901    C:0.25979    A:0.21503    G:0.28617
Average         T:0.22702    C:0.24301    A:0.27045    G:0.25953

Codon frequencies under model, for use in evolver (TTT TTC TTA TTG ... GGG):
  0.01114999  0.01211956  0.01003126  0.01335016
  0.00767549  0.00834292  0.00690537  0.00919005
  0.01295041  0.01407654  0.00000000  0.00000000
  0.00773866  0.00841159  0.00000000  0.00926569
  0.01917798  0.02084564  0.01725377  0.02296227
  0.01320184  0.01434983  0.01187724  0.01580689
  0.02227471  0.02421164  0.02003979  0.02667006
  0.01331050  0.01446793  0.01197500  0.01593699
  0.01873198  0.02036085  0.01685252  0.02242826
  0.01289482  0.01401611  0.01160103  0.01543929
  0.02175670  0.02364858  0.01957375  0.02604982
  0.01300095  0.01413147  0.01169651  0.01556636
  0.02068323  0.02248178  0.01860799  0.02476454
  0.01423803  0.01547612  0.01280947  0.01704754
  0.02402302  0.02611198  0.02161268  0.02876335
  0.01435522  0.01560350  0.01291490  0.01718785


TREE #  1:  (1, 5, ((7, ((8, 9), ((2, 3), 6))), 4));   MP score: 142
lnL(ntime: 15  np: 31):  -1296.978146      +0.000000
  10..1    10..5    10..11   11..12   12..7    12..13   13..14   14..8    14..9    13..15   15..16   16..2    16..3    15..6    11..4  
 0.131144 0.127924 0.006987 0.000004 0.122083 0.031460 0.023298 0.143296 0.118549 0.020423 0.031376 0.104532 0.084845 0.157097 0.103142 3.956774 0.124847 0.290162 999.000000 0.000100 0.132094 0.000100 0.000100 0.295637 0.058924 0.000100 7.610213 0.313053 0.148932 0.128894 0.233688

Note: Branch length is defined as number of nucleotide substitutions per codon (not per neucleotide site).

tree length =  1.206160

(1: 0.131144, 5: 0.127924, ((7: 0.122083, ((8: 0.143296, 9: 0.118549): 0.023298, ((2: 0.104532, 3: 0.084845): 0.031376, 6: 0.157097): 0.020423): 0.031460): 0.000004, 4: 0.103142): 0.006987);

(Columba_livia: 0.131144, Opisthocomus_hoazin: 0.127924, ((Cariama_cristata: 0.122083, ((Balearica_regulorum_gibbericeps: 0.143296, Chlamydotis_macqueenii: 0.118549): 0.023298, ((Rhynochetus_jubatus: 0.104532, Eurypyga_helias: 0.084845): 0.031376, Mesitornis_unicolor: 0.157097): 0.020423): 0.031460): 0.000004, Pterocles_gutturalis: 0.103142): 0.006987);

Detailed output identifying parameters

kappa (ts/tv) =  3.95677

w (dN/dS) for branches:  0.12485 0.29016 999.00000 0.00010 0.13209 0.00010 0.00010 0.29564 0.05892 0.00010 7.61021 0.31305 0.14893 0.12889 0.23369

dN & dS for each branch

 branch          t       N       S   dN/dS      dN      dS  N*dN  S*dS

  10..1      0.131   293.8   123.2  0.1248  0.0142  0.1140   4.2  14.0
  10..5      0.128   293.8   123.2  0.2902  0.0248  0.0853   7.3  10.5
  10..11     0.007   293.8   123.2 999.0000  0.0033  0.0000   1.0   0.0
  11..12     0.000   293.8   123.2  0.0001  0.0000  0.0000   0.0   0.0
  12..7      0.122   293.8   123.2  0.1321  0.0138  0.1047   4.1  12.9
  12..13     0.031   293.8   123.2  0.0001  0.0000  0.0355   0.0   4.4
  13..14     0.023   293.8   123.2  0.0001  0.0000  0.0263   0.0   3.2
  14..8      0.143   293.8   123.2  0.2956  0.0280  0.0948   8.2  11.7
  14..9      0.119   293.8   123.2  0.0589  0.0069  0.1173   2.0  14.4
  13..15     0.020   293.8   123.2  0.0001  0.0000  0.0230   0.0   2.8
  15..16     0.031   293.8   123.2  7.6102  0.0141  0.0018   4.1   0.2
  16..2      0.105   293.8   123.2  0.3131  0.0211  0.0675   6.2   8.3
  16..3      0.085   293.8   123.2  0.1489  0.0105  0.0706   3.1   8.7
  15..6      0.157   293.8   123.2  0.1289  0.0175  0.1356   5.1  16.7
  11..4      0.103   293.8   123.2  0.2337  0.0175  0.0747   5.1   9.2

tree length for dN:       0.1717
tree length for dS:       0.9512

dS tree:
(Columba_livia: 0.114008, Opisthocomus_hoazin: 0.085299, ((Cariama_cristata: 0.104737, ((Balearica_regulorum_gibbericeps: 0.094818, Chlamydotis_macqueenii: 0.117263): 0.026276, ((Rhynochetus_jubatus: 0.067523, Eurypyga_helias: 0.070633): 0.001849, Mesitornis_unicolor: 0.135562): 0.023034): 0.035482): 0.000005, Pterocles_gutturalis: 0.074722): 0.000003);
dN tree:
(Columba_livia: 0.014234, Opisthocomus_hoazin: 0.024751, ((Cariama_cristata: 0.013835, ((Balearica_regulorum_gibbericeps: 0.028032, Chlamydotis_macqueenii: 0.006910): 0.000003, ((Rhynochetus_jubatus: 0.021138, Eurypyga_helias: 0.010520): 0.014069, Mesitornis_unicolor: 0.017473): 0.000002): 0.000004): 0.000000, Pterocles_gutturalis: 0.017462): 0.003305);

w ratios as labels for TreeView:
(Columba_livia #0.124847 , Opisthocomus_hoazin #0.290162 , ((Cariama_cristata #0.132094 , ((Balearica_regulorum_gibbericeps #0.295637 , Chlamydotis_macqueenii #0.0589243 ) #0.0001 , ((Rhynochetus_jubatus #0.313053 , Eurypyga_helias #0.148932 ) #7.61021 , Mesitornis_unicolor #0.128894 ) #0.0001 ) #0.0001 ) #0.0001 , Pterocles_gutturalis #0.233688 ) #999 );


Time used:  1:15
