
Loaded 'libv3/convenience/matrix.bf' from /usr/local/lib/hyphy/TemplateBatchFiles/libv3/convenience/matrix.bf
Loaded 'libv3/UtilityFunctions.bf' from /usr/local/lib/hyphy/TemplateBatchFiles/libv3/UtilityFunctions.bf
Loaded 'IOFunctions.bf' from /usr/local/lib/hyphy/TemplateBatchFiles/libv3/IOFunctions.bf
Already loaded 'libv3/UtilityFunctions.bf' from /usr/local/lib/hyphy/TemplateBatchFiles/libv3/UtilityFunctions.bf
Loaded 'convenience/regexp.bf' from /usr/local/lib/hyphy/TemplateBatchFiles/libv3/convenience/regexp.bf
Loaded 'libv3/all-terms.bf' from /usr/local/lib/hyphy/TemplateBatchFiles/libv3/all-terms.bf
Variable 'skipCodeSelectionStep' was not initialized prior to being used
Row and/or column partition is empty. All the data will be used by default.
Overwritten previously defined function:'GaussLaguerreQuardature'
Overwritten previously defined function:'GammaQuadWeight'
Variable 'SKIP_HARVEST_FREQ' was not initialized prior to being used
Variable '_WRAP_PASSTHROUGH_FLAG_' was not initialized prior to being used
Variable 'END_OF_FILE' was not initialized prior to being used
Variable '_DO_TREE_REBALANCE_' was not initialized prior to being used
Variable '_KEEP_I_LABELS_' was not initialized prior to being used
Model MG94customModel assigned to Columba_livia
Columba_livia has 2 parameters - branch length not assigned
Model MG94customModel assigned to Opisthocomus_hoazin
Opisthocomus_hoazin has 2 parameters - branch length not assigned
Model MG94customModel assigned to Node1
Node1 has 2 parameters - branch length not assigned
Model MG94customModel assigned to Cariama_cristata
Cariama_cristata has 2 parameters - branch length not assigned
Model MG94customModel assigned to Balearica_regulorum_gibbericeps
Balearica_regulorum_gibbericeps has 2 parameters - branch length not assigned
Model MG94customModel assigned to Chlamydotis_macqueenii
Chlamydotis_macqueenii has 2 parameters - branch length not assigned
Model MG94customModel assigned to Node8
Node8 has 2 parameters - branch length not assigned
Model MG94customModel assigned to Rhynochetus_jubatus
Rhynochetus_jubatus has 2 parameters - branch length not assigned
Model MG94customModel assigned to Eurypyga_helias
Eurypyga_helias has 2 parameters - branch length not assigned
Model MG94customModel assigned to Node12
Node12 has 2 parameters - branch length not assigned
Model MG94customModel assigned to Mesitornis_unicolor
Mesitornis_unicolor has 2 parameters - branch length not assigned
Model MG94customModel assigned to Node11
Node11 has 2 parameters - branch length not assigned
Model MG94customModel assigned to Node7
Node7 has 2 parameters - branch length not assigned
Model MG94customModel assigned to Node5
Node5 has 2 parameters - branch length not assigned
Model MG94customModel assigned to Pterocles_gutturalis
Pterocles_gutturalis has 2 parameters - branch length not assigned
Model MG94customModel assigned to Node4
Node4 has 2 parameters - branch length not assigned
Rooted tree. Removing one branch - the left root child has been promoted to be the new root
The tips of the tree:givenTree were matched with the species names from the data in the following numeric order (0-based) {0,4,6,7,8,1,2,5,3}

Pseudo-optimal path's cost 1513 vs 1755 for 1..k=> a 1.15995 x improvement
Partition 0 reversible model flag computed as 1
Variable 'theLnLik' was not initialized prior to being used
Variable 'SAVE_OPT_STATUS_TO' was not initialized prior to being used
Variable 'givenTree.Columba_livia.nonSynRate' was not initialized prior to being used
Variable 'givenTree.Columba_livia.synRate' was not initialized prior to being used
Variable 'givenTree.Opisthocomus_hoazin.nonSynRate' was not initialized prior to being used
Variable 'givenTree.Opisthocomus_hoazin.synRate' was not initialized prior to being used
Variable 'givenTree.Cariama_cristata.nonSynRate' was not initialized prior to being used
Variable 'givenTree.Cariama_cristata.synRate' was not initialized prior to being used
Variable 'givenTree.Balearica_regulorum_gibbericeps.nonSynRate' was not initialized prior to being used
Variable 'givenTree.Balearica_regulorum_gibbericeps.synRate' was not initialized prior to being used
Variable 'givenTree.Chlamydotis_macqueenii.nonSynRate' was not initialized prior to being used
Variable 'givenTree.Chlamydotis_macqueenii.synRate' was not initialized prior to being used
Variable 'givenTree.Rhynochetus_jubatus.nonSynRate' was not initialized prior to being used
Variable 'givenTree.Rhynochetus_jubatus.synRate' was not initialized prior to being used
Variable 'givenTree.Eurypyga_helias.nonSynRate' was not initialized prior to being used
Variable 'givenTree.Eurypyga_helias.synRate' was not initialized prior to being used
Variable 'givenTree.Mesitornis_unicolor.nonSynRate' was not initialized prior to being used
Variable 'givenTree.Mesitornis_unicolor.synRate' was not initialized prior to being used
Variable 'givenTree.Pterocles_gutturalis.nonSynRate' was not initialized prior to being used
Variable 'givenTree.Pterocles_gutturalis.synRate' was not initialized prior to being used
Variable 'givenTree.Node8.nonSynRate' was not initialized prior to being used
Variable 'givenTree.Node8.synRate' was not initialized prior to being used
Variable 'givenTree.Node12.nonSynRate' was not initialized prior to being used
Variable 'givenTree.Node12.synRate' was not initialized prior to being used
Variable 'givenTree.Node11.nonSynRate' was not initialized prior to being used
Variable 'givenTree.Node11.synRate' was not initialized prior to being used
Variable 'givenTree.Node7.nonSynRate' was not initialized prior to being used
Variable 'givenTree.Node7.synRate' was not initialized prior to being used
Variable 'givenTree.Node5.nonSynRate' was not initialized prior to being used
Variable 'givenTree.Node5.synRate' was not initialized prior to being used
Variable 'givenTree.Node4.nonSynRate' was not initialized prior to being used
Variable 'givenTree.Node4.synRate' was not initialized prior to being used
Site 12 evaluated to a 0 probability in ComputeTreeBlockByBranch
Site 12 evaluated to a 0 probability in ComputeTreeBlockByBranch
Site 94 evaluated to a 0 probability in ComputeTreeBlockByBranch
Site 12 evaluated to a 0 probability in ComputeTreeBlockByBranch
Site 105 evaluated to a 0 probability in ComputeTreeBlockByBranch
Site 79 evaluated to a 0 probability in ComputeTreeBlockByBranch
Site 12 evaluated to a 0 probability in ComputeTreeBlockByBranch
Site 35 evaluated to a 0 probability in ComputeTreeBlockByBranch
Site 94 evaluated to a 0 probability in ComputeTreeBlockByBranch
Site 73 evaluated to a 0 probability in ComputeTreeBlockByBranch
Site 12 evaluated to a 0 probability in ComputeTreeBlockByBranch
Site 22 evaluated to a 0 probability in ComputeTreeBlockByBranch
Site 112 evaluated to a 0 probability in ComputeTreeBlockByBranch
Site 71 evaluated to a 0 probability in ComputeTreeBlockByBranch
Site 102 evaluated to a 0 probability in ComputeTreeBlockByBranch
Site 12 evaluated to a 0 probability in ComputeTreeBlockByBranch
Site 113 evaluated to a 0 probability in ComputeTreeBlockByBranch
Site 94 evaluated to a 0 probability in ComputeTreeBlockByBranch
Site 105 evaluated to a 0 probability in ComputeTreeBlockByBranch
Site 79 evaluated to a 0 probability in ComputeTreeBlockByBranch
Site 64 evaluated to a 0 probability in ComputeTreeBlockByBranch
Site 69 evaluated to a 0 probability in ComputeTreeBlockByBranch
Site 12 evaluated to a 0 probability in ComputeTreeBlockByBranch
Site 33 evaluated to a 0 probability in ComputeTreeBlockByBranch
Site 65 evaluated to a 0 probability in ComputeTreeBlockByBranch
Site 108 evaluated to a 0 probability in ComputeTreeBlockByBranch
Site 75 evaluated to a 0 probability in ComputeTreeBlockByBranch
Site 61 evaluated to a 0 probability in ComputeTreeBlockByBranch
Site 12 evaluated to a 0 probability in ComputeTreeBlockByBranch
Site 35 evaluated to a 0 probability in ComputeTreeBlockByBranch
Site 94 evaluated to a 0 probability in ComputeTreeBlockByBranch
Site 115 evaluated to a 0 probability in ComputeTreeBlockByBranch
Site 73 evaluated to a 0 probability in ComputeTreeBlockByBranch
Site 56 evaluated to a 0 probability in ComputeTreeBlockByBranch
Site 19 evaluated to a 0 probability in ComputeTreeBlockByBranch
Site 47 evaluated to a 0 probability in ComputeTreeBlockByBranch
Auto-benchmarked an optimal number (7) of threads.
Set GUI update interval to every 422-th LF evaluation.
Initial guess for givenTree.Opisthocomus_hoazin.nonSynRate is 0.0284935
Initial guess for givenTree.Opisthocomus_hoazin.synRate is 0.0115743
Initial guess for givenTree.Node4.nonSynRate is 7.83878e-05
Initial guess for givenTree.Node4.synRate is -0.00145224
Initial guess for givenTree.Node5.nonSynRate is 0.00376014
Initial guess for givenTree.Node5.synRate is 0.000476877
Initial guess for givenTree.Cariama_cristata.nonSynRate is 0.0312525
Initial guess for givenTree.Cariama_cristata.synRate is 0.0104899
Initial guess for givenTree.Node7.nonSynRate is 0.00422043
Initial guess for givenTree.Node7.synRate is 0.00252402
Initial guess for givenTree.Node8.nonSynRate is 0.0025067
Initial guess for givenTree.Node8.synRate is 0.000837778
Initial guess for givenTree.Balearica_regulorum_gibbericeps.nonSynRate is 0.0217286
Initial guess for givenTree.Balearica_regulorum_gibbericeps.synRate is 0.0114539
Initial guess for givenTree.Chlamydotis_macqueenii.nonSynRate is 0.0317058
Initial guess for givenTree.Chlamydotis_macqueenii.synRate is 0.014808
Initial guess for givenTree.Node11.nonSynRate is 0.000982011
Initial guess for givenTree.Node11.synRate is -0.00138568
Initial guess for givenTree.Node12.nonSynRate is 0.00555733
Initial guess for givenTree.Node12.synRate is 0.0066576
Initial guess for givenTree.Rhynochetus_jubatus.nonSynRate is 0.0226522
Initial guess for givenTree.Rhynochetus_jubatus.synRate is 0.00976915
Initial guess for givenTree.Eurypyga_helias.nonSynRate is 0.026352
Initial guess for givenTree.Eurypyga_helias.synRate is 0.00478073
Initial guess for givenTree.Mesitornis_unicolor.nonSynRate is 0.019483
Initial guess for givenTree.Mesitornis_unicolor.synRate is 0.00981962
Initial guess for givenTree.Pterocles_gutturalis.nonSynRate is 0.0408693
Initial guess for givenTree.Pterocles_gutturalis.synRate is 0.00561226
Optimization settings:
	OPTIMIZATION_METHOD = 4
	OPTIMIZATION_PRECISION = 0.001
	MAXIMUM_ITERATIONS_PER_VARIABLE = 5000

Initial parameter values

GT = 1
CT = 1
AC = 1
CG = 1
AT = 1
givenTree.Columba_livia.synRate = 0.1
givenTree.Columba_livia.nonSynRate = 0.1
givenTree.Opisthocomus_hoazin.synRate = 0.0115743
givenTree.Opisthocomus_hoazin.nonSynRate = 0.0284935
givenTree.Cariama_cristata.synRate = 0.0104899
givenTree.Cariama_cristata.nonSynRate = 0.0312525
givenTree.Balearica_regulorum_gibbericeps.synRate = 0.0114539
givenTree.Balearica_regulorum_gibbericeps.nonSynRate = 0.0217286
givenTree.Chlamydotis_macqueenii.synRate = 0.014808
givenTree.Chlamydotis_macqueenii.nonSynRate = 0.0317058
givenTree.Node8.synRate = 0.000837778
givenTree.Node8.nonSynRate = 0.0025067
givenTree.Rhynochetus_jubatus.synRate = 0.00976915
givenTree.Rhynochetus_jubatus.nonSynRate = 0.0226522
givenTree.Eurypyga_helias.synRate = 0.00478073
givenTree.Eurypyga_helias.nonSynRate = 0.026352
givenTree.Node12.synRate = 0.0066576
givenTree.Node12.nonSynRate = 0.00555733
givenTree.Mesitornis_unicolor.synRate = 0.00981962
givenTree.Mesitornis_unicolor.nonSynRate = 0.019483
givenTree.Node11.synRate = 0
givenTree.Node11.nonSynRate = 0.000982011
givenTree.Node7.synRate = 0.00252402
givenTree.Node7.nonSynRate = 0.00422043
givenTree.Node5.synRate = 0.000476877
givenTree.Node5.nonSynRate = 0.00376014
givenTree.Pterocles_gutturalis.synRate = 0.00561226
givenTree.Pterocles_gutturalis.nonSynRate = 0.0408693
givenTree.Node4.synRate = 0
givenTree.Node4.nonSynRate = 7.83878e-05
Optimization finished in 28 loop passes.
3196 likelihood evaluation calls and 14347 matrix exponentiations calls were made

Variable 'lastDepth' was not initialized prior to being used
No nodel was assigned to Columba_livia
Columba_livia has 0 parameters - branch length not assigned
No nodel was assigned to Opisthocomus_hoazin
Opisthocomus_hoazin has 0 parameters - branch length not assigned
No nodel was assigned to Cariama_cristata
Cariama_cristata has 0 parameters - branch length not assigned
No nodel was assigned to Balearica_regulorum_gibbericeps
Balearica_regulorum_gibbericeps has 0 parameters - branch length not assigned
No nodel was assigned to Chlamydotis_macqueenii
Chlamydotis_macqueenii has 0 parameters - branch length not assigned
No nodel was assigned to Node8
Node8 has 0 parameters - branch length not assigned
No nodel was assigned to Rhynochetus_jubatus
Rhynochetus_jubatus has 0 parameters - branch length not assigned
No nodel was assigned to Eurypyga_helias
Eurypyga_helias has 0 parameters - branch length not assigned
No nodel was assigned to Node12
Node12 has 0 parameters - branch length not assigned
No nodel was assigned to Mesitornis_unicolor
Mesitornis_unicolor has 0 parameters - branch length not assigned
No nodel was assigned to Node11
Node11 has 0 parameters - branch length not assigned
No nodel was assigned to Node7
Node7 has 0 parameters - branch length not assigned
No nodel was assigned to Node5
Node5 has 0 parameters - branch length not assigned
No nodel was assigned to Pterocles_gutturalis
Pterocles_gutturalis has 0 parameters - branch length not assigned
No nodel was assigned to Node4
Node4 has 0 parameters - branch length not assigned
No nodel was assigned to Columba_livia
Columba_livia has 0 parameters - branch length not assigned
No nodel was assigned to Opisthocomus_hoazin
Opisthocomus_hoazin has 0 parameters - branch length not assigned
No nodel was assigned to Cariama_cristata
Cariama_cristata has 0 parameters - branch length not assigned
No nodel was assigned to Balearica_regulorum_gibbericeps
Balearica_regulorum_gibbericeps has 0 parameters - branch length not assigned
No nodel was assigned to Chlamydotis_macqueenii
Chlamydotis_macqueenii has 0 parameters - branch length not assigned
No nodel was assigned to Node8
Node8 has 0 parameters - branch length not assigned
No nodel was assigned to Rhynochetus_jubatus
Rhynochetus_jubatus has 0 parameters - branch length not assigned
No nodel was assigned to Eurypyga_helias
Eurypyga_helias has 0 parameters - branch length not assigned
No nodel was assigned to Node12
Node12 has 0 parameters - branch length not assigned
No nodel was assigned to Mesitornis_unicolor
Mesitornis_unicolor has 0 parameters - branch length not assigned
No nodel was assigned to Node11
Node11 has 0 parameters - branch length not assigned
No nodel was assigned to Node7
Node7 has 0 parameters - branch length not assigned
No nodel was assigned to Node5
Node5 has 0 parameters - branch length not assigned
No nodel was assigned to Pterocles_gutturalis
Pterocles_gutturalis has 0 parameters - branch length not assigned
No nodel was assigned to Node4
Node4 has 0 parameters - branch length not assigned
No nodel was assigned to Columba_livia
Columba_livia has 0 parameters - branch length not assigned
No nodel was assigned to Opisthocomus_hoazin
Opisthocomus_hoazin has 0 parameters - branch length not assigned
No nodel was assigned to Cariama_cristata
Cariama_cristata has 0 parameters - branch length not assigned
No nodel was assigned to Balearica_regulorum_gibbericeps
Balearica_regulorum_gibbericeps has 0 parameters - branch length not assigned
No nodel was assigned to Chlamydotis_macqueenii
Chlamydotis_macqueenii has 0 parameters - branch length not assigned
No nodel was assigned to Node8
Node8 has 0 parameters - branch length not assigned
No nodel was assigned to Rhynochetus_jubatus
Rhynochetus_jubatus has 0 parameters - branch length not assigned
No nodel was assigned to Eurypyga_helias
Eurypyga_helias has 0 parameters - branch length not assigned
No nodel was assigned to Node12
Node12 has 0 parameters - branch length not assigned
No nodel was assigned to Mesitornis_unicolor
Mesitornis_unicolor has 0 parameters - branch length not assigned
No nodel was assigned to Node11
Node11 has 0 parameters - branch length not assigned
No nodel was assigned to Node7
Node7 has 0 parameters - branch length not assigned
No nodel was assigned to Node5
Node5 has 0 parameters - branch length not assigned
No nodel was assigned to Pterocles_gutturalis
Pterocles_gutturalis has 0 parameters - branch length not assigned
No nodel was assigned to Node4
Node4 has 0 parameters - branch length not assigned
No nodel was assigned to Columba_livia
Columba_livia has 0 parameters - branch length not assigned
No nodel was assigned to Opisthocomus_hoazin
Opisthocomus_hoazin has 0 parameters - branch length not assigned
No nodel was assigned to Cariama_cristata
Cariama_cristata has 0 parameters - branch length not assigned
No nodel was assigned to Balearica_regulorum_gibbericeps
Balearica_regulorum_gibbericeps has 0 parameters - branch length not assigned
No nodel was assigned to Chlamydotis_macqueenii
Chlamydotis_macqueenii has 0 parameters - branch length not assigned
No nodel was assigned to Node8
Node8 has 0 parameters - branch length not assigned
No nodel was assigned to Rhynochetus_jubatus
Rhynochetus_jubatus has 0 parameters - branch length not assigned
No nodel was assigned to Eurypyga_helias
Eurypyga_helias has 0 parameters - branch length not assigned
No nodel was assigned to Node12
Node12 has 0 parameters - branch length not assigned
No nodel was assigned to Mesitornis_unicolor
Mesitornis_unicolor has 0 parameters - branch length not assigned
No nodel was assigned to Node11
Node11 has 0 parameters - branch length not assigned
No nodel was assigned to Node7
Node7 has 0 parameters - branch length not assigned
No nodel was assigned to Node5
Node5 has 0 parameters - branch length not assigned
No nodel was assigned to Pterocles_gutturalis
Pterocles_gutturalis has 0 parameters - branch length not assigned
No nodel was assigned to Node4
Node4 has 0 parameters - branch length not assigned
Variable 'nodeName' was not initialized prior to being used
Variable 'speciesIndex' was not initialized prior to being used
Row and/or column partition is empty. All the data will be used by default.
Model MG94customModel assigned to Columba_livia
Model MG94customModel assigned to Opisthocomus_hoazin
One branch tree supplied - hopefully this IS what you meant to do.
Rooted tree. Removing one branch - the left root child has been promoted to be the new root
Partition 0 reversible model flag computed as 1
Variable 'twoLnLik' was not initialized prior to being used
Variable 't2.Opisthocomus_hoazin.nonSynRate' was not initialized prior to being used
Variable 't2.Opisthocomus_hoazin.synRate' was not initialized prior to being used
Auto-benchmarked an optimal number (4) of threads.
Set GUI update interval to every 10000-th LF evaluation.
Optimization settings:
	OPTIMIZATION_METHOD = 4
	OPTIMIZATION_PRECISION = 0.001
	MAXIMUM_ITERATIONS_PER_VARIABLE = 5000

Initial parameter values

t2.Opisthocomus_hoazin.nonSynRate = 0.1
t2.Opisthocomus_hoazin.synRate = 0.1
Optimization finished in 6 loop passes.
59 likelihood evaluation calls and 53 matrix exponentiations calls were made

Row and/or column partition is empty. All the data will be used by default.
Model MG94customModel assigned to Columba_livia
Model MG94customModel assigned to Cariama_cristata
One branch tree supplied - hopefully this IS what you meant to do.
Rooted tree. Removing one branch - the left root child has been promoted to be the new root
Partition 0 reversible model flag computed as 1
Variable 't2.Cariama_cristata.nonSynRate' was not initialized prior to being used
Variable 't2.Cariama_cristata.synRate' was not initialized prior to being used
Auto-benchmarked an optimal number (5) of threads.
Set GUI update interval to every 9803-th LF evaluation.
Optimization settings:
	OPTIMIZATION_METHOD = 4
	OPTIMIZATION_PRECISION = 0.001
	MAXIMUM_ITERATIONS_PER_VARIABLE = 5000

Initial parameter values

t2.Cariama_cristata.nonSynRate = 0.1
t2.Cariama_cristata.synRate = 0.1
Optimization finished in 5 loop passes.
155 likelihood evaluation calls and 141 matrix exponentiations calls were made

Row and/or column partition is empty. All the data will be used by default.
Model MG94customModel assigned to Columba_livia
Model MG94customModel assigned to Balearica_regulorum_gibbericeps
One branch tree supplied - hopefully this IS what you meant to do.
Rooted tree. Removing one branch - the left root child has been promoted to be the new root
Partition 0 reversible model flag computed as 1
Variable 't2.Balearica_regulorum_gibbericeps.synRate' was not initialized prior to being used
Variable 't2.Balearica_regulorum_gibbericeps.nonSynRate' was not initialized prior to being used
Auto-benchmarked an optimal number (4) of threads.
Set GUI update interval to every 9615-th LF evaluation.
Optimization settings:
	OPTIMIZATION_METHOD = 4
	OPTIMIZATION_PRECISION = 0.001
	MAXIMUM_ITERATIONS_PER_VARIABLE = 5000

Initial parameter values

t2.Balearica_regulorum_gibbericeps.synRate = 0.1
t2.Balearica_regulorum_gibbericeps.nonSynRate = 0.1
Optimization finished in 6 loop passes.
214 likelihood evaluation calls and 197 matrix exponentiations calls were made

Row and/or column partition is empty. All the data will be used by default.
Model MG94customModel assigned to Columba_livia
Model MG94customModel assigned to Chlamydotis_macqueenii
One branch tree supplied - hopefully this IS what you meant to do.
Rooted tree. Removing one branch - the left root child has been promoted to be the new root
Partition 0 reversible model flag computed as 1
Variable 't2.Chlamydotis_macqueenii.nonSynRate' was not initialized prior to being used
Variable 't2.Chlamydotis_macqueenii.synRate' was not initialized prior to being used
Auto-benchmarked an optimal number (4) of threads.
Set GUI update interval to every 9615-th LF evaluation.
Optimization settings:
	OPTIMIZATION_METHOD = 4
	OPTIMIZATION_PRECISION = 0.001
	MAXIMUM_ITERATIONS_PER_VARIABLE = 5000

Initial parameter values

t2.Chlamydotis_macqueenii.nonSynRate = 0.1
t2.Chlamydotis_macqueenii.synRate = 0.1
Optimization finished in 5 loop passes.
150 likelihood evaluation calls and 136 matrix exponentiations calls were made

Row and/or column partition is empty. All the data will be used by default.
Model MG94customModel assigned to Columba_livia
Model MG94customModel assigned to Rhynochetus_jubatus
One branch tree supplied - hopefully this IS what you meant to do.
Rooted tree. Removing one branch - the left root child has been promoted to be the new root
Partition 0 reversible model flag computed as 1
Variable 't2.Rhynochetus_jubatus.synRate' was not initialized prior to being used
Variable 't2.Rhynochetus_jubatus.nonSynRate' was not initialized prior to being used
Auto-benchmarked an optimal number (3) of threads.
Set GUI update interval to every 9615-th LF evaluation.
Optimization settings:
	OPTIMIZATION_METHOD = 4
	OPTIMIZATION_PRECISION = 0.001
	MAXIMUM_ITERATIONS_PER_VARIABLE = 5000

Initial parameter values

t2.Rhynochetus_jubatus.synRate = 0.1
t2.Rhynochetus_jubatus.nonSynRate = 0.1
Optimization finished in 3 loop passes.
107 likelihood evaluation calls and 98 matrix exponentiations calls were made

Row and/or column partition is empty. All the data will be used by default.
Model MG94customModel assigned to Columba_livia
Model MG94customModel assigned to Eurypyga_helias
One branch tree supplied - hopefully this IS what you meant to do.
Rooted tree. Removing one branch - the left root child has been promoted to be the new root
Partition 0 reversible model flag computed as 1
Variable 't2.Eurypyga_helias.nonSynRate' was not initialized prior to being used
Variable 't2.Eurypyga_helias.synRate' was not initialized prior to being used
Auto-benchmarked an optimal number (4) of threads.
Set GUI update interval to every 9615-th LF evaluation.
Optimization settings:
	OPTIMIZATION_METHOD = 4
	OPTIMIZATION_PRECISION = 0.001
	MAXIMUM_ITERATIONS_PER_VARIABLE = 5000

Initial parameter values

t2.Eurypyga_helias.nonSynRate = 0.1
t2.Eurypyga_helias.synRate = 0.1
Optimization finished in 5 loop passes.
153 likelihood evaluation calls and 140 matrix exponentiations calls were made

Row and/or column partition is empty. All the data will be used by default.
Model MG94customModel assigned to Columba_livia
Model MG94customModel assigned to Mesitornis_unicolor
One branch tree supplied - hopefully this IS what you meant to do.
Rooted tree. Removing one branch - the left root child has been promoted to be the new root
Partition 0 reversible model flag computed as 1
Variable 't2.Mesitornis_unicolor.synRate' was not initialized prior to being used
Variable 't2.Mesitornis_unicolor.nonSynRate' was not initialized prior to being used
Auto-benchmarked an optimal number (5) of threads.
Set GUI update interval to every 9803-th LF evaluation.
Optimization settings:
	OPTIMIZATION_METHOD = 4
	OPTIMIZATION_PRECISION = 0.001
	MAXIMUM_ITERATIONS_PER_VARIABLE = 5000

Initial parameter values

t2.Mesitornis_unicolor.synRate = 0.1
t2.Mesitornis_unicolor.nonSynRate = 0.1
Optimization finished in 6 loop passes.
62 likelihood evaluation calls and 56 matrix exponentiations calls were made

Row and/or column partition is empty. All the data will be used by default.
Model MG94customModel assigned to Columba_livia
Model MG94customModel assigned to Pterocles_gutturalis
One branch tree supplied - hopefully this IS what you meant to do.
Rooted tree. Removing one branch - the left root child has been promoted to be the new root
Partition 0 reversible model flag computed as 1
Variable 't2.Pterocles_gutturalis.nonSynRate' was not initialized prior to being used
Variable 't2.Pterocles_gutturalis.synRate' was not initialized prior to being used
Auto-benchmarked an optimal number (5) of threads.
Set GUI update interval to every 9803-th LF evaluation.
Optimization settings:
	OPTIMIZATION_METHOD = 4
	OPTIMIZATION_PRECISION = 0.001
	MAXIMUM_ITERATIONS_PER_VARIABLE = 5000

Initial parameter values

t2.Pterocles_gutturalis.nonSynRate = 0.1
t2.Pterocles_gutturalis.synRate = 0.1
Optimization finished in 7 loop passes.
170 likelihood evaluation calls and 157 matrix exponentiations calls were made

Row and/or column partition is empty. All the data will be used by default.
Model MG94customModel assigned to Opisthocomus_hoazin
Model MG94customModel assigned to Cariama_cristata
One branch tree supplied - hopefully this IS what you meant to do.
Rooted tree. Removing one branch - the left root child has been promoted to be the new root
Partition 0 reversible model flag computed as 1
Variable 't2.Cariama_cristata.nonSynRate' was not initialized prior to being used
Variable 't2.Cariama_cristata.synRate' was not initialized prior to being used
Auto-benchmarked an optimal number (3) of threads.
Set GUI update interval to every 9615-th LF evaluation.
Optimization settings:
	OPTIMIZATION_METHOD = 4
	OPTIMIZATION_PRECISION = 0.001
	MAXIMUM_ITERATIONS_PER_VARIABLE = 5000

Initial parameter values

t2.Cariama_cristata.nonSynRate = 0.1
t2.Cariama_cristata.synRate = 0.1
Optimization finished in 5 loop passes.
161 likelihood evaluation calls and 146 matrix exponentiations calls were made

Row and/or column partition is empty. All the data will be used by default.
Model MG94customModel assigned to Opisthocomus_hoazin
Model MG94customModel assigned to Balearica_regulorum_gibbericeps
One branch tree supplied - hopefully this IS what you meant to do.
Rooted tree. Removing one branch - the left root child has been promoted to be the new root
Partition 0 reversible model flag computed as 1
Variable 't2.Balearica_regulorum_gibbericeps.nonSynRate' was not initialized prior to being used
Variable 't2.Balearica_regulorum_gibbericeps.synRate' was not initialized prior to being used
Auto-benchmarked an optimal number (4) of threads.
Set GUI update interval to every 9615-th LF evaluation.
Optimization settings:
	OPTIMIZATION_METHOD = 4
	OPTIMIZATION_PRECISION = 0.001
	MAXIMUM_ITERATIONS_PER_VARIABLE = 5000

Initial parameter values

t2.Balearica_regulorum_gibbericeps.nonSynRate = 0.1
t2.Balearica_regulorum_gibbericeps.synRate = 0.1
Optimization finished in 6 loop passes.
242 likelihood evaluation calls and 225 matrix exponentiations calls were made

Row and/or column partition is empty. All the data will be used by default.
Model MG94customModel assigned to Opisthocomus_hoazin
Model MG94customModel assigned to Chlamydotis_macqueenii
One branch tree supplied - hopefully this IS what you meant to do.
Rooted tree. Removing one branch - the left root child has been promoted to be the new root
Partition 0 reversible model flag computed as 1
Variable 't2.Chlamydotis_macqueenii.synRate' was not initialized prior to being used
Variable 't2.Chlamydotis_macqueenii.nonSynRate' was not initialized prior to being used
Auto-benchmarked an optimal number (4) of threads.
Set GUI update interval to every 9615-th LF evaluation.
Optimization settings:
	OPTIMIZATION_METHOD = 4
	OPTIMIZATION_PRECISION = 0.001
	MAXIMUM_ITERATIONS_PER_VARIABLE = 5000

Initial parameter values

t2.Chlamydotis_macqueenii.synRate = 0.1
t2.Chlamydotis_macqueenii.nonSynRate = 0.1
Optimization finished in 6 loop passes.
210 likelihood evaluation calls and 193 matrix exponentiations calls were made

Row and/or column partition is empty. All the data will be used by default.
Model MG94customModel assigned to Opisthocomus_hoazin
Model MG94customModel assigned to Rhynochetus_jubatus
One branch tree supplied - hopefully this IS what you meant to do.
Rooted tree. Removing one branch - the left root child has been promoted to be the new root
Partition 0 reversible model flag computed as 1
Variable 't2.Rhynochetus_jubatus.nonSynRate' was not initialized prior to being used
Variable 't2.Rhynochetus_jubatus.synRate' was not initialized prior to being used
Auto-benchmarked an optimal number (5) of threads.
Set GUI update interval to every 9803-th LF evaluation.
Optimization settings:
	OPTIMIZATION_METHOD = 4
	OPTIMIZATION_PRECISION = 0.001
	MAXIMUM_ITERATIONS_PER_VARIABLE = 5000

Initial parameter values

t2.Rhynochetus_jubatus.nonSynRate = 0.1
t2.Rhynochetus_jubatus.synRate = 0.1
Optimization finished in 6 loop passes.
205 likelihood evaluation calls and 186 matrix exponentiations calls were made

Row and/or column partition is empty. All the data will be used by default.
Model MG94customModel assigned to Opisthocomus_hoazin
Model MG94customModel assigned to Eurypyga_helias
One branch tree supplied - hopefully this IS what you meant to do.
Rooted tree. Removing one branch - the left root child has been promoted to be the new root
Partition 0 reversible model flag computed as 1
Variable 't2.Eurypyga_helias.nonSynRate' was not initialized prior to being used
Variable 't2.Eurypyga_helias.synRate' was not initialized prior to being used
Auto-benchmarked an optimal number (4) of threads.
Set GUI update interval to every 9803-th LF evaluation.
Optimization settings:
	OPTIMIZATION_METHOD = 4
	OPTIMIZATION_PRECISION = 0.001
	MAXIMUM_ITERATIONS_PER_VARIABLE = 5000

Initial parameter values

t2.Eurypyga_helias.nonSynRate = 0.1
t2.Eurypyga_helias.synRate = 0.1
Optimization finished in 3 loop passes.
108 likelihood evaluation calls and 99 matrix exponentiations calls were made

Row and/or column partition is empty. All the data will be used by default.
Model MG94customModel assigned to Opisthocomus_hoazin
Model MG94customModel assigned to Mesitornis_unicolor
One branch tree supplied - hopefully this IS what you meant to do.
Rooted tree. Removing one branch - the left root child has been promoted to be the new root
Partition 0 reversible model flag computed as 1
Variable 't2.Mesitornis_unicolor.nonSynRate' was not initialized prior to being used
Variable 't2.Mesitornis_unicolor.synRate' was not initialized prior to being used
Auto-benchmarked an optimal number (4) of threads.
Set GUI update interval to every 9803-th LF evaluation.
Optimization settings:
	OPTIMIZATION_METHOD = 4
	OPTIMIZATION_PRECISION = 0.001
	MAXIMUM_ITERATIONS_PER_VARIABLE = 5000

Initial parameter values

t2.Mesitornis_unicolor.nonSynRate = 0.1
t2.Mesitornis_unicolor.synRate = 0.1
Optimization finished in 6 loop passes.
153 likelihood evaluation calls and 131 matrix exponentiations calls were made

Row and/or column partition is empty. All the data will be used by default.
Model MG94customModel assigned to Opisthocomus_hoazin
Model MG94customModel assigned to Pterocles_gutturalis
One branch tree supplied - hopefully this IS what you meant to do.
Rooted tree. Removing one branch - the left root child has been promoted to be the new root
Partition 0 reversible model flag computed as 1
Variable 't2.Pterocles_gutturalis.nonSynRate' was not initialized prior to being used
Variable 't2.Pterocles_gutturalis.synRate' was not initialized prior to being used
Auto-benchmarked an optimal number (4) of threads.
Set GUI update interval to every 10000-th LF evaluation.
Optimization settings:
	OPTIMIZATION_METHOD = 4
	OPTIMIZATION_PRECISION = 0.001
	MAXIMUM_ITERATIONS_PER_VARIABLE = 5000

Initial parameter values

t2.Pterocles_gutturalis.nonSynRate = 0.1
t2.Pterocles_gutturalis.synRate = 0.1
Optimization finished in 3 loop passes.
97 likelihood evaluation calls and 87 matrix exponentiations calls were made

Row and/or column partition is empty. All the data will be used by default.
Model MG94customModel assigned to Cariama_cristata
Model MG94customModel assigned to Balearica_regulorum_gibbericeps
One branch tree supplied - hopefully this IS what you meant to do.
Rooted tree. Removing one branch - the left root child has been promoted to be the new root
Partition 0 reversible model flag computed as 1
Variable 't2.Balearica_regulorum_gibbericeps.nonSynRate' was not initialized prior to being used
Variable 't2.Balearica_regulorum_gibbericeps.synRate' was not initialized prior to being used
Auto-benchmarked an optimal number (4) of threads.
Set GUI update interval to every 9803-th LF evaluation.
Optimization settings:
	OPTIMIZATION_METHOD = 4
	OPTIMIZATION_PRECISION = 0.001
	MAXIMUM_ITERATIONS_PER_VARIABLE = 5000

Initial parameter values

t2.Balearica_regulorum_gibbericeps.nonSynRate = 0.1
t2.Balearica_regulorum_gibbericeps.synRate = 0.1
Optimization finished in 6 loop passes.
93 likelihood evaluation calls and 86 matrix exponentiations calls were made

Row and/or column partition is empty. All the data will be used by default.
Model MG94customModel assigned to Cariama_cristata
Model MG94customModel assigned to Chlamydotis_macqueenii
One branch tree supplied - hopefully this IS what you meant to do.
Rooted tree. Removing one branch - the left root child has been promoted to be the new root
Partition 0 reversible model flag computed as 1
Variable 't2.Chlamydotis_macqueenii.nonSynRate' was not initialized prior to being used
Variable 't2.Chlamydotis_macqueenii.synRate' was not initialized prior to being used
Auto-benchmarked an optimal number (5) of threads.
Set GUI update interval to every 10000-th LF evaluation.
Optimization settings:
	OPTIMIZATION_METHOD = 4
	OPTIMIZATION_PRECISION = 0.001
	MAXIMUM_ITERATIONS_PER_VARIABLE = 5000

Initial parameter values

t2.Chlamydotis_macqueenii.nonSynRate = 0.1
t2.Chlamydotis_macqueenii.synRate = 0.1
Optimization finished in 6 loop passes.
186 likelihood evaluation calls and 164 matrix exponentiations calls were made

Row and/or column partition is empty. All the data will be used by default.
Model MG94customModel assigned to Cariama_cristata
Model MG94customModel assigned to Rhynochetus_jubatus
One branch tree supplied - hopefully this IS what you meant to do.
Rooted tree. Removing one branch - the left root child has been promoted to be the new root
Partition 0 reversible model flag computed as 1
Variable 't2.Rhynochetus_jubatus.nonSynRate' was not initialized prior to being used
Variable 't2.Rhynochetus_jubatus.synRate' was not initialized prior to being used
Auto-benchmarked an optimal number (4) of threads.
Set GUI update interval to every 9803-th LF evaluation.
Optimization settings:
	OPTIMIZATION_METHOD = 4
	OPTIMIZATION_PRECISION = 0.001
	MAXIMUM_ITERATIONS_PER_VARIABLE = 5000

Initial parameter values

t2.Rhynochetus_jubatus.nonSynRate = 0.1
t2.Rhynochetus_jubatus.synRate = 0.1
Optimization finished in 5 loop passes.
141 likelihood evaluation calls and 125 matrix exponentiations calls were made

Row and/or column partition is empty. All the data will be used by default.
Model MG94customModel assigned to Cariama_cristata
Model MG94customModel assigned to Eurypyga_helias
One branch tree supplied - hopefully this IS what you meant to do.
Rooted tree. Removing one branch - the left root child has been promoted to be the new root
Partition 0 reversible model flag computed as 1
Variable 't2.Eurypyga_helias.nonSynRate' was not initialized prior to being used
Variable 't2.Eurypyga_helias.synRate' was not initialized prior to being used
Auto-benchmarked an optimal number (4) of threads.
Set GUI update interval to every 9803-th LF evaluation.
Optimization settings:
	OPTIMIZATION_METHOD = 4
	OPTIMIZATION_PRECISION = 0.001
	MAXIMUM_ITERATIONS_PER_VARIABLE = 5000

Initial parameter values

t2.Eurypyga_helias.nonSynRate = 0.1
t2.Eurypyga_helias.synRate = 0.1
Optimization finished in 5 loop passes.
147 likelihood evaluation calls and 133 matrix exponentiations calls were made

Row and/or column partition is empty. All the data will be used by default.
Model MG94customModel assigned to Cariama_cristata
Model MG94customModel assigned to Mesitornis_unicolor
One branch tree supplied - hopefully this IS what you meant to do.
Rooted tree. Removing one branch - the left root child has been promoted to be the new root
Partition 0 reversible model flag computed as 1
Variable 't2.Mesitornis_unicolor.nonSynRate' was not initialized prior to being used
Variable 't2.Mesitornis_unicolor.synRate' was not initialized prior to being used
Auto-benchmarked an optimal number (3) of threads.
Set GUI update interval to every 9803-th LF evaluation.
Optimization settings:
	OPTIMIZATION_METHOD = 4
	OPTIMIZATION_PRECISION = 0.001
	MAXIMUM_ITERATIONS_PER_VARIABLE = 5000

Initial parameter values

t2.Mesitornis_unicolor.nonSynRate = 0.1
t2.Mesitornis_unicolor.synRate = 0.1
Optimization finished in 6 loop passes.
227 likelihood evaluation calls and 209 matrix exponentiations calls were made

Row and/or column partition is empty. All the data will be used by default.
Model MG94customModel assigned to Cariama_cristata
Model MG94customModel assigned to Pterocles_gutturalis
One branch tree supplied - hopefully this IS what you meant to do.
Rooted tree. Removing one branch - the left root child has been promoted to be the new root
Partition 0 reversible model flag computed as 1
Variable 't2.Pterocles_gutturalis.nonSynRate' was not initialized prior to being used
Variable 't2.Pterocles_gutturalis.synRate' was not initialized prior to being used
Auto-benchmarked an optimal number (5) of threads.
Set GUI update interval to every 9803-th LF evaluation.
Optimization settings:
	OPTIMIZATION_METHOD = 4
	OPTIMIZATION_PRECISION = 0.001
	MAXIMUM_ITERATIONS_PER_VARIABLE = 5000

Initial parameter values

t2.Pterocles_gutturalis.nonSynRate = 0.1
t2.Pterocles_gutturalis.synRate = 0.1
Optimization finished in 7 loop passes.
134 likelihood evaluation calls and 125 matrix exponentiations calls were made

Row and/or column partition is empty. All the data will be used by default.
Model MG94customModel assigned to Balearica_regulorum_gibbericeps
Model MG94customModel assigned to Chlamydotis_macqueenii
One branch tree supplied - hopefully this IS what you meant to do.
Rooted tree. Removing one branch - the left root child has been promoted to be the new root
Partition 0 reversible model flag computed as 1
Variable 't2.Chlamydotis_macqueenii.nonSynRate' was not initialized prior to being used
Variable 't2.Chlamydotis_macqueenii.synRate' was not initialized prior to being used
Auto-benchmarked an optimal number (4) of threads.
Set GUI update interval to every 9259-th LF evaluation.
Optimization settings:
	OPTIMIZATION_METHOD = 4
	OPTIMIZATION_PRECISION = 0.001
	MAXIMUM_ITERATIONS_PER_VARIABLE = 5000

Initial parameter values

t2.Chlamydotis_macqueenii.nonSynRate = 0.1
t2.Chlamydotis_macqueenii.synRate = 0.1
Optimization finished in 6 loop passes.
128 likelihood evaluation calls and 115 matrix exponentiations calls were made

Row and/or column partition is empty. All the data will be used by default.
Model MG94customModel assigned to Balearica_regulorum_gibbericeps
Model MG94customModel assigned to Rhynochetus_jubatus
One branch tree supplied - hopefully this IS what you meant to do.
Rooted tree. Removing one branch - the left root child has been promoted to be the new root
Partition 0 reversible model flag computed as 1
Variable 't2.Rhynochetus_jubatus.nonSynRate' was not initialized prior to being used
Variable 't2.Rhynochetus_jubatus.synRate' was not initialized prior to being used
Auto-benchmarked an optimal number (4) of threads.
Set GUI update interval to every 9803-th LF evaluation.
Optimization settings:
	OPTIMIZATION_METHOD = 4
	OPTIMIZATION_PRECISION = 0.001
	MAXIMUM_ITERATIONS_PER_VARIABLE = 5000

Initial parameter values

t2.Rhynochetus_jubatus.nonSynRate = 0.1
t2.Rhynochetus_jubatus.synRate = 0.1
Optimization finished in 3 loop passes.
109 likelihood evaluation calls and 100 matrix exponentiations calls were made

Row and/or column partition is empty. All the data will be used by default.
Model MG94customModel assigned to Balearica_regulorum_gibbericeps
Model MG94customModel assigned to Eurypyga_helias
One branch tree supplied - hopefully this IS what you meant to do.
Rooted tree. Removing one branch - the left root child has been promoted to be the new root
Partition 0 reversible model flag computed as 1
Variable 't2.Eurypyga_helias.nonSynRate' was not initialized prior to being used
Variable 't2.Eurypyga_helias.synRate' was not initialized prior to being used
Auto-benchmarked an optimal number (4) of threads.
Set GUI update interval to every 9803-th LF evaluation.
Optimization settings:
	OPTIMIZATION_METHOD = 4
	OPTIMIZATION_PRECISION = 0.001
	MAXIMUM_ITERATIONS_PER_VARIABLE = 5000

Initial parameter values

t2.Eurypyga_helias.nonSynRate = 0.1
t2.Eurypyga_helias.synRate = 0.1
Optimization finished in 5 loop passes.
160 likelihood evaluation calls and 146 matrix exponentiations calls were made

Row and/or column partition is empty. All the data will be used by default.
Model MG94customModel assigned to Balearica_regulorum_gibbericeps
Model MG94customModel assigned to Mesitornis_unicolor
One branch tree supplied - hopefully this IS what you meant to do.
Rooted tree. Removing one branch - the left root child has been promoted to be the new root
Partition 0 reversible model flag computed as 1
Variable 't2.Mesitornis_unicolor.nonSynRate' was not initialized prior to being used
Variable 't2.Mesitornis_unicolor.synRate' was not initialized prior to being used
Auto-benchmarked an optimal number (5) of threads.
Set GUI update interval to every 9803-th LF evaluation.
Optimization settings:
	OPTIMIZATION_METHOD = 4
	OPTIMIZATION_PRECISION = 0.001
	MAXIMUM_ITERATIONS_PER_VARIABLE = 5000

Initial parameter values

t2.Mesitornis_unicolor.nonSynRate = 0.1
t2.Mesitornis_unicolor.synRate = 0.1
Optimization finished in 5 loop passes.
135 likelihood evaluation calls and 117 matrix exponentiations calls were made

Row and/or column partition is empty. All the data will be used by default.
Model MG94customModel assigned to Balearica_regulorum_gibbericeps
Model MG94customModel assigned to Pterocles_gutturalis
One branch tree supplied - hopefully this IS what you meant to do.
Rooted tree. Removing one branch - the left root child has been promoted to be the new root
Partition 0 reversible model flag computed as 1
Variable 't2.Pterocles_gutturalis.nonSynRate' was not initialized prior to being used
Variable 't2.Pterocles_gutturalis.synRate' was not initialized prior to being used
Auto-benchmarked an optimal number (4) of threads.
Set GUI update interval to every 9803-th LF evaluation.
Optimization settings:
	OPTIMIZATION_METHOD = 4
	OPTIMIZATION_PRECISION = 0.001
	MAXIMUM_ITERATIONS_PER_VARIABLE = 5000

Initial parameter values

t2.Pterocles_gutturalis.nonSynRate = 0.1
t2.Pterocles_gutturalis.synRate = 0.1
Optimization finished in 6 loop passes.
178 likelihood evaluation calls and 162 matrix exponentiations calls were made

Row and/or column partition is empty. All the data will be used by default.
Model MG94customModel assigned to Chlamydotis_macqueenii
Model MG94customModel assigned to Rhynochetus_jubatus
One branch tree supplied - hopefully this IS what you meant to do.
Rooted tree. Removing one branch - the left root child has been promoted to be the new root
Partition 0 reversible model flag computed as 1
Variable 't2.Rhynochetus_jubatus.nonSynRate' was not initialized prior to being used
Variable 't2.Rhynochetus_jubatus.synRate' was not initialized prior to being used
Auto-benchmarked an optimal number (3) of threads.
Set GUI update interval to every 9615-th LF evaluation.
Optimization settings:
	OPTIMIZATION_METHOD = 4
	OPTIMIZATION_PRECISION = 0.001
	MAXIMUM_ITERATIONS_PER_VARIABLE = 5000

Initial parameter values

t2.Rhynochetus_jubatus.nonSynRate = 0.1
t2.Rhynochetus_jubatus.synRate = 0.1
Optimization finished in 5 loop passes.
148 likelihood evaluation calls and 133 matrix exponentiations calls were made

Row and/or column partition is empty. All the data will be used by default.
Model MG94customModel assigned to Chlamydotis_macqueenii
Model MG94customModel assigned to Eurypyga_helias
One branch tree supplied - hopefully this IS what you meant to do.
Rooted tree. Removing one branch - the left root child has been promoted to be the new root
Partition 0 reversible model flag computed as 1
Variable 't2.Eurypyga_helias.nonSynRate' was not initialized prior to being used
Variable 't2.Eurypyga_helias.synRate' was not initialized prior to being used
Auto-benchmarked an optimal number (4) of threads.
Set GUI update interval to every 9803-th LF evaluation.
Optimization settings:
	OPTIMIZATION_METHOD = 4
	OPTIMIZATION_PRECISION = 0.001
	MAXIMUM_ITERATIONS_PER_VARIABLE = 5000

Initial parameter values

t2.Eurypyga_helias.nonSynRate = 0.1
t2.Eurypyga_helias.synRate = 0.1
Optimization finished in 5 loop passes.
143 likelihood evaluation calls and 127 matrix exponentiations calls were made

Row and/or column partition is empty. All the data will be used by default.
Model MG94customModel assigned to Chlamydotis_macqueenii
Model MG94customModel assigned to Mesitornis_unicolor
One branch tree supplied - hopefully this IS what you meant to do.
Rooted tree. Removing one branch - the left root child has been promoted to be the new root
Partition 0 reversible model flag computed as 1
Variable 't2.Mesitornis_unicolor.nonSynRate' was not initialized prior to being used
Variable 't2.Mesitornis_unicolor.synRate' was not initialized prior to being used
Auto-benchmarked an optimal number (4) of threads.
Set GUI update interval to every 10000-th LF evaluation.
Optimization settings:
	OPTIMIZATION_METHOD = 4
	OPTIMIZATION_PRECISION = 0.001
	MAXIMUM_ITERATIONS_PER_VARIABLE = 5000

Initial parameter values

t2.Mesitornis_unicolor.nonSynRate = 0.1
t2.Mesitornis_unicolor.synRate = 0.1
Optimization finished in 6 loop passes.
185 likelihood evaluation calls and 172 matrix exponentiations calls were made

Row and/or column partition is empty. All the data will be used by default.
Model MG94customModel assigned to Chlamydotis_macqueenii
Model MG94customModel assigned to Pterocles_gutturalis
One branch tree supplied - hopefully this IS what you meant to do.
Rooted tree. Removing one branch - the left root child has been promoted to be the new root
Partition 0 reversible model flag computed as 1
Variable 't2.Pterocles_gutturalis.nonSynRate' was not initialized prior to being used
Variable 't2.Pterocles_gutturalis.synRate' was not initialized prior to being used
Auto-benchmarked an optimal number (3) of threads.
Set GUI update interval to every 9615-th LF evaluation.
Optimization settings:
	OPTIMIZATION_METHOD = 4
	OPTIMIZATION_PRECISION = 0.001
	MAXIMUM_ITERATIONS_PER_VARIABLE = 5000

Initial parameter values

t2.Pterocles_gutturalis.nonSynRate = 0.1
t2.Pterocles_gutturalis.synRate = 0.1
Optimization finished in 3 loop passes.
96 likelihood evaluation calls and 86 matrix exponentiations calls were made

Row and/or column partition is empty. All the data will be used by default.
Model MG94customModel assigned to Rhynochetus_jubatus
Model MG94customModel assigned to Eurypyga_helias
One branch tree supplied - hopefully this IS what you meant to do.
Rooted tree. Removing one branch - the left root child has been promoted to be the new root
Partition 0 reversible model flag computed as 1
Variable 't2.Eurypyga_helias.nonSynRate' was not initialized prior to being used
Variable 't2.Eurypyga_helias.synRate' was not initialized prior to being used
Auto-benchmarked an optimal number (4) of threads.
Set GUI update interval to every 9615-th LF evaluation.
Optimization settings:
	OPTIMIZATION_METHOD = 4
	OPTIMIZATION_PRECISION = 0.001
	MAXIMUM_ITERATIONS_PER_VARIABLE = 5000

Initial parameter values

t2.Eurypyga_helias.nonSynRate = 0.1
t2.Eurypyga_helias.synRate = 0.1
Optimization finished in 5 loop passes.
154 likelihood evaluation calls and 140 matrix exponentiations calls were made

Row and/or column partition is empty. All the data will be used by default.
Model MG94customModel assigned to Rhynochetus_jubatus
Model MG94customModel assigned to Mesitornis_unicolor
One branch tree supplied - hopefully this IS what you meant to do.
Rooted tree. Removing one branch - the left root child has been promoted to be the new root
Partition 0 reversible model flag computed as 1
Variable 't2.Mesitornis_unicolor.nonSynRate' was not initialized prior to being used
Variable 't2.Mesitornis_unicolor.synRate' was not initialized prior to being used
Auto-benchmarked an optimal number (4) of threads.
Set GUI update interval to every 9615-th LF evaluation.
Optimization settings:
	OPTIMIZATION_METHOD = 4
	OPTIMIZATION_PRECISION = 0.001
	MAXIMUM_ITERATIONS_PER_VARIABLE = 5000

Initial parameter values

t2.Mesitornis_unicolor.nonSynRate = 0.1
t2.Mesitornis_unicolor.synRate = 0.1
Optimization finished in 5 loop passes.
146 likelihood evaluation calls and 133 matrix exponentiations calls were made

Row and/or column partition is empty. All the data will be used by default.
Model MG94customModel assigned to Rhynochetus_jubatus
Model MG94customModel assigned to Pterocles_gutturalis
One branch tree supplied - hopefully this IS what you meant to do.
Rooted tree. Removing one branch - the left root child has been promoted to be the new root
Partition 0 reversible model flag computed as 1
Variable 't2.Pterocles_gutturalis.nonSynRate' was not initialized prior to being used
Variable 't2.Pterocles_gutturalis.synRate' was not initialized prior to being used
Auto-benchmarked an optimal number (4) of threads.
Set GUI update interval to every 9615-th LF evaluation.
Optimization settings:
	OPTIMIZATION_METHOD = 4
	OPTIMIZATION_PRECISION = 0.001
	MAXIMUM_ITERATIONS_PER_VARIABLE = 5000

Initial parameter values

t2.Pterocles_gutturalis.nonSynRate = 0.1
t2.Pterocles_gutturalis.synRate = 0.1
Optimization finished in 7 loop passes.
76 likelihood evaluation calls and 70 matrix exponentiations calls were made

Row and/or column partition is empty. All the data will be used by default.
Model MG94customModel assigned to Eurypyga_helias
Model MG94customModel assigned to Mesitornis_unicolor
One branch tree supplied - hopefully this IS what you meant to do.
Rooted tree. Removing one branch - the left root child has been promoted to be the new root
Partition 0 reversible model flag computed as 1
Variable 't2.Mesitornis_unicolor.nonSynRate' was not initialized prior to being used
Variable 't2.Mesitornis_unicolor.synRate' was not initialized prior to being used
Auto-benchmarked an optimal number (4) of threads.
Set GUI update interval to every 9615-th LF evaluation.
Optimization settings:
	OPTIMIZATION_METHOD = 4
	OPTIMIZATION_PRECISION = 0.001
	MAXIMUM_ITERATIONS_PER_VARIABLE = 5000

Initial parameter values

t2.Mesitornis_unicolor.nonSynRate = 0.1
t2.Mesitornis_unicolor.synRate = 0.1
Optimization finished in 3 loop passes.
91 likelihood evaluation calls and 80 matrix exponentiations calls were made

Row and/or column partition is empty. All the data will be used by default.
Model MG94customModel assigned to Eurypyga_helias
Model MG94customModel assigned to Pterocles_gutturalis
One branch tree supplied - hopefully this IS what you meant to do.
Rooted tree. Removing one branch - the left root child has been promoted to be the new root
Partition 0 reversible model flag computed as 1
Variable 't2.Pterocles_gutturalis.nonSynRate' was not initialized prior to being used
Variable 't2.Pterocles_gutturalis.synRate' was not initialized prior to being used
Auto-benchmarked an optimal number (5) of threads.
Set GUI update interval to every 10000-th LF evaluation.
Optimization settings:
	OPTIMIZATION_METHOD = 4
	OPTIMIZATION_PRECISION = 0.001
	MAXIMUM_ITERATIONS_PER_VARIABLE = 5000

Initial parameter values

t2.Pterocles_gutturalis.nonSynRate = 0.1
t2.Pterocles_gutturalis.synRate = 0.1
Optimization finished in 7 loop passes.
145 likelihood evaluation calls and 124 matrix exponentiations calls were made

Row and/or column partition is empty. All the data will be used by default.
Model MG94customModel assigned to Mesitornis_unicolor
Model MG94customModel assigned to Pterocles_gutturalis
One branch tree supplied - hopefully this IS what you meant to do.
Rooted tree. Removing one branch - the left root child has been promoted to be the new root
Partition 0 reversible model flag computed as 1
Auto-benchmarked an optimal number (4) of threads.
Set GUI update interval to every 1170-th LF evaluation.
Optimization settings:
	OPTIMIZATION_METHOD = 4
	OPTIMIZATION_PRECISION = 0.001
	MAXIMUM_ITERATIONS_PER_VARIABLE = 5000

Initial parameter values

t2.Pterocles_gutturalis.nonSynRate = 0.1
t2.Pterocles_gutturalis.synRate = 0.1
Optimization finished in 3 loop passes.
96 likelihood evaluation calls and 86 matrix exponentiations calls were made
