
Loaded 'libv3/all-terms.bf' from /usr/local/lib/hyphy/TemplateBatchFiles/libv3/all-terms.bf
Loaded 'libv3/UtilityFunctions.bf' from /usr/local/lib/hyphy/TemplateBatchFiles/libv3/UtilityFunctions.bf
Loaded 'IOFunctions.bf' from /usr/local/lib/hyphy/TemplateBatchFiles/libv3/IOFunctions.bf
Already loaded 'libv3/UtilityFunctions.bf' from /usr/local/lib/hyphy/TemplateBatchFiles/libv3/UtilityFunctions.bf
Loaded 'convenience/regexp.bf' from /usr/local/lib/hyphy/TemplateBatchFiles/libv3/convenience/regexp.bf
Already loaded 'libv3/all-terms.bf' from /usr/local/lib/hyphy/TemplateBatchFiles/libv3/all-terms.bf
Already loaded 'libv3/IOFunctions.bf' from /usr/local/lib/hyphy/TemplateBatchFiles/libv3/IOFunctions.bf
Loaded 'libv3/models/codon/MG_REV.bf' from /usr/local/lib/hyphy/TemplateBatchFiles/libv3/models/codon/MG_REV.bf
Loaded '../codon.bf' from /usr/local/lib/hyphy/TemplateBatchFiles/libv3/models/codon.bf
Loaded '../tasks/genetic_code.bf' from /usr/local/lib/hyphy/TemplateBatchFiles/libv3/tasks/genetic_code.bf
Loaded 'libv3/convenience/matrix.bf' from /usr/local/lib/hyphy/TemplateBatchFiles/libv3/convenience/matrix.bf
Already loaded 'libv3/UtilityFunctions.bf' from /usr/local/lib/hyphy/TemplateBatchFiles/libv3/UtilityFunctions.bf
Already loaded 'libv3/all-terms.bf' from /usr/local/lib/hyphy/TemplateBatchFiles/libv3/all-terms.bf
Already loaded '../UtilityFunctions.bf' from /usr/local/lib/hyphy/TemplateBatchFiles/libv3/UtilityFunctions.bf
Loaded '../DNA.bf' from /usr/local/lib/hyphy/TemplateBatchFiles/libv3/models/DNA.bf
Loaded 'frequencies.bf' from /usr/local/lib/hyphy/TemplateBatchFiles/libv3/models/frequencies.bf
Already loaded '../all-terms.bf' from /usr/local/lib/hyphy/TemplateBatchFiles/libv3/all-terms.bf
Loaded 'parameters.bf' from /usr/local/lib/hyphy/TemplateBatchFiles/libv3/models/parameters.bf
Loaded 'GrabBag' from /usr/local/lib/hyphy/TemplateBatchFiles/Utility/GrabBag.bf
Overwritten previously defined function:'_sortStringsAux'
Already loaded 'libv3/all-terms.bf' from /usr/local/lib/hyphy/TemplateBatchFiles/libv3/all-terms.bf
Already loaded '../UtilityFunctions.bf' from /usr/local/lib/hyphy/TemplateBatchFiles/libv3/UtilityFunctions.bf
Loaded 'model_functions.bf' from /usr/local/lib/hyphy/TemplateBatchFiles/libv3/models/model_functions.bf
Already loaded 'DNA.bf' from /usr/local/lib/hyphy/TemplateBatchFiles/libv3/models/DNA.bf
Already loaded 'parameters.bf' from /usr/local/lib/hyphy/TemplateBatchFiles/libv3/models/parameters.bf
Already loaded 'frequencies.bf' from /usr/local/lib/hyphy/TemplateBatchFiles/libv3/models/frequencies.bf
Already loaded '../UtilityFunctions.bf' from /usr/local/lib/hyphy/TemplateBatchFiles/libv3/UtilityFunctions.bf
Already loaded '../convenience/regexp.bf' from /usr/local/lib/hyphy/TemplateBatchFiles/libv3/convenience/regexp.bf
Already loaded 'libv3/all-terms.bf' from /usr/local/lib/hyphy/TemplateBatchFiles/libv3/all-terms.bf
Already loaded '../parameters.bf' from /usr/local/lib/hyphy/TemplateBatchFiles/libv3/models/parameters.bf
Already loaded '../frequencies.bf' from /usr/local/lib/hyphy/TemplateBatchFiles/libv3/models/frequencies.bf
Already loaded '../../UtilityFunctions.bf' from /usr/local/lib/hyphy/TemplateBatchFiles/libv3/UtilityFunctions.bf
Loaded 'libv3/tasks/estimators.bf' from /usr/local/lib/hyphy/TemplateBatchFiles/libv3/tasks/estimators.bf
Already loaded '../models/model_functions.bf' from /usr/local/lib/hyphy/TemplateBatchFiles/libv3/models/model_functions.bf
Loaded '../models/DNA/GTR.bf' from /usr/local/lib/hyphy/TemplateBatchFiles/libv3/models/DNA/GTR.bf
Already loaded '../DNA.bf' from /usr/local/lib/hyphy/TemplateBatchFiles/libv3/models/DNA.bf
Already loaded '../parameters.bf' from /usr/local/lib/hyphy/TemplateBatchFiles/libv3/models/parameters.bf
Already loaded '../frequencies.bf' from /usr/local/lib/hyphy/TemplateBatchFiles/libv3/models/frequencies.bf
Already loaded '../../UtilityFunctions.bf' from /usr/local/lib/hyphy/TemplateBatchFiles/libv3/UtilityFunctions.bf
Already loaded 'libv3/all-terms.bf' from /usr/local/lib/hyphy/TemplateBatchFiles/libv3/all-terms.bf
Already loaded '../convenience/regexp.bf' from /usr/local/lib/hyphy/TemplateBatchFiles/libv3/convenience/regexp.bf
Already loaded 'libv3/all-terms.bf' from /usr/local/lib/hyphy/TemplateBatchFiles/libv3/all-terms.bf
Loaded 'libv3/tasks/alignments.bf' from /usr/local/lib/hyphy/TemplateBatchFiles/libv3/tasks/alignments.bf
Already loaded '../IOFunctions.bf' from /usr/local/lib/hyphy/TemplateBatchFiles/libv3/IOFunctions.bf
Already loaded '../all-terms.bf' from /usr/local/lib/hyphy/TemplateBatchFiles/libv3/all-terms.bf
Loaded 'libv3/tasks/trees.bf' from /usr/local/lib/hyphy/TemplateBatchFiles/libv3/tasks/trees.bf
Already loaded '../IOFunctions.bf' from /usr/local/lib/hyphy/TemplateBatchFiles/libv3/IOFunctions.bf
Already loaded '../all-terms.bf' from /usr/local/lib/hyphy/TemplateBatchFiles/libv3/all-terms.bf
Already loaded '../convenience/regexp.bf' from /usr/local/lib/hyphy/TemplateBatchFiles/libv3/convenience/regexp.bf
Already loaded '../UtilityFunctions.bf' from /usr/local/lib/hyphy/TemplateBatchFiles/libv3/UtilityFunctions.bf
Loaded 'TreeTools' from /usr/local/lib/hyphy/TemplateBatchFiles/TreeTools.ibf
Loaded 'modules/io_functions.ibf' from /usr/local/lib/hyphy/TemplateBatchFiles/SelectionAnalyses/modules/io_functions.ibf
Already loaded 'libv3/UtilityFunctions.bf' from /usr/local/lib/hyphy/TemplateBatchFiles/libv3/UtilityFunctions.bf
Already loaded 'libv3/IOFunctions.bf' from /usr/local/lib/hyphy/TemplateBatchFiles/libv3/IOFunctions.bf
Already loaded 'libv3/convenience/regexp.bf' from /usr/local/lib/hyphy/TemplateBatchFiles/libv3/convenience/regexp.bf
Already loaded 'libv3/all-terms.bf' from /usr/local/lib/hyphy/TemplateBatchFiles/libv3/all-terms.bf
Loaded 'modules/selection_lib.ibf' from /usr/local/lib/hyphy/TemplateBatchFiles/SelectionAnalyses/modules/selection_lib.ibf
Loaded 'libv3/models/codon/BS_REL.bf' from /usr/local/lib/hyphy/TemplateBatchFiles/libv3/models/codon/BS_REL.bf
Already loaded '../codon.bf' from /usr/local/lib/hyphy/TemplateBatchFiles/libv3/models/codon.bf
Already loaded '../DNA.bf' from /usr/local/lib/hyphy/TemplateBatchFiles/libv3/models/DNA.bf
Already loaded '../parameters.bf' from /usr/local/lib/hyphy/TemplateBatchFiles/libv3/models/parameters.bf
Already loaded '../frequencies.bf' from /usr/local/lib/hyphy/TemplateBatchFiles/libv3/models/frequencies.bf
Already loaded '../../UtilityFunctions.bf' from /usr/local/lib/hyphy/TemplateBatchFiles/libv3/UtilityFunctions.bf
Already loaded 'MG_REV.bf' from /usr/local/lib/hyphy/TemplateBatchFiles/libv3/models/codon/MG_REV.bf
Loaded '../../convenience/math.bf' from /usr/local/lib/hyphy/TemplateBatchFiles/libv3/convenience/math.bf
Already loaded 'libv3/UtilityFunctions.bf' from /usr/local/lib/hyphy/TemplateBatchFiles/libv3/UtilityFunctions.bf
Already loaded 'libv3/convenience/math.bf' from /usr/local/lib/hyphy/TemplateBatchFiles/libv3/convenience/math.bf
Loaded 'libv3/tasks/mpi.bf' from /usr/local/lib/hyphy/TemplateBatchFiles/libv3/tasks/mpi.bf
Already loaded '../all-terms.bf' from /usr/local/lib/hyphy/TemplateBatchFiles/libv3/all-terms.bf
Already loaded '../models/parameters.bf' from /usr/local/lib/hyphy/TemplateBatchFiles/libv3/models/parameters.bf
Variable 'NORMALIZE_SEQUENCE_NAMES' was not initialized prior to being used
Variable 'ASSUME_REVERSIBLE_MODELS' was not initialized prior to being used
Loaded 'modules/shared-load-file.bf' from /usr/local/lib/hyphy/TemplateBatchFiles/SelectionAnalyses/modules/shared-load-file.bf
Variable 'MARKDOWN_OUTPUT' was not initialized prior to being used
Already loaded 'libv3/convenience/matrix.bf' from /usr/local/lib/hyphy/TemplateBatchFiles/libv3/convenience/matrix.bf
Already loaded 'libv3/UtilityFunctions.bf' from /usr/local/lib/hyphy/TemplateBatchFiles/libv3/UtilityFunctions.bf
Variable 'IhnCVv_J.skipCodeSelectionStep' was not initialized prior to being used
Row and/or column partition is empty. All the data will be used by default.
Variable 'NEXUS_FILE_TREE_MATRIX' was not initialized prior to being used
Variable 'utility.ToggleEnvVariable.cache' was not initialized prior to being used
Variable 'TREE_NODE_NAME_MAPPING' was not initialized prior to being used
Variable 'fBggMnOd.PROMPT_FOR_FILE' was not initialized prior to being used
Variable 'END_OF_FILE' was not initialized prior to being used
Variable '_DO_TREE_REBALANCE_' was not initialized prior to being used
Variable '_KEEP_I_LABELS_' was not initialized prior to being used
Rooted topology. Removing one branch - the right root child has been promoted to be the new root
Variable 'INCLUDE_MODEL_SPECS' was not initialized prior to being used
Variable 'utility.ForEachPair.warn_non_rentrant' was not initialized prior to being used
Row and/or column partition is empty. All the data will be used by default.
Row and/or column partition is empty. All the data will be used by default.
Loaded 'modules/grid_compute.ibf' from /usr/local/lib/hyphy/TemplateBatchFiles/SelectionAnalyses/modules/grid_compute.ibf
Variable 'PSZKmhGQ.cache' was not initialized prior to being used
Row and/or column partition is empty. All the data will be used by default.
Variable 'COUNT_GAPS_IN_FREQUENCIES' was not initialized prior to being used
Variable 'cYOxt_az.model_pi' was not initialized prior to being used
Model cYOxt_az.model assigned to Ochotona_princeps
Model cYOxt_az.model assigned to Fukomys_damarensis
Model cYOxt_az.model assigned to Cavia_porcellus
Model cYOxt_az.model assigned to Cavia_aperea
Model cYOxt_az.model assigned to Node6
Model cYOxt_az.model assigned to Octodon_degus
Model cYOxt_az.model assigned to Chinchilla_lanigera
Model cYOxt_az.model assigned to Node9
Model cYOxt_az.model assigned to Node5
Model cYOxt_az.model assigned to Node3
Model cYOxt_az.model assigned to Castor_canadensis
Model cYOxt_az.model assigned to Sciurus_vulgaris
Model cYOxt_az.model assigned to Node12
The tips of the tree:cYOxt_az.tree_0 were matched with the species names from the data in the following numeric order (0-based) {7,5,1,2,4,3,0,6}

Pseudo-optimal path's cost 1376 vs 2428 for 1..k=> a 1.76453 x improvement
Partition 0 is ASSUMED to have a reversible model
Variable 'USE_LAST_RESULTS' was not initialized prior to being used
Variable 'cYOxt_az.tree_0.Ochotona_princeps.t' was not initialized prior to being used
models.generic.SetBranchLength: cYOxt_az.tree_0.Ochotona_princeps.t=220.8123980896445
Variable 'cYOxt_az.tree_0.Fukomys_damarensis.t' was not initialized prior to being used
models.generic.SetBranchLength: cYOxt_az.tree_0.Fukomys_damarensis.t=116.5570400135916
Variable 'cYOxt_az.tree_0.Cavia_porcellus.t' was not initialized prior to being used
models.generic.SetBranchLength: cYOxt_az.tree_0.Cavia_porcellus.t=15.20668635159315
Variable 'cYOxt_az.tree_0.Cavia_aperea.t' was not initialized prior to being used
models.generic.SetBranchLength: cYOxt_az.tree_0.Cavia_aperea.t=15.20668635159315
Variable 'cYOxt_az.tree_0.Node6.t' was not initialized prior to being used
models.generic.SetBranchLength: cYOxt_az.tree_0.Node6.t=80.97507457117541
Variable 'cYOxt_az.tree_0.Octodon_degus.t' was not initialized prior to being used
models.generic.SetBranchLength: cYOxt_az.tree_0.Octodon_degus.t=88.32239229384592
Variable 'cYOxt_az.tree_0.Chinchilla_lanigera.t' was not initialized prior to being used
models.generic.SetBranchLength: cYOxt_az.tree_0.Chinchilla_lanigera.t=88.32239229384592
Variable 'cYOxt_az.tree_0.Node9.t' was not initialized prior to being used
models.generic.SetBranchLength: cYOxt_az.tree_0.Node9.t=7.859368628922649
Variable 'cYOxt_az.tree_0.Node5.t' was not initialized prior to being used
models.generic.SetBranchLength: cYOxt_az.tree_0.Node5.t=20.37527909082307
Variable 'cYOxt_az.tree_0.Node3.t' was not initialized prior to being used
models.generic.SetBranchLength: cYOxt_az.tree_0.Node3.t=79.35145991758999
Variable 'cYOxt_az.tree_0.Castor_canadensis.t' was not initialized prior to being used
models.generic.SetBranchLength: cYOxt_az.tree_0.Castor_canadensis.t=189.6401655566117
Variable 'cYOxt_az.tree_0.Sciurus_vulgaris.t' was not initialized prior to being used
models.generic.SetBranchLength: cYOxt_az.tree_0.Sciurus_vulgaris.t=189.6401655566117
Variable 'cYOxt_az.tree_0.Node12.t' was not initialized prior to being used
models.generic.SetBranchLength: cYOxt_az.tree_0.Node12.t=6.268334347687702
Variable 'cYOxt_az.cYOxt_az.likelihoodFunction' was not initialized prior to being used
Variable 'SAVE_OPT_STATUS_TO' was not initialized prior to being used
Auto-benchmarked an optimal number (1) of threads.
Set GUI update interval to every 6493-th LF evaluation.
Optimization settings:
	OPTIMIZATION_METHOD = 4
	OPTIMIZATION_PRECISION = 0.001
	MAXIMUM_ITERATIONS_PER_VARIABLE = 5000

Initial parameter values

cYOxt_az.model.theta_GT = 0.25
cYOxt_az.model.theta_CT = 1
cYOxt_az.model.theta_AC = 0.25
cYOxt_az.model.theta_CG = 0.25
cYOxt_az.model.theta_AT = 0.25
cYOxt_az.tree_0.Ochotona_princeps.t = 220.812
cYOxt_az.tree_0.Fukomys_damarensis.t = 116.557
cYOxt_az.tree_0.Cavia_porcellus.t = 15.2067
cYOxt_az.tree_0.Cavia_aperea.t = 15.2067
cYOxt_az.tree_0.Node6.t = 80.9751
cYOxt_az.tree_0.Octodon_degus.t = 88.3224
cYOxt_az.tree_0.Chinchilla_lanigera.t = 88.3224
cYOxt_az.tree_0.Node9.t = 7.85937
cYOxt_az.tree_0.Node5.t = 20.3753
cYOxt_az.tree_0.Node3.t = 79.3515
cYOxt_az.tree_0.Castor_canadensis.t = 189.64
cYOxt_az.tree_0.Sciurus_vulgaris.t = 189.64
cYOxt_az.tree_0.Node12.t = 6.26833
Optimization finished in 25 loop passes.
2345 likelihood evaluation calls and 12587 matrix exponentiations calls were made

Variable 'BRANCH_LENGTH_STENCIL' was not initialized prior to being used
Variable 'cYOxt_az.option' was not initialized prior to being used
Variable 'relax.terms.json.nucleotide_gtr' was not initialized prior to being used
Variable 'Unknown' was not initialized prior to being used
Variable 'sIaObAGb.initial_value' was not initialized prior to being used
Variable 'WHYYmgGi.data_filter' was not initialized prior to being used
Row and/or column partition is empty. All the data will be used by default.
Auto-benchmarked an optimal number (1) of threads.
Set GUI update interval to every 6250-th LF evaluation.
Optimization settings:
	OPTIMIZATION_METHOD = 4
	OPTIMIZATION_PRECISION = 0.001
	MAXIMUM_ITERATIONS_PER_VARIABLE = 5000

Initial parameter values

frequencies._aux.CF3x4.p0_0 = 0.237206
frequencies._aux.CF3x4.p0_1 = 0.404454
frequencies._aux.CF3x4.p0_2 = 0.634811
frequencies._aux.CF3x4.p1_0 = 0.28943
frequencies._aux.CF3x4.p1_1 = 0.309327
frequencies._aux.CF3x4.p1_2 = 0.422222
frequencies._aux.CF3x4.p2_0 = 0.164639
frequencies._aux.CF3x4.p2_1 = 0.363796
frequencies._aux.CF3x4.p2_2 = 0.631807
Optimization finished in 6 loop passes.
160 likelihood evaluation calls and 0 matrix exponentiations calls were made

Variable 'WHYYmgGi.model_MGREV_pi' was not initialized prior to being used
Model WHYYmgGi.model_MGREV assigned to Ochotona_princeps
Model WHYYmgGi.model_MGREV assigned to Fukomys_damarensis
Model WHYYmgGi.model_MGREV assigned to Cavia_porcellus
Model WHYYmgGi.model_MGREV assigned to Cavia_aperea
Model WHYYmgGi.model_MGREV assigned to Node6
Model WHYYmgGi.model_MGREV assigned to Octodon_degus
Model WHYYmgGi.model_MGREV assigned to Chinchilla_lanigera
Model WHYYmgGi.model_MGREV assigned to Node9
Model WHYYmgGi.model_MGREV assigned to Node5
Model WHYYmgGi.model_MGREV assigned to Node3
Model WHYYmgGi.model_MGREV assigned to Castor_canadensis
Model WHYYmgGi.model_MGREV assigned to Sciurus_vulgaris
Model WHYYmgGi.model_MGREV assigned to Node12
The tips of the tree:WHYYmgGi.tree_0 were matched with the species names from the data in the following numeric order (0-based) {7,5,1,2,4,3,0,6}

Pseudo-optimal path's cost 1521 vs 1797 for 1..k=> a 1.18146 x improvement
Partition 0 is ASSUMED to have a reversible model
Variable 'WHYYmgGi.WHYYmgGi.likelihoodFunction' was not initialized prior to being used
Variable 'WHYYmgGi.tree_0.Ochotona_princeps.alpha' was not initialized prior to being used
Variable 'WHYYmgGi.tree_0.Fukomys_damarensis.alpha' was not initialized prior to being used
Variable 'WHYYmgGi.tree_0.Cavia_porcellus.alpha' was not initialized prior to being used
Variable 'WHYYmgGi.tree_0.Cavia_aperea.alpha' was not initialized prior to being used
Variable 'WHYYmgGi.tree_0.Node6.alpha' was not initialized prior to being used
Variable 'WHYYmgGi.tree_0.Octodon_degus.alpha' was not initialized prior to being used
Variable 'WHYYmgGi.tree_0.Chinchilla_lanigera.alpha' was not initialized prior to being used
Variable 'WHYYmgGi.tree_0.Node9.alpha' was not initialized prior to being used
Variable 'WHYYmgGi.tree_0.Node5.alpha' was not initialized prior to being used
Variable 'WHYYmgGi.tree_0.Node3.alpha' was not initialized prior to being used
Variable 'WHYYmgGi.tree_0.Castor_canadensis.alpha' was not initialized prior to being used
Variable 'WHYYmgGi.tree_0.Sciurus_vulgaris.alpha' was not initialized prior to being used
Variable 'WHYYmgGi.tree_0.Node12.alpha' was not initialized prior to being used
Site 3 evaluated to a 0 probability in ComputeTreeBlockByBranch
Site 92 evaluated to a 0 probability in ComputeTreeBlockByBranch
Site 3 evaluated to a 0 probability in ComputeTreeBlockByBranch
Site 110 evaluated to a 0 probability in ComputeTreeBlockByBranch
Site 3 evaluated to a 0 probability in ComputeTreeBlockByBranch
Site 10 evaluated to a 0 probability in ComputeTreeBlockByBranch
Site 142 evaluated to a 0 probability in ComputeTreeBlockByBranch
Site 59 evaluated to a 0 probability in ComputeTreeBlockByBranch
Site 132 evaluated to a 0 probability in ComputeTreeBlockByBranch
Site 3 evaluated to a 0 probability in ComputeTreeBlockByBranch
Site 99 evaluated to a 0 probability in ComputeTreeBlockByBranch
Site 53 evaluated to a 0 probability in ComputeTreeBlockByBranch
Site 3 evaluated to a 0 probability in ComputeTreeBlockByBranch
Site 116 evaluated to a 0 probability in ComputeTreeBlockByBranch
Site 143 evaluated to a 0 probability in ComputeTreeBlockByBranch
Site 10 evaluated to a 0 probability in ComputeTreeBlockByBranch
Site 92 evaluated to a 0 probability in ComputeTreeBlockByBranch
Site 110 evaluated to a 0 probability in ComputeTreeBlockByBranch
Site 77 evaluated to a 0 probability in ComputeTreeBlockByBranch
Site 96 evaluated to a 0 probability in ComputeTreeBlockByBranch
Site 3 evaluated to a 0 probability in ComputeTreeBlockByBranch
Site 47 evaluated to a 0 probability in ComputeTreeBlockByBranch
Site 111 evaluated to a 0 probability in ComputeTreeBlockByBranch
Site 101 evaluated to a 0 probability in ComputeTreeBlockByBranch
Site 35 evaluated to a 0 probability in ComputeTreeBlockByBranch
Site 134 evaluated to a 0 probability in ComputeTreeBlockByBranch
Site 3 evaluated to a 0 probability in ComputeTreeBlockByBranch
Site 142 evaluated to a 0 probability in ComputeTreeBlockByBranch
Auto-benchmarked an optimal number (6) of threads.
Set GUI update interval to every 986-th LF evaluation.
Initial guess for WHYYmgGi.tree_0.Node3.alpha is 0.000113397
Initial guess for WHYYmgGi.tree_0.Fukomys_damarensis.alpha is 0.00023277
Initial guess for WHYYmgGi.tree_0.Node5.alpha is 2.0289e-05
Initial guess for WHYYmgGi.tree_0.Node6.alpha is 0.000110209
Initial guess for WHYYmgGi.tree_0.Cavia_porcellus.alpha is 0.000120719
Initial guess for WHYYmgGi.tree_0.Cavia_aperea.alpha is 9.43031e-08
Initial guess for WHYYmgGi.tree_0.Node9.alpha is 1.6612e-05
Initial guess for WHYYmgGi.tree_0.Octodon_degus.alpha is 3.24224e-06
Initial guess for WHYYmgGi.tree_0.Chinchilla_lanigera.alpha is 0.00011264
Initial guess for WHYYmgGi.tree_0.Node12.alpha is -1.03128e-05
Initial guess for WHYYmgGi.tree_0.Castor_canadensis.alpha is 6.42281e-05
Initial guess for WHYYmgGi.tree_0.Sciurus_vulgaris.alpha is 0.000864281
Optimization settings:
	OPTIMIZATION_METHOD = 4
	OPTIMIZATION_PRECISION = 0.001
	MAXIMUM_ITERATIONS_PER_VARIABLE = 5000

Initial parameter values

WHYYmgGi.model_MGREV.theta_GT = 1
WHYYmgGi.model_MGREV.theta_CT = 1
WHYYmgGi.model_MGREV.theta_CG = 1
WHYYmgGi.model_MGREV.theta_AC = 1
WHYYmgGi.model_MGREV.theta_AT = 1
WHYYmgGi.model_MGREV.omega_0 = 1
WHYYmgGi.tree_0.Ochotona_princeps.alpha = 0.1
WHYYmgGi.tree_0.Fukomys_damarensis.alpha = 0.00023277
WHYYmgGi.tree_0.Cavia_porcellus.alpha = 0.000120719
WHYYmgGi.tree_0.Cavia_aperea.alpha = 9.43031e-08
WHYYmgGi.tree_0.Node6.alpha = 0.000110209
WHYYmgGi.tree_0.Octodon_degus.alpha = 3.24224e-06
WHYYmgGi.tree_0.Chinchilla_lanigera.alpha = 0.00011264
WHYYmgGi.tree_0.Node9.alpha = 1.6612e-05
WHYYmgGi.tree_0.Node5.alpha = 2.0289e-05
WHYYmgGi.tree_0.Node3.alpha = 0.000113397
WHYYmgGi.tree_0.Castor_canadensis.alpha = 6.42281e-05
WHYYmgGi.tree_0.Sciurus_vulgaris.alpha = 0.000864281
WHYYmgGi.tree_0.Node12.alpha = 0
WHYYmgGi.model_MGREV.omega_1 = 1
Failing bound checks on WHYYmgGi.tree_0.Octodon_degus.beta =         10003.43521673618
Optimization finished in 32 loop passes.
2631 likelihood evaluation calls and 14369 matrix exponentiations calls were made

Row and/or column partition is empty. All the data will be used by default.
Auto-benchmarked an optimal number (3) of threads.
Set GUI update interval to every 6410-th LF evaluation.
Optimization settings:
	OPTIMIZATION_METHOD = 4
	OPTIMIZATION_PRECISION = 0.001
	MAXIMUM_ITERATIONS_PER_VARIABLE = 5000

Initial parameter values

frequencies._aux.CF3x4.p0_0 = 0.237206
frequencies._aux.CF3x4.p0_1 = 0.404454
frequencies._aux.CF3x4.p0_2 = 0.634811
frequencies._aux.CF3x4.p1_0 = 0.28943
frequencies._aux.CF3x4.p1_1 = 0.309327
frequencies._aux.CF3x4.p1_2 = 0.422222
frequencies._aux.CF3x4.p2_0 = 0.164639
frequencies._aux.CF3x4.p2_1 = 0.363796
frequencies._aux.CF3x4.p2_2 = 0.631807
Optimization finished in 6 loop passes.
162 likelihood evaluation calls and 0 matrix exponentiations calls were made

Variable 'WHYYmgGi.model_MGREV_pi' was not initialized prior to being used
Model WHYYmgGi.model_MGREV assigned to Ochotona_princeps
Model WHYYmgGi.model_MGREV assigned to Fukomys_damarensis
Model WHYYmgGi.model_MGREV assigned to Cavia_porcellus
Model WHYYmgGi.model_MGREV assigned to Cavia_aperea
Model WHYYmgGi.model_MGREV assigned to Node6
Model WHYYmgGi.model_MGREV assigned to Octodon_degus
Model WHYYmgGi.model_MGREV assigned to Chinchilla_lanigera
Model WHYYmgGi.model_MGREV assigned to Node9
Model WHYYmgGi.model_MGREV assigned to Node5
Model WHYYmgGi.model_MGREV assigned to Node3
Model WHYYmgGi.model_MGREV assigned to Castor_canadensis
Model WHYYmgGi.model_MGREV assigned to Sciurus_vulgaris
Model WHYYmgGi.model_MGREV assigned to Node12
The tips of the tree:WHYYmgGi.tree_0 were matched with the species names from the data in the following numeric order (0-based) {7,5,1,2,4,3,0,6}

Pseudo-optimal path's cost 1521 vs 1797 for 1..k=> a 1.18146 x improvement
Partition 0 is ASSUMED to have a reversible model
Variable 'WHYYmgGi.tree_0.Castor_canadensis.alpha' was not initialized prior to being used
Variable 'WHYYmgGi.tree_0.Node3.alpha' was not initialized prior to being used
Variable 'WHYYmgGi.tree_0.Sciurus_vulgaris.alpha' was not initialized prior to being used
Variable 'WHYYmgGi.tree_0.Node5.alpha' was not initialized prior to being used
Variable 'WHYYmgGi.tree_0.Node9.alpha' was not initialized prior to being used
Variable 'WHYYmgGi.tree_0.Fukomys_damarensis.alpha' was not initialized prior to being used
Variable 'WHYYmgGi.tree_0.Chinchilla_lanigera.alpha' was not initialized prior to being used
Variable 'WHYYmgGi.tree_0.Ochotona_princeps.alpha' was not initialized prior to being used
Variable 'WHYYmgGi.tree_0.Octodon_degus.alpha' was not initialized prior to being used
Variable 'WHYYmgGi.tree_0.Cavia_aperea.alpha' was not initialized prior to being used
Variable 'WHYYmgGi.tree_0.Node6.alpha' was not initialized prior to being used
Variable 'WHYYmgGi.tree_0.Cavia_porcellus.alpha' was not initialized prior to being used
Variable 'WHYYmgGi.tree_0.Node12.alpha' was not initialized prior to being used
Site 3 evaluated to a 0 probability in ComputeTreeBlockByBranch
Site 92 evaluated to a 0 probability in ComputeTreeBlockByBranch
Site 3 evaluated to a 0 probability in ComputeTreeBlockByBranch
Site 110 evaluated to a 0 probability in ComputeTreeBlockByBranch
Site 3 evaluated to a 0 probability in ComputeTreeBlockByBranch
Site 10 evaluated to a 0 probability in ComputeTreeBlockByBranch
Site 142 evaluated to a 0 probability in ComputeTreeBlockByBranch
Site 59 evaluated to a 0 probability in ComputeTreeBlockByBranch
Site 132 evaluated to a 0 probability in ComputeTreeBlockByBranch
Site 3 evaluated to a 0 probability in ComputeTreeBlockByBranch
Site 99 evaluated to a 0 probability in ComputeTreeBlockByBranch
Site 53 evaluated to a 0 probability in ComputeTreeBlockByBranch
Site 3 evaluated to a 0 probability in ComputeTreeBlockByBranch
Site 116 evaluated to a 0 probability in ComputeTreeBlockByBranch
Site 143 evaluated to a 0 probability in ComputeTreeBlockByBranch
Auto-benchmarked an optimal number (4) of threads.
Set GUI update interval to every 1037-th LF evaluation.
Initial guess for WHYYmgGi.tree_0.Node3.alpha is 0.000113397
Initial guess for WHYYmgGi.tree_0.Fukomys_damarensis.alpha is 0.00023277
Initial guess for WHYYmgGi.tree_0.Node5.alpha is 2.0289e-05
Initial guess for WHYYmgGi.tree_0.Node6.alpha is 0.000110209
Initial guess for WHYYmgGi.tree_0.Cavia_porcellus.alpha is 0.000120719
Initial guess for WHYYmgGi.tree_0.Cavia_aperea.alpha is 9.43031e-08
Initial guess for WHYYmgGi.tree_0.Node9.alpha is 1.6612e-05
Initial guess for WHYYmgGi.tree_0.Octodon_degus.alpha is 3.24224e-06
Initial guess for WHYYmgGi.tree_0.Chinchilla_lanigera.alpha is 0.00011264
Initial guess for WHYYmgGi.tree_0.Node12.alpha is -1.03128e-05
Initial guess for WHYYmgGi.tree_0.Castor_canadensis.alpha is 6.42281e-05
Initial guess for WHYYmgGi.tree_0.Sciurus_vulgaris.alpha is 0.000864281
Optimization settings:
	OPTIMIZATION_METHOD = 4
	OPTIMIZATION_PRECISION = 0.001
	MAXIMUM_ITERATIONS_PER_VARIABLE = 5000

Initial parameter values

WHYYmgGi.model_MGREV.theta_CG = 1
WHYYmgGi.model_MGREV.theta_AT = 1
WHYYmgGi.model_MGREV.theta_CT = 1
WHYYmgGi.model_MGREV.theta_GT = 1
WHYYmgGi.model_MGREV.theta_AC = 1
WHYYmgGi.model_MGREV.omega_0 = 1
WHYYmgGi.tree_0.Ochotona_princeps.alpha = 0.1
WHYYmgGi.tree_0.Fukomys_damarensis.alpha = 0.00023277
WHYYmgGi.tree_0.Cavia_porcellus.alpha = 0.000120719
WHYYmgGi.tree_0.Cavia_aperea.alpha = 9.43031e-08
WHYYmgGi.tree_0.Node6.alpha = 0.000110209
WHYYmgGi.tree_0.Octodon_degus.alpha = 3.24224e-06
WHYYmgGi.tree_0.Chinchilla_lanigera.alpha = 0.00011264
WHYYmgGi.tree_0.Node9.alpha = 1.6612e-05
WHYYmgGi.tree_0.Node5.alpha = 2.0289e-05
WHYYmgGi.tree_0.Node3.alpha = 0.000113397
WHYYmgGi.tree_0.Castor_canadensis.alpha = 6.42281e-05
WHYYmgGi.tree_0.Sciurus_vulgaris.alpha = 0.000864281
WHYYmgGi.tree_0.Node12.alpha = 0
WHYYmgGi.model_MGREV.omega_1 = 1
Failing bound checks on WHYYmgGi.tree_0.Octodon_degus.beta =         10003.43521673618
Optimization finished in 28 loop passes.
2685 likelihood evaluation calls and 13713 matrix exponentiations calls were made

Overwritten previously defined function:'mwnaqDOn.rate_generator'
Overwritten previously defined function:'mwnaqDOn.rate_generator'
Auto-benchmarked an optimal number (1) of threads.
Set GUI update interval to every 6172-th LF evaluation.
Optimization settings:
	OPTIMIZATION_METHOD = 4
	OPTIMIZATION_PRECISION = 0.001
	MAXIMUM_ITERATIONS_PER_VARIABLE = 5000

Initial parameter values

frequencies._aux.CF3x4.p0_0 = 0.237206
frequencies._aux.CF3x4.p0_1 = 0.404454
frequencies._aux.CF3x4.p0_2 = 0.634811
frequencies._aux.CF3x4.p1_0 = 0.28943
frequencies._aux.CF3x4.p1_1 = 0.309327
frequencies._aux.CF3x4.p1_2 = 0.422222
frequencies._aux.CF3x4.p2_0 = 0.164639
frequencies._aux.CF3x4.p2_1 = 0.363796
frequencies._aux.CF3x4.p2_2 = 0.631807
Optimization finished in 6 loop passes.
160 likelihood evaluation calls and 0 matrix exponentiations calls were made

Variable 'relax.test_pi' was not initialized prior to being used
Overwritten previously defined function:'mwnaqDOn.rate_generator'
Overwritten previously defined function:'mwnaqDOn.rate_generator'
Overwritten previously defined function:'mwnaqDOn.rate_generator'
Auto-benchmarked an optimal number (2) of threads.
Set GUI update interval to every 6250-th LF evaluation.
Optimization settings:
	OPTIMIZATION_METHOD = 4
	OPTIMIZATION_PRECISION = 0.001
	MAXIMUM_ITERATIONS_PER_VARIABLE = 5000

Initial parameter values

frequencies._aux.CF3x4.p0_0 = 0.237206
frequencies._aux.CF3x4.p0_1 = 0.404454
frequencies._aux.CF3x4.p0_2 = 0.634811
frequencies._aux.CF3x4.p1_0 = 0.28943
frequencies._aux.CF3x4.p1_1 = 0.309327
frequencies._aux.CF3x4.p1_2 = 0.422222
frequencies._aux.CF3x4.p2_0 = 0.164639
frequencies._aux.CF3x4.p2_1 = 0.363796
frequencies._aux.CF3x4.p2_2 = 0.631807
Optimization finished in 6 loop passes.
161 likelihood evaluation calls and 0 matrix exponentiations calls were made

Variable 'relax.reference_pi' was not initialized prior to being used
No nodel was assigned to Ochotona_princeps
No nodel was assigned to Fukomys_damarensis
No nodel was assigned to Cavia_porcellus
No nodel was assigned to Cavia_aperea
No nodel was assigned to Node6
No nodel was assigned to Octodon_degus
No nodel was assigned to Chinchilla_lanigera
No nodel was assigned to Node9
No nodel was assigned to Node5
No nodel was assigned to Node3
No nodel was assigned to Castor_canadensis
No nodel was assigned to Sciurus_vulgaris
No nodel was assigned to Node12
The tips of the tree:hJUvR_UB.tree_id_0 were matched with the species names from the data in the following numeric order (0-based) {7,5,1,2,4,3,0,6}

Pseudo-optimal path's cost 1521 vs 1797 for 1..k=> a 1.18146 x improvement
Partition 0 is ASSUMED to have a reversible model
relax.reference.theta_AC was already constrained in estimators.SetGlobals2
relax.reference.theta_AG was already constrained in estimators.SetGlobals2
relax.reference.theta_AT was already constrained in estimators.SetGlobals2
relax.reference.theta_CG was already constrained in estimators.SetGlobals2
relax.reference.theta_CT was already constrained in estimators.SetGlobals2
relax.reference.theta_GT was already constrained in estimators.SetGlobals2
relax.test.theta_AG was already constrained in estimators.SetGlobals2
Variable 'hJUvR_UB.tree_id_0.Ochotona_princeps.t' was not initialized prior to being used
models.generic.SetBranchLength: hJUvR_UB.tree_id_0.Ochotona_princeps.t=2.342211014282438
Variable 'hJUvR_UB.tree_id_0.Fukomys_damarensis.t' was not initialized prior to being used
models.generic.SetBranchLength: hJUvR_UB.tree_id_0.Fukomys_damarensis.t=1.036956088113721
Variable 'hJUvR_UB.tree_id_0.Cavia_porcellus.t' was not initialized prior to being used
models.generic.SetBranchLength: hJUvR_UB.tree_id_0.Cavia_porcellus.t=0
Variable 'hJUvR_UB.tree_id_0.Cavia_aperea.t' was not initialized prior to being used
models.generic.SetBranchLength: hJUvR_UB.tree_id_0.Cavia_aperea.t=0.02347265668066808
Variable 'hJUvR_UB.tree_id_0.Node6.t' was not initialized prior to being used
models.generic.SetBranchLength: hJUvR_UB.tree_id_0.Node6.t=1.030573404887992
Variable 'hJUvR_UB.tree_id_0.Octodon_degus.t' was not initialized prior to being used
models.generic.SetBranchLength: hJUvR_UB.tree_id_0.Octodon_degus.t=0.9514877456360772
Variable 'hJUvR_UB.tree_id_0.Chinchilla_lanigera.t' was not initialized prior to being used
models.generic.SetBranchLength: hJUvR_UB.tree_id_0.Chinchilla_lanigera.t=0.5051689813857255
Variable 'hJUvR_UB.tree_id_0.Node9.t' was not initialized prior to being used
models.generic.SetBranchLength: hJUvR_UB.tree_id_0.Node9.t=0.08726826299058846
Variable 'hJUvR_UB.tree_id_0.Node5.t' was not initialized prior to being used
models.generic.SetBranchLength: hJUvR_UB.tree_id_0.Node5.t=0.401345713726607
Variable 'hJUvR_UB.tree_id_0.Node3.t' was not initialized prior to being used
models.generic.SetBranchLength: hJUvR_UB.tree_id_0.Node3.t=1.514187360104354
Variable 'hJUvR_UB.tree_id_0.Castor_canadensis.t' was not initialized prior to being used
models.generic.SetBranchLength: hJUvR_UB.tree_id_0.Castor_canadensis.t=76.44673357824183
Variable 'hJUvR_UB.tree_id_0.Sciurus_vulgaris.t' was not initialized prior to being used
models.generic.SetBranchLength: hJUvR_UB.tree_id_0.Sciurus_vulgaris.t=0
Variable 'hJUvR_UB.tree_id_0.Node12.t' was not initialized prior to being used
models.generic.SetBranchLength: hJUvR_UB.tree_id_0.Node12.t=1.18914369434941
Variable 'hJUvR_UB.hJUvR_UB.likelihoodFunction' was not initialized prior to being used
Auto-benchmarked an optimal number (4) of threads.
Set GUI update interval to every 81-th LF evaluation.
Optimization settings:
	OPTIMIZATION_METHOD = 4
	OPTIMIZATION_PRECISION = 0.001
	MAXIMUM_ITERATIONS_PER_VARIABLE = 5000

Initial parameter values

relax.reference.omega3 = 7.27482
relax.reference.omega2 = 0.4601
relax.reference.bsrel_mixture_aux_0 = 0.45
relax.test.theta_GT = 0.252212
relax.reference.omega1 = 0.145496
relax.reference.bsrel_mixture_aux_1 = 0.818182
relax.test.theta_CT = 0.738153
relax.test.theta_AC = 0.357469
relax.test.theta_AT = 0.251547
relax.test.theta_CG = 0.225899
relax.K = 1
hJUvR_UB.tree_id_0.Ochotona_princeps.t = 2.34221
hJUvR_UB.tree_id_0.Fukomys_damarensis.t = 1.03696
hJUvR_UB.tree_id_0.Cavia_porcellus.t = 0
hJUvR_UB.tree_id_0.Cavia_aperea.t = 0.0234727
hJUvR_UB.tree_id_0.Node6.t = 1.03057
hJUvR_UB.tree_id_0.Octodon_degus.t = 0.951488
hJUvR_UB.tree_id_0.Chinchilla_lanigera.t = 0.505169
hJUvR_UB.tree_id_0.Node9.t = 0.0872683
hJUvR_UB.tree_id_0.Node5.t = 0.401346
hJUvR_UB.tree_id_0.Node3.t = 1.51419
hJUvR_UB.tree_id_0.Castor_canadensis.t = 76.4467
hJUvR_UB.tree_id_0.Sciurus_vulgaris.t = 0
hJUvR_UB.tree_id_0.Node12.t = 1.18914
Optimization finished in 273 loop passes.
21051 likelihood evaluation calls and 549231 matrix exponentiations calls were made

Variable 'MPI_NODE_COUNT' was not initialized prior to being used
Variable 'tVGZdrBE.hJUvR_UB.likelihoodFunction' was not initialized prior to being used
Auto-benchmarked an optimal number (4) of threads.
Set GUI update interval to every 99-th LF evaluation.
Optimization settings:
	OPTIMIZATION_METHOD = 4
	OPTIMIZATION_PRECISION = 0.001
	MAXIMUM_ITERATIONS_PER_VARIABLE = 5000

Initial parameter values

relax.reference.omega1 = 1.29163e-09
relax.reference.bsrel_mixture_aux_0 = 0.378546
relax.reference.bsrel_mixture_aux_1 = 0.487048
relax.reference.omega3 = 1.60202
relax.reference.omega2 = 0.0202896
relax.test.theta_GT = 0.236133
relax.test.theta_AT = 0.235989
relax.test.theta_AC = 0.324411
relax.test.theta_CG = 0.202624
relax.test.theta_CT = 0.728912
hJUvR_UB.tree_id_0.Ochotona_princeps.t = 1.44966
hJUvR_UB.tree_id_0.Fukomys_damarensis.t = 0.549729
hJUvR_UB.tree_id_0.Cavia_porcellus.t = 0
hJUvR_UB.tree_id_0.Cavia_aperea.t = 0.0124218
hJUvR_UB.tree_id_0.Node6.t = 0.629922
hJUvR_UB.tree_id_0.Octodon_degus.t = 0.520172
hJUvR_UB.tree_id_0.Chinchilla_lanigera.t = 0.285044
hJUvR_UB.tree_id_0.Node9.t = 0.0365232
hJUvR_UB.tree_id_0.Node5.t = 0.228743
hJUvR_UB.tree_id_0.Node3.t = 1.10082
hJUvR_UB.tree_id_0.Castor_canadensis.t = 14.7497
hJUvR_UB.tree_id_0.Sciurus_vulgaris.t = 0.295278
hJUvR_UB.tree_id_0.Node12.t = 0.33157
Optimization finished in 23 loop passes.
1725 likelihood evaluation calls and 44631 matrix exponentiations calls were made

Variable 'USE_JSON_FOR_MATRIX' was not initialized prior to being used