
Loaded 'libv3/all-terms.bf' from /usr/local/lib/hyphy/TemplateBatchFiles/libv3/all-terms.bf
Loaded 'libv3/UtilityFunctions.bf' from /usr/local/lib/hyphy/TemplateBatchFiles/libv3/UtilityFunctions.bf
Loaded 'IOFunctions.bf' from /usr/local/lib/hyphy/TemplateBatchFiles/libv3/IOFunctions.bf
Already loaded 'libv3/UtilityFunctions.bf' from /usr/local/lib/hyphy/TemplateBatchFiles/libv3/UtilityFunctions.bf
Loaded 'convenience/regexp.bf' from /usr/local/lib/hyphy/TemplateBatchFiles/libv3/convenience/regexp.bf
Already loaded 'libv3/all-terms.bf' from /usr/local/lib/hyphy/TemplateBatchFiles/libv3/all-terms.bf
Already loaded 'libv3/IOFunctions.bf' from /usr/local/lib/hyphy/TemplateBatchFiles/libv3/IOFunctions.bf
Loaded 'libv3/models/codon/MG_REV.bf' from /usr/local/lib/hyphy/TemplateBatchFiles/libv3/models/codon/MG_REV.bf
Loaded '../codon.bf' from /usr/local/lib/hyphy/TemplateBatchFiles/libv3/models/codon.bf
Loaded '../tasks/genetic_code.bf' from /usr/local/lib/hyphy/TemplateBatchFiles/libv3/tasks/genetic_code.bf
Loaded 'libv3/convenience/matrix.bf' from /usr/local/lib/hyphy/TemplateBatchFiles/libv3/convenience/matrix.bf
Already loaded 'libv3/UtilityFunctions.bf' from /usr/local/lib/hyphy/TemplateBatchFiles/libv3/UtilityFunctions.bf
Already loaded 'libv3/all-terms.bf' from /usr/local/lib/hyphy/TemplateBatchFiles/libv3/all-terms.bf
Already loaded '../UtilityFunctions.bf' from /usr/local/lib/hyphy/TemplateBatchFiles/libv3/UtilityFunctions.bf
Loaded '../DNA.bf' from /usr/local/lib/hyphy/TemplateBatchFiles/libv3/models/DNA.bf
Loaded 'frequencies.bf' from /usr/local/lib/hyphy/TemplateBatchFiles/libv3/models/frequencies.bf
Already loaded '../all-terms.bf' from /usr/local/lib/hyphy/TemplateBatchFiles/libv3/all-terms.bf
Loaded 'parameters.bf' from /usr/local/lib/hyphy/TemplateBatchFiles/libv3/models/parameters.bf
Loaded 'GrabBag' from /usr/local/lib/hyphy/TemplateBatchFiles/Utility/GrabBag.bf
Overwritten previously defined function:'_sortStringsAux'
Already loaded 'libv3/all-terms.bf' from /usr/local/lib/hyphy/TemplateBatchFiles/libv3/all-terms.bf
Already loaded '../UtilityFunctions.bf' from /usr/local/lib/hyphy/TemplateBatchFiles/libv3/UtilityFunctions.bf
Loaded 'model_functions.bf' from /usr/local/lib/hyphy/TemplateBatchFiles/libv3/models/model_functions.bf
Already loaded 'DNA.bf' from /usr/local/lib/hyphy/TemplateBatchFiles/libv3/models/DNA.bf
Already loaded 'parameters.bf' from /usr/local/lib/hyphy/TemplateBatchFiles/libv3/models/parameters.bf
Already loaded 'frequencies.bf' from /usr/local/lib/hyphy/TemplateBatchFiles/libv3/models/frequencies.bf
Already loaded '../UtilityFunctions.bf' from /usr/local/lib/hyphy/TemplateBatchFiles/libv3/UtilityFunctions.bf
Already loaded '../convenience/regexp.bf' from /usr/local/lib/hyphy/TemplateBatchFiles/libv3/convenience/regexp.bf
Already loaded 'libv3/all-terms.bf' from /usr/local/lib/hyphy/TemplateBatchFiles/libv3/all-terms.bf
Already loaded '../parameters.bf' from /usr/local/lib/hyphy/TemplateBatchFiles/libv3/models/parameters.bf
Already loaded '../frequencies.bf' from /usr/local/lib/hyphy/TemplateBatchFiles/libv3/models/frequencies.bf
Already loaded '../../UtilityFunctions.bf' from /usr/local/lib/hyphy/TemplateBatchFiles/libv3/UtilityFunctions.bf
Loaded 'libv3/tasks/estimators.bf' from /usr/local/lib/hyphy/TemplateBatchFiles/libv3/tasks/estimators.bf
Already loaded '../models/model_functions.bf' from /usr/local/lib/hyphy/TemplateBatchFiles/libv3/models/model_functions.bf
Loaded '../models/DNA/GTR.bf' from /usr/local/lib/hyphy/TemplateBatchFiles/libv3/models/DNA/GTR.bf
Already loaded '../DNA.bf' from /usr/local/lib/hyphy/TemplateBatchFiles/libv3/models/DNA.bf
Already loaded '../parameters.bf' from /usr/local/lib/hyphy/TemplateBatchFiles/libv3/models/parameters.bf
Already loaded '../frequencies.bf' from /usr/local/lib/hyphy/TemplateBatchFiles/libv3/models/frequencies.bf
Already loaded '../../UtilityFunctions.bf' from /usr/local/lib/hyphy/TemplateBatchFiles/libv3/UtilityFunctions.bf
Already loaded 'libv3/all-terms.bf' from /usr/local/lib/hyphy/TemplateBatchFiles/libv3/all-terms.bf
Already loaded '../convenience/regexp.bf' from /usr/local/lib/hyphy/TemplateBatchFiles/libv3/convenience/regexp.bf
Already loaded 'libv3/all-terms.bf' from /usr/local/lib/hyphy/TemplateBatchFiles/libv3/all-terms.bf
Loaded 'libv3/tasks/alignments.bf' from /usr/local/lib/hyphy/TemplateBatchFiles/libv3/tasks/alignments.bf
Already loaded '../IOFunctions.bf' from /usr/local/lib/hyphy/TemplateBatchFiles/libv3/IOFunctions.bf
Already loaded '../all-terms.bf' from /usr/local/lib/hyphy/TemplateBatchFiles/libv3/all-terms.bf
Loaded 'libv3/tasks/trees.bf' from /usr/local/lib/hyphy/TemplateBatchFiles/libv3/tasks/trees.bf
Already loaded '../IOFunctions.bf' from /usr/local/lib/hyphy/TemplateBatchFiles/libv3/IOFunctions.bf
Already loaded '../all-terms.bf' from /usr/local/lib/hyphy/TemplateBatchFiles/libv3/all-terms.bf
Already loaded '../convenience/regexp.bf' from /usr/local/lib/hyphy/TemplateBatchFiles/libv3/convenience/regexp.bf
Already loaded '../UtilityFunctions.bf' from /usr/local/lib/hyphy/TemplateBatchFiles/libv3/UtilityFunctions.bf
Loaded 'TreeTools' from /usr/local/lib/hyphy/TemplateBatchFiles/TreeTools.ibf
Loaded 'modules/io_functions.ibf' from /usr/local/lib/hyphy/TemplateBatchFiles/SelectionAnalyses/modules/io_functions.ibf
Already loaded 'libv3/UtilityFunctions.bf' from /usr/local/lib/hyphy/TemplateBatchFiles/libv3/UtilityFunctions.bf
Already loaded 'libv3/IOFunctions.bf' from /usr/local/lib/hyphy/TemplateBatchFiles/libv3/IOFunctions.bf
Already loaded 'libv3/convenience/regexp.bf' from /usr/local/lib/hyphy/TemplateBatchFiles/libv3/convenience/regexp.bf
Already loaded 'libv3/all-terms.bf' from /usr/local/lib/hyphy/TemplateBatchFiles/libv3/all-terms.bf
Loaded 'modules/selection_lib.ibf' from /usr/local/lib/hyphy/TemplateBatchFiles/SelectionAnalyses/modules/selection_lib.ibf
Loaded 'libv3/models/codon/BS_REL.bf' from /usr/local/lib/hyphy/TemplateBatchFiles/libv3/models/codon/BS_REL.bf
Already loaded '../codon.bf' from /usr/local/lib/hyphy/TemplateBatchFiles/libv3/models/codon.bf
Already loaded '../DNA.bf' from /usr/local/lib/hyphy/TemplateBatchFiles/libv3/models/DNA.bf
Already loaded '../parameters.bf' from /usr/local/lib/hyphy/TemplateBatchFiles/libv3/models/parameters.bf
Already loaded '../frequencies.bf' from /usr/local/lib/hyphy/TemplateBatchFiles/libv3/models/frequencies.bf
Already loaded '../../UtilityFunctions.bf' from /usr/local/lib/hyphy/TemplateBatchFiles/libv3/UtilityFunctions.bf
Already loaded 'MG_REV.bf' from /usr/local/lib/hyphy/TemplateBatchFiles/libv3/models/codon/MG_REV.bf
Loaded '../../convenience/math.bf' from /usr/local/lib/hyphy/TemplateBatchFiles/libv3/convenience/math.bf
Already loaded 'libv3/UtilityFunctions.bf' from /usr/local/lib/hyphy/TemplateBatchFiles/libv3/UtilityFunctions.bf
Already loaded 'libv3/convenience/math.bf' from /usr/local/lib/hyphy/TemplateBatchFiles/libv3/convenience/math.bf
Loaded 'libv3/tasks/mpi.bf' from /usr/local/lib/hyphy/TemplateBatchFiles/libv3/tasks/mpi.bf
Already loaded '../all-terms.bf' from /usr/local/lib/hyphy/TemplateBatchFiles/libv3/all-terms.bf
Already loaded '../models/parameters.bf' from /usr/local/lib/hyphy/TemplateBatchFiles/libv3/models/parameters.bf
Variable 'NORMALIZE_SEQUENCE_NAMES' was not initialized prior to being used
Variable 'ASSUME_REVERSIBLE_MODELS' was not initialized prior to being used
Loaded 'modules/shared-load-file.bf' from /usr/local/lib/hyphy/TemplateBatchFiles/SelectionAnalyses/modules/shared-load-file.bf
Variable 'MARKDOWN_OUTPUT' was not initialized prior to being used
Already loaded 'libv3/convenience/matrix.bf' from /usr/local/lib/hyphy/TemplateBatchFiles/libv3/convenience/matrix.bf
Already loaded 'libv3/UtilityFunctions.bf' from /usr/local/lib/hyphy/TemplateBatchFiles/libv3/UtilityFunctions.bf
Variable 'ccwWrajd.skipCodeSelectionStep' was not initialized prior to being used
Row and/or column partition is empty. All the data will be used by default.
Variable 'NEXUS_FILE_TREE_MATRIX' was not initialized prior to being used
Variable 'utility.ToggleEnvVariable.cache' was not initialized prior to being used
Variable 'TREE_NODE_NAME_MAPPING' was not initialized prior to being used
Variable 'zqRdmIdN.PROMPT_FOR_FILE' was not initialized prior to being used
Variable 'END_OF_FILE' was not initialized prior to being used
Variable '_DO_TREE_REBALANCE_' was not initialized prior to being used
Variable '_KEEP_I_LABELS_' was not initialized prior to being used
Rooted topology. Removing one branch - the right root child has been promoted to be the new root
Variable 'INCLUDE_MODEL_SPECS' was not initialized prior to being used
Variable 'utility.ForEachPair.warn_non_rentrant' was not initialized prior to being used
Row and/or column partition is empty. All the data will be used by default.
Row and/or column partition is empty. All the data will be used by default.
Loaded 'modules/grid_compute.ibf' from /usr/local/lib/hyphy/TemplateBatchFiles/SelectionAnalyses/modules/grid_compute.ibf
Variable 'D_jMlm_O.cache' was not initialized prior to being used
Row and/or column partition is empty. All the data will be used by default.
Variable 'COUNT_GAPS_IN_FREQUENCIES' was not initialized prior to being used
Variable 'LjlbMcvi.model_pi' was not initialized prior to being used
Model LjlbMcvi.model assigned to Chrysolophus_pictus
Model LjlbMcvi.model assigned to Oxyura_jamaicensis
Model LjlbMcvi.model assigned to Cygnus_atratus
Model LjlbMcvi.model assigned to Anser_cygnoides
Model LjlbMcvi.model assigned to Node5
Model LjlbMcvi.model assigned to Node3
Model LjlbMcvi.model assigned to Aythya_fuligula
Model LjlbMcvi.model assigned to Anas_platyrhynchos
Model LjlbMcvi.model assigned to Node8
The tips of the tree:LjlbMcvi.tree_0 were matched with the species names from the data in the following numeric order (0-based) {0,2,1,3,4,5}

Pseudo-optimal path's cost 181 vs 257 for 1..k=> a 1.41989 x improvement
Partition 0 is ASSUMED to have a reversible model
Variable 'USE_LAST_RESULTS' was not initialized prior to being used
Variable 'LjlbMcvi.tree_0.Chrysolophus_pictus.t' was not initialized prior to being used
models.generic.SetBranchLength: LjlbMcvi.tree_0.Chrysolophus_pictus.t=213.0800611081278
Variable 'LjlbMcvi.tree_0.Oxyura_jamaicensis.t' was not initialized prior to being used
models.generic.SetBranchLength: LjlbMcvi.tree_0.Oxyura_jamaicensis.t=75.14368759435716
Variable 'LjlbMcvi.tree_0.Cygnus_atratus.t' was not initialized prior to being used
models.generic.SetBranchLength: LjlbMcvi.tree_0.Cygnus_atratus.t=54.04208812309037
Variable 'LjlbMcvi.tree_0.Anser_cygnoides.t' was not initialized prior to being used
models.generic.SetBranchLength: LjlbMcvi.tree_0.Anser_cygnoides.t=54.04208812309037
Variable 'LjlbMcvi.tree_0.Node5.t' was not initialized prior to being used
models.generic.SetBranchLength: LjlbMcvi.tree_0.Node5.t=21.10159947126679
Variable 'LjlbMcvi.tree_0.Node3.t' was not initialized prior to being used
models.generic.SetBranchLength: LjlbMcvi.tree_0.Node3.t=5.682048787897766
Variable 'LjlbMcvi.tree_0.Aythya_fuligula.t' was not initialized prior to being used
models.generic.SetBranchLength: LjlbMcvi.tree_0.Aythya_fuligula.t=41.20077905534243
Variable 'LjlbMcvi.tree_0.Anas_platyrhynchos.t' was not initialized prior to being used
models.generic.SetBranchLength: LjlbMcvi.tree_0.Anas_platyrhynchos.t=41.20077905534243
Variable 'LjlbMcvi.tree_0.Node8.t' was not initialized prior to being used
models.generic.SetBranchLength: LjlbMcvi.tree_0.Node8.t=39.62495735356235
Variable 'LjlbMcvi.LjlbMcvi.likelihoodFunction' was not initialized prior to being used
Variable 'SAVE_OPT_STATUS_TO' was not initialized prior to being used
Auto-benchmarked an optimal number (1) of threads.
Set GUI update interval to every 7936-th LF evaluation.
Optimization settings:
	OPTIMIZATION_METHOD = 4
	OPTIMIZATION_PRECISION = 0.001
	MAXIMUM_ITERATIONS_PER_VARIABLE = 5000

Initial parameter values

LjlbMcvi.model.theta_CT = 1
LjlbMcvi.model.theta_GT = 0.25
LjlbMcvi.model.theta_CG = 0.25
LjlbMcvi.model.theta_AC = 0.25
LjlbMcvi.model.theta_AT = 0.25
LjlbMcvi.tree_0.Chrysolophus_pictus.t = 213.08
LjlbMcvi.tree_0.Oxyura_jamaicensis.t = 75.1437
LjlbMcvi.tree_0.Cygnus_atratus.t = 54.0421
LjlbMcvi.tree_0.Anser_cygnoides.t = 54.0421
LjlbMcvi.tree_0.Node5.t = 21.1016
LjlbMcvi.tree_0.Node3.t = 5.68205
LjlbMcvi.tree_0.Aythya_fuligula.t = 41.2008
LjlbMcvi.tree_0.Anas_platyrhynchos.t = 41.2008
LjlbMcvi.tree_0.Node8.t = 39.625
Site 18 evaluated to a 0 probability in ComputeLLWithBranchCache
Optimization finished in 32 loop passes.
1914 likelihood evaluation calls and 9789 matrix exponentiations calls were made

Variable 'BRANCH_LENGTH_STENCIL' was not initialized prior to being used
Variable 'LjlbMcvi.option' was not initialized prior to being used
Variable 'relax.terms.json.nucleotide_gtr' was not initialized prior to being used
Variable 'Unknown' was not initialized prior to being used
Variable 'jaDTXyyE.initial_value' was not initialized prior to being used
Variable 'irxuhZdw.data_filter' was not initialized prior to being used
Row and/or column partition is empty. All the data will be used by default.
Auto-benchmarked an optimal number (3) of threads.
Set GUI update interval to every 3546-th LF evaluation.
Optimization settings:
	OPTIMIZATION_METHOD = 4
	OPTIMIZATION_PRECISION = 0.001
	MAXIMUM_ITERATIONS_PER_VARIABLE = 5000

Initial parameter values

frequencies._aux.CF3x4.p0_0 = 0.276978
frequencies._aux.CF3x4.p0_1 = 0.366501
frequencies._aux.CF3x4.p0_2 = 0.638743
frequencies._aux.CF3x4.p1_0 = 0.321343
frequencies._aux.CF3x4.p1_1 = 0.279152
frequencies._aux.CF3x4.p1_2 = 0.416667
frequencies._aux.CF3x4.p2_0 = 0.229017
frequencies._aux.CF3x4.p2_1 = 0.311042
frequencies._aux.CF3x4.p2_2 = 0.505643
Optimization finished in 6 loop passes.
181 likelihood evaluation calls and 0 matrix exponentiations calls were made

Variable 'irxuhZdw.model_MGREV_pi' was not initialized prior to being used
Model irxuhZdw.model_MGREV assigned to Chrysolophus_pictus
Model irxuhZdw.model_MGREV assigned to Oxyura_jamaicensis
Model irxuhZdw.model_MGREV assigned to Cygnus_atratus
Model irxuhZdw.model_MGREV assigned to Anser_cygnoides
Model irxuhZdw.model_MGREV assigned to Node5
Model irxuhZdw.model_MGREV assigned to Node3
Model irxuhZdw.model_MGREV assigned to Aythya_fuligula
Model irxuhZdw.model_MGREV assigned to Anas_platyrhynchos
Model irxuhZdw.model_MGREV assigned to Node8
The tips of the tree:irxuhZdw.tree_0 were matched with the species names from the data in the following numeric order (0-based) {0,2,1,3,4,5}

Pseudo-optimal path's cost 687 vs 901 for 1..k=> a 1.3115 x improvement
Partition 0 is ASSUMED to have a reversible model
Variable 'irxuhZdw.irxuhZdw.likelihoodFunction' was not initialized prior to being used
Variable 'irxuhZdw.tree_0.Chrysolophus_pictus.alpha' was not initialized prior to being used
Variable 'irxuhZdw.tree_0.Oxyura_jamaicensis.alpha' was not initialized prior to being used
Variable 'irxuhZdw.tree_0.Cygnus_atratus.alpha' was not initialized prior to being used
Variable 'irxuhZdw.tree_0.Anser_cygnoides.alpha' was not initialized prior to being used
Variable 'irxuhZdw.tree_0.Node5.alpha' was not initialized prior to being used
Variable 'irxuhZdw.tree_0.Node3.alpha' was not initialized prior to being used
Variable 'irxuhZdw.tree_0.Aythya_fuligula.alpha' was not initialized prior to being used
Variable 'irxuhZdw.tree_0.Anas_platyrhynchos.alpha' was not initialized prior to being used
Variable 'irxuhZdw.tree_0.Node8.alpha' was not initialized prior to being used
Site 28 evaluated to a 0 probability in ComputeTreeBlockByBranch
Site 29 evaluated to a 0 probability in ComputeTreeBlockByBranch
Site 28 evaluated to a 0 probability in ComputeTreeBlockByBranch
Site 93 evaluated to a 0 probability in ComputeTreeBlockByBranch
Site 68 evaluated to a 0 probability in ComputeTreeBlockByBranch
Site 28 evaluated to a 0 probability in ComputeTreeBlockByBranch
Auto-benchmarked an optimal number (2) of threads.
Set GUI update interval to every 574-th LF evaluation.
Initial guess for irxuhZdw.tree_0.Node3.alpha is 2.76783e-06
Initial guess for irxuhZdw.tree_0.Oxyura_jamaicensis.alpha is 0.000232654
Initial guess for irxuhZdw.tree_0.Node5.alpha is 7.02784e-06
Initial guess for irxuhZdw.tree_0.Cygnus_atratus.alpha is 2.74788e-05
Initial guess for irxuhZdw.tree_0.Anser_cygnoides.alpha is 3.83326e-06
Initial guess for irxuhZdw.tree_0.Node8.alpha is 2.04507e-05
Initial guess for irxuhZdw.tree_0.Aythya_fuligula.alpha is 1.15025e-05
Initial guess for irxuhZdw.tree_0.Anas_platyrhynchos.alpha is 7.66755e-06
Optimization settings:
	OPTIMIZATION_METHOD = 4
	OPTIMIZATION_PRECISION = 0.001
	MAXIMUM_ITERATIONS_PER_VARIABLE = 5000

Initial parameter values

irxuhZdw.model_MGREV.theta_GT = 1
irxuhZdw.model_MGREV.theta_CT = 1
irxuhZdw.model_MGREV.theta_AC = 1
irxuhZdw.model_MGREV.theta_CG = 1
irxuhZdw.model_MGREV.theta_AT = 1
irxuhZdw.model_MGREV.omega_0 = 1
irxuhZdw.tree_0.Chrysolophus_pictus.alpha = 0.1
irxuhZdw.tree_0.Oxyura_jamaicensis.alpha = 0.000232654
irxuhZdw.tree_0.Cygnus_atratus.alpha = 2.74788e-05
irxuhZdw.tree_0.Anser_cygnoides.alpha = 3.83326e-06
irxuhZdw.tree_0.Node5.alpha = 7.02784e-06
irxuhZdw.tree_0.Node3.alpha = 2.76783e-06
irxuhZdw.tree_0.Aythya_fuligula.alpha = 1.15025e-05
irxuhZdw.tree_0.Anas_platyrhynchos.alpha = 7.66755e-06
irxuhZdw.tree_0.Node8.alpha = 2.04507e-05
irxuhZdw.model_MGREV.omega_1 = 1
Failing bound checks on irxuhZdw.tree_0.Anser_cygnoides.beta =         10002.05540407222
Optimization finished in 24 loop passes.
1663 likelihood evaluation calls and 8012 matrix exponentiations calls were made

Row and/or column partition is empty. All the data will be used by default.
Auto-benchmarked an optimal number (3) of threads.
Set GUI update interval to every 4761-th LF evaluation.
Optimization settings:
	OPTIMIZATION_METHOD = 4
	OPTIMIZATION_PRECISION = 0.001
	MAXIMUM_ITERATIONS_PER_VARIABLE = 5000

Initial parameter values

frequencies._aux.CF3x4.p0_0 = 0.276978
frequencies._aux.CF3x4.p0_1 = 0.366501
frequencies._aux.CF3x4.p0_2 = 0.638743
frequencies._aux.CF3x4.p1_0 = 0.321343
frequencies._aux.CF3x4.p1_1 = 0.279152
frequencies._aux.CF3x4.p1_2 = 0.416667
frequencies._aux.CF3x4.p2_0 = 0.229017
frequencies._aux.CF3x4.p2_1 = 0.311042
frequencies._aux.CF3x4.p2_2 = 0.505643
Optimization finished in 6 loop passes.
181 likelihood evaluation calls and 0 matrix exponentiations calls were made

Variable 'irxuhZdw.model_MGREV_pi' was not initialized prior to being used
Model irxuhZdw.model_MGREV assigned to Chrysolophus_pictus
Model irxuhZdw.model_MGREV assigned to Oxyura_jamaicensis
Model irxuhZdw.model_MGREV assigned to Cygnus_atratus
Model irxuhZdw.model_MGREV assigned to Anser_cygnoides
Model irxuhZdw.model_MGREV assigned to Node5
Model irxuhZdw.model_MGREV assigned to Node3
Model irxuhZdw.model_MGREV assigned to Aythya_fuligula
Model irxuhZdw.model_MGREV assigned to Anas_platyrhynchos
Model irxuhZdw.model_MGREV assigned to Node8
The tips of the tree:irxuhZdw.tree_0 were matched with the species names from the data in the following numeric order (0-based) {0,2,1,3,4,5}

Pseudo-optimal path's cost 687 vs 901 for 1..k=> a 1.3115 x improvement
Partition 0 is ASSUMED to have a reversible model
Variable 'irxuhZdw.tree_0.Aythya_fuligula.alpha' was not initialized prior to being used
Variable 'irxuhZdw.tree_0.Node3.alpha' was not initialized prior to being used
Variable 'irxuhZdw.tree_0.Anas_platyrhynchos.alpha' was not initialized prior to being used
Variable 'irxuhZdw.tree_0.Node5.alpha' was not initialized prior to being used
Variable 'irxuhZdw.tree_0.Anser_cygnoides.alpha' was not initialized prior to being used
Variable 'irxuhZdw.tree_0.Cygnus_atratus.alpha' was not initialized prior to being used
Variable 'irxuhZdw.tree_0.Chrysolophus_pictus.alpha' was not initialized prior to being used
Variable 'irxuhZdw.tree_0.Oxyura_jamaicensis.alpha' was not initialized prior to being used
Variable 'irxuhZdw.tree_0.Node8.alpha' was not initialized prior to being used
Site 28 evaluated to a 0 probability in ComputeTreeBlockByBranch
Site 29 evaluated to a 0 probability in ComputeTreeBlockByBranch
Site 28 evaluated to a 0 probability in ComputeTreeBlockByBranch
Site 93 evaluated to a 0 probability in ComputeTreeBlockByBranch
Site 28 evaluated to a 0 probability in ComputeTreeBlockByBranch
Site 68 evaluated to a 0 probability in ComputeTreeBlockByBranch
Auto-benchmarked an optimal number (2) of threads.
Set GUI update interval to every 732-th LF evaluation.
Initial guess for irxuhZdw.tree_0.Node3.alpha is 2.76783e-06
Initial guess for irxuhZdw.tree_0.Oxyura_jamaicensis.alpha is 0.000232654
Initial guess for irxuhZdw.tree_0.Node5.alpha is 7.02784e-06
Initial guess for irxuhZdw.tree_0.Cygnus_atratus.alpha is 2.74788e-05
Initial guess for irxuhZdw.tree_0.Anser_cygnoides.alpha is 3.83326e-06
Initial guess for irxuhZdw.tree_0.Node8.alpha is 2.04507e-05
Initial guess for irxuhZdw.tree_0.Aythya_fuligula.alpha is 1.15025e-05
Initial guess for irxuhZdw.tree_0.Anas_platyrhynchos.alpha is 7.66755e-06
Optimization settings:
	OPTIMIZATION_METHOD = 4
	OPTIMIZATION_PRECISION = 0.001
	MAXIMUM_ITERATIONS_PER_VARIABLE = 5000

Initial parameter values

irxuhZdw.model_MGREV.theta_CG = 1
irxuhZdw.model_MGREV.theta_CT = 1
irxuhZdw.model_MGREV.theta_GT = 1
irxuhZdw.model_MGREV.theta_AT = 1
irxuhZdw.model_MGREV.theta_AC = 1
irxuhZdw.model_MGREV.omega_0 = 1
irxuhZdw.tree_0.Chrysolophus_pictus.alpha = 0.1
irxuhZdw.tree_0.Oxyura_jamaicensis.alpha = 0.000232654
irxuhZdw.tree_0.Cygnus_atratus.alpha = 2.74788e-05
irxuhZdw.tree_0.Anser_cygnoides.alpha = 3.83326e-06
irxuhZdw.tree_0.Node5.alpha = 7.02784e-06
irxuhZdw.tree_0.Node3.alpha = 2.76783e-06
irxuhZdw.tree_0.Aythya_fuligula.alpha = 1.15025e-05
irxuhZdw.tree_0.Anas_platyrhynchos.alpha = 7.66755e-06
irxuhZdw.tree_0.Node8.alpha = 2.04507e-05
irxuhZdw.model_MGREV.omega_1 = 1
Failing bound checks on irxuhZdw.tree_0.Anser_cygnoides.beta =         10002.05540407222
Optimization finished in 25 loop passes.
1677 likelihood evaluation calls and 8174 matrix exponentiations calls were made

Overwritten previously defined function:'zilhAotw.rate_generator'
Overwritten previously defined function:'zilhAotw.rate_generator'
Auto-benchmarked an optimal number (2) of threads.
Set GUI update interval to every 3105-th LF evaluation.
Optimization settings:
	OPTIMIZATION_METHOD = 4
	OPTIMIZATION_PRECISION = 0.001
	MAXIMUM_ITERATIONS_PER_VARIABLE = 5000

Initial parameter values

frequencies._aux.CF3x4.p0_0 = 0.276978
frequencies._aux.CF3x4.p0_1 = 0.366501
frequencies._aux.CF3x4.p0_2 = 0.638743
frequencies._aux.CF3x4.p1_0 = 0.321343
frequencies._aux.CF3x4.p1_1 = 0.279152
frequencies._aux.CF3x4.p1_2 = 0.416667
frequencies._aux.CF3x4.p2_0 = 0.229017
frequencies._aux.CF3x4.p2_1 = 0.311042
frequencies._aux.CF3x4.p2_2 = 0.505643
Optimization finished in 6 loop passes.
180 likelihood evaluation calls and 0 matrix exponentiations calls were made

Variable 'relax.test_pi' was not initialized prior to being used
Overwritten previously defined function:'zilhAotw.rate_generator'
Overwritten previously defined function:'zilhAotw.rate_generator'
Overwritten previously defined function:'zilhAotw.rate_generator'
Auto-benchmarked an optimal number (2) of threads.
Set GUI update interval to every 5208-th LF evaluation.
Optimization settings:
	OPTIMIZATION_METHOD = 4
	OPTIMIZATION_PRECISION = 0.001
	MAXIMUM_ITERATIONS_PER_VARIABLE = 5000

Initial parameter values

frequencies._aux.CF3x4.p0_0 = 0.276978
frequencies._aux.CF3x4.p0_1 = 0.366501
frequencies._aux.CF3x4.p0_2 = 0.638743
frequencies._aux.CF3x4.p1_0 = 0.321343
frequencies._aux.CF3x4.p1_1 = 0.279152
frequencies._aux.CF3x4.p1_2 = 0.416667
frequencies._aux.CF3x4.p2_0 = 0.229017
frequencies._aux.CF3x4.p2_1 = 0.311042
frequencies._aux.CF3x4.p2_2 = 0.505643
Optimization finished in 6 loop passes.
180 likelihood evaluation calls and 0 matrix exponentiations calls were made

Variable 'relax.reference_pi' was not initialized prior to being used
No nodel was assigned to Chrysolophus_pictus
No nodel was assigned to Oxyura_jamaicensis
No nodel was assigned to Cygnus_atratus
No nodel was assigned to Anser_cygnoides
No nodel was assigned to Node5
No nodel was assigned to Node3
No nodel was assigned to Aythya_fuligula
No nodel was assigned to Anas_platyrhynchos
No nodel was assigned to Node8
The tips of the tree:XcZVjjEi.tree_id_0 were matched with the species names from the data in the following numeric order (0-based) {0,2,1,3,4,5}

Pseudo-optimal path's cost 687 vs 901 for 1..k=> a 1.3115 x improvement
Partition 0 is ASSUMED to have a reversible model
relax.reference.theta_AC was already constrained in estimators.SetGlobals2
relax.reference.theta_AG was already constrained in estimators.SetGlobals2
relax.reference.theta_AT was already constrained in estimators.SetGlobals2
relax.reference.theta_CG was already constrained in estimators.SetGlobals2
relax.reference.theta_CT was already constrained in estimators.SetGlobals2
relax.reference.theta_GT was already constrained in estimators.SetGlobals2
relax.test.theta_AG was already constrained in estimators.SetGlobals2
Variable 'XcZVjjEi.tree_id_0.Chrysolophus_pictus.t' was not initialized prior to being used
models.generic.SetBranchLength: XcZVjjEi.tree_id_0.Chrysolophus_pictus.t=1.245478227736447
Variable 'XcZVjjEi.tree_id_0.Oxyura_jamaicensis.t' was not initialized prior to being used
models.generic.SetBranchLength: XcZVjjEi.tree_id_0.Oxyura_jamaicensis.t=0.1263853705198955
Variable 'XcZVjjEi.tree_id_0.Cygnus_atratus.t' was not initialized prior to being used
models.generic.SetBranchLength: XcZVjjEi.tree_id_0.Cygnus_atratus.t=0.01701027278003618
Variable 'XcZVjjEi.tree_id_0.Anser_cygnoides.t' was not initialized prior to being used
models.generic.SetBranchLength: XcZVjjEi.tree_id_0.Anser_cygnoides.t=0.05146712881373125
Variable 'XcZVjjEi.tree_id_0.Node5.t' was not initialized prior to being used
models.generic.SetBranchLength: XcZVjjEi.tree_id_0.Node5.t=0.02869145919555937
Variable 'XcZVjjEi.tree_id_0.Node3.t' was not initialized prior to being used
models.generic.SetBranchLength: XcZVjjEi.tree_id_0.Node3.t=0.03408682773546416
Variable 'XcZVjjEi.tree_id_0.Aythya_fuligula.t' was not initialized prior to being used
models.generic.SetBranchLength: XcZVjjEi.tree_id_0.Aythya_fuligula.t=0.03396204480462572
Variable 'XcZVjjEi.tree_id_0.Anas_platyrhynchos.t' was not initialized prior to being used
models.generic.SetBranchLength: XcZVjjEi.tree_id_0.Anas_platyrhynchos.t=0.05130474938336663
Variable 'XcZVjjEi.tree_id_0.Node8.t' was not initialized prior to being used
models.generic.SetBranchLength: XcZVjjEi.tree_id_0.Node8.t=0.07539895053998318
Variable 'XcZVjjEi.XcZVjjEi.likelihoodFunction' was not initialized prior to being used
Auto-benchmarked an optimal number (2) of threads.
Set GUI update interval to every 60-th LF evaluation.
Optimization settings:
	OPTIMIZATION_METHOD = 4
	OPTIMIZATION_PRECISION = 0.001
	MAXIMUM_ITERATIONS_PER_VARIABLE = 5000

Initial parameter values

relax.reference.omega3 = 7.27482
relax.reference.omega2 = 0.4601
relax.reference.bsrel_mixture_aux_0 = 0.45
relax.test.theta_GT = 0.352662
relax.reference.omega1 = 0.145496
relax.reference.bsrel_mixture_aux_1 = 0.818182
relax.test.theta_CT = 1.46734
relax.test.theta_AC = 0.216011
relax.test.theta_AT = 0.186692
relax.test.theta_CG = 0.450158
relax.K = 1
XcZVjjEi.tree_id_0.Chrysolophus_pictus.t = 1.24548
XcZVjjEi.tree_id_0.Oxyura_jamaicensis.t = 0.126385
XcZVjjEi.tree_id_0.Cygnus_atratus.t = 0.0170103
XcZVjjEi.tree_id_0.Anser_cygnoides.t = 0.0514671
XcZVjjEi.tree_id_0.Node5.t = 0.0286915
XcZVjjEi.tree_id_0.Node3.t = 0.0340868
XcZVjjEi.tree_id_0.Aythya_fuligula.t = 0.033962
XcZVjjEi.tree_id_0.Anas_platyrhynchos.t = 0.0513047
XcZVjjEi.tree_id_0.Node8.t = 0.075399
Optimization finished in 20 loop passes.
1763 likelihood evaluation calls and 34290 matrix exponentiations calls were made

Variable 'MPI_NODE_COUNT' was not initialized prior to being used
Variable 'pEfaPIbr.XcZVjjEi.likelihoodFunction' was not initialized prior to being used
Auto-benchmarked an optimal number (2) of threads.
Set GUI update interval to every 69-th LF evaluation.
Optimization settings:
	OPTIMIZATION_METHOD = 4
	OPTIMIZATION_PRECISION = 0.001
	MAXIMUM_ITERATIONS_PER_VARIABLE = 5000

Initial parameter values

relax.reference.omega3 = 1
relax.reference.omega2 = 0.498656
relax.reference.bsrel_mixture_aux_0 = 0.50701
relax.test.theta_GT = 0.347139
relax.reference.omega1 = 0
relax.reference.bsrel_mixture_aux_1 = 0.979242
relax.test.theta_CT = 1.40845
relax.test.theta_AC = 0.206647
relax.test.theta_AT = 0.177994
relax.test.theta_CG = 0.422092
XcZVjjEi.tree_id_0.Chrysolophus_pictus.t = 0.700227
XcZVjjEi.tree_id_0.Oxyura_jamaicensis.t = 0.0908544
XcZVjjEi.tree_id_0.Cygnus_atratus.t = 0.0122007
XcZVjjEi.tree_id_0.Anser_cygnoides.t = 0.0366991
XcZVjjEi.tree_id_0.Node5.t = 0.0209125
XcZVjjEi.tree_id_0.Node3.t = 0.0244753
XcZVjjEi.tree_id_0.Aythya_fuligula.t = 0.0243327
XcZVjjEi.tree_id_0.Anas_platyrhynchos.t = 0.0367075
XcZVjjEi.tree_id_0.Node8.t = 0.0537396
Optimization finished in 19 loop passes.
1369 likelihood evaluation calls and 26916 matrix exponentiations calls were made

Variable 'USE_JSON_FOR_MATRIX' was not initialized prior to being used