
Loaded 'libv3/all-terms.bf' from /usr/local/lib/hyphy/TemplateBatchFiles/libv3/all-terms.bf
Loaded 'libv3/UtilityFunctions.bf' from /usr/local/lib/hyphy/TemplateBatchFiles/libv3/UtilityFunctions.bf
Loaded 'IOFunctions.bf' from /usr/local/lib/hyphy/TemplateBatchFiles/libv3/IOFunctions.bf
Already loaded 'libv3/UtilityFunctions.bf' from /usr/local/lib/hyphy/TemplateBatchFiles/libv3/UtilityFunctions.bf
Loaded 'convenience/regexp.bf' from /usr/local/lib/hyphy/TemplateBatchFiles/libv3/convenience/regexp.bf
Already loaded 'libv3/all-terms.bf' from /usr/local/lib/hyphy/TemplateBatchFiles/libv3/all-terms.bf
Already loaded 'libv3/IOFunctions.bf' from /usr/local/lib/hyphy/TemplateBatchFiles/libv3/IOFunctions.bf
Loaded 'libv3/models/codon/MG_REV.bf' from /usr/local/lib/hyphy/TemplateBatchFiles/libv3/models/codon/MG_REV.bf
Loaded '../codon.bf' from /usr/local/lib/hyphy/TemplateBatchFiles/libv3/models/codon.bf
Loaded '../tasks/genetic_code.bf' from /usr/local/lib/hyphy/TemplateBatchFiles/libv3/tasks/genetic_code.bf
Loaded 'libv3/convenience/matrix.bf' from /usr/local/lib/hyphy/TemplateBatchFiles/libv3/convenience/matrix.bf
Already loaded 'libv3/UtilityFunctions.bf' from /usr/local/lib/hyphy/TemplateBatchFiles/libv3/UtilityFunctions.bf
Already loaded 'libv3/all-terms.bf' from /usr/local/lib/hyphy/TemplateBatchFiles/libv3/all-terms.bf
Already loaded '../UtilityFunctions.bf' from /usr/local/lib/hyphy/TemplateBatchFiles/libv3/UtilityFunctions.bf
Loaded '../DNA.bf' from /usr/local/lib/hyphy/TemplateBatchFiles/libv3/models/DNA.bf
Loaded 'frequencies.bf' from /usr/local/lib/hyphy/TemplateBatchFiles/libv3/models/frequencies.bf
Already loaded '../all-terms.bf' from /usr/local/lib/hyphy/TemplateBatchFiles/libv3/all-terms.bf
Loaded 'parameters.bf' from /usr/local/lib/hyphy/TemplateBatchFiles/libv3/models/parameters.bf
Loaded 'GrabBag' from /usr/local/lib/hyphy/TemplateBatchFiles/Utility/GrabBag.bf
Overwritten previously defined function:'_sortStringsAux'
Already loaded 'libv3/all-terms.bf' from /usr/local/lib/hyphy/TemplateBatchFiles/libv3/all-terms.bf
Already loaded '../UtilityFunctions.bf' from /usr/local/lib/hyphy/TemplateBatchFiles/libv3/UtilityFunctions.bf
Loaded 'model_functions.bf' from /usr/local/lib/hyphy/TemplateBatchFiles/libv3/models/model_functions.bf
Already loaded 'DNA.bf' from /usr/local/lib/hyphy/TemplateBatchFiles/libv3/models/DNA.bf
Already loaded 'parameters.bf' from /usr/local/lib/hyphy/TemplateBatchFiles/libv3/models/parameters.bf
Already loaded 'frequencies.bf' from /usr/local/lib/hyphy/TemplateBatchFiles/libv3/models/frequencies.bf
Already loaded '../UtilityFunctions.bf' from /usr/local/lib/hyphy/TemplateBatchFiles/libv3/UtilityFunctions.bf
Already loaded '../convenience/regexp.bf' from /usr/local/lib/hyphy/TemplateBatchFiles/libv3/convenience/regexp.bf
Already loaded 'libv3/all-terms.bf' from /usr/local/lib/hyphy/TemplateBatchFiles/libv3/all-terms.bf
Already loaded '../parameters.bf' from /usr/local/lib/hyphy/TemplateBatchFiles/libv3/models/parameters.bf
Already loaded '../frequencies.bf' from /usr/local/lib/hyphy/TemplateBatchFiles/libv3/models/frequencies.bf
Already loaded '../../UtilityFunctions.bf' from /usr/local/lib/hyphy/TemplateBatchFiles/libv3/UtilityFunctions.bf
Loaded 'libv3/tasks/estimators.bf' from /usr/local/lib/hyphy/TemplateBatchFiles/libv3/tasks/estimators.bf
Already loaded '../models/model_functions.bf' from /usr/local/lib/hyphy/TemplateBatchFiles/libv3/models/model_functions.bf
Loaded '../models/DNA/GTR.bf' from /usr/local/lib/hyphy/TemplateBatchFiles/libv3/models/DNA/GTR.bf
Already loaded '../DNA.bf' from /usr/local/lib/hyphy/TemplateBatchFiles/libv3/models/DNA.bf
Already loaded '../parameters.bf' from /usr/local/lib/hyphy/TemplateBatchFiles/libv3/models/parameters.bf
Already loaded '../frequencies.bf' from /usr/local/lib/hyphy/TemplateBatchFiles/libv3/models/frequencies.bf
Already loaded '../../UtilityFunctions.bf' from /usr/local/lib/hyphy/TemplateBatchFiles/libv3/UtilityFunctions.bf
Already loaded 'libv3/all-terms.bf' from /usr/local/lib/hyphy/TemplateBatchFiles/libv3/all-terms.bf
Already loaded '../convenience/regexp.bf' from /usr/local/lib/hyphy/TemplateBatchFiles/libv3/convenience/regexp.bf
Already loaded 'libv3/all-terms.bf' from /usr/local/lib/hyphy/TemplateBatchFiles/libv3/all-terms.bf
Loaded 'libv3/tasks/alignments.bf' from /usr/local/lib/hyphy/TemplateBatchFiles/libv3/tasks/alignments.bf
Already loaded '../IOFunctions.bf' from /usr/local/lib/hyphy/TemplateBatchFiles/libv3/IOFunctions.bf
Already loaded '../all-terms.bf' from /usr/local/lib/hyphy/TemplateBatchFiles/libv3/all-terms.bf
Loaded 'libv3/tasks/trees.bf' from /usr/local/lib/hyphy/TemplateBatchFiles/libv3/tasks/trees.bf
Already loaded '../IOFunctions.bf' from /usr/local/lib/hyphy/TemplateBatchFiles/libv3/IOFunctions.bf
Already loaded '../all-terms.bf' from /usr/local/lib/hyphy/TemplateBatchFiles/libv3/all-terms.bf
Already loaded '../convenience/regexp.bf' from /usr/local/lib/hyphy/TemplateBatchFiles/libv3/convenience/regexp.bf
Already loaded '../UtilityFunctions.bf' from /usr/local/lib/hyphy/TemplateBatchFiles/libv3/UtilityFunctions.bf
Loaded 'TreeTools' from /usr/local/lib/hyphy/TemplateBatchFiles/TreeTools.ibf
Loaded 'modules/io_functions.ibf' from /usr/local/lib/hyphy/TemplateBatchFiles/SelectionAnalyses/modules/io_functions.ibf
Already loaded 'libv3/UtilityFunctions.bf' from /usr/local/lib/hyphy/TemplateBatchFiles/libv3/UtilityFunctions.bf
Already loaded 'libv3/IOFunctions.bf' from /usr/local/lib/hyphy/TemplateBatchFiles/libv3/IOFunctions.bf
Already loaded 'libv3/convenience/regexp.bf' from /usr/local/lib/hyphy/TemplateBatchFiles/libv3/convenience/regexp.bf
Already loaded 'libv3/all-terms.bf' from /usr/local/lib/hyphy/TemplateBatchFiles/libv3/all-terms.bf
Loaded 'modules/selection_lib.ibf' from /usr/local/lib/hyphy/TemplateBatchFiles/SelectionAnalyses/modules/selection_lib.ibf
Loaded 'libv3/models/codon/BS_REL.bf' from /usr/local/lib/hyphy/TemplateBatchFiles/libv3/models/codon/BS_REL.bf
Already loaded '../codon.bf' from /usr/local/lib/hyphy/TemplateBatchFiles/libv3/models/codon.bf
Already loaded '../DNA.bf' from /usr/local/lib/hyphy/TemplateBatchFiles/libv3/models/DNA.bf
Already loaded '../parameters.bf' from /usr/local/lib/hyphy/TemplateBatchFiles/libv3/models/parameters.bf
Already loaded '../frequencies.bf' from /usr/local/lib/hyphy/TemplateBatchFiles/libv3/models/frequencies.bf
Already loaded '../../UtilityFunctions.bf' from /usr/local/lib/hyphy/TemplateBatchFiles/libv3/UtilityFunctions.bf
Already loaded 'MG_REV.bf' from /usr/local/lib/hyphy/TemplateBatchFiles/libv3/models/codon/MG_REV.bf
Loaded '../../convenience/math.bf' from /usr/local/lib/hyphy/TemplateBatchFiles/libv3/convenience/math.bf
Already loaded 'libv3/UtilityFunctions.bf' from /usr/local/lib/hyphy/TemplateBatchFiles/libv3/UtilityFunctions.bf
Already loaded 'libv3/convenience/math.bf' from /usr/local/lib/hyphy/TemplateBatchFiles/libv3/convenience/math.bf
Loaded 'libv3/tasks/mpi.bf' from /usr/local/lib/hyphy/TemplateBatchFiles/libv3/tasks/mpi.bf
Already loaded '../all-terms.bf' from /usr/local/lib/hyphy/TemplateBatchFiles/libv3/all-terms.bf
Already loaded '../models/parameters.bf' from /usr/local/lib/hyphy/TemplateBatchFiles/libv3/models/parameters.bf
Variable 'NORMALIZE_SEQUENCE_NAMES' was not initialized prior to being used
Variable 'ASSUME_REVERSIBLE_MODELS' was not initialized prior to being used
Loaded 'modules/shared-load-file.bf' from /usr/local/lib/hyphy/TemplateBatchFiles/SelectionAnalyses/modules/shared-load-file.bf
Variable 'MARKDOWN_OUTPUT' was not initialized prior to being used
Already loaded 'libv3/convenience/matrix.bf' from /usr/local/lib/hyphy/TemplateBatchFiles/libv3/convenience/matrix.bf
Already loaded 'libv3/UtilityFunctions.bf' from /usr/local/lib/hyphy/TemplateBatchFiles/libv3/UtilityFunctions.bf
Variable 'xBtSBDtK.skipCodeSelectionStep' was not initialized prior to being used
Row and/or column partition is empty. All the data will be used by default.
Variable 'NEXUS_FILE_TREE_MATRIX' was not initialized prior to being used
Variable 'utility.ToggleEnvVariable.cache' was not initialized prior to being used
Variable 'TREE_NODE_NAME_MAPPING' was not initialized prior to being used
Variable 'gTMO_BJa.PROMPT_FOR_FILE' was not initialized prior to being used
Variable 'END_OF_FILE' was not initialized prior to being used
Variable '_DO_TREE_REBALANCE_' was not initialized prior to being used
Variable '_KEEP_I_LABELS_' was not initialized prior to being used
Rooted topology. Removing one branch - the left root child has been promoted to be the new root
Variable 'INCLUDE_MODEL_SPECS' was not initialized prior to being used
Variable 'utility.ForEachPair.warn_non_rentrant' was not initialized prior to being used
Row and/or column partition is empty. All the data will be used by default.
Row and/or column partition is empty. All the data will be used by default.
Loaded 'modules/grid_compute.ibf' from /usr/local/lib/hyphy/TemplateBatchFiles/SelectionAnalyses/modules/grid_compute.ibf
Variable 'PFJjyIVE.cache' was not initialized prior to being used
Row and/or column partition is empty. All the data will be used by default.
Variable 'COUNT_GAPS_IN_FREQUENCIES' was not initialized prior to being used
Variable 'WNuwWUDE.model_pi' was not initialized prior to being used
Model WNuwWUDE.model assigned to Otolemur_garnettii
Model WNuwWUDE.model assigned to Propithecus_coquereli
Model WNuwWUDE.model assigned to Microcebus_murinus
Model WNuwWUDE.model assigned to Node4
Model WNuwWUDE.model assigned to Prolemur_simus
Model WNuwWUDE.model assigned to Node3
Model WNuwWUDE.model assigned to Callithrix_jacchus
Model WNuwWUDE.model assigned to Aotus_nancymaae
Model WNuwWUDE.model assigned to Node11
Model WNuwWUDE.model assigned to Saimiri_boliviensis
Model WNuwWUDE.model assigned to Cebus_imitator
Model WNuwWUDE.model assigned to Sapajus_apella
Model WNuwWUDE.model assigned to Node16
Model WNuwWUDE.model assigned to Node14
Model WNuwWUDE.model assigned to Node10
Model WNuwWUDE.model assigned to Mandrillus_leucophaeus
Model WNuwWUDE.model assigned to Cercocebus_atys
Model WNuwWUDE.model assigned to Node24
Model WNuwWUDE.model assigned to Papio_anubis
Model WNuwWUDE.model assigned to Theropithecus_gelada
Model WNuwWUDE.model assigned to Node27
Model WNuwWUDE.model assigned to Node23
Model WNuwWUDE.model assigned to Macaca_mulatta
Model WNuwWUDE.model assigned to Macaca_fascicularis
Model WNuwWUDE.model assigned to Node31
Model WNuwWUDE.model assigned to Macaca_nemestrina
Model WNuwWUDE.model assigned to Node30
Model WNuwWUDE.model assigned to Node22
Model WNuwWUDE.model assigned to Chlorocebus_sabaeus
Model WNuwWUDE.model assigned to Node21
Model WNuwWUDE.model assigned to Rhinopithecus_roxellana
Model WNuwWUDE.model assigned to Rhinopithecus_bieti
Model WNuwWUDE.model assigned to Node38
Model WNuwWUDE.model assigned to Trachypithecus_francoisi
Model WNuwWUDE.model assigned to Node37
Model WNuwWUDE.model assigned to Piliocolobus_tephrosceles
Model WNuwWUDE.model assigned to Colobus_angolensis
Model WNuwWUDE.model assigned to Node42
Model WNuwWUDE.model assigned to Node36
Model WNuwWUDE.model assigned to Node20
Model WNuwWUDE.model assigned to Hylobates_moloch
Model WNuwWUDE.model assigned to Nomascus_leucogenys
Model WNuwWUDE.model assigned to Node46
Model WNuwWUDE.model assigned to Gorilla_gorilla
Model WNuwWUDE.model assigned to Pan_troglodytes
Model WNuwWUDE.model assigned to Pan_paniscus
Model WNuwWUDE.model assigned to Node53
Model WNuwWUDE.model assigned to Homo_sapiens
Model WNuwWUDE.model assigned to Node52
Model WNuwWUDE.model assigned to Node50
Model WNuwWUDE.model assigned to Pongo_abelii
Model WNuwWUDE.model assigned to Node49
Model WNuwWUDE.model assigned to Node45
Model WNuwWUDE.model assigned to Node19
Model WNuwWUDE.model assigned to Node9
Model WNuwWUDE.model assigned to Carlito_syrichta
Model WNuwWUDE.model assigned to Node8
The tips of the tree:WNuwWUDE.tree_0 were matched with the species names from the data in the following numeric order (0-based) {3,1,0,2,27,28,29,25,26,12,13,10,11,15,16,17,14,9,6,8,5,7,19,18,24,23,22,20,21,4}

Pseudo-optimal path's cost 3475 vs 8609 for 1..k=> a 2.47741 x improvement
Partition 0 is ASSUMED to have a reversible model
Variable 'USE_LAST_RESULTS' was not initialized prior to being used
Variable 'WNuwWUDE.tree_0.Otolemur_garnettii.t' was not initialized prior to being used
models.generic.SetBranchLength: WNuwWUDE.tree_0.Otolemur_garnettii.t=158.2852690277859
Variable 'WNuwWUDE.tree_0.Propithecus_coquereli.t' was not initialized prior to being used
models.generic.SetBranchLength: WNuwWUDE.tree_0.Propithecus_coquereli.t=100.8090809084457
Variable 'WNuwWUDE.tree_0.Microcebus_murinus.t' was not initialized prior to being used
models.generic.SetBranchLength: WNuwWUDE.tree_0.Microcebus_murinus.t=100.8090809084457
Variable 'WNuwWUDE.tree_0.Node4.t' was not initialized prior to being used
models.generic.SetBranchLength: WNuwWUDE.tree_0.Node4.t=1.551112477787798
Variable 'WNuwWUDE.tree_0.Prolemur_simus.t' was not initialized prior to being used
models.generic.SetBranchLength: WNuwWUDE.tree_0.Prolemur_simus.t=102.3601933862335
Variable 'WNuwWUDE.tree_0.Node3.t' was not initialized prior to being used
models.generic.SetBranchLength: WNuwWUDE.tree_0.Node3.t=55.92507564155243
Variable 'WNuwWUDE.tree_0.Callithrix_jacchus.t' was not initialized prior to being used
models.generic.SetBranchLength: WNuwWUDE.tree_0.Callithrix_jacchus.t=49.05056236225767
Variable 'WNuwWUDE.tree_0.Aotus_nancymaae.t' was not initialized prior to being used
models.generic.SetBranchLength: WNuwWUDE.tree_0.Aotus_nancymaae.t=49.05056236225767
Variable 'WNuwWUDE.tree_0.Node11.t' was not initialized prior to being used
models.generic.SetBranchLength: WNuwWUDE.tree_0.Node11.t=3.461101431719825
Variable 'WNuwWUDE.tree_0.Saimiri_boliviensis.t' was not initialized prior to being used
models.generic.SetBranchLength: WNuwWUDE.tree_0.Saimiri_boliviensis.t=42.87811883327909
Variable 'WNuwWUDE.tree_0.Cebus_imitator.t' was not initialized prior to being used
models.generic.SetBranchLength: WNuwWUDE.tree_0.Cebus_imitator.t=15.12861732044803
Variable 'WNuwWUDE.tree_0.Sapajus_apella.t' was not initialized prior to being used
models.generic.SetBranchLength: WNuwWUDE.tree_0.Sapajus_apella.t=15.12861732044803
Variable 'WNuwWUDE.tree_0.Node16.t' was not initialized prior to being used
models.generic.SetBranchLength: WNuwWUDE.tree_0.Node16.t=27.74950151283105
Variable 'WNuwWUDE.tree_0.Node14.t' was not initialized prior to being used
models.generic.SetBranchLength: WNuwWUDE.tree_0.Node14.t=9.633544987379734
Variable 'WNuwWUDE.tree_0.Node10.t' was not initialized prior to being used
models.generic.SetBranchLength: WNuwWUDE.tree_0.Node10.t=62.62170637736997
Variable 'WNuwWUDE.tree_0.Mandrillus_leucophaeus.t' was not initialized prior to being used
models.generic.SetBranchLength: WNuwWUDE.tree_0.Mandrillus_leucophaeus.t=12.24771960063395
Variable 'WNuwWUDE.tree_0.Cercocebus_atys.t' was not initialized prior to being used
models.generic.SetBranchLength: WNuwWUDE.tree_0.Cercocebus_atys.t=12.24771960063395
Variable 'WNuwWUDE.tree_0.Node24.t' was not initialized prior to being used
models.generic.SetBranchLength: WNuwWUDE.tree_0.Node24.t=20.83712167217191
Variable 'WNuwWUDE.tree_0.Papio_anubis.t' was not initialized prior to being used
models.generic.SetBranchLength: WNuwWUDE.tree_0.Papio_anubis.t=13.55488052103289
Variable 'WNuwWUDE.tree_0.Theropithecus_gelada.t' was not initialized prior to being used
models.generic.SetBranchLength: WNuwWUDE.tree_0.Theropithecus_gelada.t=13.55488052103289
Variable 'WNuwWUDE.tree_0.Node27.t' was not initialized prior to being used
models.generic.SetBranchLength: WNuwWUDE.tree_0.Node27.t=19.52996075177298
Variable 'WNuwWUDE.tree_0.Node23.t' was not initialized prior to being used
models.generic.SetBranchLength: WNuwWUDE.tree_0.Node23.t=2.668132360710151e-10
Variable 'WNuwWUDE.tree_0.Macaca_mulatta.t' was not initialized prior to being used
models.generic.SetBranchLength: WNuwWUDE.tree_0.Macaca_mulatta.t=9.8348304668698
Variable 'WNuwWUDE.tree_0.Macaca_fascicularis.t' was not initialized prior to being used
models.generic.SetBranchLength: WNuwWUDE.tree_0.Macaca_fascicularis.t=9.8348304668698
Variable 'WNuwWUDE.tree_0.Node31.t' was not initialized prior to being used
models.generic.SetBranchLength: WNuwWUDE.tree_0.Node31.t=4.248007038533168
Variable 'WNuwWUDE.tree_0.Macaca_nemestrina.t' was not initialized prior to being used
models.generic.SetBranchLength: WNuwWUDE.tree_0.Macaca_nemestrina.t=14.08283750540297
Variable 'WNuwWUDE.tree_0.Node30.t' was not initialized prior to being used
models.generic.SetBranchLength: WNuwWUDE.tree_0.Node30.t=19.0020037674029
Variable 'WNuwWUDE.tree_0.Node22.t' was not initialized prior to being used
models.generic.SetBranchLength: WNuwWUDE.tree_0.Node22.t=3.600833604593457
Variable 'WNuwWUDE.tree_0.Chlorocebus_sabaeus.t' was not initialized prior to being used
models.generic.SetBranchLength: WNuwWUDE.tree_0.Chlorocebus_sabaeus.t=36.68567487739932
Variable 'WNuwWUDE.tree_0.Node21.t' was not initialized prior to being used
models.generic.SetBranchLength: WNuwWUDE.tree_0.Node21.t=15.13560502569411
Variable 'WNuwWUDE.tree_0.Rhinopithecus_roxellana.t' was not initialized prior to being used
models.generic.SetBranchLength: WNuwWUDE.tree_0.Rhinopithecus_roxellana.t=7.146414643777648
Variable 'WNuwWUDE.tree_0.Rhinopithecus_bieti.t' was not initialized prior to being used
models.generic.SetBranchLength: WNuwWUDE.tree_0.Rhinopithecus_bieti.t=7.146414643777648
Variable 'WNuwWUDE.tree_0.Node38.t' was not initialized prior to being used
models.generic.SetBranchLength: WNuwWUDE.tree_0.Node38.t=19.83642958531887
Variable 'WNuwWUDE.tree_0.Trachypithecus_francoisi.t' was not initialized prior to being used
models.generic.SetBranchLength: WNuwWUDE.tree_0.Trachypithecus_francoisi.t=26.98284425577784
Variable 'WNuwWUDE.tree_0.Node37.t' was not initialized prior to being used
models.generic.SetBranchLength: WNuwWUDE.tree_0.Node37.t=10.43156904859736
Variable 'WNuwWUDE.tree_0.Piliocolobus_tephrosceles.t' was not initialized prior to being used
models.generic.SetBranchLength: WNuwWUDE.tree_0.Piliocolobus_tephrosceles.t=34.15209421708992
Variable 'WNuwWUDE.tree_0.Colobus_angolensis.t' was not initialized prior to being used
models.generic.SetBranchLength: WNuwWUDE.tree_0.Colobus_angolensis.t=34.15209421708992
Variable 'WNuwWUDE.tree_0.Node42.t' was not initialized prior to being used
models.generic.SetBranchLength: WNuwWUDE.tree_0.Node42.t=3.262319087285282
Variable 'WNuwWUDE.tree_0.Node36.t' was not initialized prior to being used
models.generic.SetBranchLength: WNuwWUDE.tree_0.Node36.t=14.40686659871823
Variable 'WNuwWUDE.tree_0.Node20.t' was not initialized prior to being used
models.generic.SetBranchLength: WNuwWUDE.tree_0.Node20.t=26.73266389003026
Variable 'WNuwWUDE.tree_0.Hylobates_moloch.t' was not initialized prior to being used
models.generic.SetBranchLength: WNuwWUDE.tree_0.Hylobates_moloch.t=27.41677142643693
Variable 'WNuwWUDE.tree_0.Nomascus_leucogenys.t' was not initialized prior to being used
models.generic.SetBranchLength: WNuwWUDE.tree_0.Nomascus_leucogenys.t=27.41677142643693
Variable 'WNuwWUDE.tree_0.Node46.t' was not initialized prior to being used
models.generic.SetBranchLength: WNuwWUDE.tree_0.Node46.t=26.45072255692461
Variable 'WNuwWUDE.tree_0.Gorilla_gorilla.t' was not initialized prior to being used
models.generic.SetBranchLength: WNuwWUDE.tree_0.Gorilla_gorilla.t=24.18153844511918
Variable 'WNuwWUDE.tree_0.Pan_troglodytes.t' was not initialized prior to being used
models.generic.SetBranchLength: WNuwWUDE.tree_0.Pan_troglodytes.t=7.524291824308821
Variable 'WNuwWUDE.tree_0.Pan_paniscus.t' was not initialized prior to being used
models.generic.SetBranchLength: WNuwWUDE.tree_0.Pan_paniscus.t=7.524291824308821
Variable 'WNuwWUDE.tree_0.Node53.t' was not initialized prior to being used
models.generic.SetBranchLength: WNuwWUDE.tree_0.Node53.t=10.22120303420012
Variable 'WNuwWUDE.tree_0.Homo_sapiens.t' was not initialized prior to being used
models.generic.SetBranchLength: WNuwWUDE.tree_0.Homo_sapiens.t=17.74549485850894
Variable 'WNuwWUDE.tree_0.Node52.t' was not initialized prior to being used
models.generic.SetBranchLength: WNuwWUDE.tree_0.Node52.t=6.436043586610245
Variable 'WNuwWUDE.tree_0.Node50.t' was not initialized prior to being used
models.generic.SetBranchLength: WNuwWUDE.tree_0.Node50.t=17.87400550702519
Variable 'WNuwWUDE.tree_0.Pongo_abelii.t' was not initialized prior to being used
models.generic.SetBranchLength: WNuwWUDE.tree_0.Pongo_abelii.t=42.05554395214438
Variable 'WNuwWUDE.tree_0.Node49.t' was not initialized prior to being used
models.generic.SetBranchLength: WNuwWUDE.tree_0.Node49.t=11.81195005789847
Variable 'WNuwWUDE.tree_0.Node45.t' was not initialized prior to being used
models.generic.SetBranchLength: WNuwWUDE.tree_0.Node45.t=24.68644980976216
Variable 'WNuwWUDE.tree_0.Node19.t' was not initialized prior to being used
models.generic.SetBranchLength: WNuwWUDE.tree_0.Node19.t=36.57942637822377
Variable 'WNuwWUDE.tree_0.Node9.t' was not initialized prior to being used
models.generic.SetBranchLength: WNuwWUDE.tree_0.Node9.t=63.79439385369029
Variable 'WNuwWUDE.tree_0.Carlito_syrichta.t' was not initialized prior to being used
models.generic.SetBranchLength: WNuwWUDE.tree_0.Carlito_syrichta.t=178.9277640517191
Variable 'WNuwWUDE.tree_0.Node8.t' was not initialized prior to being used
models.generic.SetBranchLength: WNuwWUDE.tree_0.Node8.t=18.07884317785237
Variable 'WNuwWUDE.WNuwWUDE.likelihoodFunction' was not initialized prior to being used
Variable 'SAVE_OPT_STATUS_TO' was not initialized prior to being used
Auto-benchmarked an optimal number (1) of threads.
Set GUI update interval to every 1976-th LF evaluation.
Optimization settings:
	OPTIMIZATION_METHOD = 4
	OPTIMIZATION_PRECISION = 0.001
	MAXIMUM_ITERATIONS_PER_VARIABLE = 5000

Initial parameter values

WNuwWUDE.model.theta_CT = 1
WNuwWUDE.model.theta_GT = 0.25
WNuwWUDE.model.theta_CG = 0.25
WNuwWUDE.model.theta_AC = 0.25
WNuwWUDE.model.theta_AT = 0.25
WNuwWUDE.tree_0.Otolemur_garnettii.t = 158.285
WNuwWUDE.tree_0.Propithecus_coquereli.t = 100.809
WNuwWUDE.tree_0.Microcebus_murinus.t = 100.809
WNuwWUDE.tree_0.Node4.t = 1.55111
WNuwWUDE.tree_0.Prolemur_simus.t = 102.36
WNuwWUDE.tree_0.Node3.t = 55.9251
WNuwWUDE.tree_0.Callithrix_jacchus.t = 49.0506
WNuwWUDE.tree_0.Aotus_nancymaae.t = 49.0506
WNuwWUDE.tree_0.Node11.t = 3.4611
WNuwWUDE.tree_0.Saimiri_boliviensis.t = 42.8781
WNuwWUDE.tree_0.Cebus_imitator.t = 15.1286
WNuwWUDE.tree_0.Sapajus_apella.t = 15.1286
WNuwWUDE.tree_0.Node16.t = 27.7495
WNuwWUDE.tree_0.Node14.t = 9.63354
WNuwWUDE.tree_0.Node10.t = 62.6217
WNuwWUDE.tree_0.Mandrillus_leucophaeus.t = 12.2477
WNuwWUDE.tree_0.Cercocebus_atys.t = 12.2477
WNuwWUDE.tree_0.Node24.t = 20.8371
WNuwWUDE.tree_0.Papio_anubis.t = 13.5549
WNuwWUDE.tree_0.Theropithecus_gelada.t = 13.5549
WNuwWUDE.tree_0.Node27.t = 19.53
WNuwWUDE.tree_0.Node23.t = 2.66813e-10
WNuwWUDE.tree_0.Macaca_mulatta.t = 9.83483
WNuwWUDE.tree_0.Macaca_fascicularis.t = 9.83483
WNuwWUDE.tree_0.Node31.t = 4.24801
WNuwWUDE.tree_0.Macaca_nemestrina.t = 14.0828
WNuwWUDE.tree_0.Node30.t = 19.002
WNuwWUDE.tree_0.Node22.t = 3.60083
WNuwWUDE.tree_0.Chlorocebus_sabaeus.t = 36.6857
WNuwWUDE.tree_0.Node21.t = 15.1356
WNuwWUDE.tree_0.Rhinopithecus_roxellana.t = 7.14641
WNuwWUDE.tree_0.Rhinopithecus_bieti.t = 7.14641
WNuwWUDE.tree_0.Node38.t = 19.8364
WNuwWUDE.tree_0.Trachypithecus_francoisi.t = 26.9828
WNuwWUDE.tree_0.Node37.t = 10.4316
WNuwWUDE.tree_0.Piliocolobus_tephrosceles.t = 34.1521
WNuwWUDE.tree_0.Colobus_angolensis.t = 34.1521
WNuwWUDE.tree_0.Node42.t = 3.26232
WNuwWUDE.tree_0.Node36.t = 14.4069
WNuwWUDE.tree_0.Node20.t = 26.7327
WNuwWUDE.tree_0.Hylobates_moloch.t = 27.4168
WNuwWUDE.tree_0.Nomascus_leucogenys.t = 27.4168
WNuwWUDE.tree_0.Node46.t = 26.4507
WNuwWUDE.tree_0.Gorilla_gorilla.t = 24.1815
WNuwWUDE.tree_0.Pan_troglodytes.t = 7.52429
WNuwWUDE.tree_0.Pan_paniscus.t = 7.52429
WNuwWUDE.tree_0.Node53.t = 10.2212
WNuwWUDE.tree_0.Homo_sapiens.t = 17.7455
WNuwWUDE.tree_0.Node52.t = 6.43604
WNuwWUDE.tree_0.Node50.t = 17.874
WNuwWUDE.tree_0.Pongo_abelii.t = 42.0555
WNuwWUDE.tree_0.Node49.t = 11.812
WNuwWUDE.tree_0.Node45.t = 24.6864
WNuwWUDE.tree_0.Node19.t = 36.5794
WNuwWUDE.tree_0.Node9.t = 63.7944
WNuwWUDE.tree_0.Carlito_syrichta.t = 178.928
WNuwWUDE.tree_0.Node8.t = 18.0788
Site 46 evaluated to a 0 probability in ComputeLLWithBranchCache
Site 46 evaluated to a 0 probability in ComputeLLWithBranchCache
Site 149 evaluated to a 0 probability in ComputeLLWithBranchCache
Site 85 evaluated to a 0 probability in ComputeLLWithBranchCache
Site 85 evaluated to a 0 probability in ComputeLLWithBranchCache
Site 85 evaluated to a 0 probability in ComputeLLWithBranchCache
Site 85 evaluated to a 0 probability in ComputeLLWithBranchCache
Optimization finished in 35 loop passes.
6584 likelihood evaluation calls and 54543 matrix exponentiations calls were made

Variable 'BRANCH_LENGTH_STENCIL' was not initialized prior to being used
Variable 'WNuwWUDE.option' was not initialized prior to being used
Variable 'relax.terms.json.nucleotide_gtr' was not initialized prior to being used
Variable 'Unknown' was not initialized prior to being used
Variable 'JyCWFnyf.initial_value' was not initialized prior to being used
Variable 'flsIGuhE.data_filter' was not initialized prior to being used
Row and/or column partition is empty. All the data will be used by default.
Auto-benchmarked an optimal number (3) of threads.
Set GUI update interval to every 4672-th LF evaluation.
Optimization settings:
	OPTIMIZATION_METHOD = 4
	OPTIMIZATION_PRECISION = 0.001
	MAXIMUM_ITERATIONS_PER_VARIABLE = 5000

Initial parameter values

frequencies._aux.CF3x4.p0_0 = 0.246174
frequencies._aux.CF3x4.p0_1 = 0.327679
frequencies._aux.CF3x4.p0_2 = 0.613133
frequencies._aux.CF3x4.p1_0 = 0.342191
frequencies._aux.CF3x4.p1_1 = 0.270337
frequencies._aux.CF3x4.p1_2 = 0.374864
frequencies._aux.CF3x4.p2_0 = 0.149528
frequencies._aux.CF3x4.p2_1 = 0.340482
frequencies._aux.CF3x4.p2_2 = 0.539058
Optimization finished in 6 loop passes.
240 likelihood evaluation calls and 0 matrix exponentiations calls were made

Variable 'flsIGuhE.model_MGREV_pi' was not initialized prior to being used
Model flsIGuhE.model_MGREV assigned to Otolemur_garnettii
Model flsIGuhE.model_MGREV assigned to Propithecus_coquereli
Model flsIGuhE.model_MGREV assigned to Microcebus_murinus
Model flsIGuhE.model_MGREV assigned to Node4
Model flsIGuhE.model_MGREV assigned to Prolemur_simus
Model flsIGuhE.model_MGREV assigned to Node3
Model flsIGuhE.model_MGREV assigned to Callithrix_jacchus
Model flsIGuhE.model_MGREV assigned to Aotus_nancymaae
Model flsIGuhE.model_MGREV assigned to Node11
Model flsIGuhE.model_MGREV assigned to Saimiri_boliviensis
Model flsIGuhE.model_MGREV assigned to Cebus_imitator
Model flsIGuhE.model_MGREV assigned to Sapajus_apella
Model flsIGuhE.model_MGREV assigned to Node16
Model flsIGuhE.model_MGREV assigned to Node14
Model flsIGuhE.model_MGREV assigned to Node10
Model flsIGuhE.model_MGREV assigned to Mandrillus_leucophaeus
Model flsIGuhE.model_MGREV assigned to Cercocebus_atys
Model flsIGuhE.model_MGREV assigned to Node24
Model flsIGuhE.model_MGREV assigned to Papio_anubis
Model flsIGuhE.model_MGREV assigned to Theropithecus_gelada
Model flsIGuhE.model_MGREV assigned to Node27
Model flsIGuhE.model_MGREV assigned to Node23
Model flsIGuhE.model_MGREV assigned to Macaca_mulatta
Model flsIGuhE.model_MGREV assigned to Macaca_fascicularis
Model flsIGuhE.model_MGREV assigned to Node31
Model flsIGuhE.model_MGREV assigned to Macaca_nemestrina
Model flsIGuhE.model_MGREV assigned to Node30
Model flsIGuhE.model_MGREV assigned to Node22
Model flsIGuhE.model_MGREV assigned to Chlorocebus_sabaeus
Model flsIGuhE.model_MGREV assigned to Node21
Model flsIGuhE.model_MGREV assigned to Rhinopithecus_roxellana
Model flsIGuhE.model_MGREV assigned to Rhinopithecus_bieti
Model flsIGuhE.model_MGREV assigned to Node38
Model flsIGuhE.model_MGREV assigned to Trachypithecus_francoisi
Model flsIGuhE.model_MGREV assigned to Node37
Model flsIGuhE.model_MGREV assigned to Piliocolobus_tephrosceles
Model flsIGuhE.model_MGREV assigned to Colobus_angolensis
Model flsIGuhE.model_MGREV assigned to Node42
Model flsIGuhE.model_MGREV assigned to Node36
Model flsIGuhE.model_MGREV assigned to Node20
Model flsIGuhE.model_MGREV assigned to Hylobates_moloch
Model flsIGuhE.model_MGREV assigned to Nomascus_leucogenys
Model flsIGuhE.model_MGREV assigned to Node46
Model flsIGuhE.model_MGREV assigned to Gorilla_gorilla
Model flsIGuhE.model_MGREV assigned to Pan_troglodytes
Model flsIGuhE.model_MGREV assigned to Pan_paniscus
Model flsIGuhE.model_MGREV assigned to Node53
Model flsIGuhE.model_MGREV assigned to Homo_sapiens
Model flsIGuhE.model_MGREV assigned to Node52
Model flsIGuhE.model_MGREV assigned to Node50
Model flsIGuhE.model_MGREV assigned to Pongo_abelii
Model flsIGuhE.model_MGREV assigned to Node49
Model flsIGuhE.model_MGREV assigned to Node45
Model flsIGuhE.model_MGREV assigned to Node19
Model flsIGuhE.model_MGREV assigned to Node9
Model flsIGuhE.model_MGREV assigned to Carlito_syrichta
Model flsIGuhE.model_MGREV assigned to Node8
The tips of the tree:flsIGuhE.tree_0 were matched with the species names from the data in the following numeric order (0-based) {3,1,0,2,27,28,29,25,26,12,13,10,11,15,16,17,14,9,6,8,5,7,19,18,24,23,22,20,21,4}

Pseudo-optimal path's cost 5467 vs 8061 for 1..k=> a 1.47448 x improvement
Partition 0 is ASSUMED to have a reversible model
Variable 'flsIGuhE.flsIGuhE.likelihoodFunction' was not initialized prior to being used
Variable 'flsIGuhE.tree_0.Otolemur_garnettii.alpha' was not initialized prior to being used
Variable 'flsIGuhE.tree_0.Propithecus_coquereli.alpha' was not initialized prior to being used
Variable 'flsIGuhE.tree_0.Microcebus_murinus.alpha' was not initialized prior to being used
Variable 'flsIGuhE.tree_0.Node4.alpha' was not initialized prior to being used
Variable 'flsIGuhE.tree_0.Prolemur_simus.alpha' was not initialized prior to being used
Variable 'flsIGuhE.tree_0.Node3.alpha' was not initialized prior to being used
Variable 'flsIGuhE.tree_0.Callithrix_jacchus.alpha' was not initialized prior to being used
Variable 'flsIGuhE.tree_0.Aotus_nancymaae.alpha' was not initialized prior to being used
Variable 'flsIGuhE.tree_0.Node11.alpha' was not initialized prior to being used
Variable 'flsIGuhE.tree_0.Saimiri_boliviensis.alpha' was not initialized prior to being used
Variable 'flsIGuhE.tree_0.Cebus_imitator.alpha' was not initialized prior to being used
Variable 'flsIGuhE.tree_0.Sapajus_apella.alpha' was not initialized prior to being used
Variable 'flsIGuhE.tree_0.Node16.alpha' was not initialized prior to being used
Variable 'flsIGuhE.tree_0.Node14.alpha' was not initialized prior to being used
Variable 'flsIGuhE.tree_0.Node10.alpha' was not initialized prior to being used
Variable 'flsIGuhE.tree_0.Mandrillus_leucophaeus.alpha' was not initialized prior to being used
Variable 'flsIGuhE.tree_0.Cercocebus_atys.alpha' was not initialized prior to being used
Variable 'flsIGuhE.tree_0.Node24.alpha' was not initialized prior to being used
Variable 'flsIGuhE.tree_0.Papio_anubis.alpha' was not initialized prior to being used
Variable 'flsIGuhE.tree_0.Theropithecus_gelada.alpha' was not initialized prior to being used
Variable 'flsIGuhE.tree_0.Node27.alpha' was not initialized prior to being used
Variable 'flsIGuhE.tree_0.Node23.alpha' was not initialized prior to being used
Variable 'flsIGuhE.tree_0.Macaca_mulatta.alpha' was not initialized prior to being used
Variable 'flsIGuhE.tree_0.Macaca_fascicularis.alpha' was not initialized prior to being used
Variable 'flsIGuhE.tree_0.Node31.alpha' was not initialized prior to being used
Variable 'flsIGuhE.tree_0.Macaca_nemestrina.alpha' was not initialized prior to being used
Variable 'flsIGuhE.tree_0.Node30.alpha' was not initialized prior to being used
Variable 'flsIGuhE.tree_0.Node22.alpha' was not initialized prior to being used
Variable 'flsIGuhE.tree_0.Chlorocebus_sabaeus.alpha' was not initialized prior to being used
Variable 'flsIGuhE.tree_0.Node21.alpha' was not initialized prior to being used
Variable 'flsIGuhE.tree_0.Rhinopithecus_roxellana.alpha' was not initialized prior to being used
Variable 'flsIGuhE.tree_0.Rhinopithecus_bieti.alpha' was not initialized prior to being used
Variable 'flsIGuhE.tree_0.Node38.alpha' was not initialized prior to being used
Variable 'flsIGuhE.tree_0.Trachypithecus_francoisi.alpha' was not initialized prior to being used
Variable 'flsIGuhE.tree_0.Node37.alpha' was not initialized prior to being used
Variable 'flsIGuhE.tree_0.Piliocolobus_tephrosceles.alpha' was not initialized prior to being used
Variable 'flsIGuhE.tree_0.Colobus_angolensis.alpha' was not initialized prior to being used
Variable 'flsIGuhE.tree_0.Node42.alpha' was not initialized prior to being used
Variable 'flsIGuhE.tree_0.Node36.alpha' was not initialized prior to being used
Variable 'flsIGuhE.tree_0.Node20.alpha' was not initialized prior to being used
Variable 'flsIGuhE.tree_0.Hylobates_moloch.alpha' was not initialized prior to being used
Variable 'flsIGuhE.tree_0.Nomascus_leucogenys.alpha' was not initialized prior to being used
Variable 'flsIGuhE.tree_0.Node46.alpha' was not initialized prior to being used
Variable 'flsIGuhE.tree_0.Gorilla_gorilla.alpha' was not initialized prior to being used
Variable 'flsIGuhE.tree_0.Pan_troglodytes.alpha' was not initialized prior to being used
Variable 'flsIGuhE.tree_0.Pan_paniscus.alpha' was not initialized prior to being used
Variable 'flsIGuhE.tree_0.Node53.alpha' was not initialized prior to being used
Variable 'flsIGuhE.tree_0.Homo_sapiens.alpha' was not initialized prior to being used
Variable 'flsIGuhE.tree_0.Node52.alpha' was not initialized prior to being used
Variable 'flsIGuhE.tree_0.Node50.alpha' was not initialized prior to being used
Variable 'flsIGuhE.tree_0.Pongo_abelii.alpha' was not initialized prior to being used
Variable 'flsIGuhE.tree_0.Node49.alpha' was not initialized prior to being used
Variable 'flsIGuhE.tree_0.Node45.alpha' was not initialized prior to being used
Variable 'flsIGuhE.tree_0.Node19.alpha' was not initialized prior to being used
Variable 'flsIGuhE.tree_0.Node9.alpha' was not initialized prior to being used
Variable 'flsIGuhE.tree_0.Carlito_syrichta.alpha' was not initialized prior to being used
Variable 'flsIGuhE.tree_0.Node8.alpha' was not initialized prior to being used
Site 45 evaluated to a 0 probability in ComputeTreeBlockByBranch
Site 101 evaluated to a 0 probability in ComputeTreeBlockByBranch
Site 45 evaluated to a 0 probability in ComputeTreeBlockByBranch
Site 45 evaluated to a 0 probability in ComputeTreeBlockByBranch
Site 130 evaluated to a 0 probability in ComputeTreeBlockByBranch
Site 27 evaluated to a 0 probability in ComputeTreeBlockByBranch
Auto-benchmarked an optimal number (2) of threads.
Set GUI update interval to every 115-th LF evaluation.
Initial guess for flsIGuhE.tree_0.Node3.alpha is 2.42621e-05
Initial guess for flsIGuhE.tree_0.Node4.alpha is 2.28471e-06
Initial guess for flsIGuhE.tree_0.Propithecus_coquereli.alpha is 0.000102106
Initial guess for flsIGuhE.tree_0.Microcebus_murinus.alpha is 5.99567e-05
Initial guess for flsIGuhE.tree_0.Prolemur_simus.alpha is 5.13974e-05
Initial guess for flsIGuhE.tree_0.Node8.alpha is 2.81579e-05
Initial guess for flsIGuhE.tree_0.Node9.alpha is 3.13264e-05
Initial guess for flsIGuhE.tree_0.Node10.alpha is 7.70728e-05
Initial guess for flsIGuhE.tree_0.Node11.alpha is 5.6857e-06
Initial guess for flsIGuhE.tree_0.Callithrix_jacchus.alpha is 5.62905e-05
Initial guess for flsIGuhE.tree_0.Aotus_nancymaae.alpha is 3.21954e-05
Initial guess for flsIGuhE.tree_0.Node14.alpha is 1.10653e-06
Initial guess for flsIGuhE.tree_0.Saimiri_boliviensis.alpha is 1.17572e-05
Initial guess for flsIGuhE.tree_0.Node16.alpha is 3.09043e-05
Initial guess for flsIGuhE.tree_0.Cebus_imitator.alpha is 3.94229e-05
Initial guess for flsIGuhE.tree_0.Sapajus_apella.alpha is 1.00511e-05
Initial guess for flsIGuhE.tree_0.Node19.alpha is 4.16907e-05
Initial guess for flsIGuhE.tree_0.Node20.alpha is 2.79779e-05
Initial guess for flsIGuhE.tree_0.Node21.alpha is 1.14097e-06
Initial guess for flsIGuhE.tree_0.Node22.alpha is 1.21978e-05
Initial guess for flsIGuhE.tree_0.Node23.alpha is 2.64375e-05
Initial guess for flsIGuhE.tree_0.Node24.alpha is 1.61232e-05
Initial guess for flsIGuhE.tree_0.Mandrillus_leucophaeus.alpha is 7.52952e-06
Initial guess for flsIGuhE.tree_0.Cercocebus_atys.alpha is 6.87618e-06
Initial guess for flsIGuhE.tree_0.Node27.alpha is 1.31788e-05
Initial guess for flsIGuhE.tree_0.Papio_anubis.alpha is 4.84414e-06
Initial guess for flsIGuhE.tree_0.Theropithecus_gelada.alpha is 4.3518e-06
Initial guess for flsIGuhE.tree_0.Node30.alpha is -7.22267e-06
Initial guess for flsIGuhE.tree_0.Node31.alpha is 1.26188e-06
Initial guess for flsIGuhE.tree_0.Macaca_mulatta.alpha is 7.36851e-06
Initial guess for flsIGuhE.tree_0.Macaca_fascicularis.alpha is 2.85053e-19
Initial guess for flsIGuhE.tree_0.Macaca_nemestrina.alpha is 2.75642e-19
Initial guess for flsIGuhE.tree_0.Chlorocebus_sabaeus.alpha is 1.66817e-06
Initial guess for flsIGuhE.tree_0.Node36.alpha is 3.93606e-06
Initial guess for flsIGuhE.tree_0.Node37.alpha is 5.03712e-06
Initial guess for flsIGuhE.tree_0.Node38.alpha is 2.95428e-07
Initial guess for flsIGuhE.tree_0.Rhinopithecus_roxellana.alpha is 1.54348e-05
Initial guess for flsIGuhE.tree_0.Rhinopithecus_bieti.alpha is 2.76676e-06
Initial guess for flsIGuhE.tree_0.Trachypithecus_francoisi.alpha is 1.63291e-07
Initial guess for flsIGuhE.tree_0.Node42.alpha is 3.6547e-06
Initial guess for flsIGuhE.tree_0.Piliocolobus_tephrosceles.alpha is 5.56471e-06
Initial guess for flsIGuhE.tree_0.Colobus_angolensis.alpha is 2.95459e-06
Initial guess for flsIGuhE.tree_0.Node45.alpha is 2.41146e-05
Initial guess for flsIGuhE.tree_0.Node46.alpha is 2.26308e-05
Initial guess for flsIGuhE.tree_0.Hylobates_moloch.alpha is -2.45365e-08
Initial guess for flsIGuhE.tree_0.Nomascus_leucogenys.alpha is 3.67028e-06
Initial guess for flsIGuhE.tree_0.Node49.alpha is 6.74352e-07
Initial guess for flsIGuhE.tree_0.Node50.alpha is 2.55455e-06
Initial guess for flsIGuhE.tree_0.Gorilla_gorilla.alpha is 8.05004e-06
Initial guess for flsIGuhE.tree_0.Node52.alpha is -1.47041e-06
Initial guess for flsIGuhE.tree_0.Node53.alpha is 2.16763e-06
Initial guess for flsIGuhE.tree_0.Pan_troglodytes.alpha is 6.60804e-06
Initial guess for flsIGuhE.tree_0.Pan_paniscus.alpha is -3.00553e-19
Initial guess for flsIGuhE.tree_0.Homo_sapiens.alpha is -2.98756e-19
Initial guess for flsIGuhE.tree_0.Pongo_abelii.alpha is 9.55269e-06
Initial guess for flsIGuhE.tree_0.Carlito_syrichta.alpha is 9.53979e-06
Optimization settings:
	OPTIMIZATION_METHOD = 4
	OPTIMIZATION_PRECISION = 0.001
	MAXIMUM_ITERATIONS_PER_VARIABLE = 5000

Initial parameter values

flsIGuhE.model_MGREV.theta_GT = 1
flsIGuhE.model_MGREV.theta_CT = 1
flsIGuhE.model_MGREV.theta_AC = 1
flsIGuhE.model_MGREV.theta_CG = 1
flsIGuhE.model_MGREV.theta_AT = 1
flsIGuhE.model_MGREV.omega_0 = 1
flsIGuhE.tree_0.Otolemur_garnettii.alpha = 0.1
flsIGuhE.tree_0.Propithecus_coquereli.alpha = 0.000102106
flsIGuhE.tree_0.Microcebus_murinus.alpha = 5.99567e-05
flsIGuhE.tree_0.Node4.alpha = 2.28471e-06
flsIGuhE.tree_0.Prolemur_simus.alpha = 5.13974e-05
flsIGuhE.tree_0.Node3.alpha = 2.42621e-05
flsIGuhE.tree_0.Callithrix_jacchus.alpha = 5.62905e-05
flsIGuhE.tree_0.Aotus_nancymaae.alpha = 3.21954e-05
flsIGuhE.tree_0.Node11.alpha = 5.6857e-06
flsIGuhE.tree_0.Saimiri_boliviensis.alpha = 1.17572e-05
flsIGuhE.tree_0.Cebus_imitator.alpha = 3.94229e-05
flsIGuhE.tree_0.Sapajus_apella.alpha = 1.00511e-05
flsIGuhE.tree_0.Node16.alpha = 3.09043e-05
flsIGuhE.tree_0.Node14.alpha = 1.10653e-06
flsIGuhE.tree_0.Node10.alpha = 7.70728e-05
flsIGuhE.tree_0.Mandrillus_leucophaeus.alpha = 7.52952e-06
flsIGuhE.tree_0.Cercocebus_atys.alpha = 6.87618e-06
flsIGuhE.tree_0.Node24.alpha = 1.61232e-05
flsIGuhE.tree_0.Papio_anubis.alpha = 4.84414e-06
flsIGuhE.tree_0.Theropithecus_gelada.alpha = 4.3518e-06
flsIGuhE.tree_0.Node27.alpha = 1.31788e-05
flsIGuhE.tree_0.Node23.alpha = 2.64375e-05
flsIGuhE.tree_0.Macaca_mulatta.alpha = 7.36851e-06
flsIGuhE.tree_0.Macaca_fascicularis.alpha = 2.85053e-19
flsIGuhE.tree_0.Node31.alpha = 1.26188e-06
flsIGuhE.tree_0.Macaca_nemestrina.alpha = 2.75642e-19
flsIGuhE.tree_0.Node30.alpha = 0
flsIGuhE.tree_0.Node22.alpha = 1.21978e-05
flsIGuhE.tree_0.Chlorocebus_sabaeus.alpha = 1.66817e-06
flsIGuhE.tree_0.Node21.alpha = 1.14097e-06
flsIGuhE.tree_0.Rhinopithecus_roxellana.alpha = 1.54348e-05
flsIGuhE.tree_0.Rhinopithecus_bieti.alpha = 2.76676e-06
flsIGuhE.tree_0.Node38.alpha = 2.95428e-07
flsIGuhE.tree_0.Trachypithecus_francoisi.alpha = 1.63291e-07
flsIGuhE.tree_0.Node37.alpha = 5.03712e-06
flsIGuhE.tree_0.Piliocolobus_tephrosceles.alpha = 5.56471e-06
flsIGuhE.tree_0.Colobus_angolensis.alpha = 2.95459e-06
flsIGuhE.tree_0.Node42.alpha = 3.6547e-06
flsIGuhE.tree_0.Node36.alpha = 3.93606e-06
flsIGuhE.tree_0.Node20.alpha = 2.79779e-05
flsIGuhE.tree_0.Hylobates_moloch.alpha = 0
flsIGuhE.tree_0.Nomascus_leucogenys.alpha = 3.67028e-06
flsIGuhE.tree_0.Node46.alpha = 2.26308e-05
flsIGuhE.tree_0.Gorilla_gorilla.alpha = 8.05004e-06
flsIGuhE.tree_0.Pan_troglodytes.alpha = 6.60804e-06
flsIGuhE.tree_0.Pan_paniscus.alpha = 0
flsIGuhE.tree_0.Node53.alpha = 2.16763e-06
flsIGuhE.tree_0.Homo_sapiens.alpha = 0
flsIGuhE.tree_0.Node52.alpha = 0
flsIGuhE.tree_0.Node50.alpha = 2.55455e-06
flsIGuhE.tree_0.Pongo_abelii.alpha = 9.55269e-06
flsIGuhE.tree_0.Node49.alpha = 6.74352e-07
flsIGuhE.tree_0.Node45.alpha = 2.41146e-05
flsIGuhE.tree_0.Node19.alpha = 4.16907e-05
flsIGuhE.tree_0.Node9.alpha = 3.13264e-05
flsIGuhE.tree_0.Carlito_syrichta.alpha = 9.53979e-06
flsIGuhE.tree_0.Node8.alpha = 2.81579e-05
flsIGuhE.model_MGREV.omega_1 = 1
Failing bound checks on flsIGuhE.tree_0.Nomascus_leucogenys.beta =         10035.43276232641
Optimization finished in 27 loop passes.
7127 likelihood evaluation calls and 55670 matrix exponentiations calls were made

Row and/or column partition is empty. All the data will be used by default.
Auto-benchmarked an optimal number (2) of threads.
Set GUI update interval to every 5434-th LF evaluation.
Optimization settings:
	OPTIMIZATION_METHOD = 4
	OPTIMIZATION_PRECISION = 0.001
	MAXIMUM_ITERATIONS_PER_VARIABLE = 5000

Initial parameter values

frequencies._aux.CF3x4.p0_0 = 0.246174
frequencies._aux.CF3x4.p0_1 = 0.327679
frequencies._aux.CF3x4.p0_2 = 0.613133
frequencies._aux.CF3x4.p1_0 = 0.342191
frequencies._aux.CF3x4.p1_1 = 0.270337
frequencies._aux.CF3x4.p1_2 = 0.374864
frequencies._aux.CF3x4.p2_0 = 0.149528
frequencies._aux.CF3x4.p2_1 = 0.340482
frequencies._aux.CF3x4.p2_2 = 0.539058
Optimization finished in 6 loop passes.
239 likelihood evaluation calls and 0 matrix exponentiations calls were made

Variable 'flsIGuhE.model_MGREV_pi' was not initialized prior to being used
Model flsIGuhE.model_MGREV assigned to Otolemur_garnettii
Model flsIGuhE.model_MGREV assigned to Propithecus_coquereli
Model flsIGuhE.model_MGREV assigned to Microcebus_murinus
Model flsIGuhE.model_MGREV assigned to Node4
Model flsIGuhE.model_MGREV assigned to Prolemur_simus
Model flsIGuhE.model_MGREV assigned to Node3
Model flsIGuhE.model_MGREV assigned to Callithrix_jacchus
Model flsIGuhE.model_MGREV assigned to Aotus_nancymaae
Model flsIGuhE.model_MGREV assigned to Node11
Model flsIGuhE.model_MGREV assigned to Saimiri_boliviensis
Model flsIGuhE.model_MGREV assigned to Cebus_imitator
Model flsIGuhE.model_MGREV assigned to Sapajus_apella
Model flsIGuhE.model_MGREV assigned to Node16
Model flsIGuhE.model_MGREV assigned to Node14
Model flsIGuhE.model_MGREV assigned to Node10
Model flsIGuhE.model_MGREV assigned to Mandrillus_leucophaeus
Model flsIGuhE.model_MGREV assigned to Cercocebus_atys
Model flsIGuhE.model_MGREV assigned to Node24
Model flsIGuhE.model_MGREV assigned to Papio_anubis
Model flsIGuhE.model_MGREV assigned to Theropithecus_gelada
Model flsIGuhE.model_MGREV assigned to Node27
Model flsIGuhE.model_MGREV assigned to Node23
Model flsIGuhE.model_MGREV assigned to Macaca_mulatta
Model flsIGuhE.model_MGREV assigned to Macaca_fascicularis
Model flsIGuhE.model_MGREV assigned to Node31
Model flsIGuhE.model_MGREV assigned to Macaca_nemestrina
Model flsIGuhE.model_MGREV assigned to Node30
Model flsIGuhE.model_MGREV assigned to Node22
Model flsIGuhE.model_MGREV assigned to Chlorocebus_sabaeus
Model flsIGuhE.model_MGREV assigned to Node21
Model flsIGuhE.model_MGREV assigned to Rhinopithecus_roxellana
Model flsIGuhE.model_MGREV assigned to Rhinopithecus_bieti
Model flsIGuhE.model_MGREV assigned to Node38
Model flsIGuhE.model_MGREV assigned to Trachypithecus_francoisi
Model flsIGuhE.model_MGREV assigned to Node37
Model flsIGuhE.model_MGREV assigned to Piliocolobus_tephrosceles
Model flsIGuhE.model_MGREV assigned to Colobus_angolensis
Model flsIGuhE.model_MGREV assigned to Node42
Model flsIGuhE.model_MGREV assigned to Node36
Model flsIGuhE.model_MGREV assigned to Node20
Model flsIGuhE.model_MGREV assigned to Hylobates_moloch
Model flsIGuhE.model_MGREV assigned to Nomascus_leucogenys
Model flsIGuhE.model_MGREV assigned to Node46
Model flsIGuhE.model_MGREV assigned to Gorilla_gorilla
Model flsIGuhE.model_MGREV assigned to Pan_troglodytes
Model flsIGuhE.model_MGREV assigned to Pan_paniscus
Model flsIGuhE.model_MGREV assigned to Node53
Model flsIGuhE.model_MGREV assigned to Homo_sapiens
Model flsIGuhE.model_MGREV assigned to Node52
Model flsIGuhE.model_MGREV assigned to Node50
Model flsIGuhE.model_MGREV assigned to Pongo_abelii
Model flsIGuhE.model_MGREV assigned to Node49
Model flsIGuhE.model_MGREV assigned to Node45
Model flsIGuhE.model_MGREV assigned to Node19
Model flsIGuhE.model_MGREV assigned to Node9
Model flsIGuhE.model_MGREV assigned to Carlito_syrichta
Model flsIGuhE.model_MGREV assigned to Node8
The tips of the tree:flsIGuhE.tree_0 were matched with the species names from the data in the following numeric order (0-based) {3,1,0,2,27,28,29,25,26,12,13,10,11,15,16,17,14,9,6,8,5,7,19,18,24,23,22,20,21,4}

Pseudo-optimal path's cost 5467 vs 8061 for 1..k=> a 1.47448 x improvement
Partition 0 is ASSUMED to have a reversible model
Variable 'flsIGuhE.tree_0.Node9.alpha' was not initialized prior to being used
Variable 'flsIGuhE.tree_0.Node19.alpha' was not initialized prior to being used
Variable 'flsIGuhE.tree_0.Carlito_syrichta.alpha' was not initialized prior to being used
Variable 'flsIGuhE.tree_0.Prolemur_simus.alpha' was not initialized prior to being used
Variable 'flsIGuhE.tree_0.Node45.alpha' was not initialized prior to being used
Variable 'flsIGuhE.tree_0.Node10.alpha' was not initialized prior to being used
Variable 'flsIGuhE.tree_0.Node49.alpha' was not initialized prior to being used
Variable 'flsIGuhE.tree_0.Microcebus_murinus.alpha' was not initialized prior to being used
Variable 'flsIGuhE.tree_0.Pongo_abelii.alpha' was not initialized prior to being used
Variable 'flsIGuhE.tree_0.Node50.alpha' was not initialized prior to being used
Variable 'flsIGuhE.tree_0.Node52.alpha' was not initialized prior to being used
Variable 'flsIGuhE.tree_0.Node14.alpha' was not initialized prior to being used
Variable 'flsIGuhE.tree_0.Homo_sapiens.alpha' was not initialized prior to being used
Variable 'flsIGuhE.tree_0.Node53.alpha' was not initialized prior to being used
Variable 'flsIGuhE.tree_0.Pan_paniscus.alpha' was not initialized prior to being used
Variable 'flsIGuhE.tree_0.Pan_troglodytes.alpha' was not initialized prior to being used
Variable 'flsIGuhE.tree_0.Gorilla_gorilla.alpha' was not initialized prior to being used
Variable 'flsIGuhE.tree_0.Node46.alpha' was not initialized prior to being used
Variable 'flsIGuhE.tree_0.Nomascus_leucogenys.alpha' was not initialized prior to being used
Variable 'flsIGuhE.tree_0.Node4.alpha' was not initialized prior to being used
Variable 'flsIGuhE.tree_0.Otolemur_garnettii.alpha' was not initialized prior to being used
Variable 'flsIGuhE.tree_0.Hylobates_moloch.alpha' was not initialized prior to being used
Variable 'flsIGuhE.tree_0.Cebus_imitator.alpha' was not initialized prior to being used
Variable 'flsIGuhE.tree_0.Node20.alpha' was not initialized prior to being used
Variable 'flsIGuhE.tree_0.Mandrillus_leucophaeus.alpha' was not initialized prior to being used
Variable 'flsIGuhE.tree_0.Node36.alpha' was not initialized prior to being used
Variable 'flsIGuhE.tree_0.Node42.alpha' was not initialized prior to being used
Variable 'flsIGuhE.tree_0.Saimiri_boliviensis.alpha' was not initialized prior to being used
Variable 'flsIGuhE.tree_0.Colobus_angolensis.alpha' was not initialized prior to being used
Variable 'flsIGuhE.tree_0.Piliocolobus_tephrosceles.alpha' was not initialized prior to being used
Variable 'flsIGuhE.tree_0.Sapajus_apella.alpha' was not initialized prior to being used
Variable 'flsIGuhE.tree_0.Node24.alpha' was not initialized prior to being used
Variable 'flsIGuhE.tree_0.Node37.alpha' was not initialized prior to being used
Variable 'flsIGuhE.tree_0.Trachypithecus_francoisi.alpha' was not initialized prior to being used
Variable 'flsIGuhE.tree_0.Propithecus_coquereli.alpha' was not initialized prior to being used
Variable 'flsIGuhE.tree_0.Node38.alpha' was not initialized prior to being used
Variable 'flsIGuhE.tree_0.Node11.alpha' was not initialized prior to being used
Variable 'flsIGuhE.tree_0.Rhinopithecus_bieti.alpha' was not initialized prior to being used
Variable 'flsIGuhE.tree_0.Rhinopithecus_roxellana.alpha' was not initialized prior to being used
Variable 'flsIGuhE.tree_0.Node21.alpha' was not initialized prior to being used
Variable 'flsIGuhE.tree_0.Chlorocebus_sabaeus.alpha' was not initialized prior to being used
Variable 'flsIGuhE.tree_0.Node22.alpha' was not initialized prior to being used
Variable 'flsIGuhE.tree_0.Node30.alpha' was not initialized prior to being used
Variable 'flsIGuhE.tree_0.Macaca_nemestrina.alpha' was not initialized prior to being used
Variable 'flsIGuhE.tree_0.Node31.alpha' was not initialized prior to being used
Variable 'flsIGuhE.tree_0.Macaca_fascicularis.alpha' was not initialized prior to being used
Variable 'flsIGuhE.tree_0.Macaca_mulatta.alpha' was not initialized prior to being used
Variable 'flsIGuhE.tree_0.Cercocebus_atys.alpha' was not initialized prior to being used
Variable 'flsIGuhE.tree_0.Node23.alpha' was not initialized prior to being used
Variable 'flsIGuhE.tree_0.Callithrix_jacchus.alpha' was not initialized prior to being used
Variable 'flsIGuhE.tree_0.Node27.alpha' was not initialized prior to being used
Variable 'flsIGuhE.tree_0.Theropithecus_gelada.alpha' was not initialized prior to being used
Variable 'flsIGuhE.tree_0.Aotus_nancymaae.alpha' was not initialized prior to being used
Variable 'flsIGuhE.tree_0.Node16.alpha' was not initialized prior to being used
Variable 'flsIGuhE.tree_0.Papio_anubis.alpha' was not initialized prior to being used
Variable 'flsIGuhE.tree_0.Node3.alpha' was not initialized prior to being used
Variable 'flsIGuhE.tree_0.Node8.alpha' was not initialized prior to being used
Site 45 evaluated to a 0 probability in ComputeTreeBlockByBranch
Site 45 evaluated to a 0 probability in ComputeTreeBlockByBranch
Site 101 evaluated to a 0 probability in ComputeTreeBlockByBranch
Site 45 evaluated to a 0 probability in ComputeTreeBlockByBranch
Site 130 evaluated to a 0 probability in ComputeTreeBlockByBranch
Site 27 evaluated to a 0 probability in ComputeTreeBlockByBranch
Site 33 evaluated to a 0 probability in ComputeTreeBlockByBranch
Site 129 evaluated to a 0 probability in ComputeTreeBlockByBranch
Site 19 evaluated to a 0 probability in ComputeTreeBlockByBranch
Site 45 evaluated to a 0 probability in ComputeTreeBlockByBranch
Site 91 evaluated to a 0 probability in ComputeTreeBlockByBranch
Site 117 evaluated to a 0 probability in ComputeTreeBlockByBranch
Site 50 evaluated to a 0 probability in ComputeTreeBlockByBranch
Site 22 evaluated to a 0 probability in ComputeTreeBlockByBranch
Site 45 evaluated to a 0 probability in ComputeTreeBlockByBranch
Site 86 evaluated to a 0 probability in ComputeTreeBlockByBranch
Site 64 evaluated to a 0 probability in ComputeTreeBlockByBranch
Site 104 evaluated to a 0 probability in ComputeTreeBlockByBranch
Site 93 evaluated to a 0 probability in ComputeTreeBlockByBranch
Site 129 evaluated to a 0 probability in ComputeTreeBlockByBranch
Site 45 evaluated to a 0 probability in ComputeTreeBlockByBranch
Site 112 evaluated to a 0 probability in ComputeTreeBlockByBranch
Site 125 evaluated to a 0 probability in ComputeTreeBlockByBranch
Site 99 evaluated to a 0 probability in ComputeTreeBlockByBranch
Site 31 evaluated to a 0 probability in ComputeTreeBlockByBranch
Site 37 evaluated to a 0 probability in ComputeTreeBlockByBranch
Site 45 evaluated to a 0 probability in ComputeTreeBlockByBranch
Site 63 evaluated to a 0 probability in ComputeTreeBlockByBranch
Auto-benchmarked an optimal number (6) of threads.
Set GUI update interval to every 176-th LF evaluation.
Initial guess for flsIGuhE.tree_0.Node3.alpha is 2.42621e-05
Initial guess for flsIGuhE.tree_0.Node4.alpha is 2.28471e-06
Initial guess for flsIGuhE.tree_0.Propithecus_coquereli.alpha is 0.000102106
Initial guess for flsIGuhE.tree_0.Microcebus_murinus.alpha is 5.99567e-05
Initial guess for flsIGuhE.tree_0.Prolemur_simus.alpha is 5.13974e-05
Initial guess for flsIGuhE.tree_0.Node8.alpha is 2.81579e-05
Initial guess for flsIGuhE.tree_0.Node9.alpha is 3.13264e-05
Initial guess for flsIGuhE.tree_0.Node10.alpha is 7.70728e-05
Initial guess for flsIGuhE.tree_0.Node11.alpha is 5.6857e-06
Initial guess for flsIGuhE.tree_0.Callithrix_jacchus.alpha is 5.62905e-05
Initial guess for flsIGuhE.tree_0.Aotus_nancymaae.alpha is 3.21954e-05
Initial guess for flsIGuhE.tree_0.Node14.alpha is 1.10653e-06
Initial guess for flsIGuhE.tree_0.Saimiri_boliviensis.alpha is 1.17572e-05
Initial guess for flsIGuhE.tree_0.Node16.alpha is 3.09043e-05
Initial guess for flsIGuhE.tree_0.Cebus_imitator.alpha is 3.94229e-05
Initial guess for flsIGuhE.tree_0.Sapajus_apella.alpha is 1.00511e-05
Initial guess for flsIGuhE.tree_0.Node19.alpha is 4.16907e-05
Initial guess for flsIGuhE.tree_0.Node20.alpha is 2.79779e-05
Initial guess for flsIGuhE.tree_0.Node21.alpha is 1.14097e-06
Initial guess for flsIGuhE.tree_0.Node22.alpha is 1.21978e-05
Initial guess for flsIGuhE.tree_0.Node23.alpha is 2.64375e-05
Initial guess for flsIGuhE.tree_0.Node24.alpha is 1.61232e-05
Initial guess for flsIGuhE.tree_0.Mandrillus_leucophaeus.alpha is 7.52952e-06
Initial guess for flsIGuhE.tree_0.Cercocebus_atys.alpha is 6.87618e-06
Initial guess for flsIGuhE.tree_0.Node27.alpha is 1.31788e-05
Initial guess for flsIGuhE.tree_0.Papio_anubis.alpha is 4.84414e-06
Initial guess for flsIGuhE.tree_0.Theropithecus_gelada.alpha is 4.3518e-06
Initial guess for flsIGuhE.tree_0.Node30.alpha is -7.22267e-06
Initial guess for flsIGuhE.tree_0.Node31.alpha is 1.26188e-06
Initial guess for flsIGuhE.tree_0.Macaca_mulatta.alpha is 7.36851e-06
Initial guess for flsIGuhE.tree_0.Macaca_fascicularis.alpha is 2.85053e-19
Initial guess for flsIGuhE.tree_0.Macaca_nemestrina.alpha is 2.75642e-19
Initial guess for flsIGuhE.tree_0.Chlorocebus_sabaeus.alpha is 1.66817e-06
Initial guess for flsIGuhE.tree_0.Node36.alpha is 3.93606e-06
Initial guess for flsIGuhE.tree_0.Node37.alpha is 5.03712e-06
Initial guess for flsIGuhE.tree_0.Node38.alpha is 2.95428e-07
Initial guess for flsIGuhE.tree_0.Rhinopithecus_roxellana.alpha is 1.54348e-05
Initial guess for flsIGuhE.tree_0.Rhinopithecus_bieti.alpha is 2.76676e-06
Initial guess for flsIGuhE.tree_0.Trachypithecus_francoisi.alpha is 1.63291e-07
Initial guess for flsIGuhE.tree_0.Node42.alpha is 3.6547e-06
Initial guess for flsIGuhE.tree_0.Piliocolobus_tephrosceles.alpha is 5.56471e-06
Initial guess for flsIGuhE.tree_0.Colobus_angolensis.alpha is 2.95459e-06
Initial guess for flsIGuhE.tree_0.Node45.alpha is 2.41146e-05
Initial guess for flsIGuhE.tree_0.Node46.alpha is 2.26308e-05
Initial guess for flsIGuhE.tree_0.Hylobates_moloch.alpha is -2.45365e-08
Initial guess for flsIGuhE.tree_0.Nomascus_leucogenys.alpha is 3.67028e-06
Initial guess for flsIGuhE.tree_0.Node49.alpha is 6.74352e-07
Initial guess for flsIGuhE.tree_0.Node50.alpha is 2.55455e-06
Initial guess for flsIGuhE.tree_0.Gorilla_gorilla.alpha is 8.05004e-06
Initial guess for flsIGuhE.tree_0.Node52.alpha is -1.47041e-06
Initial guess for flsIGuhE.tree_0.Node53.alpha is 2.16763e-06
Initial guess for flsIGuhE.tree_0.Pan_troglodytes.alpha is 6.60804e-06
Initial guess for flsIGuhE.tree_0.Pan_paniscus.alpha is -3.00553e-19
Initial guess for flsIGuhE.tree_0.Homo_sapiens.alpha is -2.98756e-19
Initial guess for flsIGuhE.tree_0.Pongo_abelii.alpha is 9.55269e-06
Initial guess for flsIGuhE.tree_0.Carlito_syrichta.alpha is 9.53979e-06
Optimization settings:
	OPTIMIZATION_METHOD = 4
	OPTIMIZATION_PRECISION = 0.001
	MAXIMUM_ITERATIONS_PER_VARIABLE = 5000

Initial parameter values

flsIGuhE.model_MGREV.theta_GT = 1
flsIGuhE.model_MGREV.theta_CT = 1
flsIGuhE.model_MGREV.theta_AC = 1
flsIGuhE.model_MGREV.theta_AT = 1
flsIGuhE.model_MGREV.theta_CG = 1
flsIGuhE.model_MGREV.omega_0 = 1
flsIGuhE.tree_0.Otolemur_garnettii.alpha = 0.1
flsIGuhE.tree_0.Propithecus_coquereli.alpha = 0.000102106
flsIGuhE.tree_0.Microcebus_murinus.alpha = 5.99567e-05
flsIGuhE.tree_0.Node4.alpha = 2.28471e-06
flsIGuhE.tree_0.Prolemur_simus.alpha = 5.13974e-05
flsIGuhE.tree_0.Node3.alpha = 2.42621e-05
flsIGuhE.tree_0.Callithrix_jacchus.alpha = 5.62905e-05
flsIGuhE.tree_0.Aotus_nancymaae.alpha = 3.21954e-05
flsIGuhE.tree_0.Node11.alpha = 5.6857e-06
flsIGuhE.tree_0.Saimiri_boliviensis.alpha = 1.17572e-05
flsIGuhE.tree_0.Cebus_imitator.alpha = 3.94229e-05
flsIGuhE.tree_0.Sapajus_apella.alpha = 1.00511e-05
flsIGuhE.tree_0.Node16.alpha = 3.09043e-05
flsIGuhE.tree_0.Node14.alpha = 1.10653e-06
flsIGuhE.tree_0.Node10.alpha = 7.70728e-05
flsIGuhE.tree_0.Mandrillus_leucophaeus.alpha = 7.52952e-06
flsIGuhE.tree_0.Cercocebus_atys.alpha = 6.87618e-06
flsIGuhE.tree_0.Node24.alpha = 1.61232e-05
flsIGuhE.tree_0.Papio_anubis.alpha = 4.84414e-06
flsIGuhE.tree_0.Theropithecus_gelada.alpha = 4.3518e-06
flsIGuhE.tree_0.Node27.alpha = 1.31788e-05
flsIGuhE.tree_0.Node23.alpha = 2.64375e-05
flsIGuhE.tree_0.Macaca_mulatta.alpha = 7.36851e-06
flsIGuhE.tree_0.Macaca_fascicularis.alpha = 2.85053e-19
flsIGuhE.tree_0.Node31.alpha = 1.26188e-06
flsIGuhE.tree_0.Macaca_nemestrina.alpha = 2.75642e-19
flsIGuhE.tree_0.Node30.alpha = 0
flsIGuhE.tree_0.Node22.alpha = 1.21978e-05
flsIGuhE.tree_0.Chlorocebus_sabaeus.alpha = 1.66817e-06
flsIGuhE.tree_0.Node21.alpha = 1.14097e-06
flsIGuhE.tree_0.Rhinopithecus_roxellana.alpha = 1.54348e-05
flsIGuhE.tree_0.Rhinopithecus_bieti.alpha = 2.76676e-06
flsIGuhE.tree_0.Node38.alpha = 2.95428e-07
flsIGuhE.tree_0.Trachypithecus_francoisi.alpha = 1.63291e-07
flsIGuhE.tree_0.Node37.alpha = 5.03712e-06
flsIGuhE.tree_0.Piliocolobus_tephrosceles.alpha = 5.56471e-06
flsIGuhE.tree_0.Colobus_angolensis.alpha = 2.95459e-06
flsIGuhE.tree_0.Node42.alpha = 3.6547e-06
flsIGuhE.tree_0.Node36.alpha = 3.93606e-06
flsIGuhE.tree_0.Node20.alpha = 2.79779e-05
flsIGuhE.tree_0.Hylobates_moloch.alpha = 0
flsIGuhE.tree_0.Nomascus_leucogenys.alpha = 3.67028e-06
flsIGuhE.tree_0.Node46.alpha = 2.26308e-05
flsIGuhE.tree_0.Gorilla_gorilla.alpha = 8.05004e-06
flsIGuhE.tree_0.Pan_troglodytes.alpha = 6.60804e-06
flsIGuhE.tree_0.Pan_paniscus.alpha = 0
flsIGuhE.tree_0.Node53.alpha = 2.16763e-06
flsIGuhE.tree_0.Homo_sapiens.alpha = 0
flsIGuhE.tree_0.Node52.alpha = 0
flsIGuhE.tree_0.Node50.alpha = 2.55455e-06
flsIGuhE.tree_0.Pongo_abelii.alpha = 9.55269e-06
flsIGuhE.tree_0.Node49.alpha = 6.74352e-07
flsIGuhE.tree_0.Node45.alpha = 2.41146e-05
flsIGuhE.tree_0.Node19.alpha = 4.16907e-05
flsIGuhE.tree_0.Node9.alpha = 3.13264e-05
flsIGuhE.tree_0.Carlito_syrichta.alpha = 9.53979e-06
flsIGuhE.tree_0.Node8.alpha = 2.81579e-05
flsIGuhE.model_MGREV.omega_1 = 1
Failing bound checks on flsIGuhE.tree_0.Nomascus_leucogenys.beta =         10035.43276232641
Optimization finished in 29 loop passes.
7841 likelihood evaluation calls and 62295 matrix exponentiations calls were made

Overwritten previously defined function:'KEJhZvOH.rate_generator'
Overwritten previously defined function:'KEJhZvOH.rate_generator'
Auto-benchmarked an optimal number (2) of threads.
Set GUI update interval to every 5376-th LF evaluation.
Optimization settings:
	OPTIMIZATION_METHOD = 4
	OPTIMIZATION_PRECISION = 0.001
	MAXIMUM_ITERATIONS_PER_VARIABLE = 5000

Initial parameter values

frequencies._aux.CF3x4.p0_0 = 0.246174
frequencies._aux.CF3x4.p0_1 = 0.327679
frequencies._aux.CF3x4.p0_2 = 0.613133
frequencies._aux.CF3x4.p1_0 = 0.342191
frequencies._aux.CF3x4.p1_1 = 0.270337
frequencies._aux.CF3x4.p1_2 = 0.374864
frequencies._aux.CF3x4.p2_0 = 0.149528
frequencies._aux.CF3x4.p2_1 = 0.340482
frequencies._aux.CF3x4.p2_2 = 0.539058
Optimization finished in 6 loop passes.
239 likelihood evaluation calls and 0 matrix exponentiations calls were made

Variable 'relax.test_pi' was not initialized prior to being used
Overwritten previously defined function:'KEJhZvOH.rate_generator'
Overwritten previously defined function:'KEJhZvOH.rate_generator'
Overwritten previously defined function:'KEJhZvOH.rate_generator'
Auto-benchmarked an optimal number (3) of threads.
Set GUI update interval to every 4807-th LF evaluation.
Optimization settings:
	OPTIMIZATION_METHOD = 4
	OPTIMIZATION_PRECISION = 0.001
	MAXIMUM_ITERATIONS_PER_VARIABLE = 5000

Initial parameter values

frequencies._aux.CF3x4.p0_0 = 0.246174
frequencies._aux.CF3x4.p0_1 = 0.327679
frequencies._aux.CF3x4.p0_2 = 0.613133
frequencies._aux.CF3x4.p1_0 = 0.342191
frequencies._aux.CF3x4.p1_1 = 0.270337
frequencies._aux.CF3x4.p1_2 = 0.374864
frequencies._aux.CF3x4.p2_0 = 0.149528
frequencies._aux.CF3x4.p2_1 = 0.340482
frequencies._aux.CF3x4.p2_2 = 0.539058
Optimization finished in 6 loop passes.
240 likelihood evaluation calls and 0 matrix exponentiations calls were made

Variable 'relax.reference_pi' was not initialized prior to being used
No nodel was assigned to Otolemur_garnettii
No nodel was assigned to Propithecus_coquereli
No nodel was assigned to Microcebus_murinus
No nodel was assigned to Node4
No nodel was assigned to Prolemur_simus
No nodel was assigned to Node3
No nodel was assigned to Callithrix_jacchus
No nodel was assigned to Aotus_nancymaae
No nodel was assigned to Node11
No nodel was assigned to Saimiri_boliviensis
No nodel was assigned to Cebus_imitator
No nodel was assigned to Sapajus_apella
No nodel was assigned to Node16
No nodel was assigned to Node14
No nodel was assigned to Node10
No nodel was assigned to Mandrillus_leucophaeus
No nodel was assigned to Cercocebus_atys
No nodel was assigned to Node24
No nodel was assigned to Papio_anubis
No nodel was assigned to Theropithecus_gelada
No nodel was assigned to Node27
No nodel was assigned to Node23
No nodel was assigned to Macaca_mulatta
No nodel was assigned to Macaca_fascicularis
No nodel was assigned to Node31
No nodel was assigned to Macaca_nemestrina
No nodel was assigned to Node30
No nodel was assigned to Node22
No nodel was assigned to Chlorocebus_sabaeus
No nodel was assigned to Node21
No nodel was assigned to Rhinopithecus_roxellana
No nodel was assigned to Rhinopithecus_bieti
No nodel was assigned to Node38
No nodel was assigned to Trachypithecus_francoisi
No nodel was assigned to Node37
No nodel was assigned to Piliocolobus_tephrosceles
No nodel was assigned to Colobus_angolensis
No nodel was assigned to Node42
No nodel was assigned to Node36
No nodel was assigned to Node20
No nodel was assigned to Hylobates_moloch
No nodel was assigned to Nomascus_leucogenys
No nodel was assigned to Node46
No nodel was assigned to Gorilla_gorilla
No nodel was assigned to Pan_troglodytes
No nodel was assigned to Pan_paniscus
No nodel was assigned to Node53
No nodel was assigned to Homo_sapiens
No nodel was assigned to Node52
No nodel was assigned to Node50
No nodel was assigned to Pongo_abelii
No nodel was assigned to Node49
No nodel was assigned to Node45
No nodel was assigned to Node19
No nodel was assigned to Node9
No nodel was assigned to Carlito_syrichta
No nodel was assigned to Node8
The tips of the tree:jFJmHjgm.tree_id_0 were matched with the species names from the data in the following numeric order (0-based) {3,1,0,2,27,28,29,25,26,12,13,10,11,15,16,17,14,9,6,8,5,7,19,18,24,23,22,20,21,4}

Pseudo-optimal path's cost 5467 vs 8061 for 1..k=> a 1.47448 x improvement
Partition 0 is ASSUMED to have a reversible model
relax.reference.theta_AC was already constrained in estimators.SetGlobals2
relax.reference.theta_AG was already constrained in estimators.SetGlobals2
relax.reference.theta_AT was already constrained in estimators.SetGlobals2
relax.reference.theta_CG was already constrained in estimators.SetGlobals2
relax.reference.theta_CT was already constrained in estimators.SetGlobals2
relax.reference.theta_GT was already constrained in estimators.SetGlobals2
relax.test.theta_AG was already constrained in estimators.SetGlobals2
Variable 'jFJmHjgm.tree_id_0.Otolemur_garnettii.t' was not initialized prior to being used
models.generic.SetBranchLength: jFJmHjgm.tree_id_0.Otolemur_garnettii.t=0.7944456717325761
Variable 'jFJmHjgm.tree_id_0.Propithecus_coquereli.t' was not initialized prior to being used
models.generic.SetBranchLength: jFJmHjgm.tree_id_0.Propithecus_coquereli.t=0.3953247757492609
Variable 'jFJmHjgm.tree_id_0.Microcebus_murinus.t' was not initialized prior to being used
models.generic.SetBranchLength: jFJmHjgm.tree_id_0.Microcebus_murinus.t=0.4385898526131307
Variable 'jFJmHjgm.tree_id_0.Node4.t' was not initialized prior to being used
models.generic.SetBranchLength: jFJmHjgm.tree_id_0.Node4.t=0.08306831310802457
Variable 'jFJmHjgm.tree_id_0.Prolemur_simus.t' was not initialized prior to being used
models.generic.SetBranchLength: jFJmHjgm.tree_id_0.Prolemur_simus.t=0.3909147067123753
Variable 'jFJmHjgm.tree_id_0.Node3.t' was not initialized prior to being used
models.generic.SetBranchLength: jFJmHjgm.tree_id_0.Node3.t=0.2578073046679772
Variable 'jFJmHjgm.tree_id_0.Callithrix_jacchus.t' was not initialized prior to being used
models.generic.SetBranchLength: jFJmHjgm.tree_id_0.Callithrix_jacchus.t=0.2517726302666855
Variable 'jFJmHjgm.tree_id_0.Aotus_nancymaae.t' was not initialized prior to being used
models.generic.SetBranchLength: jFJmHjgm.tree_id_0.Aotus_nancymaae.t=0.09101947309188467
Variable 'jFJmHjgm.tree_id_0.Node11.t' was not initialized prior to being used
models.generic.SetBranchLength: jFJmHjgm.tree_id_0.Node11.t=0.003942686538097964
Variable 'jFJmHjgm.tree_id_0.Saimiri_boliviensis.t' was not initialized prior to being used
models.generic.SetBranchLength: jFJmHjgm.tree_id_0.Saimiri_boliviensis.t=0.2478228093411836
Variable 'jFJmHjgm.tree_id_0.Cebus_imitator.t' was not initialized prior to being used
models.generic.SetBranchLength: jFJmHjgm.tree_id_0.Cebus_imitator.t=0.0609091892153909
Variable 'jFJmHjgm.tree_id_0.Sapajus_apella.t' was not initialized prior to being used
models.generic.SetBranchLength: jFJmHjgm.tree_id_0.Sapajus_apella.t=0.07360113509631602
Variable 'jFJmHjgm.tree_id_0.Node16.t' was not initialized prior to being used
models.generic.SetBranchLength: jFJmHjgm.tree_id_0.Node16.t=0.3223519371225159
Variable 'jFJmHjgm.tree_id_0.Node14.t' was not initialized prior to being used
models.generic.SetBranchLength: jFJmHjgm.tree_id_0.Node14.t=0.1806884302285395
Variable 'jFJmHjgm.tree_id_0.Node10.t' was not initialized prior to being used
models.generic.SetBranchLength: jFJmHjgm.tree_id_0.Node10.t=0.5329752256124121
Variable 'jFJmHjgm.tree_id_0.Mandrillus_leucophaeus.t' was not initialized prior to being used
models.generic.SetBranchLength: jFJmHjgm.tree_id_0.Mandrillus_leucophaeus.t=0.05733923926117374
Variable 'jFJmHjgm.tree_id_0.Cercocebus_atys.t' was not initialized prior to being used
models.generic.SetBranchLength: jFJmHjgm.tree_id_0.Cercocebus_atys.t=0.01838208352376523
Variable 'jFJmHjgm.tree_id_0.Node24.t' was not initialized prior to being used
models.generic.SetBranchLength: jFJmHjgm.tree_id_0.Node24.t=0.1154004062084534
Variable 'jFJmHjgm.tree_id_0.Papio_anubis.t' was not initialized prior to being used
models.generic.SetBranchLength: jFJmHjgm.tree_id_0.Papio_anubis.t=0.03796147300703474
Variable 'jFJmHjgm.tree_id_0.Theropithecus_gelada.t' was not initialized prior to being used
models.generic.SetBranchLength: jFJmHjgm.tree_id_0.Theropithecus_gelada.t=0.03771960971386561
Variable 'jFJmHjgm.tree_id_0.Node27.t' was not initialized prior to being used
models.generic.SetBranchLength: jFJmHjgm.tree_id_0.Node27.t=0.07651342456853658
Variable 'jFJmHjgm.tree_id_0.Node23.t' was not initialized prior to being used
models.generic.SetBranchLength: jFJmHjgm.tree_id_0.Node23.t=0.08441665612310373
Variable 'jFJmHjgm.tree_id_0.Macaca_mulatta.t' was not initialized prior to being used
models.generic.SetBranchLength: jFJmHjgm.tree_id_0.Macaca_mulatta.t=0
Variable 'jFJmHjgm.tree_id_0.Macaca_fascicularis.t' was not initialized prior to being used
models.generic.SetBranchLength: jFJmHjgm.tree_id_0.Macaca_fascicularis.t=2.710505431213761e-20
Variable 'jFJmHjgm.tree_id_0.Node31.t' was not initialized prior to being used
models.generic.SetBranchLength: jFJmHjgm.tree_id_0.Node31.t=0
Variable 'jFJmHjgm.tree_id_0.Macaca_nemestrina.t' was not initialized prior to being used
models.generic.SetBranchLength: jFJmHjgm.tree_id_0.Macaca_nemestrina.t=0.02076531345151052
Variable 'jFJmHjgm.tree_id_0.Node30.t' was not initialized prior to being used
models.generic.SetBranchLength: jFJmHjgm.tree_id_0.Node30.t=0.02930020229105245
Variable 'jFJmHjgm.tree_id_0.Node22.t' was not initialized prior to being used
models.generic.SetBranchLength: jFJmHjgm.tree_id_0.Node22.t=0.06681315139986028
Variable 'jFJmHjgm.tree_id_0.Chlorocebus_sabaeus.t' was not initialized prior to being used
models.generic.SetBranchLength: jFJmHjgm.tree_id_0.Chlorocebus_sabaeus.t=0.1353967674461015
Variable 'jFJmHjgm.tree_id_0.Node21.t' was not initialized prior to being used
models.generic.SetBranchLength: jFJmHjgm.tree_id_0.Node21.t=0.01794340202405472
Variable 'jFJmHjgm.tree_id_0.Rhinopithecus_roxellana.t' was not initialized prior to being used
models.generic.SetBranchLength: jFJmHjgm.tree_id_0.Rhinopithecus_roxellana.t=0.0207477305603999
Variable 'jFJmHjgm.tree_id_0.Rhinopithecus_bieti.t' was not initialized prior to being used
models.generic.SetBranchLength: jFJmHjgm.tree_id_0.Rhinopithecus_bieti.t=0
Variable 'jFJmHjgm.tree_id_0.Node38.t' was not initialized prior to being used
models.generic.SetBranchLength: jFJmHjgm.tree_id_0.Node38.t=0
Variable 'jFJmHjgm.tree_id_0.Trachypithecus_francoisi.t' was not initialized prior to being used
models.generic.SetBranchLength: jFJmHjgm.tree_id_0.Trachypithecus_francoisi.t=0.04163412858416542
Variable 'jFJmHjgm.tree_id_0.Node37.t' was not initialized prior to being used
models.generic.SetBranchLength: jFJmHjgm.tree_id_0.Node37.t=0.04177927083389504
Variable 'jFJmHjgm.tree_id_0.Piliocolobus_tephrosceles.t' was not initialized prior to being used
models.generic.SetBranchLength: jFJmHjgm.tree_id_0.Piliocolobus_tephrosceles.t=0.02081554537057265
Variable 'jFJmHjgm.tree_id_0.Colobus_angolensis.t' was not initialized prior to being used
models.generic.SetBranchLength: jFJmHjgm.tree_id_0.Colobus_angolensis.t=0
Variable 'jFJmHjgm.tree_id_0.Node42.t' was not initialized prior to being used
models.generic.SetBranchLength: jFJmHjgm.tree_id_0.Node42.t=0.02063885819332024
Variable 'jFJmHjgm.tree_id_0.Node36.t' was not initialized prior to being used
models.generic.SetBranchLength: jFJmHjgm.tree_id_0.Node36.t=0.05341180616816016
Variable 'jFJmHjgm.tree_id_0.Node20.t' was not initialized prior to being used
models.generic.SetBranchLength: jFJmHjgm.tree_id_0.Node20.t=0.1993041211329789
Variable 'jFJmHjgm.tree_id_0.Hylobates_moloch.t' was not initialized prior to being used
models.generic.SetBranchLength: jFJmHjgm.tree_id_0.Hylobates_moloch.t=0.01974911936015001
Variable 'jFJmHjgm.tree_id_0.Nomascus_leucogenys.t' was not initialized prior to being used
models.generic.SetBranchLength: jFJmHjgm.tree_id_0.Nomascus_leucogenys.t=0.06343760300728109
Variable 'jFJmHjgm.tree_id_0.Node46.t' was not initialized prior to being used
models.generic.SetBranchLength: jFJmHjgm.tree_id_0.Node46.t=0.1915605940794595
Variable 'jFJmHjgm.tree_id_0.Gorilla_gorilla.t' was not initialized prior to being used
models.generic.SetBranchLength: jFJmHjgm.tree_id_0.Gorilla_gorilla.t=0.04168475156801756
Variable 'jFJmHjgm.tree_id_0.Pan_troglodytes.t' was not initialized prior to being used
models.generic.SetBranchLength: jFJmHjgm.tree_id_0.Pan_troglodytes.t=0
Variable 'jFJmHjgm.tree_id_0.Pan_paniscus.t' was not initialized prior to being used
models.generic.SetBranchLength: jFJmHjgm.tree_id_0.Pan_paniscus.t=0
Variable 'jFJmHjgm.tree_id_0.Node53.t' was not initialized prior to being used
models.generic.SetBranchLength: jFJmHjgm.tree_id_0.Node53.t=0
Variable 'jFJmHjgm.tree_id_0.Homo_sapiens.t' was not initialized prior to being used
models.generic.SetBranchLength: jFJmHjgm.tree_id_0.Homo_sapiens.t=0.08363200671996468
Variable 'jFJmHjgm.tree_id_0.Node52.t' was not initialized prior to being used
models.generic.SetBranchLength: jFJmHjgm.tree_id_0.Node52.t=0
Variable 'jFJmHjgm.tree_id_0.Node50.t' was not initialized prior to being used
models.generic.SetBranchLength: jFJmHjgm.tree_id_0.Node50.t=0
Variable 'jFJmHjgm.tree_id_0.Pongo_abelii.t' was not initialized prior to being used
models.generic.SetBranchLength: jFJmHjgm.tree_id_0.Pongo_abelii.t=0.08341633104588023
Variable 'jFJmHjgm.tree_id_0.Node49.t' was not initialized prior to being used
models.generic.SetBranchLength: jFJmHjgm.tree_id_0.Node49.t=0
Variable 'jFJmHjgm.tree_id_0.Node45.t' was not initialized prior to being used
models.generic.SetBranchLength: jFJmHjgm.tree_id_0.Node45.t=0.2268504632488328
Variable 'jFJmHjgm.tree_id_0.Node19.t' was not initialized prior to being used
models.generic.SetBranchLength: jFJmHjgm.tree_id_0.Node19.t=0.3913671631591038
Variable 'jFJmHjgm.tree_id_0.Node9.t' was not initialized prior to being used
models.generic.SetBranchLength: jFJmHjgm.tree_id_0.Node9.t=0.4434022503992454
Variable 'jFJmHjgm.tree_id_0.Carlito_syrichta.t' was not initialized prior to being used
models.generic.SetBranchLength: jFJmHjgm.tree_id_0.Carlito_syrichta.t=1.147248210584494
Variable 'jFJmHjgm.tree_id_0.Node8.t' was not initialized prior to being used
models.generic.SetBranchLength: jFJmHjgm.tree_id_0.Node8.t=0.2966447730869367
Variable 'jFJmHjgm.jFJmHjgm.likelihoodFunction' was not initialized prior to being used
Auto-benchmarked an optimal number (2) of threads.
Set GUI update interval to every 14-th LF evaluation.
Optimization settings:
	OPTIMIZATION_METHOD = 4
	OPTIMIZATION_PRECISION = 0.001
	MAXIMUM_ITERATIONS_PER_VARIABLE = 5000

Initial parameter values

relax.test.theta_AT = 0.157642
relax.test.theta_AC = 0.252348
relax.test.theta_CG = 0.301869
relax.reference.omega3 = 7.27482
relax.reference.omega2 = 0.4601
relax.reference.bsrel_mixture_aux_1 = 0.818182
relax.test.theta_GT = 0.227781
relax.test.theta_CT = 0.911222
relax.reference.bsrel_mixture_aux_0 = 0.45
relax.reference.omega1 = 0.145496
relax.K = 1
jFJmHjgm.tree_id_0.Otolemur_garnettii.t = 0.794446
jFJmHjgm.tree_id_0.Propithecus_coquereli.t = 0.395325
jFJmHjgm.tree_id_0.Microcebus_murinus.t = 0.43859
jFJmHjgm.tree_id_0.Node4.t = 0.0830683
jFJmHjgm.tree_id_0.Prolemur_simus.t = 0.390915
jFJmHjgm.tree_id_0.Node3.t = 0.257807
jFJmHjgm.tree_id_0.Callithrix_jacchus.t = 0.251773
jFJmHjgm.tree_id_0.Aotus_nancymaae.t = 0.0910195
jFJmHjgm.tree_id_0.Node11.t = 0.00394269
jFJmHjgm.tree_id_0.Saimiri_boliviensis.t = 0.247823
jFJmHjgm.tree_id_0.Cebus_imitator.t = 0.0609092
jFJmHjgm.tree_id_0.Sapajus_apella.t = 0.0736011
jFJmHjgm.tree_id_0.Node16.t = 0.322352
jFJmHjgm.tree_id_0.Node14.t = 0.180688
jFJmHjgm.tree_id_0.Node10.t = 0.532975
jFJmHjgm.tree_id_0.Mandrillus_leucophaeus.t = 0.0573392
jFJmHjgm.tree_id_0.Cercocebus_atys.t = 0.0183821
jFJmHjgm.tree_id_0.Node24.t = 0.1154
jFJmHjgm.tree_id_0.Papio_anubis.t = 0.0379615
jFJmHjgm.tree_id_0.Theropithecus_gelada.t = 0.0377196
jFJmHjgm.tree_id_0.Node27.t = 0.0765134
jFJmHjgm.tree_id_0.Node23.t = 0.0844167
jFJmHjgm.tree_id_0.Macaca_mulatta.t = 0
jFJmHjgm.tree_id_0.Macaca_fascicularis.t = 2.71051e-20
jFJmHjgm.tree_id_0.Node31.t = 0
jFJmHjgm.tree_id_0.Macaca_nemestrina.t = 0.0207653
jFJmHjgm.tree_id_0.Node30.t = 0.0293002
jFJmHjgm.tree_id_0.Node22.t = 0.0668132
jFJmHjgm.tree_id_0.Chlorocebus_sabaeus.t = 0.135397
jFJmHjgm.tree_id_0.Node21.t = 0.0179434
jFJmHjgm.tree_id_0.Rhinopithecus_roxellana.t = 0.0207477
jFJmHjgm.tree_id_0.Rhinopithecus_bieti.t = 0
jFJmHjgm.tree_id_0.Node38.t = 0
jFJmHjgm.tree_id_0.Trachypithecus_francoisi.t = 0.0416341
jFJmHjgm.tree_id_0.Node37.t = 0.0417793
jFJmHjgm.tree_id_0.Piliocolobus_tephrosceles.t = 0.0208155
jFJmHjgm.tree_id_0.Colobus_angolensis.t = 0
jFJmHjgm.tree_id_0.Node42.t = 0.0206389
jFJmHjgm.tree_id_0.Node36.t = 0.0534118
jFJmHjgm.tree_id_0.Node20.t = 0.199304
jFJmHjgm.tree_id_0.Hylobates_moloch.t = 0.0197491
jFJmHjgm.tree_id_0.Nomascus_leucogenys.t = 0.0634376
jFJmHjgm.tree_id_0.Node46.t = 0.191561
jFJmHjgm.tree_id_0.Gorilla_gorilla.t = 0.0416848
jFJmHjgm.tree_id_0.Pan_troglodytes.t = 0
jFJmHjgm.tree_id_0.Pan_paniscus.t = 0
jFJmHjgm.tree_id_0.Node53.t = 0
jFJmHjgm.tree_id_0.Homo_sapiens.t = 0.083632
jFJmHjgm.tree_id_0.Node52.t = 0
jFJmHjgm.tree_id_0.Node50.t = 0
jFJmHjgm.tree_id_0.Pongo_abelii.t = 0.0834163
jFJmHjgm.tree_id_0.Node49.t = 0
jFJmHjgm.tree_id_0.Node45.t = 0.22685
jFJmHjgm.tree_id_0.Node19.t = 0.391367
jFJmHjgm.tree_id_0.Node9.t = 0.443402
jFJmHjgm.tree_id_0.Carlito_syrichta.t = 1.14725
jFJmHjgm.tree_id_0.Node8.t = 0.296645
Optimization finished in 51 loop passes.
11365 likelihood evaluation calls and 428319 matrix exponentiations calls were made

Variable 'MPI_NODE_COUNT' was not initialized prior to being used
No nodel was assigned to Otolemur_garnettii
No nodel was assigned to Propithecus_coquereli
No nodel was assigned to Microcebus_murinus
No nodel was assigned to Node4
No nodel was assigned to Prolemur_simus
No nodel was assigned to Node3
No nodel was assigned to Callithrix_jacchus
No nodel was assigned to Aotus_nancymaae
No nodel was assigned to Node11
No nodel was assigned to Saimiri_boliviensis
No nodel was assigned to Cebus_imitator
No nodel was assigned to Sapajus_apella
No nodel was assigned to Node16
No nodel was assigned to Node14
No nodel was assigned to Node10
No nodel was assigned to Mandrillus_leucophaeus
No nodel was assigned to Cercocebus_atys
No nodel was assigned to Node24
No nodel was assigned to Papio_anubis
No nodel was assigned to Theropithecus_gelada
No nodel was assigned to Node27
No nodel was assigned to Node23
No nodel was assigned to Macaca_mulatta
No nodel was assigned to Macaca_fascicularis
No nodel was assigned to Node31
No nodel was assigned to Macaca_nemestrina
No nodel was assigned to Node30
No nodel was assigned to Node22
No nodel was assigned to Chlorocebus_sabaeus
No nodel was assigned to Node21
No nodel was assigned to Rhinopithecus_roxellana
No nodel was assigned to Rhinopithecus_bieti
No nodel was assigned to Node38
No nodel was assigned to Trachypithecus_francoisi
No nodel was assigned to Node37
No nodel was assigned to Piliocolobus_tephrosceles
No nodel was assigned to Colobus_angolensis
No nodel was assigned to Node42
No nodel was assigned to Node36
No nodel was assigned to Node20
No nodel was assigned to Hylobates_moloch
No nodel was assigned to Nomascus_leucogenys
No nodel was assigned to Node46
No nodel was assigned to Gorilla_gorilla
No nodel was assigned to Pan_troglodytes
No nodel was assigned to Pan_paniscus
No nodel was assigned to Node53
No nodel was assigned to Homo_sapiens
No nodel was assigned to Node52
No nodel was assigned to Node50
No nodel was assigned to Pongo_abelii
No nodel was assigned to Node49
No nodel was assigned to Node45
No nodel was assigned to Node19
No nodel was assigned to Node9
No nodel was assigned to Carlito_syrichta
No nodel was assigned to Node8
Likelihood function cleared because partition index '0' points to invalid components
The tips of the tree:jFJmHjgm.tree_id_0 were matched with the species names from the data in the following numeric order (0-based) {3,1,0,2,27,28,29,25,26,12,13,10,11,15,16,17,14,9,6,8,5,7,19,18,24,23,22,20,21,4}

Pseudo-optimal path's cost 5467 vs 8061 for 1..k=> a 1.47448 x improvement
Partition 0 is ASSUMED to have a reversible model
relax.reference.theta_AC was already constrained in estimators.SetGlobals2
relax.reference.theta_AG was already constrained in estimators.SetGlobals2
relax.reference.theta_AT was already constrained in estimators.SetGlobals2
relax.reference.theta_CG was already constrained in estimators.SetGlobals2
relax.reference.theta_CT was already constrained in estimators.SetGlobals2
relax.reference.theta_GT was already constrained in estimators.SetGlobals2
relax.test.bsrel_mixture_aux_0 was already constrained in estimators.SetGlobals2
relax.test.bsrel_mixture_aux_1 was already constrained in estimators.SetGlobals2
relax.test.theta_AG was already constrained in estimators.SetGlobals2
relax.test.omega1 was already constrained in estimators.SetGlobals2
relax.test.omega2 was already constrained in estimators.SetGlobals2
relax.test.omega3 was already constrained in estimators.SetGlobals2
Variable 'jFJmHjgm.tree_id_0.Otolemur_garnettii.t' was not initialized prior to being used
models.generic.SetBranchLength: jFJmHjgm.tree_id_0.Otolemur_garnettii.t=1.174818199351448
Variable 'jFJmHjgm.tree_id_0.Propithecus_coquereli.t' was not initialized prior to being used
models.generic.SetBranchLength: jFJmHjgm.tree_id_0.Propithecus_coquereli.t=0.4974395438753333
Variable 'jFJmHjgm.tree_id_0.Microcebus_murinus.t' was not initialized prior to being used
models.generic.SetBranchLength: jFJmHjgm.tree_id_0.Microcebus_murinus.t=0.5618773874098569
Variable 'jFJmHjgm.tree_id_0.Node4.t' was not initialized prior to being used
models.generic.SetBranchLength: jFJmHjgm.tree_id_0.Node4.t=0.0972859752577878
Variable 'jFJmHjgm.tree_id_0.Prolemur_simus.t' was not initialized prior to being used
models.generic.SetBranchLength: jFJmHjgm.tree_id_0.Prolemur_simus.t=0.4772856910779621
Variable 'jFJmHjgm.tree_id_0.Node3.t' was not initialized prior to being used
models.generic.SetBranchLength: jFJmHjgm.tree_id_0.Node3.t=0.2886609376820191
Variable 'jFJmHjgm.tree_id_0.Callithrix_jacchus.t' was not initialized prior to being used
models.generic.SetBranchLength: jFJmHjgm.tree_id_0.Callithrix_jacchus.t=0.3170227439305037
Variable 'jFJmHjgm.tree_id_0.Aotus_nancymaae.t' was not initialized prior to being used
models.generic.SetBranchLength: jFJmHjgm.tree_id_0.Aotus_nancymaae.t=0.1018834611175901
Variable 'jFJmHjgm.tree_id_0.Node11.t' was not initialized prior to being used
models.generic.SetBranchLength: jFJmHjgm.tree_id_0.Node11.t=0
Variable 'jFJmHjgm.tree_id_0.Saimiri_boliviensis.t' was not initialized prior to being used
models.generic.SetBranchLength: jFJmHjgm.tree_id_0.Saimiri_boliviensis.t=0.4309196906805765
Variable 'jFJmHjgm.tree_id_0.Cebus_imitator.t' was not initialized prior to being used
models.generic.SetBranchLength: jFJmHjgm.tree_id_0.Cebus_imitator.t=0.07340377710731841
Variable 'jFJmHjgm.tree_id_0.Sapajus_apella.t' was not initialized prior to being used
models.generic.SetBranchLength: jFJmHjgm.tree_id_0.Sapajus_apella.t=0.07761324861574657
Variable 'jFJmHjgm.tree_id_0.Node16.t' was not initialized prior to being used
models.generic.SetBranchLength: jFJmHjgm.tree_id_0.Node16.t=0.248423914915607
Variable 'jFJmHjgm.tree_id_0.Node14.t' was not initialized prior to being used
models.generic.SetBranchLength: jFJmHjgm.tree_id_0.Node14.t=0.07322195045464401
Variable 'jFJmHjgm.tree_id_0.Node10.t' was not initialized prior to being used
models.generic.SetBranchLength: jFJmHjgm.tree_id_0.Node10.t=0.7614456935107243
Variable 'jFJmHjgm.tree_id_0.Mandrillus_leucophaeus.t' was not initialized prior to being used
models.generic.SetBranchLength: jFJmHjgm.tree_id_0.Mandrillus_leucophaeus.t=0.0592300416824728
Variable 'jFJmHjgm.tree_id_0.Cercocebus_atys.t' was not initialized prior to being used
models.generic.SetBranchLength: jFJmHjgm.tree_id_0.Cercocebus_atys.t=0.02049321067196525
Variable 'jFJmHjgm.tree_id_0.Node24.t' was not initialized prior to being used
models.generic.SetBranchLength: jFJmHjgm.tree_id_0.Node24.t=0.1238015802847001
Variable 'jFJmHjgm.tree_id_0.Papio_anubis.t' was not initialized prior to being used
models.generic.SetBranchLength: jFJmHjgm.tree_id_0.Papio_anubis.t=0.0413404584655883
Variable 'jFJmHjgm.tree_id_0.Theropithecus_gelada.t' was not initialized prior to being used
models.generic.SetBranchLength: jFJmHjgm.tree_id_0.Theropithecus_gelada.t=0.04140353709670953
Variable 'jFJmHjgm.tree_id_0.Node27.t' was not initialized prior to being used
models.generic.SetBranchLength: jFJmHjgm.tree_id_0.Node27.t=0.08831959662376926
Variable 'jFJmHjgm.tree_id_0.Node23.t' was not initialized prior to being used
models.generic.SetBranchLength: jFJmHjgm.tree_id_0.Node23.t=0.08941811650528551
Variable 'jFJmHjgm.tree_id_0.Macaca_mulatta.t' was not initialized prior to being used
models.generic.SetBranchLength: jFJmHjgm.tree_id_0.Macaca_mulatta.t=0
Variable 'jFJmHjgm.tree_id_0.Macaca_fascicularis.t' was not initialized prior to being used
models.generic.SetBranchLength: jFJmHjgm.tree_id_0.Macaca_fascicularis.t=1.005056352097823e-21
Variable 'jFJmHjgm.tree_id_0.Node31.t' was not initialized prior to being used
models.generic.SetBranchLength: jFJmHjgm.tree_id_0.Node31.t=0
Variable 'jFJmHjgm.tree_id_0.Macaca_nemestrina.t' was not initialized prior to being used
models.generic.SetBranchLength: jFJmHjgm.tree_id_0.Macaca_nemestrina.t=0.02191399699079713
Variable 'jFJmHjgm.tree_id_0.Node30.t' was not initialized prior to being used
models.generic.SetBranchLength: jFJmHjgm.tree_id_0.Node30.t=0.02962600037221952
Variable 'jFJmHjgm.tree_id_0.Node22.t' was not initialized prior to being used
models.generic.SetBranchLength: jFJmHjgm.tree_id_0.Node22.t=0.07911696438623078
Variable 'jFJmHjgm.tree_id_0.Chlorocebus_sabaeus.t' was not initialized prior to being used
models.generic.SetBranchLength: jFJmHjgm.tree_id_0.Chlorocebus_sabaeus.t=0.1429790690210705
Variable 'jFJmHjgm.tree_id_0.Node21.t' was not initialized prior to being used
models.generic.SetBranchLength: jFJmHjgm.tree_id_0.Node21.t=0.01591435577958876
Variable 'jFJmHjgm.tree_id_0.Rhinopithecus_roxellana.t' was not initialized prior to being used
models.generic.SetBranchLength: jFJmHjgm.tree_id_0.Rhinopithecus_roxellana.t=0.02213447835096755
Variable 'jFJmHjgm.tree_id_0.Rhinopithecus_bieti.t' was not initialized prior to being used
models.generic.SetBranchLength: jFJmHjgm.tree_id_0.Rhinopithecus_bieti.t=0
Variable 'jFJmHjgm.tree_id_0.Node38.t' was not initialized prior to being used
models.generic.SetBranchLength: jFJmHjgm.tree_id_0.Node38.t=0
Variable 'jFJmHjgm.tree_id_0.Trachypithecus_francoisi.t' was not initialized prior to being used
models.generic.SetBranchLength: jFJmHjgm.tree_id_0.Trachypithecus_francoisi.t=0.04373289450579532
Variable 'jFJmHjgm.tree_id_0.Node37.t' was not initialized prior to being used
models.generic.SetBranchLength: jFJmHjgm.tree_id_0.Node37.t=0.04793471898417384
Variable 'jFJmHjgm.tree_id_0.Piliocolobus_tephrosceles.t' was not initialized prior to being used
models.generic.SetBranchLength: jFJmHjgm.tree_id_0.Piliocolobus_tephrosceles.t=0.02301938982691066
Variable 'jFJmHjgm.tree_id_0.Colobus_angolensis.t' was not initialized prior to being used
models.generic.SetBranchLength: jFJmHjgm.tree_id_0.Colobus_angolensis.t=0
Variable 'jFJmHjgm.tree_id_0.Node42.t' was not initialized prior to being used
models.generic.SetBranchLength: jFJmHjgm.tree_id_0.Node42.t=0.02282776961776591
Variable 'jFJmHjgm.tree_id_0.Node36.t' was not initialized prior to being used
models.generic.SetBranchLength: jFJmHjgm.tree_id_0.Node36.t=0.06119809504182556
Variable 'jFJmHjgm.tree_id_0.Node20.t' was not initialized prior to being used
models.generic.SetBranchLength: jFJmHjgm.tree_id_0.Node20.t=0.2105733475031695
Variable 'jFJmHjgm.tree_id_0.Hylobates_moloch.t' was not initialized prior to being used
models.generic.SetBranchLength: jFJmHjgm.tree_id_0.Hylobates_moloch.t=0.02204755483519848
Variable 'jFJmHjgm.tree_id_0.Nomascus_leucogenys.t' was not initialized prior to being used
models.generic.SetBranchLength: jFJmHjgm.tree_id_0.Nomascus_leucogenys.t=0.07327123167406381
Variable 'jFJmHjgm.tree_id_0.Node46.t' was not initialized prior to being used
models.generic.SetBranchLength: jFJmHjgm.tree_id_0.Node46.t=0.2157556885287228
Variable 'jFJmHjgm.tree_id_0.Gorilla_gorilla.t' was not initialized prior to being used
models.generic.SetBranchLength: jFJmHjgm.tree_id_0.Gorilla_gorilla.t=0.04532347223192837
Variable 'jFJmHjgm.tree_id_0.Pan_troglodytes.t' was not initialized prior to being used
models.generic.SetBranchLength: jFJmHjgm.tree_id_0.Pan_troglodytes.t=0
Variable 'jFJmHjgm.tree_id_0.Pan_paniscus.t' was not initialized prior to being used
models.generic.SetBranchLength: jFJmHjgm.tree_id_0.Pan_paniscus.t=0
Variable 'jFJmHjgm.tree_id_0.Node53.t' was not initialized prior to being used
models.generic.SetBranchLength: jFJmHjgm.tree_id_0.Node53.t=0
Variable 'jFJmHjgm.tree_id_0.Homo_sapiens.t' was not initialized prior to being used
models.generic.SetBranchLength: jFJmHjgm.tree_id_0.Homo_sapiens.t=0.09158568017808051
Variable 'jFJmHjgm.tree_id_0.Node52.t' was not initialized prior to being used
models.generic.SetBranchLength: jFJmHjgm.tree_id_0.Node52.t=0
Variable 'jFJmHjgm.tree_id_0.Node50.t' was not initialized prior to being used
models.generic.SetBranchLength: jFJmHjgm.tree_id_0.Node50.t=0
Variable 'jFJmHjgm.tree_id_0.Pongo_abelii.t' was not initialized prior to being used
models.generic.SetBranchLength: jFJmHjgm.tree_id_0.Pongo_abelii.t=0.09153849173879612
Variable 'jFJmHjgm.tree_id_0.Node49.t' was not initialized prior to being used
models.generic.SetBranchLength: jFJmHjgm.tree_id_0.Node49.t=0
Variable 'jFJmHjgm.tree_id_0.Node45.t' was not initialized prior to being used
models.generic.SetBranchLength: jFJmHjgm.tree_id_0.Node45.t=0.2558583303123358
Variable 'jFJmHjgm.tree_id_0.Node19.t' was not initialized prior to being used
models.generic.SetBranchLength: jFJmHjgm.tree_id_0.Node19.t=0.4724716167315027
Variable 'jFJmHjgm.tree_id_0.Node9.t' was not initialized prior to being used
models.generic.SetBranchLength: jFJmHjgm.tree_id_0.Node9.t=0.5665828145124504
Variable 'jFJmHjgm.tree_id_0.Carlito_syrichta.t' was not initialized prior to being used
models.generic.SetBranchLength: jFJmHjgm.tree_id_0.Carlito_syrichta.t=1.575333360770176
Variable 'jFJmHjgm.tree_id_0.Node8.t' was not initialized prior to being used
models.generic.SetBranchLength: jFJmHjgm.tree_id_0.Node8.t=0.4186249551424707
Auto-benchmarked an optimal number (6) of threads.
Set GUI update interval to every 16-th LF evaluation.
Optimization settings:
	OPTIMIZATION_METHOD = 4
	OPTIMIZATION_PRECISION = 0.001
	MAXIMUM_ITERATIONS_PER_VARIABLE = 5000

Initial parameter values

relax.test.theta_AT = 0.127709
relax.test.theta_AC = 0.227743
relax.test.theta_CG = 0.266658
relax.reference.omega3 = 16.396
relax.reference.omega2 = 0.401731
relax.reference.bsrel_mixture_aux_1 = 0.929304
relax.test.theta_GT = 0.19728
relax.test.theta_CT = 0.866006
relax.reference.bsrel_mixture_aux_0 = 0.5538
relax.reference.omega1 = 0.552297
relax.K = 1
jFJmHjgm.tree_id_0.Otolemur_garnettii.t = 1.17482
jFJmHjgm.tree_id_0.Propithecus_coquereli.t = 0.49744
jFJmHjgm.tree_id_0.Microcebus_murinus.t = 0.561877
jFJmHjgm.tree_id_0.Node4.t = 0.097286
jFJmHjgm.tree_id_0.Prolemur_simus.t = 0.477286
jFJmHjgm.tree_id_0.Node3.t = 0.288661
jFJmHjgm.tree_id_0.Callithrix_jacchus.t = 0.317023
jFJmHjgm.tree_id_0.Aotus_nancymaae.t = 0.101883
jFJmHjgm.tree_id_0.Node11.t = 0
jFJmHjgm.tree_id_0.Saimiri_boliviensis.t = 0.43092
jFJmHjgm.tree_id_0.Cebus_imitator.t = 0.0734038
jFJmHjgm.tree_id_0.Sapajus_apella.t = 0.0776132
jFJmHjgm.tree_id_0.Node16.t = 0.248424
jFJmHjgm.tree_id_0.Node14.t = 0.073222
jFJmHjgm.tree_id_0.Node10.t = 0.761446
jFJmHjgm.tree_id_0.Mandrillus_leucophaeus.t = 0.05923
jFJmHjgm.tree_id_0.Cercocebus_atys.t = 0.0204932
jFJmHjgm.tree_id_0.Node24.t = 0.123802
jFJmHjgm.tree_id_0.Papio_anubis.t = 0.0413405
jFJmHjgm.tree_id_0.Theropithecus_gelada.t = 0.0414035
jFJmHjgm.tree_id_0.Node27.t = 0.0883196
jFJmHjgm.tree_id_0.Node23.t = 0.0894181
jFJmHjgm.tree_id_0.Macaca_mulatta.t = 0
jFJmHjgm.tree_id_0.Macaca_fascicularis.t = 1.00506e-21
jFJmHjgm.tree_id_0.Node31.t = 0
jFJmHjgm.tree_id_0.Macaca_nemestrina.t = 0.021914
jFJmHjgm.tree_id_0.Node30.t = 0.029626
jFJmHjgm.tree_id_0.Node22.t = 0.079117
jFJmHjgm.tree_id_0.Chlorocebus_sabaeus.t = 0.142979
jFJmHjgm.tree_id_0.Node21.t = 0.0159144
jFJmHjgm.tree_id_0.Rhinopithecus_roxellana.t = 0.0221345
jFJmHjgm.tree_id_0.Rhinopithecus_bieti.t = 0
jFJmHjgm.tree_id_0.Node38.t = 0
jFJmHjgm.tree_id_0.Trachypithecus_francoisi.t = 0.0437329
jFJmHjgm.tree_id_0.Node37.t = 0.0479347
jFJmHjgm.tree_id_0.Piliocolobus_tephrosceles.t = 0.0230194
jFJmHjgm.tree_id_0.Colobus_angolensis.t = 0
jFJmHjgm.tree_id_0.Node42.t = 0.0228278
jFJmHjgm.tree_id_0.Node36.t = 0.0611981
jFJmHjgm.tree_id_0.Node20.t = 0.210573
jFJmHjgm.tree_id_0.Hylobates_moloch.t = 0.0220476
jFJmHjgm.tree_id_0.Nomascus_leucogenys.t = 0.0732712
jFJmHjgm.tree_id_0.Node46.t = 0.215756
jFJmHjgm.tree_id_0.Gorilla_gorilla.t = 0.0453235
jFJmHjgm.tree_id_0.Pan_troglodytes.t = 0
jFJmHjgm.tree_id_0.Pan_paniscus.t = 0
jFJmHjgm.tree_id_0.Node53.t = 0
jFJmHjgm.tree_id_0.Homo_sapiens.t = 0.0915857
jFJmHjgm.tree_id_0.Node52.t = 0
jFJmHjgm.tree_id_0.Node50.t = 0
jFJmHjgm.tree_id_0.Pongo_abelii.t = 0.0915385
jFJmHjgm.tree_id_0.Node49.t = 0
jFJmHjgm.tree_id_0.Node45.t = 0.255858
jFJmHjgm.tree_id_0.Node19.t = 0.472472
jFJmHjgm.tree_id_0.Node9.t = 0.566583
jFJmHjgm.tree_id_0.Carlito_syrichta.t = 1.57533
jFJmHjgm.tree_id_0.Node8.t = 0.418625
Optimization finished in 25 loop passes.
6956 likelihood evaluation calls and 256221 matrix exponentiations calls were made

Variable 'oiWaZqyY.jFJmHjgm.likelihoodFunction' was not initialized prior to being used
Auto-benchmarked an optimal number (6) of threads.
Set GUI update interval to every 18-th LF evaluation.
Optimization settings:
	OPTIMIZATION_METHOD = 4
	OPTIMIZATION_PRECISION = 0.001
	MAXIMUM_ITERATIONS_PER_VARIABLE = 5000

Initial parameter values

relax.test.theta_AT = 0.12645
relax.test.theta_AC = 0.227538
relax.test.theta_CG = 0.266071
relax.reference.omega3 = 16.6518
relax.reference.omega2 = 0.592567
relax.reference.bsrel_mixture_aux_1 = 0.92427
relax.test.theta_CT = 0.863521
relax.test.theta_GT = 0.19699
relax.reference.bsrel_mixture_aux_0 = 0.595068
relax.reference.omega1 = 0.430491
jFJmHjgm.tree_id_0.Otolemur_garnettii.t = 0.391194
jFJmHjgm.tree_id_0.Propithecus_coquereli.t = 0.166614
jFJmHjgm.tree_id_0.Microcebus_murinus.t = 0.188016
jFJmHjgm.tree_id_0.Node4.t = 0.0324911
jFJmHjgm.tree_id_0.Prolemur_simus.t = 0.159519
jFJmHjgm.tree_id_0.Node3.t = 0.0964461
jFJmHjgm.tree_id_0.Callithrix_jacchus.t = 0.106087
jFJmHjgm.tree_id_0.Aotus_nancymaae.t = 0.0340438
jFJmHjgm.tree_id_0.Node11.t = 0
jFJmHjgm.tree_id_0.Saimiri_boliviensis.t = 0.150989
jFJmHjgm.tree_id_0.Cebus_imitator.t = 0.0244938
jFJmHjgm.tree_id_0.Sapajus_apella.t = 0.025969
jFJmHjgm.tree_id_0.Node16.t = 0.0838883
jFJmHjgm.tree_id_0.Node14.t = 0.0238927
jFJmHjgm.tree_id_0.Node10.t = 0.254672
jFJmHjgm.tree_id_0.Mandrillus_leucophaeus.t = 0.0197828
jFJmHjgm.tree_id_0.Cercocebus_atys.t = 0.00684447
jFJmHjgm.tree_id_0.Node24.t = 0.0413904
jFJmHjgm.tree_id_0.Papio_anubis.t = 0.0138155
jFJmHjgm.tree_id_0.Theropithecus_gelada.t = 0.0138487
jFJmHjgm.tree_id_0.Node27.t = 0.0295215
jFJmHjgm.tree_id_0.Node23.t = 0.0298435
jFJmHjgm.tree_id_0.Macaca_mulatta.t = 0
jFJmHjgm.tree_id_0.Macaca_fascicularis.t = 1.30585e-23
jFJmHjgm.tree_id_0.Node31.t = 0
jFJmHjgm.tree_id_0.Macaca_nemestrina.t = 0.00731996
jFJmHjgm.tree_id_0.Node30.t = 0.00989602
jFJmHjgm.tree_id_0.Node22.t = 0.0264649
jFJmHjgm.tree_id_0.Chlorocebus_sabaeus.t = 0.0478277
jFJmHjgm.tree_id_0.Node21.t = 0.00534723
jFJmHjgm.tree_id_0.Rhinopithecus_roxellana.t = 0.00740093
jFJmHjgm.tree_id_0.Rhinopithecus_bieti.t = 0
jFJmHjgm.tree_id_0.Node38.t = 0
jFJmHjgm.tree_id_0.Trachypithecus_francoisi.t = 0.0146179
jFJmHjgm.tree_id_0.Node37.t = 0.0160151
jFJmHjgm.tree_id_0.Piliocolobus_tephrosceles.t = 0.00769388
jFJmHjgm.tree_id_0.Colobus_angolensis.t = 0
jFJmHjgm.tree_id_0.Node42.t = 0.00762647
jFJmHjgm.tree_id_0.Node36.t = 0.0204292
jFJmHjgm.tree_id_0.Node20.t = 0.0705496
jFJmHjgm.tree_id_0.Hylobates_moloch.t = 0.00737205
jFJmHjgm.tree_id_0.Nomascus_leucogenys.t = 0.0244998
jFJmHjgm.tree_id_0.Node46.t = 0.0721941
jFJmHjgm.tree_id_0.Gorilla_gorilla.t = 0.0151521
jFJmHjgm.tree_id_0.Pan_troglodytes.t = 0
jFJmHjgm.tree_id_0.Pan_paniscus.t = 0
jFJmHjgm.tree_id_0.Node53.t = 0
jFJmHjgm.tree_id_0.Homo_sapiens.t = 0.0306418
jFJmHjgm.tree_id_0.Node52.t = 0
jFJmHjgm.tree_id_0.Node50.t = 0
jFJmHjgm.tree_id_0.Pongo_abelii.t = 0.0306281
jFJmHjgm.tree_id_0.Node49.t = 0
jFJmHjgm.tree_id_0.Node45.t = 0.0852303
jFJmHjgm.tree_id_0.Node19.t = 0.157654
jFJmHjgm.tree_id_0.Node9.t = 0.189359
jFJmHjgm.tree_id_0.Carlito_syrichta.t = 0.524326
jFJmHjgm.tree_id_0.Node8.t = 0.139497
Optimization finished in 5 loop passes.
954 likelihood evaluation calls and 40557 matrix exponentiations calls were made

Variable 'USE_JSON_FOR_MATRIX' was not initialized prior to being used