
Loaded 'libv3/all-terms.bf' from /usr/local/lib/hyphy/TemplateBatchFiles/libv3/all-terms.bf
Loaded 'libv3/UtilityFunctions.bf' from /usr/local/lib/hyphy/TemplateBatchFiles/libv3/UtilityFunctions.bf
Loaded 'IOFunctions.bf' from /usr/local/lib/hyphy/TemplateBatchFiles/libv3/IOFunctions.bf
Already loaded 'libv3/UtilityFunctions.bf' from /usr/local/lib/hyphy/TemplateBatchFiles/libv3/UtilityFunctions.bf
Loaded 'convenience/regexp.bf' from /usr/local/lib/hyphy/TemplateBatchFiles/libv3/convenience/regexp.bf
Already loaded 'libv3/all-terms.bf' from /usr/local/lib/hyphy/TemplateBatchFiles/libv3/all-terms.bf
Already loaded 'libv3/IOFunctions.bf' from /usr/local/lib/hyphy/TemplateBatchFiles/libv3/IOFunctions.bf
Loaded 'libv3/models/codon/MG_REV.bf' from /usr/local/lib/hyphy/TemplateBatchFiles/libv3/models/codon/MG_REV.bf
Loaded '../codon.bf' from /usr/local/lib/hyphy/TemplateBatchFiles/libv3/models/codon.bf
Loaded '../tasks/genetic_code.bf' from /usr/local/lib/hyphy/TemplateBatchFiles/libv3/tasks/genetic_code.bf
Loaded 'libv3/convenience/matrix.bf' from /usr/local/lib/hyphy/TemplateBatchFiles/libv3/convenience/matrix.bf
Already loaded 'libv3/UtilityFunctions.bf' from /usr/local/lib/hyphy/TemplateBatchFiles/libv3/UtilityFunctions.bf
Already loaded 'libv3/all-terms.bf' from /usr/local/lib/hyphy/TemplateBatchFiles/libv3/all-terms.bf
Already loaded '../UtilityFunctions.bf' from /usr/local/lib/hyphy/TemplateBatchFiles/libv3/UtilityFunctions.bf
Loaded '../DNA.bf' from /usr/local/lib/hyphy/TemplateBatchFiles/libv3/models/DNA.bf
Loaded 'frequencies.bf' from /usr/local/lib/hyphy/TemplateBatchFiles/libv3/models/frequencies.bf
Already loaded '../all-terms.bf' from /usr/local/lib/hyphy/TemplateBatchFiles/libv3/all-terms.bf
Loaded 'parameters.bf' from /usr/local/lib/hyphy/TemplateBatchFiles/libv3/models/parameters.bf
Loaded 'GrabBag' from /usr/local/lib/hyphy/TemplateBatchFiles/Utility/GrabBag.bf
Overwritten previously defined function:'_sortStringsAux'
Already loaded 'libv3/all-terms.bf' from /usr/local/lib/hyphy/TemplateBatchFiles/libv3/all-terms.bf
Already loaded '../UtilityFunctions.bf' from /usr/local/lib/hyphy/TemplateBatchFiles/libv3/UtilityFunctions.bf
Loaded 'model_functions.bf' from /usr/local/lib/hyphy/TemplateBatchFiles/libv3/models/model_functions.bf
Already loaded 'DNA.bf' from /usr/local/lib/hyphy/TemplateBatchFiles/libv3/models/DNA.bf
Already loaded 'parameters.bf' from /usr/local/lib/hyphy/TemplateBatchFiles/libv3/models/parameters.bf
Already loaded 'frequencies.bf' from /usr/local/lib/hyphy/TemplateBatchFiles/libv3/models/frequencies.bf
Already loaded '../UtilityFunctions.bf' from /usr/local/lib/hyphy/TemplateBatchFiles/libv3/UtilityFunctions.bf
Already loaded '../convenience/regexp.bf' from /usr/local/lib/hyphy/TemplateBatchFiles/libv3/convenience/regexp.bf
Already loaded 'libv3/all-terms.bf' from /usr/local/lib/hyphy/TemplateBatchFiles/libv3/all-terms.bf
Already loaded '../parameters.bf' from /usr/local/lib/hyphy/TemplateBatchFiles/libv3/models/parameters.bf
Already loaded '../frequencies.bf' from /usr/local/lib/hyphy/TemplateBatchFiles/libv3/models/frequencies.bf
Already loaded '../../UtilityFunctions.bf' from /usr/local/lib/hyphy/TemplateBatchFiles/libv3/UtilityFunctions.bf
Loaded 'libv3/tasks/estimators.bf' from /usr/local/lib/hyphy/TemplateBatchFiles/libv3/tasks/estimators.bf
Already loaded '../models/model_functions.bf' from /usr/local/lib/hyphy/TemplateBatchFiles/libv3/models/model_functions.bf
Loaded '../models/DNA/GTR.bf' from /usr/local/lib/hyphy/TemplateBatchFiles/libv3/models/DNA/GTR.bf
Already loaded '../DNA.bf' from /usr/local/lib/hyphy/TemplateBatchFiles/libv3/models/DNA.bf
Already loaded '../parameters.bf' from /usr/local/lib/hyphy/TemplateBatchFiles/libv3/models/parameters.bf
Already loaded '../frequencies.bf' from /usr/local/lib/hyphy/TemplateBatchFiles/libv3/models/frequencies.bf
Already loaded '../../UtilityFunctions.bf' from /usr/local/lib/hyphy/TemplateBatchFiles/libv3/UtilityFunctions.bf
Already loaded 'libv3/all-terms.bf' from /usr/local/lib/hyphy/TemplateBatchFiles/libv3/all-terms.bf
Already loaded '../convenience/regexp.bf' from /usr/local/lib/hyphy/TemplateBatchFiles/libv3/convenience/regexp.bf
Already loaded 'libv3/all-terms.bf' from /usr/local/lib/hyphy/TemplateBatchFiles/libv3/all-terms.bf
Loaded 'libv3/tasks/alignments.bf' from /usr/local/lib/hyphy/TemplateBatchFiles/libv3/tasks/alignments.bf
Already loaded '../IOFunctions.bf' from /usr/local/lib/hyphy/TemplateBatchFiles/libv3/IOFunctions.bf
Already loaded '../all-terms.bf' from /usr/local/lib/hyphy/TemplateBatchFiles/libv3/all-terms.bf
Loaded 'libv3/tasks/trees.bf' from /usr/local/lib/hyphy/TemplateBatchFiles/libv3/tasks/trees.bf
Already loaded '../IOFunctions.bf' from /usr/local/lib/hyphy/TemplateBatchFiles/libv3/IOFunctions.bf
Already loaded '../all-terms.bf' from /usr/local/lib/hyphy/TemplateBatchFiles/libv3/all-terms.bf
Already loaded '../convenience/regexp.bf' from /usr/local/lib/hyphy/TemplateBatchFiles/libv3/convenience/regexp.bf
Already loaded '../UtilityFunctions.bf' from /usr/local/lib/hyphy/TemplateBatchFiles/libv3/UtilityFunctions.bf
Loaded 'TreeTools' from /usr/local/lib/hyphy/TemplateBatchFiles/TreeTools.ibf
Loaded 'modules/io_functions.ibf' from /usr/local/lib/hyphy/TemplateBatchFiles/SelectionAnalyses/modules/io_functions.ibf
Already loaded 'libv3/UtilityFunctions.bf' from /usr/local/lib/hyphy/TemplateBatchFiles/libv3/UtilityFunctions.bf
Already loaded 'libv3/IOFunctions.bf' from /usr/local/lib/hyphy/TemplateBatchFiles/libv3/IOFunctions.bf
Already loaded 'libv3/convenience/regexp.bf' from /usr/local/lib/hyphy/TemplateBatchFiles/libv3/convenience/regexp.bf
Already loaded 'libv3/all-terms.bf' from /usr/local/lib/hyphy/TemplateBatchFiles/libv3/all-terms.bf
Loaded 'modules/selection_lib.ibf' from /usr/local/lib/hyphy/TemplateBatchFiles/SelectionAnalyses/modules/selection_lib.ibf
Loaded 'libv3/models/codon/BS_REL.bf' from /usr/local/lib/hyphy/TemplateBatchFiles/libv3/models/codon/BS_REL.bf
Already loaded '../codon.bf' from /usr/local/lib/hyphy/TemplateBatchFiles/libv3/models/codon.bf
Already loaded '../DNA.bf' from /usr/local/lib/hyphy/TemplateBatchFiles/libv3/models/DNA.bf
Already loaded '../parameters.bf' from /usr/local/lib/hyphy/TemplateBatchFiles/libv3/models/parameters.bf
Already loaded '../frequencies.bf' from /usr/local/lib/hyphy/TemplateBatchFiles/libv3/models/frequencies.bf
Already loaded '../../UtilityFunctions.bf' from /usr/local/lib/hyphy/TemplateBatchFiles/libv3/UtilityFunctions.bf
Already loaded 'MG_REV.bf' from /usr/local/lib/hyphy/TemplateBatchFiles/libv3/models/codon/MG_REV.bf
Loaded '../../convenience/math.bf' from /usr/local/lib/hyphy/TemplateBatchFiles/libv3/convenience/math.bf
Already loaded 'libv3/UtilityFunctions.bf' from /usr/local/lib/hyphy/TemplateBatchFiles/libv3/UtilityFunctions.bf
Already loaded 'libv3/convenience/math.bf' from /usr/local/lib/hyphy/TemplateBatchFiles/libv3/convenience/math.bf
Loaded 'libv3/tasks/mpi.bf' from /usr/local/lib/hyphy/TemplateBatchFiles/libv3/tasks/mpi.bf
Already loaded '../all-terms.bf' from /usr/local/lib/hyphy/TemplateBatchFiles/libv3/all-terms.bf
Already loaded '../models/parameters.bf' from /usr/local/lib/hyphy/TemplateBatchFiles/libv3/models/parameters.bf
Variable 'NORMALIZE_SEQUENCE_NAMES' was not initialized prior to being used
Variable 'ASSUME_REVERSIBLE_MODELS' was not initialized prior to being used
Loaded 'modules/shared-load-file.bf' from /usr/local/lib/hyphy/TemplateBatchFiles/SelectionAnalyses/modules/shared-load-file.bf
Variable 'MARKDOWN_OUTPUT' was not initialized prior to being used
Already loaded 'libv3/convenience/matrix.bf' from /usr/local/lib/hyphy/TemplateBatchFiles/libv3/convenience/matrix.bf
Already loaded 'libv3/UtilityFunctions.bf' from /usr/local/lib/hyphy/TemplateBatchFiles/libv3/UtilityFunctions.bf
Variable 'kkQLMmCz.skipCodeSelectionStep' was not initialized prior to being used
Row and/or column partition is empty. All the data will be used by default.
Variable 'NEXUS_FILE_TREE_MATRIX' was not initialized prior to being used
Variable 'utility.ToggleEnvVariable.cache' was not initialized prior to being used
Variable 'TREE_NODE_NAME_MAPPING' was not initialized prior to being used
Variable 'ywWGLoyg.PROMPT_FOR_FILE' was not initialized prior to being used
Variable 'END_OF_FILE' was not initialized prior to being used
Variable '_DO_TREE_REBALANCE_' was not initialized prior to being used
Variable '_KEEP_I_LABELS_' was not initialized prior to being used
Rooted topology. Removing one branch - the right root child has been promoted to be the new root
Variable 'INCLUDE_MODEL_SPECS' was not initialized prior to being used
Variable 'utility.ForEachPair.warn_non_rentrant' was not initialized prior to being used
Row and/or column partition is empty. All the data will be used by default.
Row and/or column partition is empty. All the data will be used by default.
Loaded 'modules/grid_compute.ibf' from /usr/local/lib/hyphy/TemplateBatchFiles/SelectionAnalyses/modules/grid_compute.ibf
Variable 'TsNSrTZf.cache' was not initialized prior to being used
Row and/or column partition is empty. All the data will be used by default.
Variable 'COUNT_GAPS_IN_FREQUENCIES' was not initialized prior to being used
Variable 'opoqdEGa.model_pi' was not initialized prior to being used
Model opoqdEGa.model assigned to Coturnix_japonica
Model opoqdEGa.model assigned to Oxyura_jamaicensis
Model opoqdEGa.model assigned to Cygnus_atratus
Model opoqdEGa.model assigned to Anser_cygnoides
Model opoqdEGa.model assigned to Node5
Model opoqdEGa.model assigned to Node3
Model opoqdEGa.model assigned to Aythya_fuligula
Model opoqdEGa.model assigned to Anas_platyrhynchos
Model opoqdEGa.model assigned to Node8
The tips of the tree:opoqdEGa.tree_0 were matched with the species names from the data in the following numeric order (0-based) {0,2,1,3,4,5}

Pseudo-optimal path's cost 192 vs 270 for 1..k=> a 1.40625 x improvement
Partition 0 is ASSUMED to have a reversible model
Variable 'USE_LAST_RESULTS' was not initialized prior to being used
Variable 'opoqdEGa.tree_0.Coturnix_japonica.t' was not initialized prior to being used
models.generic.SetBranchLength: opoqdEGa.tree_0.Coturnix_japonica.t=213.1279136670512
Variable 'opoqdEGa.tree_0.Oxyura_jamaicensis.t' was not initialized prior to being used
models.generic.SetBranchLength: opoqdEGa.tree_0.Oxyura_jamaicensis.t=75.1605630247453
Variable 'opoqdEGa.tree_0.Cygnus_atratus.t' was not initialized prior to being used
models.generic.SetBranchLength: opoqdEGa.tree_0.Cygnus_atratus.t=54.05422465145818
Variable 'opoqdEGa.tree_0.Anser_cygnoides.t' was not initialized prior to being used
models.generic.SetBranchLength: opoqdEGa.tree_0.Anser_cygnoides.t=54.05422465145818
Variable 'opoqdEGa.tree_0.Node5.t' was not initialized prior to being used
models.generic.SetBranchLength: opoqdEGa.tree_0.Node5.t=21.10633837328712
Variable 'opoqdEGa.tree_0.Node3.t' was not initialized prior to being used
models.generic.SetBranchLength: opoqdEGa.tree_0.Node3.t=5.683324836782933
Variable 'opoqdEGa.tree_0.Aythya_fuligula.t' was not initialized prior to being used
models.generic.SetBranchLength: opoqdEGa.tree_0.Aythya_fuligula.t=41.21003174044672
Variable 'opoqdEGa.tree_0.Anas_platyrhynchos.t' was not initialized prior to being used
models.generic.SetBranchLength: opoqdEGa.tree_0.Anas_platyrhynchos.t=41.21003174044672
Variable 'opoqdEGa.tree_0.Node8.t' was not initialized prior to being used
models.generic.SetBranchLength: opoqdEGa.tree_0.Node8.t=39.63385614773735
Variable 'opoqdEGa.opoqdEGa.likelihoodFunction' was not initialized prior to being used
Variable 'SAVE_OPT_STATUS_TO' was not initialized prior to being used
Auto-benchmarked an optimal number (1) of threads.
Set GUI update interval to every 9090-th LF evaluation.
Optimization settings:
	OPTIMIZATION_METHOD = 4
	OPTIMIZATION_PRECISION = 0.001
	MAXIMUM_ITERATIONS_PER_VARIABLE = 5000

Initial parameter values

opoqdEGa.model.theta_CT = 1
opoqdEGa.model.theta_GT = 0.25
opoqdEGa.model.theta_CG = 0.25
opoqdEGa.model.theta_AC = 0.25
opoqdEGa.model.theta_AT = 0.25
opoqdEGa.tree_0.Coturnix_japonica.t = 213.128
opoqdEGa.tree_0.Oxyura_jamaicensis.t = 75.1606
opoqdEGa.tree_0.Cygnus_atratus.t = 54.0542
opoqdEGa.tree_0.Anser_cygnoides.t = 54.0542
opoqdEGa.tree_0.Node5.t = 21.1063
opoqdEGa.tree_0.Node3.t = 5.68332
opoqdEGa.tree_0.Aythya_fuligula.t = 41.21
opoqdEGa.tree_0.Anas_platyrhynchos.t = 41.21
opoqdEGa.tree_0.Node8.t = 39.6339
Site 27 evaluated to a 0 probability in ComputeLLWithBranchCache
Optimization finished in 30 loop passes.
1337 likelihood evaluation calls and 7186 matrix exponentiations calls were made

Variable 'BRANCH_LENGTH_STENCIL' was not initialized prior to being used
Variable 'opoqdEGa.option' was not initialized prior to being used
Variable 'relax.terms.json.nucleotide_gtr' was not initialized prior to being used
Variable 'Unknown' was not initialized prior to being used
Variable 'rFkSyUMR.initial_value' was not initialized prior to being used
Variable 'uHhfUDob.data_filter' was not initialized prior to being used
Row and/or column partition is empty. All the data will be used by default.
Auto-benchmarked an optimal number (3) of threads.
Set GUI update interval to every 3333-th LF evaluation.
Optimization settings:
	OPTIMIZATION_METHOD = 4
	OPTIMIZATION_PRECISION = 0.001
	MAXIMUM_ITERATIONS_PER_VARIABLE = 5000

Initial parameter values

frequencies._aux.CF3x4.p0_0 = 0.284821
frequencies._aux.CF3x4.p0_1 = 0.363296
frequencies._aux.CF3x4.p0_2 = 0.628105
frequencies._aux.CF3x4.p1_0 = 0.320536
frequencies._aux.CF3x4.p1_1 = 0.284275
frequencies._aux.CF3x4.p1_2 = 0.409425
frequencies._aux.CF3x4.p2_0 = 0.223214
frequencies._aux.CF3x4.p2_1 = 0.308812
frequencies._aux.CF3x4.p2_2 = 0.513304
Optimization finished in 7 loop passes.
261 likelihood evaluation calls and 0 matrix exponentiations calls were made

Variable 'uHhfUDob.model_MGREV_pi' was not initialized prior to being used
Model uHhfUDob.model_MGREV assigned to Coturnix_japonica
Model uHhfUDob.model_MGREV assigned to Oxyura_jamaicensis
Model uHhfUDob.model_MGREV assigned to Cygnus_atratus
Model uHhfUDob.model_MGREV assigned to Anser_cygnoides
Model uHhfUDob.model_MGREV assigned to Node5
Model uHhfUDob.model_MGREV assigned to Node3
Model uHhfUDob.model_MGREV assigned to Aythya_fuligula
Model uHhfUDob.model_MGREV assigned to Anas_platyrhynchos
Model uHhfUDob.model_MGREV assigned to Node8
The tips of the tree:uHhfUDob.tree_0 were matched with the species names from the data in the following numeric order (0-based) {0,2,1,3,4,5}

Pseudo-optimal path's cost 697 vs 901 for 1..k=> a 1.29268 x improvement
Partition 0 is ASSUMED to have a reversible model
Variable 'uHhfUDob.uHhfUDob.likelihoodFunction' was not initialized prior to being used
Variable 'uHhfUDob.tree_0.Coturnix_japonica.alpha' was not initialized prior to being used
Variable 'uHhfUDob.tree_0.Oxyura_jamaicensis.alpha' was not initialized prior to being used
Variable 'uHhfUDob.tree_0.Cygnus_atratus.alpha' was not initialized prior to being used
Variable 'uHhfUDob.tree_0.Anser_cygnoides.alpha' was not initialized prior to being used
Variable 'uHhfUDob.tree_0.Node5.alpha' was not initialized prior to being used
Variable 'uHhfUDob.tree_0.Node3.alpha' was not initialized prior to being used
Variable 'uHhfUDob.tree_0.Aythya_fuligula.alpha' was not initialized prior to being used
Variable 'uHhfUDob.tree_0.Anas_platyrhynchos.alpha' was not initialized prior to being used
Variable 'uHhfUDob.tree_0.Node8.alpha' was not initialized prior to being used
Site 2 evaluated to a 0 probability in ComputeTreeBlockByBranch
Site 84 evaluated to a 0 probability in ComputeTreeBlockByBranch
Site 2 evaluated to a 0 probability in ComputeTreeBlockByBranch
Site 87 evaluated to a 0 probability in ComputeTreeBlockByBranch
Site 70 evaluated to a 0 probability in ComputeTreeBlockByBranch
Site 2 evaluated to a 0 probability in ComputeTreeBlockByBranch
Auto-benchmarked an optimal number (2) of threads.
Set GUI update interval to every 645-th LF evaluation.
Initial guess for uHhfUDob.tree_0.Node3.alpha is -7.61146e-07
Initial guess for uHhfUDob.tree_0.Oxyura_jamaicensis.alpha is 0.000274097
Initial guess for uHhfUDob.tree_0.Node5.alpha is 9.44864e-06
Initial guess for uHhfUDob.tree_0.Cygnus_atratus.alpha is 2.45668e-05
Initial guess for uHhfUDob.tree_0.Anser_cygnoides.alpha is 3.76034e-06
Initial guess for uHhfUDob.tree_0.Node8.alpha is 2.28088e-05
Initial guess for uHhfUDob.tree_0.Aythya_fuligula.alpha is 1.13571e-05
Initial guess for uHhfUDob.tree_0.Anas_platyrhynchos.alpha is 7.54923e-06
Optimization settings:
	OPTIMIZATION_METHOD = 4
	OPTIMIZATION_PRECISION = 0.001
	MAXIMUM_ITERATIONS_PER_VARIABLE = 5000

Initial parameter values

uHhfUDob.model_MGREV.theta_GT = 1
uHhfUDob.model_MGREV.theta_CT = 1
uHhfUDob.model_MGREV.theta_AC = 1
uHhfUDob.model_MGREV.theta_CG = 1
uHhfUDob.model_MGREV.theta_AT = 1
uHhfUDob.model_MGREV.omega_0 = 1
uHhfUDob.tree_0.Coturnix_japonica.alpha = 0.1
uHhfUDob.tree_0.Oxyura_jamaicensis.alpha = 0.000274097
uHhfUDob.tree_0.Cygnus_atratus.alpha = 2.45668e-05
uHhfUDob.tree_0.Anser_cygnoides.alpha = 3.76034e-06
uHhfUDob.tree_0.Node5.alpha = 9.44864e-06
uHhfUDob.tree_0.Node3.alpha = 0
uHhfUDob.tree_0.Aythya_fuligula.alpha = 1.13571e-05
uHhfUDob.tree_0.Anas_platyrhynchos.alpha = 7.54923e-06
uHhfUDob.tree_0.Node8.alpha = 2.28088e-05
uHhfUDob.model_MGREV.omega_1 = 1
Failing bound checks on uHhfUDob.tree_0.Node3.beta =         10000.76256504542
Optimization finished in 24 loop passes.
1678 likelihood evaluation calls and 7999 matrix exponentiations calls were made

Row and/or column partition is empty. All the data will be used by default.
Auto-benchmarked an optimal number (2) of threads.
Set GUI update interval to every 4347-th LF evaluation.
Optimization settings:
	OPTIMIZATION_METHOD = 4
	OPTIMIZATION_PRECISION = 0.001
	MAXIMUM_ITERATIONS_PER_VARIABLE = 5000

Initial parameter values

frequencies._aux.CF3x4.p0_0 = 0.284821
frequencies._aux.CF3x4.p0_1 = 0.363296
frequencies._aux.CF3x4.p0_2 = 0.628105
frequencies._aux.CF3x4.p1_0 = 0.320536
frequencies._aux.CF3x4.p1_1 = 0.284275
frequencies._aux.CF3x4.p1_2 = 0.409425
frequencies._aux.CF3x4.p2_0 = 0.223214
frequencies._aux.CF3x4.p2_1 = 0.308812
frequencies._aux.CF3x4.p2_2 = 0.513304
Optimization finished in 7 loop passes.
260 likelihood evaluation calls and 0 matrix exponentiations calls were made

Variable 'uHhfUDob.model_MGREV_pi' was not initialized prior to being used
Model uHhfUDob.model_MGREV assigned to Coturnix_japonica
Model uHhfUDob.model_MGREV assigned to Oxyura_jamaicensis
Model uHhfUDob.model_MGREV assigned to Cygnus_atratus
Model uHhfUDob.model_MGREV assigned to Anser_cygnoides
Model uHhfUDob.model_MGREV assigned to Node5
Model uHhfUDob.model_MGREV assigned to Node3
Model uHhfUDob.model_MGREV assigned to Aythya_fuligula
Model uHhfUDob.model_MGREV assigned to Anas_platyrhynchos
Model uHhfUDob.model_MGREV assigned to Node8
The tips of the tree:uHhfUDob.tree_0 were matched with the species names from the data in the following numeric order (0-based) {0,2,1,3,4,5}

Pseudo-optimal path's cost 697 vs 901 for 1..k=> a 1.29268 x improvement
Partition 0 is ASSUMED to have a reversible model
Variable 'uHhfUDob.tree_0.Aythya_fuligula.alpha' was not initialized prior to being used
Variable 'uHhfUDob.tree_0.Node3.alpha' was not initialized prior to being used
Variable 'uHhfUDob.tree_0.Anas_platyrhynchos.alpha' was not initialized prior to being used
Variable 'uHhfUDob.tree_0.Node5.alpha' was not initialized prior to being used
Variable 'uHhfUDob.tree_0.Anser_cygnoides.alpha' was not initialized prior to being used
Variable 'uHhfUDob.tree_0.Cygnus_atratus.alpha' was not initialized prior to being used
Variable 'uHhfUDob.tree_0.Coturnix_japonica.alpha' was not initialized prior to being used
Variable 'uHhfUDob.tree_0.Oxyura_jamaicensis.alpha' was not initialized prior to being used
Variable 'uHhfUDob.tree_0.Node8.alpha' was not initialized prior to being used
Site 2 evaluated to a 0 probability in ComputeTreeBlockByBranch
Site 84 evaluated to a 0 probability in ComputeTreeBlockByBranch
Site 2 evaluated to a 0 probability in ComputeTreeBlockByBranch
Site 70 evaluated to a 0 probability in ComputeTreeBlockByBranch
Site 87 evaluated to a 0 probability in ComputeTreeBlockByBranch
Site 2 evaluated to a 0 probability in ComputeTreeBlockByBranch
Auto-benchmarked an optimal number (2) of threads.
Set GUI update interval to every 683-th LF evaluation.
Initial guess for uHhfUDob.tree_0.Node3.alpha is -7.61146e-07
Initial guess for uHhfUDob.tree_0.Oxyura_jamaicensis.alpha is 0.000274097
Initial guess for uHhfUDob.tree_0.Node5.alpha is 9.44864e-06
Initial guess for uHhfUDob.tree_0.Cygnus_atratus.alpha is 2.45668e-05
Initial guess for uHhfUDob.tree_0.Anser_cygnoides.alpha is 3.76034e-06
Initial guess for uHhfUDob.tree_0.Node8.alpha is 2.28088e-05
Initial guess for uHhfUDob.tree_0.Aythya_fuligula.alpha is 1.13571e-05
Initial guess for uHhfUDob.tree_0.Anas_platyrhynchos.alpha is 7.54923e-06
Optimization settings:
	OPTIMIZATION_METHOD = 4
	OPTIMIZATION_PRECISION = 0.001
	MAXIMUM_ITERATIONS_PER_VARIABLE = 5000

Initial parameter values

uHhfUDob.model_MGREV.theta_CG = 1
uHhfUDob.model_MGREV.theta_CT = 1
uHhfUDob.model_MGREV.theta_GT = 1
uHhfUDob.model_MGREV.theta_AT = 1
uHhfUDob.model_MGREV.theta_AC = 1
uHhfUDob.model_MGREV.omega_0 = 1
uHhfUDob.tree_0.Coturnix_japonica.alpha = 0.1
uHhfUDob.tree_0.Oxyura_jamaicensis.alpha = 0.000274097
uHhfUDob.tree_0.Cygnus_atratus.alpha = 2.45668e-05
uHhfUDob.tree_0.Anser_cygnoides.alpha = 3.76034e-06
uHhfUDob.tree_0.Node5.alpha = 9.44864e-06
uHhfUDob.tree_0.Node3.alpha = 0
uHhfUDob.tree_0.Aythya_fuligula.alpha = 1.13571e-05
uHhfUDob.tree_0.Anas_platyrhynchos.alpha = 7.54923e-06
uHhfUDob.tree_0.Node8.alpha = 2.28088e-05
uHhfUDob.model_MGREV.omega_1 = 1
Failing bound checks on uHhfUDob.tree_0.Node3.beta =         10000.76256504542
Optimization finished in 26 loop passes.
1858 likelihood evaluation calls and 8849 matrix exponentiations calls were made

Overwritten previously defined function:'zJIxOtne.rate_generator'
Overwritten previously defined function:'zJIxOtne.rate_generator'
Auto-benchmarked an optimal number (3) of threads.
Set GUI update interval to every 3030-th LF evaluation.
Optimization settings:
	OPTIMIZATION_METHOD = 4
	OPTIMIZATION_PRECISION = 0.001
	MAXIMUM_ITERATIONS_PER_VARIABLE = 5000

Initial parameter values

frequencies._aux.CF3x4.p0_0 = 0.284821
frequencies._aux.CF3x4.p0_1 = 0.363296
frequencies._aux.CF3x4.p0_2 = 0.628105
frequencies._aux.CF3x4.p1_0 = 0.320536
frequencies._aux.CF3x4.p1_1 = 0.284275
frequencies._aux.CF3x4.p1_2 = 0.409425
frequencies._aux.CF3x4.p2_0 = 0.223214
frequencies._aux.CF3x4.p2_1 = 0.308812
frequencies._aux.CF3x4.p2_2 = 0.513304
Optimization finished in 7 loop passes.
261 likelihood evaluation calls and 0 matrix exponentiations calls were made

Variable 'relax.test_pi' was not initialized prior to being used
Overwritten previously defined function:'zJIxOtne.rate_generator'
Overwritten previously defined function:'zJIxOtne.rate_generator'
Overwritten previously defined function:'zJIxOtne.rate_generator'
Auto-benchmarked an optimal number (4) of threads.
Set GUI update interval to every 3597-th LF evaluation.
Optimization settings:
	OPTIMIZATION_METHOD = 4
	OPTIMIZATION_PRECISION = 0.001
	MAXIMUM_ITERATIONS_PER_VARIABLE = 5000

Initial parameter values

frequencies._aux.CF3x4.p0_0 = 0.284821
frequencies._aux.CF3x4.p0_1 = 0.363296
frequencies._aux.CF3x4.p0_2 = 0.628105
frequencies._aux.CF3x4.p1_0 = 0.320536
frequencies._aux.CF3x4.p1_1 = 0.284275
frequencies._aux.CF3x4.p1_2 = 0.409425
frequencies._aux.CF3x4.p2_0 = 0.223214
frequencies._aux.CF3x4.p2_1 = 0.308812
frequencies._aux.CF3x4.p2_2 = 0.513304
Optimization finished in 7 loop passes.
262 likelihood evaluation calls and 0 matrix exponentiations calls were made

Variable 'relax.reference_pi' was not initialized prior to being used
No nodel was assigned to Coturnix_japonica
No nodel was assigned to Oxyura_jamaicensis
No nodel was assigned to Cygnus_atratus
No nodel was assigned to Anser_cygnoides
No nodel was assigned to Node5
No nodel was assigned to Node3
No nodel was assigned to Aythya_fuligula
No nodel was assigned to Anas_platyrhynchos
No nodel was assigned to Node8
The tips of the tree:yZkZzziq.tree_id_0 were matched with the species names from the data in the following numeric order (0-based) {0,2,1,3,4,5}

Pseudo-optimal path's cost 697 vs 901 for 1..k=> a 1.29268 x improvement
Partition 0 is ASSUMED to have a reversible model
relax.reference.theta_AC was already constrained in estimators.SetGlobals2
relax.reference.theta_AG was already constrained in estimators.SetGlobals2
relax.reference.theta_AT was already constrained in estimators.SetGlobals2
relax.reference.theta_CG was already constrained in estimators.SetGlobals2
relax.reference.theta_CT was already constrained in estimators.SetGlobals2
relax.reference.theta_GT was already constrained in estimators.SetGlobals2
relax.test.theta_AG was already constrained in estimators.SetGlobals2
Variable 'yZkZzziq.tree_id_0.Coturnix_japonica.t' was not initialized prior to being used
models.generic.SetBranchLength: yZkZzziq.tree_id_0.Coturnix_japonica.t=1.842531758037594
Variable 'yZkZzziq.tree_id_0.Oxyura_jamaicensis.t' was not initialized prior to being used
models.generic.SetBranchLength: yZkZzziq.tree_id_0.Oxyura_jamaicensis.t=0.1558309113500843
Variable 'yZkZzziq.tree_id_0.Cygnus_atratus.t' was not initialized prior to being used
models.generic.SetBranchLength: yZkZzziq.tree_id_0.Cygnus_atratus.t=0.02120978524523921
Variable 'yZkZzziq.tree_id_0.Anser_cygnoides.t' was not initialized prior to being used
models.generic.SetBranchLength: yZkZzziq.tree_id_0.Anser_cygnoides.t=0.06445472340171232
Variable 'yZkZzziq.tree_id_0.Node5.t' was not initialized prior to being used
models.generic.SetBranchLength: yZkZzziq.tree_id_0.Node5.t=0.03700785971053448
Variable 'yZkZzziq.tree_id_0.Node3.t' was not initialized prior to being used
models.generic.SetBranchLength: yZkZzziq.tree_id_0.Node3.t=0.0404014230126989
Variable 'yZkZzziq.tree_id_0.Aythya_fuligula.t' was not initialized prior to being used
models.generic.SetBranchLength: yZkZzziq.tree_id_0.Aythya_fuligula.t=0.04227716108167351
Variable 'yZkZzziq.tree_id_0.Anas_platyrhynchos.t' was not initialized prior to being used
models.generic.SetBranchLength: yZkZzziq.tree_id_0.Anas_platyrhynchos.t=0.06415258427434459
Variable 'yZkZzziq.tree_id_0.Node8.t' was not initialized prior to being used
models.generic.SetBranchLength: yZkZzziq.tree_id_0.Node8.t=0.09575130363539547
Variable 'yZkZzziq.yZkZzziq.likelihoodFunction' was not initialized prior to being used
Auto-benchmarked an optimal number (2) of threads.
Set GUI update interval to every 90-th LF evaluation.
Optimization settings:
	OPTIMIZATION_METHOD = 4
	OPTIMIZATION_PRECISION = 0.001
	MAXIMUM_ITERATIONS_PER_VARIABLE = 5000

Initial parameter values

relax.reference.omega3 = 7.27482
relax.reference.omega2 = 0.4601
relax.reference.bsrel_mixture_aux_0 = 0.45
relax.test.theta_GT = 0.206552
relax.reference.omega1 = 0.145496
relax.reference.bsrel_mixture_aux_1 = 0.818182
relax.test.theta_CT = 1.09839
relax.test.theta_AC = 0.0740968
relax.test.theta_AT = 0.249277
relax.test.theta_CG = 0.265114
relax.K = 1
yZkZzziq.tree_id_0.Coturnix_japonica.t = 1.84253
yZkZzziq.tree_id_0.Oxyura_jamaicensis.t = 0.155831
yZkZzziq.tree_id_0.Cygnus_atratus.t = 0.0212098
yZkZzziq.tree_id_0.Anser_cygnoides.t = 0.0644547
yZkZzziq.tree_id_0.Node5.t = 0.0370079
yZkZzziq.tree_id_0.Node3.t = 0.0404014
yZkZzziq.tree_id_0.Aythya_fuligula.t = 0.0422772
yZkZzziq.tree_id_0.Anas_platyrhynchos.t = 0.0641526
yZkZzziq.tree_id_0.Node8.t = 0.0957513
Optimization finished in 20 loop passes.
1612 likelihood evaluation calls and 27708 matrix exponentiations calls were made

Variable 'MPI_NODE_COUNT' was not initialized prior to being used
Variable 'MLtEJNTL.yZkZzziq.likelihoodFunction' was not initialized prior to being used
Auto-benchmarked an optimal number (3) of threads.
Set GUI update interval to every 106-th LF evaluation.
Optimization settings:
	OPTIMIZATION_METHOD = 4
	OPTIMIZATION_PRECISION = 0.001
	MAXIMUM_ITERATIONS_PER_VARIABLE = 5000

Initial parameter values

relax.reference.omega3 = 2.68275
relax.reference.omega2 = 0.272263
relax.reference.bsrel_mixture_aux_0 = 0.364532
relax.test.theta_GT = 0.206249
relax.reference.omega1 = 0.213196
relax.reference.bsrel_mixture_aux_1 = 1
relax.test.theta_CT = 1.09824
relax.test.theta_AC = 0.0739035
relax.test.theta_AT = 0.248943
relax.test.theta_CG = 0.26485
yZkZzziq.tree_id_0.Coturnix_japonica.t = 0.757037
yZkZzziq.tree_id_0.Oxyura_jamaicensis.t = 0.108506
yZkZzziq.tree_id_0.Cygnus_atratus.t = 0.0147746
yZkZzziq.tree_id_0.Anser_cygnoides.t = 0.0448836
yZkZzziq.tree_id_0.Node5.t = 0.025745
yZkZzziq.tree_id_0.Node3.t = 0.0281102
yZkZzziq.tree_id_0.Aythya_fuligula.t = 0.0294293
yZkZzziq.tree_id_0.Anas_platyrhynchos.t = 0.0446633
yZkZzziq.tree_id_0.Node8.t = 0.0667063
Optimization finished in 150 loop passes.
9625 likelihood evaluation calls and 198138 matrix exponentiations calls were made

Variable 'USE_JSON_FOR_MATRIX' was not initialized prior to being used