
Loaded 'libv3/all-terms.bf' from /usr/local/lib/hyphy/TemplateBatchFiles/libv3/all-terms.bf
Loaded 'libv3/UtilityFunctions.bf' from /usr/local/lib/hyphy/TemplateBatchFiles/libv3/UtilityFunctions.bf
Loaded 'IOFunctions.bf' from /usr/local/lib/hyphy/TemplateBatchFiles/libv3/IOFunctions.bf
Already loaded 'libv3/UtilityFunctions.bf' from /usr/local/lib/hyphy/TemplateBatchFiles/libv3/UtilityFunctions.bf
Loaded 'convenience/regexp.bf' from /usr/local/lib/hyphy/TemplateBatchFiles/libv3/convenience/regexp.bf
Already loaded 'libv3/all-terms.bf' from /usr/local/lib/hyphy/TemplateBatchFiles/libv3/all-terms.bf
Already loaded 'libv3/IOFunctions.bf' from /usr/local/lib/hyphy/TemplateBatchFiles/libv3/IOFunctions.bf
Loaded 'libv3/models/codon/MG_REV.bf' from /usr/local/lib/hyphy/TemplateBatchFiles/libv3/models/codon/MG_REV.bf
Loaded '../codon.bf' from /usr/local/lib/hyphy/TemplateBatchFiles/libv3/models/codon.bf
Loaded '../tasks/genetic_code.bf' from /usr/local/lib/hyphy/TemplateBatchFiles/libv3/tasks/genetic_code.bf
Loaded 'libv3/convenience/matrix.bf' from /usr/local/lib/hyphy/TemplateBatchFiles/libv3/convenience/matrix.bf
Already loaded 'libv3/UtilityFunctions.bf' from /usr/local/lib/hyphy/TemplateBatchFiles/libv3/UtilityFunctions.bf
Already loaded 'libv3/all-terms.bf' from /usr/local/lib/hyphy/TemplateBatchFiles/libv3/all-terms.bf
Already loaded '../UtilityFunctions.bf' from /usr/local/lib/hyphy/TemplateBatchFiles/libv3/UtilityFunctions.bf
Loaded '../DNA.bf' from /usr/local/lib/hyphy/TemplateBatchFiles/libv3/models/DNA.bf
Loaded 'frequencies.bf' from /usr/local/lib/hyphy/TemplateBatchFiles/libv3/models/frequencies.bf
Already loaded '../all-terms.bf' from /usr/local/lib/hyphy/TemplateBatchFiles/libv3/all-terms.bf
Loaded 'parameters.bf' from /usr/local/lib/hyphy/TemplateBatchFiles/libv3/models/parameters.bf
Loaded 'GrabBag' from /usr/local/lib/hyphy/TemplateBatchFiles/Utility/GrabBag.bf
Overwritten previously defined function:'_sortStringsAux'
Already loaded 'libv3/all-terms.bf' from /usr/local/lib/hyphy/TemplateBatchFiles/libv3/all-terms.bf
Already loaded '../UtilityFunctions.bf' from /usr/local/lib/hyphy/TemplateBatchFiles/libv3/UtilityFunctions.bf
Loaded 'model_functions.bf' from /usr/local/lib/hyphy/TemplateBatchFiles/libv3/models/model_functions.bf
Already loaded 'DNA.bf' from /usr/local/lib/hyphy/TemplateBatchFiles/libv3/models/DNA.bf
Already loaded 'parameters.bf' from /usr/local/lib/hyphy/TemplateBatchFiles/libv3/models/parameters.bf
Already loaded 'frequencies.bf' from /usr/local/lib/hyphy/TemplateBatchFiles/libv3/models/frequencies.bf
Already loaded '../UtilityFunctions.bf' from /usr/local/lib/hyphy/TemplateBatchFiles/libv3/UtilityFunctions.bf
Already loaded '../convenience/regexp.bf' from /usr/local/lib/hyphy/TemplateBatchFiles/libv3/convenience/regexp.bf
Already loaded 'libv3/all-terms.bf' from /usr/local/lib/hyphy/TemplateBatchFiles/libv3/all-terms.bf
Already loaded '../parameters.bf' from /usr/local/lib/hyphy/TemplateBatchFiles/libv3/models/parameters.bf
Already loaded '../frequencies.bf' from /usr/local/lib/hyphy/TemplateBatchFiles/libv3/models/frequencies.bf
Already loaded '../../UtilityFunctions.bf' from /usr/local/lib/hyphy/TemplateBatchFiles/libv3/UtilityFunctions.bf
Loaded 'libv3/tasks/estimators.bf' from /usr/local/lib/hyphy/TemplateBatchFiles/libv3/tasks/estimators.bf
Already loaded '../models/model_functions.bf' from /usr/local/lib/hyphy/TemplateBatchFiles/libv3/models/model_functions.bf
Loaded '../models/DNA/GTR.bf' from /usr/local/lib/hyphy/TemplateBatchFiles/libv3/models/DNA/GTR.bf
Already loaded '../DNA.bf' from /usr/local/lib/hyphy/TemplateBatchFiles/libv3/models/DNA.bf
Already loaded '../parameters.bf' from /usr/local/lib/hyphy/TemplateBatchFiles/libv3/models/parameters.bf
Already loaded '../frequencies.bf' from /usr/local/lib/hyphy/TemplateBatchFiles/libv3/models/frequencies.bf
Already loaded '../../UtilityFunctions.bf' from /usr/local/lib/hyphy/TemplateBatchFiles/libv3/UtilityFunctions.bf
Already loaded 'libv3/all-terms.bf' from /usr/local/lib/hyphy/TemplateBatchFiles/libv3/all-terms.bf
Already loaded '../convenience/regexp.bf' from /usr/local/lib/hyphy/TemplateBatchFiles/libv3/convenience/regexp.bf
Already loaded 'libv3/all-terms.bf' from /usr/local/lib/hyphy/TemplateBatchFiles/libv3/all-terms.bf
Loaded 'libv3/tasks/alignments.bf' from /usr/local/lib/hyphy/TemplateBatchFiles/libv3/tasks/alignments.bf
Already loaded '../IOFunctions.bf' from /usr/local/lib/hyphy/TemplateBatchFiles/libv3/IOFunctions.bf
Already loaded '../all-terms.bf' from /usr/local/lib/hyphy/TemplateBatchFiles/libv3/all-terms.bf
Loaded 'libv3/tasks/trees.bf' from /usr/local/lib/hyphy/TemplateBatchFiles/libv3/tasks/trees.bf
Already loaded '../IOFunctions.bf' from /usr/local/lib/hyphy/TemplateBatchFiles/libv3/IOFunctions.bf
Already loaded '../all-terms.bf' from /usr/local/lib/hyphy/TemplateBatchFiles/libv3/all-terms.bf
Already loaded '../convenience/regexp.bf' from /usr/local/lib/hyphy/TemplateBatchFiles/libv3/convenience/regexp.bf
Already loaded '../UtilityFunctions.bf' from /usr/local/lib/hyphy/TemplateBatchFiles/libv3/UtilityFunctions.bf
Loaded 'TreeTools' from /usr/local/lib/hyphy/TemplateBatchFiles/TreeTools.ibf
Loaded 'modules/io_functions.ibf' from /usr/local/lib/hyphy/TemplateBatchFiles/SelectionAnalyses/modules/io_functions.ibf
Already loaded 'libv3/UtilityFunctions.bf' from /usr/local/lib/hyphy/TemplateBatchFiles/libv3/UtilityFunctions.bf
Already loaded 'libv3/IOFunctions.bf' from /usr/local/lib/hyphy/TemplateBatchFiles/libv3/IOFunctions.bf
Already loaded 'libv3/convenience/regexp.bf' from /usr/local/lib/hyphy/TemplateBatchFiles/libv3/convenience/regexp.bf
Already loaded 'libv3/all-terms.bf' from /usr/local/lib/hyphy/TemplateBatchFiles/libv3/all-terms.bf
Loaded 'modules/selection_lib.ibf' from /usr/local/lib/hyphy/TemplateBatchFiles/SelectionAnalyses/modules/selection_lib.ibf
Loaded 'libv3/models/codon/BS_REL.bf' from /usr/local/lib/hyphy/TemplateBatchFiles/libv3/models/codon/BS_REL.bf
Already loaded '../codon.bf' from /usr/local/lib/hyphy/TemplateBatchFiles/libv3/models/codon.bf
Already loaded '../DNA.bf' from /usr/local/lib/hyphy/TemplateBatchFiles/libv3/models/DNA.bf
Already loaded '../parameters.bf' from /usr/local/lib/hyphy/TemplateBatchFiles/libv3/models/parameters.bf
Already loaded '../frequencies.bf' from /usr/local/lib/hyphy/TemplateBatchFiles/libv3/models/frequencies.bf
Already loaded '../../UtilityFunctions.bf' from /usr/local/lib/hyphy/TemplateBatchFiles/libv3/UtilityFunctions.bf
Already loaded 'MG_REV.bf' from /usr/local/lib/hyphy/TemplateBatchFiles/libv3/models/codon/MG_REV.bf
Loaded '../../convenience/math.bf' from /usr/local/lib/hyphy/TemplateBatchFiles/libv3/convenience/math.bf
Already loaded 'libv3/UtilityFunctions.bf' from /usr/local/lib/hyphy/TemplateBatchFiles/libv3/UtilityFunctions.bf
Already loaded 'libv3/convenience/math.bf' from /usr/local/lib/hyphy/TemplateBatchFiles/libv3/convenience/math.bf
Loaded 'libv3/tasks/mpi.bf' from /usr/local/lib/hyphy/TemplateBatchFiles/libv3/tasks/mpi.bf
Already loaded '../all-terms.bf' from /usr/local/lib/hyphy/TemplateBatchFiles/libv3/all-terms.bf
Already loaded '../models/parameters.bf' from /usr/local/lib/hyphy/TemplateBatchFiles/libv3/models/parameters.bf
Variable 'NORMALIZE_SEQUENCE_NAMES' was not initialized prior to being used
Variable 'ASSUME_REVERSIBLE_MODELS' was not initialized prior to being used
Loaded 'modules/shared-load-file.bf' from /usr/local/lib/hyphy/TemplateBatchFiles/SelectionAnalyses/modules/shared-load-file.bf
Variable 'MARKDOWN_OUTPUT' was not initialized prior to being used
Already loaded 'libv3/convenience/matrix.bf' from /usr/local/lib/hyphy/TemplateBatchFiles/libv3/convenience/matrix.bf
Already loaded 'libv3/UtilityFunctions.bf' from /usr/local/lib/hyphy/TemplateBatchFiles/libv3/UtilityFunctions.bf
Variable 'ShSjBDex.skipCodeSelectionStep' was not initialized prior to being used
Row and/or column partition is empty. All the data will be used by default.
Variable 'NEXUS_FILE_TREE_MATRIX' was not initialized prior to being used
Variable 'utility.ToggleEnvVariable.cache' was not initialized prior to being used
Variable 'TREE_NODE_NAME_MAPPING' was not initialized prior to being used
Variable 'sbfPjhjG.PROMPT_FOR_FILE' was not initialized prior to being used
Variable 'END_OF_FILE' was not initialized prior to being used
Variable '_DO_TREE_REBALANCE_' was not initialized prior to being used
Variable '_KEEP_I_LABELS_' was not initialized prior to being used
Rooted topology. Removing one branch - the right root child has been promoted to be the new root
Variable 'INCLUDE_MODEL_SPECS' was not initialized prior to being used
Variable 'utility.ForEachPair.warn_non_rentrant' was not initialized prior to being used
Row and/or column partition is empty. All the data will be used by default.
Row and/or column partition is empty. All the data will be used by default.
Loaded 'modules/grid_compute.ibf' from /usr/local/lib/hyphy/TemplateBatchFiles/SelectionAnalyses/modules/grid_compute.ibf
Variable 'CwKPsUjt.cache' was not initialized prior to being used
Row and/or column partition is empty. All the data will be used by default.
Variable 'COUNT_GAPS_IN_FREQUENCIES' was not initialized prior to being used
Variable 'yCdPAegd.model_pi' was not initialized prior to being used
Model yCdPAegd.model assigned to Alectura_lathami
Model yCdPAegd.model assigned to Oxyura_jamaicensis
Model yCdPAegd.model assigned to Cygnus_atratus
Model yCdPAegd.model assigned to Anser_cygnoides
Model yCdPAegd.model assigned to Node5
Model yCdPAegd.model assigned to Node3
Model yCdPAegd.model assigned to Aythya_fuligula
Model yCdPAegd.model assigned to Anas_platyrhynchos
Model yCdPAegd.model assigned to Node8
The tips of the tree:yCdPAegd.tree_0 were matched with the species names from the data in the following numeric order (0-based) {0,2,1,3,4,5}

Pseudo-optimal path's cost 188 vs 284 for 1..k=> a 1.51064 x improvement
Partition 0 is ASSUMED to have a reversible model
Variable 'USE_LAST_RESULTS' was not initialized prior to being used
Variable 'yCdPAegd.tree_0.Alectura_lathami.t' was not initialized prior to being used
models.generic.SetBranchLength: yCdPAegd.tree_0.Alectura_lathami.t=213.0248514821808
Variable 'yCdPAegd.tree_0.Oxyura_jamaicensis.t' was not initialized prior to being used
models.generic.SetBranchLength: yCdPAegd.tree_0.Oxyura_jamaicensis.t=75.12421765961629
Variable 'yCdPAegd.tree_0.Cygnus_atratus.t' was not initialized prior to being used
models.generic.SetBranchLength: yCdPAegd.tree_0.Cygnus_atratus.t=54.02808567041999
Variable 'yCdPAegd.tree_0.Anser_cygnoides.t' was not initialized prior to being used
models.generic.SetBranchLength: yCdPAegd.tree_0.Anser_cygnoides.t=54.02808567041999
Variable 'yCdPAegd.tree_0.Node5.t' was not initialized prior to being used
models.generic.SetBranchLength: yCdPAegd.tree_0.Node5.t=21.09613198919628
Variable 'yCdPAegd.tree_0.Node3.t' was not initialized prior to being used
models.generic.SetBranchLength: yCdPAegd.tree_0.Node3.t=5.680576553534022
Variable 'yCdPAegd.tree_0.Aythya_fuligula.t' was not initialized prior to being used
models.generic.SetBranchLength: yCdPAegd.tree_0.Aythya_fuligula.t=41.19010382093271
Variable 'yCdPAegd.tree_0.Anas_platyrhynchos.t' was not initialized prior to being used
models.generic.SetBranchLength: yCdPAegd.tree_0.Anas_platyrhynchos.t=41.19010382093271
Variable 'yCdPAegd.tree_0.Node8.t' was not initialized prior to being used
models.generic.SetBranchLength: yCdPAegd.tree_0.Node8.t=39.61469041886055
Variable 'yCdPAegd.yCdPAegd.likelihoodFunction' was not initialized prior to being used
Variable 'SAVE_OPT_STATUS_TO' was not initialized prior to being used
Auto-benchmarked an optimal number (1) of threads.
Set GUI update interval to every 9615-th LF evaluation.
Optimization settings:
	OPTIMIZATION_METHOD = 4
	OPTIMIZATION_PRECISION = 0.001
	MAXIMUM_ITERATIONS_PER_VARIABLE = 5000

Initial parameter values

yCdPAegd.model.theta_CT = 1
yCdPAegd.model.theta_GT = 0.25
yCdPAegd.model.theta_CG = 0.25
yCdPAegd.model.theta_AC = 0.25
yCdPAegd.model.theta_AT = 0.25
yCdPAegd.tree_0.Alectura_lathami.t = 213.025
yCdPAegd.tree_0.Oxyura_jamaicensis.t = 75.1242
yCdPAegd.tree_0.Cygnus_atratus.t = 54.0281
yCdPAegd.tree_0.Anser_cygnoides.t = 54.0281
yCdPAegd.tree_0.Node5.t = 21.0961
yCdPAegd.tree_0.Node3.t = 5.68058
yCdPAegd.tree_0.Aythya_fuligula.t = 41.1901
yCdPAegd.tree_0.Anas_platyrhynchos.t = 41.1901
yCdPAegd.tree_0.Node8.t = 39.6147
Site 23 evaluated to a 0 probability in ComputeLLWithBranchCache
Site 15 evaluated to a 0 probability in ComputeLLWithBranchCache
Optimization finished in 28 loop passes.
1435 likelihood evaluation calls and 7054 matrix exponentiations calls were made

Variable 'BRANCH_LENGTH_STENCIL' was not initialized prior to being used
Variable 'yCdPAegd.option' was not initialized prior to being used
Variable 'relax.terms.json.nucleotide_gtr' was not initialized prior to being used
Variable 'Unknown' was not initialized prior to being used
Variable 'BLnJYThD.initial_value' was not initialized prior to being used
Variable 'yQQfBKLZ.data_filter' was not initialized prior to being used
Row and/or column partition is empty. All the data will be used by default.
Auto-benchmarked an optimal number (3) of threads.
Set GUI update interval to every 4672-th LF evaluation.
Optimization settings:
	OPTIMIZATION_METHOD = 4
	OPTIMIZATION_PRECISION = 0.001
	MAXIMUM_ITERATIONS_PER_VARIABLE = 5000

Initial parameter values

frequencies._aux.CF3x4.p0_0 = 0.27458
frequencies._aux.CF3x4.p0_1 = 0.368595
frequencies._aux.CF3x4.p0_2 = 0.646597
frequencies._aux.CF3x4.p1_0 = 0.317746
frequencies._aux.CF3x4.p1_1 = 0.28471
frequencies._aux.CF3x4.p1_2 = 0.420147
frequencies._aux.CF3x4.p2_0 = 0.226619
frequencies._aux.CF3x4.p2_1 = 0.32093
frequencies._aux.CF3x4.p2_2 = 0.515982
Optimization finished in 6 loop passes.
180 likelihood evaluation calls and 0 matrix exponentiations calls were made

Variable 'yQQfBKLZ.model_MGREV_pi' was not initialized prior to being used
Model yQQfBKLZ.model_MGREV assigned to Alectura_lathami
Model yQQfBKLZ.model_MGREV assigned to Oxyura_jamaicensis
Model yQQfBKLZ.model_MGREV assigned to Cygnus_atratus
Model yQQfBKLZ.model_MGREV assigned to Anser_cygnoides
Model yQQfBKLZ.model_MGREV assigned to Node5
Model yQQfBKLZ.model_MGREV assigned to Node3
Model yQQfBKLZ.model_MGREV assigned to Aythya_fuligula
Model yQQfBKLZ.model_MGREV assigned to Anas_platyrhynchos
Model yQQfBKLZ.model_MGREV assigned to Node8
The tips of the tree:yQQfBKLZ.tree_0 were matched with the species names from the data in the following numeric order (0-based) {0,2,1,3,4,5}

Pseudo-optimal path's cost 674 vs 856 for 1..k=> a 1.27003 x improvement
Partition 0 is ASSUMED to have a reversible model
Variable 'yQQfBKLZ.yQQfBKLZ.likelihoodFunction' was not initialized prior to being used
Variable 'yQQfBKLZ.tree_0.Alectura_lathami.alpha' was not initialized prior to being used
Variable 'yQQfBKLZ.tree_0.Oxyura_jamaicensis.alpha' was not initialized prior to being used
Variable 'yQQfBKLZ.tree_0.Cygnus_atratus.alpha' was not initialized prior to being used
Variable 'yQQfBKLZ.tree_0.Anser_cygnoides.alpha' was not initialized prior to being used
Variable 'yQQfBKLZ.tree_0.Node5.alpha' was not initialized prior to being used
Variable 'yQQfBKLZ.tree_0.Node3.alpha' was not initialized prior to being used
Variable 'yQQfBKLZ.tree_0.Aythya_fuligula.alpha' was not initialized prior to being used
Variable 'yQQfBKLZ.tree_0.Anas_platyrhynchos.alpha' was not initialized prior to being used
Variable 'yQQfBKLZ.tree_0.Node8.alpha' was not initialized prior to being used
Site 30 evaluated to a 0 probability in ComputeTreeBlockByBranch
Site 77 evaluated to a 0 probability in ComputeTreeBlockByBranch
Site 30 evaluated to a 0 probability in ComputeTreeBlockByBranch
Site 71 evaluated to a 0 probability in ComputeTreeBlockByBranch
Site 61 evaluated to a 0 probability in ComputeTreeBlockByBranch
Site 30 evaluated to a 0 probability in ComputeTreeBlockByBranch
Site 91 evaluated to a 0 probability in ComputeTreeBlockByBranch
Site 54 evaluated to a 0 probability in ComputeTreeBlockByBranch
Site 37 evaluated to a 0 probability in ComputeTreeBlockByBranch
Site 30 evaluated to a 0 probability in ComputeTreeBlockByBranch
Site 38 evaluated to a 0 probability in ComputeTreeBlockByBranch
Site 67 evaluated to a 0 probability in ComputeTreeBlockByBranch
Site 30 evaluated to a 0 probability in ComputeTreeBlockByBranch
Site 64 evaluated to a 0 probability in ComputeTreeBlockByBranch
Site 55 evaluated to a 0 probability in ComputeTreeBlockByBranch
Auto-benchmarked an optimal number (4) of threads.
Set GUI update interval to every 1094-th LF evaluation.
Initial guess for yQQfBKLZ.tree_0.Node3.alpha is 8.73416e-06
Initial guess for yQQfBKLZ.tree_0.Oxyura_jamaicensis.alpha is 0.000135489
Initial guess for yQQfBKLZ.tree_0.Node5.alpha is 8.3067e-06
Initial guess for yQQfBKLZ.tree_0.Cygnus_atratus.alpha is 2.61999e-05
Initial guess for yQQfBKLZ.tree_0.Anser_cygnoides.alpha is 3.83343e-06
Initial guess for yQQfBKLZ.tree_0.Node8.alpha is 1.40581e-05
Initial guess for yQQfBKLZ.tree_0.Aythya_fuligula.alpha is 1.15023e-05
Initial guess for yQQfBKLZ.tree_0.Anas_platyrhynchos.alpha is 5.75009e-06
Optimization settings:
	OPTIMIZATION_METHOD = 4
	OPTIMIZATION_PRECISION = 0.001
	MAXIMUM_ITERATIONS_PER_VARIABLE = 5000

Initial parameter values

yQQfBKLZ.model_MGREV.theta_GT = 1
yQQfBKLZ.model_MGREV.theta_CT = 1
yQQfBKLZ.model_MGREV.theta_AC = 1
yQQfBKLZ.model_MGREV.theta_CG = 1
yQQfBKLZ.model_MGREV.theta_AT = 1
yQQfBKLZ.model_MGREV.omega_0 = 1
yQQfBKLZ.tree_0.Alectura_lathami.alpha = 0.1
yQQfBKLZ.tree_0.Oxyura_jamaicensis.alpha = 0.000135489
yQQfBKLZ.tree_0.Cygnus_atratus.alpha = 2.61999e-05
yQQfBKLZ.tree_0.Anser_cygnoides.alpha = 3.83343e-06
yQQfBKLZ.tree_0.Node5.alpha = 8.3067e-06
yQQfBKLZ.tree_0.Node3.alpha = 8.73416e-06
yQQfBKLZ.tree_0.Aythya_fuligula.alpha = 1.15023e-05
yQQfBKLZ.tree_0.Anas_platyrhynchos.alpha = 5.75009e-06
yQQfBKLZ.tree_0.Node8.alpha = 1.40581e-05
yQQfBKLZ.model_MGREV.omega_1 = 1
Failing bound checks on yQQfBKLZ.tree_0.Anser_cygnoides.beta =         10002.06061250854
Optimization finished in 20 loop passes.
1477 likelihood evaluation calls and 6917 matrix exponentiations calls were made

Row and/or column partition is empty. All the data will be used by default.
Auto-benchmarked an optimal number (2) of threads.
Set GUI update interval to every 4587-th LF evaluation.
Optimization settings:
	OPTIMIZATION_METHOD = 4
	OPTIMIZATION_PRECISION = 0.001
	MAXIMUM_ITERATIONS_PER_VARIABLE = 5000

Initial parameter values

frequencies._aux.CF3x4.p0_0 = 0.27458
frequencies._aux.CF3x4.p0_1 = 0.368595
frequencies._aux.CF3x4.p0_2 = 0.646597
frequencies._aux.CF3x4.p1_0 = 0.317746
frequencies._aux.CF3x4.p1_1 = 0.28471
frequencies._aux.CF3x4.p1_2 = 0.420147
frequencies._aux.CF3x4.p2_0 = 0.226619
frequencies._aux.CF3x4.p2_1 = 0.32093
frequencies._aux.CF3x4.p2_2 = 0.515982
Optimization finished in 6 loop passes.
179 likelihood evaluation calls and 0 matrix exponentiations calls were made

Variable 'yQQfBKLZ.model_MGREV_pi' was not initialized prior to being used
Model yQQfBKLZ.model_MGREV assigned to Alectura_lathami
Model yQQfBKLZ.model_MGREV assigned to Oxyura_jamaicensis
Model yQQfBKLZ.model_MGREV assigned to Cygnus_atratus
Model yQQfBKLZ.model_MGREV assigned to Anser_cygnoides
Model yQQfBKLZ.model_MGREV assigned to Node5
Model yQQfBKLZ.model_MGREV assigned to Node3
Model yQQfBKLZ.model_MGREV assigned to Aythya_fuligula
Model yQQfBKLZ.model_MGREV assigned to Anas_platyrhynchos
Model yQQfBKLZ.model_MGREV assigned to Node8
The tips of the tree:yQQfBKLZ.tree_0 were matched with the species names from the data in the following numeric order (0-based) {0,2,1,3,4,5}

Pseudo-optimal path's cost 674 vs 856 for 1..k=> a 1.27003 x improvement
Partition 0 is ASSUMED to have a reversible model
Variable 'yQQfBKLZ.tree_0.Aythya_fuligula.alpha' was not initialized prior to being used
Variable 'yQQfBKLZ.tree_0.Node3.alpha' was not initialized prior to being used
Variable 'yQQfBKLZ.tree_0.Anas_platyrhynchos.alpha' was not initialized prior to being used
Variable 'yQQfBKLZ.tree_0.Node5.alpha' was not initialized prior to being used
Variable 'yQQfBKLZ.tree_0.Anser_cygnoides.alpha' was not initialized prior to being used
Variable 'yQQfBKLZ.tree_0.Cygnus_atratus.alpha' was not initialized prior to being used
Variable 'yQQfBKLZ.tree_0.Alectura_lathami.alpha' was not initialized prior to being used
Variable 'yQQfBKLZ.tree_0.Oxyura_jamaicensis.alpha' was not initialized prior to being used
Variable 'yQQfBKLZ.tree_0.Node8.alpha' was not initialized prior to being used
Site 30 evaluated to a 0 probability in ComputeTreeBlockByBranch
Site 77 evaluated to a 0 probability in ComputeTreeBlockByBranch
Site 30 evaluated to a 0 probability in ComputeTreeBlockByBranch
Site 71 evaluated to a 0 probability in ComputeTreeBlockByBranch
Site 61 evaluated to a 0 probability in ComputeTreeBlockByBranch
Site 30 evaluated to a 0 probability in ComputeTreeBlockByBranch
Site 54 evaluated to a 0 probability in ComputeTreeBlockByBranch
Site 30 evaluated to a 0 probability in ComputeTreeBlockByBranch
Site 91 evaluated to a 0 probability in ComputeTreeBlockByBranch
Site 37 evaluated to a 0 probability in ComputeTreeBlockByBranch
Site 64 evaluated to a 0 probability in ComputeTreeBlockByBranch
Site 67 evaluated to a 0 probability in ComputeTreeBlockByBranch
Site 30 evaluated to a 0 probability in ComputeTreeBlockByBranch
Site 38 evaluated to a 0 probability in ComputeTreeBlockByBranch
Site 55 evaluated to a 0 probability in ComputeTreeBlockByBranch
Site 61 evaluated to a 0 probability in ComputeTreeBlockByBranch
Site 30 evaluated to a 0 probability in ComputeTreeBlockByBranch
Site 94 evaluated to a 0 probability in ComputeTreeBlockByBranch
Site 54 evaluated to a 0 probability in ComputeTreeBlockByBranch
Site 46 evaluated to a 0 probability in ComputeTreeBlockByBranch
Site 79 evaluated to a 0 probability in ComputeTreeBlockByBranch
Site 14 evaluated to a 0 probability in ComputeTreeBlockByBranch
Site 35 evaluated to a 0 probability in ComputeTreeBlockByBranch
Site 30 evaluated to a 0 probability in ComputeTreeBlockByBranch
Site 94 evaluated to a 0 probability in ComputeTreeBlockByBranch
Site 9 evaluated to a 0 probability in ComputeTreeBlockByBranch
Site 42 evaluated to a 0 probability in ComputeTreeBlockByBranch
Site 70 evaluated to a 0 probability in ComputeTreeBlockByBranch
Auto-benchmarked an optimal number (6) of threads.
Set GUI update interval to every 1179-th LF evaluation.
Initial guess for yQQfBKLZ.tree_0.Node3.alpha is 8.73416e-06
Initial guess for yQQfBKLZ.tree_0.Oxyura_jamaicensis.alpha is 0.000135489
Initial guess for yQQfBKLZ.tree_0.Node5.alpha is 8.3067e-06
Initial guess for yQQfBKLZ.tree_0.Cygnus_atratus.alpha is 2.61999e-05
Initial guess for yQQfBKLZ.tree_0.Anser_cygnoides.alpha is 3.83343e-06
Initial guess for yQQfBKLZ.tree_0.Node8.alpha is 1.40581e-05
Initial guess for yQQfBKLZ.tree_0.Aythya_fuligula.alpha is 1.15023e-05
Initial guess for yQQfBKLZ.tree_0.Anas_platyrhynchos.alpha is 5.75009e-06
Optimization settings:
	OPTIMIZATION_METHOD = 4
	OPTIMIZATION_PRECISION = 0.001
	MAXIMUM_ITERATIONS_PER_VARIABLE = 5000

Initial parameter values

yQQfBKLZ.model_MGREV.theta_CG = 1
yQQfBKLZ.model_MGREV.theta_CT = 1
yQQfBKLZ.model_MGREV.theta_AT = 1
yQQfBKLZ.model_MGREV.theta_AC = 1
yQQfBKLZ.model_MGREV.theta_GT = 1
yQQfBKLZ.model_MGREV.omega_0 = 1
yQQfBKLZ.tree_0.Alectura_lathami.alpha = 0.1
yQQfBKLZ.tree_0.Oxyura_jamaicensis.alpha = 0.000135489
yQQfBKLZ.tree_0.Cygnus_atratus.alpha = 2.61999e-05
yQQfBKLZ.tree_0.Anser_cygnoides.alpha = 3.83343e-06
yQQfBKLZ.tree_0.Node5.alpha = 8.3067e-06
yQQfBKLZ.tree_0.Node3.alpha = 8.73416e-06
yQQfBKLZ.tree_0.Aythya_fuligula.alpha = 1.15023e-05
yQQfBKLZ.tree_0.Anas_platyrhynchos.alpha = 5.75009e-06
yQQfBKLZ.tree_0.Node8.alpha = 1.40581e-05
yQQfBKLZ.model_MGREV.omega_1 = 1
Failing bound checks on yQQfBKLZ.tree_0.Anser_cygnoides.beta =         10002.06061250854
Optimization finished in 19 loop passes.
1214 likelihood evaluation calls and 5817 matrix exponentiations calls were made

Overwritten previously defined function:'oSrWnDOl.rate_generator'
Overwritten previously defined function:'oSrWnDOl.rate_generator'
Auto-benchmarked an optimal number (2) of threads.
Set GUI update interval to every 4545-th LF evaluation.
Optimization settings:
	OPTIMIZATION_METHOD = 4
	OPTIMIZATION_PRECISION = 0.001
	MAXIMUM_ITERATIONS_PER_VARIABLE = 5000

Initial parameter values

frequencies._aux.CF3x4.p0_0 = 0.27458
frequencies._aux.CF3x4.p0_1 = 0.368595
frequencies._aux.CF3x4.p0_2 = 0.646597
frequencies._aux.CF3x4.p1_0 = 0.317746
frequencies._aux.CF3x4.p1_1 = 0.28471
frequencies._aux.CF3x4.p1_2 = 0.420147
frequencies._aux.CF3x4.p2_0 = 0.226619
frequencies._aux.CF3x4.p2_1 = 0.32093
frequencies._aux.CF3x4.p2_2 = 0.515982
Optimization finished in 6 loop passes.
179 likelihood evaluation calls and 0 matrix exponentiations calls were made

Variable 'relax.test_pi' was not initialized prior to being used
Overwritten previously defined function:'oSrWnDOl.rate_generator'
Overwritten previously defined function:'oSrWnDOl.rate_generator'
Overwritten previously defined function:'oSrWnDOl.rate_generator'
Auto-benchmarked an optimal number (3) of threads.
Set GUI update interval to every 4545-th LF evaluation.
Optimization settings:
	OPTIMIZATION_METHOD = 4
	OPTIMIZATION_PRECISION = 0.001
	MAXIMUM_ITERATIONS_PER_VARIABLE = 5000

Initial parameter values

frequencies._aux.CF3x4.p0_0 = 0.27458
frequencies._aux.CF3x4.p0_1 = 0.368595
frequencies._aux.CF3x4.p0_2 = 0.646597
frequencies._aux.CF3x4.p1_0 = 0.317746
frequencies._aux.CF3x4.p1_1 = 0.28471
frequencies._aux.CF3x4.p1_2 = 0.420147
frequencies._aux.CF3x4.p2_0 = 0.226619
frequencies._aux.CF3x4.p2_1 = 0.32093
frequencies._aux.CF3x4.p2_2 = 0.515982
Optimization finished in 6 loop passes.
180 likelihood evaluation calls and 0 matrix exponentiations calls were made

Variable 'relax.reference_pi' was not initialized prior to being used
No nodel was assigned to Alectura_lathami
No nodel was assigned to Oxyura_jamaicensis
No nodel was assigned to Cygnus_atratus
No nodel was assigned to Anser_cygnoides
No nodel was assigned to Node5
No nodel was assigned to Node3
No nodel was assigned to Aythya_fuligula
No nodel was assigned to Anas_platyrhynchos
No nodel was assigned to Node8
The tips of the tree:WinqORhq.tree_id_0 were matched with the species names from the data in the following numeric order (0-based) {0,2,1,3,4,5}

Pseudo-optimal path's cost 674 vs 856 for 1..k=> a 1.27003 x improvement
Partition 0 is ASSUMED to have a reversible model
relax.reference.theta_AC was already constrained in estimators.SetGlobals2
relax.reference.theta_AG was already constrained in estimators.SetGlobals2
relax.reference.theta_AT was already constrained in estimators.SetGlobals2
relax.reference.theta_CG was already constrained in estimators.SetGlobals2
relax.reference.theta_CT was already constrained in estimators.SetGlobals2
relax.reference.theta_GT was already constrained in estimators.SetGlobals2
relax.test.theta_AG was already constrained in estimators.SetGlobals2
Variable 'WinqORhq.tree_id_0.Alectura_lathami.t' was not initialized prior to being used
models.generic.SetBranchLength: WinqORhq.tree_id_0.Alectura_lathami.t=0.8621354007500058
Variable 'WinqORhq.tree_id_0.Oxyura_jamaicensis.t' was not initialized prior to being used
models.generic.SetBranchLength: WinqORhq.tree_id_0.Oxyura_jamaicensis.t=0.1494528128011605
Variable 'WinqORhq.tree_id_0.Cygnus_atratus.t' was not initialized prior to being used
models.generic.SetBranchLength: WinqORhq.tree_id_0.Cygnus_atratus.t=0.02030510017240875
Variable 'WinqORhq.tree_id_0.Anser_cygnoides.t' was not initialized prior to being used
models.generic.SetBranchLength: WinqORhq.tree_id_0.Anser_cygnoides.t=0.06121454719416564
Variable 'WinqORhq.tree_id_0.Node5.t' was not initialized prior to being used
models.generic.SetBranchLength: WinqORhq.tree_id_0.Node5.t=0.03550464256075733
Variable 'WinqORhq.tree_id_0.Node3.t' was not initialized prior to being used
models.generic.SetBranchLength: WinqORhq.tree_id_0.Node3.t=0.06477106327404809
Variable 'WinqORhq.tree_id_0.Aythya_fuligula.t' was not initialized prior to being used
models.generic.SetBranchLength: WinqORhq.tree_id_0.Aythya_fuligula.t=0.03659303691899247
Variable 'WinqORhq.tree_id_0.Anas_platyrhynchos.t' was not initialized prior to being used
models.generic.SetBranchLength: WinqORhq.tree_id_0.Anas_platyrhynchos.t=0.06502471014118023
Variable 'WinqORhq.tree_id_0.Node8.t' was not initialized prior to being used
models.generic.SetBranchLength: WinqORhq.tree_id_0.Node8.t=0.06888155723319934
Variable 'WinqORhq.WinqORhq.likelihoodFunction' was not initialized prior to being used
Auto-benchmarked an optimal number (5) of threads.
Set GUI update interval to every 120-th LF evaluation.
Optimization settings:
	OPTIMIZATION_METHOD = 4
	OPTIMIZATION_PRECISION = 0.001
	MAXIMUM_ITERATIONS_PER_VARIABLE = 5000

Initial parameter values

relax.reference.omega3 = 7.27482
relax.reference.omega2 = 0.4601
relax.reference.bsrel_mixture_aux_0 = 0.45
relax.test.theta_GT = 0.223642
relax.reference.omega1 = 0.145496
relax.reference.bsrel_mixture_aux_1 = 0.818182
relax.test.theta_CT = 0.893655
relax.test.theta_AC = 0.203224
relax.test.theta_AT = 0.265063
relax.test.theta_CG = 0.413643
relax.K = 1
WinqORhq.tree_id_0.Alectura_lathami.t = 0.862135
WinqORhq.tree_id_0.Oxyura_jamaicensis.t = 0.149453
WinqORhq.tree_id_0.Cygnus_atratus.t = 0.0203051
WinqORhq.tree_id_0.Anser_cygnoides.t = 0.0612145
WinqORhq.tree_id_0.Node5.t = 0.0355046
WinqORhq.tree_id_0.Node3.t = 0.0647711
WinqORhq.tree_id_0.Aythya_fuligula.t = 0.036593
WinqORhq.tree_id_0.Anas_platyrhynchos.t = 0.0650247
WinqORhq.tree_id_0.Node8.t = 0.0688816
Optimization finished in 23 loop passes.
2202 likelihood evaluation calls and 39378 matrix exponentiations calls were made

Variable 'MPI_NODE_COUNT' was not initialized prior to being used
No nodel was assigned to Alectura_lathami
No nodel was assigned to Oxyura_jamaicensis
No nodel was assigned to Cygnus_atratus
No nodel was assigned to Anser_cygnoides
No nodel was assigned to Node5
No nodel was assigned to Node3
No nodel was assigned to Aythya_fuligula
No nodel was assigned to Anas_platyrhynchos
No nodel was assigned to Node8
Likelihood function cleared because partition index '0' points to invalid components
The tips of the tree:WinqORhq.tree_id_0 were matched with the species names from the data in the following numeric order (0-based) {0,2,1,3,4,5}

Pseudo-optimal path's cost 674 vs 856 for 1..k=> a 1.27003 x improvement
Partition 0 is ASSUMED to have a reversible model
relax.reference.theta_AC was already constrained in estimators.SetGlobals2
relax.reference.theta_AG was already constrained in estimators.SetGlobals2
relax.reference.theta_AT was already constrained in estimators.SetGlobals2
relax.reference.theta_CG was already constrained in estimators.SetGlobals2
relax.reference.theta_CT was already constrained in estimators.SetGlobals2
relax.reference.theta_GT was already constrained in estimators.SetGlobals2
relax.test.bsrel_mixture_aux_0 was already constrained in estimators.SetGlobals2
relax.test.bsrel_mixture_aux_1 was already constrained in estimators.SetGlobals2
relax.test.theta_AG was already constrained in estimators.SetGlobals2
relax.test.omega1 was already constrained in estimators.SetGlobals2
relax.test.omega2 was already constrained in estimators.SetGlobals2
relax.test.omega3 was already constrained in estimators.SetGlobals2
Variable 'WinqORhq.tree_id_0.Alectura_lathami.t' was not initialized prior to being used
models.generic.SetBranchLength: WinqORhq.tree_id_0.Alectura_lathami.t=1.914523022719867
Variable 'WinqORhq.tree_id_0.Oxyura_jamaicensis.t' was not initialized prior to being used
models.generic.SetBranchLength: WinqORhq.tree_id_0.Oxyura_jamaicensis.t=0.3319752699094352
Variable 'WinqORhq.tree_id_0.Cygnus_atratus.t' was not initialized prior to being used
models.generic.SetBranchLength: WinqORhq.tree_id_0.Cygnus_atratus.t=0.04506727400642615
Variable 'WinqORhq.tree_id_0.Anser_cygnoides.t' was not initialized prior to being used
models.generic.SetBranchLength: WinqORhq.tree_id_0.Anser_cygnoides.t=0.1359844744302089
Variable 'WinqORhq.tree_id_0.Node5.t' was not initialized prior to being used
models.generic.SetBranchLength: WinqORhq.tree_id_0.Node5.t=0.07886609609013386
Variable 'WinqORhq.tree_id_0.Node3.t' was not initialized prior to being used
models.generic.SetBranchLength: WinqORhq.tree_id_0.Node3.t=0.1439248776597492
Variable 'WinqORhq.tree_id_0.Aythya_fuligula.t' was not initialized prior to being used
models.generic.SetBranchLength: WinqORhq.tree_id_0.Aythya_fuligula.t=0.08134452525611024
Variable 'WinqORhq.tree_id_0.Anas_platyrhynchos.t' was not initialized prior to being used
models.generic.SetBranchLength: WinqORhq.tree_id_0.Anas_platyrhynchos.t=0.1444072858068367
Variable 'WinqORhq.tree_id_0.Node8.t' was not initialized prior to being used
models.generic.SetBranchLength: WinqORhq.tree_id_0.Node8.t=0.1529864529336399
Auto-benchmarked an optimal number (5) of threads.
Set GUI update interval to every 108-th LF evaluation.
Optimization settings:
	OPTIMIZATION_METHOD = 4
	OPTIMIZATION_PRECISION = 0.001
	MAXIMUM_ITERATIONS_PER_VARIABLE = 5000

Initial parameter values

relax.reference.omega3 = 2.70479
relax.reference.omega2 = 0.229819
relax.reference.bsrel_mixture_aux_0 = 0.10933
relax.test.theta_GT = 0.224091
relax.reference.omega1 = 0.22812
relax.reference.bsrel_mixture_aux_1 = 1
relax.test.theta_CT = 0.896542
relax.test.theta_AC = 0.203445
relax.test.theta_AT = 0.265598
relax.test.theta_CG = 0.414166
relax.K = 1
WinqORhq.tree_id_0.Alectura_lathami.t = 1.91452
WinqORhq.tree_id_0.Oxyura_jamaicensis.t = 0.331975
WinqORhq.tree_id_0.Cygnus_atratus.t = 0.0450673
WinqORhq.tree_id_0.Anser_cygnoides.t = 0.135984
WinqORhq.tree_id_0.Node5.t = 0.0788661
WinqORhq.tree_id_0.Node3.t = 0.143925
WinqORhq.tree_id_0.Aythya_fuligula.t = 0.0813445
WinqORhq.tree_id_0.Anas_platyrhynchos.t = 0.144407
WinqORhq.tree_id_0.Node8.t = 0.152986
Optimization finished in 17 loop passes.
1568 likelihood evaluation calls and 26955 matrix exponentiations calls were made

Variable 'QQLd_mrj.WinqORhq.likelihoodFunction' was not initialized prior to being used
Auto-benchmarked an optimal number (5) of threads.
Set GUI update interval to every 134-th LF evaluation.
Optimization settings:
	OPTIMIZATION_METHOD = 4
	OPTIMIZATION_PRECISION = 0.001
	MAXIMUM_ITERATIONS_PER_VARIABLE = 5000

Initial parameter values

relax.reference.omega3 = 2.71484
relax.reference.omega2 = 0.255981
relax.reference.bsrel_mixture_aux_0 = 0.205236
relax.test.theta_GT = 0.222402
relax.reference.omega1 = 0.25553
relax.reference.bsrel_mixture_aux_1 = 1
relax.test.theta_CT = 0.890154
relax.test.theta_AC = 0.20175
relax.test.theta_AT = 0.263313
relax.test.theta_CG = 0.411633
WinqORhq.tree_id_0.Alectura_lathami.t = 0.619805
WinqORhq.tree_id_0.Oxyura_jamaicensis.t = 0.106251
WinqORhq.tree_id_0.Cygnus_atratus.t = 0.0144819
WinqORhq.tree_id_0.Anser_cygnoides.t = 0.0436763
WinqORhq.tree_id_0.Node5.t = 0.025619
WinqORhq.tree_id_0.Node3.t = 0.0461724
WinqORhq.tree_id_0.Aythya_fuligula.t = 0.026137
WinqORhq.tree_id_0.Anas_platyrhynchos.t = 0.0463825
WinqORhq.tree_id_0.Node8.t = 0.0487485
Optimization finished in 3 loop passes.
166 likelihood evaluation calls and 3291 matrix exponentiations calls were made

Variable 'USE_JSON_FOR_MATRIX' was not initialized prior to being used