
Loaded 'libv3/all-terms.bf' from /usr/local/lib/hyphy/TemplateBatchFiles/libv3/all-terms.bf
Loaded 'libv3/UtilityFunctions.bf' from /usr/local/lib/hyphy/TemplateBatchFiles/libv3/UtilityFunctions.bf
Loaded 'IOFunctions.bf' from /usr/local/lib/hyphy/TemplateBatchFiles/libv3/IOFunctions.bf
Already loaded 'libv3/UtilityFunctions.bf' from /usr/local/lib/hyphy/TemplateBatchFiles/libv3/UtilityFunctions.bf
Loaded 'convenience/regexp.bf' from /usr/local/lib/hyphy/TemplateBatchFiles/libv3/convenience/regexp.bf
Already loaded 'libv3/all-terms.bf' from /usr/local/lib/hyphy/TemplateBatchFiles/libv3/all-terms.bf
Already loaded 'libv3/IOFunctions.bf' from /usr/local/lib/hyphy/TemplateBatchFiles/libv3/IOFunctions.bf
Loaded 'libv3/models/codon/MG_REV.bf' from /usr/local/lib/hyphy/TemplateBatchFiles/libv3/models/codon/MG_REV.bf
Loaded '../codon.bf' from /usr/local/lib/hyphy/TemplateBatchFiles/libv3/models/codon.bf
Loaded '../tasks/genetic_code.bf' from /usr/local/lib/hyphy/TemplateBatchFiles/libv3/tasks/genetic_code.bf
Loaded 'libv3/convenience/matrix.bf' from /usr/local/lib/hyphy/TemplateBatchFiles/libv3/convenience/matrix.bf
Already loaded 'libv3/UtilityFunctions.bf' from /usr/local/lib/hyphy/TemplateBatchFiles/libv3/UtilityFunctions.bf
Already loaded 'libv3/all-terms.bf' from /usr/local/lib/hyphy/TemplateBatchFiles/libv3/all-terms.bf
Already loaded '../UtilityFunctions.bf' from /usr/local/lib/hyphy/TemplateBatchFiles/libv3/UtilityFunctions.bf
Loaded '../DNA.bf' from /usr/local/lib/hyphy/TemplateBatchFiles/libv3/models/DNA.bf
Loaded 'frequencies.bf' from /usr/local/lib/hyphy/TemplateBatchFiles/libv3/models/frequencies.bf
Already loaded '../all-terms.bf' from /usr/local/lib/hyphy/TemplateBatchFiles/libv3/all-terms.bf
Loaded 'parameters.bf' from /usr/local/lib/hyphy/TemplateBatchFiles/libv3/models/parameters.bf
Loaded 'GrabBag' from /usr/local/lib/hyphy/TemplateBatchFiles/Utility/GrabBag.bf
Overwritten previously defined function:'_sortStringsAux'
Already loaded 'libv3/all-terms.bf' from /usr/local/lib/hyphy/TemplateBatchFiles/libv3/all-terms.bf
Already loaded '../UtilityFunctions.bf' from /usr/local/lib/hyphy/TemplateBatchFiles/libv3/UtilityFunctions.bf
Loaded 'model_functions.bf' from /usr/local/lib/hyphy/TemplateBatchFiles/libv3/models/model_functions.bf
Already loaded 'DNA.bf' from /usr/local/lib/hyphy/TemplateBatchFiles/libv3/models/DNA.bf
Already loaded 'parameters.bf' from /usr/local/lib/hyphy/TemplateBatchFiles/libv3/models/parameters.bf
Already loaded 'frequencies.bf' from /usr/local/lib/hyphy/TemplateBatchFiles/libv3/models/frequencies.bf
Already loaded '../UtilityFunctions.bf' from /usr/local/lib/hyphy/TemplateBatchFiles/libv3/UtilityFunctions.bf
Already loaded '../convenience/regexp.bf' from /usr/local/lib/hyphy/TemplateBatchFiles/libv3/convenience/regexp.bf
Already loaded 'libv3/all-terms.bf' from /usr/local/lib/hyphy/TemplateBatchFiles/libv3/all-terms.bf
Already loaded '../parameters.bf' from /usr/local/lib/hyphy/TemplateBatchFiles/libv3/models/parameters.bf
Already loaded '../frequencies.bf' from /usr/local/lib/hyphy/TemplateBatchFiles/libv3/models/frequencies.bf
Already loaded '../../UtilityFunctions.bf' from /usr/local/lib/hyphy/TemplateBatchFiles/libv3/UtilityFunctions.bf
Loaded 'libv3/tasks/estimators.bf' from /usr/local/lib/hyphy/TemplateBatchFiles/libv3/tasks/estimators.bf
Already loaded '../models/model_functions.bf' from /usr/local/lib/hyphy/TemplateBatchFiles/libv3/models/model_functions.bf
Loaded '../models/DNA/GTR.bf' from /usr/local/lib/hyphy/TemplateBatchFiles/libv3/models/DNA/GTR.bf
Already loaded '../DNA.bf' from /usr/local/lib/hyphy/TemplateBatchFiles/libv3/models/DNA.bf
Already loaded '../parameters.bf' from /usr/local/lib/hyphy/TemplateBatchFiles/libv3/models/parameters.bf
Already loaded '../frequencies.bf' from /usr/local/lib/hyphy/TemplateBatchFiles/libv3/models/frequencies.bf
Already loaded '../../UtilityFunctions.bf' from /usr/local/lib/hyphy/TemplateBatchFiles/libv3/UtilityFunctions.bf
Already loaded 'libv3/all-terms.bf' from /usr/local/lib/hyphy/TemplateBatchFiles/libv3/all-terms.bf
Already loaded '../convenience/regexp.bf' from /usr/local/lib/hyphy/TemplateBatchFiles/libv3/convenience/regexp.bf
Already loaded 'libv3/all-terms.bf' from /usr/local/lib/hyphy/TemplateBatchFiles/libv3/all-terms.bf
Loaded 'libv3/tasks/alignments.bf' from /usr/local/lib/hyphy/TemplateBatchFiles/libv3/tasks/alignments.bf
Already loaded '../IOFunctions.bf' from /usr/local/lib/hyphy/TemplateBatchFiles/libv3/IOFunctions.bf
Already loaded '../all-terms.bf' from /usr/local/lib/hyphy/TemplateBatchFiles/libv3/all-terms.bf
Loaded 'libv3/tasks/trees.bf' from /usr/local/lib/hyphy/TemplateBatchFiles/libv3/tasks/trees.bf
Already loaded '../IOFunctions.bf' from /usr/local/lib/hyphy/TemplateBatchFiles/libv3/IOFunctions.bf
Already loaded '../all-terms.bf' from /usr/local/lib/hyphy/TemplateBatchFiles/libv3/all-terms.bf
Already loaded '../convenience/regexp.bf' from /usr/local/lib/hyphy/TemplateBatchFiles/libv3/convenience/regexp.bf
Already loaded '../UtilityFunctions.bf' from /usr/local/lib/hyphy/TemplateBatchFiles/libv3/UtilityFunctions.bf
Loaded 'TreeTools' from /usr/local/lib/hyphy/TemplateBatchFiles/TreeTools.ibf
Loaded 'modules/io_functions.ibf' from /usr/local/lib/hyphy/TemplateBatchFiles/SelectionAnalyses/modules/io_functions.ibf
Already loaded 'libv3/UtilityFunctions.bf' from /usr/local/lib/hyphy/TemplateBatchFiles/libv3/UtilityFunctions.bf
Already loaded 'libv3/IOFunctions.bf' from /usr/local/lib/hyphy/TemplateBatchFiles/libv3/IOFunctions.bf
Already loaded 'libv3/convenience/regexp.bf' from /usr/local/lib/hyphy/TemplateBatchFiles/libv3/convenience/regexp.bf
Already loaded 'libv3/all-terms.bf' from /usr/local/lib/hyphy/TemplateBatchFiles/libv3/all-terms.bf
Loaded 'modules/selection_lib.ibf' from /usr/local/lib/hyphy/TemplateBatchFiles/SelectionAnalyses/modules/selection_lib.ibf
Loaded 'libv3/models/codon/BS_REL.bf' from /usr/local/lib/hyphy/TemplateBatchFiles/libv3/models/codon/BS_REL.bf
Already loaded '../codon.bf' from /usr/local/lib/hyphy/TemplateBatchFiles/libv3/models/codon.bf
Already loaded '../DNA.bf' from /usr/local/lib/hyphy/TemplateBatchFiles/libv3/models/DNA.bf
Already loaded '../parameters.bf' from /usr/local/lib/hyphy/TemplateBatchFiles/libv3/models/parameters.bf
Already loaded '../frequencies.bf' from /usr/local/lib/hyphy/TemplateBatchFiles/libv3/models/frequencies.bf
Already loaded '../../UtilityFunctions.bf' from /usr/local/lib/hyphy/TemplateBatchFiles/libv3/UtilityFunctions.bf
Already loaded 'MG_REV.bf' from /usr/local/lib/hyphy/TemplateBatchFiles/libv3/models/codon/MG_REV.bf
Loaded '../../convenience/math.bf' from /usr/local/lib/hyphy/TemplateBatchFiles/libv3/convenience/math.bf
Already loaded 'libv3/UtilityFunctions.bf' from /usr/local/lib/hyphy/TemplateBatchFiles/libv3/UtilityFunctions.bf
Already loaded 'libv3/convenience/math.bf' from /usr/local/lib/hyphy/TemplateBatchFiles/libv3/convenience/math.bf
Loaded 'libv3/tasks/mpi.bf' from /usr/local/lib/hyphy/TemplateBatchFiles/libv3/tasks/mpi.bf
Already loaded '../all-terms.bf' from /usr/local/lib/hyphy/TemplateBatchFiles/libv3/all-terms.bf
Already loaded '../models/parameters.bf' from /usr/local/lib/hyphy/TemplateBatchFiles/libv3/models/parameters.bf
Variable 'NORMALIZE_SEQUENCE_NAMES' was not initialized prior to being used
Variable 'ASSUME_REVERSIBLE_MODELS' was not initialized prior to being used
Loaded 'modules/shared-load-file.bf' from /usr/local/lib/hyphy/TemplateBatchFiles/SelectionAnalyses/modules/shared-load-file.bf
Variable 'MARKDOWN_OUTPUT' was not initialized prior to being used
Already loaded 'libv3/convenience/matrix.bf' from /usr/local/lib/hyphy/TemplateBatchFiles/libv3/convenience/matrix.bf
Already loaded 'libv3/UtilityFunctions.bf' from /usr/local/lib/hyphy/TemplateBatchFiles/libv3/UtilityFunctions.bf
Variable 'BgTjkLPG.skipCodeSelectionStep' was not initialized prior to being used
Row and/or column partition is empty. All the data will be used by default.
Variable 'NEXUS_FILE_TREE_MATRIX' was not initialized prior to being used
Variable 'utility.ToggleEnvVariable.cache' was not initialized prior to being used
Variable 'TREE_NODE_NAME_MAPPING' was not initialized prior to being used
Variable 'nVeEuvOz.PROMPT_FOR_FILE' was not initialized prior to being used
Variable 'END_OF_FILE' was not initialized prior to being used
Variable '_DO_TREE_REBALANCE_' was not initialized prior to being used
Variable '_KEEP_I_LABELS_' was not initialized prior to being used
Rooted topology. Removing one branch - the right root child has been promoted to be the new root
Variable 'INCLUDE_MODEL_SPECS' was not initialized prior to being used
Variable 'utility.ForEachPair.warn_non_rentrant' was not initialized prior to being used
Row and/or column partition is empty. All the data will be used by default.
Row and/or column partition is empty. All the data will be used by default.
Loaded 'modules/grid_compute.ibf' from /usr/local/lib/hyphy/TemplateBatchFiles/SelectionAnalyses/modules/grid_compute.ibf
Variable 'XvUcbdxt.cache' was not initialized prior to being used
Row and/or column partition is empty. All the data will be used by default.
Variable 'COUNT_GAPS_IN_FREQUENCIES' was not initialized prior to being used
Variable 'BlwRztFc.model_pi' was not initialized prior to being used
Model BlwRztFc.model assigned to Centrocercus_minimus
Model BlwRztFc.model assigned to Oxyura_jamaicensis
Model BlwRztFc.model assigned to Cygnus_atratus
Model BlwRztFc.model assigned to Anser_cygnoides
Model BlwRztFc.model assigned to Node5
Model BlwRztFc.model assigned to Node3
Model BlwRztFc.model assigned to Aythya_fuligula
Model BlwRztFc.model assigned to Anas_platyrhynchos
Model BlwRztFc.model assigned to Node8
The tips of the tree:BlwRztFc.tree_0 were matched with the species names from the data in the following numeric order (0-based) {0,2,1,3,4,5}

Pseudo-optimal path's cost 196 vs 312 for 1..k=> a 1.59184 x improvement
Partition 0 is ASSUMED to have a reversible model
Variable 'USE_LAST_RESULTS' was not initialized prior to being used
Variable 'BlwRztFc.tree_0.Centrocercus_minimus.t' was not initialized prior to being used
models.generic.SetBranchLength: BlwRztFc.tree_0.Centrocercus_minimus.t=213.0797771808217
Variable 'BlwRztFc.tree_0.Oxyura_jamaicensis.t' was not initialized prior to being used
models.generic.SetBranchLength: BlwRztFc.tree_0.Oxyura_jamaicensis.t=75.14358746605478
Variable 'BlwRztFc.tree_0.Cygnus_atratus.t' was not initialized prior to being used
models.generic.SetBranchLength: BlwRztFc.tree_0.Cygnus_atratus.t=54.04201611248357
Variable 'BlwRztFc.tree_0.Anser_cygnoides.t' was not initialized prior to being used
models.generic.SetBranchLength: BlwRztFc.tree_0.Anser_cygnoides.t=54.04201611248357
Variable 'BlwRztFc.tree_0.Node5.t' was not initialized prior to being used
models.generic.SetBranchLength: BlwRztFc.tree_0.Node5.t=21.10157135357121
Variable 'BlwRztFc.tree_0.Node3.t' was not initialized prior to being used
models.generic.SetBranchLength: BlwRztFc.tree_0.Node3.t=5.682041216617765
Variable 'BlwRztFc.tree_0.Aythya_fuligula.t' was not initialized prior to being used
models.generic.SetBranchLength: BlwRztFc.tree_0.Aythya_fuligula.t=41.20072415566695
Variable 'BlwRztFc.tree_0.Anas_platyrhynchos.t' was not initialized prior to being used
models.generic.SetBranchLength: BlwRztFc.tree_0.Anas_platyrhynchos.t=41.20072415566695
Variable 'BlwRztFc.tree_0.Node8.t' was not initialized prior to being used
models.generic.SetBranchLength: BlwRztFc.tree_0.Node8.t=39.62490455365542
Variable 'BlwRztFc.BlwRztFc.likelihoodFunction' was not initialized prior to being used
Variable 'SAVE_OPT_STATUS_TO' was not initialized prior to being used
Auto-benchmarked an optimal number (1) of threads.
Set GUI update interval to every 7692-th LF evaluation.
Optimization settings:
	OPTIMIZATION_METHOD = 4
	OPTIMIZATION_PRECISION = 0.001
	MAXIMUM_ITERATIONS_PER_VARIABLE = 5000

Initial parameter values

BlwRztFc.model.theta_CT = 1
BlwRztFc.model.theta_GT = 0.25
BlwRztFc.model.theta_CG = 0.25
BlwRztFc.model.theta_AC = 0.25
BlwRztFc.model.theta_AT = 0.25
BlwRztFc.tree_0.Centrocercus_minimus.t = 213.08
BlwRztFc.tree_0.Oxyura_jamaicensis.t = 75.1436
BlwRztFc.tree_0.Cygnus_atratus.t = 54.042
BlwRztFc.tree_0.Anser_cygnoides.t = 54.042
BlwRztFc.tree_0.Node5.t = 21.1016
BlwRztFc.tree_0.Node3.t = 5.68204
BlwRztFc.tree_0.Aythya_fuligula.t = 41.2007
BlwRztFc.tree_0.Anas_platyrhynchos.t = 41.2007
BlwRztFc.tree_0.Node8.t = 39.6249
Optimization finished in 27 loop passes.
1666 likelihood evaluation calls and 8076 matrix exponentiations calls were made

Variable 'BRANCH_LENGTH_STENCIL' was not initialized prior to being used
Variable 'BlwRztFc.option' was not initialized prior to being used
Variable 'relax.terms.json.nucleotide_gtr' was not initialized prior to being used
Variable 'Unknown' was not initialized prior to being used
Variable 'sTxFsuWv.initial_value' was not initialized prior to being used
Variable 'PcJjro_i.data_filter' was not initialized prior to being used
Row and/or column partition is empty. All the data will be used by default.
Auto-benchmarked an optimal number (3) of threads.
Set GUI update interval to every 3164-th LF evaluation.
Optimization settings:
	OPTIMIZATION_METHOD = 4
	OPTIMIZATION_PRECISION = 0.001
	MAXIMUM_ITERATIONS_PER_VARIABLE = 5000

Initial parameter values

frequencies._aux.CF3x4.p0_0 = 0.279077
frequencies._aux.CF3x4.p0_1 = 0.363825
frequencies._aux.CF3x4.p0_2 = 0.634641
frequencies._aux.CF3x4.p1_0 = 0.32554
frequencies._aux.CF3x4.p1_1 = 0.278222
frequencies._aux.CF3x4.p1_2 = 0.415025
frequencies._aux.CF3x4.p2_0 = 0.232914
frequencies._aux.CF3x4.p2_1 = 0.30676
frequencies._aux.CF3x4.p2_2 = 0.510147
Optimization finished in 7 loop passes.
282 likelihood evaluation calls and 0 matrix exponentiations calls were made

Variable 'PcJjro_i.model_MGREV_pi' was not initialized prior to being used
Model PcJjro_i.model_MGREV assigned to Centrocercus_minimus
Model PcJjro_i.model_MGREV assigned to Oxyura_jamaicensis
Model PcJjro_i.model_MGREV assigned to Cygnus_atratus
Model PcJjro_i.model_MGREV assigned to Anser_cygnoides
Model PcJjro_i.model_MGREV assigned to Node5
Model PcJjro_i.model_MGREV assigned to Node3
Model PcJjro_i.model_MGREV assigned to Aythya_fuligula
Model PcJjro_i.model_MGREV assigned to Anas_platyrhynchos
Model PcJjro_i.model_MGREV assigned to Node8
The tips of the tree:PcJjro_i.tree_0 were matched with the species names from the data in the following numeric order (0-based) {0,2,1,3,4,5}

Pseudo-optimal path's cost 696 vs 910 for 1..k=> a 1.30747 x improvement
Partition 0 is ASSUMED to have a reversible model
Variable 'PcJjro_i.PcJjro_i.likelihoodFunction' was not initialized prior to being used
Variable 'PcJjro_i.tree_0.Centrocercus_minimus.alpha' was not initialized prior to being used
Variable 'PcJjro_i.tree_0.Oxyura_jamaicensis.alpha' was not initialized prior to being used
Variable 'PcJjro_i.tree_0.Cygnus_atratus.alpha' was not initialized prior to being used
Variable 'PcJjro_i.tree_0.Anser_cygnoides.alpha' was not initialized prior to being used
Variable 'PcJjro_i.tree_0.Node5.alpha' was not initialized prior to being used
Variable 'PcJjro_i.tree_0.Node3.alpha' was not initialized prior to being used
Variable 'PcJjro_i.tree_0.Aythya_fuligula.alpha' was not initialized prior to being used
Variable 'PcJjro_i.tree_0.Anas_platyrhynchos.alpha' was not initialized prior to being used
Variable 'PcJjro_i.tree_0.Node8.alpha' was not initialized prior to being used
Site 14 evaluated to a 0 probability in ComputeTreeBlockByBranch
Site 82 evaluated to a 0 probability in ComputeTreeBlockByBranch
Site 14 evaluated to a 0 probability in ComputeTreeBlockByBranch
Auto-benchmarked an optimal number (1) of threads.
Set GUI update interval to every 53-th LF evaluation.
Initial guess for PcJjro_i.tree_0.Node3.alpha is 1.53196e-06
Initial guess for PcJjro_i.tree_0.Oxyura_jamaicensis.alpha is 0.000239056
Initial guess for PcJjro_i.tree_0.Node5.alpha is 7.49018e-06
Initial guess for PcJjro_i.tree_0.Cygnus_atratus.alpha is 2.70164e-05
Initial guess for PcJjro_i.tree_0.Anser_cygnoides.alpha is 3.74477e-06
Initial guess for PcJjro_i.tree_0.Node8.alpha is 2.15324e-05
Initial guess for PcJjro_i.tree_0.Aythya_fuligula.alpha is 1.1591e-05
Initial guess for PcJjro_i.tree_0.Anas_platyrhynchos.alpha is 7.6233e-06
Optimization settings:
	OPTIMIZATION_METHOD = 4
	OPTIMIZATION_PRECISION = 0.001
	MAXIMUM_ITERATIONS_PER_VARIABLE = 5000

Initial parameter values

PcJjro_i.model_MGREV.theta_GT = 1
PcJjro_i.model_MGREV.theta_CT = 1
PcJjro_i.model_MGREV.theta_AC = 1
PcJjro_i.model_MGREV.theta_CG = 1
PcJjro_i.model_MGREV.theta_AT = 1
PcJjro_i.model_MGREV.omega_0 = 1
PcJjro_i.tree_0.Centrocercus_minimus.alpha = 0.1
PcJjro_i.tree_0.Oxyura_jamaicensis.alpha = 0.000239056
PcJjro_i.tree_0.Cygnus_atratus.alpha = 2.70164e-05
PcJjro_i.tree_0.Anser_cygnoides.alpha = 3.74477e-06
PcJjro_i.tree_0.Node5.alpha = 7.49018e-06
PcJjro_i.tree_0.Node3.alpha = 1.53196e-06
PcJjro_i.tree_0.Aythya_fuligula.alpha = 1.1591e-05
PcJjro_i.tree_0.Anas_platyrhynchos.alpha = 7.6233e-06
PcJjro_i.tree_0.Node8.alpha = 2.15324e-05
PcJjro_i.model_MGREV.omega_1 = 1
Failing bound checks on PcJjro_i.tree_0.Node3.beta =         10001.85488502347
Optimization finished in 25 loop passes.
1637 likelihood evaluation calls and 7813 matrix exponentiations calls were made

Row and/or column partition is empty. All the data will be used by default.
Auto-benchmarked an optimal number (2) of threads.
Set GUI update interval to every 2923-th LF evaluation.
Optimization settings:
	OPTIMIZATION_METHOD = 4
	OPTIMIZATION_PRECISION = 0.001
	MAXIMUM_ITERATIONS_PER_VARIABLE = 5000

Initial parameter values

frequencies._aux.CF3x4.p0_0 = 0.279077
frequencies._aux.CF3x4.p0_1 = 0.363825
frequencies._aux.CF3x4.p0_2 = 0.634641
frequencies._aux.CF3x4.p1_0 = 0.32554
frequencies._aux.CF3x4.p1_1 = 0.278222
frequencies._aux.CF3x4.p1_2 = 0.415025
frequencies._aux.CF3x4.p2_0 = 0.232914
frequencies._aux.CF3x4.p2_1 = 0.30676
frequencies._aux.CF3x4.p2_2 = 0.510147
Optimization finished in 7 loop passes.
281 likelihood evaluation calls and 0 matrix exponentiations calls were made

Variable 'PcJjro_i.model_MGREV_pi' was not initialized prior to being used
Model PcJjro_i.model_MGREV assigned to Centrocercus_minimus
Model PcJjro_i.model_MGREV assigned to Oxyura_jamaicensis
Model PcJjro_i.model_MGREV assigned to Cygnus_atratus
Model PcJjro_i.model_MGREV assigned to Anser_cygnoides
Model PcJjro_i.model_MGREV assigned to Node5
Model PcJjro_i.model_MGREV assigned to Node3
Model PcJjro_i.model_MGREV assigned to Aythya_fuligula
Model PcJjro_i.model_MGREV assigned to Anas_platyrhynchos
Model PcJjro_i.model_MGREV assigned to Node8
The tips of the tree:PcJjro_i.tree_0 were matched with the species names from the data in the following numeric order (0-based) {0,2,1,3,4,5}

Pseudo-optimal path's cost 696 vs 910 for 1..k=> a 1.30747 x improvement
Partition 0 is ASSUMED to have a reversible model
Variable 'PcJjro_i.tree_0.Aythya_fuligula.alpha' was not initialized prior to being used
Variable 'PcJjro_i.tree_0.Node3.alpha' was not initialized prior to being used
Variable 'PcJjro_i.tree_0.Anas_platyrhynchos.alpha' was not initialized prior to being used
Variable 'PcJjro_i.tree_0.Node5.alpha' was not initialized prior to being used
Variable 'PcJjro_i.tree_0.Anser_cygnoides.alpha' was not initialized prior to being used
Variable 'PcJjro_i.tree_0.Cygnus_atratus.alpha' was not initialized prior to being used
Variable 'PcJjro_i.tree_0.Centrocercus_minimus.alpha' was not initialized prior to being used
Variable 'PcJjro_i.tree_0.Oxyura_jamaicensis.alpha' was not initialized prior to being used
Variable 'PcJjro_i.tree_0.Node8.alpha' was not initialized prior to being used
Site 14 evaluated to a 0 probability in ComputeTreeBlockByBranch
Site 82 evaluated to a 0 probability in ComputeTreeBlockByBranch
Site 14 evaluated to a 0 probability in ComputeTreeBlockByBranch
Auto-benchmarked an optimal number (1) of threads.
Set GUI update interval to every 415-th LF evaluation.
Initial guess for PcJjro_i.tree_0.Node3.alpha is 1.53196e-06
Initial guess for PcJjro_i.tree_0.Oxyura_jamaicensis.alpha is 0.000239056
Initial guess for PcJjro_i.tree_0.Node5.alpha is 7.49018e-06
Initial guess for PcJjro_i.tree_0.Cygnus_atratus.alpha is 2.70164e-05
Initial guess for PcJjro_i.tree_0.Anser_cygnoides.alpha is 3.74477e-06
Initial guess for PcJjro_i.tree_0.Node8.alpha is 2.15324e-05
Initial guess for PcJjro_i.tree_0.Aythya_fuligula.alpha is 1.1591e-05
Initial guess for PcJjro_i.tree_0.Anas_platyrhynchos.alpha is 7.6233e-06
Optimization settings:
	OPTIMIZATION_METHOD = 4
	OPTIMIZATION_PRECISION = 0.001
	MAXIMUM_ITERATIONS_PER_VARIABLE = 5000

Initial parameter values

PcJjro_i.model_MGREV.theta_CG = 1
PcJjro_i.model_MGREV.theta_CT = 1
PcJjro_i.model_MGREV.theta_GT = 1
PcJjro_i.model_MGREV.theta_AT = 1
PcJjro_i.model_MGREV.theta_AC = 1
PcJjro_i.model_MGREV.omega_0 = 1
PcJjro_i.tree_0.Centrocercus_minimus.alpha = 0.1
PcJjro_i.tree_0.Oxyura_jamaicensis.alpha = 0.000239056
PcJjro_i.tree_0.Cygnus_atratus.alpha = 2.70164e-05
PcJjro_i.tree_0.Anser_cygnoides.alpha = 3.74477e-06
PcJjro_i.tree_0.Node5.alpha = 7.49018e-06
PcJjro_i.tree_0.Node3.alpha = 1.53196e-06
PcJjro_i.tree_0.Aythya_fuligula.alpha = 1.1591e-05
PcJjro_i.tree_0.Anas_platyrhynchos.alpha = 7.6233e-06
PcJjro_i.tree_0.Node8.alpha = 2.15324e-05
PcJjro_i.model_MGREV.omega_1 = 1
Failing bound checks on PcJjro_i.tree_0.Node3.beta =         10001.85488502347
Optimization finished in 23 loop passes.
1553 likelihood evaluation calls and 7437 matrix exponentiations calls were made

Overwritten previously defined function:'ASvMCqjG.rate_generator'
Overwritten previously defined function:'ASvMCqjG.rate_generator'
Auto-benchmarked an optimal number (2) of threads.
Set GUI update interval to every 2873-th LF evaluation.
Optimization settings:
	OPTIMIZATION_METHOD = 4
	OPTIMIZATION_PRECISION = 0.001
	MAXIMUM_ITERATIONS_PER_VARIABLE = 5000

Initial parameter values

frequencies._aux.CF3x4.p0_0 = 0.279077
frequencies._aux.CF3x4.p0_1 = 0.363825
frequencies._aux.CF3x4.p0_2 = 0.634641
frequencies._aux.CF3x4.p1_0 = 0.32554
frequencies._aux.CF3x4.p1_1 = 0.278222
frequencies._aux.CF3x4.p1_2 = 0.415025
frequencies._aux.CF3x4.p2_0 = 0.232914
frequencies._aux.CF3x4.p2_1 = 0.30676
frequencies._aux.CF3x4.p2_2 = 0.510147
Optimization finished in 7 loop passes.
281 likelihood evaluation calls and 0 matrix exponentiations calls were made

Variable 'relax.test_pi' was not initialized prior to being used
Overwritten previously defined function:'ASvMCqjG.rate_generator'
Overwritten previously defined function:'ASvMCqjG.rate_generator'
Overwritten previously defined function:'ASvMCqjG.rate_generator'
Auto-benchmarked an optimal number (4) of threads.
Set GUI update interval to every 2873-th LF evaluation.
Optimization settings:
	OPTIMIZATION_METHOD = 4
	OPTIMIZATION_PRECISION = 0.001
	MAXIMUM_ITERATIONS_PER_VARIABLE = 5000

Initial parameter values

frequencies._aux.CF3x4.p0_0 = 0.279077
frequencies._aux.CF3x4.p0_1 = 0.363825
frequencies._aux.CF3x4.p0_2 = 0.634641
frequencies._aux.CF3x4.p1_0 = 0.32554
frequencies._aux.CF3x4.p1_1 = 0.278222
frequencies._aux.CF3x4.p1_2 = 0.415025
frequencies._aux.CF3x4.p2_0 = 0.232914
frequencies._aux.CF3x4.p2_1 = 0.30676
frequencies._aux.CF3x4.p2_2 = 0.510147
Optimization finished in 7 loop passes.
283 likelihood evaluation calls and 0 matrix exponentiations calls were made

Variable 'relax.reference_pi' was not initialized prior to being used
No nodel was assigned to Centrocercus_minimus
No nodel was assigned to Oxyura_jamaicensis
No nodel was assigned to Cygnus_atratus
No nodel was assigned to Anser_cygnoides
No nodel was assigned to Node5
No nodel was assigned to Node3
No nodel was assigned to Aythya_fuligula
No nodel was assigned to Anas_platyrhynchos
No nodel was assigned to Node8
The tips of the tree:YffVCSWZ.tree_id_0 were matched with the species names from the data in the following numeric order (0-based) {0,2,1,3,4,5}

Pseudo-optimal path's cost 696 vs 910 for 1..k=> a 1.30747 x improvement
Partition 0 is ASSUMED to have a reversible model
relax.reference.theta_AC was already constrained in estimators.SetGlobals2
relax.reference.theta_AG was already constrained in estimators.SetGlobals2
relax.reference.theta_AT was already constrained in estimators.SetGlobals2
relax.reference.theta_CG was already constrained in estimators.SetGlobals2
relax.reference.theta_CT was already constrained in estimators.SetGlobals2
relax.reference.theta_GT was already constrained in estimators.SetGlobals2
relax.test.theta_AG was already constrained in estimators.SetGlobals2
Variable 'YffVCSWZ.tree_id_0.Centrocercus_minimus.t' was not initialized prior to being used
models.generic.SetBranchLength: YffVCSWZ.tree_id_0.Centrocercus_minimus.t=1.464620673397673
Variable 'YffVCSWZ.tree_id_0.Oxyura_jamaicensis.t' was not initialized prior to being used
models.generic.SetBranchLength: YffVCSWZ.tree_id_0.Oxyura_jamaicensis.t=0.1474867686808847
Variable 'YffVCSWZ.tree_id_0.Cygnus_atratus.t' was not initialized prior to being used
models.generic.SetBranchLength: YffVCSWZ.tree_id_0.Cygnus_atratus.t=0.01997503502295718
Variable 'YffVCSWZ.tree_id_0.Anser_cygnoides.t' was not initialized prior to being used
models.generic.SetBranchLength: YffVCSWZ.tree_id_0.Anser_cygnoides.t=0.0603176043581735
Variable 'YffVCSWZ.tree_id_0.Node5.t' was not initialized prior to being used
models.generic.SetBranchLength: YffVCSWZ.tree_id_0.Node5.t=0.03466229097581639
Variable 'YffVCSWZ.tree_id_0.Node3.t' was not initialized prior to being used
models.generic.SetBranchLength: YffVCSWZ.tree_id_0.Node3.t=0.03864721035200398
Variable 'YffVCSWZ.tree_id_0.Aythya_fuligula.t' was not initialized prior to being used
models.generic.SetBranchLength: YffVCSWZ.tree_id_0.Aythya_fuligula.t=0.03982822389035574
Variable 'YffVCSWZ.tree_id_0.Anas_platyrhynchos.t' was not initialized prior to being used
models.generic.SetBranchLength: YffVCSWZ.tree_id_0.Anas_platyrhynchos.t=0.06054348612945232
Variable 'YffVCSWZ.tree_id_0.Node8.t' was not initialized prior to being used
models.generic.SetBranchLength: YffVCSWZ.tree_id_0.Node8.t=0.08923537994101534
Variable 'YffVCSWZ.YffVCSWZ.likelihoodFunction' was not initialized prior to being used
Auto-benchmarked an optimal number (1) of threads.
Set GUI update interval to every 34-th LF evaluation.
Optimization settings:
	OPTIMIZATION_METHOD = 4
	OPTIMIZATION_PRECISION = 0.001
	MAXIMUM_ITERATIONS_PER_VARIABLE = 5000

Initial parameter values

relax.reference.omega3 = 7.27482
relax.reference.omega2 = 0.4601
relax.reference.bsrel_mixture_aux_0 = 0.45
relax.test.theta_GT = 0.282641
relax.reference.omega1 = 0.145496
relax.reference.bsrel_mixture_aux_1 = 0.818182
relax.test.theta_CT = 1.09456
relax.test.theta_AC = 0.210248
relax.test.theta_AT = 0.220189
relax.test.theta_CG = 0.266467
relax.K = 1
YffVCSWZ.tree_id_0.Centrocercus_minimus.t = 1.46462
YffVCSWZ.tree_id_0.Oxyura_jamaicensis.t = 0.147487
YffVCSWZ.tree_id_0.Cygnus_atratus.t = 0.019975
YffVCSWZ.tree_id_0.Anser_cygnoides.t = 0.0603176
YffVCSWZ.tree_id_0.Node5.t = 0.0346623
YffVCSWZ.tree_id_0.Node3.t = 0.0386472
YffVCSWZ.tree_id_0.Aythya_fuligula.t = 0.0398282
YffVCSWZ.tree_id_0.Anas_platyrhynchos.t = 0.0605435
YffVCSWZ.tree_id_0.Node8.t = 0.0892354
Optimization finished in 16 loop passes.
1596 likelihood evaluation calls and 29991 matrix exponentiations calls were made

Variable 'MPI_NODE_COUNT' was not initialized prior to being used
Variable 'YiBbJbkc.YffVCSWZ.likelihoodFunction' was not initialized prior to being used
Auto-benchmarked an optimal number (2) of threads.
Set GUI update interval to every 81-th LF evaluation.
Optimization settings:
	OPTIMIZATION_METHOD = 4
	OPTIMIZATION_PRECISION = 0.001
	MAXIMUM_ITERATIONS_PER_VARIABLE = 5000

Initial parameter values

relax.reference.omega3 = 1.02338
relax.reference.omega2 = 0.515393
relax.reference.bsrel_mixture_aux_0 = 0.518632
relax.test.theta_GT = 0.279732
relax.reference.omega1 = 0
relax.reference.bsrel_mixture_aux_1 = 1
relax.test.theta_CT = 1.10761
relax.test.theta_AC = 0.193185
relax.test.theta_AT = 0.22627
relax.test.theta_CG = 0.257104
YffVCSWZ.tree_id_0.Centrocercus_minimus.t = 0.822131
YffVCSWZ.tree_id_0.Oxyura_jamaicensis.t = 0.104659
YffVCSWZ.tree_id_0.Cygnus_atratus.t = 0.0141185
YffVCSWZ.tree_id_0.Anser_cygnoides.t = 0.0423915
YffVCSWZ.tree_id_0.Node5.t = 0.0247255
YffVCSWZ.tree_id_0.Node3.t = 0.0274455
YffVCSWZ.tree_id_0.Aythya_fuligula.t = 0.0281199
YffVCSWZ.tree_id_0.Anas_platyrhynchos.t = 0.0427304
YffVCSWZ.tree_id_0.Node8.t = 0.0628097
Optimization finished in 18 loop passes.
1435 likelihood evaluation calls and 27951 matrix exponentiations calls were made

Variable 'USE_JSON_FOR_MATRIX' was not initialized prior to being used