
Before deleting alignment gaps
     19    450

Ailuropoda_melanoleuca          ATG --- --- --- --- --- --- --- --- --- --- --- --- --- CCA TGG TCT CTG GGG AAA CTG GCC TTT TCT CTG AGT GTA GTG GCT GGC GGG AGC TGC ACC CTT ACA TAT TAC CTT ATA CAA AAA GCT TTT ACC AAG ACG TCC TAT TAC CAG CTG GCA TTG GAG CAG CTG CAC AGC CAC CCC GAG GCC CTG GAA GCT CTG GGC GCT CCT CTC AAC GTC CAC TAT CTC CAC CTC ATC GAC AGG GCC AAC TTC GTG GAC ATC GCC AAT GCC CAG TTG AAG ATT CCT GTC TCT GGA TCC AAG GCA GAA GGC CAT CTC CAT GTC AGC TCA TCC AGA CAT GCC CCC TTT CAG AGG TGG CAC CTT CAG GAA GTC TTC TTA AAG CTT GAG GAT GGT CAG CAG ATT CCT GTG TTC AAG --- GTC AGT GGG AAC ACT GAT CAT GAA GTA AAA AAG GAG 
Callorhinus_ursinus             ATG --- --- --- --- --- --- --- --- --- --- --- --- --- CCA TGG TCT CTG GGG AAA CTG GTC TTT TAT TCC AGC GTG GTG GCC AGT GGG ACC TGC ACC CTT ACA TAT TAC CTG ATA CAA AAG GCT TTT TCC AAG GCT TCC TAT TAC CAG CAG GCA TTG GAA CAG CTG CAT GGC CAC CCC GAG GCC CTG GAA GCC CTG GGC ACT CCC CTC AAT GTC CAC TAT CTC CGC CTC ACC GAC AAG TAC AAC TTC GTG GAC ATT GCT GAA GCC CAG TTG AAG ATT CCT GTC TCT GGA CCC AAG TCA GAG GGC CAT CTC CAT GTC ATC TCA TCG AGA AAT GCT CCC TTT CAG AGG TGG CAC CTT CAG GAG GTC TTC TTA AAG CTT GAG GAT GGT CAG CAG ATT CCC GTG TTC AAG --- CTC AGT GGG AAC ACT GGT CAT GAA GTA GAA AAG GAG 
Canis_lupus                     ATG --- --- --- --- --- --- --- --- --- --- --- --- --- CCA TTG CCT CTG GGG AGA CTG CTC TTT TTT TCC AGT GTG GTG ACC AGC GGG AGC TGT ACC CTT ATA TAT TAC CTT ATA CAA AAA GCT TTC TCC AAG GCT TCC TAT TAC CAG CTG GCA TTG GAG CAG CTG CAC AGC CGC CCT GAG GCC CTG GAA GCC CTG GGC CCT CCT CTC CAC ATC CAC TAT CTC CAC CTC ACT GAC AAG TAC AAC TTT GTG GAC ATT GCT GAT GCC CAG TTG AAG ATT CCT GTC TCT GGA TCC AAG TCA GAG GGC CAT CTC TAT GTC AGC TCA TCC AGA GAT GCC CCC TTT CAG AGG TGG CAC CTT CAG GAG GTC TTC TTA AAG CTC AAG GAT GGT CAG CAG ATT CCT GTG TTC AAG --- CAC AGT GGG AAC AGT GGT CAT GAA GTC AAA GAG GAG 
Enhydra_lutris                  ATG --- --- --- --- --- --- --- --- --- --- --- --- --- CCG TGG GCG TTC GGC CGC CTG GTG CTG TCC TCG GGC GCG CTG GCC GGC GGC AGC TGT GCG CTC GTC TAT TAC CTG ACG CAG AAG GCC TTC TCC AAG GCT TCC TAT TAC CAG CTG GCC CTG GAG CAG CTG CAC AGC CAC CCT GAG GCC CTG GAA GCC CTG GGC GCC CCT CTC AGC GCG CAC CAC CTC CAG CTC TCC GAC AGG GAC AAC TTC GTG GAC ATC GCC AGC GCC CGG CTG AAG ATT CCG GTC TCT GGC TCC AAG TCC CAG GGT CTT CTC CAC GTC CAC TCA TCC CGA GAC GGC CCC TTT CAG AGA TGG CGC CTT CAG GAG GTC GTC TTA AAG CTT CAG GAT GGT CAG CAG ATT CCC GTG TTC AAG --- CTC AGT GAG AAC CCG GGT CAT GAA GTA GAA AAC AAG 
Eumetopias_jubatus              ATG --- --- --- --- --- --- --- --- --- --- --- --- --- CCA TGG TCT CTG GGG AAA CTG GTC TTT TAT TCC AGC GTG GTG GCC AGT GGG ACC TGC ACC CTT ACA TAT TAC CTG ATA CAA AAG GCT TTT TCC AAG GCT TCC TAT TAC CAG CAG GCA TTG GAA CAG CTG CAT GGC CAC CCC GAG GCC CTG GAA GCC CTG GGC ACT CCC CTC AAT GTC CAC TAT CTC CGC CTC ACC GAC AAG TAC AAC TTC GTG GAC ATT GCC GAA GCC CAG TTG AAG ATT CCT GTC TCT GGA CCC AAG TCA GAG GGC CAT CTC CAT GTC ATC TCA TCG AGA AAT GCT CCC TTT CAG AGG TGG CAC CTT CAG GAG GTC TTC TTA AAG CTT GAG GAT GGT CAG CAG ATT CCC GTG TTC AAG --- CTC AGT GGG AAC ACT GGT CAT GAA GTA GAA AAG GAT 
Leptonychotes_weddellii         ATG GTC TCA GGG GAA ACT GGT CTT TTA TTC CAG CGT GGT GGC CAG TGG GAC CCG --- --- --- --- --- --- --- --- --- --- --- --- --- --- --- TAC CTT ACA TAT TGC CTG ATA CAA AAG GCT TTT TCC AAG GCT ACC TAT TAC CAG CAG GCA TTG GAA CAG CTG CAT GGC CAC CCC GAG GCC CTG GAA GCC CTG GGC ACT CCC CTC AAT GTC CAC TGT CTC CGC CTC ACT GAC AAG TAC AAC TTC GTG GAC ATT GCC GAA GCC CAG TTG AAG ATT CCT GTC TCT GGA CCC AAG TCA GAG GGC CAT CTT CAT GTC ATC TCA TCA AGA GAT GCC CCC TTT CAG AGG TGG CAC CTT CAG GAG GTC TTC TTA AAG CTT GAG GAT GGT CAG CAG ATT CCC GTG TTC AAG --- CTC AGT GGG AAC ACT GGT CGT GAA GTA AAA AAG GAG 
Lontra_canadensis               ATG --- --- --- --- --- --- --- --- --- --- --- --- --- CCG TGG GCG TTC GGC CGC CTG GTG CTG TCC TCG GGC GCG CTG GCC GGC GGC AGC TGC GCG CTC GTC TAT TAC CTG ACC CAG AAG GCC TTC TCC AAG GCT TCC TAT TAC CAG CTG GCC CTG GAG CAG CTG CAC AGC CGC CCT GAG GCC CTG GAA GCC CTG GGC GCT CCT CTC AGC GTG CAC CAC CTC CAC CTC ACC GAC AGG GAC AAC TTC GTG GAC ATC GCC AGC GCC CGG CTG AAG ATT CCG GTC TCT GGC TCC AAG TCC CAG GGT CTT CTC CAC GTC CAC TCA TCC CGA GAC GGC CCC TTT CAG AGG TGG CGC CTT CAG GAG GTC GTC TTA AAG CTT CAG GAT GGT CAG CAG ATT CCC GTG TTC AAG --- CTC AGT GAG AAC ACG GGT CAT GAA GTA GAA AAC AAG 
Mirounga_leonina                ATG GTC TCA GGG GAA ACT GGT CTT TTA TTC CAG CGT GGT GGC CAG TGG GAC CTG --- --- --- --- --- --- --- --- --- --- --- --- --- --- --- TAC CTT ACA TAT TGC CTG ATA CAA AAG GCT TTT TCC AAG GCT ACC TAT TAC CAG CAG GCA TTG GAA CAG CTG CAT GGC CAC CCC AAG GCC CTG GAA GCC CTG GGC ACT CCC CTC AAT GTC CAC TGT CTC CAC CTC ACT GAC AAG TAC AAC TTC GTG GAC ATT GCC GAA GCC CAG TTG AAG ATT CCT GTC TCT GGA CCC AAG TCA GAG GGC CAT CTG CAT GTC ATC TCA TCA AGA GAT GCC CCC TTT CAG AGG TGG CAC CTT CAG GAG GTC TTC TTA AAG CTT GAG GAT GGT CAG CAG ATT CCC GTG TTC AAG --- CTC AGT GGG AAC ACT GGT CGT GAA GTA AAA AAG GAG 
Monachus_schauinslandi          ATG GTC TCA GGG GAA ACT GGT CTT TTA TTC CAG CGT GGT GGC CAG TGG GAC CTG --- --- --- --- --- --- --- --- --- --- --- --- --- --- --- TAC CTT ACA TAT TGC CTG ATA CAA AAG GCT TTT TCC AAG GCT TCC TAT TAC CAG CAG GCA TTG GAA CAG CTG CAT GGC CAC CCC GAG GCC CTG GAA GCC CTG GGC ACT CCC CTC AAT GTC CAC TGT CTC CGC CTC ACT GAC AAG TAC AAC TTC GTG GAC ATT GCC GAA GCC CAG TTG AAG ATT CCT GTC TCT GGA CCC AAG TCA GAG GGC CAT CTC CAT GTC ATC TCA TCA AGA GAT GCC CCC TTT CAG AGG TGG CAC CTT CAG GAG GTC TTC TTA AAG CTT GAG GAT GGT CAG CTG GTT CCC GTG TTC AAG --- CTC AGT GGG AAC ACT GGT CGT GAA GTA AAA AAG GAG 
Mustela_putorius                ATG --- --- --- --- --- --- --- --- --- --- --- --- --- CCA TGG GCG TTG GGC CGA ATG GTC CTG TCC TCG GGC GCG CTG GCC GCT GGC AGC TGC GCC CTC ATC TAT TAC CTG ACG CAG AAG GCC TTC TCC AAG GCT TCC TAT TAC CAG CTG GCC CTG GAG CAG CTG CAC AGC CGC CCC GAG GCC CTG GAA GCC CTG GGC GCT CCT CTC AGC GTG CAC CAC CTC CAC CTC ACC GAC AGG GAC AAC TTC GTG GAC ATC ACC AGC GCC CGG CTG AAG ATT CCG GTC TCT GGC TCC AAA TCC CAG GGT CTT CTC CAC GTC CAC TCA TCC CGA GAC GGC CCC TTT CAG AGG TGG CGC CTT CAG GAG GTC TTC TTA AAG CTT CAG GAT GGG CAG CAG ATT CCC GTG TTC AAG --- CTC AGT GAG AAC ACG GGT CAT GAA GTA GAA AAC GAG 
Neovison_vison                  ATG --- --- --- --- --- --- --- --- --- --- --- --- --- CCG TGG GCG TTC GGC CGA ATG GTC CTG TCC TCC GGC GCG CTG GCC GCT GGC ACC TGC GCG CTC ATC TAT TAC CTG ACG CAG AAG GCC TTC TCC AAG GCT TCC TAT TAC CAG CTG GCC CTG GAG CAG CTG CAC AGC CGC CCT GAG GCC CTG GAA GCC CTG GGC GCT CCT CTC AGC GTG CAC CAC CTC CAC CTC ACT GAC AGG GAC AAC TTC GTG GAC ATC GCC AGC GCC CGG CTG AAG ATT CCG GTC TCT GGC TCT AAG TCC CAG GGT CTT CTC CAC GTC CAC TCA TCC CGA GAC GGC CCC TTT CAG AGG TGG CGC CTT CAG GAG GTC TTC TTA AAG CTT CAG GAT GGG CAG CAG ATT CCC GTG TTC AAG --- CTC AGT GAG AAC ACG GGT CAT GAA GTA GAA AAC GAG 
Odobenus_rosmarus               ATG --- --- --- --- --- --- --- --- --- --- --- --- --- CCC TGG TCC CTG GGG AAA CTG GTC TTT TAT TCC AGC GTG GTG GCC AGT GGG GCC TGC ACC CTT ACA TAT TAC CTG ATA CAA AAG GCT TTT TCC AAG GCT TCC TAT TAC CAG CAG GCA TTG GAA CAG CTG CAT GGC CAC CCC GAG GCC CTG GAA GCC CTG GGC ACT CCC CTC AAT GTC CAC TAT CTC CGC CTC ACC GAC AAG TAC AAC TTC GTG GAC ATT GCC AAA GCC CAG TTG AAG ATT CCT GTC TCT GGA CCC AAG TCA GAG GGC CAT CTC CAT GTC ATC TCA TCG AGA AAT GCT CCC TTT CAG AGG TGG CAC CTT CAG GAG GTC TTC TTA AAG CTT GAG GAT GGT CAG CAG ATT CCC ATG TTC AAG --- CTC AGT GGG AAC ACT GGT CAT GAA GTA GAA AAG GAG 
Phoca_vitulina                  ATG --- --- --- --- --- --- --- --- --- --- --- --- --- CCA TGG TCT CAG GGG AAA CTG GTC TTT TAT TCC AGC GTG GTG GCC AGT GGG ACC TGT ACC CTT ACA TAC TAC CTG ATA CAA AAG GCT TTT TCC AAG GCT TCC TAT TAC CAG GAG GCG TTG GAA CAG CTG CAG GGC CAC CCC GAG GCC CTG GAA GCC CTG GGC ACT CCC CTC AAT GTC CAC TGT CTC CGC CTC ACT GAC AAG TAC AAC TTC GTG GAC ATT GCT GAA GCC CAG TTG AAG ATT CCT GTC TCT GGA CCC AAG TCA GAG GGC CAT CTC CAT GTC ATC TCA TCA AGA GAT GCC CCC TTT CAG AGG TGG CAC CTT CAG GAG GTC TTC TTA AAG CTT GAG GAT GGT CAG CAG ATT CCC GTG TTC AAG --- CTC AGT GGG AAC ACT GGT CAT GAA GTA AAA AAG GAG 
Ursus_americanus                ATG --- --- --- --- --- --- --- --- --- --- --- --- --- CCA TGG TCT CTG GGG AAA CTG GTC TTT TCT GCG AGC GTG GTG GCA GGC GGG GGC TGC ACC GTT GCA TAT TAC CTT ATA CAA AAA GCT TTT ACC AAG ACG TCC TAT TAT CAG CTG GCA TTG GAG CAG CTG CAC AGC CAC CCC GAG GCC CTG GAA GCT CTG GGC GCT CCT CTC AAC GTC CAC TGT CTC CAC CTC ATC GAC AGG GCC AAC TTC GTG GAC ATC GTC AAC GCC CAG TTG AAG ATT CCT GTC TCT GGA CCC AAG GCA GAG GGC CAT CTC CAT GTC AGC TCA TCC AGA GAC GCC CCC TTT CAG AGG TGG CGC CTT CAG GAA GTC TTC TTA AAG CTT GAG GAC GGT CAG CAG ATT CCT GTG TTC AAG --- GTC AGT GGG AAC ACT GAG CAT GAA GTA AAA ACG GAG 
Ursus_arctos                    ATG --- --- --- --- --- --- --- --- --- --- --- --- --- CCA TGG TCT CTG GGG AAA CTG GTC TTT TCT GCG AGC GTG GTG GCA GGC GGG AGC TGC GCC GTT ACA TAT TAC CTT ATA CAG AAA GCT TTT ACC AAG ACG TCC TAT TAT CAG CTG GCA TTG GAG CAG CTG CAC AGC CAC CCC GAG GCC CTG GAA GCT CTG GGC GCT CCT CTC AAC GTC CAC TGT CTC CAC CTC ATC GAC AGG GCC AAC TTC GTG GAC ATC GTC AAC GCC CAG TTG AAG ATT CCT GTC TCT GGA CCC AAG GCA GAG GGC CAT CTC CAT GTC AGC TCA TCC AGA GAC GCC CCC TTT CAG AGG TGG CGC CTT CAG GAA GTC TTC TTA AAG CTT GAG GAC GGT CAG CAG ATT CCT CTG TTC AAG --- GTC AGT GGG AAC ACT GAG CAT GAA GTA AAA ACG GAG 
Ursus_maritimus                 ATG --- --- --- --- --- --- --- --- --- --- --- --- --- CCA TGG TCT CTG GGG AAA CTG GTC TTT TCT GCG AGC GTG GTG GCA GGC GGG AGC TGC GCC GTT ACA TAT TAC CTT ATA CAG AAA GCT TTT ACC AAG ACG TCC TAT TAT CAG CTG GCA TTG GAG CAG CTG CAC AGC CAC CCC GAG GCC CTG GAA GCT CTG GGC GCT CCT CTC AAC GTC CAC TGT CTC CAC CTC ATC GAC AGG GCC AAC TTC GTG GAC ATC GTC AAC GCC CAG TTG AAG ATT CCT GTC TCT GGA CCC AAG GCA GAG GGC CAT CTC CAT GTC AGC TCA TCC AGA GAC GCC CCC TTT CAG AGG TGG CGC CTT CAG GAA GTC TTC TTA AAG CTT GAG GAC GGT CAG CAG ATT CCT CTG TTC AAG --- GTC AGT GGG AAC ACT GAG CAT GAA GTA AAA ACG GAG 
Ursus_thibetanus                ATG --- --- --- --- --- --- --- --- --- --- --- --- --- CCA TGG TCT CTG GGG AAA CTG GTC TTT TCT GCG AGC GTG GTG GCA GGC GGG AGC TGC ACC GTT ACA TAT TAC CTT ATA CAA AAA GCT TTT ACC AAG ACG TCC TAT TAT CAG CTG GCA TTG GAG CAG CTG CAC AGC CAC CCC GAG GCC CTG GAA GCT CTG GGC GCT CCT CTC AAC GTC CAC TGT CTC CAC CTC ATC GAC AGG GCC AAC TTC GTG GAC ATC GTC AAC GCC CAG TTG AAG ATT CCT GTC TCT GGA CCC AAG GCA GAG GGC CAT CTC CAT GTC AGC TCA TCC AGA GAC GCC CCC TTT CAG AGG TGG CGC CTT CAG GAA GTC TTC TTA AAG CTT GAG GAC GGT CAG CAG ATT CCT GTG TTC AAG --- GTC AGT GGG AAC ACT GAG CAT GAA GTA AAA ACG GAG 
Vulpes_vulpes                   ATG --- --- --- --- --- --- --- --- --- --- --- --- --- CCA TTG CCT CTG GGG AGA CTG CTC TTT TTT TCC GGT GTG GTG ACC AGC GGG AGC TGT ACC CTT ATA TAT TAC CTT ATA CAA AAA GCT TTC TCC AAG GCT TCC TAT TAC CAG CTG GCA TTG GAG CAG CTG CAC AGC CGC CCT GAA GCC CTG GAA GCC CTG GGC CCT CCT CTC CAC ATC CAC TAT CTC CAC CTC ACT GAC AAG TAC AAC TTT GTG GAC ATT GCC GAT GCC CAG TTG AAG ATT CCT GTC TCT GGA TCC AAG TCA GAG GGC CAT CTC TAT GTC AGC TCA TCC AGA GAT GCC CCC TTT CAG AGG TGG CAC CTT CAG GAG GTC TTC TTA AAG CTC AAG GAT GGT CAG CAG ATT CCT GTG TTC AGC GGG AAC AGC GGG AAC AGT GGT CAT GAA GTC AAA GAG GAG 
Zalophus_californianus          ATG --- --- --- --- --- --- --- --- --- --- --- --- --- CCA TGG TCT CTG GGG AAA CTG GTC TTT TAT TCC AGC GTG GTG GCC AGT GGG ACC TGC ACC CTT ACA TAT TAC CTG ATA CAA AAG GCT TTT TCC AAG GCT TCC TAT TAC CAG CAG GCA TTG GAA CAG CTG CAT GGC CAC CCC GAG GCC CTG GAA GCC CTG GGC ACT CCC CTC AAT GTC CAC TAT CTC CGC CTC ACC GAC AAG TAC AAC TTC GTG GAC ATT GCC GAA GCC CAG TTG AAG ATT CCT GTC TCT GGA CCC AAG TCA GAG GGC CAT CTC CAT GTC ATC TCA TCG AGA AAT GCT CCC TTT CAG AGG TGG CAC CTT CAG GAG GTC TTC TTA AAG CTT GAG GAT GGT CAG CAG ATT CCC GTG TTC AAG --- CTC AGT GGG AAC ACT GGT CAT GAA GTA GAA AAG GAG 



After deleting gaps. 363 sites
     19    363

Ailuropoda_melanoleuca          ATG CCA TGG TCT CTG ACC CTT ACA TAT TAC CTT ATA CAA AAA GCT TTT ACC AAG ACG TCC TAT TAC CAG CTG GCA TTG GAG CAG CTG CAC AGC CAC CCC GAG GCC CTG GAA GCT CTG GGC GCT CCT CTC AAC GTC CAC TAT CTC CAC CTC ATC GAC AGG GCC AAC TTC GTG GAC ATC GCC AAT GCC CAG TTG AAG ATT CCT GTC TCT GGA TCC AAG GCA GAA GGC CAT CTC CAT GTC AGC TCA TCC AGA CAT GCC CCC TTT CAG AGG TGG CAC CTT CAG GAA GTC TTC TTA AAG CTT GAG GAT GGT CAG CAG ATT CCT GTG TTC AAG GTC AGT GGG AAC ACT GAT CAT GAA GTA AAA AAG GAG 
Callorhinus_ursinus             ATG CCA TGG TCT CTG ACC CTT ACA TAT TAC CTG ATA CAA AAG GCT TTT TCC AAG GCT TCC TAT TAC CAG CAG GCA TTG GAA CAG CTG CAT GGC CAC CCC GAG GCC CTG GAA GCC CTG GGC ACT CCC CTC AAT GTC CAC TAT CTC CGC CTC ACC GAC AAG TAC AAC TTC GTG GAC ATT GCT GAA GCC CAG TTG AAG ATT CCT GTC TCT GGA CCC AAG TCA GAG GGC CAT CTC CAT GTC ATC TCA TCG AGA AAT GCT CCC TTT CAG AGG TGG CAC CTT CAG GAG GTC TTC TTA AAG CTT GAG GAT GGT CAG CAG ATT CCC GTG TTC AAG CTC AGT GGG AAC ACT GGT CAT GAA GTA GAA AAG GAG 
Canis_lupus                     ATG CCA TTG CCT CTG ACC CTT ATA TAT TAC CTT ATA CAA AAA GCT TTC TCC AAG GCT TCC TAT TAC CAG CTG GCA TTG GAG CAG CTG CAC AGC CGC CCT GAG GCC CTG GAA GCC CTG GGC CCT CCT CTC CAC ATC CAC TAT CTC CAC CTC ACT GAC AAG TAC AAC TTT GTG GAC ATT GCT GAT GCC CAG TTG AAG ATT CCT GTC TCT GGA TCC AAG TCA GAG GGC CAT CTC TAT GTC AGC TCA TCC AGA GAT GCC CCC TTT CAG AGG TGG CAC CTT CAG GAG GTC TTC TTA AAG CTC AAG GAT GGT CAG CAG ATT CCT GTG TTC AAG CAC AGT GGG AAC AGT GGT CAT GAA GTC AAA GAG GAG 
Enhydra_lutris                  ATG CCG TGG GCG TTC GCG CTC GTC TAT TAC CTG ACG CAG AAG GCC TTC TCC AAG GCT TCC TAT TAC CAG CTG GCC CTG GAG CAG CTG CAC AGC CAC CCT GAG GCC CTG GAA GCC CTG GGC GCC CCT CTC AGC GCG CAC CAC CTC CAG CTC TCC GAC AGG GAC AAC TTC GTG GAC ATC GCC AGC GCC CGG CTG AAG ATT CCG GTC TCT GGC TCC AAG TCC CAG GGT CTT CTC CAC GTC CAC TCA TCC CGA GAC GGC CCC TTT CAG AGA TGG CGC CTT CAG GAG GTC GTC TTA AAG CTT CAG GAT GGT CAG CAG ATT CCC GTG TTC AAG CTC AGT GAG AAC CCG GGT CAT GAA GTA GAA AAC AAG 
Eumetopias_jubatus              ATG CCA TGG TCT CTG ACC CTT ACA TAT TAC CTG ATA CAA AAG GCT TTT TCC AAG GCT TCC TAT TAC CAG CAG GCA TTG GAA CAG CTG CAT GGC CAC CCC GAG GCC CTG GAA GCC CTG GGC ACT CCC CTC AAT GTC CAC TAT CTC CGC CTC ACC GAC AAG TAC AAC TTC GTG GAC ATT GCC GAA GCC CAG TTG AAG ATT CCT GTC TCT GGA CCC AAG TCA GAG GGC CAT CTC CAT GTC ATC TCA TCG AGA AAT GCT CCC TTT CAG AGG TGG CAC CTT CAG GAG GTC TTC TTA AAG CTT GAG GAT GGT CAG CAG ATT CCC GTG TTC AAG CTC AGT GGG AAC ACT GGT CAT GAA GTA GAA AAG GAT 
Leptonychotes_weddellii         ATG CAG TGG GAC CCG TAC CTT ACA TAT TGC CTG ATA CAA AAG GCT TTT TCC AAG GCT ACC TAT TAC CAG CAG GCA TTG GAA CAG CTG CAT GGC CAC CCC GAG GCC CTG GAA GCC CTG GGC ACT CCC CTC AAT GTC CAC TGT CTC CGC CTC ACT GAC AAG TAC AAC TTC GTG GAC ATT GCC GAA GCC CAG TTG AAG ATT CCT GTC TCT GGA CCC AAG TCA GAG GGC CAT CTT CAT GTC ATC TCA TCA AGA GAT GCC CCC TTT CAG AGG TGG CAC CTT CAG GAG GTC TTC TTA AAG CTT GAG GAT GGT CAG CAG ATT CCC GTG TTC AAG CTC AGT GGG AAC ACT GGT CGT GAA GTA AAA AAG GAG 
Lontra_canadensis               ATG CCG TGG GCG TTC GCG CTC GTC TAT TAC CTG ACC CAG AAG GCC TTC TCC AAG GCT TCC TAT TAC CAG CTG GCC CTG GAG CAG CTG CAC AGC CGC CCT GAG GCC CTG GAA GCC CTG GGC GCT CCT CTC AGC GTG CAC CAC CTC CAC CTC ACC GAC AGG GAC AAC TTC GTG GAC ATC GCC AGC GCC CGG CTG AAG ATT CCG GTC TCT GGC TCC AAG TCC CAG GGT CTT CTC CAC GTC CAC TCA TCC CGA GAC GGC CCC TTT CAG AGG TGG CGC CTT CAG GAG GTC GTC TTA AAG CTT CAG GAT GGT CAG CAG ATT CCC GTG TTC AAG CTC AGT GAG AAC ACG GGT CAT GAA GTA GAA AAC AAG 
Mirounga_leonina                ATG CAG TGG GAC CTG TAC CTT ACA TAT TGC CTG ATA CAA AAG GCT TTT TCC AAG GCT ACC TAT TAC CAG CAG GCA TTG GAA CAG CTG CAT GGC CAC CCC AAG GCC CTG GAA GCC CTG GGC ACT CCC CTC AAT GTC CAC TGT CTC CAC CTC ACT GAC AAG TAC AAC TTC GTG GAC ATT GCC GAA GCC CAG TTG AAG ATT CCT GTC TCT GGA CCC AAG TCA GAG GGC CAT CTG CAT GTC ATC TCA TCA AGA GAT GCC CCC TTT CAG AGG TGG CAC CTT CAG GAG GTC TTC TTA AAG CTT GAG GAT GGT CAG CAG ATT CCC GTG TTC AAG CTC AGT GGG AAC ACT GGT CGT GAA GTA AAA AAG GAG 
Monachus_schauinslandi          ATG CAG TGG GAC CTG TAC CTT ACA TAT TGC CTG ATA CAA AAG GCT TTT TCC AAG GCT TCC TAT TAC CAG CAG GCA TTG GAA CAG CTG CAT GGC CAC CCC GAG GCC CTG GAA GCC CTG GGC ACT CCC CTC AAT GTC CAC TGT CTC CGC CTC ACT GAC AAG TAC AAC TTC GTG GAC ATT GCC GAA GCC CAG TTG AAG ATT CCT GTC TCT GGA CCC AAG TCA GAG GGC CAT CTC CAT GTC ATC TCA TCA AGA GAT GCC CCC TTT CAG AGG TGG CAC CTT CAG GAG GTC TTC TTA AAG CTT GAG GAT GGT CAG CTG GTT CCC GTG TTC AAG CTC AGT GGG AAC ACT GGT CGT GAA GTA AAA AAG GAG 
Mustela_putorius                ATG CCA TGG GCG TTG GCC CTC ATC TAT TAC CTG ACG CAG AAG GCC TTC TCC AAG GCT TCC TAT TAC CAG CTG GCC CTG GAG CAG CTG CAC AGC CGC CCC GAG GCC CTG GAA GCC CTG GGC GCT CCT CTC AGC GTG CAC CAC CTC CAC CTC ACC GAC AGG GAC AAC TTC GTG GAC ATC ACC AGC GCC CGG CTG AAG ATT CCG GTC TCT GGC TCC AAA TCC CAG GGT CTT CTC CAC GTC CAC TCA TCC CGA GAC GGC CCC TTT CAG AGG TGG CGC CTT CAG GAG GTC TTC TTA AAG CTT CAG GAT GGG CAG CAG ATT CCC GTG TTC AAG CTC AGT GAG AAC ACG GGT CAT GAA GTA GAA AAC GAG 
Neovison_vison                  ATG CCG TGG GCG TTC GCG CTC ATC TAT TAC CTG ACG CAG AAG GCC TTC TCC AAG GCT TCC TAT TAC CAG CTG GCC CTG GAG CAG CTG CAC AGC CGC CCT GAG GCC CTG GAA GCC CTG GGC GCT CCT CTC AGC GTG CAC CAC CTC CAC CTC ACT GAC AGG GAC AAC TTC GTG GAC ATC GCC AGC GCC CGG CTG AAG ATT CCG GTC TCT GGC TCT AAG TCC CAG GGT CTT CTC CAC GTC CAC TCA TCC CGA GAC GGC CCC TTT CAG AGG TGG CGC CTT CAG GAG GTC TTC TTA AAG CTT CAG GAT GGG CAG CAG ATT CCC GTG TTC AAG CTC AGT GAG AAC ACG GGT CAT GAA GTA GAA AAC GAG 
Odobenus_rosmarus               ATG CCC TGG TCC CTG ACC CTT ACA TAT TAC CTG ATA CAA AAG GCT TTT TCC AAG GCT TCC TAT TAC CAG CAG GCA TTG GAA CAG CTG CAT GGC CAC CCC GAG GCC CTG GAA GCC CTG GGC ACT CCC CTC AAT GTC CAC TAT CTC CGC CTC ACC GAC AAG TAC AAC TTC GTG GAC ATT GCC AAA GCC CAG TTG AAG ATT CCT GTC TCT GGA CCC AAG TCA GAG GGC CAT CTC CAT GTC ATC TCA TCG AGA AAT GCT CCC TTT CAG AGG TGG CAC CTT CAG GAG GTC TTC TTA AAG CTT GAG GAT GGT CAG CAG ATT CCC ATG TTC AAG CTC AGT GGG AAC ACT GGT CAT GAA GTA GAA AAG GAG 
Phoca_vitulina                  ATG CCA TGG TCT CAG ACC CTT ACA TAC TAC CTG ATA CAA AAG GCT TTT TCC AAG GCT TCC TAT TAC CAG GAG GCG TTG GAA CAG CTG CAG GGC CAC CCC GAG GCC CTG GAA GCC CTG GGC ACT CCC CTC AAT GTC CAC TGT CTC CGC CTC ACT GAC AAG TAC AAC TTC GTG GAC ATT GCT GAA GCC CAG TTG AAG ATT CCT GTC TCT GGA CCC AAG TCA GAG GGC CAT CTC CAT GTC ATC TCA TCA AGA GAT GCC CCC TTT CAG AGG TGG CAC CTT CAG GAG GTC TTC TTA AAG CTT GAG GAT GGT CAG CAG ATT CCC GTG TTC AAG CTC AGT GGG AAC ACT GGT CAT GAA GTA AAA AAG GAG 
Ursus_americanus                ATG CCA TGG TCT CTG ACC GTT GCA TAT TAC CTT ATA CAA AAA GCT TTT ACC AAG ACG TCC TAT TAT CAG CTG GCA TTG GAG CAG CTG CAC AGC CAC CCC GAG GCC CTG GAA GCT CTG GGC GCT CCT CTC AAC GTC CAC TGT CTC CAC CTC ATC GAC AGG GCC AAC TTC GTG GAC ATC GTC AAC GCC CAG TTG AAG ATT CCT GTC TCT GGA CCC AAG GCA GAG GGC CAT CTC CAT GTC AGC TCA TCC AGA GAC GCC CCC TTT CAG AGG TGG CGC CTT CAG GAA GTC TTC TTA AAG CTT GAG GAC GGT CAG CAG ATT CCT GTG TTC AAG GTC AGT GGG AAC ACT GAG CAT GAA GTA AAA ACG GAG 
Ursus_arctos                    ATG CCA TGG TCT CTG GCC GTT ACA TAT TAC CTT ATA CAG AAA GCT TTT ACC AAG ACG TCC TAT TAT CAG CTG GCA TTG GAG CAG CTG CAC AGC CAC CCC GAG GCC CTG GAA GCT CTG GGC GCT CCT CTC AAC GTC CAC TGT CTC CAC CTC ATC GAC AGG GCC AAC TTC GTG GAC ATC GTC AAC GCC CAG TTG AAG ATT CCT GTC TCT GGA CCC AAG GCA GAG GGC CAT CTC CAT GTC AGC TCA TCC AGA GAC GCC CCC TTT CAG AGG TGG CGC CTT CAG GAA GTC TTC TTA AAG CTT GAG GAC GGT CAG CAG ATT CCT CTG TTC AAG GTC AGT GGG AAC ACT GAG CAT GAA GTA AAA ACG GAG 
Ursus_maritimus                 ATG CCA TGG TCT CTG GCC GTT ACA TAT TAC CTT ATA CAG AAA GCT TTT ACC AAG ACG TCC TAT TAT CAG CTG GCA TTG GAG CAG CTG CAC AGC CAC CCC GAG GCC CTG GAA GCT CTG GGC GCT CCT CTC AAC GTC CAC TGT CTC CAC CTC ATC GAC AGG GCC AAC TTC GTG GAC ATC GTC AAC GCC CAG TTG AAG ATT CCT GTC TCT GGA CCC AAG GCA GAG GGC CAT CTC CAT GTC AGC TCA TCC AGA GAC GCC CCC TTT CAG AGG TGG CGC CTT CAG GAA GTC TTC TTA AAG CTT GAG GAC GGT CAG CAG ATT CCT CTG TTC AAG GTC AGT GGG AAC ACT GAG CAT GAA GTA AAA ACG GAG 
Ursus_thibetanus                ATG CCA TGG TCT CTG ACC GTT ACA TAT TAC CTT ATA CAA AAA GCT TTT ACC AAG ACG TCC TAT TAT CAG CTG GCA TTG GAG CAG CTG CAC AGC CAC CCC GAG GCC CTG GAA GCT CTG GGC GCT CCT CTC AAC GTC CAC TGT CTC CAC CTC ATC GAC AGG GCC AAC TTC GTG GAC ATC GTC AAC GCC CAG TTG AAG ATT CCT GTC TCT GGA CCC AAG GCA GAG GGC CAT CTC CAT GTC AGC TCA TCC AGA GAC GCC CCC TTT CAG AGG TGG CGC CTT CAG GAA GTC TTC TTA AAG CTT GAG GAC GGT CAG CAG ATT CCT GTG TTC AAG GTC AGT GGG AAC ACT GAG CAT GAA GTA AAA ACG GAG 
Vulpes_vulpes                   ATG CCA TTG CCT CTG ACC CTT ATA TAT TAC CTT ATA CAA AAA GCT TTC TCC AAG GCT TCC TAT TAC CAG CTG GCA TTG GAG CAG CTG CAC AGC CGC CCT GAA GCC CTG GAA GCC CTG GGC CCT CCT CTC CAC ATC CAC TAT CTC CAC CTC ACT GAC AAG TAC AAC TTT GTG GAC ATT GCC GAT GCC CAG TTG AAG ATT CCT GTC TCT GGA TCC AAG TCA GAG GGC CAT CTC TAT GTC AGC TCA TCC AGA GAT GCC CCC TTT CAG AGG TGG CAC CTT CAG GAG GTC TTC TTA AAG CTC AAG GAT GGT CAG CAG ATT CCT GTG TTC AGC AAC AGC GGG AAC AGT GGT CAT GAA GTC AAA GAG GAG 
Zalophus_californianus          ATG CCA TGG TCT CTG ACC CTT ACA TAT TAC CTG ATA CAA AAG GCT TTT TCC AAG GCT TCC TAT TAC CAG CAG GCA TTG GAA CAG CTG CAT GGC CAC CCC GAG GCC CTG GAA GCC CTG GGC ACT CCC CTC AAT GTC CAC TAT CTC CGC CTC ACC GAC AAG TAC AAC TTC GTG GAC ATT GCC GAA GCC CAG TTG AAG ATT CCT GTC TCT GGA CCC AAG TCA GAG GGC CAT CTC CAT GTC ATC TCA TCG AGA AAT GCT CCC TTT CAG AGG TGG CAC CTT CAG GAG GTC TTC TTA AAG CTT GAG GAT GGT CAG CAG ATT CCC GTG TTC AAG CTC AGT GGG AAC ACT GGT CAT GAA GTA GAA AAG GAG 



Printing out site pattern counts


        19        312  P

Ailuropoda_melanoleuca          AAA AAA AAC AAC AAG AAG AAG AAG AAT ACA ACC ACC ACG ACT AGA AGC AGC AGG AGG AGT ATA ATC ATC ATG ATT ATT CAA CAC CAC CAC CAC CAC CAG CAG CAG CAT CAT CAT CAT CCA CCC CCC CCT CCT CCT CTC CTC CTG CTG CTG CTT CTT CTT CTT GAA GAA GAA GAC GAG GAG GAG GAG GAT GAT GCA GCA GCC GCC GCC GCC GCT GCT GCT GGA GGC GGC GGG GGT GTA GTC GTC GTC GTG GTG TAC TAC TAT TAT TAT TCA TCC TCC TCC TCT TCT TGG TGG TTA TTC TTC TTC TTG TTT TTT 
Callorhinus_ursinus             ..G G.. ... ..T ... ... ... ... G.A ... ... T.. G.T ... ... .T. G.. .A. ... ... ... .C. ..T ... ... ... ... ... ... ... ..T .G. ... ... ... A.. ... ... ... ... ... ... ..C ..C ... ... ... .A. ... ... ..G ... ... ... ... ..G ..G ... ..A ... ... ... ... .G. ... T.. ... ..T ..T TA. A.. ..C ... ... ... ... ... ... ... C.. ... ... ... ... ... ... ... ... ... ... C.. ... ..G ... ... ... ... ... ... ... ... ... ... ... 
Canis_lupus                     ... ... ... C.. ... ... ... G.. G.. .T. ... T.. G.T .G. ... ... ... .A. ... ... ... .CT ..T ... ... ... ... ... ... .G. ... ... ... ... ... G.. ... ... T.. ... ... ..T ... ... ... ... ... ... ... ... ... ..C ... ... ... ..G ..G ... ... A.. ... ... ... .G. ... T.. ... ... ..T TA. C.. ..C ... ... ... ... ... ... ..C CA. A.. ... ... ... ... ... ... ... ... ... ... ... ... C.. ... ... .T. ... ... ... ..T ... ..C ... 
Enhydra_lutris                  ..G G.. ... .G. ... ... ... ..C .GC GTC G.G T.. G.T C.G C.. CA. ... ... ..A ... .CG TC. ... ... ... ... ..G ... .G. ... ... ..G ... ... .G. G.C ... .T. ..C ..G ... ..T ..C ... ..G ... ... ... ... T.C ..G ... ..C ... ... C.G ..G ... ... C.. A.. ... ... .G. ..C T.C ... .G. ... .A. ..C ..C ..C ..C ... ..T .A. ... ... C.. .CG ... ... ... ... ... C.C ... ... ... ... ... ... G.G ... ... ... ... G.. ... ... C.. ..C ... 
Eumetopias_jubatus              ..G G.. ... ..T ... ... ... ... G.A ... ... T.. G.T ... ... .T. G.. .A. ... ... ... .C. ..T ... ... ... ... ... ... ... ..T .G. ... ... ... A.. ... ... ... ... ... ... ..C ..C ... ... ... .A. ... ... ..G ... ... ... ... ..G ..G ... ..A ... ..T ... ... .G. ... T.. ... ..T ... TA. A.. ..C ... ... ... ... ... ... ... C.. ... ... ... ... ... ... ... ... ... ... C.. ... ..G ... ... ... ... ... ... ... ... ... ... ... 
Leptonychotes_weddellii         ..G ... ... ..T ... ... ... ... G.A ... TA. T.. G.T ... ... .T. G.. .A. ... ... ... .CT ..T ... ... ... ... ... ... ... ..T .G. ... ... ... G.. .G. ... ... .AG ... ... ..C ..C ... ... ..T .A. ... .C. ..G ... ... ... ... ..G ..G ... ..A ... ... ... ... .G. ... T.. ... ... ... TA. A.. ..C ... ... ... ... ... ... ... C.. ... ... ... ... ... .G. .G. ... ... ... C.. A.. ..A GAC ... ... ... ... ... ... ... ... ... ... 
Lontra_canadensis               ..G G.. ... .G. ... ... ... ..C .GC GTC G.G T.. G.T ..G C.. CA. ... ... ... ... .CC .C. ... ... ... ... ..G ... .G. .G. ... ... ... ... .G. G.C ... .T. ..C ..G ... ..T ..C ... ..G ... ... ... ... T.C ..G ... ..C ... ... C.G ..G ... ... C.. A.. ... ... .G. ..C T.C ... .G. ... .A. ... ..C ..C ..C ... ..T .A. ... ... C.. ..G ... ... ... ... ... C.C ... ... ... ... ... ... G.G ... ... ... ... G.. ... ... C.. ..C ... 
Mirounga_leonina                ..G ... ... ..T ... ... ... ... G.A ... TA. T.. G.T ... ... .T. G.. .A. ... ... ... .CT ..T ... ... ... ... ... ... ... ..T ... ... ... ... G.. .G. ... ... .AG ... ... ..C ..C ... ... ..G .A. ... ... ..G ... ... ... ... ..G ..G ... ..A ... ... A.. ... .G. ... T.. ... ... ... TA. A.. ..C ... ... ... ... ... ... ... C.. ... ... ... ... ... .G. .G. ... ... ... C.. A.. ..A GAC ... ... ... ... ... ... ... ... ... ... 
Monachus_schauinslandi          ..G ... ... ..T ... ... ... ... G.A ... TA. T.. G.T ... ... .T. G.. .A. ... ... ... .CT ..T ... ... G.. ... ... ... ... ..T .G. ... .T. ... G.. .G. ... ... .AG ... ... ..C ..C ... ... ... .A. ... ... ..G ... ... ... ... ..G ..G ... ..A ... ... ... ... .G. ... T.. ... ... ... TA. A.. ..C ... ... ... ... ... ... ... C.. ... ... ... ... ... .G. .G. ... ... ... C.. ... ..A GAC ... ... ... ... ... ... ... ... ... ... 
Mustela_putorius                ..G G.. ... .G. ..A ... ... ..C .GC .TC G.. T.. G.T ..G C.. CA. ... ... ... ... .CG .C. ... ... ... ... ..G ... .G. .G. ... ... ... ... .G. G.C ... .T. ..C ... ... ... ..C ... ..G ... ... ... ... T.. ..G ... ..C ... ... C.G ..G ... ... C.. ... ... ... .G. ..C T.C ... .G. A.. .A. ... ..C ..C ..C ... ..T .A. ..G ... C.. ..G ... ... ... ... ... C.C ... ... ... ... ... ... G.G ... ... ... ... ... ... ... C.. ..C ... 
Neovison_vison                  ..G G.. ... .G. ... ... ... ..C .GC .TC G.G T.. G.T ..G C.. CA. ... ... ... ... .CG .CT ... ... ... ... ..G ... .G. .G. ... ... ... ... .G. G.C ... .T. ..C ..G ... ..T ..C ... ..G ... ... ... ... T.C ..G ... ..C ... ... C.G ..G ... ... C.. ... ... ... .G. ..C T.C ... .G. ... .A. ... ..C ..C ..C ... ..T .A. ..G ... C.. ..G ... ... ... ... ... C.C ... ... ... ..T ... ... G.G ... ... ... ... ... ... ... C.. ..C ... 
Odobenus_rosmarus               ..G G.. ... ..T ... ... ... ... ..A ... ... T.. G.T ... ... .T. G.. .A. ... ... ... .C. ..T ... ... ... ... ... ... ... ..T .G. ... ... ... A.. ... ... ... ..C ... ... ..C ..C ... ... ... .A. ... ... ..G ... ... ... ... ..G ..G ... ..A ... ... ... ... .G. ... T.. ... ..T ... TA. A.. ..C ... ... ... ... ... ... ... C.. ... ... A.. ... ... ... ... ... ... ... C.. ... ..G ..C ... ... ... ... ... ... ... ... ... ... 
Phoca_vitulina                  ..G ... ... ..T ... ... ... ... G.A ... ... T.. G.T ... ... .T. G.. .A. ... ... ... .CT ..T ... ... ... ... ... ... ... ..G .G. ... ... ... G.. ... ... ... ... ... ... ..C ..C ... ... ... GA. ... .A. ..G ... ... ... ... ..G ..G ... ..A ... ... ... ... .G. ..G T.. ... ... ..T TA. A.. ..C ... ... ... ... ... ... ... C.. ... ... ... ... ... ... .G. ..C ... ... C.. ... ..A ... ... ... ... ... ... ... ... ... ... ... 
Ursus_americanus                ... ... ... ... ... ... ... .C. ..C G.. ... ... ... ... ... ... ... ... ... ... ... ... ... ... ... ... ... ... .G. ... ... ... ... ... ... G.C ... ... ... ... ... ... ... ... ... ... ... ... ... ... ... ... G.. ... ... ..G ... ... ... ... ... ... ..C ..G ... ... ... ... .T. ... ... ... ... ... ... ... ... ... ... ... ... ... ... ... ..T ... .G. ... ... ... C.. ... ... ... ... ... ... ... ... ... ... ... ... ... 
Ursus_arctos                    ... ... ... ... ... ... ... .C. ..C ... G.. ... ... ... ... ... ... ... ... ... ... ... ... ... ... ... ..G ... .G. ... ... ... ... ... ... G.C ... ... ... ... ... ... ... ... ... ... ... ... ... ... ... ... G.. ... ... ..G ... ... ... ... ... ... ..C ..G ... ... ... ... .T. ... ... ... ... ... ... ... ... ... ... ... ... ... C.. ... ..T ... .G. ... ... ... C.. ... ... ... ... ... ... ... ... ... ... ... ... ... 
Ursus_maritimus                 ... ... ... ... ... ... ... .C. ..C ... G.. ... ... ... ... ... ... ... ... ... ... ... ... ... ... ... ..G ... .G. ... ... ... ... ... ... G.C ... ... ... ... ... ... ... ... ... ... ... ... ... ... ... ... G.. ... ... ..G ... ... ... ... ... ... ..C ..G ... ... ... ... .T. ... ... ... ... ... ... ... ... ... ... ... ... ... C.. ... ..T ... .G. ... ... ... C.. ... ... ... ... ... ... ... ... ... ... ... ... ... 
Ursus_thibetanus                ... ... ... ... ... ... ... .C. ..C ... ... ... ... ... ... ... ... ... ... ... ... ... ... ... ... ... ... ... .G. ... ... ... ... ... ... G.C ... ... ... ... ... ... ... ... ... ... ... ... ... ... ... ... G.. ... ... ..G ... ... ... ... ... ... ..C ..G ... ... ... ... .T. ... ... ... ... ... ... ... ... ... ... ... ... ... ... ... ..T ... .G. ... ... ... C.. ... ... ... ... ... ... ... ... ... ... ... ... ... 
Vulpes_vulpes                   ... ... ... C.. ... ... .GC G.. G.. .T. ... T.. G.T .G. ... ... ... .A. ... ..C ... .CT ..T ... ... ... ... ... ... .G. ... ... ... ... ... G.. ... ... T.. ... ... ..T ... ... ... ... ... ... ... ... ... ..C ... ... ... ..G ..G ... ... A.. ... ..A ... .G. ... T.. ... ... ... TA. C.. ..C ... ... ... ... ... ... ..C AA. A.. ... ... ... ... ... ... ... ... ... ... ... ... C.. ... ... .T. ... ... ... ..T ... ..C ... 
Zalophus_californianus          ..G G.. ... ..T ... ... ... ... G.A ... ... T.. G.T ... ... .T. G.. .A. ... ... ... .C. ..T ... ... ... ... ... ... ... ..T .G. ... ... ... A.. ... ... ... ... ... ... ..C ..C ... ... ... .A. ... ... ..G ... ... ... ... ..G ..G ... ..A ... ... ... ... .G. ... T.. ... ..T ... TA. A.. ..C ... ... ... ... ... ... ... C.. ... ... ... ... ... ... ... ... ... ... C.. ... ..G ... ... ... ... ... ... ... ... ... ... ... 

    1    1    2    1    1    3    1    1    1    1    1    1    1    1    1
    1    1    1    1    1    1    1    1    1    1    1    1    1    1    1
    1    1    5    1    1    1    1    1    1    1    1    1    1    1    1
    3    1    1    3    1    1    1    1    1    2    1    1    2    1    1
    1    1    1    1    1    1    2    1    1    1    1    1    1    1    1
    1    1    1    1    1    1    3    1    1    1    1    1    1    1    1
    1    1    1    1    1    1    1    1    1    1    1    2    1    1

CODONML (in paml version 4.9f, October 2017)  Caniformia.aln
Model: free dN/dS Ratios for branches for branches, 
Codon frequency model: F3x4
ns =  19  ls = 121

Codon usage in sequences
--------------------------------------------------------------------------------------------------------------------------------------
Phe TTT   2   2   2   1   2   2 | Ser TCT   2   2   1   1   2   1 | Tyr TAT   3   3   4   2   3   2 | Cys TGT   0   0   0   0   0   1
    TTC   3   3   3   4   3   3 |     TCC   3   2   4   6   2   1 |     TAC   2   3   3   2   3   3 |     TGC   0   0   0   0   0   1
Leu TTA   1   1   1   1   1   1 |     TCA   1   2   2   1   2   3 | *** TAA   0   0   0   0   0   0 | *** TGA   0   0   0   0   0   0
    TTG   2   2   3   0   2   2 |     TCG   0   1   0   0   1   0 |     TAG   0   0   0   0   0   0 | Trp TGG   2   2   1   2   2   2
--------------------------------------------------------------------------------------------------------------------------------------
Leu CTT   4   3   3   3   3   4 | Pro CCT   3   1   6   2   1   1 | His CAT   4   4   2   1   4   3 | Arg CGT   0   0   0   0   0   1
    CTC   4   5   5   6   5   4 |     CCC   2   5   1   2   5   5 |     CAC   5   3   6   6   3   3 |     CGC   0   1   1   1   1   1
    CTA   0   0   0   0   0   0 |     CCA   1   1   1   0   1   0 | Gln CAA   1   1   1   0   1   1 |     CGA   0   0   0   1   0   0
    CTG   5   5   5   7   5   4 |     CCG   0   0   0   3   0   1 |     CAG   7   8   7  10   8   9 |     CGG   0   0   0   1   0   0
--------------------------------------------------------------------------------------------------------------------------------------
Ile ATT   2   3   3   2   3   3 | Thr ACT   1   2   1   0   2   3 | Asn AAT   1   2   0   0   2   1 | Ser AGT   1   1   2   1   1   1
    ATC   2   1   1   1   1   1 |     ACC   2   2   1   0   2   1 |     AAC   3   2   2   3   2   2 |     AGC   2   0   2   3   0   0
    ATA   1   1   2   0   1   1 |     ACA   1   1   0   0   1   1 | Lys AAA   2   0   2   0   0   1 | Arg AGA   1   1   1   1   1   1
Met ATG   1   1   1   1   1   1 |     ACG   1   0   0   1   0   0 |     AAG   6   8   7   7   8   8 |     AGG   2   1   1   1   1   1
--------------------------------------------------------------------------------------------------------------------------------------
Val GTT   0   0   0   0   0   0 | Ala GCT   3   4   3   1   3   2 | Asp GAT   2   1   3   1   2   2 | Gly GGT   1   2   2   3   2   2
    GTC   5   4   4   5   4   4 |     GCC   5   3   4   7   4   5 |     GAC   2   2   2   4   2   3 |     GGC   2   3   2   3   3   3
    GTA   1   1   0   1   1   1 |     GCA   2   1   1   0   1   1 | Glu GAA   4   5   2   3   5   4 |     GGA   1   1   1   0   1   1
    GTG   2   2   2   2   2   2 |     GCG   0   0   0   3   0   0 |     GAG   4   5   6   4   4   5 |     GGG   1   1   1   0   1   1
--------------------------------------------------------------------------------------------------------------------------------------

--------------------------------------------------------------------------------------------------------------------------------------
Phe TTT   1   2   2   1   1   2 | Ser TCT   1   1   1   1   2   1 | Tyr TAT   2   2   2   2   2   3 | Cys TGT   0   1   1   0   0   0
    TTC   4   3   3   4   5   3 |     TCC   5   1   2   5   4   3 |     TAC   2   3   3   2   2   3 |     TGC   0   1   1   0   0   0
Leu TTA   1   1   1   1   1   1 |     TCA   1   3   3   1   1   2 | *** TAA   0   0   0   0   0   0 | *** TGA   0   0   0   0   0   0
    TTG   0   2   2   1   0   2 |     TCG   0   0   0   0   0   1 |     TAG   0   0   0   0   0   0 | Trp TGG   2   2   2   2   2   2
--------------------------------------------------------------------------------------------------------------------------------------
Leu CTT   3   3   3   3   3   3 | Pro CCT   2   1   1   1   2   1 | His CAT   1   3   3   1   1   4 | Arg CGT   0   1   1   0   0   0
    CTC   6   4   5   6   6   5 |     CCC   2   5   5   3   2   6 |     CAC   6   4   3   6   6   3 |     CGC   2   0   1   2   2   1
    CTA   0   0   0   0   0   0 |     CCA   0   0   0   1   0   0 | Gln CAA   0   1   1   0   0   1 |     CGA   1   0   0   1   1   0
    CTG   7   6   6   7   7   5 |     CCG   2   0   0   1   2   0 |     CAG   9   9   8   9   9   8 |     CGG   1   0   0   1   1   0
--------------------------------------------------------------------------------------------------------------------------------------
Ile ATT   2   3   2   2   2   3 | Thr ACT   0   3   3   0   1   2 | Asn AAT   0   1   1   0   0   2 | Ser AGT   1   1   1   1   1   1
    ATC   1   1   1   2   2   1 |     ACC   2   1   0   2   0   2 |     AAC   3   2   2   3   3   2 |     AGC   3   0   0   3   3   0
    ATA   0   1   1   0   0   1 |     ACA   0   1   1   0   0   1 | Lys AAA   0   1   1   1   0   1 | Arg AGA   0   1   1   0   0   1
Met ATG   1   1   1   1   1   2 |     ACG   1   0   0   2   2   0 |     AAG   7   9   8   5   6   8 |     AGG   2   1   1   2   2   1
--------------------------------------------------------------------------------------------------------------------------------------
Val GTT   0   0   1   0   0   0 | Ala GCT   2   2   2   2   2   3 | Asp GAT   1   2   2   1   1   1 | Gly GGT   3   2   2   2   2   2
    GTC   5   4   4   3   3   4 |     GCC   6   5   5   6   6   4 |     GAC   4   3   3   4   4   2 |     GGC   3   3   3   3   3   3
    GTA   1   1   1   1   1   1 |     GCA   0   1   1   0   0   1 | Glu GAA   3   4   4   3   3   4 |     GGA   0   1   1   0   0   1
    GTG   3   2   2   3   3   1 |     GCG   2   0   0   1   2   0 |     GAG   4   4   5   5   5   5 |     GGG   0   1   1   1   1   1
--------------------------------------------------------------------------------------------------------------------------------------

--------------------------------------------------------------------------------------------------------------------------------------
Phe TTT   2   2   2   2   2   2 | Ser TCT   2   2   2   2   2   1 | Tyr TAT   1   3   3   3   3   4 | Cys TGT   1   1   1   1   1   0
    TTC   3   3   3   3   3   3 |     TCC   2   2   2   2   2   4 |     TAC   4   1   1   1   1   3 |     TGC   0   0   0   0   0   0
Leu TTA   1   1   1   1   1   1 |     TCA   3   1   1   1   1   2 | *** TAA   0   0   0   0   0   0 | *** TGA   0   0   0   0   0   0
    TTG   2   2   2   2   2   3 |     TCG   0   0   0   0   0   0 |     TAG   0   0   0   0   0   0 | Trp TGG   2   2   2   2   2   1
--------------------------------------------------------------------------------------------------------------------------------------
Leu CTT   3   3   3   3   3   3 | Pro CCT   1   3   3   3   3   6 | His CAT   3   3   3   3   3   2 | Arg CGT   0   0   0   0   0   0
    CTC   5   4   4   4   4   5 |     CCC   5   3   3   3   3   1 |     CAC   3   4   4   4   4   5 |     CGC   1   1   1   1   1   1
    CTA   0   0   0   0   0   0 |     CCA   1   1   1   1   1   1 | Gln CAA   1   1   0   0   1   1 |     CGA   0   0   0   0   0   0
    CTG   4   5   6   6   5   5 |     CCG   0   0   0   0   0   0 |     CAG   9   7   8   8   7   7 |     CGG   0   0   0   0   0   0
--------------------------------------------------------------------------------------------------------------------------------------
Ile ATT   3   2   2   2   2   3 | Thr ACT   3   1   1   1   1   1 | Asn AAT   1   0   0   0   0   0 | Ser AGT   1   1   1   1   1   1
    ATC   1   2   2   2   2   1 |     ACC   1   2   1   1   2   1 |     AAC   2   4   4   4   4   3 |     AGC   0   2   2   2   2   4
    ATA   1   1   1   1   1   2 |     ACA   1   0   1   1   1   0 | Lys AAA   1   2   2   2   2   2 | Arg AGA   1   1   1   1   1   1
Met ATG   1   1   1   1   1   1 |     ACG   0   2   2   2   2   0 |     AAG   8   5   5   5   5   6 |     AGG   1   2   2   2   2   1
--------------------------------------------------------------------------------------------------------------------------------------
Val GTT   0   1   1   1   1   0 | Ala GCT   3   3   3   3   3   2 | Asp GAT   2   0   0   0   0   3 | Gly GGT   2   1   1   1   1   2
    GTC   4   6   6   6   6   4 |     GCC   4   4   5   5   4   5 |     GAC   2   4   4   4   4   2 |     GGC   3   2   2   2   2   2
    GTA   1   1   1   1   1   0 |     GCA   0   3   2   2   2   1 | Glu GAA   4   3   3   3   3   3 |     GGA   1   1   1   1   1   1
    GTG   2   2   1   1   2   2 |     GCG   1   0   0   0   0   0 |     GAG   6   6   6   6   6   5 |     GGG   1   1   1   1   1   1
--------------------------------------------------------------------------------------------------------------------------------------

------------------------------------------------------
Phe TTT   2 | Ser TCT   2 | Tyr TAT   3 | Cys TGT   0
    TTC   3 |     TCC   2 |     TAC   3 |     TGC   0
Leu TTA   1 |     TCA   2 | *** TAA   0 | *** TGA   0
    TTG   2 |     TCG   1 |     TAG   0 | Trp TGG   2
------------------------------------------------------
Leu CTT   3 | Pro CCT   1 | His CAT   4 | Arg CGT   0
    CTC   5 |     CCC   5 |     CAC   3 |     CGC   1
    CTA   0 |     CCA   1 | Gln CAA   1 |     CGA   0
    CTG   5 |     CCG   0 |     CAG   8 |     CGG   0
------------------------------------------------------
Ile ATT   3 | Thr ACT   2 | Asn AAT   2 | Ser AGT   1
    ATC   1 |     ACC   2 |     AAC   2 |     AGC   0
    ATA   1 |     ACA   1 | Lys AAA   0 | Arg AGA   1
Met ATG   1 |     ACG   0 |     AAG   8 |     AGG   1
------------------------------------------------------
Val GTT   0 | Ala GCT   3 | Asp GAT   1 | Gly GGT   2
    GTC   4 |     GCC   4 |     GAC   2 |     GGC   3
    GTA   1 |     GCA   1 | Glu GAA   5 |     GGA   1
    GTG   2 |     GCG   0 |     GAG   5 |     GGG   1
------------------------------------------------------

Codon position x base (3x4) table for each sequence.

#1: Ailuropoda_melanoleuca
position  1:    T:0.17355    C:0.29752    A:0.23967    G:0.28926
position  2:    T:0.28926    C:0.22314    A:0.38017    G:0.10744
position  3:    T:0.23967    C:0.34711    A:0.14050    G:0.27273
Average         T:0.23416    C:0.28926    A:0.25344    G:0.22314

#2: Callorhinus_ursinus
position  1:    T:0.19008    C:0.30579    A:0.21488    G:0.28926
position  2:    T:0.28099    C:0.22314    A:0.38843    G:0.10744
position  3:    T:0.24793    C:0.32231    A:0.13223    G:0.29752
Average         T:0.23967    C:0.28375    A:0.24518    G:0.23140

#3: Canis_lupus    
position  1:    T:0.19835    C:0.31405    A:0.21488    G:0.27273
position  2:    T:0.28926    C:0.20661    A:0.38843    G:0.11570
position  3:    T:0.26446    C:0.33884    A:0.11570    G:0.28099
Average         T:0.25069    C:0.28650    A:0.23967    G:0.22314

#4: Enhydra_lutris 
position  1:    T:0.16529    C:0.35537    A:0.17355    G:0.30579
position  2:    T:0.28099    C:0.22314    A:0.35537    G:0.14050
position  3:    T:0.14876    C:0.43802    A:0.06612    G:0.34711
Average         T:0.19835    C:0.33884    A:0.19835    G:0.26446

#5: Eumetopias_jubatus
position  1:    T:0.19008    C:0.30579    A:0.21488    G:0.28926
position  2:    T:0.28099    C:0.22314    A:0.38843    G:0.10744
position  3:    T:0.24793    C:0.33058    A:0.13223    G:0.28926
Average         T:0.23967    C:0.28650    A:0.24518    G:0.22865

#6: Leptonychotes_weddellii
position  1:    T:0.18182    C:0.30579    A:0.21488    G:0.29752
position  2:    T:0.27273    C:0.20661    A:0.38843    G:0.13223
position  3:    T:0.23967    C:0.33058    A:0.13223    G:0.29752
Average         T:0.23140    C:0.28099    A:0.24518    G:0.24242

#7: Lontra_canadensis
position  1:    T:0.15702    C:0.34711    A:0.19008    G:0.30579
position  2:    T:0.28926    C:0.21488    A:0.34711    G:0.14876
position  3:    T:0.15702    C:0.44628    A:0.05785    G:0.33884
Average         T:0.20110    C:0.33609    A:0.19835    G:0.26446

#8: Mirounga_leonina
position  1:    T:0.18182    C:0.30579    A:0.22314    G:0.28926
position  2:    T:0.28099    C:0.19835    A:0.39669    G:0.12397
position  3:    T:0.23140    C:0.33058    A:0.13223    G:0.30579
Average         T:0.23140    C:0.27824    A:0.25069    G:0.23967

#9: Monachus_schauinslandi
position  1:    T:0.19008    C:0.30579    A:0.19835    G:0.30579
position  2:    T:0.28926    C:0.19835    A:0.38017    G:0.13223
position  3:    T:0.23140    C:0.33884    A:0.13223    G:0.29752
Average         T:0.23691    C:0.28099    A:0.23691    G:0.24518

#10: Mustela_putorius
position  1:    T:0.16529    C:0.34711    A:0.19835    G:0.28926
position  2:    T:0.28926    C:0.21488    A:0.34711    G:0.14876
position  3:    T:0.14050    C:0.44628    A:0.07438    G:0.33884
Average         T:0.19835    C:0.33609    A:0.20661    G:0.25895

#11: Neovison_vison 
position  1:    T:0.16529    C:0.34711    A:0.19008    G:0.29752
position  2:    T:0.28926    C:0.21488    A:0.34711    G:0.14876
position  3:    T:0.16529    C:0.42149    A:0.05785    G:0.35537
Average         T:0.20661    C:0.32782    A:0.19835    G:0.26722

#12: Odobenus_rosmarus
position  1:    T:0.19008    C:0.30579    A:0.23140    G:0.27273
position  2:    T:0.28099    C:0.22314    A:0.38843    G:0.10744
position  3:    T:0.23140    C:0.34711    A:0.12397    G:0.29752
Average         T:0.23416    C:0.29201    A:0.24793    G:0.22590

#13: Phoca_vitulina 
position  1:    T:0.19008    C:0.29752    A:0.21488    G:0.29752
position  2:    T:0.27273    C:0.22314    A:0.38843    G:0.11570
position  3:    T:0.23140    C:0.33058    A:0.13223    G:0.30579
Average         T:0.23140    C:0.28375    A:0.24518    G:0.23967

#14: Ursus_americanus
position  1:    T:0.16529    C:0.28926    A:0.23140    G:0.31405
position  2:    T:0.29752    C:0.22314    A:0.35537    G:0.12397
position  3:    T:0.21488    C:0.36364    A:0.13223    G:0.28926
Average         T:0.22590    C:0.29201    A:0.23967    G:0.24242

#15: Ursus_arctos   
position  1:    T:0.16529    C:0.29752    A:0.23140    G:0.30579
position  2:    T:0.29752    C:0.22314    A:0.35537    G:0.12397
position  3:    T:0.21488    C:0.36364    A:0.12397    G:0.29752
Average         T:0.22590    C:0.29477    A:0.23691    G:0.24242

#16: Ursus_maritimus
position  1:    T:0.16529    C:0.29752    A:0.23140    G:0.30579
position  2:    T:0.29752    C:0.22314    A:0.35537    G:0.12397
position  3:    T:0.21488    C:0.36364    A:0.12397    G:0.29752
Average         T:0.22590    C:0.29477    A:0.23691    G:0.24242

#17: Ursus_thibetanus
position  1:    T:0.16529    C:0.28926    A:0.23967    G:0.30579
position  2:    T:0.29752    C:0.22314    A:0.35537    G:0.12397
position  3:    T:0.21488    C:0.36364    A:0.13223    G:0.28926
Average         T:0.22590    C:0.29201    A:0.24242    G:0.23967

#18: Vulpes_vulpes  
position  1:    T:0.19835    C:0.30579    A:0.22314    G:0.27273
position  2:    T:0.28926    C:0.20661    A:0.38017    G:0.12397
position  3:    T:0.24793    C:0.36364    A:0.12397    G:0.26446
Average         T:0.24518    C:0.29201    A:0.24242    G:0.22039

#19: Zalophus_californianus
position  1:    T:0.19008    C:0.30579    A:0.21488    G:0.28926
position  2:    T:0.28099    C:0.22314    A:0.38843    G:0.10744
position  3:    T:0.23967    C:0.33058    A:0.13223    G:0.29752
Average         T:0.23691    C:0.28650    A:0.24518    G:0.23140

Sums of codon usage counts
------------------------------------------------------------------------------
Phe F TTT      34 | Ser S TCT      29 | Tyr Y TAT      50 | Cys C TGT       8
      TTC      62 |       TCC      54 |       TAC      45 |       TGC       3
Leu L TTA      19 |       TCA      33 | *** * TAA       0 | *** * TGA       0
      TTG      33 |       TCG       4 |       TAG       0 | Trp W TGG      36
------------------------------------------------------------------------------
Leu L CTT      59 | Pro P CCT      42 | His H CAT      52 | Arg R CGT       3
      CTC      92 |       CCC      66 |       CAC      81 |       CGC      20
      CTA       0 |       CCA      12 | Gln Q CAA      13 |       CGA       4
      CTG     105 |       CCG       9 |       CAG     155 |       CGG       4
------------------------------------------------------------------------------
Ile I ATT      47 | Thr T ACT      28 | Asn N AAT      13 | Ser S AGT      20
      ATC      26 |       ACC      25 |       AAC      52 |       AGC      28
      ATA      17 |       ACA      12 | Lys K AAA      20 | Arg R AGA      16
Met M ATG      20 |       ACG      15 |       AAG     129 |       AGG      27
------------------------------------------------------------------------------
Val V GTT       5 | Ala A GCT      49 | Asp D GAT      25 | Gly G GGT      35
      GTC      85 |       GCC      91 |       GAC      57 |       GGC      50
      GTA      17 |       GCA      20 | Glu E GAA      68 |       GGA      15
      GTG      38 |       GCG       9 |       GAG      96 |       GGG      17
------------------------------------------------------------------------------


Codon position x base (3x4) table, overall

position  1:    T:0.17834    C:0.31187    A:0.21531    G:0.29448
position  2:    T:0.28665    C:0.21662    A:0.37234    G:0.12440
position  3:    T:0.21705    C:0.36407    A:0.11570    G:0.30318
Average         T:0.22735    C:0.29752    A:0.23445    G:0.24068

Codon frequencies under model, for use in evolver (TTT TTC TTA TTG ... GGG):
  0.01144332  0.01919450  0.00610004  0.01598395
  0.00864760  0.01450510  0.00460974  0.01207892
  0.01486415  0.02493246  0.00000000  0.00000000
  0.00496629  0.00833024  0.00000000  0.00693689
  0.02001185  0.03356696  0.01066764  0.02795242
  0.01512276  0.02536623  0.00806143  0.02112338
  0.02599414  0.04360140  0.01385660  0.03630845
  0.00868496  0.01456776  0.00462966  0.01213110
  0.01381571  0.02317385  0.00736469  0.01929769
  0.01044040  0.01751225  0.00556542  0.01458308
  0.01794575  0.03010138  0.00956627  0.02506650
  0.00599589  0.01005724  0.00319621  0.00837502
  0.01889543  0.03169433  0.01007251  0.02639301
  0.01427909  0.02395110  0.00761170  0.01994494
  0.02454398  0.04116896  0.01308357  0.03428288
  0.00820044  0.01375505  0.00437138  0.01145433


TREE #  1:  ((3, 18), ((((4, 7), (11, 10)), (((2, (19, 5)), 12), (((6, 8), 9), 13))), (1, ((17, 14), (15, 16)))));   MP score: 158
This is a rooted tree.  Please check!
check convergence..
lnL(ntime: 36  np: 73):  -1357.808211      +0.000000
  20..21   21..3    21..18   20..22   22..23   23..24   24..25   25..4    25..7    24..26   26..11   26..10   23..27   27..28   28..29   29..2    29..30   30..19   30..5    28..12   27..31   31..32   32..33   33..6    33..8    32..9    31..13   22..34   34..1    34..35   35..36   36..17   36..14   35..37   37..15   37..16 
 0.051890 0.008003 0.043626 0.112662 0.024078 0.525804 0.024029 0.058719 0.009021 0.009467 0.018376 0.053748 0.133533 0.036565 0.000004 0.008447 0.000004 0.000004 0.008600 0.034432 0.015411 0.079768 0.013453 0.013153 0.025201 0.017230 0.052741 0.128652 0.015394 0.097927 0.000004 0.000004 0.008516 0.025653 0.000004 0.000004 3.340505 0.000100 0.000100 0.524127 999.000000 0.000100 0.206090 999.000000 0.797192 0.000100 0.000100 0.000100 0.153581 0.525702 0.329576 11.934839 0.000100 18.116246 22.556237 999.000000 0.359122 0.450811 1.294658 0.673699 0.675539 0.788875 999.000000 0.355432 0.718264 0.421571 0.615644 0.000100 3.481305 999.000000 0.724532 0.872818 0.467693

Note: Branch length is defined as number of nucleotide substitutions per codon (not per neucleotide site).

tree length =  1.654127

((3: 0.008003, 18: 0.043626): 0.051890, ((((4: 0.058719, 7: 0.009021): 0.024029, (11: 0.018376, 10: 0.053748): 0.009467): 0.525804, (((2: 0.008447, (19: 0.000004, 5: 0.008600): 0.000004): 0.000004, 12: 0.034432): 0.036565, (((6: 0.013153, 8: 0.025201): 0.013453, 9: 0.017230): 0.079768, 13: 0.052741): 0.015411): 0.133533): 0.024078, (1: 0.015394, ((17: 0.000004, 14: 0.008516): 0.000004, (15: 0.000004, 16: 0.000004): 0.025653): 0.097927): 0.128652): 0.112662);

((Canis_lupus: 0.008003, Vulpes_vulpes: 0.043626): 0.051890, ((((Enhydra_lutris: 0.058719, Lontra_canadensis: 0.009021): 0.024029, (Neovison_vison: 0.018376, Mustela_putorius: 0.053748): 0.009467): 0.525804, (((Callorhinus_ursinus: 0.008447, (Zalophus_californianus: 0.000004, Eumetopias_jubatus: 0.008600): 0.000004): 0.000004, Odobenus_rosmarus: 0.034432): 0.036565, (((Leptonychotes_weddellii: 0.013153, Mirounga_leonina: 0.025201): 0.013453, Monachus_schauinslandi: 0.017230): 0.079768, Phoca_vitulina: 0.052741): 0.015411): 0.133533): 0.024078, (Ailuropoda_melanoleuca: 0.015394, ((Ursus_thibetanus: 0.000004, Ursus_americanus: 0.008516): 0.000004, (Ursus_arctos: 0.000004, Ursus_maritimus: 0.000004): 0.025653): 0.097927): 0.128652): 0.112662);

Detailed output identifying parameters

kappa (ts/tv) =  3.34050

w (dN/dS) for branches:  0.00010 0.00010 0.52413 999.00000 0.00010 0.20609 999.00000 0.79719 0.00010 0.00010 0.00010 0.15358 0.52570 0.32958 11.93484 0.00010 18.11625 22.55624 999.00000 0.35912 0.45081 1.29466 0.67370 0.67554 0.78887 999.00000 0.35543 0.71826 0.42157 0.61564 0.00010 3.48131 999.00000 0.72453 0.87282 0.46769

dN & dS for each branch

 branch          t       N       S   dN/dS      dN      dS  N*dN  S*dS

  20..21     0.052   266.3    96.7  0.0001  0.0000  0.0649   0.0   6.3
  21..3      0.008   266.3    96.7  0.0001  0.0000  0.0100   0.0   1.0
  21..18     0.044   266.3    96.7  0.5241  0.0117  0.0223   3.1   2.2
  20..22     0.113   266.3    96.7 999.0000  0.0512  0.0001  13.6   0.0
  22..23     0.024   266.3    96.7  0.0001  0.0000  0.0301   0.0   2.9
  23..24     0.526   266.3    96.7  0.2061  0.0865  0.4196  23.0  40.6
  24..25     0.024   266.3    96.7 999.0000  0.0109  0.0000   2.9   0.0
  25..4      0.059   266.3    96.7  0.7972  0.0183  0.0230   4.9   2.2
  25..7      0.009   266.3    96.7  0.0001  0.0000  0.0113   0.0   1.1
  24..26     0.009   266.3    96.7  0.0001  0.0000  0.0118   0.0   1.1
  26..11     0.018   266.3    96.7  0.0001  0.0000  0.0230   0.0   2.2
  26..10     0.054   266.3    96.7  0.1536  0.0073  0.0473   1.9   4.6
  23..27     0.134   266.3    96.7  0.5257  0.0359  0.0683   9.6   6.6
  27..28     0.037   266.3    96.7  0.3296  0.0079  0.0240   2.1   2.3
  28..29     0.000   266.3    96.7 11.9348  0.0000  0.0000   0.0   0.0
  29..2      0.008   266.3    96.7  0.0001  0.0000  0.0106   0.0   1.0
  29..30     0.000   266.3    96.7 18.1162  0.0000  0.0000   0.0   0.0
  30..19     0.000   266.3    96.7 22.5562  0.0000  0.0000   0.0   0.0
  30..5      0.009   266.3    96.7 999.0000  0.0039  0.0000   1.0   0.0
  28..12     0.034   266.3    96.7  0.3591  0.0078  0.0217   2.1   2.1
  27..31     0.015   266.3    96.7  0.4508  0.0039  0.0086   1.0   0.8
  31..32     0.080   266.3    96.7  1.2947  0.0283  0.0219   7.5   2.1
  32..33     0.013   266.3    96.7  0.6737  0.0040  0.0059   1.1   0.6
  33..6      0.013   266.3    96.7  0.6755  0.0039  0.0058   1.0   0.6
  33..8      0.025   266.3    96.7  0.7889  0.0078  0.0099   2.1   1.0
  32..9      0.017   266.3    96.7 999.0000  0.0078  0.0000   2.1   0.0
  31..13     0.053   266.3    96.7  0.3554  0.0119  0.0333   3.2   3.2
  22..34     0.129   266.3    96.7  0.7183  0.0388  0.0541  10.3   5.2
  34..1      0.015   266.3    96.7  0.4216  0.0038  0.0089   1.0   0.9
  34..35     0.098   266.3    96.7  0.6156  0.0280  0.0455   7.5   4.4
  35..36     0.000   266.3    96.7  0.0001  0.0000  0.0000   0.0   0.0
  36..17     0.000   266.3    96.7  3.4813  0.0000  0.0000   0.0   0.0
  36..14     0.009   266.3    96.7 999.0000  0.0039  0.0000   1.0   0.0
  35..37     0.026   266.3    96.7  0.7245  0.0078  0.0107   2.1   1.0
  37..15     0.000   266.3    96.7  0.8728  0.0000  0.0000   0.0   0.0
  37..16     0.000   266.3    96.7  0.4677  0.0000  0.0000   0.0   0.0

tree length for dN:       0.3911
tree length for dS:       0.9924

dS tree:
((Canis_lupus: 0.010007, Vulpes_vulpes: 0.022340): 0.064887, ((((Enhydra_lutris: 0.022994, Lontra_canadensis: 0.011281): 0.000011, (Neovison_vison: 0.022978, Mustela_putorius: 0.047254): 0.011838): 0.419641, (((Callorhinus_ursinus: 0.010563, (Zalophus_californianus: 0.000000, Eumetopias_jubatus: 0.000004): 0.000000): 0.000000, Odobenus_rosmarus: 0.021659): 0.023981, (((Leptonychotes_weddellii: 0.005753, Mirounga_leonina: 0.009940): 0.005895, Monachus_schauinslandi: 0.000008): 0.021864, Phoca_vitulina: 0.033346): 0.008602): 0.068258): 0.030108, (Ailuropoda_melanoleuca: 0.008913, ((Ursus_thibetanus: 0.000000, Ursus_americanus: 0.000004): 0.000005, (Ursus_arctos: 0.000001, Ursus_maritimus: 0.000002): 0.010716): 0.045458): 0.054055): 0.000051);
dN tree:
((Canis_lupus: 0.000001, Vulpes_vulpes: 0.011709): 0.000006, ((((Enhydra_lutris: 0.018330, Lontra_canadensis: 0.000001): 0.010916, (Neovison_vison: 0.000002, Mustela_putorius: 0.007257): 0.000001): 0.086484, (((Callorhinus_ursinus: 0.000001, (Zalophus_californianus: 0.000002, Eumetopias_jubatus: 0.003907): 0.000002): 0.000002, Odobenus_rosmarus: 0.007778): 0.007904, (((Leptonychotes_weddellii: 0.003887, Mirounga_leonina: 0.007841): 0.003972, Monachus_schauinslandi: 0.007827): 0.028306, Phoca_vitulina: 0.011852): 0.003878): 0.035883): 0.000003, (Ailuropoda_melanoleuca: 0.003757, ((Ursus_thibetanus: 0.000002, Ursus_americanus: 0.003868): 0.000000, (Ursus_arctos: 0.000001, Ursus_maritimus: 0.000001): 0.007764): 0.027986): 0.038825): 0.051179);

w ratios as labels for TreeView:
((Canis_lupus #0.0001 , Vulpes_vulpes #0.524127 ) #0.0001 , ((((Enhydra_lutris #0.797192 , Lontra_canadensis #0.0001 ) #999 , (Neovison_vison #0.0001 , Mustela_putorius #0.153581 ) #0.0001 ) #0.20609 , (((Callorhinus_ursinus #0.0001 , (Zalophus_californianus #22.5562 , Eumetopias_jubatus #999 ) #18.1162 ) #11.9348 , Odobenus_rosmarus #0.359122 ) #0.329576 , (((Leptonychotes_weddellii #0.675539 , Mirounga_leonina #0.788875 ) #0.673699 , Monachus_schauinslandi #999 ) #1.29466 , Phoca_vitulina #0.355432 ) #0.450811 ) #0.525702 ) #0.0001 , (Ailuropoda_melanoleuca #0.421571 , ((Ursus_thibetanus #3.48131 , Ursus_americanus #999 ) #0.0001 , (Ursus_arctos #0.872818 , Ursus_maritimus #0.467693 ) #0.724532 ) #0.615644 ) #0.718264 ) #999 );


Time used:  9:47
