
Before deleting alignment gaps
      8    471

Acinonyx_jubatus                ATG CCA TTG CCT CTG GGG AAA CTG GTC CTT CTT TCC AGT GTG GTG GCC AGT GGG AGC TGC ACC CTT ATA TAT TAC CTT ATA CGA AAA GCT TTT TCC AGG GCT TCC TAT TAC NAG CTA GCA TTG GAG CAG CTG CAC AGC TAC CCC GAG GCC CTG GCG GCT CTG GGC CCT CCG CTT --- --- --- --- --- --- --- --- --- --- --- --- --- --- --- --- --- --- --- --- TTG TCC ATT AGC TCC ACC TCA CCA --- AGT --- --- --- --- --- --- ACA GCT TCG TGG ACA TTG CCA ATG CCC AGG TGG CAC CTT CAG AAG GTC --- TTA AAG CGC AAG GGT GGT CAG CAG ATT CCC GTG TTT AAG CTC AGC AGG GAC ACT GGT GAT GGA GGA GGA CAG GTG ATC AGA ACG ACT CTG CTT TCT CCA AGA GTG GCC TCC CCT CCT CAC CGG GTC CCT CCA GGG CCT 
Felis_catus                     ATG CCA TTG CCT CTG GGG AAA CTG GTC CTT CTT TCC AGT GTG GTG GCC AGT GGG AGC TGC ACC CTT ATA TAT TAC CTT ATA CGA AAA GCT TTT TCC AGG GCT TCT TAT TAC CAG CTC GCA TTG GAG CAG CTG CAC AGC TAC CCC GAG GCC CTG GCG GCT CTG GGC CCT CCG CTT --- --- --- --- --- --- --- --- --- --- --- --- --- --- --- --- --- --- --- --- TTG TCC ATT AGC TCC ACC TCA CCG ACA AGT --- --- --- --- --- --- ACA GCT TCG TGG ACA TTG CCG ATG CCC AGG TGG CAC CTT CAG AAG GTC --- TTA AAG CTC AAG GGT GGT CAG CAG ATT CCC GTG TTT AAG CTC AGC AGG GAC ACT GGT GAT GAA GGA GGA CAG GTG ATC AAA ACG ACT CTG CTT TCT CCA AGA GTG GCC TCC CCT CCT CAC CGG GTC CCT CCA GGG CCT 
Lynx_lynx                       ATG CCA TTG CCT CTG GGG AAA CTG GTC CTT CTT TCC AGT GTG GTG GCC AGT GCG AGC TGC ACC CTT ATA TAT TAC CTT ATA CGA AAA GCT TTT TCC AGG GCT TCC TAT TAC CAG CTA GCA TTG GAG CAG CTG CAC AGC TAC CCC GAG GCC CTG GCG GCT CTG GGC CCT CCG CTT --- --- --- --- --- --- --- --- --- --- --- --- --- --- --- --- --- --- --- --- TTG TCC ATT AGC TCC ACC TTA CCG ACA AGT --- --- --- --- --- --- ACA GCT TCG TGG ACA TTG CCG ATG CCC AGG TGG CAC CTT CAG AAG GTC TTC TTA AAG CTC AAG GGT GGT CAG CAG ATT CCC GTG TTT AAG CTC AGC AGG GAC ACT GGT GAT GAA GGA GGA CAG GTG ATC AAA ACG ACT CTG CTT TCT CCA AGA GTG GCC TCC GCT CCT CAC CGG GTC CCT CCA GGG CCT 
Panthera_leo                    ATG CCA TTG CCT CTG GGG AAA CTG GTC CTT CTT TCC AGT GTG GTG GCC AGT GGG AGC TGC ACC CTT ATA TAT TAC CTT ATA CGA AAA GCT TTT TCC AGG GCT TCC TAT TAC CAG CTA GCA TTG GAG CAG CTG CAC AGC TAC CCA GAG GCC CTG GCG GCT CTG GGC CCT CCG CTT --- --- --- --- --- --- --- --- --- --- --- --- --- --- --- --- --- --- --- --- TTG TCC ATT AGC TCC ACC TCA CCG ACA AGT --- --- --- --- --- --- ACA GCT TCG TGG ACA TTG CCC ATG CCC AGG TGG CAC CTT CAG AAG GTC TTC TTA AAG CTC AAG GGT GGT CAG CAG ATT CCC GTG TTT AAG CTC AGC TGG GAC ACT GGT GAT GAA GGA GGA CAG GTG ATC AAA ACG ACT CTG CTT TCT CCA AGC GTG GCC TCC CCT CCT CAC CGG GTC CCT CCA GGG CCT 
Panthera_pardus                 ATG CCA TTG CCT CTG GGG AAA CTG GTC CTT CTT TCC AGT GTG GTG GCC AGT GGG AGC TGC ACC CTT ATA TAT TAC CTT ATA CGA AAA GCT TTT TCC AGG GCT TCC TAT TAC CAG CTA GCA TTG GAG CAG CTG CAC AGC TAC CCA GAG GCC CTG GCG GCT CTG GGC CAT CCG CTT --- --- --- --- --- --- --- --- --- --- --- --- --- --- --- --- --- --- --- --- TTG TCC ATT AGC TCC ACC TCA CGG ACA AGT --- --- --- --- --- --- ACA GCT TCG TGG ACA TTG CCC ATG CCC AGG TGG CAC CTT CAG AAG GTC TTC TTA AAG CTC AAG GGT GGT CAG CAG ATT CCC GTG TTT AAG CTC AGC TGG GAC ACT GGT GAT GAA GGA GGA CAG GTG ATC AAA ACG ACT CTG CTT TCT CCA AGC GTG GCC TCC CCT CCT CAC CGG GTC CCT CCA GGG CCT 
Panthera_tigris                 ATG CCA TTG CCT CTG GGG AAA CTG GTC CTT CTT TCC AGT GTG GTG GCC AGT GGG AGC TGC ACC CTT ATA TAT TAC CTT ATA CGA AAA GCT TTT TCC AGG GCT TCC TAT TAC CAG CTG GCA TTG GAG CAG CTG CAC AGC TAC CCC GAG GCC CTG GCG GCT CTG GGC CCT CCG CTT --- --- --- --- --- --- --- --- --- --- --- --- --- --- --- --- --- --- --- --- TTG TCC ATT AGC TCC ACC TCA CCG ACA AGT --- --- --- --- --- --- ACA GCT TCG TGG ACA TTG CCT ATG CCC AGG TGG CAC CTT CAG AAG GTC TTC TTA AAG CTC AAG GGT GGT CAG CAG ATT CCC GTG TTT AAG CTC AGC TGG GAC ACT GGT GAT GAA GGA GGA CAG GTG ATC AAA ACG ACT CTG CTT TCT CCA AGC GTG GCC TCC CCT CCT CAC CGG GTC CCT CCA GGG CCT 
Puma_concolor                   ATG CCA TTG CCT CTG GGG AAA CTG GTC CTT CTT TCC AGT GTG GTG GCC AGT GGG AGC TGC ACC CTT ATA TAT TAC CTT ATA CGA AAA GCT TTT TCC AGG GCT TCC TAT TAC CAG CTA GCA TTG GAG CAG CTG CAC AGC TAC CCC GAG GCC CTG GCG GCT CTG GGC CCT CCG CTT --- --- --- --- --- --- --- --- --- --- --- --- --- --- --- --- --- --- --- --- TTG TCC ATT AGC TCC ACC TCA CCG ACA AGT --- --- --- --- --- --- ACA GCT TCG TGG ACA TTG CCA ATG CCC AGG TGG CAC CTT CAG AAG GTC --- TTA AAG CTC AAG GGT GGT CAG CAG ATT CCC GTG TTT AAG CTC AGC AGG GAC ACT GGT GAT GAA GGA GGA CAG GTG ATC AGA ACG ACT CTG CTT TCT CCA AGA GTG GCC TCC CCT CCT CAC CGG GTC CCT CCA GGG CCT 
Suricata_suricatta              ATG CCA TTG CCT CTG GGG AAA CTG GTC TTT CTT TCC AGT GTG GTG GCC AGT GGG AGC TGC ACC CTT ATA TAT TAC CTT ACA CAA AAG GCT TTT TCC AAG GCT TCC TAT TAC CAG CTG GCT TTG GAG CAG CTG CAC CGC CGG CCC GAG GCC TTG GAG GCT CTG GGC CCT CCT CTC CGC GTC CAC GAT CTC CGC CTC ACC GAC CAG TGC AAC TTC GTG GAC ATT GCT GAC GCC CAG TTG AAG ATT CCT GTC TCT GGA TCC AAG TCA GAG GGT CAT CTC TAT GTC AGC TCA TCC AGA GGT GCC CCC TTT CAG AGG TGG CAC CTT CAG GAG GTC TTC TTA GAA CTC AAG GAC GGT CAG CAG ATT CCC GTG TTC AAG CCC AGC GGG GAC ACT GAC GGT GAA GGA GGA AAG --- --- --- --- --- --- --- --- --- --- --- --- --- --- --- --- --- --- --- --- --- CAG 



After deleting gaps. 321 sites
      8    321

Acinonyx_jubatus                ATG CCA TTG CCT CTG GGG AAA CTG GTC CTT CTT TCC AGT GTG GTG GCC AGT GGG AGC TGC ACC CTT ATA TAT TAC CTT ATA CGA AAA GCT TTT TCC AGG GCT TCC TAT TAC CTA GCA TTG GAG CAG CTG CAC AGC TAC CCC GAG GCC CTG GCG GCT CTG GGC CCT CCG CTT TTG TCC ATT AGC TCC ACC TCA CCA AGT ACA GCT TCG TGG ACA TTG CCA ATG CCC AGG TGG CAC CTT CAG AAG GTC TTA AAG CGC AAG GGT GGT CAG CAG ATT CCC GTG TTT AAG CTC AGC AGG GAC ACT GGT GAT GGA GGA GGA CAG CCT 
Felis_catus                     ATG CCA TTG CCT CTG GGG AAA CTG GTC CTT CTT TCC AGT GTG GTG GCC AGT GGG AGC TGC ACC CTT ATA TAT TAC CTT ATA CGA AAA GCT TTT TCC AGG GCT TCT TAT TAC CTC GCA TTG GAG CAG CTG CAC AGC TAC CCC GAG GCC CTG GCG GCT CTG GGC CCT CCG CTT TTG TCC ATT AGC TCC ACC TCA CCG AGT ACA GCT TCG TGG ACA TTG CCG ATG CCC AGG TGG CAC CTT CAG AAG GTC TTA AAG CTC AAG GGT GGT CAG CAG ATT CCC GTG TTT AAG CTC AGC AGG GAC ACT GGT GAT GAA GGA GGA CAG CCT 
Lynx_lynx                       ATG CCA TTG CCT CTG GGG AAA CTG GTC CTT CTT TCC AGT GTG GTG GCC AGT GCG AGC TGC ACC CTT ATA TAT TAC CTT ATA CGA AAA GCT TTT TCC AGG GCT TCC TAT TAC CTA GCA TTG GAG CAG CTG CAC AGC TAC CCC GAG GCC CTG GCG GCT CTG GGC CCT CCG CTT TTG TCC ATT AGC TCC ACC TTA CCG AGT ACA GCT TCG TGG ACA TTG CCG ATG CCC AGG TGG CAC CTT CAG AAG GTC TTA AAG CTC AAG GGT GGT CAG CAG ATT CCC GTG TTT AAG CTC AGC AGG GAC ACT GGT GAT GAA GGA GGA CAG CCT 
Panthera_leo                    ATG CCA TTG CCT CTG GGG AAA CTG GTC CTT CTT TCC AGT GTG GTG GCC AGT GGG AGC TGC ACC CTT ATA TAT TAC CTT ATA CGA AAA GCT TTT TCC AGG GCT TCC TAT TAC CTA GCA TTG GAG CAG CTG CAC AGC TAC CCA GAG GCC CTG GCG GCT CTG GGC CCT CCG CTT TTG TCC ATT AGC TCC ACC TCA CCG AGT ACA GCT TCG TGG ACA TTG CCC ATG CCC AGG TGG CAC CTT CAG AAG GTC TTA AAG CTC AAG GGT GGT CAG CAG ATT CCC GTG TTT AAG CTC AGC TGG GAC ACT GGT GAT GAA GGA GGA CAG CCT 
Panthera_pardus                 ATG CCA TTG CCT CTG GGG AAA CTG GTC CTT CTT TCC AGT GTG GTG GCC AGT GGG AGC TGC ACC CTT ATA TAT TAC CTT ATA CGA AAA GCT TTT TCC AGG GCT TCC TAT TAC CTA GCA TTG GAG CAG CTG CAC AGC TAC CCA GAG GCC CTG GCG GCT CTG GGC CAT CCG CTT TTG TCC ATT AGC TCC ACC TCA CGG AGT ACA GCT TCG TGG ACA TTG CCC ATG CCC AGG TGG CAC CTT CAG AAG GTC TTA AAG CTC AAG GGT GGT CAG CAG ATT CCC GTG TTT AAG CTC AGC TGG GAC ACT GGT GAT GAA GGA GGA CAG CCT 
Panthera_tigris                 ATG CCA TTG CCT CTG GGG AAA CTG GTC CTT CTT TCC AGT GTG GTG GCC AGT GGG AGC TGC ACC CTT ATA TAT TAC CTT ATA CGA AAA GCT TTT TCC AGG GCT TCC TAT TAC CTG GCA TTG GAG CAG CTG CAC AGC TAC CCC GAG GCC CTG GCG GCT CTG GGC CCT CCG CTT TTG TCC ATT AGC TCC ACC TCA CCG AGT ACA GCT TCG TGG ACA TTG CCT ATG CCC AGG TGG CAC CTT CAG AAG GTC TTA AAG CTC AAG GGT GGT CAG CAG ATT CCC GTG TTT AAG CTC AGC TGG GAC ACT GGT GAT GAA GGA GGA CAG CCT 
Puma_concolor                   ATG CCA TTG CCT CTG GGG AAA CTG GTC CTT CTT TCC AGT GTG GTG GCC AGT GGG AGC TGC ACC CTT ATA TAT TAC CTT ATA CGA AAA GCT TTT TCC AGG GCT TCC TAT TAC CTA GCA TTG GAG CAG CTG CAC AGC TAC CCC GAG GCC CTG GCG GCT CTG GGC CCT CCG CTT TTG TCC ATT AGC TCC ACC TCA CCG AGT ACA GCT TCG TGG ACA TTG CCA ATG CCC AGG TGG CAC CTT CAG AAG GTC TTA AAG CTC AAG GGT GGT CAG CAG ATT CCC GTG TTT AAG CTC AGC AGG GAC ACT GGT GAT GAA GGA GGA CAG CCT 
Suricata_suricatta              ATG CCA TTG CCT CTG GGG AAA CTG GTC TTT CTT TCC AGT GTG GTG GCC AGT GGG AGC TGC ACC CTT ATA TAT TAC CTT ACA CAA AAG GCT TTT TCC AAG GCT TCC TAT TAC CTG GCT TTG GAG CAG CTG CAC CGC CGG CCC GAG GCC TTG GAG GCT CTG GGC CCT CCT CTC TTG AAG ATT CCT GTC TCT GGA TCC TCA AGC TCA TCC AGA GGT GCC CCC TTT CAG AGG TGG CAC CTT CAG GAG GTC TTA GAA CTC AAG GAC GGT CAG CAG ATT CCC GTG TTC AAG CCC AGC GGG GAC ACT GAC GGT GAA GGA GGA AAG CAG 



Printing out site pattern counts


         8        237  P

Acinonyx_jubatus                AAA AAA AAG AAG AAG ACA ACA ACC ACC ACT AGC AGC AGC AGG AGG AGG AGT AGT ATA ATA ATG ATG ATT CAC CAG CAG CCA CCA CCA CCC CCC CCC CCG CCT CCT CCT CGA CGC CTA CTC CTG CTG CTT CTT CTT GAC GAG GAT GCA GCC GCG GCT GCT GGA GGA GGC GGG GGG GGT GGT GTC GTG TAC TAC TAT TCA TCC TCC TCC TCC TCG TGC TGG TGG TTA TTG TTG TTT TTT 
Felis_catus                     ... ... ... ... ... ... ... ... ... ... ... ... ... ... ... ... ... ... ... ... ... ... ... ... ... ... ... ..G ..G ... ... ... ... ... ... ... ... .T. ..C ... ... ... ... ... ... ... ... ... ... ... ... ... ... .A. ... ... ... ... ... ... ... ... ... ... ... ... ... ... ... ..T ... ... ... ... ... ... ... ... ... 
Lynx_lynx                       ... ... ... ... ... ... ... ... ... ... ... ... ... ... ... ... ... ... ... ... ... ... ... ... ... ... ... ..G ..G ... ... ... ... ... ... ... ... .T. ... ... ... ... ... ... ... ... ... ... ... ... ... ... ... .A. ... ... .C. ... ... ... ... ... ... ... ... .T. ... ... ... ... ... ... ... ... ... ... ... ... ... 
Panthera_leo                    ... ... ... ... ... ... ... ... ... ... ... ... ... ... ... T.. ... ... ... ... ... ... ... ... ... ... ... ..C ..G ..A ... ... ... ... ... ... ... .T. ... ... ... ... ... ... ... ... ... ... ... ... ... ... ... .A. ... ... ... ... ... ... ... ... ... ... ... ... ... ... ... ... ... ... ... ... ... ... ... ... ... 
Panthera_pardus                 ... ... ... ... ... ... ... ... ... ... ... ... ... ... ... T.. ... ... ... ... ... ... ... ... ... ... ... ..C .GG ..A ... ... ... .A. ... ... ... .T. ... ... ... ... ... ... ... ... ... ... ... ... ... ... ... .A. ... ... ... ... ... ... ... ... ... ... ... ... ... ... ... ... ... ... ... ... ... ... ... ... ... 
Panthera_tigris                 ... ... ... ... ... ... ... ... ... ... ... ... ... ... ... T.. ... ... ... ... ... ... ... ... ... ... ... ..T ..G ... ... ... ... ... ... ... ... .T. ..G ... ... ... ... ... ... ... ... ... ... ... ... ... ... .A. ... ... ... ... ... ... ... ... ... ... ... ... ... ... ... ... ... ... ... ... ... ... ... ... ... 
Puma_concolor                   ... ... ... ... ... ... ... ... ... ... ... ... ... ... ... ... ... ... ... ... ... ... ... ... ... ... ... ... ..G ... ... ... ... ... ... ... ... .T. ... ... ... ... ... ... ... ... ... ... ... ... ... ... ... .A. ... ... ... ... ... ... ... ... ... ... ... ... ... ... ... ... ... ... ... ... ... ... ... ... ... 
Suricata_suricatta              ... ..G ... G.A G.. .GC GGT ... T.T ... ... CCT C.. .A. ... G.. ... TCA .C. ... ... T.T ... ... A.. ... ... ..C T.C ... .AG ... ..T ... .AG ... .A. .T. ..G .C. ... T.. ..C ... T.. ... ... .G. ..T ... .A. ... T.A .A. ... ... ... ... .AC ... ... ... CGG ... ... GG. AAG GT. ... ... ..C ... A.A ... ... GCC ... ..C ... 

    1    1    2    1    1    1    1    1    1    1    2    1    1    1    1
    1    2    1    1    1    1    1    2    2    1    4    1    1    1    1
    1    1    1    1    1    1    1    1    1    1    4    1    1    4    1
    1    2    1    1    2    1    3    1    1    2    1    1    1    2    1
    2    3    1    2    2    1    1    1    2    1    1    1    1    1    1
    1    3    1    1

CODONML (in paml version 4.9f, October 2017)  Feliformia.fa.PRANK.aln
Model: free dN/dS Ratios for branches for branches, 
Codon frequency model: F3x4
ns =   8  ls = 107

Codon usage in sequences
--------------------------------------------------------------------------------------------------------------------------------------
Phe TTT   2   2   2   2   2   2 | Ser TCT   0   1   0   0   0   0 | Tyr TAT   2   2   2   2   2   2 | Cys TGT   0   0   0   0   0   0
    TTC   0   0   0   0   0   0 |     TCC   5   4   5   5   5   5 |     TAC   3   3   3   3   3   3 |     TGC   1   1   1   1   1   1
Leu TTA   1   1   2   1   1   1 |     TCA   1   1   0   1   1   1 | *** TAA   0   0   0   0   0   0 | *** TGA   0   0   0   0   0   0
    TTG   4   4   4   4   4   4 |     TCG   1   1   1   1   1   1 |     TAG   0   0   0   0   0   0 | Trp TGG   2   2   2   3   3   3
--------------------------------------------------------------------------------------------------------------------------------------
Leu CTT   6   6   6   6   6   6 | Pro CCT   3   3   3   3   2   4 | His CAT   0   0   0   0   1   0 | Arg CGT   0   0   0   0   0   0
    CTC   1   3   2   2   2   2 |     CCC   3   3   3   3   3   3 |     CAC   2   2   2   2   2   2 |     CGC   1   0   0   0   0   0
    CTA   1   0   1   1   1   0 |     CCA   3   1   1   2   2   1 | Gln CAA   0   0   0   0   0   0 |     CGA   1   1   1   1   1   1
    CTG   5   5   5   5   5   6 |     CCG   1   3   3   2   1   2 |     CAG   5   5   5   5   5   5 |     CGG   0   0   0   0   1   0
--------------------------------------------------------------------------------------------------------------------------------------
Ile ATT   2   2   2   2   2   2 | Thr ACT   1   1   1   1   1   1 | Asn AAT   0   0   0   0   0   0 | Ser AGT   3   3   3   3   3   3
    ATC   0   0   0   0   0   0 |     ACC   2   2   2   2   2   2 |     AAC   0   0   0   0   0   0 |     AGC   4   4   4   4   4   4
    ATA   2   2   2   2   2   2 |     ACA   2   2   2   2   2   2 | Lys AAA   2   2   2   2   2   2 | Arg AGA   0   0   0   0   0   0
Met ATG   2   2   2   2   2   2 |     ACG   0   0   0   0   0   0 |     AAG   4   4   4   4   4   4 |     AGG   3   3   3   2   2   2
--------------------------------------------------------------------------------------------------------------------------------------
Val GTT   0   0   0   0   0   0 | Ala GCT   4   4   4   4   4   4 | Asp GAT   1   1   1   1   1   1 | Gly GGT   3   3   3   3   3   3
    GTC   2   2   2   2   2   2 |     GCC   2   2   2   2   2   2 |     GAC   1   1   1   1   1   1 |     GGC   1   1   1   1   1   1
    GTA   0   0   0   0   0   0 |     GCA   1   1   1   1   1   1 | Glu GAA   0   1   1   1   1   1 |     GGA   3   2   2   2   2   2
    GTG   3   3   3   3   3   3 |     GCG   1   1   2   1   1   1 |     GAG   2   2   2   2   2   2 |     GGG   2   2   1   2   2   2
--------------------------------------------------------------------------------------------------------------------------------------

----------------------------------------------------------------------
Phe TTT   2   3 | Ser TCT   0   1 | Tyr TAT   2   2 | Cys TGT   0   0
    TTC   0   1 |     TCC   5   5 |     TAC   3   2 |     TGC   1   1
Leu TTA   1   1 |     TCA   1   2 | *** TAA   0   0 | *** TGA   0   0
    TTG   4   4 |     TCG   1   0 |     TAG   0   0 | Trp TGG   2   1
----------------------------------------------------------------------
Leu CTT   6   4 | Pro CCT   3   4 | His CAT   0   0 | Arg CGT   0   0
    CTC   2   2 |     CCC   3   4 |     CAC   2   2 |     CGC   0   1
    CTA   1   0 |     CCA   2   1 | Gln CAA   0   1 |     CGA   1   0
    CTG   5   5 |     CCG   2   0 |     CAG   5   6 |     CGG   0   1
----------------------------------------------------------------------
Ile ATT   2   2 | Thr ACT   1   1 | Asn AAT   0   0 | Ser AGT   3   2
    ATC   0   0 |     ACC   2   1 |     AAC   0   0 |     AGC   4   3
    ATA   2   1 |     ACA   2   1 | Lys AAA   2   1 | Arg AGA   0   1
Met ATG   2   1 |     ACG   0   0 |     AAG   4   6 |     AGG   3   1
----------------------------------------------------------------------
Val GTT   0   0 | Ala GCT   4   4 | Asp GAT   1   0 | Gly GGT   3   3
    GTC   2   3 |     GCC   2   3 |     GAC   1   3 |     GGC   1   1
    GTA   0   0 |     GCA   1   0 | Glu GAA   1   2 |     GGA   2   3
    GTG   3   3 |     GCG   1   0 |     GAG   2   4 |     GGG   2   3
----------------------------------------------------------------------

Codon position x base (3x4) table for each sequence.

#1: Acinonyx_jubatus
position  1:    T:0.20561    C:0.29907    A:0.25234    G:0.24299
position  2:    T:0.28972    C:0.28037    A:0.20561    G:0.22430
position  3:    T:0.25234    C:0.26168    A:0.15888    G:0.32710
Average         T:0.24922    C:0.28037    A:0.20561    G:0.26480

#2: Felis_catus    
position  1:    T:0.20561    C:0.29907    A:0.25234    G:0.24299
position  2:    T:0.29907    C:0.28037    A:0.21495    G:0.20561
position  3:    T:0.26168    C:0.26168    A:0.13084    G:0.34579
Average         T:0.25545    C:0.28037    A:0.19938    G:0.26480

#3: Lynx_lynx      
position  1:    T:0.20561    C:0.29907    A:0.25234    G:0.24299
position  2:    T:0.30841    C:0.28037    A:0.21495    G:0.19626
position  3:    T:0.25234    C:0.26168    A:0.14019    G:0.34579
Average         T:0.25545    C:0.28037    A:0.20249    G:0.26168

#4: Panthera_leo   
position  1:    T:0.21495    C:0.29907    A:0.24299    G:0.24299
position  2:    T:0.29907    C:0.28037    A:0.21495    G:0.20561
position  3:    T:0.25234    C:0.26168    A:0.14953    G:0.33645
Average         T:0.25545    C:0.28037    A:0.20249    G:0.26168

#5: Panthera_pardus
position  1:    T:0.21495    C:0.29907    A:0.24299    G:0.24299
position  2:    T:0.29907    C:0.26168    A:0.22430    G:0.21495
position  3:    T:0.25234    C:0.26168    A:0.14953    G:0.33645
Average         T:0.25545    C:0.27414    A:0.20561    G:0.26480

#6: Panthera_tigris
position  1:    T:0.21495    C:0.29907    A:0.24299    G:0.24299
position  2:    T:0.29907    C:0.28037    A:0.21495    G:0.20561
position  3:    T:0.26168    C:0.26168    A:0.13084    G:0.34579
Average         T:0.25857    C:0.28037    A:0.19626    G:0.26480

#7: Puma_concolor  
position  1:    T:0.20561    C:0.29907    A:0.25234    G:0.24299
position  2:    T:0.29907    C:0.28037    A:0.21495    G:0.20561
position  3:    T:0.25234    C:0.26168    A:0.14953    G:0.33645
Average         T:0.25234    C:0.28037    A:0.20561    G:0.26168

#8: Suricata_suricatta
position  1:    T:0.21495    C:0.28972    A:0.19626    G:0.29907
position  2:    T:0.28037    C:0.25234    A:0.27103    G:0.19626
position  3:    T:0.24299    C:0.29907    A:0.13084    G:0.32710
Average         T:0.24611    C:0.28037    A:0.19938    G:0.27414

Sums of codon usage counts
------------------------------------------------------------------------------
Phe F TTT      17 | Ser S TCT       2 | Tyr Y TAT      16 | Cys C TGT       0
      TTC       1 |       TCC      39 |       TAC      23 |       TGC       8
Leu L TTA       9 |       TCA       8 | *** * TAA       0 | *** * TGA       0
      TTG      32 |       TCG       7 |       TAG       0 | Trp W TGG      18
------------------------------------------------------------------------------
Leu L CTT      46 | Pro P CCT      25 | His H CAT       1 | Arg R CGT       0
      CTC      16 |       CCC      25 |       CAC      16 |       CGC       2
      CTA       5 |       CCA      13 | Gln Q CAA       1 |       CGA       7
      CTG      41 |       CCG      14 |       CAG      41 |       CGG       2
------------------------------------------------------------------------------
Ile I ATT      16 | Thr T ACT       8 | Asn N AAT       0 | Ser S AGT      23
      ATC       0 |       ACC      15 |       AAC       0 |       AGC      31
      ATA      15 |       ACA      15 | Lys K AAA      15 | Arg R AGA       1
Met M ATG      15 |       ACG       0 |       AAG      34 |       AGG      19
------------------------------------------------------------------------------
Val V GTT       0 | Ala A GCT      32 | Asp D GAT       7 | Gly G GGT      24
      GTC      17 |       GCC      17 |       GAC      10 |       GGC       8
      GTA       0 |       GCA       7 | Glu E GAA       8 |       GGA      18
      GTG      24 |       GCG       8 |       GAG      18 |       GGG      16
------------------------------------------------------------------------------


Codon position x base (3x4) table, overall

position  1:    T:0.21028    C:0.29790    A:0.24182    G:0.25000
position  2:    T:0.29673    C:0.27453    A:0.22196    G:0.20678
position  3:    T:0.25350    C:0.26636    A:0.14252    G:0.33762
Average         T:0.25350    C:0.27960    A:0.20210    G:0.26480

Codon frequencies under model, for use in evolver (TTT TTC TTA TTG ... GGG):
  0.01628358  0.01710901  0.00915482  0.02168642
  0.01506551  0.01582920  0.00847001  0.02006421
  0.01218063  0.01279808  0.00000000  0.00000000
  0.01134722  0.01192242  0.00000000  0.01511219
  0.02306840  0.02423777  0.01296933  0.03072243
  0.02134281  0.02242471  0.01199918  0.02842430
  0.01725589  0.01813061  0.00970147  0.02298135
  0.01607522  0.01689010  0.00903768  0.02140894
  0.01872611  0.01967536  0.01052805  0.02493939
  0.01732534  0.01820358  0.00974051  0.02307384
  0.01400772  0.01471779  0.00787531  0.01865545
  0.01304930  0.01371079  0.00733647  0.01737902
  0.01935936  0.02034071  0.01088407  0.02578275
  0.01791122  0.01881916  0.01006990  0.02385412
  0.01448141  0.01521550  0.00814162  0.01928631
  0.01349058  0.01417443  0.00758457  0.01796672


TREE #  1:  (8, ((6, (5, 4)), (((3, 2), 7), 1)));   MP score: 53
This is a rooted tree.  Please check!
check convergence..
lnL(ntime: 14  np: 29):   -761.991958      +0.000000
   9..8     9..10   10..11   11..6    11..12   12..5    12..4    10..13   13..14   14..15   15..3    15..2    14..7    13..1  
 0.057530 0.659290 0.009560 0.017954 0.011612 0.019334 0.000004 0.008475 0.000004 0.009373 0.019092 0.019085 0.000004 0.028683 1.593708 0.000100 0.766774 999.000000 0.000100 0.000100 999.000000 14.247437 0.000100 11.965933 0.000100 999.000000 0.000100 11.025682 0.758782

Note: Branch length is defined as number of nucleotide substitutions per codon (not per neucleotide site).

tree length =  0.860000

(8: 0.057530, ((6: 0.017954, (5: 0.019334, 4: 0.000004): 0.011612): 0.009560, (((3: 0.019092, 2: 0.019085): 0.009373, 7: 0.000004): 0.000004, 1: 0.028683): 0.008475): 0.659290);

(Suricata_suricatta: 0.057530, ((Panthera_tigris: 0.017954, (Panthera_pardus: 0.019334, Panthera_leo: 0.000004): 0.011612): 0.009560, (((Lynx_lynx: 0.019092, Felis_catus: 0.019085): 0.009373, Puma_concolor: 0.000004): 0.000004, Acinonyx_jubatus: 0.028683): 0.008475): 0.659290);

Detailed output identifying parameters

kappa (ts/tv) =  1.59371

w (dN/dS) for branches:  0.00010 0.76677 999.00000 0.00010 0.00010 999.00000 14.24744 0.00010 11.96593 0.00010 999.00000 0.00010 11.02568 0.75878

dN & dS for each branch

 branch          t       N       S   dN/dS      dN      dS  N*dN  S*dS

   9..8      0.058   235.1    85.9  0.0001  0.0000  0.0716   0.0   6.2
   9..10     0.659   235.1    85.9  0.7668  0.2032  0.2650  47.8  22.8
  10..11     0.010   235.1    85.9 999.0000  0.0043  0.0000   1.0   0.0
  11..6      0.018   235.1    85.9  0.0001  0.0000  0.0224   0.0   1.9
  11..12     0.012   235.1    85.9  0.0001  0.0000  0.0145   0.0   1.2
  12..5      0.019   235.1    85.9 999.0000  0.0088  0.0000   2.1   0.0
  12..4      0.000   235.1    85.9 14.2474  0.0000  0.0000   0.0   0.0
  10..13     0.008   235.1    85.9  0.0001  0.0000  0.0106   0.0   0.9
  13..14     0.000   235.1    85.9 11.9659  0.0000  0.0000   0.0   0.0
  14..15     0.009   235.1    85.9  0.0001  0.0000  0.0117   0.0   1.0
  15..3      0.019   235.1    85.9 999.0000  0.0087  0.0000   2.0   0.0
  15..2      0.019   235.1    85.9  0.0001  0.0000  0.0238   0.0   2.0
  14..7      0.000   235.1    85.9 11.0257  0.0000  0.0000   0.0   0.0
  13..1      0.029   235.1    85.9  0.7588  0.0088  0.0116   2.1   1.0

tree length for dN:       0.2339
tree length for dS:       0.4311

dS tree:
(Suricata_suricatta: 0.071625, ((Panthera_tigris: 0.022353, (Panthera_pardus: 0.000009, Panthera_leo: 0.000000): 0.014457): 0.000004, (((Lynx_lynx: 0.000009, Felis_catus: 0.023761): 0.011670, Puma_concolor: 0.000000): 0.000000, Acinonyx_jubatus: 0.011612): 0.010552): 0.265031);
dN tree:
(Suricata_suricatta: 0.000007, ((Panthera_tigris: 0.000002, (Panthera_pardus: 0.008797, Panthera_leo: 0.000002): 0.000001): 0.004350, (((Lynx_lynx: 0.008687, Felis_catus: 0.000002): 0.000001, Puma_concolor: 0.000002): 0.000002, Acinonyx_jubatus: 0.008811): 0.000001): 0.203219);

w ratios as labels for TreeView:
(Suricata_suricatta #0.0001 , ((Panthera_tigris #0.0001 , (Panthera_pardus #999 , Panthera_leo #14.2474 ) #0.0001 ) #999 , (((Lynx_lynx #999 , Felis_catus #0.0001 ) #0.0001 , Puma_concolor #11.0257 ) #11.9659 , Acinonyx_jubatus #0.758782 ) #0.0001 ) #0.766774 );


Time used:  2:47
