
Loaded 'libv3/convenience/matrix.bf' from /usr/local/lib/hyphy/TemplateBatchFiles/libv3/convenience/matrix.bf
Loaded 'libv3/UtilityFunctions.bf' from /usr/local/lib/hyphy/TemplateBatchFiles/libv3/UtilityFunctions.bf
Loaded 'IOFunctions.bf' from /usr/local/lib/hyphy/TemplateBatchFiles/libv3/IOFunctions.bf
Already loaded 'libv3/UtilityFunctions.bf' from /usr/local/lib/hyphy/TemplateBatchFiles/libv3/UtilityFunctions.bf
Loaded 'convenience/regexp.bf' from /usr/local/lib/hyphy/TemplateBatchFiles/libv3/convenience/regexp.bf
Loaded 'libv3/all-terms.bf' from /usr/local/lib/hyphy/TemplateBatchFiles/libv3/all-terms.bf
Variable 'skipCodeSelectionStep' was not initialized prior to being used
Row and/or column partition is empty. All the data will be used by default.
Overwritten previously defined function:'GaussLaguerreQuardature'
Overwritten previously defined function:'GammaQuadWeight'
Variable 'SKIP_HARVEST_FREQ' was not initialized prior to being used
Variable '_WRAP_PASSTHROUGH_FLAG_' was not initialized prior to being used
Variable 'END_OF_FILE' was not initialized prior to being used
Variable '_DO_TREE_REBALANCE_' was not initialized prior to being used
Variable '_KEEP_I_LABELS_' was not initialized prior to being used
Model MG94customModel assigned to Suricata_suricatta
Suricata_suricatta has 2 parameters - branch length not assigned
Model MG94customModel assigned to Panthera_tigris
Panthera_tigris has 2 parameters - branch length not assigned
Model MG94customModel assigned to Panthera_pardus
Panthera_pardus has 2 parameters - branch length not assigned
Model MG94customModel assigned to Panthera_leo
Panthera_leo has 2 parameters - branch length not assigned
Model MG94customModel assigned to Node5
Node5 has 2 parameters - branch length not assigned
Model MG94customModel assigned to Node3
Node3 has 2 parameters - branch length not assigned
Model MG94customModel assigned to Lynx_lynx
Lynx_lynx has 2 parameters - branch length not assigned
Model MG94customModel assigned to Felis_catus
Felis_catus has 2 parameters - branch length not assigned
Model MG94customModel assigned to Node10
Node10 has 2 parameters - branch length not assigned
Model MG94customModel assigned to Puma_concolor
Puma_concolor has 2 parameters - branch length not assigned
Model MG94customModel assigned to Node9
Node9 has 2 parameters - branch length not assigned
Model MG94customModel assigned to Acinonyx_jubatus
Acinonyx_jubatus has 2 parameters - branch length not assigned
Model MG94customModel assigned to Node8
Node8 has 2 parameters - branch length not assigned
Model MG94customModel assigned to Node2
Node2 has 2 parameters - branch length not assigned
Rooted tree. Removing one branch - the right root child has been promoted to be the new root
The tips of the tree:givenTree were matched with the species names from the data in the following numeric order (0-based) {7,5,4,3,2,1,6,0}

Pseudo-optimal path's cost 978 vs 1340 for 1..k=> a 1.37014 x improvement
Partition 0 reversible model flag computed as 1
Variable 'theLnLik' was not initialized prior to being used
Variable 'SAVE_OPT_STATUS_TO' was not initialized prior to being used
Variable 'givenTree.Suricata_suricatta.nonSynRate' was not initialized prior to being used
Variable 'givenTree.Suricata_suricatta.synRate' was not initialized prior to being used
Variable 'givenTree.Panthera_tigris.nonSynRate' was not initialized prior to being used
Variable 'givenTree.Panthera_tigris.synRate' was not initialized prior to being used
Variable 'givenTree.Panthera_pardus.nonSynRate' was not initialized prior to being used
Variable 'givenTree.Panthera_pardus.synRate' was not initialized prior to being used
Variable 'givenTree.Panthera_leo.nonSynRate' was not initialized prior to being used
Variable 'givenTree.Panthera_leo.synRate' was not initialized prior to being used
Variable 'givenTree.Lynx_lynx.nonSynRate' was not initialized prior to being used
Variable 'givenTree.Lynx_lynx.synRate' was not initialized prior to being used
Variable 'givenTree.Felis_catus.nonSynRate' was not initialized prior to being used
Variable 'givenTree.Felis_catus.synRate' was not initialized prior to being used
Variable 'givenTree.Puma_concolor.nonSynRate' was not initialized prior to being used
Variable 'givenTree.Puma_concolor.synRate' was not initialized prior to being used
Variable 'givenTree.Acinonyx_jubatus.nonSynRate' was not initialized prior to being used
Variable 'givenTree.Acinonyx_jubatus.synRate' was not initialized prior to being used
Variable 'givenTree.Node5.nonSynRate' was not initialized prior to being used
Variable 'givenTree.Node5.synRate' was not initialized prior to being used
Variable 'givenTree.Node3.nonSynRate' was not initialized prior to being used
Variable 'givenTree.Node3.synRate' was not initialized prior to being used
Variable 'givenTree.Node10.nonSynRate' was not initialized prior to being used
Variable 'givenTree.Node10.synRate' was not initialized prior to being used
Variable 'givenTree.Node9.nonSynRate' was not initialized prior to being used
Variable 'givenTree.Node9.synRate' was not initialized prior to being used
Variable 'givenTree.Node8.nonSynRate' was not initialized prior to being used
Variable 'givenTree.Node8.synRate' was not initialized prior to being used
Site 22 evaluated to a 0 probability in ComputeTreeBlockByBranch
Site 22 evaluated to a 0 probability in ComputeTreeBlockByBranch
Site 27 evaluated to a 0 probability in ComputeTreeBlockByBranch
Auto-benchmarked an optimal number (1) of threads.
Set GUI update interval to every 164-th LF evaluation.
Initial guess for givenTree.Node3.nonSynRate is -0.00283577
Initial guess for givenTree.Node3.synRate is 0.00371006
Initial guess for givenTree.Panthera_tigris.nonSynRate is 0.103387
Initial guess for givenTree.Panthera_tigris.synRate is 0.125628
Initial guess for givenTree.Node5.nonSynRate is 0.00152661
Initial guess for givenTree.Node5.synRate is 0.00254244
Initial guess for givenTree.Panthera_pardus.nonSynRate is 0.00275303
Initial guess for givenTree.Panthera_pardus.synRate is -0.000405572
Initial guess for givenTree.Panthera_leo.nonSynRate is 1.89618e-05
Initial guess for givenTree.Panthera_leo.synRate is 0.00461469
Initial guess for givenTree.Node8.nonSynRate is 0.00133705
Initial guess for givenTree.Node8.synRate is 0.00269145
Initial guess for givenTree.Node9.nonSynRate is -0.00104536
Initial guess for givenTree.Node9.synRate is 1.17935e-05
Initial guess for givenTree.Node10.nonSynRate is 0.00155761
Initial guess for givenTree.Node10.synRate is 3.53461e-06
Initial guess for givenTree.Lynx_lynx.nonSynRate is -2.34944e-05
Initial guess for givenTree.Lynx_lynx.synRate is -0.00035017
Initial guess for givenTree.Felis_catus.nonSynRate is 0.00226987
Initial guess for givenTree.Felis_catus.synRate is 0.00400126
Initial guess for givenTree.Puma_concolor.nonSynRate is 0.002054
Initial guess for givenTree.Puma_concolor.synRate is 0.00245067
Initial guess for givenTree.Acinonyx_jubatus.nonSynRate is 0.00273753
Initial guess for givenTree.Acinonyx_jubatus.synRate is -1.96685e-05
Optimization settings:
	OPTIMIZATION_METHOD = 4
	OPTIMIZATION_PRECISION = 0.001
	MAXIMUM_ITERATIONS_PER_VARIABLE = 5000

Initial parameter values

GT = 1
CT = 1
AC = 1
CG = 1
AT = 1
givenTree.Suricata_suricatta.synRate = 0.1
givenTree.Suricata_suricatta.nonSynRate = 0.1
givenTree.Panthera_tigris.synRate = 0.125628
givenTree.Panthera_tigris.nonSynRate = 0.103387
givenTree.Panthera_pardus.synRate = 0
givenTree.Panthera_pardus.nonSynRate = 0.00275303
givenTree.Panthera_leo.synRate = 0.00461469
givenTree.Panthera_leo.nonSynRate = 1.89618e-05
givenTree.Node5.synRate = 0.00254244
givenTree.Node5.nonSynRate = 0.00152661
givenTree.Node3.synRate = 0.00371006
givenTree.Node3.nonSynRate = 0
givenTree.Lynx_lynx.synRate = 0
givenTree.Lynx_lynx.nonSynRate = 0
givenTree.Felis_catus.synRate = 0.00400126
givenTree.Felis_catus.nonSynRate = 0.00226987
givenTree.Node10.synRate = 3.53461e-06
givenTree.Node10.nonSynRate = 0.00155761
givenTree.Puma_concolor.synRate = 0.00245067
givenTree.Puma_concolor.nonSynRate = 0.002054
givenTree.Node9.synRate = 1.17935e-05
givenTree.Node9.nonSynRate = 0
givenTree.Acinonyx_jubatus.synRate = 0
givenTree.Acinonyx_jubatus.nonSynRate = 0.00273753
givenTree.Node8.synRate = 0.00269145
givenTree.Node8.nonSynRate = 0.00133705
Optimization finished in 22 loop passes.
3121 likelihood evaluation calls and 12757 matrix exponentiations calls were made

Variable 'lastDepth' was not initialized prior to being used
No nodel was assigned to Suricata_suricatta
Suricata_suricatta has 0 parameters - branch length not assigned
No nodel was assigned to Panthera_tigris
Panthera_tigris has 0 parameters - branch length not assigned
No nodel was assigned to Panthera_pardus
Panthera_pardus has 0 parameters - branch length not assigned
No nodel was assigned to Panthera_leo
Panthera_leo has 0 parameters - branch length not assigned
No nodel was assigned to Node5
Node5 has 0 parameters - branch length not assigned
No nodel was assigned to Node3
Node3 has 0 parameters - branch length not assigned
No nodel was assigned to Lynx_lynx
Lynx_lynx has 0 parameters - branch length not assigned
No nodel was assigned to Felis_catus
Felis_catus has 0 parameters - branch length not assigned
No nodel was assigned to Node10
Node10 has 0 parameters - branch length not assigned
No nodel was assigned to Puma_concolor
Puma_concolor has 0 parameters - branch length not assigned
No nodel was assigned to Node9
Node9 has 0 parameters - branch length not assigned
No nodel was assigned to Acinonyx_jubatus
Acinonyx_jubatus has 0 parameters - branch length not assigned
No nodel was assigned to Node8
Node8 has 0 parameters - branch length not assigned
No nodel was assigned to Suricata_suricatta
Suricata_suricatta has 0 parameters - branch length not assigned
No nodel was assigned to Panthera_tigris
Panthera_tigris has 0 parameters - branch length not assigned
No nodel was assigned to Panthera_pardus
Panthera_pardus has 0 parameters - branch length not assigned
No nodel was assigned to Panthera_leo
Panthera_leo has 0 parameters - branch length not assigned
No nodel was assigned to Node5
Node5 has 0 parameters - branch length not assigned
No nodel was assigned to Node3
Node3 has 0 parameters - branch length not assigned
No nodel was assigned to Lynx_lynx
Lynx_lynx has 0 parameters - branch length not assigned
No nodel was assigned to Felis_catus
Felis_catus has 0 parameters - branch length not assigned
No nodel was assigned to Node10
Node10 has 0 parameters - branch length not assigned
No nodel was assigned to Puma_concolor
Puma_concolor has 0 parameters - branch length not assigned
No nodel was assigned to Node9
Node9 has 0 parameters - branch length not assigned
No nodel was assigned to Acinonyx_jubatus
Acinonyx_jubatus has 0 parameters - branch length not assigned
No nodel was assigned to Node8
Node8 has 0 parameters - branch length not assigned
No nodel was assigned to Suricata_suricatta
Suricata_suricatta has 0 parameters - branch length not assigned
No nodel was assigned to Panthera_tigris
Panthera_tigris has 0 parameters - branch length not assigned
No nodel was assigned to Panthera_pardus
Panthera_pardus has 0 parameters - branch length not assigned
No nodel was assigned to Panthera_leo
Panthera_leo has 0 parameters - branch length not assigned
No nodel was assigned to Node5
Node5 has 0 parameters - branch length not assigned
No nodel was assigned to Node3
Node3 has 0 parameters - branch length not assigned
No nodel was assigned to Lynx_lynx
Lynx_lynx has 0 parameters - branch length not assigned
No nodel was assigned to Felis_catus
Felis_catus has 0 parameters - branch length not assigned
No nodel was assigned to Node10
Node10 has 0 parameters - branch length not assigned
No nodel was assigned to Puma_concolor
Puma_concolor has 0 parameters - branch length not assigned
No nodel was assigned to Node9
Node9 has 0 parameters - branch length not assigned
No nodel was assigned to Acinonyx_jubatus
Acinonyx_jubatus has 0 parameters - branch length not assigned
No nodel was assigned to Node8
Node8 has 0 parameters - branch length not assigned
No nodel was assigned to Suricata_suricatta
Suricata_suricatta has 0 parameters - branch length not assigned
No nodel was assigned to Panthera_tigris
Panthera_tigris has 0 parameters - branch length not assigned
No nodel was assigned to Panthera_pardus
Panthera_pardus has 0 parameters - branch length not assigned
No nodel was assigned to Panthera_leo
Panthera_leo has 0 parameters - branch length not assigned
No nodel was assigned to Node5
Node5 has 0 parameters - branch length not assigned
No nodel was assigned to Node3
Node3 has 0 parameters - branch length not assigned
No nodel was assigned to Lynx_lynx
Lynx_lynx has 0 parameters - branch length not assigned
No nodel was assigned to Felis_catus
Felis_catus has 0 parameters - branch length not assigned
No nodel was assigned to Node10
Node10 has 0 parameters - branch length not assigned
No nodel was assigned to Puma_concolor
Puma_concolor has 0 parameters - branch length not assigned
No nodel was assigned to Node9
Node9 has 0 parameters - branch length not assigned
No nodel was assigned to Acinonyx_jubatus
Acinonyx_jubatus has 0 parameters - branch length not assigned
No nodel was assigned to Node8
Node8 has 0 parameters - branch length not assigned
Variable 'nodeName' was not initialized prior to being used
Variable 'speciesIndex' was not initialized prior to being used
Row and/or column partition is empty. All the data will be used by default.
Model MG94customModel assigned to Suricata_suricatta
Model MG94customModel assigned to Panthera_tigris
One branch tree supplied - hopefully this IS what you meant to do.
Rooted tree. Removing one branch - the left root child has been promoted to be the new root
Partition 0 reversible model flag computed as 1
Variable 'twoLnLik' was not initialized prior to being used
Variable 't2.Panthera_tigris.nonSynRate' was not initialized prior to being used
Variable 't2.Panthera_tigris.synRate' was not initialized prior to being used
Auto-benchmarked an optimal number (2) of threads.
Set GUI update interval to every 5102-th LF evaluation.
Optimization settings:
	OPTIMIZATION_METHOD = 4
	OPTIMIZATION_PRECISION = 0.001
	MAXIMUM_ITERATIONS_PER_VARIABLE = 5000

Initial parameter values

t2.Panthera_tigris.nonSynRate = 0.1
t2.Panthera_tigris.synRate = 0.1
Optimization finished in 3 loop passes.
104 likelihood evaluation calls and 95 matrix exponentiations calls were made

Row and/or column partition is empty. All the data will be used by default.
Model MG94customModel assigned to Suricata_suricatta
Model MG94customModel assigned to Panthera_pardus
One branch tree supplied - hopefully this IS what you meant to do.
Rooted tree. Removing one branch - the left root child has been promoted to be the new root
Partition 0 reversible model flag computed as 1
Variable 't2.Panthera_pardus.nonSynRate' was not initialized prior to being used
Variable 't2.Panthera_pardus.synRate' was not initialized prior to being used
Auto-benchmarked an optimal number (5) of threads.
Set GUI update interval to every 5494-th LF evaluation.
Optimization settings:
	OPTIMIZATION_METHOD = 4
	OPTIMIZATION_PRECISION = 0.001
	MAXIMUM_ITERATIONS_PER_VARIABLE = 5000

Initial parameter values

t2.Panthera_pardus.nonSynRate = 0.1
t2.Panthera_pardus.synRate = 0.1
Optimization finished in 3 loop passes.
107 likelihood evaluation calls and 100 matrix exponentiations calls were made

Row and/or column partition is empty. All the data will be used by default.
Model MG94customModel assigned to Suricata_suricatta
Model MG94customModel assigned to Panthera_leo
One branch tree supplied - hopefully this IS what you meant to do.
Rooted tree. Removing one branch - the left root child has been promoted to be the new root
Partition 0 reversible model flag computed as 1
Variable 't2.Panthera_leo.synRate' was not initialized prior to being used
Variable 't2.Panthera_leo.nonSynRate' was not initialized prior to being used
Auto-benchmarked an optimal number (5) of threads.
Set GUI update interval to every 5434-th LF evaluation.
Optimization settings:
	OPTIMIZATION_METHOD = 4
	OPTIMIZATION_PRECISION = 0.001
	MAXIMUM_ITERATIONS_PER_VARIABLE = 5000

Initial parameter values

t2.Panthera_leo.synRate = 0.1
t2.Panthera_leo.nonSynRate = 0.1
Optimization finished in 6 loop passes.
106 likelihood evaluation calls and 96 matrix exponentiations calls were made

Row and/or column partition is empty. All the data will be used by default.
Model MG94customModel assigned to Suricata_suricatta
Model MG94customModel assigned to Lynx_lynx
One branch tree supplied - hopefully this IS what you meant to do.
Rooted tree. Removing one branch - the left root child has been promoted to be the new root
Partition 0 reversible model flag computed as 1
Variable 't2.Lynx_lynx.nonSynRate' was not initialized prior to being used
Variable 't2.Lynx_lynx.synRate' was not initialized prior to being used
Auto-benchmarked an optimal number (4) of threads.
Set GUI update interval to every 5376-th LF evaluation.
Optimization settings:
	OPTIMIZATION_METHOD = 4
	OPTIMIZATION_PRECISION = 0.001
	MAXIMUM_ITERATIONS_PER_VARIABLE = 5000

Initial parameter values

t2.Lynx_lynx.nonSynRate = 0.1
t2.Lynx_lynx.synRate = 0.1
Optimization finished in 6 loop passes.
97 likelihood evaluation calls and 87 matrix exponentiations calls were made

Row and/or column partition is empty. All the data will be used by default.
Model MG94customModel assigned to Suricata_suricatta
Model MG94customModel assigned to Felis_catus
One branch tree supplied - hopefully this IS what you meant to do.
Rooted tree. Removing one branch - the left root child has been promoted to be the new root
Partition 0 reversible model flag computed as 1
Variable 't2.Felis_catus.synRate' was not initialized prior to being used
Variable 't2.Felis_catus.nonSynRate' was not initialized prior to being used
Auto-benchmarked an optimal number (3) of threads.
Set GUI update interval to every 5208-th LF evaluation.
Optimization settings:
	OPTIMIZATION_METHOD = 4
	OPTIMIZATION_PRECISION = 0.001
	MAXIMUM_ITERATIONS_PER_VARIABLE = 5000

Initial parameter values

t2.Felis_catus.synRate = 0.1
t2.Felis_catus.nonSynRate = 0.1
Optimization finished in 6 loop passes.
123 likelihood evaluation calls and 112 matrix exponentiations calls were made

Row and/or column partition is empty. All the data will be used by default.
Model MG94customModel assigned to Suricata_suricatta
Model MG94customModel assigned to Puma_concolor
One branch tree supplied - hopefully this IS what you meant to do.
Rooted tree. Removing one branch - the left root child has been promoted to be the new root
Partition 0 reversible model flag computed as 1
Variable 't2.Puma_concolor.nonSynRate' was not initialized prior to being used
Variable 't2.Puma_concolor.synRate' was not initialized prior to being used
Auto-benchmarked an optimal number (5) of threads.
Set GUI update interval to every 5208-th LF evaluation.
Optimization settings:
	OPTIMIZATION_METHOD = 4
	OPTIMIZATION_PRECISION = 0.001
	MAXIMUM_ITERATIONS_PER_VARIABLE = 5000

Initial parameter values

t2.Puma_concolor.nonSynRate = 0.1
t2.Puma_concolor.synRate = 0.1
Optimization finished in 5 loop passes.
165 likelihood evaluation calls and 152 matrix exponentiations calls were made

Row and/or column partition is empty. All the data will be used by default.
Model MG94customModel assigned to Suricata_suricatta
Model MG94customModel assigned to Acinonyx_jubatus
One branch tree supplied - hopefully this IS what you meant to do.
Rooted tree. Removing one branch - the left root child has been promoted to be the new root
Partition 0 reversible model flag computed as 1
Variable 't2.Acinonyx_jubatus.nonSynRate' was not initialized prior to being used
Variable 't2.Acinonyx_jubatus.synRate' was not initialized prior to being used
Auto-benchmarked an optimal number (5) of threads.
Set GUI update interval to every 5376-th LF evaluation.
Optimization settings:
	OPTIMIZATION_METHOD = 4
	OPTIMIZATION_PRECISION = 0.001
	MAXIMUM_ITERATIONS_PER_VARIABLE = 5000

Initial parameter values

t2.Acinonyx_jubatus.nonSynRate = 0.1
t2.Acinonyx_jubatus.synRate = 0.1
Optimization finished in 6 loop passes.
164 likelihood evaluation calls and 147 matrix exponentiations calls were made

Row and/or column partition is empty. All the data will be used by default.
Model MG94customModel assigned to Panthera_tigris
Model MG94customModel assigned to Panthera_pardus
One branch tree supplied - hopefully this IS what you meant to do.
Rooted tree. Removing one branch - the left root child has been promoted to be the new root
Partition 0 reversible model flag computed as 1
Variable 't2.Panthera_pardus.nonSynRate' was not initialized prior to being used
Variable 't2.Panthera_pardus.synRate' was not initialized prior to being used
Auto-benchmarked an optimal number (4) of threads.
Set GUI update interval to every 5434-th LF evaluation.
Optimization settings:
	OPTIMIZATION_METHOD = 4
	OPTIMIZATION_PRECISION = 0.001
	MAXIMUM_ITERATIONS_PER_VARIABLE = 5000

Initial parameter values

t2.Panthera_pardus.nonSynRate = 0.1
t2.Panthera_pardus.synRate = 0.1
Optimization finished in 5 loop passes.
151 likelihood evaluation calls and 137 matrix exponentiations calls were made

Row and/or column partition is empty. All the data will be used by default.
Model MG94customModel assigned to Panthera_tigris
Model MG94customModel assigned to Panthera_leo
One branch tree supplied - hopefully this IS what you meant to do.
Rooted tree. Removing one branch - the left root child has been promoted to be the new root
Partition 0 reversible model flag computed as 1
Variable 't2.Panthera_leo.nonSynRate' was not initialized prior to being used
Variable 't2.Panthera_leo.synRate' was not initialized prior to being used
Auto-benchmarked an optimal number (4) of threads.
Set GUI update interval to every 5319-th LF evaluation.
Optimization settings:
	OPTIMIZATION_METHOD = 4
	OPTIMIZATION_PRECISION = 0.001
	MAXIMUM_ITERATIONS_PER_VARIABLE = 5000

Initial parameter values

t2.Panthera_leo.nonSynRate = 0.1
t2.Panthera_leo.synRate = 0.1
Optimization finished in 3 loop passes.
111 likelihood evaluation calls and 102 matrix exponentiations calls were made

Row and/or column partition is empty. All the data will be used by default.
Model MG94customModel assigned to Panthera_tigris
Model MG94customModel assigned to Lynx_lynx
One branch tree supplied - hopefully this IS what you meant to do.
Rooted tree. Removing one branch - the left root child has been promoted to be the new root
Partition 0 reversible model flag computed as 1
Variable 't2.Lynx_lynx.nonSynRate' was not initialized prior to being used
Variable 't2.Lynx_lynx.synRate' was not initialized prior to being used
Auto-benchmarked an optimal number (2) of threads.
Set GUI update interval to every 5000-th LF evaluation.
Optimization settings:
	OPTIMIZATION_METHOD = 4
	OPTIMIZATION_PRECISION = 0.001
	MAXIMUM_ITERATIONS_PER_VARIABLE = 5000

Initial parameter values

t2.Lynx_lynx.nonSynRate = 0.1
t2.Lynx_lynx.synRate = 0.1
Optimization finished in 5 loop passes.
151 likelihood evaluation calls and 137 matrix exponentiations calls were made

Row and/or column partition is empty. All the data will be used by default.
Model MG94customModel assigned to Panthera_tigris
Model MG94customModel assigned to Felis_catus
One branch tree supplied - hopefully this IS what you meant to do.
Rooted tree. Removing one branch - the left root child has been promoted to be the new root
Partition 0 reversible model flag computed as 1
Variable 't2.Felis_catus.nonSynRate' was not initialized prior to being used
Variable 't2.Felis_catus.synRate' was not initialized prior to being used
Auto-benchmarked an optimal number (5) of threads.
Set GUI update interval to every 5263-th LF evaluation.
Optimization settings:
	OPTIMIZATION_METHOD = 4
	OPTIMIZATION_PRECISION = 0.001
	MAXIMUM_ITERATIONS_PER_VARIABLE = 5000

Initial parameter values

t2.Felis_catus.nonSynRate = 0.1
t2.Felis_catus.synRate = 0.1
Optimization finished in 6 loop passes.
129 likelihood evaluation calls and 114 matrix exponentiations calls were made

Row and/or column partition is empty. All the data will be used by default.
Model MG94customModel assigned to Panthera_tigris
Model MG94customModel assigned to Puma_concolor
One branch tree supplied - hopefully this IS what you meant to do.
Rooted tree. Removing one branch - the left root child has been promoted to be the new root
Partition 0 reversible model flag computed as 1
Variable 't2.Puma_concolor.nonSynRate' was not initialized prior to being used
Variable 't2.Puma_concolor.synRate' was not initialized prior to being used
Auto-benchmarked an optimal number (4) of threads.
Set GUI update interval to every 5376-th LF evaluation.
Optimization settings:
	OPTIMIZATION_METHOD = 4
	OPTIMIZATION_PRECISION = 0.001
	MAXIMUM_ITERATIONS_PER_VARIABLE = 5000

Initial parameter values

t2.Puma_concolor.nonSynRate = 0.1
t2.Puma_concolor.synRate = 0.1
Optimization finished in 6 loop passes.
129 likelihood evaluation calls and 120 matrix exponentiations calls were made

Row and/or column partition is empty. All the data will be used by default.
Model MG94customModel assigned to Panthera_tigris
Model MG94customModel assigned to Acinonyx_jubatus
One branch tree supplied - hopefully this IS what you meant to do.
Rooted tree. Removing one branch - the left root child has been promoted to be the new root
Partition 0 reversible model flag computed as 1
Variable 't2.Acinonyx_jubatus.nonSynRate' was not initialized prior to being used
Variable 't2.Acinonyx_jubatus.synRate' was not initialized prior to being used
Auto-benchmarked an optimal number (2) of threads.
Set GUI update interval to every 4716-th LF evaluation.
Optimization settings:
	OPTIMIZATION_METHOD = 4
	OPTIMIZATION_PRECISION = 0.001
	MAXIMUM_ITERATIONS_PER_VARIABLE = 5000

Initial parameter values

t2.Acinonyx_jubatus.nonSynRate = 0.1
t2.Acinonyx_jubatus.synRate = 0.1
Optimization finished in 6 loop passes.
173 likelihood evaluation calls and 158 matrix exponentiations calls were made

Row and/or column partition is empty. All the data will be used by default.
Model MG94customModel assigned to Panthera_pardus
Model MG94customModel assigned to Panthera_leo
One branch tree supplied - hopefully this IS what you meant to do.
Rooted tree. Removing one branch - the left root child has been promoted to be the new root
Partition 0 reversible model flag computed as 1
Variable 't2.Panthera_leo.synRate' was not initialized prior to being used
Variable 't2.Panthera_leo.nonSynRate' was not initialized prior to being used
Auto-benchmarked an optimal number (3) of threads.
Set GUI update interval to every 5555-th LF evaluation.
Optimization settings:
	OPTIMIZATION_METHOD = 4
	OPTIMIZATION_PRECISION = 0.001
	MAXIMUM_ITERATIONS_PER_VARIABLE = 5000

Initial parameter values

t2.Panthera_leo.synRate = 0.1
t2.Panthera_leo.nonSynRate = 0.1
Optimization finished in 3 loop passes.
86 likelihood evaluation calls and 77 matrix exponentiations calls were made

Row and/or column partition is empty. All the data will be used by default.
Model MG94customModel assigned to Panthera_pardus
Model MG94customModel assigned to Lynx_lynx
One branch tree supplied - hopefully this IS what you meant to do.
Rooted tree. Removing one branch - the left root child has been promoted to be the new root
Partition 0 reversible model flag computed as 1
Variable 't2.Lynx_lynx.nonSynRate' was not initialized prior to being used
Variable 't2.Lynx_lynx.synRate' was not initialized prior to being used
Auto-benchmarked an optimal number (6) of threads.
Set GUI update interval to every 5494-th LF evaluation.
Optimization settings:
	OPTIMIZATION_METHOD = 4
	OPTIMIZATION_PRECISION = 0.001
	MAXIMUM_ITERATIONS_PER_VARIABLE = 5000

Initial parameter values

t2.Lynx_lynx.nonSynRate = 0.1
t2.Lynx_lynx.synRate = 0.1
Optimization finished in 3 loop passes.
113 likelihood evaluation calls and 104 matrix exponentiations calls were made

Row and/or column partition is empty. All the data will be used by default.
Model MG94customModel assigned to Panthera_pardus
Model MG94customModel assigned to Felis_catus
One branch tree supplied - hopefully this IS what you meant to do.
Rooted tree. Removing one branch - the left root child has been promoted to be the new root
Partition 0 reversible model flag computed as 1
Variable 't2.Felis_catus.nonSynRate' was not initialized prior to being used
Variable 't2.Felis_catus.synRate' was not initialized prior to being used
Auto-benchmarked an optimal number (2) of threads.
Set GUI update interval to every 5154-th LF evaluation.
Optimization settings:
	OPTIMIZATION_METHOD = 4
	OPTIMIZATION_PRECISION = 0.001
	MAXIMUM_ITERATIONS_PER_VARIABLE = 5000

Initial parameter values

t2.Felis_catus.nonSynRate = 0.1
t2.Felis_catus.synRate = 0.1
Optimization finished in 3 loop passes.
105 likelihood evaluation calls and 97 matrix exponentiations calls were made

Row and/or column partition is empty. All the data will be used by default.
Model MG94customModel assigned to Panthera_pardus
Model MG94customModel assigned to Puma_concolor
One branch tree supplied - hopefully this IS what you meant to do.
Rooted tree. Removing one branch - the left root child has been promoted to be the new root
Partition 0 reversible model flag computed as 1
Variable 't2.Puma_concolor.nonSynRate' was not initialized prior to being used
Variable 't2.Puma_concolor.synRate' was not initialized prior to being used
Auto-benchmarked an optimal number (3) of threads.
Set GUI update interval to every 5376-th LF evaluation.
Optimization settings:
	OPTIMIZATION_METHOD = 4
	OPTIMIZATION_PRECISION = 0.001
	MAXIMUM_ITERATIONS_PER_VARIABLE = 5000

Initial parameter values

t2.Puma_concolor.nonSynRate = 0.1
t2.Puma_concolor.synRate = 0.1
Optimization finished in 3 loop passes.
116 likelihood evaluation calls and 106 matrix exponentiations calls were made

Row and/or column partition is empty. All the data will be used by default.
Model MG94customModel assigned to Panthera_pardus
Model MG94customModel assigned to Acinonyx_jubatus
One branch tree supplied - hopefully this IS what you meant to do.
Rooted tree. Removing one branch - the left root child has been promoted to be the new root
Partition 0 reversible model flag computed as 1
Variable 't2.Acinonyx_jubatus.nonSynRate' was not initialized prior to being used
Variable 't2.Acinonyx_jubatus.synRate' was not initialized prior to being used
Auto-benchmarked an optimal number (3) of threads.
Set GUI update interval to every 5263-th LF evaluation.
Optimization settings:
	OPTIMIZATION_METHOD = 4
	OPTIMIZATION_PRECISION = 0.001
	MAXIMUM_ITERATIONS_PER_VARIABLE = 5000

Initial parameter values

t2.Acinonyx_jubatus.nonSynRate = 0.1
t2.Acinonyx_jubatus.synRate = 0.1
Optimization finished in 6 loop passes.
170 likelihood evaluation calls and 153 matrix exponentiations calls were made

Row and/or column partition is empty. All the data will be used by default.
Model MG94customModel assigned to Panthera_leo
Model MG94customModel assigned to Lynx_lynx
One branch tree supplied - hopefully this IS what you meant to do.
Rooted tree. Removing one branch - the left root child has been promoted to be the new root
Partition 0 reversible model flag computed as 1
Variable 't2.Lynx_lynx.nonSynRate' was not initialized prior to being used
Variable 't2.Lynx_lynx.synRate' was not initialized prior to being used
Auto-benchmarked an optimal number (2) of threads.
Set GUI update interval to every 4950-th LF evaluation.
Optimization settings:
	OPTIMIZATION_METHOD = 4
	OPTIMIZATION_PRECISION = 0.001
	MAXIMUM_ITERATIONS_PER_VARIABLE = 5000

Initial parameter values

t2.Lynx_lynx.nonSynRate = 0.1
t2.Lynx_lynx.synRate = 0.1
Optimization finished in 5 loop passes.
175 likelihood evaluation calls and 165 matrix exponentiations calls were made

Row and/or column partition is empty. All the data will be used by default.
Model MG94customModel assigned to Panthera_leo
Model MG94customModel assigned to Felis_catus
One branch tree supplied - hopefully this IS what you meant to do.
Rooted tree. Removing one branch - the left root child has been promoted to be the new root
Partition 0 reversible model flag computed as 1
Variable 't2.Felis_catus.nonSynRate' was not initialized prior to being used
Variable 't2.Felis_catus.synRate' was not initialized prior to being used
Auto-benchmarked an optimal number (4) of threads.
Set GUI update interval to every 5617-th LF evaluation.
Optimization settings:
	OPTIMIZATION_METHOD = 4
	OPTIMIZATION_PRECISION = 0.001
	MAXIMUM_ITERATIONS_PER_VARIABLE = 5000

Initial parameter values

t2.Felis_catus.nonSynRate = 0.1
t2.Felis_catus.synRate = 0.1
Optimization finished in 4 loop passes.
84 likelihood evaluation calls and 75 matrix exponentiations calls were made

Row and/or column partition is empty. All the data will be used by default.
Model MG94customModel assigned to Panthera_leo
Model MG94customModel assigned to Puma_concolor
One branch tree supplied - hopefully this IS what you meant to do.
Rooted tree. Removing one branch - the left root child has been promoted to be the new root
Partition 0 reversible model flag computed as 1
Variable 't2.Puma_concolor.nonSynRate' was not initialized prior to being used
Variable 't2.Puma_concolor.synRate' was not initialized prior to being used
Auto-benchmarked an optimal number (2) of threads.
Set GUI update interval to every 5319-th LF evaluation.
Optimization settings:
	OPTIMIZATION_METHOD = 4
	OPTIMIZATION_PRECISION = 0.001
	MAXIMUM_ITERATIONS_PER_VARIABLE = 5000

Initial parameter values

t2.Puma_concolor.nonSynRate = 0.1
t2.Puma_concolor.synRate = 0.1
Optimization finished in 5 loop passes.
142 likelihood evaluation calls and 125 matrix exponentiations calls were made

Row and/or column partition is empty. All the data will be used by default.
Model MG94customModel assigned to Panthera_leo
Model MG94customModel assigned to Acinonyx_jubatus
One branch tree supplied - hopefully this IS what you meant to do.
Rooted tree. Removing one branch - the left root child has been promoted to be the new root
Partition 0 reversible model flag computed as 1
Variable 't2.Acinonyx_jubatus.nonSynRate' was not initialized prior to being used
Variable 't2.Acinonyx_jubatus.synRate' was not initialized prior to being used
Auto-benchmarked an optimal number (4) of threads.
Set GUI update interval to every 5263-th LF evaluation.
Optimization settings:
	OPTIMIZATION_METHOD = 4
	OPTIMIZATION_PRECISION = 0.001
	MAXIMUM_ITERATIONS_PER_VARIABLE = 5000

Initial parameter values

t2.Acinonyx_jubatus.nonSynRate = 0.1
t2.Acinonyx_jubatus.synRate = 0.1
Optimization finished in 6 loop passes.
183 likelihood evaluation calls and 168 matrix exponentiations calls were made

Row and/or column partition is empty. All the data will be used by default.
Model MG94customModel assigned to Lynx_lynx
Model MG94customModel assigned to Felis_catus
One branch tree supplied - hopefully this IS what you meant to do.
Rooted tree. Removing one branch - the left root child has been promoted to be the new root
Partition 0 reversible model flag computed as 1
Variable 't2.Felis_catus.nonSynRate' was not initialized prior to being used
Variable 't2.Felis_catus.synRate' was not initialized prior to being used
Auto-benchmarked an optimal number (3) of threads.
Set GUI update interval to every 5319-th LF evaluation.
Optimization settings:
	OPTIMIZATION_METHOD = 4
	OPTIMIZATION_PRECISION = 0.001
	MAXIMUM_ITERATIONS_PER_VARIABLE = 5000

Initial parameter values

t2.Felis_catus.nonSynRate = 0.1
t2.Felis_catus.synRate = 0.1
Optimization finished in 6 loop passes.
154 likelihood evaluation calls and 140 matrix exponentiations calls were made

Row and/or column partition is empty. All the data will be used by default.
Model MG94customModel assigned to Lynx_lynx
Model MG94customModel assigned to Puma_concolor
One branch tree supplied - hopefully this IS what you meant to do.
Rooted tree. Removing one branch - the left root child has been promoted to be the new root
Partition 0 reversible model flag computed as 1
Variable 't2.Puma_concolor.nonSynRate' was not initialized prior to being used
Variable 't2.Puma_concolor.synRate' was not initialized prior to being used
Auto-benchmarked an optimal number (3) of threads.
Set GUI update interval to every 5154-th LF evaluation.
Optimization settings:
	OPTIMIZATION_METHOD = 4
	OPTIMIZATION_PRECISION = 0.001
	MAXIMUM_ITERATIONS_PER_VARIABLE = 5000

Initial parameter values

t2.Puma_concolor.nonSynRate = 0.1
t2.Puma_concolor.synRate = 0.1
Optimization finished in 3 loop passes.
102 likelihood evaluation calls and 95 matrix exponentiations calls were made

Row and/or column partition is empty. All the data will be used by default.
Model MG94customModel assigned to Lynx_lynx
Model MG94customModel assigned to Acinonyx_jubatus
One branch tree supplied - hopefully this IS what you meant to do.
Rooted tree. Removing one branch - the left root child has been promoted to be the new root
Partition 0 reversible model flag computed as 1
Variable 't2.Acinonyx_jubatus.nonSynRate' was not initialized prior to being used
Variable 't2.Acinonyx_jubatus.synRate' was not initialized prior to being used
Auto-benchmarked an optimal number (3) of threads.
Set GUI update interval to every 5434-th LF evaluation.
Optimization settings:
	OPTIMIZATION_METHOD = 4
	OPTIMIZATION_PRECISION = 0.001
	MAXIMUM_ITERATIONS_PER_VARIABLE = 5000

Initial parameter values

t2.Acinonyx_jubatus.nonSynRate = 0.1
t2.Acinonyx_jubatus.synRate = 0.1
Optimization finished in 6 loop passes.
178 likelihood evaluation calls and 163 matrix exponentiations calls were made

Row and/or column partition is empty. All the data will be used by default.
Model MG94customModel assigned to Felis_catus
Model MG94customModel assigned to Puma_concolor
One branch tree supplied - hopefully this IS what you meant to do.
Rooted tree. Removing one branch - the left root child has been promoted to be the new root
Partition 0 reversible model flag computed as 1
Variable 't2.Puma_concolor.nonSynRate' was not initialized prior to being used
Variable 't2.Puma_concolor.synRate' was not initialized prior to being used
Auto-benchmarked an optimal number (4) of threads.
Set GUI update interval to every 5617-th LF evaluation.
Optimization settings:
	OPTIMIZATION_METHOD = 4
	OPTIMIZATION_PRECISION = 0.001
	MAXIMUM_ITERATIONS_PER_VARIABLE = 5000

Initial parameter values

t2.Puma_concolor.nonSynRate = 0.1
t2.Puma_concolor.synRate = 0.1
Optimization finished in 5 loop passes.
141 likelihood evaluation calls and 124 matrix exponentiations calls were made

Row and/or column partition is empty. All the data will be used by default.
Model MG94customModel assigned to Felis_catus
Model MG94customModel assigned to Acinonyx_jubatus
One branch tree supplied - hopefully this IS what you meant to do.
Rooted tree. Removing one branch - the left root child has been promoted to be the new root
Partition 0 reversible model flag computed as 1
Variable 't2.Acinonyx_jubatus.nonSynRate' was not initialized prior to being used
Variable 't2.Acinonyx_jubatus.synRate' was not initialized prior to being used
Auto-benchmarked an optimal number (7) of threads.
Set GUI update interval to every 5747-th LF evaluation.
Optimization settings:
	OPTIMIZATION_METHOD = 4
	OPTIMIZATION_PRECISION = 0.001
	MAXIMUM_ITERATIONS_PER_VARIABLE = 5000

Initial parameter values

t2.Acinonyx_jubatus.nonSynRate = 0.1
t2.Acinonyx_jubatus.synRate = 0.1
Optimization finished in 6 loop passes.
152 likelihood evaluation calls and 134 matrix exponentiations calls were made

Row and/or column partition is empty. All the data will be used by default.
Model MG94customModel assigned to Puma_concolor
Model MG94customModel assigned to Acinonyx_jubatus
One branch tree supplied - hopefully this IS what you meant to do.
Rooted tree. Removing one branch - the left root child has been promoted to be the new root
Partition 0 reversible model flag computed as 1
Auto-benchmarked an optimal number (1) of threads.
Set GUI update interval to every 524-th LF evaluation.
Optimization settings:
	OPTIMIZATION_METHOD = 4
	OPTIMIZATION_PRECISION = 0.001
	MAXIMUM_ITERATIONS_PER_VARIABLE = 5000

Initial parameter values

t2.Acinonyx_jubatus.nonSynRate = 0.1
t2.Acinonyx_jubatus.synRate = 0.1
Optimization finished in 6 loop passes.
180 likelihood evaluation calls and 164 matrix exponentiations calls were made
