Zootoca_vivipara	Trachemys_scripta	Thamnophis_sirtalis	Python_molurus	Pseudonaja_textilis	Podarcis_muralis	Pelodiscus_sinensis	Pantherophis_guttatus	Notechis_scutatus	Lacerta_agilis	Gopherus_agassizii	Gavialis_gangeticus	Crocodylus_porosus	Chrysemys_picta	Chelonoidis_abingdonii	Chelonia_mydas	Anolis_carolinensis	Alligator_sinensis	Alligator_mississippiensis	
0.00022047	0.00026302	9.3782e-05	0.042414	0.032085	0.0031269	2.1857e-05	0.00029431	0.0086849	0.0010987	0.82603	0.0069851	2.6441e-05	0.0020506	0.0024034	0.0002631	1.5931e-05	0.00024576	0.00012317	
0.00021884	0.00025994	8.9872e-05	0.042452	0.032098	0.0031081	2.1179e-05	0.0002918	0.008684	0.0010961	0.82572	0.0069891	2.2399e-05	0.0020451	0.0023882	0.00025987	1.5366e-05	0.00024317	0.00011102	
0.00021717	0.00025685	8.6155e-05	0.042497	0.032112	0.0030889	2.0445e-05	0.00028935	0.0086832	0.0010933	0.82537	0.0069936	1.8672e-05	0.0020395	0.0023727	0.00025657	1.4654e-05	0.00024063	9.9363e-05	
0.00021559	0.00025373	8.2334e-05	0.042538	0.032126	0.0030707	1.9651e-05	0.00028686	0.0086823	0.0010908	0.82498	0.0069977	1.8207e-05	0.0020339	0.0023569	0.00025321	1.3609e-05	0.00023806	8.7484e-05	
0.00021409	0.00025065	7.8703e-05	0.042586	0.03214	0.0030534	1.8979e-05	0.00028442	0.0086815	0.0010887	0.82467	0.0070015	1.7703e-05	0.0020284	0.0023417	0.00024997	1.2902e-05	0.00023534	8.5635e-05	
0.00021255	0.00024755	7.4979e-05	0.042631	0.032153	0.0030356	1.8253e-05	0.00028196	0.0086807	0.0010865	0.82432	0.0070058	1.7252e-05	0.0020228	0.0023262	0.00024668	1.206e-05	0.00023267	8.387e-05	
0.00021097	0.00024448	7.1161e-05	0.042673	0.032167	0.0030174	1.6237e-05	0.00027947	0.0086798	0.001084	0.82405	0.0070106	1.6849e-05	0.0020174	0.0023113	0.00024351	1.1041e-05	0.00023005	8.2185e-05	
0.00020947	0.00024145	6.7171e-05	0.042722	0.032181	0.003	1.4508e-05	0.00027689	0.008679	0.0010819	0.82386	0.0070158	1.6492e-05	0.002012	0.002297	0.00024046	1.0383e-05	0.00022748	8.0575e-05	
0.00020804	0.00023846	6.3363e-05	0.042778	0.032195	0.0029835	1.3013e-05	0.00027436	0.0086782	0.0010802	0.82376	0.0070216	1.6174e-05	0.0020067	0.0022832	0.00023753	9.9262e-06	0.00022495	7.9036e-05	
0.00020657	0.0002355	5.9731e-05	0.04278	0.03221	0.0029665	1.1723e-05	0.00027187	0.0086774	0.0010782	0.82373	0.0070278	1.5896e-05	0.0020016	0.0022701	0.0002347	9.1457e-06	0.00022247	7.7563e-05	
0.00020517	0.00023257	5.6238e-05	0.042785	0.032225	0.0029503	1.0581e-05	0.00026943	0.0086766	0.0010765	0.82377	0.0070344	1.5648e-05	0.0019965	0.0022573	0.00023196	8.5648e-06	0.00022002	7.6145e-05	
0.00020374	0.00022963	5.2691e-05	0.042789	0.03224	0.0029337	9.3905e-06	0.00026697	0.0086758	0.0010748	0.82379	0.0070409	1.5378e-05	0.0019913	0.0022444	0.00022919	7.9246e-06	0.00021756	7.4701e-05	
0.00020237	0.00022671	4.927e-05	0.042797	0.032255	0.0029178	8.3278e-06	0.00026454	0.008675	0.0010732	0.82386	0.0070477	1.5135e-05	0.0019863	0.0022319	0.00022649	7.4385e-06	0.00021513	7.3305e-05	
0.00020105	0.00022381	4.5968e-05	0.042808	0.03227	0.0029025	7.378e-06	0.00026215	0.0086743	0.0010719	0.824	0.0070382	1.4919e-05	0.0019813	0.0022198	0.00022387	7.0686e-06	0.00021273	7.1956e-05	
0.00019978	0.00022094	4.2782e-05	0.042822	0.032285	0.0028878	6.5285e-06	0.0002598	0.0086735	0.0010708	0.82419	0.0070279	1.4659e-05	0.0019764	0.002208	0.00022133	6.7875e-06	0.00021037	7.0652e-05	
0.00019857	0.00021809	3.9705e-05	0.04284	0.032301	0.0028736	5.7678e-06	0.00025748	0.0086727	0.0010699	0.82445	0.007018	1.4424e-05	0.0019715	0.0021967	0.00021885	6.5794e-06	0.00020804	6.9392e-05	
0.00019733	0.00021524	3.6731e-05	0.042848	0.032317	0.0028593	4.9794e-06	0.00025519	0.008672	0.0010689	0.82468	0.007008	1.417e-05	0.0019666	0.0021852	0.00021635	6.352e-06	0.00020569	6.8111e-05	
0.00019614	0.0002124	3.3855e-05	0.04286	0.032333	0.0028455	4.2703e-06	0.00025293	0.0086713	0.0010682	0.82497	0.0069984	1.3939e-05	0.0019618	0.0021741	0.00021392	6.1799e-06	0.00020337	6.6871e-05	
0.000195	0.00020959	3.1073e-05	0.042875	0.03235	0.0028322	3.6356e-06	0.0002507	0.0086705	0.0010676	0.82532	0.0069887	1.3688e-05	0.0019571	0.0021633	0.00021156	6.0525e-06	0.00020104	6.5609e-05	
0.00019384	0.00020676	2.8254e-05	0.042889	0.032366	0.0028187	2.9778e-06	0.00024846	0.0086698	0.001067	0.82565	0.0069789	1.3418e-05	0.0019523	0.0021524	0.00020917	5.9116e-06	0.00019874	6.4389e-05	
0.00019273	0.00020396	2.5528e-05	0.042907	0.032383	0.0028057	2.3873e-06	0.00024626	0.0086691	0.0010666	0.82603	0.0069694	1.3172e-05	0.0019476	0.0021418	0.00020685	5.2158e-06	0.00019647	6.3209e-05	
0.0001916	0.00020115	2.553e-05	0.042923	0.032399	0.0028348	2.3453e-06	0.00024403	0.0086683	0.0010661	0.8264	0.0069599	1.2907e-05	0.0019429	0.0021311	0.0002045	4.465e-06	0.00019418	6.2008e-05	
0.00019045	0.00019833	2.5517e-05	0.042938	0.032416	0.0028636	2.2985e-06	0.00024179	0.0086676	0.0010655	0.82674	0.0069508	1.2665e-05	0.0019381	0.0021203	0.00020213	3.6619e-06	0.00019188	6.0789e-05	
0.00018934	0.00019552	2.5517e-05	0.042957	0.032432	0.0028932	2.26e-06	0.00023957	0.0086669	0.0010652	0.82713	0.0069421	1.2443e-05	0.0019334	0.0021098	0.00019981	3.0293e-06	0.00018961	5.9604e-05	
0.00018828	0.00019274	2.553e-05	0.042979	0.032449	0.0029236	2.2293e-06	0.00023739	0.0086662	0.001065	0.82758	0.0069338	1.224e-05	0.0019288	0.0020996	0.00019755	2.53e-06	0.00018737	5.8455e-05	
0.00018725	0.00018997	2.5556e-05	0.043004	0.032466	0.0029549	2.2059e-06	0.00023523	0.0086655	0.001065	0.82808	0.0069258	1.2054e-05	0.0019242	0.0020897	0.00019536	2.1357e-06	0.0001851	5.7281e-05	
0.00018627	0.00018723	2.5594e-05	0.043033	0.032484	0.002987	2.1895e-06	0.0002331	0.0086648	0.0010651	0.82864	0.0069181	1.1885e-05	0.0019197	0.0020801	0.00019321	1.8223e-06	0.00018286	5.6141e-05	
0.00018527	0.00018447	2.5619e-05	0.04306	0.032501	0.0030188	2.1689e-06	0.00023096	0.0086641	0.0010653	0.82917	0.0069109	1.1733e-05	0.0019151	0.0020704	0.00019104	1.4864e-06	0.00018064	5.5032e-05	
0.00018425	0.00018171	2.563e-05	0.043087	0.032518	0.0030503	2.1442e-06	0.0002288	0.0086634	0.0010653	0.82968	0.0069035	1.1565e-05	0.0019105	0.0020605	0.00018885	1.1263e-06	0.00017841	5.3907e-05	
0.00018322	0.00017893	2.5627e-05	0.043113	0.032536	0.0030816	2.1153e-06	0.00022664	0.0086627	0.0010653	0.83018	0.006896	1.1381e-05	0.0019059	0.0020506	0.00018664	7.4129e-07	0.00017617	5.2765e-05	
0.00018223	0.00017618	2.5637e-05	0.043142	0.032553	0.0031138	2.094e-06	0.0002245	0.008662	0.0010655	0.83073	0.0068889	1.1219e-05	0.0019014	0.0020409	0.00018449	4.4048e-07	0.00017395	5.1658e-05	
0.00018122	0.00017344	2.5632e-05	0.04317	0.03257	0.0031457	2.0806e-06	0.00022235	0.0086613	0.0010656	0.82755	0.0068822	1.1075e-05	0.0018969	0.0020317	0.0001824	3.3832e-07	0.00017172	5.0529e-05	
0.00018026	0.00017073	2.5641e-05	0.043201	0.032588	0.0031784	2.0745e-06	0.00022022	0.0086606	0.0010659	0.82447	0.0068758	1.0949e-05	0.0018925	0.0020227	0.00018037	2.5875e-07	0.00016952	4.9434e-05	
0.00017933	0.00016804	2.5663e-05	0.043236	0.032606	0.0032122	2.0753e-06	0.00021812	0.0086599	0.0010664	0.82147	0.0068698	1.0839e-05	0.0018881	0.002014	0.00017839	1.9641e-07	0.00016734	4.8372e-05	
0.00017844	0.00016537	2.57e-05	0.043276	0.032624	0.0032468	2.0832e-06	0.00021606	0.0086592	0.0010671	0.81857	0.0068641	1.0745e-05	0.0018838	0.0020056	0.00017647	1.4742e-07	0.00016519	4.7341e-05	
0.0001776	0.00016271	2.5751e-05	0.04332	0.032642	0.0032825	2.0986e-06	0.00021401	0.0086585	0.001068	0.81575	0.0068254	1.0675e-05	0.0018796	0.0019975	0.0001746	1.0919e-07	0.00016306	4.6342e-05	
0.00017679	0.00016008	2.5816e-05	0.043368	0.032661	0.0033193	2.1214e-06	0.000212	0.0086579	0.0010691	0.81302	0.0067879	1.062e-05	0.0018754	0.0019898	0.00017278	7.8981e-08	0.00016096	4.5374e-05	
0.00017596	0.00015744	2.5896e-05	0.043422	0.03268	0.0033557	2.1397e-06	0.00021001	0.0086572	0.0010702	0.81025	0.0067501	1.055e-05	0.0018712	0.0019819	0.00017094	4.5266e-08	0.00015885	4.4388e-05	
0.00017517	0.00015482	2.5992e-05	0.043481	0.032699	0.0033931	2.1658e-06	0.00020805	0.0086566	0.0010714	0.80757	0.0067134	1.0495e-05	0.0018671	0.0019742	0.00016915	1.8411e-08	0.00015676	4.3433e-05	
0.00017437	0.00015218	2.607e-05	0.043537	0.032718	0.0034302	2.1867e-06	0.00020608	0.0086559	0.0010726	0.80483	0.0066763	1.0422e-05	0.0018629	0.0019665	0.00016734	1.7624e-08	0.00015466	4.2458e-05	
0.00017354	0.00014953	2.6132e-05	0.043592	0.032736	0.0034667	2.2021e-06	0.00020409	0.0086553	0.0010736	0.80205	0.0066388	1.033e-05	0.0018587	0.0019586	0.00016549	1.524e-08	0.00015254	4.1462e-05	
0.0001727	0.00014686	2.6173e-05	0.043644	0.032755	0.0035027	2.2106e-06	0.00020208	0.0086546	0.0010746	0.79919	0.0066007	1.0217e-05	0.0018545	0.0019505	0.00016361	1.0953e-08	0.00015041	4.0439e-05	
0.00017369	0.00014417	2.624e-05	0.043704	0.032774	0.0035319	2.3108e-06	0.00020011	0.008654	0.0010746	0.79623	0.0065644	1.0132e-05	0.0018502	0.0019421	0.00016167	1.0486e-08	0.00014831	3.9466e-05	
0.00017464	0.00014146	2.6341e-05	0.043756	0.032793	0.0035604	2.3996e-06	0.00019821	0.0086533	0.0010745	0.79319	0.0065298	1.0075e-05	0.0018458	0.0019335	0.00015968	8.1431e-09	0.00014625	3.854e-05	
0.00017566	0.00013879	2.6468e-05	0.043817	0.032812	0.0035903	2.5082e-06	0.00019634	0.0086527	0.0010747	0.7903	0.0064968	1.0046e-05	0.0018415	0.0019253	0.00015778	6.5641e-09	0.00014423	3.7658e-05	
0.00017674	0.00013609	2.6622e-05	0.043885	0.032832	0.0036215	2.6034e-06	0.00019452	0.0086521	0.0010752	0.7873	0.0064654	1.0044e-05	0.0018372	0.0019168	0.00015582	5.5098e-09	0.00014225	3.6818e-05	
0.00017779	0.00013342	2.6752e-05	0.043949	0.032852	0.0036519	2.5845e-06	0.00019268	0.0086514	0.0010755	0.78446	0.0064354	1.0068e-05	0.001833	0.0019089	0.00015395	5.1999e-09	0.00014031	3.6019e-05	
0.0001789	0.00013078	2.691e-05	0.044022	0.032871	0.0036837	2.5791e-06	0.00019087	0.0086508	0.0010761	0.78176	0.0064069	1.0119e-05	0.0018288	0.0019013	0.00015216	5.1808e-09	0.0001384	3.526e-05	
0.00017998	0.00012817	2.6249e-05	0.044047	0.032892	0.0037148	2.4536e-06	0.00018923	0.0086502	0.0010766	0.7792	0.0063797	1.0198e-05	0.0018248	0.0018942	0.00015044	6.7573e-09	0.00013653	3.4538e-05	
0.00018112	0.0001256	2.5626e-05	0.044078	0.032912	0.0037472	2.3511e-06	0.00018763	0.0086496	0.0010773	0.77678	0.0063518	1.025e-05	0.0018209	0.0018876	0.0001488	8.977e-09	0.00013464	3.3788e-05	
0.00018223	0.000123	2.4972e-05	0.044105	0.032932	0.003779	2.2357e-06	0.000186	0.008649	0.0010779	0.77428	0.0063233	1.0275e-05	0.0018168	0.0018807	0.00014712	9.4556e-09	0.00013278	3.3076e-05	
0.0001834	0.00012044	2.4357e-05	0.044088	0.032953	0.0038122	2.1406e-06	0.0001844	0.0086484	0.0010789	0.77191	0.006296	1.0327e-05	0.0018129	0.0018742	0.00014551	1.069e-08	0.00013096	3.24e-05	
0.00018454	0.00011785	2.378e-05	0.044076	0.032974	0.0038447	2.0334e-06	0.00018285	0.0086478	0.0010796	0.76945	0.0062682	1.0353e-05	0.001809	0.0018674	0.00014386	1.7463e-08	0.00012911	3.1696e-05	
0.00018563	0.00011524	2.3238e-05	0.044069	0.032996	0.0038763	1.9134e-06	0.00018132	0.0086473	0.0010802	0.76691	0.0062397	1.0352e-05	0.0018049	0.0018605	0.00014216	2.0829e-08	0.00012724	3.0965e-05	
0.00018526	0.00011267	2.2729e-05	0.044067	0.033018	0.0039096	1.8136e-06	0.00017984	0.0086467	0.0010812	0.7645	0.0062125	1.0378e-05	0.001801	0.0018539	0.00014053	2.6237e-08	0.0001254	3.027e-05	
0.00018485	0.00011007	2.2191e-05	0.044062	0.03304	0.003942	1.7016e-06	0.00017832	0.0086462	0.001082	0.762	0.0061867	1.0433e-05	0.001797	0.0018471	0.00013886	2.9137e-08	0.0001236	2.961e-05	
0.00018441	0.00010745	2.1626e-05	0.044055	0.033062	0.0039738	1.5768e-06	0.00017679	0.0086457	0.0010827	0.75941	0.0061602	1.0462e-05	0.001793	0.00184	0.00013715	2.961e-08	0.00012178	2.8924e-05	
0.0001839	0.0001048	2.1096e-05	0.044017	0.033084	0.0040538	1.4381e-06	0.00017528	0.0086452	0.001083	0.75674	0.006135	1.0518e-05	0.0017888	0.0018327	0.00013539	3.8653e-08	0.00011999	2.8271e-05	
0.00018336	0.00010214	2.0538e-05	0.043976	0.033106	0.0041322	1.2849e-06	0.00017376	0.0086446	0.0010832	0.75396	0.006111	1.0602e-05	0.0017847	0.0018252	0.00013358	4.4606e-08	0.00011824	2.765e-05	
0.00018278	9.9458e-05	1.9952e-05	0.04393	0.033128	0.004209	1.1163e-06	0.00017222	0.0086441	0.0010832	0.75109	0.0060865	1.0661e-05	0.0017805	0.0018173	0.00013173	4.7674e-08	0.00011646	2.7006e-05	
0.00017997	9.6806e-05	1.9402e-05	0.043891	0.033151	0.0042894	9.7362e-07	0.00017071	0.0086436	0.0010837	0.74837	0.00601	1.0767e-05	0.0017763	0.00181	0.00012995	5.4072e-08	0.00011472	2.6394e-05	
0.00017729	9.4183e-05	1.8823e-05	0.043848	0.033173	0.0043732	8.5231e-07	0.00016918	0.008643	0.0010844	0.7458	0.0059369	1.0902e-05	0.0017723	0.001803	0.00012825	6.5868e-08	0.000113	2.5812e-05	
0.00017454	9.1539e-05	1.8216e-05	0.043801	0.033195	0.0044554	7.1874e-07	0.00016762	0.0086425	0.001085	0.74313	0.0058622	1.101e-05	0.0017682	0.0017958	0.00012651	7.4012e-08	0.00011127	2.5206e-05	
0.00017191	8.8924e-05	1.7641e-05	0.043761	0.033218	0.0045409	6.0435e-07	0.0001661	0.008642	0.001086	0.74059	0.0057908	1.1147e-05	0.0017642	0.001789	0.00012483	8.7179e-08	0.00010957	2.4629e-05	
0.00016922	8.6241e-05	1.7039e-05	0.043717	0.03324	0.0046248	4.7866e-07	0.00016456	0.0086414	0.0010868	0.73797	0.0057179	1.1257e-05	0.0017769	0.001782	0.00012311	9.6402e-08	0.00010785	2.4029e-05	
0.00016648	8.3539e-05	1.6411e-05	0.043671	0.033262	0.0047072	3.417e-07	0.00016299	0.0086409	0.0010874	0.73527	0.00565	1.1407e-05	0.0017895	0.0017747	0.00012136	1.0216e-07	0.0001061	2.3405e-05	
0.00016385	8.0866e-05	1.5815e-05	0.043631	0.033285	0.004793	2.2365e-07	0.00016146	0.0086404	0.0010884	0.7327	0.0055851	1.1589e-05	0.0018023	0.0017679	0.00011967	9.0756e-08	0.00010438	2.2809e-05	
0.00016117	8.1039e-05	1.525e-05	0.043598	0.033308	0.0048772	2.123e-07	0.00015996	0.0086398	0.0010892	0.73004	0.0055187	1.1742e-05	0.0018148	0.0017608	0.00011794	7.247e-08	0.00010265	2.219e-05	
0.0001586	8.1218e-05	1.471e-05	0.04357	0.033331	0.0049645	2.0335e-07	0.00015849	0.0086393	0.0010902	0.7275	0.0054551	1.1923e-05	0.0018274	0.0017541	0.00011627	5.9782e-08	0.00010094	2.1596e-05	
0.00015612	8.1387e-05	1.4194e-05	0.043546	0.033354	0.0050548	1.9086e-07	0.00015704	0.0086388	0.0010916	0.72489	0.0053939	1.213e-05	0.00184	0.0017472	0.00011457	5.1012e-08	9.9256e-05	2.1025e-05	
0.00015374	8.156e-05	1.3701e-05	0.043527	0.033378	0.0051483	1.8052e-07	0.00015562	0.0086384	0.0010932	0.72239	0.0053351	1.2365e-05	0.0018527	0.0017406	0.00011292	4.5149e-08	9.7599e-05	2.0477e-05	
0.00015145	8.1738e-05	1.3188e-05	0.043505	0.033402	0.005245	1.72e-07	0.00015419	0.0086379	0.0010951	0.72001	0.0052786	1.2628e-05	0.0018656	0.0017344	0.00011133	4.1515e-08	9.5966e-05	1.995e-05	
0.00014912	8.1906e-05	1.2697e-05	0.043488	0.033426	0.0053403	1.6037e-07	0.00015278	0.0086374	0.0010968	0.71756	0.0052211	1.2867e-05	0.0018783	0.001728	0.00010971	3.5587e-08	9.4316e-05	1.9404e-05	
0.00014687	8.2078e-05	1.2226e-05	0.043475	0.03345	0.0054389	1.5039e-07	0.0001514	0.0086369	0.0010988	0.71521	0.0051658	1.3133e-05	0.0018913	0.0017219	0.00010815	3.1512e-08	9.2691e-05	1.8879e-05	
0.00014472	8.2256e-05	1.1774e-05	0.043466	0.033475	0.0055408	1.4199e-07	0.00015004	0.0086365	0.0011011	0.71298	0.0051127	1.343e-05	0.0019043	0.0017162	0.00010663	2.8963e-08	9.1089e-05	1.8373e-05	
0.00014264	8.2438e-05	1.1303e-05	0.043464	0.033499	0.0056462	1.3497e-07	0.00014866	0.008636	0.0011037	0.71085	0.0050615	1.3759e-05	0.0019176	0.0017107	0.00010517	2.7668e-08	8.951e-05	1.7887e-05	
0.00014064	8.2625e-05	1.0852e-05	0.043467	0.033524	0.0057553	1.2926e-07	0.00014731	0.0086356	0.0011066	0.70883	0.0050096	1.4062e-05	0.0019309	0.0017056	0.00010377	2.7533e-08	8.7916e-05	1.7383e-05	
0.00013873	8.2818e-05	1.0421e-05	0.043406	0.033549	0.0058684	1.2489e-07	0.00014599	0.0086351	0.0011098	0.70692	0.0049597	1.4401e-05	0.0019445	0.0017008	0.00010241	2.866e-08	8.6347e-05	1.69e-05	
0.00013678	8.3016e-05	9.9704e-06	0.043342	0.033575	0.0059797	1.2175e-07	0.00014465	0.0086347	0.0011129	0.70511	0.0049119	1.4776e-05	0.0019582	0.0016964	0.00010111	3.6735e-08	8.4802e-05	1.6436e-05	
0.00013491	8.3204e-05	9.5389e-06	0.043284	0.0336	0.0060951	1.1572e-07	0.00014333	0.0086343	0.0011163	0.70324	0.0048632	1.5123e-05	0.0019718	0.0016917	9.9773e-05	4.7998e-08	8.3241e-05	1.5954e-05	
0.00013311	8.3397e-05	9.1264e-06	0.043233	0.033626	0.0062148	1.1088e-07	0.00014205	0.0086339	0.0011201	0.70148	0.0048166	1.5509e-05	0.0019856	0.0016874	9.8489e-05	6.4196e-08	8.1704e-05	1.5492e-05	
0.00013129	8.3596e-05	8.7311e-06	0.043158	0.033652	0.0063327	1.0713e-07	0.00014078	0.0086335	0.0011237	0.69982	0.0047718	1.5934e-05	0.0019995	0.0016834	9.7254e-05	7.5555e-08	8.0191e-05	1.5048e-05	
0.00012954	8.38e-05	9.2037e-06	0.043079	0.033678	0.006455	1.044e-07	0.00013948	0.008633	0.0011277	0.69826	0.0047288	1.6402e-05	0.0020137	0.0016798	9.6067e-05	9.2018e-08	7.8701e-05	1.4621e-05	
0.00012785	8.4009e-05	9.6936e-06	0.043006	0.033704	0.0065812	1.0239e-07	0.00013821	0.0086326	0.001132	0.6968	0.0046874	1.6911e-05	0.0020279	0.0016764	9.4921e-05	1.1413e-07	7.7232e-05	1.4209e-05	
0.00012623	8.4208e-05	1.0202e-05	0.042941	0.03373	0.0067117	9.7764e-08	0.00013695	0.0086323	0.0011366	0.69528	0.0046454	1.7391e-05	0.0020422	0.0016729	9.3751e-05	1.1801e-07	7.5748e-05	1.3782e-05	
0.00012458	8.4398e-05	1.0694e-05	0.042873	0.033757	0.0068409	9.0698e-08	0.00013568	0.0086319	0.0011412	0.69371	0.0046029	1.7848e-05	0.0020563	0.0016692	9.2559e-05	1.1967e-07	7.4252e-05	1.3342e-05	
0.00012299	8.4592e-05	1.1202e-05	0.042812	0.033784	0.0069741	8.4159e-08	0.00013444	0.0086315	0.001146	0.69223	0.0045619	1.8341e-05	0.0020706	0.0016658	9.1405e-05	1.2438e-07	7.2774e-05	1.2915e-05	
0.00012146	8.479e-05	1.1728e-05	0.042533	0.033811	0.0071112	7.8042e-08	0.00013321	0.0086311	0.0011513	0.69082	0.0045223	1.8872e-05	0.0020851	0.0016626	9.0287e-05	1.3243e-07	7.1314e-05	1.25e-05	
0.00011998	8.4991e-05	1.2273e-05	0.042275	0.033838	0.0072525	7.2249e-08	0.000132	0.0086307	0.0011568	0.6895	0.004484	1.9442e-05	0.0020997	0.0016597	8.9206e-05	1.4436e-07	6.9872e-05	1.2097e-05	
0.00011855	8.5196e-05	1.2799e-05	0.042053	0.033865	0.007398	6.6707e-08	0.00013077	0.0086304	0.0011628	0.68826	0.004447	2.0056e-05	0.0021144	0.0016571	8.8159e-05	1.6108e-07	6.8448e-05	1.1706e-05	
0.0001171	8.5405e-05	1.3308e-05	0.041826	0.033892	0.0075421	6.1355e-08	0.00012954	0.00863	0.0011686	0.68709	0.0044113	2.0715e-05	0.0021293	0.0016547	8.7148e-05	1.7456e-07	6.7041e-05	1.1326e-05	
0.00011571	8.5618e-05	1.38e-05	0.041589	0.033919	0.0076906	5.6122e-08	0.00012829	0.0086296	0.0011748	0.686	0.0043769	2.1422e-05	0.0021443	0.0016526	8.617e-05	1.9372e-07	6.5651e-05	1.0957e-05	
0.00011436	8.5818e-05	1.4309e-05	0.04137	0.033947	0.0078437	5.0982e-08	0.00012706	0.0086292	0.0011814	0.68499	0.004342	2.2099e-05	0.0021593	0.0016507	8.5227e-05	1.8754e-07	6.4249e-05	1.0575e-05	
0.00011306	8.602e-05	1.4835e-05	0.041166	0.033974	0.008001	4.568e-08	0.00012585	0.0086289	0.0011884	0.68406	0.0043082	2.282e-05	0.0021743	0.001649	8.4313e-05	1.8515e-07	6.2862e-05	1.0202e-05	
0.0001118	8.6226e-05	1.5378e-05	0.040976	0.034002	0.0081627	4.0128e-08	0.00012465	0.0086285	0.0011958	0.68318	0.0042754	2.3587e-05	0.0021895	0.0016476	8.3426e-05	1.8633e-07	6.1489e-05	9.8377e-06	
0.00011058	8.6434e-05	1.5938e-05	0.040799	0.03403	0.0083288	3.426e-08	0.00012347	0.0086282	0.0012035	0.68237	0.0042437	2.4401e-05	0.0022048	0.0016463	8.2567e-05	1.912e-07	6.0131e-05	9.4815e-06	
0.0001094	8.6645e-05	1.6483e-05	0.040645	0.034058	0.0084994	2.8018e-08	0.00012228	0.0086278	0.0012118	0.68163	0.0042129	2.5266e-05	0.0022203	0.0016453	8.1734e-05	2.0016e-07	5.8786e-05	9.1332e-06	
0.0001082	8.6848e-05	1.7045e-05	0.040501	0.034087	0.0086685	1.9671e-08	0.00012111	0.0086275	0.0012198	0.68085	0.0041831	2.6185e-05	0.0022357	0.0016442	8.0884e-05	2.0631e-07	5.7456e-05	8.7929e-06	
0.00010699	8.7042e-05	1.7591e-05	0.040355	0.034115	0.0088363	9.2494e-09	0.00011992	0.0086272	0.0012278	0.68004	0.0041531	2.7077e-05	0.002251	0.0016429	8.0018e-05	2.1002e-07	5.6116e-05	8.4415e-06	
0.00010576	8.7227e-05	1.8156e-05	0.040175	0.034143	0.0090029	1.2768e-08	0.00011875	0.0086268	0.0012356	0.67919	0.0041227	2.7943e-05	0.0022664	0.0016416	7.9135e-05	2.1127e-07	5.4765e-05	8.079e-06	
0.00010458	8.7416e-05	1.8741e-05	0.040007	0.034172	0.009174	1.5415e-08	0.0001176	0.0086265	0.0012438	0.67841	0.0040934	2.8863e-05	0.0022818	0.0016405	7.828e-05	2.1671e-07	5.3429e-05	7.7243e-06	
0.00010337	8.7596e-05	2.4761e-05	0.039836	0.034201	0.0093438	1.6114e-08	0.00011643	0.0086262	0.001252	0.67759	0.0040637	2.9755e-05	0.0022973	0.0016393	7.7407e-05	2.1955e-07	5.2082e-05	7.3582e-06	
0.00010221	8.7767e-05	3.0984e-05	0.039678	0.03423	0.0095183	1.4857e-08	0.00011527	0.0086259	0.0012605	0.67673	0.0040338	3.0618e-05	0.0023127	0.0016379	7.6517e-05	2.2693e-07	5.0724e-05	6.9805e-06	
0.00010109	8.7942e-05	3.7421e-05	0.039531	0.034259	0.0096979	1.2746e-08	0.00011413	0.0086256	0.0012599	0.67594	0.0040048	3.1538e-05	0.0023282	0.0016368	7.5654e-05	2.3926e-07	4.9381e-05	6.6107e-06	
9.9955e-05	8.8108e-05	4.3788e-05	0.039381	0.034288	0.009876	2.9258e-08	0.00011297	0.0086252	0.0012592	0.67512	0.0039755	3.2429e-05	0.0023437	0.0016356	7.4775e-05	2.4879e-07	4.8027e-05	6.2297e-06	
9.886e-05	8.8277e-05	5.0375e-05	0.039242	0.034318	0.010059	2.6075e-08	0.00011184	0.0086249	0.0012588	0.67436	0.0039472	3.3381e-05	0.0023593	0.0016346	7.3924e-05	2.2152e-07	4.6688e-05	5.8566e-06	
9.7749e-05	8.8438e-05	5.7191e-05	0.039113	0.034347	0.010241	2.0863e-08	0.00011072	0.0086246	0.0012583	0.67357	0.0039186	3.4304e-05	0.0023749	0.0016335	7.3055e-05	1.9051e-07	4.5338e-05	5.4723e-06	
9.6676e-05	8.8603e-05	5.8528e-05	0.038995	0.034378	0.010428	1.5099e-08	0.00010961	0.0086244	0.001258	0.67285	0.003891	3.5289e-05	0.0023906	0.0016327	7.2215e-05	1.6707e-07	4.4002e-05	5.0955e-06	
9.5587e-05	8.8758e-05	5.9918e-05	0.038846	0.034408	0.010613	2.6349e-08	0.00010852	0.0086241	0.0012576	0.67209	0.003863	3.6242e-05	0.0024063	0.0016317	7.1356e-05	1.4013e-07	4.2656e-05	4.7072e-06	
9.4534e-05	8.8921e-05	6.1361e-05	0.038709	0.034438	0.010804	3.7494e-08	0.00010745	0.0086238	0.0012574	0.6714	0.003836	3.7256e-05	0.0024048	0.0016309	7.0523e-05	1.1938e-07	4.1323e-05	4.3257e-06	
9.3517e-05	8.9086e-05	6.2858e-05	0.038581	0.034469	0.010999	4.8695e-08	0.00010639	0.0086236	0.0012574	0.67077	0.0038098	3.8336e-05	0.0024034	0.0016304	6.9716e-05	1.0362e-07	4.0003e-05	3.9508e-06	
9.2557e-05	8.9255e-05	6.4329e-05	0.03845	0.0345	0.011106	6.0039e-08	0.00010532	0.0086233	0.0012578	0.67021	0.0037846	3.7955e-05	0.0024021	0.00163	6.8933e-05	7.8961e-08	3.8695e-05	3.5817e-06	
9.1627e-05	8.9427e-05	6.5851e-05	0.038329	0.034531	0.011215	7.1543e-08	0.00010427	0.008623	0.0012583	0.6697	0.0037601	3.7611e-05	0.0024008	0.0016299	6.8172e-05	5.9294e-08	3.74e-05	3.2176e-06	
9.0728e-05	8.9601e-05	6.7427e-05	0.038216	0.034562	0.011327	8.3351e-08	0.00010322	0.0086228	0.001259	0.66926	0.0037364	3.7306e-05	0.0023996	0.00163	6.7432e-05	4.3591e-08	3.6115e-05	2.8582e-06	
8.9858e-05	8.9777e-05	6.9056e-05	0.037682	0.034594	0.011443	9.552e-08	0.00010219	0.0086226	0.0012599	0.66888	0.0037134	3.7036e-05	0.0023984	0.0016302	6.6714e-05	3.084e-08	3.4841e-05	2.5029e-06	
8.8977e-05	8.9945e-05	7.0661e-05	0.03714	0.034625	0.011557	1.0545e-07	0.00010115	0.0086223	0.0012608	0.66847	0.0036902	3.6746e-05	0.0023972	0.0016304	6.5982e-05	1.6165e-08	3.3559e-05	2.1379e-06	
8.8125e-05	9.0117e-05	7.2322e-05	0.036634	0.034657	0.011674	1.1588e-07	0.00010012	0.0086221	0.0012619	0.66811	0.0036677	3.6493e-05	0.0023961	0.0016308	6.5271e-05	3.9846e-09	3.2288e-05	1.7772e-06	
8.726e-05	9.0279e-05	7.3957e-05	0.036117	0.034689	0.011791	1.2398e-07	9.9088e-05	0.0086218	0.0012629	0.66773	0.0036451	3.6218e-05	0.0023949	0.0016311	6.4546e-05	3.5599e-09	3.1007e-05	1.4064e-06	
8.6383e-05	9.0434e-05	7.5565e-05	0.035589	0.03472	0.011906	1.2978e-07	9.8042e-05	0.0086216	0.0012638	0.66731	0.0036222	3.5921e-05	0.0023937	0.0016313	6.3806e-05	6.8838e-09	2.9738e-05	1.04e-06	
8.5536e-05	9.0591e-05	7.7232e-05	0.035096	0.034752	0.012025	1.361e-07	9.7008e-05	0.0086214	0.001265	0.66695	0.0036	3.5662e-05	0.0023926	0.0016317	6.3087e-05	1.0503e-08	2.848e-05	6.7753e-07	
8.4677e-05	9.074e-05	7.8956e-05	0.034636	0.034785	0.012143	1.4008e-07	9.5987e-05	0.0086211	0.0012661	0.66656	0.0035777	3.5381e-05	0.0023914	0.001632	6.2354e-05	1.2751e-08	2.7188e-05	6.868e-07	
8.3805e-05	9.0881e-05	8.0654e-05	0.034167	0.034817	0.01226	1.4177e-07	9.4956e-05	0.0086209	0.0012671	0.66614	0.0035551	3.5079e-05	0.0023903	0.0016322	6.1607e-05	1.3685e-08	2.5886e-05	6.8833e-07	
8.2922e-05	9.1014e-05	8.2329e-05	0.033691	0.034849	0.012377	1.4123e-07	9.3917e-05	0.0086207	0.001268	0.66569	0.0035324	3.4756e-05	0.0023891	0.0016323	6.0846e-05	1.3341e-08	2.4576e-05	6.8214e-07	
8.2067e-05	9.115e-05	8.406e-05	0.033245	0.034881	0.012496	1.4111e-07	9.2889e-05	0.0086205	0.0012692	0.6653	0.0035104	3.4468e-05	0.0023879	0.0016326	6.0105e-05	1.3211e-08	2.3276e-05	6.7152e-07	
8.1201e-05	9.1287e-05	8.5767e-05	0.032791	0.034913	0.012615	1.4149e-07	9.1853e-05	0.0086202	0.0012703	0.66496	0.0034881	3.416e-05	0.0023868	0.0016331	5.9384e-05	1.1811e-08	2.1967e-05	6.5326e-07	
8.0361e-05	9.1427e-05	8.7532e-05	0.032366	0.034946	0.012737	1.4229e-07	9.0828e-05	0.00862	0.0012716	0.66468	0.0034665	3.3885e-05	0.0023858	0.0016338	5.8681e-05	1.0595e-08	2.0668e-05	6.3056e-07	
7.955e-05	9.1569e-05	8.9355e-05	0.031969	0.034979	0.012861	1.4352e-07	8.9814e-05	0.0086198	0.0012637	0.66446	0.0034456	3.3643e-05	0.0023848	0.0016346	5.7997e-05	9.4994e-09	1.9379e-05	6.0343e-07	
7.8727e-05	9.1704e-05	9.1242e-05	0.0316	0.035012	0.012985	1.4247e-07	8.8812e-05	0.0086196	0.0012557	0.6642	0.0034244	3.338e-05	0.0023838	0.0016354	5.73e-05	7.0863e-09	1.8081e-05	5.6858e-07	
7.7932e-05	9.184e-05	9.3195e-05	0.031255	0.035045	0.013112	1.4194e-07	8.7821e-05	0.0086194	0.001248	0.66401	0.0034039	3.3151e-05	0.0023828	0.0016364	5.6621e-05	4.7704e-09	1.6794e-05	5.2937e-07	
7.7124e-05	9.1969e-05	9.5119e-05	0.030903	0.035078	0.013238	1.3908e-07	8.6821e-05	0.0086192	0.0012403	0.66378	0.0033833	3.2902e-05	0.0023818	0.0016373	5.5928e-05	1.0104e-08	1.5497e-05	4.8239e-07	
7.6304e-05	9.2089e-05	9.7015e-05	0.030544	0.035111	0.013364	1.3391e-07	8.5811e-05	0.008619	0.0012324	0.66352	0.0033624	3.2631e-05	0.0023808	0.0016381	5.5222e-05	1.4031e-08	1.4167e-05	6.6902e-07	
7.5514e-05	9.2212e-05	9.8982e-05	0.030211	0.035145	0.013493	1.294e-07	8.4815e-05	0.0086188	0.001225	0.66332	0.0033412	3.2331e-05	0.0023799	0.0016391	5.4536e-05	1.8737e-08	1.3896e-05	7.6062e-07	
7.471e-05	9.2327e-05	0.00010102	0.029798	0.035179	0.01362	1.2248e-07	8.3831e-05	0.0086186	0.0012174	0.66309	0.0033197	3.2007e-05	0.0023789	0.00164	5.3836e-05	2.189e-08	1.3617e-05	8.44e-07	
7.3893e-05	9.2434e-05	0.00010304	0.029375	0.035212	0.013747	1.1317e-07	8.2837e-05	0.0086185	0.0012097	0.66283	0.0032981	3.1661e-05	0.0023779	0.0016408	5.312e-05	2.3554e-08	1.3331e-05	9.1924e-07	
7.3105e-05	9.2543e-05	0.00010512	0.028983	0.035246	0.013877	1.0454e-07	8.1856e-05	0.0086183	0.0012024	0.66263	0.0032771	3.1353e-05	0.0023769	0.0016418	5.2426e-05	2.6098e-08	1.3046e-05	9.9154e-07	
7.235e-05	9.2657e-05	0.0001073	0.028624	0.03528	0.014012	9.6725e-08	8.0889e-05	0.0086181	0.0011956	0.66204	0.0032569	3.1088e-05	0.002376	0.0016413	5.1756e-05	2.9925e-08	1.2761e-05	1.0614e-06	
7.1575e-05	9.2777e-05	0.00010943	0.02825	0.035315	0.014145	8.9911e-08	7.9909e-05	0.0086179	0.0011886	0.66155	0.0032375	3.0871e-05	0.0023753	0.001641	5.1112e-05	3.1773e-08	1.2478e-05	1.1296e-06	
7.0838e-05	9.2903e-05	0.00011167	0.027912	0.035349	0.014282	8.4032e-08	7.8947e-05	0.0086178	0.0011821	0.66114	0.003219	3.0701e-05	0.0023745	0.001641	5.0497e-05	3.545e-08	1.2198e-05	1.1962e-06	
7.0139e-05	9.3017e-05	0.00011403	0.027608	0.035384	0.014425	7.5123e-08	7.8003e-05	0.0086176	0.0011761	0.66068	0.0032	3.0497e-05	0.0023738	0.0016408	4.9857e-05	4.2088e-08	1.1908e-05	1.2534e-06	
6.9479e-05	9.3139e-05	0.00011633	0.027286	0.035419	0.014574	6.7336e-08	7.7044e-05	0.0086175	0.0011706	0.66031	0.003182	3.0346e-05	0.0023731	0.0016409	4.9248e-05	4.0267e-08	1.1621e-05	1.3096e-06	
6.8855e-05	9.3267e-05	0.00011856	0.026946	0.035453	0.014728	6.0492e-08	7.6071e-05	0.0086173	0.0011655	0.66003	0.0031635	3.0158e-05	0.0023725	0.0016414	4.8668e-05	4.0871e-08	1.1324e-05	1.3561e-06	
6.8268e-05	9.3403e-05	0.00012091	0.026641	0.035488	0.014889	5.4336e-08	7.5116e-05	0.0086171	0.0011609	0.65986	0.0031459	3.0021e-05	0.002372	0.0016421	4.8116e-05	4.3943e-08	1.103e-05	1.4015e-06	
6.7659e-05	9.3527e-05	0.0001232	0.026321	0.035523	0.015047	4.542e-08	7.4145e-05	0.008617	0.0011562	0.65962	0.0031279	2.9847e-05	0.0023715	0.0016427	4.7541e-05	4.4504e-08	1.0727e-05	1.4372e-06	
6.7086e-05	9.3657e-05	0.00012562	0.026033	0.035559	0.015211	3.7162e-08	7.3194e-05	0.0086168	0.0011518	0.65948	0.0031107	2.9725e-05	0.002371	0.0016436	4.6994e-05	4.7672e-08	1.0426e-05	1.472e-06	
6.6493e-05	9.3777e-05	0.00012797	0.025731	0.035594	0.015373	4.9953e-08	7.2227e-05	0.0086167	0.0011473	0.65928	0.0030944	2.9654e-05	0.0023705	0.0016444	4.6425e-05	4.831e-08	1.0128e-05	1.5062e-06	
6.5934e-05	9.3885e-05	0.00013026	0.025415	0.035629	0.015541	5.9894e-08	7.1246e-05	0.0086165	0.0011431	0.66678	0.0030776	2.9549e-05	0.0023699	0.0016449	4.5834e-05	4.5983e-08	9.8202e-06	1.5307e-06	
6.5355e-05	9.3982e-05	0.00013248	0.025083	0.035663	0.015706	6.7034e-08	7.0251e-05	0.0086164	0.0011388	0.67409	0.0030606	2.941e-05	0.0023693	0.0016452	4.5222e-05	4.1086e-08	9.5039e-06	1.5455e-06	
6.4811e-05	9.4085e-05	0.00013463	0.024729	0.035698	0.015878	7.511e-08	6.924e-05	0.0086162	0.0011349	0.68169	0.0030443	2.932e-05	0.0023688	0.0016458	4.4637e-05	3.9562e-08	9.1898e-06	1.5595e-06	
6.4246e-05	9.4177e-05	0.00013691	0.024412	0.035733	0.016047	8.0229e-08	6.8248e-05	0.008616	0.0011308	0.68908	0.0030293	2.9302e-05	0.0023682	0.0016463	4.403e-05	3.5394e-08	8.8658e-06	1.5634e-06	
6.3662e-05	9.4276e-05	0.00013932	0.024129	0.035769	0.016214	8.2036e-08	6.7273e-05	0.0086159	0.0011265	0.69676	0.0030139	2.925e-05	0.0023677	0.0016471	4.3312e-05	4.5842e-08	8.533e-06	1.5576e-06	
6.3109e-05	9.4381e-05	0.00014186	0.023874	0.035805	0.016252	8.4623e-08	6.6316e-05	0.0086157	0.0011226	0.70472	0.0029993	2.9244e-05	0.0023673	0.0016481	4.2621e-05	6.0975e-08	8.2018e-06	1.5506e-06	
6.254e-05	9.4476e-05	0.00014433	0.023608	0.03584	0.016289	8.4603e-08	6.5346e-05	0.0086156	0.0011186	0.71251	0.0029843	2.921e-05	0.0023669	0.001649	4.1912e-05	7.2807e-08	7.8626e-06	1.5346e-06	
6.1957e-05	9.4561e-05	0.00014676	0.023334	0.035876	0.016326	8.2082e-08	6.4364e-05	0.0086154	0.0011144	0.72017	0.0029692	2.9148e-05	0.0023664	0.0016498	4.1185e-05	8.1814e-08	7.5155e-06	1.5097e-06	
6.1359e-05	9.4637e-05	0.00014914	0.023051	0.035912	0.016362	7.706e-08	6.3372e-05	0.0086153	0.0011101	0.72768	0.0029539	2.9061e-05	0.0023658	0.0016505	4.044e-05	8.8161e-08	7.843e-06	1.471e-06	
6.0746e-05	9.4717e-05	0.00015148	0.022758	0.035947	0.016398	6.0011e-08	6.2367e-05	0.0086151	0.0011057	0.73542	0.0029382	2.8942e-05	0.0023654	0.0016514	3.9721e-05	9.1922e-08	8.1719e-06	1.4307e-06	
6.016e-05	9.4802e-05	0.00015391	0.02249	0.035983	0.016435	4.4016e-08	6.1376e-05	0.008615	0.0011015	0.74338	0.002923	2.886e-05	0.002365	0.0016525	3.9024e-05	9.9029e-08	8.5013e-06	1.3884e-06	
5.9559e-05	9.4877e-05	0.00015646	0.022245	0.036019	0.016471	5.5023e-08	6.0399e-05	0.0086148	0.0010973	0.75119	0.0029077	2.8752e-05	0.0023646	0.0016535	3.8309e-05	1.0318e-07	8.8228e-06	1.3372e-06	
5.8943e-05	9.4942e-05	0.00015896	0.021993	0.036055	0.016507	6.3535e-08	5.941e-05	0.0086147	0.0010929	0.75886	0.0028921	2.8618e-05	0.0023641	0.0016544	3.7577e-05	1.0474e-07	9.1366e-06	1.2771e-06	
5.8354e-05	9.5012e-05	0.00016156	0.021761	0.036091	0.016545	7.2531e-08	5.8435e-05	0.0086146	0.0010889	0.75998	0.0028772	2.8522e-05	0.0023637	0.0016556	3.6866e-05	1.0975e-07	9.451e-06	1.2151e-06	
5.7751e-05	9.5073e-05	0.00016429	0.021549	0.036128	0.016582	1.2253e-07	5.7472e-05	0.0086144	0.0010847	0.76107	0.0028628	2.8463e-05	0.0023633	0.0016566	3.6137e-05	1.0988e-07	9.766e-06	1.1509e-06	
5.7133e-05	9.5124e-05	0.00016696	0.021331	0.036164	0.016618	1.6854e-07	5.6499e-05	0.0086143	0.0010804	0.76211	0.0028482	2.838e-05	0.0023629	0.0016574	3.5391e-05	1.0753e-07	1.0073e-05	1.0781e-06	
5.6503e-05	9.5166e-05	0.00016959	0.021107	0.036201	0.016654	2.1087e-07	5.5515e-05	0.0086142	0.001076	0.76312	0.0028334	2.8274e-05	0.0023624	0.0016582	3.463e-05	1.0278e-07	1.0373e-05	9.9678e-07	
5.5902e-05	9.5212e-05	0.00017233	0.020901	0.036238	0.016691	2.5779e-07	5.4544e-05	0.0086141	0.0010532	0.7642	0.0028184	2.8142e-05	0.0023619	0.0016592	3.3889e-05	1.0127e-07	1.0615e-05	1.1738e-06	
5.5288e-05	9.5249e-05	0.00017503	0.02069	0.036275	0.016728	3.0096e-07	5.3563e-05	0.0086139	0.0010302	0.76525	0.0028032	2.7987e-05	0.0023615	0.0016601	3.3134e-05	9.7519e-08	1.0848e-05	1.3417e-06	
5.4697e-05	9.529e-05	0.00017784	0.020494	0.036312	0.016767	3.4879e-07	5.2593e-05	0.0086138	0.0010082	0.76636	0.0027886	2.7866e-05	0.0023611	0.0016612	3.2397e-05	9.6575e-08	1.1082e-05	1.5092e-06	
5.413e-05	9.5322e-05	0.00018076	0.020313	0.036349	0.016806	3.9225e-07	5.1634e-05	0.0086137	0.00098733	0.76743	0.0027745	2.7779e-05	0.0023607	0.0017105	3.1645e-05	9.839e-08	1.1315e-05	1.6768e-06	
5.355e-05	9.5345e-05	0.00018363	0.020127	0.036386	0.016846	4.3185e-07	5.0664e-05	0.0086136	0.0009661	0.76847	0.0027602	2.7669e-05	0.0023602	0.0017594	3.0877e-05	9.797e-08	1.1542e-05	1.8352e-06	
5.2958e-05	9.5359e-05	0.00018646	0.019936	0.036424	0.016885	4.6767e-07	4.9685e-05	0.0086135	0.00094453	0.76947	0.0027457	2.7537e-05	0.0023597	0.0018078	3.0093e-05	9.5318e-08	1.1761e-05	1.9843e-06	
5.2388e-05	9.5364e-05	0.00018939	0.019133	0.036461	0.016925	4.9778e-07	4.8717e-05	0.0086134	0.000924	0.77044	0.0027318	2.5698e-05	0.0023592	0.0018559	3.0881e-05	9.5375e-08	1.1979e-05	2.1333e-06	
5.1807e-05	9.536e-05	0.00019229	0.018313	0.036498	0.016965	5.245e-07	4.7739e-05	0.0086133	0.00090316	0.77137	0.0027178	2.3819e-05	0.0023587	0.0019037	3.1654e-05	9.3354e-08	1.2191e-05	2.2733e-06	
5.1216e-05	9.5348e-05	0.00019514	0.017477	0.036536	0.017004	5.4807e-07	4.6753e-05	0.0086131	0.00088205	0.77228	0.0027035	2.4076e-05	0.0023581	0.0019511	3.2414e-05	8.9358e-08	1.2395e-05	2.4045e-06	
5.0645e-05	9.5324e-05	0.00019811	0.016697	0.036574	0.017045	5.7504e-07	4.5776e-05	0.008613	0.00086189	0.77325	0.002689	2.4312e-05	0.0023575	0.0019996	3.3191e-05	8.7701e-08	1.2593e-05	2.527e-06	
5.0064e-05	9.5293e-05	0.00020103	0.015903	0.036611	0.017085	5.9901e-07	4.479e-05	0.0086129	0.0008415	0.7742	0.0026744	2.4531e-05	0.0023568	0.0020478	3.3955e-05	8.4239e-08	1.2784e-05	2.641e-06	
4.9475e-05	9.5253e-05	0.00020392	0.015095	0.036649	0.017126	6.2003e-07	4.3797e-05	0.0086128	0.00082087	0.77512	0.0026597	2.4731e-05	0.0023561	0.0020958	3.4707e-05	7.8983e-08	1.2968e-05	2.7465e-06	
4.8904e-05	9.5206e-05	0.00020678	0.014401	0.036686	0.017167	6.381e-07	4.2795e-05	0.0086127	0.00080113	0.77601	0.0026449	2.4914e-05	0.0023554	0.0021435	3.5447e-05	7.6233e-08	1.3145e-05	2.8437e-06	
4.8325e-05	9.5151e-05	0.00020961	0.013696	0.036724	0.017208	6.533e-07	4.1785e-05	0.0086126	0.00078118	0.77689	0.00263	2.5079e-05	0.0023547	0.0021909	3.6174e-05	7.1771e-08	1.3316e-05	2.9325e-06	
4.7736e-05	9.5088e-05	0.0002124	0.012979	0.036761	0.017249	6.6565e-07	4.0768e-05	0.0086124	0.00076101	0.77774	0.002615	2.5227e-05	0.0023539	0.0022382	3.6889e-05	6.5585e-08	1.3481e-05	3.013e-06	
4.7166e-05	9.5027e-05	0.00021529	0.012307	0.036799	0.017291	6.81e-07	3.9758e-05	0.0086123	0.00074169	0.77864	0.0026004	2.5402e-05	0.0023533	0.0022863	3.762e-05	6.1271e-08	1.3644e-05	3.0924e-06	
4.6587e-05	9.4959e-05	0.00021815	0.011625	0.036837	0.017333	6.9347e-07	3.8741e-05	0.0086122	0.00072217	0.77952	0.0025857	2.5559e-05	0.0023525	0.0023343	3.8339e-05	5.5285e-08	1.3801e-05	3.1635e-06	
4.6025e-05	9.4893e-05	0.00022111	0.010986	0.036875	0.017376	7.0906e-07	3.7732e-05	0.0086121	0.00070348	0.78046	0.0025715	2.5743e-05	0.0023519	0.0023832	3.9073e-05	5.0983e-08	1.3956e-05	3.2334e-06	
4.5482e-05	9.4829e-05	0.00022403	0.010334	0.036913	0.01742	7.2802e-07	3.6715e-05	0.008612	0.00068561	0.78146	0.0025571	2.5907e-05	0.0023513	0.0024331	3.9824e-05	4.3322e-08	1.4105e-05	3.2947e-06	
4.4957e-05	9.4768e-05	0.00022705	0.009726	0.036951	0.017394	7.5064e-07	3.5707e-05	0.0086119	0.00066856	0.78251	0.0025432	2.61e-05	0.0023507	0.0024842	4.0592e-05	3.7447e-08	1.4253e-05	3.3552e-06	
4.445e-05	9.471e-05	0.00023019	0.0091589	0.036989	0.017369	7.7716e-07	3.4707e-05	0.0086118	0.00065228	0.78363	0.0025291	2.6274e-05	0.0023502	0.0025363	4.1379e-05	3.3004e-08	1.4395e-05	3.4071e-06	
4.396e-05	9.4654e-05	0.00023344	0.0086298	0.037028	0.017346	8.0786e-07	3.3716e-05	0.0086117	0.00063674	0.78481	0.0025155	2.6477e-05	0.0023498	0.0025897	4.2184e-05	2.9735e-08	1.4535e-05	3.4582e-06	
4.3461e-05	9.459e-05	0.00023665	0.0080899	0.037067	0.017322	8.3517e-07	3.2717e-05	0.0086116	0.00062098	0.78596	0.0025017	2.666e-05	0.0023493	0.0026426	4.2975e-05	2.4897e-08	1.4669e-05	3.5005e-06	
4.2979e-05	9.4529e-05	0.00023998	0.0075877	0.037106	0.017299	8.6704e-07	3.1726e-05	0.0086115	0.00060597	0.78717	0.0024884	2.6873e-05	0.0023489	0.0026968	4.3786e-05	2.1139e-08	1.4802e-05	3.5425e-06	
4.252e-05	9.4473e-05	0.00024346	0.0071275	0.037145	0.017277	8.2413e-07	3.0747e-05	0.0086114	0.00059182	0.78846	0.0024749	2.706e-05	0.0023485	0.0027524	4.4623e-05	1.8775e-08	1.4928e-05	3.5743e-06	
4.2049e-05	9.4407e-05	0.00024688	0.0066523	0.037185	0.017255	7.7664e-07	2.9758e-05	0.0086113	0.00057736	0.78972	0.0024612	2.7221e-05	0.0023482	0.0028075	4.5442e-05	1.4729e-08	1.5045e-05	3.5964e-06	
4.1599e-05	9.4347e-05	0.00025045	0.006218	0.037224	0.017235	7.3587e-07	2.878e-05	0.0086112	0.00056375	0.79106	0.0024481	2.7422e-05	0.0023478	0.0028642	4.6288e-05	1.1684e-08	1.5163e-05	3.6196e-06	
4.1171e-05	9.4276e-05	0.00025396	0.0057632	0.037264	0.017216	6.9015e-07	2.7791e-05	0.0086112	0.00055095	0.79235	0.0024347	2.7595e-05	0.0023475	0.0029202	4.7114e-05	1.124e-08	1.5274e-05	3.6326e-06	
4.0766e-05	9.4211e-05	0.00025763	0.0053489	0.037304	0.017198	6.5228e-07	2.6814e-05	0.0086111	0.00053892	0.79373	0.0024221	2.6673e-05	0.0023472	0.002978	4.797e-05	1.1304e-08	1.5385e-05	3.6473e-06	
4.0382e-05	9.4152e-05	0.00026149	0.0049721	0.037344	0.017182	6.2053e-07	2.5851e-05	0.008611	0.00052763	0.7952	0.0024092	2.5709e-05	0.002347	0.0030374	4.8857e-05	1.2095e-08	1.5488e-05	3.6515e-06	
3.9986e-05	9.4083e-05	0.00026527	0.0048894	0.037384	0.017165	5.8442e-07	2.4875e-05	0.008611	0.00051608	0.79663	0.0023961	2.4708e-05	0.0023468	0.0030962	4.9723e-05	1.137e-08	1.5583e-05	3.6455e-06	
3.9609e-05	9.4019e-05	0.00026923	0.0048143	0.037424	0.017149	5.5362e-07	2.3912e-05	0.0086109	0.0005052	0.79815	0.0023836	2.3775e-05	0.0023467	0.0031567	5.0619e-05	1.1116e-08	1.5679e-05	3.6408e-06	
3.9251e-05	9.3959e-05	0.00027336	0.0047458	0.037465	0.017135	5.2741e-07	2.2959e-05	0.0086109	0.00049493	0.79975	0.0023715	2.2903e-05	0.0023466	0.0032189	5.1543e-05	1.1262e-08	1.5775e-05	3.637e-06	
3.8882e-05	9.389e-05	0.00027742	0.0046748	0.037506	0.01712	4.973e-07	2.1995e-05	0.0086109	0.00048443	0.8013	0.0023593	2.1999e-05	0.0023465	0.0032804	5.2448e-05	9.9491e-09	1.5854e-05	4.4183e-06	
3.8532e-05	9.3827e-05	0.00028166	0.0046103	0.037547	0.017107	4.7172e-07	2.1042e-05	0.0086108	0.00047454	0.80294	0.0023475	2.1157e-05	0.0023464	0.0033437	5.3383e-05	9.0576e-09	1.5923e-05	5.1778e-06	
3.8169e-05	9.3752e-05	0.00028583	0.0045431	0.037588	0.017093	4.4213e-07	2.0079e-05	0.0086108	0.00046441	0.80454	0.0023356	2.0281e-05	0.0023463	0.0034062	5.4297e-05	6.6811e-09	1.5984e-05	5.9197e-06	
3.7793e-05	9.3684e-05	0.00028991	0.0044728	0.037629	0.017078	4.1701e-07	1.9104e-05	0.0086107	0.00045401	0.80622	0.0023242	1.9466e-05	0.0023463	0.0034706	5.5242e-05	5.1474e-09	1.6045e-05	6.684e-06	
3.7405e-05	9.3605e-05	0.00029418	0.0043501	0.03767	0.017063	3.8787e-07	1.814e-05	0.0086107	0.00044337	0.80786	0.0023132	1.8708e-05	0.0023463	0.0035343	5.6167e-05	7.3575e-09	1.6108e-05	7.4711e-06	
3.7036e-05	9.3531e-05	0.00029864	0.0042379	0.037712	0.017049	3.6266e-07	1.7187e-05	0.0086107	0.00043334	0.80959	0.0023027	1.8001e-05	0.0023463	0.0035998	5.7123e-05	9.961e-09	1.617e-05	8.2812e-06	
3.6654e-05	9.3447e-05	0.00030302	0.0041215	0.037754	0.017035	3.3361e-07	1.6223e-05	0.0086107	0.00042306	0.81127	0.002292	1.7263e-05	0.0023463	0.0036646	5.8056e-05	1.1036e-08	1.6225e-05	9.0726e-06	
3.6292e-05	9.3369e-05	0.0003076	0.0040153	0.037795	0.017022	3.084e-07	1.5269e-05	0.0086106	0.00041338	0.81304	0.0022817	1.6576e-05	0.0023463	0.0037312	5.9023e-05	1.2658e-08	1.6281e-05	9.8887e-06	
3.5917e-05	9.328e-05	0.00031209	0.0039045	0.037837	0.017008	2.7944e-07	1.4305e-05	0.0086106	0.00040347	0.81476	0.0022491	1.6191e-05	0.0023463	0.0037971	5.9967e-05	1.2695e-08	1.6338e-05	1.0731e-05	
3.5562e-05	9.3197e-05	0.00031679	0.0038037	0.037879	0.016996	2.5421e-07	1.3351e-05	0.0086106	0.00039414	0.81658	0.0022161	1.5778e-05	0.0023464	0.003865	6.0946e-05	1.3426e-08	1.6386e-05	1.1553e-05	
3.5193e-05	9.3103e-05	0.00032139	0.003699	0.037921	0.016983	2.2528e-07	1.2385e-05	0.0086106	0.00038458	0.81834	0.0021826	1.5339e-05	0.0023465	0.003932	6.1902e-05	1.2568e-08	1.6427e-05	1.2356e-05	
3.4844e-05	9.3015e-05	0.00032621	0.0036036	0.037964	0.016971	1.9968e-07	1.1431e-05	0.0086106	0.00037558	0.8202	0.0021504	1.4937e-05	0.0023466	0.0040011	6.2891e-05	1.2316e-08	1.6468e-05	1.3185e-05	
3.4482e-05	9.2917e-05	0.00033094	0.0035047	0.038006	0.016959	1.7061e-07	1.0466e-05	0.0086106	0.00036636	0.82201	0.0021177	1.4509e-05	0.0023467	0.0040693	6.386e-05	1.0527e-08	1.6502e-05	1.3995e-05	
3.4141e-05	9.2824e-05	0.00033591	0.003415	0.038049	0.016948	1.4483e-07	9.5115e-06	0.0086106	0.00035772	0.82392	0.0020862	1.412e-05	0.0023469	0.0041397	6.4864e-05	9.3548e-09	1.6536e-05	1.4833e-05	
3.3821e-05	9.2739e-05	0.00034115	0.0031564	0.038092	0.016939	1.225e-07	8.5702e-06	0.0086106	0.00034969	0.82595	0.0020525	1.3665e-05	0.0023471	0.0042125	6.5912e-05	8.8929e-09	1.6573e-05	1.5707e-05	
3.3486e-05	9.2641e-05	0.00034474	0.0030518	0.038135	0.016929	9.6095e-08	8.3685e-06	0.0086106	0.00034136	0.8279	0.002018	1.3174e-05	0.0023473	0.0042841	6.6929e-05	1.5342e-08	1.6601e-05	1.6555e-05	
3.3173e-05	9.2552e-05	0.00034854	0.0029583	0.038178	0.01692	7.2952e-08	8.1681e-06	0.0086106	0.00033364	0.82998	0.001985	1.2731e-05	0.0023476	0.0043582	6.7991e-05	2.4535e-08	1.6632e-05	1.7439e-05	
3.2845e-05	9.245e-05	0.00035224	0.0028596	0.038222	0.016911	8.2269e-08	7.9591e-06	0.0086106	0.00032565	0.83198	0.0019506	1.3282e-05	0.0023478	0.0044311	6.9022e-05	3.0817e-08	1.6652e-05	1.8296e-05	
3.2502e-05	9.2355e-05	0.00035583	0.0027558	0.038265	0.016901	9.2995e-08	7.7417e-06	0.0086106	0.00031738	0.8341	0.0019177	1.3887e-05	0.0023482	0.0045066	7.0098e-05	3.4392e-08	1.6675e-05	1.9189e-05	
3.2181e-05	9.2268e-05	0.00035964	0.0026631	0.038308	0.016893	1.0549e-07	7.5256e-06	0.0086106	0.00030972	0.83634	0.0018864	1.4552e-05	0.0023486	0.0045847	7.1221e-05	4.0759e-08	1.6701e-05	2.0122e-05	
3.1883e-05	9.2189e-05	0.00036369	0.0025803	0.038352	0.016886	1.2009e-07	7.3108e-06	0.0086106	0.00030262	0.83871	0.0018564	1.5283e-05	0.0023491	0.0046656	7.2394e-05	5.0939e-08	1.6728e-05	2.1096e-05	
3.1609e-05	9.2117e-05	0.00036762	0.0025186	0.038396	0.016824	1.3715e-07	7.0876e-06	0.0086107	0.00029607	0.84121	0.0018259	1.597e-05	0.0023497	0.0047493	7.3618e-05	6.7397e-08	1.6747e-05	2.2043e-05	
3.1377e-05	9.2033e-05	0.00037143	0.0024529	0.03844	0.016768	1.506e-07	6.8559e-06	0.0086107	0.0002759	0.84364	0.0017946	1.6617e-05	0.0023503	0.0048317	7.4809e-05	1.0462e-07	1.6757e-05	2.2961e-05	
3.1131e-05	9.1937e-05	0.00037513	0.0023835	0.038483	0.01671	1.6039e-07	6.6156e-06	0.0086107	0.000255	0.84599	0.0017627	1.7221e-05	0.0023508	0.0049128	7.5966e-05	1.3416e-07	1.6757e-05	2.385e-05	
3.0832e-05	9.1829e-05	0.00037524	0.0023215	0.038527	0.016673	1.861e-07	6.3781e-06	0.0086107	0.0002319	0.84826	0.0017323	1.7887e-05	0.0023512	0.0049926	7.708e-05	1.4077e-07	1.6759e-05	2.478e-05	
3.0517e-05	9.1709e-05	0.00037528	0.002256	0.038571	0.016635	2.0749e-07	6.1321e-06	0.0086107	0.00020797	0.85047	0.0017011	1.8509e-05	0.0023516	0.0050712	7.8162e-05	1.4331e-07	1.6753e-05	2.568e-05	
3.0223e-05	9.1596e-05	0.00037544	0.0021974	0.038615	0.016599	2.3277e-07	5.887e-06	0.0086107	0.0001857	0.85279	0.0016714	1.9195e-05	0.0023521	0.0051525	7.9292e-05	1.5159e-07	1.6748e-05	2.6621e-05	
2.9949e-05	9.1491e-05	0.00037571	0.0021449	0.03866	0.016565	2.2247e-07	5.6429e-06	0.0086108	0.00016498	0.85524	0.001643	1.9949e-05	0.0023526	0.0052365	8.0472e-05	1.3972e-07	1.6745e-05	2.7605e-05	
2.966e-05	9.1373e-05	0.00037592	0.0020895	0.038704	0.01653	2.082e-07	5.3902e-06	0.0086108	0.00014353	0.85762	0.0016139	2.0657e-05	0.0023532	0.0053193	8.1618e-05	1.2296e-07	1.6734e-05	2.8557e-05	
2.9391e-05	9.1263e-05	0.00037625	0.0020401	0.038749	0.016498	1.9705e-07	5.1387e-06	0.0086108	0.0001236	0.86012	0.0015862	2.1438e-05	0.0023538	0.0054049	8.2816e-05	1.1324e-07	1.6724e-05	2.9555e-05	
2.9082e-05	9.1141e-05	0.00037671	0.0019962	0.038795	0.016462	1.8212e-07	4.888e-06	0.0086109	0.00012031	0.86255	0.0015579	2.2174e-05	0.0023543	0.0054893	8.3982e-05	1.1856e-07	1.6706e-05	3.0523e-05	
2.8719e-05	9.1027e-05	0.00037729	0.0019573	0.03884	0.016446	1.7019e-07	4.6383e-06	0.008611	0.00011665	0.86512	0.001531	2.2987e-05	0.002355	0.0055767	8.5201e-05	1.0914e-07	1.669e-05	3.1538e-05	
2.8385e-05	9.0921e-05	0.000378	0.0019227	0.038887	0.016431	1.608e-07	4.3894e-06	0.0086111	0.00010505	0.86782	0.0015052	2.3881e-05	0.0023557	0.0056672	8.6474e-05	7.3692e-08	1.6676e-05	3.26e-05	
2.8028e-05	9.0802e-05	0.00037846	0.0018861	0.038933	0.016416	1.477e-07	4.5614e-06	0.0086111	0.00010342	0.87043	0.0014789	2.4721e-05	0.0023564	0.0057562	8.7711e-05	7.3418e-08	1.6653e-05	3.3629e-05	
2.7691e-05	9.0671e-05	0.00037904	0.0018534	0.03898	0.016402	1.308e-07	4.7331e-06	0.0086112	0.00010193	0.87297	0.001452	2.551e-05	0.002357	0.0058437	8.8912e-05	7.6916e-08	1.6621e-05	3.4626e-05	
2.734e-05	9.0528e-05	0.00037956	0.0018189	0.039026	0.016388	1.5811e-07	4.897e-06	0.0086113	0.00010037	0.87544	0.0014488	2.6236e-05	0.0023576	0.0059299	9.008e-05	7.7333e-08	1.6579e-05	3.5592e-05	
2.701e-05	9.0373e-05	0.0003802	0.0017883	0.039073	0.016375	1.9424e-07	5.0607e-06	0.0086114	9.8953e-05	0.87783	0.0014458	2.7042e-05	0.0023581	0.0060148	9.1212e-05	8.1783e-08	1.654e-05	3.6606e-05	
2.6701e-05	9.0226e-05	0.00038098	0.0017611	0.039121	0.016364	1.9411e-07	5.2243e-06	0.0086115	9.7663e-05	0.88036	0.0014431	2.7934e-05	0.0023587	0.0061027	9.2397e-05	7.1246e-08	1.6503e-05	3.767e-05	
2.6377e-05	9.0066e-05	0.00038168	0.0017422	0.039168	0.016352	1.9032e-07	5.3801e-06	0.0086116	9.63e-05	0.88281	0.0014402	2.8771e-05	0.0023593	0.0061892	9.3547e-05	7.4904e-08	1.6458e-05	3.8701e-05	
2.6073e-05	8.9914e-05	0.00038254	0.0017255	0.039216	0.016341	1.8886e-07	5.5356e-06	0.0086117	9.5059e-05	0.88538	0.0014376	2.9694e-05	0.0023599	0.0062787	9.4749e-05	8.2618e-08	1.6414e-05	3.978e-05	
2.5755e-05	8.9751e-05	0.00038333	0.0017078	0.039263	0.01633	1.84e-07	5.6834e-06	0.0086118	9.3756e-05	0.88789	0.0014349	3.0567e-05	0.0023605	0.0063669	9.592e-05	8.7184e-08	1.6361e-05	4.0829e-05	
2.5424e-05	8.9576e-05	0.00038406	0.0016892	0.039311	0.016318	1.7588e-07	5.8237e-06	0.0086119	9.2394e-05	0.89034	0.0014321	3.1395e-05	0.0023611	0.006454	9.7062e-05	8.8903e-08	1.63e-05	4.185e-05	
2.5112e-05	8.9409e-05	0.00038473	0.0016693	0.039358	0.016308	1.699e-07	5.9564e-06	0.008612	9.1142e-05	0.89291	0.0014186	3.235e-05	0.0023617	0.0065439	9.8253e-05	9.5102e-08	1.6241e-05	4.2917e-05	
2.4787e-05	8.923e-05	0.00038534	0.0016485	0.039405	0.016297	1.6077e-07	6.0817e-06	0.0086121	8.9837e-05	0.89541	0.0014048	3.326e-05	0.0023623	0.0066328	9.9416e-05	9.8446e-08	1.6173e-05	4.3958e-05	
2.4479e-05	8.9058e-05	0.00038607	0.0016299	0.039453	0.016287	1.5353e-07	6.2063e-06	0.0086122	8.8637e-05	0.89804	0.0013916	3.4254e-05	0.002363	0.0067244	0.00010063	1.0583e-07	1.6107e-05	4.5044e-05	
2.4159e-05	8.8874e-05	0.00038674	0.0016103	0.0395	0.016277	1.4309e-07	6.3234e-06	0.0086123	8.7381e-05	0.9006	0.0013781	3.5198e-05	0.0023636	0.0068149	0.00010181	1.101e-07	1.6032e-05	4.61e-05	
2.3856e-05	8.8697e-05	0.00038734	0.0016006	0.039547	0.016268	1.3442e-07	6.4328e-06	0.0086124	8.6228e-05	0.90327	0.0013641	3.6068e-05	0.0023643	0.0069082	0.00010305	9.5769e-08	1.5959e-05	4.7207e-05	
2.3565e-05	8.8523e-05	0.00038804	0.0015919	0.039595	0.01626	1.2662e-07	6.5404e-06	0.0086125	8.515e-05	0.90603	0.0013506	3.7e-05	0.0023651	0.0070037	0.00010433	8.5268e-08	1.5887e-05	4.8349e-05	
2.3284e-05	8.8352e-05	0.00038881	0.0015841	0.039643	0.016253	1.1944e-07	6.6461e-06	0.0086126	8.4139e-05	0.90888	0.0013374	3.7992e-05	0.0023659	0.0071015	0.00010564	7.7676e-08	1.5814e-05	4.9526e-05	
2.3014e-05	8.8183e-05	0.00038967	0.001577	0.039691	0.016248	1.1275e-07	6.7496e-06	0.0086127	8.3191e-05	0.91181	0.0013247	3.9046e-05	0.0023668	0.0072014	0.00010699	7.2451e-08	1.574e-05	5.0736e-05	
2.2737e-05	8.8017e-05	0.0003906	0.0015706	0.03974	0.016241	1.0647e-07	6.8511e-06	0.0086128	8.2216e-05	0.91483	0.0013123	4.0165e-05	0.0023678	0.0073036	0.00010838	6.9365e-08	1.5665e-05	5.1981e-05	
2.2452e-05	8.7843e-05	0.00039162	0.001565	0.039789	0.016235	1.6308e-07	6.9505e-06	0.008613	8.1214e-05	0.91781	0.0012999	4.1254e-05	0.0023687	0.0074052	0.00010974	6.4363e-08	1.5584e-05	5.3209e-05	
2.2176e-05	8.7671e-05	0.00039271	0.00156	0.039838	0.016229	2.2422e-07	7.0478e-06	0.0086131	8.0271e-05	0.92087	0.0012878	4.2408e-05	0.0023697	0.0075089	0.00011115	6.1181e-08	1.5502e-05	5.4471e-05	
2.191e-05	8.7501e-05	0.00039389	0.0015556	0.039888	0.016224	2.9025e-07	7.1427e-06	0.0086132	7.9384e-05	0.92401	0.001276	4.3626e-05	0.0023707	0.0076148	0.00011258	5.9559e-08	1.5419e-05	5.5766e-05	
2.1653e-05	8.7333e-05	0.00039514	0.0015518	0.039937	0.01622	3.6194e-07	7.2355e-06	0.0086134	7.8552e-05	0.92723	0.0012646	4.4913e-05	0.0023718	0.007723	0.00011406	5.9631e-08	1.5335e-05	5.7096e-05	
2.1389e-05	8.7157e-05	0.00039637	0.0015479	0.039987	0.016216	4.3011e-07	7.3221e-06	0.0086136	7.7697e-05	0.93043	0.0012531	4.6174e-05	0.0023728	0.0078307	0.00011552	5.8126e-08	1.5244e-05	5.8411e-05	
2.1118e-05	8.6974e-05	0.00039757	0.0015438	0.040037	0.016212	4.9481e-07	7.4024e-06	0.0086137	7.6819e-05	0.93359	0.0012415	4.7407e-05	0.0023739	0.0079379	0.00011696	5.504e-08	1.5147e-05	5.971e-05	
2.0857e-05	8.6793e-05	0.00039885	0.0015402	0.040087	0.016209	5.6548e-07	7.4805e-06	0.0086139	7.5996e-05	0.93683	0.0012303	4.8711e-05	0.0023749	0.0080473	0.00011843	5.3447e-08	1.5049e-05	6.1044e-05	
2.0589e-05	8.6604e-05	0.0004001	0.0015365	0.040137	0.016205	6.3239e-07	7.5523e-06	0.008614	7.5149e-05	0.94004	0.001219	4.9986e-05	0.002376	0.0081562	0.0001199	5.0247e-08	1.6281e-05	6.221e-05	
2.0329e-05	8.6417e-05	0.00040143	0.0015334	0.040188	0.016202	7.0551e-07	7.6219e-06	0.0086142	7.4354e-05	0.94333	0.001208	5.1332e-05	0.0023771	0.0082674	0.00012139	4.8381e-08	1.7522e-05	6.3408e-05	
2.0078e-05	8.6231e-05	0.00040284	0.0015308	0.040238	0.0162	7.8576e-07	7.6893e-06	0.0086143	7.361e-05	0.94671	0.0011973	5.2755e-05	0.0023783	0.0083809	0.00012293	4.7816e-08	1.8772e-05	6.464e-05	
1.9835e-05	8.6048e-05	0.00040434	0.0015288	0.040289	0.016199	8.736e-07	7.7545e-06	0.0086145	7.2914e-05	0.95017	0.0011869	5.4256e-05	0.0023795	0.0084967	0.0001245	4.8459e-08	2.0031e-05	6.5906e-05	
1.9585e-05	8.5857e-05	0.00040581	0.0015266	0.04034	0.016198	9.5737e-07	7.8134e-06	0.0086147	7.2197e-05	0.9536	0.0011764	5.5727e-05	0.0023807	0.0086121	0.00012605	4.7588e-08	2.1283e-05	6.7156e-05	
1.9343e-05	8.5668e-05	0.00040736	0.0015249	0.040391	0.016197	1.0493e-06	7.8701e-06	0.0086149	7.1527e-05	0.95385	0.0011662	5.7279e-05	0.002382	0.0087298	0.00012765	4.7923e-08	2.2543e-05	6.844e-05	
1.9095e-05	8.5471e-05	0.00040888	0.001523	0.040442	0.016197	1.1368e-06	7.9205e-06	0.008615	7.0835e-05	0.9541	0.001156	5.8799e-05	0.0023832	0.008847	0.00012922	4.6698e-08	2.3794e-05	6.9708e-05	
1.884e-05	8.5267e-05	0.00041037	0.001521	0.040494	0.016196	1.22e-06	7.9645e-06	0.0086152	7.012e-05	0.95435	0.0011457	6.0286e-05	0.0023844	0.0089636	0.00013078	4.3908e-08	2.5038e-05	7.0958e-05	
1.8594e-05	8.5064e-05	0.00040701	0.0015196	0.040545	0.016195	1.312e-06	8.007e-06	0.0086154	6.9454e-05	0.95464	0.0011356	6.1859e-05	0.0023857	0.0090827	0.00013238	4.2373e-08	2.6291e-05	7.2245e-05	
1.8355e-05	8.4864e-05	0.00040377	0.0015186	0.040597	0.016196	1.4139e-06	8.0474e-06	0.0086156	6.8836e-05	0.95496	0.0011259	6.3524e-05	0.002387	0.0092043	0.00013401	4.202e-08	2.7554e-05	7.357e-05	
1.811e-05	8.4655e-05	0.00040065	0.0015071	0.040649	0.016197	1.511e-06	8.0858e-06	0.0086158	6.8196e-05	0.95528	0.0011161	6.5153e-05	0.0023883	0.0093254	0.00013563	4.0117e-08	2.8808e-05	7.4877e-05	
1.7874e-05	8.4449e-05	0.00039766	0.0014965	0.040701	0.016198	1.6189e-06	8.1223e-06	0.008616	6.7604e-05	0.95564	0.0011062	6.6748e-05	0.0023896	0.0094491	0.0001373	3.9409e-08	3.0054e-05	7.6167e-05	
1.7646e-05	8.4246e-05	0.00039479	0.0014868	0.040754	0.016201	1.7388e-06	8.157e-06	0.0086162	6.706e-05	0.95604	0.0010966	6.8439e-05	0.002391	0.0095755	0.00013901	3.9857e-08	3.131e-05	7.7496e-05	
1.7426e-05	8.4045e-05	0.00039203	0.0014779	0.040807	0.016204	1.8721e-06	8.1899e-06	0.0086164	6.6564e-05	0.95648	0.0010874	7.0235e-05	0.0023925	0.0097047	0.00014076	4.1533e-08	3.2578e-05	7.8867e-05	
1.7198e-05	8.3847e-05	0.00038905	0.0014688	0.04086	0.016207	1.8701e-06	9.4398e-06	0.0086166	6.604e-05	0.95695	0.0010784	7.215e-05	0.002394	0.009837	0.00014257	4.139e-08	3.3858e-05	8.0286e-05	
1.698e-05	8.3652e-05	0.00038619	0.0014604	0.04082	0.016211	1.8749e-06	1.0701e-05	0.0086168	6.5566e-05	0.95747	0.0010697	7.4188e-05	0.0023956	0.0099723	0.00014443	4.2609e-08	3.5151e-05	8.1752e-05	
1.6753e-05	8.3449e-05	0.00038328	0.0014518	0.04078	0.016215	1.8754e-06	1.1953e-05	0.0086171	6.5066e-05	0.95799	0.0010609	7.6174e-05	0.0023972	0.010107	0.00014626	4.2127e-08	3.6433e-05	8.3194e-05	
1.6537e-05	8.3249e-05	0.0003805	0.0014441	0.040739	0.01622	1.8834e-06	1.3217e-05	0.0086173	6.4618e-05	0.95855	0.0010525	7.8298e-05	0.0023988	0.010131	0.00014815	4.3155e-08	3.773e-05	8.4688e-05	
1.6311e-05	8.304e-05	0.00037767	0.001436	0.040699	0.016224	1.8862e-06	1.447e-05	0.0086175	6.414e-05	0.9591	0.0010439	8.0353e-05	0.0024004	0.010155	0.00015001	8.575e-08	3.9043e-05	8.6241e-05	
1.6078e-05	8.2822e-05	0.00037478	0.0014276	0.040659	0.016228	1.8842e-06	1.5712e-05	0.0086178	6.3633e-05	0.95964	0.0010352	8.2349e-05	0.002402	0.010179	0.00015185	3.5422e-07	4.0345e-05	8.7767e-05	
1.5854e-05	8.2607e-05	0.00037202	0.00142	0.040619	0.016233	1.8898e-06	1.6966e-05	0.008618	6.3178e-05	0.96023	0.0010268	8.4485e-05	0.0024036	0.010204	0.00015374	6.9875e-07	4.1634e-05	8.9262e-05	
1.5621e-05	8.2383e-05	0.0003692	0.001412	0.040579	0.016238	1.8903e-06	1.821e-05	0.0086182	6.2694e-05	0.96081	0.0010183	8.6557e-05	0.0024052	0.010228	0.0001556	1.0153e-06	4.2911e-05	9.0729e-05	
1.538e-05	8.215e-05	0.00036633	0.0014037	0.040539	0.016242	1.8856e-06	1.9442e-05	0.0086185	6.2178e-05	0.96138	0.0010097	8.8565e-05	0.0024068	0.010252	0.00015743	1.3064e-06	4.4176e-05	9.2168e-05	
1.5149e-05	8.1921e-05	0.00036359	0.0013963	0.040499	0.016247	1.825e-06	2.0688e-05	0.0086187	6.1718e-05	0.96199	0.0010009	9.0505e-05	0.0024084	0.010277	0.00015933	1.4022e-06	4.5429e-05	9.3577e-05	
1.4928e-05	8.1696e-05	0.00036099	0.0013898	0.040459	0.016253	1.7746e-06	2.1948e-05	0.0086189	6.1311e-05	0.96265	0.00099245	9.2591e-05	0.0024101	0.010302	0.0001613	1.5287e-06	4.6697e-05	9.5041e-05	
1.4717e-05	8.1475e-05	0.00035853	0.0013842	0.04042	0.016261	1.7339e-06	2.3224e-05	0.0086192	6.0959e-05	0.96336	0.00098434	9.4836e-05	0.0024119	0.010329	0.00016333	1.54e-06	4.798e-05	9.6565e-05	
1.4516e-05	8.1259e-05	0.0003562	0.0013793	0.040382	0.01627	1.7021e-06	2.4514e-05	0.0086195	6.0659e-05	0.96412	0.00097654	9.7248e-05	0.0024138	0.010357	0.00016542	1.4612e-06	4.928e-05	9.8148e-05	
1.4306e-05	8.1033e-05	0.00035381	0.0013741	0.040343	0.016278	1.6647e-06	2.5793e-05	0.0086197	6.0328e-05	0.96487	0.00096862	9.9584e-05	0.0024156	0.010384	0.00016748	1.3727e-06	5.0566e-05	9.97e-05	
1.4106e-05	8.0811e-05	0.00035155	0.0013698	0.040304	0.016288	1.6362e-06	2.7087e-05	0.00862	6.0051e-05	0.96567	0.00096102	0.0001021	0.0024175	0.010413	0.00016962	1.3091e-06	5.187e-05	0.00010132	
1.3918e-05	8.0579e-05	0.00034944	0.0013663	0.040266	0.016299	1.601e-06	2.84e-05	0.0086203	5.9833e-05	0.96645	0.00095326	0.00010452	0.0024193	0.010441	0.00017171	1.146e-06	5.3159e-05	0.00010289	
1.3719e-05	8.0336e-05	0.00034725	0.0013624	0.040228	0.016309	1.5587e-06	2.9698e-05	0.0086206	5.9578e-05	0.96722	0.00094587	0.00010716	0.0024211	0.010468	0.00017376	9.5572e-07	5.4468e-05	0.00010455	
1.3532e-05	8.01e-05	0.00034522	0.0013594	0.04019	0.016321	1.5283e-06	3.1018e-05	0.0086208	5.9388e-05	0.96805	0.00093882	0.00011004	0.002423	0.010497	0.00017359	8.2687e-07	5.5799e-05	0.00010628	
1.3358e-05	7.987e-05	0.00034334	0.0013573	0.040153	0.016334	1.5082e-06	3.2358e-05	0.0086211	5.9262e-05	0.96893	0.00093161	0.0001128	0.002425	0.010527	0.00017348	7.4546e-07	5.7113e-05	0.00010797	
1.3172e-05	7.9647e-05	0.00034138	0.0013547	0.040115	0.016347	1.4983e-06	3.3682e-05	0.0086214	5.9093e-05	0.96988	0.00092477	0.00011582	0.0024271	0.010558	0.00017341	6.4304e-07	5.845e-05	0.00010975	
1.2998e-05	7.9412e-05	0.00033956	0.001353	0.040078	0.016361	1.4806e-06	3.5027e-05	0.0086218	5.8988e-05	0.97081	0.00091826	0.00011912	0.0024291	0.010589	0.00017332	5.747e-07	5.981e-05	0.00011161	
1.2814e-05	7.9167e-05	0.00033789	0.0013489	0.040042	0.016375	1.4559e-06	3.6394e-05	0.0086221	5.8842e-05	0.97172	0.00091159	0.00012228	0.0024311	0.010619	0.00017319	4.9136e-07	6.1153e-05	0.00011343	
1.2641e-05	7.8928e-05	0.00033636	0.0013457	0.040005	0.01639	1.4415e-06	3.7786e-05	0.0086224	5.8761e-05	0.97269	0.00090527	0.00012574	0.0024332	0.010651	0.00017312	4.3693e-07	6.2519e-05	0.00011534	
1.2457e-05	7.8696e-05	0.00033496	0.0013444	0.03997	0.016404	1.3365e-06	3.9201e-05	0.0086228	5.8636e-05	0.97254	0.00089954	0.00012647	0.0024353	0.010684	0.0001731	3.4907e-07	6.391e-05	0.00011735	
1.2284e-05	7.847e-05	0.0003337	0.001344	0.039934	0.01642	1.2478e-06	4.0639e-05	0.0086231	5.8572e-05	0.97244	0.0008941	0.00012733	0.0024376	0.010718	0.00017313	2.889e-07	6.5325e-05	0.00011945	
1.2121e-05	7.8251e-05	0.00033255	0.0013444	0.039899	0.016437	1.1733e-06	4.2101e-05	0.0086235	5.8567e-05	0.97238	0.00088893	0.00012832	0.00244	0.010754	0.0001732	2.478e-07	6.6762e-05	0.00012165	
1.1949e-05	7.802e-05	0.00033134	0.0013443	0.039864	0.016454	1.0904e-06	4.3545e-05	0.0086239	5.8526e-05	0.97232	0.00088364	0.00012923	0.0024423	0.01079	0.00017325	1.9807e-07	6.8182e-05	0.0001238	
1.1787e-05	7.7795e-05	0.00033025	0.0013451	0.039829	0.016472	1.0211e-06	4.5014e-05	0.0086243	5.8546e-05	0.97229	0.00087863	0.0001303	0.0024447	0.010826	0.00017335	1.6442e-07	6.9575e-05	0.00012588	
1.1616e-05	7.7559e-05	0.0003291	0.0013455	0.039794	0.016489	9.4328e-07	4.6465e-05	0.0086246	5.8525e-05	0.97226	0.0008735	0.00013128	0.002447	0.010863	0.00017341	1.2287e-07	7.095e-05	0.0001279	
1.1455e-05	7.733e-05	0.00032807	0.0013468	0.03976	0.016508	8.7808e-07	4.7942e-05	0.008625	5.8568e-05	0.97228	0.00086864	0.00013242	0.0024495	0.0109	0.00017353	9.4934e-08	7.235e-05	0.00013003	
1.1283e-05	7.7107e-05	0.00032717	0.0013489	0.039726	0.016526	8.2504e-07	4.9444e-05	0.0086254	5.8569e-05	0.97234	0.00086362	0.0001335	0.002452	0.010939	0.00017369	5.4437e-08	7.3731e-05	0.0001321	
1.1122e-05	7.6891e-05	0.00032639	0.001352	0.039692	0.016546	7.8204e-07	5.0974e-05	0.0086259	5.8635e-05	0.97245	0.00085888	0.00013474	0.0024547	0.01098	0.00017391	2.6954e-08	7.5137e-05	0.00013428	
1.0979e-05	7.9309e-05	0.00032573	0.0013561	0.039659	0.016569	7.318e-07	5.253e-05	0.0086263	5.7389e-05	0.97255	0.000854	0.00013589	0.0024571	0.01102	0.00017409	1.0034e-08	7.6525e-05	0.00013639	
1.0825e-05	8.1755e-05	0.000325	0.0013596	0.039626	0.01659	6.9107e-07	5.4067e-05	0.0086267	5.6078e-05	0.97269	0.00084939	0.0001372	0.0024597	0.011062	0.00017433	3.8259e-09	7.7938e-05	0.00013862	
1.066e-05	8.4182e-05	0.0003242	0.0013625	0.039592	0.01661	6.4352e-07	5.5584e-05	0.0086271	5.4701e-05	0.97283	0.00084465	0.00013842	0.0024621	0.011103	0.00017453	3.9309e-09	7.9332e-05	0.00014078	
1.0506e-05	8.6636e-05	0.00032352	0.0013665	0.039559	0.016633	6.0478e-07	5.7129e-05	0.0086276	5.3437e-05	0.97301	0.00084017	0.00013981	0.0024647	0.011145	0.00017479	4.1873e-09	8.0752e-05	0.00014305	
1.0342e-05	8.9071e-05	0.00032296	0.0013714	0.039527	0.016654	5.5951e-07	5.8701e-05	0.008628	5.2113e-05	0.97318	0.00083548	0.00014108	0.0024672	0.011187	0.00017501	5.9824e-09	8.2198e-05	0.00014544	
1.0187e-05	9.1488e-05	0.00032251	0.0013774	0.039494	0.016677	5.0738e-07	6.0301e-05	0.0086285	5.0895e-05	0.97335	0.00083079	0.00014234	0.0024697	0.011228	0.0001752	8.4186e-09	8.3641e-05	0.00014783	
1.0043e-05	9.3931e-05	0.00032217	0.0013845	0.039463	0.016702	4.6368e-07	6.1929e-05	0.0086289	4.9776e-05	0.97355	0.0008261	0.00014359	0.0024723	0.011271	0.00017544	1.1818e-08	8.5079e-05	0.00015021	
9.8893e-06	9.6356e-05	0.00032195	0.0013929	0.039431	0.016726	4.1389e-07	6.3586e-05	0.0086294	4.8602e-05	0.97375	0.0008214	0.00014484	0.0024748	0.011313	0.00017565	1.3215e-08	8.6513e-05	0.00015258	
9.7454e-06	9.8808e-05	0.00032183	0.0014026	0.0394	0.016752	3.7187e-07	6.5273e-05	0.0086299	4.7526e-05	0.974	0.00081671	0.00014608	0.0024774	0.011357	0.00017591	1.5781e-08	8.7943e-05	0.00015495	
9.5918e-06	0.00010124	0.00032166	0.0014116	0.039369	0.016777	3.2405e-07	6.694e-05	0.0086304	4.6397e-05	0.97424	0.00081201	0.00014732	0.00248	0.0114	0.00017614	1.6413e-08	8.9369e-05	0.00015732	
9.4284e-06	0.00010366	0.00032142	0.0014201	0.039337	0.016801	3.4678e-07	6.8587e-05	0.0086309	4.5213e-05	0.97446	0.00080731	0.00014854	0.0024825	0.011442	0.00017633	1.5126e-08	9.0791e-05	0.00015968	
9.2551e-06	0.00010605	0.00032113	0.0014279	0.039306	0.016824	3.6496e-07	7.0216e-05	0.0086314	4.3973e-05	0.97468	0.00079484	0.00015076	0.0024849	0.011483	0.0001765	1.1882e-08	9.2241e-05	0.00016217	
9.0916e-06	0.00010847	0.00032094	0.001437	0.039275	0.016849	3.8798e-07	7.1873e-05	0.0086318	4.283e-05	0.97494	0.0007821	0.00015286	0.0024874	0.011527	0.00017671	9.8005e-09	9.3672e-05	0.00016459	
8.9375e-06	0.00011093	0.0003207	0.0014453	0.039244	0.016876	4.1635e-07	7.3512e-05	0.0086323	4.1779e-05	0.97525	0.00076993	0.00015518	0.0024901	0.011528	0.00017698	8.6086e-09	9.5129e-05	0.00016713	
8.7926e-06	0.0001134	0.00032056	0.0014549	0.039213	0.016905	4.5092e-07	7.518e-05	0.0086328	4.0815e-05	0.97561	0.00075833	0.00015774	0.0024928	0.01153	0.0001773	8.0835e-09	9.6613e-05	0.0001698	
8.6568e-06	0.00011591	0.00032054	0.0014659	0.039182	0.016936	4.9259e-07	7.6879e-05	0.0086333	3.9932e-05	0.97602	0.00074725	0.00016056	0.0024957	0.011533	0.00017767	8.1402e-09	9.8126e-05	0.0001726	
8.5117e-06	0.0001184	0.00032046	0.0014763	0.039152	0.016966	5.3039e-07	7.8559e-05	0.0086338	3.9004e-05	0.97642	0.00073595	0.00016326	0.0024985	0.011535	0.000178	6.5784e-09	9.9619e-05	0.00017533	
8.3755e-06	0.00012092	0.00032049	0.0014881	0.039123	0.016997	5.7583e-07	8.0269e-05	0.0086344	3.8154e-05	0.97686	0.00072516	0.00016622	0.0025013	0.011539	0.0001784	5.5352e-09	0.00010114	0.0001782	
8.2297e-06	0.00012341	0.00032046	0.0014992	0.039093	0.017028	6.1502e-07	8.1959e-05	0.0086349	3.7257e-05	0.9773	0.00071414	0.00016905	0.0025042	0.011542	0.00017875	2.8749e-09	0.00010264	0.00018099	
8.0771e-06	0.00012589	0.00032037	0.0015096	0.039063	0.017058	6.4828e-07	8.3629e-05	0.0086354	3.6313e-05	0.97772	0.00070289	0.00017175	0.002507	0.011544	0.00018502	4.4227e-09	0.00010413	0.00018373	
7.9327e-06	0.0001284	0.00032038	0.0015215	0.039034	0.01709	6.8912e-07	8.5329e-05	0.008636	3.5445e-05	0.97819	0.00069214	0.00017471	0.0025098	0.011548	0.0001915	6.2837e-09	0.00010564	0.00018659	
7.779e-06	0.00013088	0.00032034	0.0015326	0.039004	0.017121	7.2374e-07	8.7009e-05	0.0086365	3.4529e-05	0.97865	0.00068115	0.00017753	0.0025126	0.011551	0.00019788	6.5464e-09	0.00010713	0.00018938	
7.6156e-06	0.00013335	0.00032023	0.001543	0.038974	0.017151	7.5229e-07	8.8668e-05	0.008637	3.3565e-05	0.9791	0.00066991	0.00018021	0.0025154	0.011553	0.00020414	5.2126e-09	0.0001086	0.0001921	
7.9824e-06	0.00013585	0.00032023	0.001555	0.038945	0.01718	7.7296e-07	9.0359e-05	0.0086375	3.2539e-05	0.97901	0.00065836	0.00018275	0.0025183	0.011576	0.00020988	8.202e-09	0.00011011	0.00019496	
8.3861e-06	0.00013832	0.00032014	0.0015723	0.038916	0.017192	7.877e-07	9.1996e-05	0.0086381	3.1649e-05	0.97891	0.00064626	0.0002001	0.0025211	0.011598	0.00021551	8.8605e-09	0.00011159	0.00019775	
8.8059e-06	0.00014083	0.00032014	0.0015917	0.038887	0.017206	8.0906e-07	9.3662e-05	0.0086386	3.0828e-05	0.97886	0.00063468	0.00021888	0.002524	0.011622	0.00022134	1.0125e-08	0.0001131	0.00020067	
9.2135e-06	0.00014332	0.0003201	0.0016102	0.038858	0.017219	8.2517e-07	9.5309e-05	0.0086392	2.9967e-05	0.97879	0.00062288	0.00023704	0.0025268	0.011645	0.00022708	9.7508e-09	0.0001146	0.00020353	
9.6374e-06	0.00014583	0.00032015	0.0016308	0.03883	0.017233	8.4798e-07	9.6986e-05	0.0086398	2.9171e-05	0.97877	0.00061159	0.00025666	0.0025298	0.011669	0.00023302	9.9874e-09	0.00011612	0.00020651	
1.0048e-05	0.00014833	0.00032031	0.0016542	0.038802	0.017247	8.6542e-07	9.8693e-05	0.0086403	2.8334e-05	0.97875	0.00060007	0.00027564	0.0025327	0.011692	0.00023886	8.0999e-09	0.00011762	0.00020943	
1.0447e-05	0.00015081	0.00032042	0.0016764	0.038774	0.01726	8.7759e-07	0.00010038	0.0086409	2.7456e-05	0.97871	0.00058834	0.000294	0.0025355	0.011715	0.00024462	1.5511e-08	0.0001191	0.00021229	
1.0862e-05	0.00015327	0.00032063	0.0017013	0.038746	0.017275	8.9757e-07	0.0001021	0.0086415	2.6645e-05	0.97868	0.00057712	0.00031387	0.0025383	0.011738	0.00025084	2.5626e-08	0.00012062	0.00021529	
1.1295e-05	0.00015576	0.00032079	0.0017245	0.038718	0.017291	9.2734e-07	0.0001038	0.0086421	2.5899e-05	0.97868	0.00056566	0.00033304	0.0025412	0.011761	0.00025227	4.0635e-08	0.00012211	0.00021821	
1.1716e-05	0.00015823	0.00032089	0.0017465	0.03869	0.017306	9.5139e-07	0.00010548	0.0086426	2.5113e-05	0.97868	0.00055398	0.00035159	0.002544	0.011785	0.00025366	5.2394e-08	0.00012359	0.00022107	
1.2153e-05	0.00016072	0.00032109	0.001771	0.038662	0.017323	9.8303e-07	0.00010719	0.0086432	2.4387e-05	0.97871	0.00054279	0.00037158	0.002547	0.011809	0.00025513	6.9045e-08	0.00012509	0.00022406	
1.2608e-05	0.00016325	0.00032139	0.0017984	0.038635	0.017342	1.0227e-06	0.00010893	0.0086438	2.3716e-05	0.97879	0.00053217	0.00037699	0.00255	0.011834	0.00025666	6.8599e-08	0.00012661	0.00022718	
1.3051e-05	0.00016575	0.00032164	0.0018245	0.038607	0.01736	1.0564e-06	0.00011065	0.0086444	2.3011e-05	0.97886	0.00052135	0.0003822	0.002553	0.011859	0.00025816	6.5581e-08	0.00012813	0.00023024	
1.351e-05	0.00016828	0.00032199	0.0018534	0.03858	0.017379	1.0983e-06	0.0001124	0.008645	2.2355e-05	0.97897	0.00051097	0.00038783	0.002556	0.011885	0.00025973	6.5293e-08	0.00012966	0.00023342	
1.3958e-05	0.0001708	0.00032229	0.0018811	0.038553	0.017398	1.1343e-06	0.00011413	0.0086456	2.1669e-05	0.97908	0.00051032	0.00039296	0.002559	0.011911	0.00026126	6.2588e-08	0.00013118	0.00023655	
1.4423e-05	0.00017334	0.00032268	0.0019118	0.038526	0.017418	1.1793e-06	0.00011589	0.0086462	2.1032e-05	0.97923	0.00050977	0.00039853	0.0025621	0.011937	0.00026286	6.2672e-08	0.00013273	0.00023981	
1.4876e-05	0.00017587	0.00032303	0.0019412	0.038499	0.017438	1.2182e-06	0.00011764	0.0086468	2.0364e-05	0.97937	0.00050918	0.0004039	0.0025652	0.011963	0.00026443	6.0293e-08	0.00013425	0.00024301	
1.535e-05	0.00017837	0.00032326	0.0019747	0.038473	0.017459	1.25e-06	0.00011932	0.0086474	1.975e-05	0.97951	0.0005087	0.00040978	0.0025682	0.011989	0.00026595	4.1342e-08	0.00013581	0.00024637	
1.581e-05	0.00018091	0.00032344	0.0020063	0.038446	0.017479	1.2918e-06	0.00012098	0.008648	1.9101e-05	0.97968	0.00050834	0.0004162	0.0025713	0.012016	0.00026755	3.5614e-08	0.0001374	0.00024988	
1.629e-05	0.00018347	0.00032373	0.0020416	0.038419	0.017502	1.3443e-06	0.00012267	0.0086486	1.8504e-05	0.9799	0.00050809	0.0004232	0.0025745	0.012044	0.00026924	3.2391e-08	0.00013902	0.00025356	
1.6748e-05	0.00018602	0.00032413	0.0020674	0.038393	0.017523	1.389e-06	0.00012439	0.0086493	1.9083e-05	0.98012	0.00050777	0.0004299	0.0025777	0.012072	0.00027088	2.6608e-08	0.00014062	0.00025715	
1.7192e-05	0.00018854	0.00032447	0.0020918	0.038367	0.017543	1.4265e-06	0.0001261	0.0086499	1.9629e-05	0.98032	0.00050757	0.00043723	0.0025807	0.012099	0.00027247	1.824e-08	0.00014225	0.00026092	
1.7657e-05	0.0001911	0.00032492	0.0021193	0.038342	0.017565	1.3798e-06	0.00012784	0.0086505	2.0226e-05	0.98057	0.00050749	0.00044524	0.0025839	0.012127	0.00027415	1.2456e-08	0.00014391	0.00026487	
1.8106e-05	0.00019369	0.00032531	0.0021451	0.038316	0.017587	1.3442e-06	0.00012956	0.0086512	2.0787e-05	0.97989	0.00050753	0.00045399	0.0025872	0.012156	0.00027592	1.164e-08	0.00014561	0.00026901	
1.8542e-05	0.00019626	0.00032564	0.0021695	0.03829	0.017607	1.3016e-06	0.00013125	0.0086518	2.1315e-05	0.9792	0.00050751	0.00046241	0.0025905	0.012186	0.00027764	9.0525e-09	0.00014728	0.00027306	
1.8998e-05	0.00019886	0.00032608	0.0021969	0.038264	0.017629	1.2691e-06	0.00013298	0.0086524	2.1892e-05	0.97856	0.00050759	0.00047158	0.0025938	0.012216	0.00027945	7.2696e-09	0.00014899	0.00027729	
1.9439e-05	0.00020144	0.00032646	0.0022229	0.038238	0.017651	1.2297e-06	0.00013469	0.008653	2.2434e-05	0.9779	0.00050762	0.00048039	0.0025971	0.012246	0.00028121	3.7821e-09	0.00015067	0.00028144	
1.9801e-05	0.00020405	0.00032695	0.0022521	0.038213	0.017667	1.2007e-06	0.00013643	0.0086537	2.5796e-05	0.9773	0.00050777	0.00049003	0.0026005	0.012277	0.00028306	1.5806e-09	0.00015239	0.00028579	
2.0148e-05	0.00020664	0.00032738	0.0022797	0.038187	0.017681	1.1644e-06	0.00013815	0.0086543	2.9033e-05	0.97668	0.00050784	0.00049921	0.0026038	0.012308	0.00028487	2.2763e-09	0.00015416	0.00029036	
2.0514e-05	0.00020921	0.00032774	0.0023053	0.038162	0.017698	1.1202e-06	0.00013985	0.0086549	3.2508e-05	0.97605	0.00050803	0.00050925	0.0026071	0.012338	0.00028661	3.016e-09	0.00015595	0.00029516	
2.09e-05	0.00021176	0.00032822	0.0023342	0.038136	0.017716	1.0682e-06	0.00014159	0.0086556	3.6246e-05	0.97541	0.00050816	0.00051887	0.0026103	0.012367	0.00028831	3.8467e-09	0.00015773	0.00029985	
2.1307e-05	0.00021434	0.00032882	0.0023665	0.038111	0.017736	1.0268e-06	0.00014335	0.0086562	4.0263e-05	0.97481	0.0005084	0.00052937	0.0026136	0.012397	0.0002901	4.8327e-09	0.00015954	0.00030475	
2.1734e-05	0.00021695	0.00032953	0.0023758	0.038087	0.017758	9.9438e-07	0.00014516	0.0086569	4.457e-05	0.97427	0.00050875	0.00054078	0.0026171	0.012429	0.00029198	6.0935e-09	0.00016139	0.00030988	
2.2146e-05	0.00021954	0.00033017	0.0023844	0.038062	0.017779	9.5531e-07	0.00014694	0.0086576	4.8726e-05	0.97371	0.00050904	0.00055173	0.0026204	0.012461	0.00029381	5.7904e-09	0.00016321	0.0003149	
2.2543e-05	0.00022211	0.00033075	0.0023923	0.038037	0.017799	9.0933e-07	0.0001487	0.0086582	5.2735e-05	0.97314	0.00050927	0.00056225	0.0026237	0.012491	0.00029558	3.9118e-09	0.00016501	0.00031981	
2.2925e-05	0.00022471	0.00033127	0.0023996	0.038012	0.017818	8.7303e-07	0.00015043	0.0086589	5.6607e-05	0.97262	0.00050944	0.00057236	0.0026271	0.012523	0.00029745	6.9516e-09	0.00016679	0.00032461	
2.3294e-05	0.00022729	0.00033173	0.0024062	0.037987	0.017836	8.3034e-07	0.00015215	0.0086595	6.0348e-05	0.97209	0.00050956	0.00058209	0.0026305	0.012555	0.00029927	8.3168e-09	0.00016855	0.0003293	
2.3683e-05	0.00022991	0.0003323	0.0024011	0.037962	0.017856	7.9674e-07	0.0001539	0.0086601	6.438e-05	0.97161	0.00050993	0.00058466	0.0026339	0.012588	0.00030118	1.0483e-08	0.00017047	0.00033024	
2.4096e-05	0.0002325	0.00033281	0.0023953	0.037937	0.017878	7.563e-07	0.00015563	0.0086608	6.8728e-05	0.97111	0.00051042	0.00058759	0.0026373	0.01262	0.00030304	9.4344e-09	0.00017244	0.00033128	
2.4531e-05	0.00023513	0.00033345	0.0023909	0.037913	0.017902	7.2445e-07	0.0001574	0.0086614	7.3415e-05	0.97067	0.00051103	0.00059089	0.0026408	0.012653	0.000305	9.1638e-09	0.00017444	0.00033241	
2.495e-05	0.00023779	0.00033401	0.0023858	0.037888	0.017925	7.0037e-07	0.00015914	0.0086621	7.7928e-05	0.97028	0.00051183	0.00059017	0.0026444	0.012689	0.00030706	7.0073e-09	0.00017649	0.00033365	
2.5392e-05	0.00024049	0.0003347	0.002382	0.037864	0.01795	6.8311e-07	0.00016092	0.0086628	8.2782e-05	0.96994	0.00051257	0.00058931	0.0026482	0.012725	0.00030922	5.5207e-09	0.00017851	0.00033484	
2.5817e-05	0.00024322	0.0003355	0.0023794	0.03784	0.017974	6.7241e-07	0.00016274	0.0086634	8.7456e-05	0.96965	0.00051343	0.00058873	0.002652	0.012764	0.00031149	4.6298e-09	0.00018057	0.00033613	
2.6265e-05	0.00024598	0.00033643	0.0023779	0.037816	0.017999	6.6773e-07	0.0001646	0.0086641	9.2483e-05	0.96941	0.00051441	0.00058842	0.0026559	0.012804	0.00031387	3.9766e-09	0.00018268	0.00033753	
2.6737e-05	0.00024879	0.00033749	0.0023775	0.037793	0.018026	6.6895e-07	0.00016649	0.0086648	9.789e-05	0.96922	0.00051552	0.00058837	0.00266	0.012846	0.00031635	3.4628e-09	0.00018482	0.00033903	
3.0288e-05	0.00025157	0.00033847	0.0023767	0.03777	0.018053	6.6506e-07	0.00016836	0.0086655	0.00010307	0.96902	0.00051656	0.00058819	0.002664	0.012886	0.00031878	8.3681e-09	0.00018694	0.00034048	
3.3769e-05	0.00025432	0.00033939	0.0023888	0.037746	0.018079	6.5603e-07	0.00017021	0.0086662	0.00010807	0.9688	0.00051754	0.00058787	0.0026679	0.012927	0.00032115	3.3214e-08	0.00018903	0.00034187	
3.4848e-05	0.00025712	0.00034044	0.0024029	0.037723	0.018107	6.5315e-07	0.0001721	0.0086669	0.0001136	0.96864	0.00051865	0.00058783	0.002672	0.012969	0.00032365	3.9791e-08	0.00019117	0.00034337	
3.5899e-05	0.00025989	0.00034141	0.002416	0.0377	0.018134	6.4493e-07	0.00017396	0.0086676	0.00011893	0.96846	0.00051968	0.00058765	0.0026759	0.01301	0.0003261	4.3544e-08	0.00019328	0.00034481	
3.6997e-05	0.0002627	0.00034251	0.002431	0.037677	0.018163	6.4251e-07	0.00017586	0.0086683	0.00012466	0.96833	0.00052085	0.00058773	0.00268	0.013053	0.00032865	5.0425e-08	0.00019544	0.00034636	
3.8069e-05	0.00026548	0.00034354	0.0024451	0.037654	0.018191	6.347e-07	0.00017774	0.008669	0.0001302	0.96819	0.00052214	0.00058808	0.0026841	0.013095	0.00033114	5.4026e-08	0.00019764	0.00034802	
3.919e-05	0.0002683	0.0003447	0.0024611	0.037631	0.018221	6.3265e-07	0.00017966	0.0086697	0.00013616	0.9681	0.00052357	0.00058869	0.0026882	0.013138	0.00033375	6.1126e-08	0.00019988	0.0003498	
4.0372e-05	0.00027116	0.00034599	0.0024794	0.037609	0.018253	6.3654e-07	0.00018161	0.0086705	0.00013782	0.96806	0.00052513	0.00058959	0.0026924	0.013184	0.00033648	7.3022e-08	0.00020216	0.0003517	
4.1525e-05	0.00027406	0.00034742	0.002504	0.037587	0.018284	6.3539e-07	0.00018361	0.0086712	0.00013939	0.968	0.00052663	0.00059035	0.0026968	0.013228	0.00033914	8.1028e-08	0.00020442	0.00035354	
4.2651e-05	0.00027694	0.00034877	0.0025271	0.037564	0.018314	6.2918e-07	0.00018559	0.0086719	0.00014089	0.96794	0.00052806	0.00059097	0.0027012	0.013272	0.00034174	8.5603e-08	0.00020665	0.00035531	
4.3829e-05	0.00027986	0.00035026	0.0025362	0.037542	0.018346	6.291e-07	0.00018761	0.0086726	0.00014254	0.96792	0.00052941	0.00059145	0.0027056	0.013318	0.00034447	7.9223e-08	0.00020886	0.00035703	
4.5062e-05	0.00028282	0.00035189	0.002547	0.03752	0.018381	6.3476e-07	0.00018967	0.0086733	0.00014436	0.96796	0.0005309	0.0005922	0.0027102	0.013319	0.00034732	7.7048e-08	0.00021111	0.00035885	
4.6352e-05	0.00028581	0.00035366	0.0025595	0.037498	0.018417	6.463e-07	0.00019177	0.008674	0.00014635	0.96804	0.00053252	0.00059323	0.0027148	0.013322	0.0003503	7.8674e-08	0.00021341	0.0003608	
4.7612e-05	0.00028879	0.00035536	0.0025712	0.037475	0.018453	6.5272e-07	0.00019385	0.0086748	0.00014825	0.96811	0.00053407	0.00059411	0.0027194	0.013323	0.00035321	7.7221e-08	0.00021568	0.00036269	
4.8839e-05	0.00029173	0.00035721	0.0025847	0.037454	0.018487	7.2675e-07	0.00019597	0.0086755	0.00015005	0.96817	0.00053577	0.00059529	0.002724	0.013325	0.00035604	8.4103e-08	0.00021799	0.00036471	
5.0123e-05	0.00029472	0.0003592	0.0026003	0.037432	0.018523	8.144e-07	0.00019813	0.0086763	0.00015203	0.96828	0.0005374	0.00059632	0.0027286	0.013327	0.000359	9.7397e-08	0.00022028	0.00036666	
5.1376e-05	0.00029768	0.00036112	0.0026148	0.037411	0.018559	8.9247e-07	0.00020027	0.008677	0.00015391	0.96838	0.00053895	0.00059722	0.0027332	0.013329	0.00036189	1.0666e-07	0.00022255	0.00036854	
5.269e-05	0.00030069	0.00036319	0.0026315	0.03739	0.018597	9.8517e-07	0.00020246	0.0086777	0.00015598	0.96852	0.00054065	0.0005984	0.0027379	0.013332	0.0003649	1.2242e-07	0.00022486	0.00037055	
5.3972e-05	0.00030366	0.00036544	0.0026534	0.037368	0.018633	1.0674e-06	0.00020469	0.0086785	0.00015796	0.96865	0.00054249	0.00059987	0.0027426	0.013334	0.00036785	1.2822e-07	0.00022722	0.0003727	
5.5316e-05	0.00030668	0.00036785	0.0026781	0.037347	0.018672	1.1654e-06	0.00020697	0.0086792	0.00016012	0.96883	0.00054448	0.00060165	0.0027473	0.013337	0.00037092	1.1713e-07	0.00022962	0.00037497	
5.6625e-05	0.00030967	0.00037017	0.0027014	0.037326	0.01871	1.2528e-06	0.00020923	0.00868	0.00016218	0.969	0.00054662	0.00060374	0.002752	0.01334	0.00037393	1.0129e-07	0.00023207	0.00037739	
5.7997e-05	0.00031264	0.00037266	0.0027278	0.037306	0.01875	1.3301e-06	0.00021153	0.0086808	0.00016444	0.96915	0.00054868	0.00060567	0.0027567	0.013342	0.00037686	9.2363e-08	0.0002345	0.00037973	
5.9435e-05	0.00031564	0.00037534	0.0027576	0.037285	0.018793	1.4237e-06	0.00021388	0.0086815	0.0001669	0.96936	0.00055091	0.00060793	0.0027614	0.013345	0.00037993	8.8423e-08	0.00023697	0.00038221	
6.0836e-05	0.00031862	0.00037791	0.0027856	0.037265	0.018834	2.054e-06	0.0002162	0.0086823	0.00016925	0.96955	0.00055304	0.00061002	0.0027661	0.013348	0.00038292	1.1585e-07	0.00023942	0.00038462	
6.2202e-05	0.00032165	0.00038068	0.0028173	0.037245	0.018874	2.7972e-06	0.00021857	0.0086831	0.0001715	0.96979	0.00055534	0.00061244	0.0027709	0.013352	0.00038605	1.5938e-07	0.00024191	0.00038717	
6.3634e-05	0.00032464	0.00038335	0.0028471	0.037224	0.018917	3.4714e-06	0.00022091	0.0086839	0.00017395	0.97001	0.0005578	0.00061522	0.0027756	0.013355	0.00038911	2.2672e-07	0.00024446	0.00038988	
6.5132e-05	0.00032762	0.00038621	0.0028546	0.037204	0.018961	4.0916e-06	0.0002233	0.0086847	0.00017662	0.97023	0.00056044	0.00061838	0.0027803	0.013358	0.0003921	3.281e-07	0.00024705	0.00039274	
6.6593e-05	0.00033063	0.00038926	0.002858	0.037185	0.019005	4.8304e-06	0.00022574	0.0086855	0.00017917	0.97049	0.00056299	0.00062135	0.0027851	0.013362	0.00039523	4.0832e-07	0.00024962	0.00039552	
6.8019e-05	0.00033363	0.00039251	0.0028629	0.037166	0.019047	5.5148e-06	0.00022824	0.0086863	0.00018161	0.97075	0.00056545	0.00062414	0.0027898	0.013365	0.00039828	4.7264e-07	0.00025216	0.00039822	
6.9512e-05	0.0003366	0.00039598	0.0028692	0.037147	0.019092	6.1475e-06	0.00023078	0.0086871	0.00018427	0.97099	0.00056783	0.00062675	0.0027944	0.013368	0.00040128	5.7099e-07	0.00025467	0.00040084	
7.1075e-05	0.00033961	0.00039966	0.0028769	0.037128	0.019139	6.8973e-06	0.00023337	0.008688	0.00018716	0.97128	0.00057013	0.00062919	0.0027992	0.013372	0.00040441	7.2899e-07	0.00025716	0.00040339	
7.2601e-05	0.00034266	0.00040324	0.0028839	0.03711	0.019186	7.7833e-06	0.00023594	0.0086888	0.00018993	0.97162	0.00057259	0.00063198	0.0028041	0.013377	0.00040768	8.5948e-07	0.00025969	0.00040609	
7.4199e-05	0.00034569	0.00040703	0.0028924	0.037092	0.019234	8.5917e-06	0.00023856	0.0086897	0.00019294	0.97195	0.00057522	0.00063515	0.002809	0.013381	0.00041088	1.0543e-06	0.00026228	0.00040894	
7.576e-05	0.00034876	0.00041071	0.0029001	0.037073	0.019282	9.5554e-06	0.00024114	0.0086905	0.00019583	0.97122	0.00057776	0.00063812	0.0028139	0.013387	0.00041423	1.2028e-06	0.00026483	0.00041171	
7.7397e-05	0.0003518	0.00041427	0.0029068	0.037055	0.019332	1.0446e-05	0.0002437	0.0086913	0.00019898	0.97046	0.0005802	0.00064089	0.0028188	0.013392	0.00041751	1.4721e-06	0.00026735	0.0004144	
