
Before deleting alignment gaps
      8    447

Acinonyx_jubatus                ATG CCA TTG CCT CTG GGG AAA CGG GTC TTT TTT TCC AGT GNA GTG GTC AGT GGG AGC TGT GCC CTT ACA TAT TAC CTT ATA CAA AAA GCT TTT TTT CAG GGC --- --- --- --- --- --- --- TTC CTA TTA CGA GCT GGT ATT GGA GCA GCT GCA CAG CCA CCC NGA GTC CCT --- --- --- --- --- --- GGA AGC TCT GTG CAC TCC TCT CAA CAT CCA CTA TCT ACA CTT CAC NAA CAA GTA CAA CTT TGT GGA TAT TGC CAG TAC CCA GTN GAA GAT TCC TGT CTC TGG ATT CAA GTC AGA GGG CCA TCT CTA TGT CAG CTC ATC CAG AGA TGC CCC CTT TCA GAG ATG GCA CCC TCA GGA TGT CTT CTN AAA TCT NAA GGA TGG TNA GCA TAT TCT TGT GTT CAA GTT CAG --- --- --- --- TAT GGC AGG --- --- --- 
Felis_catus                     ATG CCA TTG CCT CTG GGG AAA CGG GTC CTT TTT TCC AGT GNA GTG GTC AGT GGG AGC TGT GTC CTT ACA TAT TAC CTT ATA CAA AAA GCT --- TTT TCC AGG GCT TCC TAT TAC GAG CTG GTA TTG GAG CAG CTG CAC AGC CAC CCN GAG TCC CTG GAA GCT CTG TGC ACT CCT CTC AAC ATC CAC TAT CTA CAC CTC ACN GAC AAG TAC AAC TTT GTG GAT ATT GCC AGT ACC CAG TNG AAG ATT CCT GTC TCT GGA TTC AAG --- --- --- --- TCA GAG GGC CAT CTC TAT GTC --- --- --- AGC TCA TCC AGA GAT GCC CCC TTT CAG AGA TGG CAC CCT CAG GAT GTC --- --- --- --- --- TTC TNA AAT CTN AAG GAT GGT NAG CAG ATT CCT GTG TTC AAG TTC AGT --- --- --- --- ATG GAC AGG --- --- --- 
Lynx_canadensis                 ATG CCA TTG CCT CTG GGG AAA CGG GTC CTT TTT TCC AGT GNA GTG GTC AGT GGG AGC TGT GCC CTT ACA TAT TAC CTT ATA CAA AAA GCT --- TTT TCC AGG GCT TCC TAT TAC GAG CTG GTA TTG GAG CAG CTG CAC AGC CAC CCN GAG TCC CTG GAA GCT CTG TGC ACT CCT CTC AAC ATC CAC TAT CTA CAC CTC ACN GAC AAG TAC AAC TTT GTG GAT ATT GCC AGT ACC CAG TNG AAG ATT CCT GTC TCT GGA TTC AAG --- --- --- --- TCA GAG GGC CAT CTC TAT GTC --- --- --- AGC TCA ACC AGA GAT GCC CCC TTT CAG AGA TGG CAC CCT CAG GAT GTC --- --- --- --- --- TTC TTA AAT CTC AAG GAT GGT NAG CAT ATT CTT GTG TTC AAG TTC AGT --- --- --- --- ATG GAC AGG --- --- --- 
Panthera_pardus                 ATG CCA TTG CCT CTG GGG AAA CGG GTC CTT TTT TCC AGT GNA GTG GTC AGT GGG AGC TGT GCC CTT ACA TAT TAC CTT ATA CAA AAA GCT --- TTT TCC AGG GCT TCC TAT TAC GAG CTG GTA TTG GAG CAG CTG CAC AGC CAC CCN GAG TCC CTG GAA GCT CTG TGC ACT CCT CTC AAC ATC CAC TAT CTA CAC CTC ACN GAC AAG TAC AAC TTC GTG GAT ATT GCC AGT ACC CAG TNG AAG ATT CCT GTC TCT GGA TTC AAG --- --- --- --- TCA GAG GGC CAT CTC TAT GTC --- --- --- AGC TCA TCC AGA GAT CCC CCC TTT CAG AGA TGG CAC CTT CAG GAT GTC --- --- --- --- --- TTC TNA AAT CTC AAG GAT GGT NAG CAT ATT CTT GTG TTC AAG TTC AGT --- --- --- --- ATG GAC AGG --- --- --- 
Panthera_leo                    ATG CCA TTG CCT CTG GGG AAA CGG GTC CTT TTT TCC AGT GNA GTG GTC AGT GGG AGC TGT GCC CTT ACA TAT TAC CTT ATA CAA AAA GCT --- TTT TCC AGG GCT TCC TAT TAC GAG CTG GTA TTG GAG CAG CTG CAC AGC CAC CCN GAG TCC CTG GAA GCT CTG TGC ACT CCT CTC AAC ATC CAC TAT CTA CAC CTC ACN GAC AAG TAC AAC TTC GTG GAT ATT GCC AGT ACC CAG TNG AAG ATT CCT GTC TCT GGA TTC AAG --- --- --- --- TCA GAG GGC CAT CTC TAT GTC --- --- --- AGC TCA TCC AGA GAT GCC CCC TTT CAG AGA TGG CAC CTT CAG GAT GTC --- --- --- --- --- TTC TNA AAT CTC AAG GAT GGT NAG CAT ATT CTT GTG TTC AAG TTC AGT --- --- --- --- ATG GAC AGG --- --- --- 
Panthera_tigris                 ATG CCA TTG CCT CTG GGG AAA CGG GTC CTT TTT TCC AGT GNA GTG GTC AGT GGG AGC TGT GCC CTT ACA TAT TAC CTT ATA CAA AAA GCT --- TTT TCC AGG GCT TCC TAT TAC GAG CTG GTA TTG GAG CAG CTG CAC AGC CAC CCN GAG TCC CTG GAA GCT CTG TGC ACT CCT CTC AAC ATC AAC TAT CTA CAC CTC ACN GAC AAG TAC AAC TTC GTG GAT ATT GCC AGT ACC CAG TNG AAG ATT CCT GTC TCT GGA TTC AAG --- --- --- --- TCA GAG GGC CAT CTC TAT GTC --- --- --- AGC TCA TCC AGA GAT GCC CCC TTT CAG AGA TGG CAC CTT CAG GAT GTC --- --- --- --- --- TTC TNA AAT CTC AAG GAT GGT NAG CAT ATT CTT GTG TTC AAG TTC AGT --- --- --- --- ATG GAC AGG --- --- --- 
Puma_concolor                   ATG CCA TTG CCT CTG GGG AAA CGG GTG CTT TTT TCC AGT GNA GTG GTC AGT GGG AGC TGT GCC CTT ACA TAT TAC CTT ATA CAA AAA GCT --- TTT TCC AGG GCT TCC TAT TAC GAG CTG GTA TTG GAG CAG CTG CAC AGC CAC CCN GAG TCC CTG GAA GCT CTG TGC ACT CCT CTC AAC ATC CAC TAT CTA CAC CTC ACN GAC AAG TAC AAC TTT GTG GAT ATT GCC AGT ACC CAG TNG AAG ATT CCT GTC TCT GGA TTC AAG --- --- --- --- TCA GAG GGC CAT CTC TAT GTC --- --- --- AAC TCA TCC AGA GAT GCC CCC TTT CAG AGA TGG CAC CCT CAG GAT GTC --- --- --- --- --- TTC TNA AAT CTN AAG GAT GGT NAG CAT ATT CTT GTG TTC AAG TTC AGT --- --- --- --- ATG GAC AGG --- --- --- 
Suricata_suricatta              ATG CCA TTG TCT CTG GGG AAA CTG GTC CTC TTT TCC AGT ANA GTG GTC AGN GAG AGC TGT GCC CTT ACA TAT TAC TNA AAC AAA AAG CTT --- TTT CCA GGG --- --- --- --- --- --- --- CTT CCT ATT ACN AGC NGA CAT GGA AGC AGC TGC ACA GCC ACC CNG AGT CCC TGG AAG CTC TGT GCA CTT CTC TCA ACG TCC ACT ATC TCC ACG TCA CNG ACA AGT ACA ACT TCG TGG ATA TTG CCA ATA CCC AGC NGA AGA TTC CTG GCT TTG GAT CCA AGT CAG AGG GCT ATC --- --- --- AGC TCA TTC AGG GAT GCC CCC TTT CAG AGA NGA TAC CTT CAG GAG GCC --- --- --- --- --- TTC TNA AAT CTC AAG GAT GGT CAG CAG ATT CCT GTG TTC AAG TTC AGN AGG GAC ACA GAN GAN GAC GNA GAA AAG GAA 



After deleting gaps. 291 sites
      8    291

Acinonyx_jubatus                ATG CCA TTG CCT CTG GGG AAA CGG GTC TTT TTT TCC AGT GTG GTC GGG AGC TGT GCC CTT ACA TAT TAC ATA CAA AAA GCT TTT CAG GGC TTC CTA TTA GCT ATT GCA GCT GCA CAG CCA CCC GTC CCT GGA AGC GTG CAC TCC TCT CAA CAT CTA TCT ACA CTT CAC CAA GTA CAA CTT TGT GGA TGC GAA GAT TCC TGT CTC TGG ATT GGG CCA TCT CTA TGT CAG CTC ATC CAG AGA CCC CTT TCA GAG ATG CTT AAA GGA TGG GCA TAT TCT TGT GTT CAA GTT GGC 
Felis_catus                     ATG CCA TTG CCT CTG GGG AAA CGG GTC CTT TTT TCC AGT GTG GTC GGG AGC TGT GTC CTT ACA TAT TAC ATA CAA AAA GCT TTT TCC AGG TTG GAG CAG CAC CAC GAG TCC CTG GAA GCT CTG ACT CCT CAC CTC GAC AAG TAC AAC TTT GTG ATT GCC AGT ACC CAG AAG ATT CCT GTC TCT GGA AAG TCA GAG GGC CAT CTC TAT GTC AGC TCA TCC AGA GAT GCC CCC TTT CAG AGA CAC CCT CAG GAT GTC TTC AAT GAT GGT CAG ATT CCT GTG TTC AAG TTC GAC 
Lynx_canadensis                 ATG CCA TTG CCT CTG GGG AAA CGG GTC CTT TTT TCC AGT GTG GTC GGG AGC TGT GCC CTT ACA TAT TAC ATA CAA AAA GCT TTT TCC AGG TTG GAG CAG CAC CAC GAG TCC CTG GAA GCT CTG ACT CCT CAC CTC GAC AAG TAC AAC TTT GTG ATT GCC AGT ACC CAG AAG ATT CCT GTC TCT GGA AAG TCA GAG GGC CAT CTC TAT GTC AGC TCA ACC AGA GAT GCC CCC TTT CAG AGA CAC CCT CAG GAT GTC TTC AAT GAT GGT CAT ATT CTT GTG TTC AAG TTC GAC 
Panthera_pardus                 ATG CCA TTG CCT CTG GGG AAA CGG GTC CTT TTT TCC AGT GTG GTC GGG AGC TGT GCC CTT ACA TAT TAC ATA CAA AAA GCT TTT TCC AGG TTG GAG CAG CAC CAC GAG TCC CTG GAA GCT CTG ACT CCT CAC CTC GAC AAG TAC AAC TTC GTG ATT GCC AGT ACC CAG AAG ATT CCT GTC TCT GGA AAG TCA GAG GGC CAT CTC TAT GTC AGC TCA TCC AGA GAT CCC CCC TTT CAG AGA CAC CTT CAG GAT GTC TTC AAT GAT GGT CAT ATT CTT GTG TTC AAG TTC GAC 
Panthera_leo                    ATG CCA TTG CCT CTG GGG AAA CGG GTC CTT TTT TCC AGT GTG GTC GGG AGC TGT GCC CTT ACA TAT TAC ATA CAA AAA GCT TTT TCC AGG TTG GAG CAG CAC CAC GAG TCC CTG GAA GCT CTG ACT CCT CAC CTC GAC AAG TAC AAC TTC GTG ATT GCC AGT ACC CAG AAG ATT CCT GTC TCT GGA AAG TCA GAG GGC CAT CTC TAT GTC AGC TCA TCC AGA GAT GCC CCC TTT CAG AGA CAC CTT CAG GAT GTC TTC AAT GAT GGT CAT ATT CTT GTG TTC AAG TTC GAC 
Panthera_tigris                 ATG CCA TTG CCT CTG GGG AAA CGG GTC CTT TTT TCC AGT GTG GTC GGG AGC TGT GCC CTT ACA TAT TAC ATA CAA AAA GCT TTT TCC AGG TTG GAG CAG CAC CAC GAG TCC CTG GAA GCT CTG ACT CCT CAC CTC GAC AAG TAC AAC TTC GTG ATT GCC AGT ACC CAG AAG ATT CCT GTC TCT GGA AAG TCA GAG GGC CAT CTC TAT GTC AGC TCA TCC AGA GAT GCC CCC TTT CAG AGA CAC CTT CAG GAT GTC TTC AAT GAT GGT CAT ATT CTT GTG TTC AAG TTC GAC 
Puma_concolor                   ATG CCA TTG CCT CTG GGG AAA CGG GTG CTT TTT TCC AGT GTG GTC GGG AGC TGT GCC CTT ACA TAT TAC ATA CAA AAA GCT TTT TCC AGG TTG GAG CAG CAC CAC GAG TCC CTG GAA GCT CTG ACT CCT CAC CTC GAC AAG TAC AAC TTT GTG ATT GCC AGT ACC CAG AAG ATT CCT GTC TCT GGA AAG TCA GAG GGC CAT CTC TAT GTC AAC TCA TCC AGA GAT GCC CCC TTT CAG AGA CAC CCT CAG GAT GTC TTC AAT GAT GGT CAT ATT CTT GTG TTC AAG TTC GAC 
Suricata_suricatta              ATG CCA TTG TCT CTG GGG AAA CTG GTC CTC TTT TCC AGT GTG GTC GAG AGC TGT GCC CTT ACA TAT TAC AAC AAA AAG CTT TTT CCA GGG CTT CCT ATT AGC CAT AGC AGC TGC ACA GCC ACC AGT CCC CTC TCA TCC ACT ATC TCC ACG TCA ACA AGT ACA ACT TCG ATA TTG CCA ATA CCC AGC AGA GAT CCA AGT CAG AGG GCT ATC AGC TCA TTC AGG GAT GCC CCC TTT CAG AGA TAC CTT CAG GAG GCC TTC AAT GAT GGT CAG ATT CCT GTG TTC AAG TTC GAC 



Printing out site pattern counts


         8        285  P

Acinonyx_jubatus                AAA AAA AAA ACA ACA AGA AGC AGC AGT ATA ATC ATG ATG ATT ATT CAA CAA CAA CAA CAA CAC CAC CAG CAG CAG CAG CAT CCA CCA CCA CCC CCC CCT CCT CGG CTA CTA CTA CTC CTC CTG CTT CTT CTT CTT CTT GAA GAG GAT GCA GCA GCA GCC GCT GCT GCT GGA GGA GGA GGC GGC GGG GGG GGG GTA GTC GTC GTC GTG GTG GTT TAC TAT TAT TCA TCC TCC TCC TCT TCT TCT TCT TGC TGG TGG TGT TGT TGT TGT TGT TTA TTC TTG TTT TTT 
Felis_catus                     ... ... ..T ... .GT ... ... CT. ... ... T.T ... G.C CAC G.C A.G A.G ... .CT TTT A.G ..G ... G.A GCC TCC GTG ... G.T T.. .A. .TG ... ... ... AG. A.T GAG .C. ... ... ACC .C. ... G.C T.C TC. ..T ..G CAG CTG .AG .T. CAC ... T.C CAC .AT ... A.G .A. A.C ... ... A.T ACT ... ... .AC ... T.C ... AT. ... CAG GG. .A. ... AAC C.. G.C ..C AAG G.T .AT CA. GA. GTG .C. ... CAG ..G ... C.. ... 
Lynx_canadensis                 ... ... ..T ... .GT ... ... CT. ... ... T.T ... G.C CAC G.C A.G A.G ... .CT TTT A.G ..G ... G.A GCC TCC GTG ... G.T T.. .A. .TG ... ... ... AG. A.T GAG .C. ... ... ACC .C. ... G.C T.C TC. ..T ..G CAT CTG .AG ... CAC ... T.C CAC .AT ... A.G .A. A.C ... ... A.T ACT ... ... .AC ... T.C ... AT. ... CAG GG. .A. ... AAC CT. G.C A.C AAG G.T .AT CA. GA. GTG .C. ... CAG ..G ... C.. ... 
Panthera_pardus                 ... ... ..T ... .GT ... ... CT. ... ... T.T ... G.C CAC G.C A.G A.G ... .CT TTC A.G ..G ... G.A .CC TCC GTG ... G.T T.. .A. .TG ... ... ... AG. A.T GAG .C. ... ... ACC ... ... G.C T.C TC. ..T ..G CAT CTG .AG ... CAC ... T.C CAC .AT ... A.G .A. A.C ... ... A.T ACT ... ... .AC ... T.C ... AT. ... CAG GG. .A. ... AAC CT. G.C ..C AAG G.T .AT CA. GA. GTG .C. ... CAG ..G ... C.. ... 
Panthera_leo                    ... ... ..T ... .GT ... ... CT. ... ... T.T ... G.C CAC G.C A.G A.G ... .CT TTC A.G ..G ... G.A GCC TCC GTG ... G.T T.. .A. .TG ... ... ... AG. A.T GAG .C. ... ... ACC ... ... G.C T.C TC. ..T ..G CAT CTG .AG ... CAC ... T.C CAC .AT ... A.G .A. A.C ... ... A.T ACT ... ... .AC ... T.C ... AT. ... CAG GG. .A. ... AAC CT. G.C ..C AAG G.T .AT CA. GA. GTG .C. ... CAG ..G ... C.. ... 
Panthera_tigris                 ... ... ..T ... .GT ... ... CT. ... ... T.T ... G.C CAC G.C A.G A.G ... .CT TTC A.G ..G ... G.A GCC TCC GTG ... G.T T.. .A. .TG ... ... ... AG. A.T GAG .C. ... ... ACC ... ... G.C T.C TC. ..T ..G CAT CTG .AG ... CAC ... T.C CAC .AT ... A.G .A. A.C ... ... A.T ACT ... ... .AC ... T.C ... AT. ... CAG GG. .A. ... AAC CT. G.C ..C AAG G.T .AT CA. GA. GTG .C. ... CAG ..G ... C.. ... 
Puma_concolor                   ... ... ..T ... .GT ... ... CT. ... ... T.T ... G.C CAC G.C A.G A.G ... .CT TTT A.G ..G ... G.A GCC TCC GTG ... G.T T.. .A. .TG ... ... ... AG. A.T GAG .C. ... ... ACC .C. ... G.C T.C TC. ..T ..G CAT CTG .AG ... CAC ... T.C CAC .AT ... A.G .A. AAC ... ... A.T ACT ... ..G .AC ... T.C ... AT. ... CAG GG. .A. ... AAC CT. G.C ..C AAG G.T .AT CA. GA. GTG .C. ... CAG ..G ... C.. ... 
Suricata_suricatta              ... ..G ..T ... ... ... ... TCA ... .AC T.T ... GCC CA. ..C A.G AT. A.. .C. ACG ACT TCG ... ACA GCC .CA TCA ... G.C T.. TA. A.. ..C T.. .T. AGG AC. .CT .C. AGG ... AC. ... ... A.A T.C ..T ... CCA CAG TGC AGC ... AGC CT. AGC CTC .AT A.C ..G .A. A.C .A. ... T.G AGT ... ... TCC ... T.C ... AT. ... CAG AGT AT. ... ..C C.. AG. .TC A.A G.T GCT CAG GA. GTG CCC ... A.T C.T ... C.C ... 

    1    1    1    1    1    1    1    1    1    1    1    1    1    1    1
    1    1    1    1    1    1    1    1    1    1    1    1    1    1    1
    1    1    1    1    1    1    1    1    1    1    1    1    1    1    1
    1    1    1    1    1    1    1    1    1    1    1    1    1    1    1
    1    1    1    1    1    1    1    1    1    1    2    1    1    1    1
    1    1    1    1    1    1    1    1    1    1    1    1    1    1    1
    1    1    1    1    2

CODONML (in paml version 4.9f, October 2017)  Feliformia_duplicated.aln
Model: free dN/dS Ratios for branches for branches, 
Codon frequency model: F3x4
ns =   8  ls =  97

Codon usage in sequences
--------------------------------------------------------------------------------------------------------------------------------------
Phe TTT   3   4   4   3   3   3 | Ser TCT   4   1   1   1   1   1 | Tyr TAT   2   2   2   2   2   2 | Cys TGT   5   1   1   1   1   1
    TTC   1   3   3   4   4   4 |     TCC   3   4   3   4   4   4 |     TAC   1   2   2   2   2   2 |     TGC   1   0   0   0   0   0
Leu TTA   1   0   0   0   0   0 |     TCA   1   2   2   2   2   2 | *** TAA   0   0   0   0   0   0 | *** TGA   0   0   0   0   0   0
    TTG   1   2   2   2   2   2 |     TCG   0   0   0   0   0   0 |     TAG   0   0   0   0   0   0 | Trp TGG   2   0   0   0   0   0
--------------------------------------------------------------------------------------------------------------------------------------
Leu CTT   5   2   3   4   4   4 | Pro CCT   2   5   4   3   3   3 | His CAT   1   1   2   2   2   2 | Arg CGT   0   0   0   0   0   0
    CTC   2   2   2   2   2   2 |     CCC   2   1   1   2   1   1 |     CAC   2   4   4   4   4   4 |     CGC   0   0   0   0   0   0
    CTA   3   0   0   0   0   0 |     CCA   3   1   1   1   1   1 | Gln CAA   5   1   1   1   1   1 |     CGA   0   0   0   0   0   0
    CTG   1   3   3   3   3   3 |     CCG   0   0   0   0   0   0 |     CAG   4   5   4   4   4   4 |     CGG   1   1   1   1   1   1
--------------------------------------------------------------------------------------------------------------------------------------
Ile ATT   2   3   3   3   3   3 | Thr ACT   0   1   1   1   1   1 | Asn AAT   0   1   1   1   1   1 | Ser AGT   1   2   2   2   2   2
    ATC   1   0   0   0   0   0 |     ACC   0   1   2   1   1   1 |     AAC   0   1   1   1   1   1 |     AGC   2   2   2   2   2   2
    ATA   1   1   1   1   1   1 |     ACA   2   1   1   1   1   1 | Lys AAA   3   2   2   2   2   2 | Arg AGA   1   2   2   2   2   2
Met ATG   2   1   1   1   1   1 |     ACG   0   0   0   0   0   0 |     AAG   0   4   4   4   4   4 |     AGG   0   1   1   1   1   1
--------------------------------------------------------------------------------------------------------------------------------------
Val GTT   2   0   0   0   0   0 | Ala GCT   3   2   2   2   2   2 | Asp GAT   1   3   3   3   3   3 | Gly GGT   0   1   1   1   1   1
    GTC   3   6   5   5   5   5 |     GCC   1   2   3   2   3   3 |     GAC   0   2   2   2   2   2 |     GGC   2   1   1   1   1   1
    GTA   1   0   0   0   0   0 |     GCA   3   0   0   0   0   0 | Glu GAA   1   1   1   1   1   1 |     GGA   3   1   1   1   1   1
    GTG   2   3   3   3   3   3 |     GCG   0   0   0   0   0   0 |     GAG   1   3   3   3   3   3 |     GGG   3   2   2   2   2   2
--------------------------------------------------------------------------------------------------------------------------------------

----------------------------------------------------------------------
Phe TTT   4   3 | Ser TCT   1   1 | Tyr TAT   2   1 | Cys TGT   1   1
    TTC   3   4 |     TCC   4   3 |     TAC   2   2 |     TGC   0   1
Leu TTA   0   0 |     TCA   2   3 | *** TAA   0   0 | *** TGA   0   0
    TTG   2   2 |     TCG   0   1 |     TAG   0   0 | Trp TGG   0   0
----------------------------------------------------------------------
Leu CTT   3   4 | Pro CCT   4   2 | His CAT   2   1 | Arg CGT   0   0
    CTC   2   2 |     CCC   1   3 |     CAC   4   0 |     CGC   0   0
    CTA   0   0 |     CCA   1   4 | Gln CAA   1   0 |     CGA   0   0
    CTG   3   2 |     CCG   0   0 |     CAG   4   4 |     CGG   1   0
----------------------------------------------------------------------
Ile ATT   3   2 | Thr ACT   1   2 | Asn AAT   1   1 | Ser AGT   2   4
    ATC   0   2 |     ACC   1   1 |     AAC   2   1 |     AGC   1   6
    ATA   1   2 |     ACA   1   4 | Lys AAA   2   2 | Arg AGA   2   2
Met ATG   1   1 |     ACG   0   1 |     AAG   4   2 |     AGG   1   2
----------------------------------------------------------------------
Val GTT   0   0 | Ala GCT   2   1 | Asp GAT   3   3 | Gly GGT   1   1
    GTC   4   2 |     GCC   3   4 |     GAC   2   1 |     GGC   1   0
    GTA   0   0 |     GCA   0   0 | Glu GAA   1   0 |     GGA   1   0
    GTG   4   2 |     GCG   0   0 |     GAG   3   2 |     GGG   2   2
----------------------------------------------------------------------

Codon position x base (3x4) table for each sequence.

#1: Acinonyx_jubatus
position  1:    T:0.25773    C:0.31959    A:0.15464    G:0.26804
position  2:    T:0.31959    C:0.24742    A:0.21649    G:0.21649
position  3:    T:0.31959    C:0.21649    A:0.28866    G:0.17526
Average         T:0.29897    C:0.26117    A:0.21993    G:0.21993

#2: Felis_catus    
position  1:    T:0.21649    C:0.26804    A:0.23711    G:0.27835
position  2:    T:0.30928    C:0.21649    A:0.32990    G:0.14433
position  3:    T:0.29897    C:0.31959    A:0.12371    G:0.25773
Average         T:0.27491    C:0.26804    A:0.23024    G:0.22680

#3: Lynx_canadensis
position  1:    T:0.20619    C:0.26804    A:0.24742    G:0.27835
position  2:    T:0.30928    C:0.21649    A:0.32990    G:0.14433
position  3:    T:0.30928    C:0.31959    A:0.12371    G:0.24742
Average         T:0.27491    C:0.26804    A:0.23368    G:0.22337

#4: Panthera_pardus
position  1:    T:0.21649    C:0.27835    A:0.23711    G:0.26804
position  2:    T:0.31959    C:0.20619    A:0.32990    G:0.14433
position  3:    T:0.29897    C:0.32990    A:0.12371    G:0.24742
Average         T:0.27835    C:0.27148    A:0.23024    G:0.21993

#5: Panthera_leo   
position  1:    T:0.21649    C:0.26804    A:0.23711    G:0.27835
position  2:    T:0.31959    C:0.20619    A:0.32990    G:0.14433
position  3:    T:0.29897    C:0.32990    A:0.12371    G:0.24742
Average         T:0.27835    C:0.26804    A:0.23024    G:0.22337

#6: Panthera_tigris
position  1:    T:0.21649    C:0.26804    A:0.23711    G:0.27835
position  2:    T:0.31959    C:0.20619    A:0.32990    G:0.14433
position  3:    T:0.29897    C:0.32990    A:0.12371    G:0.24742
Average         T:0.27835    C:0.26804    A:0.23024    G:0.22337

#7: Puma_concolor  
position  1:    T:0.21649    C:0.26804    A:0.23711    G:0.27835
position  2:    T:0.30928    C:0.21649    A:0.34021    G:0.13402
position  3:    T:0.30928    C:0.30928    A:0.12371    G:0.25773
Average         T:0.27835    C:0.26460    A:0.23368    G:0.22337

#8: Suricata_suricatta
position  1:    T:0.22680    C:0.22680    A:0.36082    G:0.18557
position  2:    T:0.28866    C:0.30928    A:0.20619    G:0.19588
position  3:    T:0.27835    C:0.32990    A:0.17526    G:0.21649
Average         T:0.26460    C:0.28866    A:0.24742    G:0.19931

Sums of codon usage counts
------------------------------------------------------------------------------
Phe F TTT      27 | Ser S TCT      11 | Tyr Y TAT      15 | Cys C TGT      12
      TTC      26 |       TCC      29 |       TAC      15 |       TGC       2
Leu L TTA       1 |       TCA      16 | *** * TAA       0 | *** * TGA       0
      TTG      15 |       TCG       1 |       TAG       0 | Trp W TGG       2
------------------------------------------------------------------------------
Leu L CTT      29 | Pro P CCT      26 | His H CAT      13 | Arg R CGT       0
      CTC      16 |       CCC      12 |       CAC      26 |       CGC       0
      CTA       3 |       CCA      13 | Gln Q CAA      11 |       CGA       0
      CTG      21 |       CCG       0 |       CAG      33 |       CGG       7
------------------------------------------------------------------------------
Ile I ATT      22 | Thr T ACT       8 | Asn N AAT       7 | Ser S AGT      17
      ATC       3 |       ACC       8 |       AAC       8 |       AGC      19
      ATA       9 |       ACA      12 | Lys K AAA      17 | Arg R AGA      15
Met M ATG       9 |       ACG       1 |       AAG      26 |       AGG       8
------------------------------------------------------------------------------
Val V GTT       2 | Ala A GCT      16 | Asp D GAT      22 | Gly G GGT       7
      GTC      35 |       GCC      21 |       GAC      13 |       GGC       8
      GTA       1 |       GCA       3 | Glu E GAA       7 |       GGA       9
      GTG      23 |       GCG       0 |       GAG      21 |       GGG      17
------------------------------------------------------------------------------


Codon position x base (3x4) table, overall

position  1:    T:0.22165    C:0.27062    A:0.24356    G:0.26418
position  2:    T:0.31186    C:0.22809    A:0.30155    G:0.15851
position  3:    T:0.30155    C:0.31057    A:0.15077    G:0.23711
Average         T:0.27835    C:0.26976    A:0.23196    G:0.21993

Codon frequencies under model, for use in evolver (TTT TTC TTA TTG ... GGG):
  0.02151545  0.02215908  0.01075773  0.01691813
  0.01573651  0.01620726  0.00786825  0.01237401
  0.02080420  0.02142654  0.00000000  0.00000000
  0.01093554  0.01126267  0.00000000  0.00859889
  0.02626886  0.02705468  0.01313443  0.02065586
  0.01921318  0.01978793  0.00960659  0.01510780
  0.02540047  0.02616032  0.01270024  0.01997302
  0.01335153  0.01375093  0.00667577  0.01049864
  0.02364198  0.02434922  0.01182099  0.01859027
  0.01729186  0.01780914  0.00864593  0.01359702
  0.02286042  0.02354428  0.01143021  0.01797572
  0.01201638  0.01237584  0.00600819  0.00944878
  0.02564341  0.02641053  0.01282171  0.02016405
  0.01875572  0.01931679  0.00937786  0.01474809
  0.02479570  0.02553745  0.01239785  0.01949747
  0.01303364  0.01342353  0.00651682  0.01024867


TREE #  1:  (8, ((6, (4, 5)), (((3, 2), 7), 1)));   MP score: 130
This is a rooted tree.  Please check!
lnL(ntime: 14  np: 29):  -1104.205979      +0.000000
   9..8     9..10   10..11   11..6    11..12   12..4    12..5    10..13   13..14   14..15   15..3    15..2    14..7    13..1  
 1.411456 0.116648 0.000004 0.000004 0.000004 0.010128 0.000004 0.000004 0.020985 0.000004 0.010142 0.030580 0.021074 2.273963 1.376201 1.045859 0.000100 0.000100 0.000100 0.000100 999.000000 0.000100 0.000100 0.302952 0.000100 999.000000 999.000000 0.300582 0.832979

Note: Branch length is defined as number of nucleotide substitutions per codon (not per neucleotide site).

tree length =  3.895000

(8: 1.411456, ((6: 0.000004, (4: 0.010128, 5: 0.000004): 0.000004): 0.000004, (((3: 0.010142, 2: 0.030580): 0.000004, 7: 0.021074): 0.020985, 1: 2.273963): 0.000004): 0.116648);

(Suricata_suricatta: 1.411456, ((Panthera_tigris: 0.000004, (Panthera_pardus: 0.010128, Panthera_leo: 0.000004): 0.000004): 0.000004, (((Lynx_canadensis: 0.010142, Felis_catus: 0.030580): 0.000004, Puma_concolor: 0.021074): 0.020985, Acinonyx_jubatus: 2.273963): 0.000004): 0.116648);

Detailed output identifying parameters

kappa (ts/tv) =  1.37620

w (dN/dS) for branches:  1.04586 0.00010 0.00010 0.00010 0.00010 999.00000 0.00010 0.00010 0.30295 0.00010 999.00000 999.00000 0.30058 0.83298

dN & dS for each branch

 branch          t       N       S   dN/dS      dN      dS  N*dN  S*dS

   9..8      1.411   219.7    71.3  1.0459  0.4756  0.4547 104.5  32.4
   9..10     0.117   219.7    71.3  0.0001  0.0000  0.1587   0.0  11.3
  10..11     0.000   219.7    71.3  0.0001  0.0000  0.0000   0.0   0.0
  11..6      0.000   219.7    71.3  0.0001  0.0000  0.0000   0.0   0.0
  11..12     0.000   219.7    71.3  0.0001  0.0000  0.0000   0.0   0.0
  12..4      0.010   219.7    71.3 999.0000  0.0045  0.0000   1.0   0.0
  12..5      0.000   219.7    71.3  0.0001  0.0000  0.0000   0.0   0.0
  10..13     0.000   219.7    71.3  0.0001  0.0000  0.0000   0.0   0.0
  13..14     0.021   219.7    71.3  0.3030  0.0045  0.0148   1.0   1.1
  14..15     0.000   219.7    71.3  0.0001  0.0000  0.0000   0.0   0.0
  15..3      0.010   219.7    71.3 999.0000  0.0045  0.0000   1.0   0.0
  15..2      0.031   219.7    71.3 999.0000  0.0135  0.0000   3.0   0.0
  14..7      0.021   219.7    71.3  0.3006  0.0045  0.0149   1.0   1.1
  13..1      2.274   219.7    71.3  0.8330  0.7225  0.8674 158.7  61.8

tree length for dN:       1.2295
tree length for dS:       1.5105

dS tree:
(Suricata_suricatta: 0.454740, ((Panthera_tigris: 0.000005, (Panthera_pardus: 0.000004, Panthera_leo: 0.000005): 0.000005): 0.000005, (((Lynx_canadensis: 0.000004, Felis_catus: 0.000014): 0.000005, Puma_concolor: 0.014884): 0.014766, Acinonyx_jubatus: 0.867361): 0.000005): 0.158652);
dN tree:
(Suricata_suricatta: 0.475595, ((Panthera_tigris: 0.000000, (Panthera_pardus: 0.004470, Panthera_leo: 0.000000): 0.000000): 0.000000, (((Lynx_canadensis: 0.004476, Felis_catus: 0.013497): 0.000000, Puma_concolor: 0.004474): 0.004473, Acinonyx_jubatus: 0.722494): 0.000000): 0.000016);

w ratios as labels for TreeView:
(Suricata_suricatta #1.04586 , ((Panthera_tigris #0.0001 , (Panthera_pardus #999 , Panthera_leo #0.0001 ) #0.0001 ) #0.0001 , (((Lynx_canadensis #999 , Felis_catus #999 ) #0.0001 , Puma_concolor #0.300582 ) #0.302952 , Acinonyx_jubatus #0.832979 ) #0.0001 ) #0.0001 );


Time used:  0:59
