
Loaded 'libv3/all-terms.bf' from /usr/local/lib/hyphy/TemplateBatchFiles/libv3/all-terms.bf
Loaded 'libv3/UtilityFunctions.bf' from /usr/local/lib/hyphy/TemplateBatchFiles/libv3/UtilityFunctions.bf
Loaded 'IOFunctions.bf' from /usr/local/lib/hyphy/TemplateBatchFiles/libv3/IOFunctions.bf
Already loaded 'libv3/UtilityFunctions.bf' from /usr/local/lib/hyphy/TemplateBatchFiles/libv3/UtilityFunctions.bf
Loaded 'convenience/regexp.bf' from /usr/local/lib/hyphy/TemplateBatchFiles/libv3/convenience/regexp.bf
Already loaded 'libv3/all-terms.bf' from /usr/local/lib/hyphy/TemplateBatchFiles/libv3/all-terms.bf
Already loaded 'libv3/IOFunctions.bf' from /usr/local/lib/hyphy/TemplateBatchFiles/libv3/IOFunctions.bf
Loaded 'libv3/models/codon/MG_REV.bf' from /usr/local/lib/hyphy/TemplateBatchFiles/libv3/models/codon/MG_REV.bf
Loaded '../codon.bf' from /usr/local/lib/hyphy/TemplateBatchFiles/libv3/models/codon.bf
Loaded '../tasks/genetic_code.bf' from /usr/local/lib/hyphy/TemplateBatchFiles/libv3/tasks/genetic_code.bf
Loaded 'libv3/convenience/matrix.bf' from /usr/local/lib/hyphy/TemplateBatchFiles/libv3/convenience/matrix.bf
Already loaded 'libv3/UtilityFunctions.bf' from /usr/local/lib/hyphy/TemplateBatchFiles/libv3/UtilityFunctions.bf
Already loaded 'libv3/all-terms.bf' from /usr/local/lib/hyphy/TemplateBatchFiles/libv3/all-terms.bf
Already loaded '../UtilityFunctions.bf' from /usr/local/lib/hyphy/TemplateBatchFiles/libv3/UtilityFunctions.bf
Loaded '../DNA.bf' from /usr/local/lib/hyphy/TemplateBatchFiles/libv3/models/DNA.bf
Loaded 'frequencies.bf' from /usr/local/lib/hyphy/TemplateBatchFiles/libv3/models/frequencies.bf
Already loaded '../all-terms.bf' from /usr/local/lib/hyphy/TemplateBatchFiles/libv3/all-terms.bf
Loaded 'parameters.bf' from /usr/local/lib/hyphy/TemplateBatchFiles/libv3/models/parameters.bf
Loaded 'GrabBag' from /usr/local/lib/hyphy/TemplateBatchFiles/Utility/GrabBag.bf
Overwritten previously defined function:'_sortStringsAux'
Already loaded 'libv3/all-terms.bf' from /usr/local/lib/hyphy/TemplateBatchFiles/libv3/all-terms.bf
Already loaded '../UtilityFunctions.bf' from /usr/local/lib/hyphy/TemplateBatchFiles/libv3/UtilityFunctions.bf
Loaded 'model_functions.bf' from /usr/local/lib/hyphy/TemplateBatchFiles/libv3/models/model_functions.bf
Already loaded 'DNA.bf' from /usr/local/lib/hyphy/TemplateBatchFiles/libv3/models/DNA.bf
Already loaded 'parameters.bf' from /usr/local/lib/hyphy/TemplateBatchFiles/libv3/models/parameters.bf
Already loaded 'frequencies.bf' from /usr/local/lib/hyphy/TemplateBatchFiles/libv3/models/frequencies.bf
Already loaded '../UtilityFunctions.bf' from /usr/local/lib/hyphy/TemplateBatchFiles/libv3/UtilityFunctions.bf
Already loaded '../convenience/regexp.bf' from /usr/local/lib/hyphy/TemplateBatchFiles/libv3/convenience/regexp.bf
Already loaded 'libv3/all-terms.bf' from /usr/local/lib/hyphy/TemplateBatchFiles/libv3/all-terms.bf
Already loaded '../parameters.bf' from /usr/local/lib/hyphy/TemplateBatchFiles/libv3/models/parameters.bf
Already loaded '../frequencies.bf' from /usr/local/lib/hyphy/TemplateBatchFiles/libv3/models/frequencies.bf
Already loaded '../../UtilityFunctions.bf' from /usr/local/lib/hyphy/TemplateBatchFiles/libv3/UtilityFunctions.bf
Loaded 'libv3/tasks/estimators.bf' from /usr/local/lib/hyphy/TemplateBatchFiles/libv3/tasks/estimators.bf
Already loaded '../models/model_functions.bf' from /usr/local/lib/hyphy/TemplateBatchFiles/libv3/models/model_functions.bf
Loaded '../models/DNA/GTR.bf' from /usr/local/lib/hyphy/TemplateBatchFiles/libv3/models/DNA/GTR.bf
Already loaded '../DNA.bf' from /usr/local/lib/hyphy/TemplateBatchFiles/libv3/models/DNA.bf
Already loaded '../parameters.bf' from /usr/local/lib/hyphy/TemplateBatchFiles/libv3/models/parameters.bf
Already loaded '../frequencies.bf' from /usr/local/lib/hyphy/TemplateBatchFiles/libv3/models/frequencies.bf
Already loaded '../../UtilityFunctions.bf' from /usr/local/lib/hyphy/TemplateBatchFiles/libv3/UtilityFunctions.bf
Already loaded 'libv3/all-terms.bf' from /usr/local/lib/hyphy/TemplateBatchFiles/libv3/all-terms.bf
Already loaded '../convenience/regexp.bf' from /usr/local/lib/hyphy/TemplateBatchFiles/libv3/convenience/regexp.bf
Already loaded 'libv3/all-terms.bf' from /usr/local/lib/hyphy/TemplateBatchFiles/libv3/all-terms.bf
Loaded 'libv3/tasks/alignments.bf' from /usr/local/lib/hyphy/TemplateBatchFiles/libv3/tasks/alignments.bf
Already loaded '../IOFunctions.bf' from /usr/local/lib/hyphy/TemplateBatchFiles/libv3/IOFunctions.bf
Already loaded '../all-terms.bf' from /usr/local/lib/hyphy/TemplateBatchFiles/libv3/all-terms.bf
Loaded 'libv3/tasks/trees.bf' from /usr/local/lib/hyphy/TemplateBatchFiles/libv3/tasks/trees.bf
Already loaded '../IOFunctions.bf' from /usr/local/lib/hyphy/TemplateBatchFiles/libv3/IOFunctions.bf
Already loaded '../all-terms.bf' from /usr/local/lib/hyphy/TemplateBatchFiles/libv3/all-terms.bf
Already loaded '../convenience/regexp.bf' from /usr/local/lib/hyphy/TemplateBatchFiles/libv3/convenience/regexp.bf
Already loaded '../UtilityFunctions.bf' from /usr/local/lib/hyphy/TemplateBatchFiles/libv3/UtilityFunctions.bf
Loaded 'TreeTools' from /usr/local/lib/hyphy/TemplateBatchFiles/TreeTools.ibf
Loaded 'modules/io_functions.ibf' from /usr/local/lib/hyphy/TemplateBatchFiles/SelectionAnalyses/modules/io_functions.ibf
Already loaded 'libv3/UtilityFunctions.bf' from /usr/local/lib/hyphy/TemplateBatchFiles/libv3/UtilityFunctions.bf
Already loaded 'libv3/IOFunctions.bf' from /usr/local/lib/hyphy/TemplateBatchFiles/libv3/IOFunctions.bf
Already loaded 'libv3/convenience/regexp.bf' from /usr/local/lib/hyphy/TemplateBatchFiles/libv3/convenience/regexp.bf
Already loaded 'libv3/all-terms.bf' from /usr/local/lib/hyphy/TemplateBatchFiles/libv3/all-terms.bf
Loaded 'modules/selection_lib.ibf' from /usr/local/lib/hyphy/TemplateBatchFiles/SelectionAnalyses/modules/selection_lib.ibf
Loaded 'libv3/models/codon/BS_REL.bf' from /usr/local/lib/hyphy/TemplateBatchFiles/libv3/models/codon/BS_REL.bf
Already loaded '../codon.bf' from /usr/local/lib/hyphy/TemplateBatchFiles/libv3/models/codon.bf
Already loaded '../DNA.bf' from /usr/local/lib/hyphy/TemplateBatchFiles/libv3/models/DNA.bf
Already loaded '../parameters.bf' from /usr/local/lib/hyphy/TemplateBatchFiles/libv3/models/parameters.bf
Already loaded '../frequencies.bf' from /usr/local/lib/hyphy/TemplateBatchFiles/libv3/models/frequencies.bf
Already loaded '../../UtilityFunctions.bf' from /usr/local/lib/hyphy/TemplateBatchFiles/libv3/UtilityFunctions.bf
Already loaded 'MG_REV.bf' from /usr/local/lib/hyphy/TemplateBatchFiles/libv3/models/codon/MG_REV.bf
Loaded '../../convenience/math.bf' from /usr/local/lib/hyphy/TemplateBatchFiles/libv3/convenience/math.bf
Already loaded 'libv3/UtilityFunctions.bf' from /usr/local/lib/hyphy/TemplateBatchFiles/libv3/UtilityFunctions.bf
Already loaded 'libv3/convenience/math.bf' from /usr/local/lib/hyphy/TemplateBatchFiles/libv3/convenience/math.bf
Loaded 'libv3/tasks/mpi.bf' from /usr/local/lib/hyphy/TemplateBatchFiles/libv3/tasks/mpi.bf
Already loaded '../all-terms.bf' from /usr/local/lib/hyphy/TemplateBatchFiles/libv3/all-terms.bf
Already loaded '../models/parameters.bf' from /usr/local/lib/hyphy/TemplateBatchFiles/libv3/models/parameters.bf
Variable 'NORMALIZE_SEQUENCE_NAMES' was not initialized prior to being used
Variable 'ASSUME_REVERSIBLE_MODELS' was not initialized prior to being used
Loaded 'modules/shared-load-file.bf' from /usr/local/lib/hyphy/TemplateBatchFiles/SelectionAnalyses/modules/shared-load-file.bf
Variable 'MARKDOWN_OUTPUT' was not initialized prior to being used
Already loaded 'libv3/convenience/matrix.bf' from /usr/local/lib/hyphy/TemplateBatchFiles/libv3/convenience/matrix.bf
Already loaded 'libv3/UtilityFunctions.bf' from /usr/local/lib/hyphy/TemplateBatchFiles/libv3/UtilityFunctions.bf
Variable 'wgIUsccV.skipCodeSelectionStep' was not initialized prior to being used
Row and/or column partition is empty. All the data will be used by default.
Variable 'NEXUS_FILE_TREE_MATRIX' was not initialized prior to being used
Variable 'utility.ToggleEnvVariable.cache' was not initialized prior to being used
Variable 'TREE_NODE_NAME_MAPPING' was not initialized prior to being used
Variable 'IlCPuJoF.PROMPT_FOR_FILE' was not initialized prior to being used
Variable 'END_OF_FILE' was not initialized prior to being used
Variable '_DO_TREE_REBALANCE_' was not initialized prior to being used
Variable '_KEEP_I_LABELS_' was not initialized prior to being used
Rooted topology. Removing one branch - the right root child has been promoted to be the new root
Variable 'INCLUDE_MODEL_SPECS' was not initialized prior to being used
Variable 'utility.ForEachPair.warn_non_rentrant' was not initialized prior to being used
Row and/or column partition is empty. All the data will be used by default.
Row and/or column partition is empty. All the data will be used by default.
Loaded 'modules/grid_compute.ibf' from /usr/local/lib/hyphy/TemplateBatchFiles/SelectionAnalyses/modules/grid_compute.ibf
Variable 'IIUM_YxK.cache' was not initialized prior to being used
Row and/or column partition is empty. All the data will be used by default.
Variable 'COUNT_GAPS_IN_FREQUENCIES' was not initialized prior to being used
Variable 'AmBhVSpU.model_pi' was not initialized prior to being used
Model AmBhVSpU.model assigned to Colinus_virginianus
Model AmBhVSpU.model assigned to Oxyura_jamaicensis
Model AmBhVSpU.model assigned to Cygnus_atratus
Model AmBhVSpU.model assigned to Anser_cygnoides
Model AmBhVSpU.model assigned to Node5
Model AmBhVSpU.model assigned to Node3
Model AmBhVSpU.model assigned to Aythya_fuligula
Model AmBhVSpU.model assigned to Anas_platyrhynchos
Model AmBhVSpU.model assigned to Node8
The tips of the tree:AmBhVSpU.tree_0 were matched with the species names from the data in the following numeric order (0-based) {0,2,1,3,4,5}

Pseudo-optimal path's cost 185 vs 265 for 1..k=> a 1.43243 x improvement
Partition 0 is ASSUMED to have a reversible model
Variable 'USE_LAST_RESULTS' was not initialized prior to being used
Variable 'AmBhVSpU.tree_0.Colinus_virginianus.t' was not initialized prior to being used
models.generic.SetBranchLength: AmBhVSpU.tree_0.Colinus_virginianus.t=213.0577751160313
Variable 'AmBhVSpU.tree_0.Oxyura_jamaicensis.t' was not initialized prior to being used
models.generic.SetBranchLength: AmBhVSpU.tree_0.Oxyura_jamaicensis.t=75.13582833423158
Variable 'AmBhVSpU.tree_0.Cygnus_atratus.t' was not initialized prior to being used
models.generic.SetBranchLength: AmBhVSpU.tree_0.Cygnus_atratus.t=54.03643587415387
Variable 'AmBhVSpU.tree_0.Anser_cygnoides.t' was not initialized prior to being used
models.generic.SetBranchLength: AmBhVSpU.tree_0.Anser_cygnoides.t=54.03643587415387
Variable 'AmBhVSpU.tree_0.Node5.t' was not initialized prior to being used
models.generic.SetBranchLength: AmBhVSpU.tree_0.Node5.t=21.09939246007769
Variable 'AmBhVSpU.tree_0.Node3.t' was not initialized prior to being used
models.generic.SetBranchLength: AmBhVSpU.tree_0.Node3.t=5.681454503788214
Variable 'AmBhVSpU.tree_0.Aythya_fuligula.t' was not initialized prior to being used
models.generic.SetBranchLength: AmBhVSpU.tree_0.Aythya_fuligula.t=41.19646987581798
Variable 'AmBhVSpU.tree_0.Anas_platyrhynchos.t' was not initialized prior to being used
models.generic.SetBranchLength: AmBhVSpU.tree_0.Anas_platyrhynchos.t=41.19646987581798
Variable 'AmBhVSpU.tree_0.Node8.t' was not initialized prior to being used
models.generic.SetBranchLength: AmBhVSpU.tree_0.Node8.t=39.62081298884887
Variable 'AmBhVSpU.AmBhVSpU.likelihoodFunction' was not initialized prior to being used
Variable 'SAVE_OPT_STATUS_TO' was not initialized prior to being used
Auto-benchmarked an optimal number (1) of threads.
Set GUI update interval to every 9615-th LF evaluation.
Optimization settings:
	OPTIMIZATION_METHOD = 4
	OPTIMIZATION_PRECISION = 0.001
	MAXIMUM_ITERATIONS_PER_VARIABLE = 5000

Initial parameter values

AmBhVSpU.model.theta_CT = 1
AmBhVSpU.model.theta_GT = 0.25
AmBhVSpU.model.theta_CG = 0.25
AmBhVSpU.model.theta_AC = 0.25
AmBhVSpU.model.theta_AT = 0.25
AmBhVSpU.tree_0.Colinus_virginianus.t = 213.058
AmBhVSpU.tree_0.Oxyura_jamaicensis.t = 75.1358
AmBhVSpU.tree_0.Cygnus_atratus.t = 54.0364
AmBhVSpU.tree_0.Anser_cygnoides.t = 54.0364
AmBhVSpU.tree_0.Node5.t = 21.0994
AmBhVSpU.tree_0.Node3.t = 5.68145
AmBhVSpU.tree_0.Aythya_fuligula.t = 41.1965
AmBhVSpU.tree_0.Anas_platyrhynchos.t = 41.1965
AmBhVSpU.tree_0.Node8.t = 39.6208
Site 16 evaluated to a 0 probability in ComputeLLWithBranchCache
Optimization finished in 25 loop passes.
1527 likelihood evaluation calls and 7801 matrix exponentiations calls were made

Variable 'BRANCH_LENGTH_STENCIL' was not initialized prior to being used
Variable 'AmBhVSpU.option' was not initialized prior to being used
Variable 'relax.terms.json.nucleotide_gtr' was not initialized prior to being used
Variable 'Unknown' was not initialized prior to being used
Variable 'jrIbmDoU.initial_value' was not initialized prior to being used
Variable 'kbeAAZHe.data_filter' was not initialized prior to being used
Row and/or column partition is empty. All the data will be used by default.
Auto-benchmarked an optimal number (2) of threads.
Set GUI update interval to every 4629-th LF evaluation.
Optimization settings:
	OPTIMIZATION_METHOD = 4
	OPTIMIZATION_PRECISION = 0.001
	MAXIMUM_ITERATIONS_PER_VARIABLE = 5000

Initial parameter values

frequencies._aux.CF3x4.p0_0 = 0.281775
frequencies._aux.CF3x4.p0_1 = 0.370618
frequencies._aux.CF3x4.p0_2 = 0.64191
frequencies._aux.CF3x4.p1_0 = 0.317746
frequencies._aux.CF3x4.p1_1 = 0.28471
frequencies._aux.CF3x4.p1_2 = 0.420147
frequencies._aux.CF3x4.p2_0 = 0.227818
frequencies._aux.CF3x4.p2_1 = 0.310559
frequencies._aux.CF3x4.p2_2 = 0.509009
Optimization finished in 6 loop passes.
185 likelihood evaluation calls and 0 matrix exponentiations calls were made

Variable 'kbeAAZHe.model_MGREV_pi' was not initialized prior to being used
Model kbeAAZHe.model_MGREV assigned to Colinus_virginianus
Model kbeAAZHe.model_MGREV assigned to Oxyura_jamaicensis
Model kbeAAZHe.model_MGREV assigned to Cygnus_atratus
Model kbeAAZHe.model_MGREV assigned to Anser_cygnoides
Model kbeAAZHe.model_MGREV assigned to Node5
Model kbeAAZHe.model_MGREV assigned to Node3
Model kbeAAZHe.model_MGREV assigned to Aythya_fuligula
Model kbeAAZHe.model_MGREV assigned to Anas_platyrhynchos
Model kbeAAZHe.model_MGREV assigned to Node8
The tips of the tree:kbeAAZHe.tree_0 were matched with the species names from the data in the following numeric order (0-based) {0,2,1,3,4,5}

Pseudo-optimal path's cost 685 vs 877 for 1..k=> a 1.28029 x improvement
Partition 0 is ASSUMED to have a reversible model
Variable 'kbeAAZHe.kbeAAZHe.likelihoodFunction' was not initialized prior to being used
Variable 'kbeAAZHe.tree_0.Colinus_virginianus.alpha' was not initialized prior to being used
Variable 'kbeAAZHe.tree_0.Oxyura_jamaicensis.alpha' was not initialized prior to being used
Variable 'kbeAAZHe.tree_0.Cygnus_atratus.alpha' was not initialized prior to being used
Variable 'kbeAAZHe.tree_0.Anser_cygnoides.alpha' was not initialized prior to being used
Variable 'kbeAAZHe.tree_0.Node5.alpha' was not initialized prior to being used
Variable 'kbeAAZHe.tree_0.Node3.alpha' was not initialized prior to being used
Variable 'kbeAAZHe.tree_0.Aythya_fuligula.alpha' was not initialized prior to being used
Variable 'kbeAAZHe.tree_0.Anas_platyrhynchos.alpha' was not initialized prior to being used
Variable 'kbeAAZHe.tree_0.Node8.alpha' was not initialized prior to being used
Site 21 evaluated to a 0 probability in ComputeTreeBlockByBranch
Site 28 evaluated to a 0 probability in ComputeTreeBlockByBranch
Site 21 evaluated to a 0 probability in ComputeTreeBlockByBranch
Site 71 evaluated to a 0 probability in ComputeTreeBlockByBranch
Site 39 evaluated to a 0 probability in ComputeTreeBlockByBranch
Site 21 evaluated to a 0 probability in ComputeTreeBlockByBranch
Site 94 evaluated to a 0 probability in ComputeTreeBlockByBranch
Site 40 evaluated to a 0 probability in ComputeTreeBlockByBranch
Site 28 evaluated to a 0 probability in ComputeTreeBlockByBranch
Site 21 evaluated to a 0 probability in ComputeTreeBlockByBranch
Site 89 evaluated to a 0 probability in ComputeTreeBlockByBranch
Site 21 evaluated to a 0 probability in ComputeTreeBlockByBranch
Site 73 evaluated to a 0 probability in ComputeTreeBlockByBranch
Site 95 evaluated to a 0 probability in ComputeTreeBlockByBranch
Site 51 evaluated to a 0 probability in ComputeTreeBlockByBranch
Site 28 evaluated to a 0 probability in ComputeTreeBlockByBranch
Site 39 evaluated to a 0 probability in ComputeTreeBlockByBranch
Site 96 evaluated to a 0 probability in ComputeTreeBlockByBranch
Site 71 evaluated to a 0 probability in ComputeTreeBlockByBranch
Site 21 evaluated to a 0 probability in ComputeTreeBlockByBranch
Site 45 evaluated to a 0 probability in ComputeTreeBlockByBranch
Auto-benchmarked an optimal number (5) of threads.
Set GUI update interval to every 1028-th LF evaluation.
Initial guess for kbeAAZHe.tree_0.Node3.alpha is 1.91587e-06
Initial guess for kbeAAZHe.tree_0.Oxyura_jamaicensis.alpha is 0.000174481
Initial guess for kbeAAZHe.tree_0.Node5.alpha is 7.66738e-06
Initial guess for kbeAAZHe.tree_0.Cygnus_atratus.alpha is 2.68392e-05
Initial guess for kbeAAZHe.tree_0.Anser_cygnoides.alpha is 4.79221e-06
Initial guess for kbeAAZHe.tree_0.Node8.alpha is 2.10895e-05
Initial guess for kbeAAZHe.tree_0.Aythya_fuligula.alpha is 1.05436e-05
Initial guess for kbeAAZHe.tree_0.Anas_platyrhynchos.alpha is 6.70874e-06
Optimization settings:
	OPTIMIZATION_METHOD = 4
	OPTIMIZATION_PRECISION = 0.001
	MAXIMUM_ITERATIONS_PER_VARIABLE = 5000

Initial parameter values

kbeAAZHe.model_MGREV.theta_GT = 1
kbeAAZHe.model_MGREV.theta_CT = 1
kbeAAZHe.model_MGREV.theta_AC = 1
kbeAAZHe.model_MGREV.theta_CG = 1
kbeAAZHe.model_MGREV.theta_AT = 1
kbeAAZHe.model_MGREV.omega_0 = 1
kbeAAZHe.tree_0.Colinus_virginianus.alpha = 0.1
kbeAAZHe.tree_0.Oxyura_jamaicensis.alpha = 0.000174481
kbeAAZHe.tree_0.Cygnus_atratus.alpha = 2.68392e-05
kbeAAZHe.tree_0.Anser_cygnoides.alpha = 4.79221e-06
kbeAAZHe.tree_0.Node5.alpha = 7.66738e-06
kbeAAZHe.tree_0.Node3.alpha = 1.91587e-06
kbeAAZHe.tree_0.Aythya_fuligula.alpha = 1.05436e-05
kbeAAZHe.tree_0.Anas_platyrhynchos.alpha = 6.70874e-06
kbeAAZHe.tree_0.Node8.alpha = 2.10895e-05
kbeAAZHe.model_MGREV.omega_1 = 1
Failing bound checks on kbeAAZHe.tree_0.Node3.beta =         10002.12256600353
Optimization finished in 20 loop passes.
1246 likelihood evaluation calls and 6238 matrix exponentiations calls were made

Row and/or column partition is empty. All the data will be used by default.
Auto-benchmarked an optimal number (3) of threads.
Set GUI update interval to every 4629-th LF evaluation.
Optimization settings:
	OPTIMIZATION_METHOD = 4
	OPTIMIZATION_PRECISION = 0.001
	MAXIMUM_ITERATIONS_PER_VARIABLE = 5000

Initial parameter values

frequencies._aux.CF3x4.p0_0 = 0.281775
frequencies._aux.CF3x4.p0_1 = 0.370618
frequencies._aux.CF3x4.p0_2 = 0.64191
frequencies._aux.CF3x4.p1_0 = 0.317746
frequencies._aux.CF3x4.p1_1 = 0.28471
frequencies._aux.CF3x4.p1_2 = 0.420147
frequencies._aux.CF3x4.p2_0 = 0.227818
frequencies._aux.CF3x4.p2_1 = 0.310559
frequencies._aux.CF3x4.p2_2 = 0.509009
Optimization finished in 6 loop passes.
186 likelihood evaluation calls and 0 matrix exponentiations calls were made

Variable 'kbeAAZHe.model_MGREV_pi' was not initialized prior to being used
Model kbeAAZHe.model_MGREV assigned to Colinus_virginianus
Model kbeAAZHe.model_MGREV assigned to Oxyura_jamaicensis
Model kbeAAZHe.model_MGREV assigned to Cygnus_atratus
Model kbeAAZHe.model_MGREV assigned to Anser_cygnoides
Model kbeAAZHe.model_MGREV assigned to Node5
Model kbeAAZHe.model_MGREV assigned to Node3
Model kbeAAZHe.model_MGREV assigned to Aythya_fuligula
Model kbeAAZHe.model_MGREV assigned to Anas_platyrhynchos
Model kbeAAZHe.model_MGREV assigned to Node8
The tips of the tree:kbeAAZHe.tree_0 were matched with the species names from the data in the following numeric order (0-based) {0,2,1,3,4,5}

Pseudo-optimal path's cost 685 vs 877 for 1..k=> a 1.28029 x improvement
Partition 0 is ASSUMED to have a reversible model
Variable 'kbeAAZHe.tree_0.Aythya_fuligula.alpha' was not initialized prior to being used
Variable 'kbeAAZHe.tree_0.Node3.alpha' was not initialized prior to being used
Variable 'kbeAAZHe.tree_0.Anas_platyrhynchos.alpha' was not initialized prior to being used
Variable 'kbeAAZHe.tree_0.Node5.alpha' was not initialized prior to being used
Variable 'kbeAAZHe.tree_0.Anser_cygnoides.alpha' was not initialized prior to being used
Variable 'kbeAAZHe.tree_0.Cygnus_atratus.alpha' was not initialized prior to being used
Variable 'kbeAAZHe.tree_0.Colinus_virginianus.alpha' was not initialized prior to being used
Variable 'kbeAAZHe.tree_0.Oxyura_jamaicensis.alpha' was not initialized prior to being used
Variable 'kbeAAZHe.tree_0.Node8.alpha' was not initialized prior to being used
Site 21 evaluated to a 0 probability in ComputeTreeBlockByBranch
Site 28 evaluated to a 0 probability in ComputeTreeBlockByBranch
Site 21 evaluated to a 0 probability in ComputeTreeBlockByBranch
Site 71 evaluated to a 0 probability in ComputeTreeBlockByBranch
Site 39 evaluated to a 0 probability in ComputeTreeBlockByBranch
Site 21 evaluated to a 0 probability in ComputeTreeBlockByBranch
Site 94 evaluated to a 0 probability in ComputeTreeBlockByBranch
Site 28 evaluated to a 0 probability in ComputeTreeBlockByBranch
Site 40 evaluated to a 0 probability in ComputeTreeBlockByBranch
Site 21 evaluated to a 0 probability in ComputeTreeBlockByBranch
Site 21 evaluated to a 0 probability in ComputeTreeBlockByBranch
Site 95 evaluated to a 0 probability in ComputeTreeBlockByBranch
Site 89 evaluated to a 0 probability in ComputeTreeBlockByBranch
Site 73 evaluated to a 0 probability in ComputeTreeBlockByBranch
Site 51 evaluated to a 0 probability in ComputeTreeBlockByBranch
Auto-benchmarked an optimal number (4) of threads.
Set GUI update interval to every 1182-th LF evaluation.
Initial guess for kbeAAZHe.tree_0.Node3.alpha is 1.91587e-06
Initial guess for kbeAAZHe.tree_0.Oxyura_jamaicensis.alpha is 0.000174481
Initial guess for kbeAAZHe.tree_0.Node5.alpha is 7.66738e-06
Initial guess for kbeAAZHe.tree_0.Cygnus_atratus.alpha is 2.68392e-05
Initial guess for kbeAAZHe.tree_0.Anser_cygnoides.alpha is 4.79221e-06
Initial guess for kbeAAZHe.tree_0.Node8.alpha is 2.10895e-05
Initial guess for kbeAAZHe.tree_0.Aythya_fuligula.alpha is 1.05436e-05
Initial guess for kbeAAZHe.tree_0.Anas_platyrhynchos.alpha is 6.70874e-06
Optimization settings:
	OPTIMIZATION_METHOD = 4
	OPTIMIZATION_PRECISION = 0.001
	MAXIMUM_ITERATIONS_PER_VARIABLE = 5000

Initial parameter values

kbeAAZHe.model_MGREV.theta_CG = 1
kbeAAZHe.model_MGREV.theta_CT = 1
kbeAAZHe.model_MGREV.theta_GT = 1
kbeAAZHe.model_MGREV.theta_AT = 1
kbeAAZHe.model_MGREV.theta_AC = 1
kbeAAZHe.model_MGREV.omega_0 = 1
kbeAAZHe.tree_0.Colinus_virginianus.alpha = 0.1
kbeAAZHe.tree_0.Oxyura_jamaicensis.alpha = 0.000174481
kbeAAZHe.tree_0.Cygnus_atratus.alpha = 2.68392e-05
kbeAAZHe.tree_0.Anser_cygnoides.alpha = 4.79221e-06
kbeAAZHe.tree_0.Node5.alpha = 7.66738e-06
kbeAAZHe.tree_0.Node3.alpha = 1.91587e-06
kbeAAZHe.tree_0.Aythya_fuligula.alpha = 1.05436e-05
kbeAAZHe.tree_0.Anas_platyrhynchos.alpha = 6.70874e-06
kbeAAZHe.tree_0.Node8.alpha = 2.10895e-05
kbeAAZHe.model_MGREV.omega_1 = 1
Failing bound checks on kbeAAZHe.tree_0.Node3.beta =         10002.12256600353
Optimization finished in 23 loop passes.
1239 likelihood evaluation calls and 6500 matrix exponentiations calls were made

Overwritten previously defined function:'OiIyklGE.rate_generator'
Overwritten previously defined function:'OiIyklGE.rate_generator'
Auto-benchmarked an optimal number (3) of threads.
Set GUI update interval to every 4587-th LF evaluation.
Optimization settings:
	OPTIMIZATION_METHOD = 4
	OPTIMIZATION_PRECISION = 0.001
	MAXIMUM_ITERATIONS_PER_VARIABLE = 5000

Initial parameter values

frequencies._aux.CF3x4.p0_0 = 0.281775
frequencies._aux.CF3x4.p0_1 = 0.370618
frequencies._aux.CF3x4.p0_2 = 0.64191
frequencies._aux.CF3x4.p1_0 = 0.317746
frequencies._aux.CF3x4.p1_1 = 0.28471
frequencies._aux.CF3x4.p1_2 = 0.420147
frequencies._aux.CF3x4.p2_0 = 0.227818
frequencies._aux.CF3x4.p2_1 = 0.310559
frequencies._aux.CF3x4.p2_2 = 0.509009
Optimization finished in 6 loop passes.
186 likelihood evaluation calls and 0 matrix exponentiations calls were made

Variable 'relax.test_pi' was not initialized prior to being used
Overwritten previously defined function:'OiIyklGE.rate_generator'
Overwritten previously defined function:'OiIyklGE.rate_generator'
Overwritten previously defined function:'OiIyklGE.rate_generator'
Auto-benchmarked an optimal number (3) of threads.
Set GUI update interval to every 4545-th LF evaluation.
Optimization settings:
	OPTIMIZATION_METHOD = 4
	OPTIMIZATION_PRECISION = 0.001
	MAXIMUM_ITERATIONS_PER_VARIABLE = 5000

Initial parameter values

frequencies._aux.CF3x4.p0_0 = 0.281775
frequencies._aux.CF3x4.p0_1 = 0.370618
frequencies._aux.CF3x4.p0_2 = 0.64191
frequencies._aux.CF3x4.p1_0 = 0.317746
frequencies._aux.CF3x4.p1_1 = 0.28471
frequencies._aux.CF3x4.p1_2 = 0.420147
frequencies._aux.CF3x4.p2_0 = 0.227818
frequencies._aux.CF3x4.p2_1 = 0.310559
frequencies._aux.CF3x4.p2_2 = 0.509009
Optimization finished in 6 loop passes.
186 likelihood evaluation calls and 0 matrix exponentiations calls were made

Variable 'relax.reference_pi' was not initialized prior to being used
No nodel was assigned to Colinus_virginianus
No nodel was assigned to Oxyura_jamaicensis
No nodel was assigned to Cygnus_atratus
No nodel was assigned to Anser_cygnoides
No nodel was assigned to Node5
No nodel was assigned to Node3
No nodel was assigned to Aythya_fuligula
No nodel was assigned to Anas_platyrhynchos
No nodel was assigned to Node8
The tips of the tree:XLPmPDtZ.tree_id_0 were matched with the species names from the data in the following numeric order (0-based) {0,2,1,3,4,5}

Pseudo-optimal path's cost 685 vs 877 for 1..k=> a 1.28029 x improvement
Partition 0 is ASSUMED to have a reversible model
relax.reference.theta_AC was already constrained in estimators.SetGlobals2
relax.reference.theta_AG was already constrained in estimators.SetGlobals2
relax.reference.theta_AT was already constrained in estimators.SetGlobals2
relax.reference.theta_CG was already constrained in estimators.SetGlobals2
relax.reference.theta_CT was already constrained in estimators.SetGlobals2
relax.reference.theta_GT was already constrained in estimators.SetGlobals2
relax.test.theta_AG was already constrained in estimators.SetGlobals2
Variable 'XLPmPDtZ.tree_id_0.Colinus_virginianus.t' was not initialized prior to being used
models.generic.SetBranchLength: XLPmPDtZ.tree_id_0.Colinus_virginianus.t=1.349365403425717
Variable 'XLPmPDtZ.tree_id_0.Oxyura_jamaicensis.t' was not initialized prior to being used
models.generic.SetBranchLength: XLPmPDtZ.tree_id_0.Oxyura_jamaicensis.t=0.1818790458433305
Variable 'XLPmPDtZ.tree_id_0.Cygnus_atratus.t' was not initialized prior to being used
models.generic.SetBranchLength: XLPmPDtZ.tree_id_0.Cygnus_atratus.t=0.02450864353180326
Variable 'XLPmPDtZ.tree_id_0.Anser_cygnoides.t' was not initialized prior to being used
models.generic.SetBranchLength: XLPmPDtZ.tree_id_0.Anser_cygnoides.t=0.07413046363875943
Variable 'XLPmPDtZ.tree_id_0.Node5.t' was not initialized prior to being used
models.generic.SetBranchLength: XLPmPDtZ.tree_id_0.Node5.t=0.04261964981677625
Variable 'XLPmPDtZ.tree_id_0.Node3.t' was not initialized prior to being used
models.generic.SetBranchLength: XLPmPDtZ.tree_id_0.Node3.t=0.04494225061877193
Variable 'XLPmPDtZ.tree_id_0.Aythya_fuligula.t' was not initialized prior to being used
models.generic.SetBranchLength: XLPmPDtZ.tree_id_0.Aythya_fuligula.t=0.04811796593737155
Variable 'XLPmPDtZ.tree_id_0.Anas_platyrhynchos.t' was not initialized prior to being used
models.generic.SetBranchLength: XLPmPDtZ.tree_id_0.Anas_platyrhynchos.t=0.07551051737742838
Variable 'XLPmPDtZ.tree_id_0.Node8.t' was not initialized prior to being used
models.generic.SetBranchLength: XLPmPDtZ.tree_id_0.Node8.t=0.1149785664841384
Variable 'XLPmPDtZ.XLPmPDtZ.likelihoodFunction' was not initialized prior to being used
Auto-benchmarked an optimal number (5) of threads.
Set GUI update interval to every 113-th LF evaluation.
Optimization settings:
	OPTIMIZATION_METHOD = 4
	OPTIMIZATION_PRECISION = 0.001
	MAXIMUM_ITERATIONS_PER_VARIABLE = 5000

Initial parameter values

relax.reference.omega3 = 7.27482
relax.reference.omega2 = 0.4601
relax.reference.bsrel_mixture_aux_0 = 0.45
relax.test.theta_GT = 0.229233
relax.reference.omega1 = 0.145496
relax.reference.bsrel_mixture_aux_1 = 0.818182
relax.test.theta_CT = 0.684764
relax.test.theta_AC = 0.143716
relax.test.theta_AT = 0.173103
relax.test.theta_CG = 0.206544
relax.K = 1
XLPmPDtZ.tree_id_0.Colinus_virginianus.t = 1.34937
XLPmPDtZ.tree_id_0.Oxyura_jamaicensis.t = 0.181879
XLPmPDtZ.tree_id_0.Cygnus_atratus.t = 0.0245086
XLPmPDtZ.tree_id_0.Anser_cygnoides.t = 0.0741305
XLPmPDtZ.tree_id_0.Node5.t = 0.0426196
XLPmPDtZ.tree_id_0.Node3.t = 0.0449423
XLPmPDtZ.tree_id_0.Aythya_fuligula.t = 0.048118
XLPmPDtZ.tree_id_0.Anas_platyrhynchos.t = 0.0755105
XLPmPDtZ.tree_id_0.Node8.t = 0.114979
Optimization finished in 19 loop passes.
1780 likelihood evaluation calls and 30783 matrix exponentiations calls were made

Variable 'MPI_NODE_COUNT' was not initialized prior to being used
No nodel was assigned to Colinus_virginianus
No nodel was assigned to Oxyura_jamaicensis
No nodel was assigned to Cygnus_atratus
No nodel was assigned to Anser_cygnoides
No nodel was assigned to Node5
No nodel was assigned to Node3
No nodel was assigned to Aythya_fuligula
No nodel was assigned to Anas_platyrhynchos
No nodel was assigned to Node8
Likelihood function cleared because partition index '0' points to invalid components
The tips of the tree:XLPmPDtZ.tree_id_0 were matched with the species names from the data in the following numeric order (0-based) {0,2,1,3,4,5}

Pseudo-optimal path's cost 685 vs 877 for 1..k=> a 1.28029 x improvement
Partition 0 is ASSUMED to have a reversible model
relax.reference.theta_AC was already constrained in estimators.SetGlobals2
relax.reference.theta_AG was already constrained in estimators.SetGlobals2
relax.reference.theta_AT was already constrained in estimators.SetGlobals2
relax.reference.theta_CG was already constrained in estimators.SetGlobals2
relax.reference.theta_CT was already constrained in estimators.SetGlobals2
relax.reference.theta_GT was already constrained in estimators.SetGlobals2
relax.test.bsrel_mixture_aux_0 was already constrained in estimators.SetGlobals2
relax.test.bsrel_mixture_aux_1 was already constrained in estimators.SetGlobals2
relax.test.theta_AG was already constrained in estimators.SetGlobals2
relax.test.omega1 was already constrained in estimators.SetGlobals2
relax.test.omega2 was already constrained in estimators.SetGlobals2
relax.test.omega3 was already constrained in estimators.SetGlobals2
Variable 'XLPmPDtZ.tree_id_0.Colinus_virginianus.t' was not initialized prior to being used
models.generic.SetBranchLength: XLPmPDtZ.tree_id_0.Colinus_virginianus.t=2.743748024085363
Variable 'XLPmPDtZ.tree_id_0.Oxyura_jamaicensis.t' was not initialized prior to being used
models.generic.SetBranchLength: XLPmPDtZ.tree_id_0.Oxyura_jamaicensis.t=0.3770184680333211
Variable 'XLPmPDtZ.tree_id_0.Cygnus_atratus.t' was not initialized prior to being used
models.generic.SetBranchLength: XLPmPDtZ.tree_id_0.Cygnus_atratus.t=0.04780338885919691
Variable 'XLPmPDtZ.tree_id_0.Anser_cygnoides.t' was not initialized prior to being used
models.generic.SetBranchLength: XLPmPDtZ.tree_id_0.Anser_cygnoides.t=0.1365879643759607
Variable 'XLPmPDtZ.tree_id_0.Node5.t' was not initialized prior to being used
models.generic.SetBranchLength: XLPmPDtZ.tree_id_0.Node5.t=0.08719804572000982
Variable 'XLPmPDtZ.tree_id_0.Node3.t' was not initialized prior to being used
models.generic.SetBranchLength: XLPmPDtZ.tree_id_0.Node3.t=0.08467051679965602
Variable 'XLPmPDtZ.tree_id_0.Aythya_fuligula.t' was not initialized prior to being used
models.generic.SetBranchLength: XLPmPDtZ.tree_id_0.Aythya_fuligula.t=0.09176739348430681
Variable 'XLPmPDtZ.tree_id_0.Anas_platyrhynchos.t' was not initialized prior to being used
models.generic.SetBranchLength: XLPmPDtZ.tree_id_0.Anas_platyrhynchos.t=0.1440372068556482
Variable 'XLPmPDtZ.tree_id_0.Node8.t' was not initialized prior to being used
models.generic.SetBranchLength: XLPmPDtZ.tree_id_0.Node8.t=0.2334729409272173
Auto-benchmarked an optimal number (5) of threads.
Set GUI update interval to every 93-th LF evaluation.
Optimization settings:
	OPTIMIZATION_METHOD = 4
	OPTIMIZATION_PRECISION = 0.001
	MAXIMUM_ITERATIONS_PER_VARIABLE = 5000

Initial parameter values

relax.reference.omega3 = 29.6829
relax.reference.omega2 = 0.273558
relax.reference.bsrel_mixture_aux_0 = 0.527648
relax.test.theta_GT = 0.233484
relax.reference.omega1 = 0.276835
relax.reference.bsrel_mixture_aux_1 = 0.993507
relax.test.theta_CT = 0.647603
relax.test.theta_AC = 0.131992
relax.test.theta_AT = 0.135739
relax.test.theta_CG = 0.202623
relax.K = 1
XLPmPDtZ.tree_id_0.Colinus_virginianus.t = 2.74375
XLPmPDtZ.tree_id_0.Oxyura_jamaicensis.t = 0.377018
XLPmPDtZ.tree_id_0.Cygnus_atratus.t = 0.0478034
XLPmPDtZ.tree_id_0.Anser_cygnoides.t = 0.136588
XLPmPDtZ.tree_id_0.Node5.t = 0.087198
XLPmPDtZ.tree_id_0.Node3.t = 0.0846705
XLPmPDtZ.tree_id_0.Aythya_fuligula.t = 0.0917674
XLPmPDtZ.tree_id_0.Anas_platyrhynchos.t = 0.144037
XLPmPDtZ.tree_id_0.Node8.t = 0.233473
Optimization finished in 20 loop passes.
1830 likelihood evaluation calls and 31665 matrix exponentiations calls were made

Variable 'QlizdpvI.XLPmPDtZ.likelihoodFunction' was not initialized prior to being used
Auto-benchmarked an optimal number (5) of threads.
Set GUI update interval to every 111-th LF evaluation.
Optimization settings:
	OPTIMIZATION_METHOD = 4
	OPTIMIZATION_PRECISION = 0.001
	MAXIMUM_ITERATIONS_PER_VARIABLE = 5000

Initial parameter values

relax.reference.omega3 = 28.0342
relax.reference.omega2 = 0.292395
relax.reference.bsrel_mixture_aux_0 = 0.332908
relax.test.theta_GT = 0.233149
relax.reference.omega1 = 0.295307
relax.reference.bsrel_mixture_aux_1 = 0.995263
relax.test.theta_CT = 0.646753
relax.test.theta_AC = 0.129978
relax.test.theta_AT = 0.133654
relax.test.theta_CG = 0.203325
XLPmPDtZ.tree_id_0.Colinus_virginianus.t = 0.917877
XLPmPDtZ.tree_id_0.Oxyura_jamaicensis.t = 0.122408
XLPmPDtZ.tree_id_0.Cygnus_atratus.t = 0.0156125
XLPmPDtZ.tree_id_0.Anser_cygnoides.t = 0.0448327
XLPmPDtZ.tree_id_0.Node5.t = 0.02852
XLPmPDtZ.tree_id_0.Node3.t = 0.0277431
XLPmPDtZ.tree_id_0.Aythya_fuligula.t = 0.03001
XLPmPDtZ.tree_id_0.Anas_platyrhynchos.t = 0.0471705
XLPmPDtZ.tree_id_0.Node8.t = 0.0755082
Optimization finished in 3 loop passes.
229 likelihood evaluation calls and 4599 matrix exponentiations calls were made

Variable 'USE_JSON_FOR_MATRIX' was not initialized prior to being used