
Loaded 'libv3/all-terms.bf' from /usr/local/lib/hyphy/TemplateBatchFiles/libv3/all-terms.bf
Loaded 'libv3/UtilityFunctions.bf' from /usr/local/lib/hyphy/TemplateBatchFiles/libv3/UtilityFunctions.bf
Loaded 'IOFunctions.bf' from /usr/local/lib/hyphy/TemplateBatchFiles/libv3/IOFunctions.bf
Already loaded 'libv3/UtilityFunctions.bf' from /usr/local/lib/hyphy/TemplateBatchFiles/libv3/UtilityFunctions.bf
Loaded 'convenience/regexp.bf' from /usr/local/lib/hyphy/TemplateBatchFiles/libv3/convenience/regexp.bf
Already loaded 'libv3/all-terms.bf' from /usr/local/lib/hyphy/TemplateBatchFiles/libv3/all-terms.bf
Already loaded 'libv3/IOFunctions.bf' from /usr/local/lib/hyphy/TemplateBatchFiles/libv3/IOFunctions.bf
Loaded 'libv3/models/codon/MG_REV.bf' from /usr/local/lib/hyphy/TemplateBatchFiles/libv3/models/codon/MG_REV.bf
Loaded '../codon.bf' from /usr/local/lib/hyphy/TemplateBatchFiles/libv3/models/codon.bf
Loaded '../tasks/genetic_code.bf' from /usr/local/lib/hyphy/TemplateBatchFiles/libv3/tasks/genetic_code.bf
Loaded 'libv3/convenience/matrix.bf' from /usr/local/lib/hyphy/TemplateBatchFiles/libv3/convenience/matrix.bf
Already loaded 'libv3/UtilityFunctions.bf' from /usr/local/lib/hyphy/TemplateBatchFiles/libv3/UtilityFunctions.bf
Already loaded 'libv3/all-terms.bf' from /usr/local/lib/hyphy/TemplateBatchFiles/libv3/all-terms.bf
Already loaded '../UtilityFunctions.bf' from /usr/local/lib/hyphy/TemplateBatchFiles/libv3/UtilityFunctions.bf
Loaded '../DNA.bf' from /usr/local/lib/hyphy/TemplateBatchFiles/libv3/models/DNA.bf
Loaded 'frequencies.bf' from /usr/local/lib/hyphy/TemplateBatchFiles/libv3/models/frequencies.bf
Already loaded '../all-terms.bf' from /usr/local/lib/hyphy/TemplateBatchFiles/libv3/all-terms.bf
Loaded 'parameters.bf' from /usr/local/lib/hyphy/TemplateBatchFiles/libv3/models/parameters.bf
Loaded 'GrabBag' from /usr/local/lib/hyphy/TemplateBatchFiles/Utility/GrabBag.bf
Overwritten previously defined function:'_sortStringsAux'
Already loaded 'libv3/all-terms.bf' from /usr/local/lib/hyphy/TemplateBatchFiles/libv3/all-terms.bf
Already loaded '../UtilityFunctions.bf' from /usr/local/lib/hyphy/TemplateBatchFiles/libv3/UtilityFunctions.bf
Loaded 'model_functions.bf' from /usr/local/lib/hyphy/TemplateBatchFiles/libv3/models/model_functions.bf
Already loaded 'DNA.bf' from /usr/local/lib/hyphy/TemplateBatchFiles/libv3/models/DNA.bf
Already loaded 'parameters.bf' from /usr/local/lib/hyphy/TemplateBatchFiles/libv3/models/parameters.bf
Already loaded 'frequencies.bf' from /usr/local/lib/hyphy/TemplateBatchFiles/libv3/models/frequencies.bf
Already loaded '../UtilityFunctions.bf' from /usr/local/lib/hyphy/TemplateBatchFiles/libv3/UtilityFunctions.bf
Already loaded '../convenience/regexp.bf' from /usr/local/lib/hyphy/TemplateBatchFiles/libv3/convenience/regexp.bf
Already loaded 'libv3/all-terms.bf' from /usr/local/lib/hyphy/TemplateBatchFiles/libv3/all-terms.bf
Already loaded '../parameters.bf' from /usr/local/lib/hyphy/TemplateBatchFiles/libv3/models/parameters.bf
Already loaded '../frequencies.bf' from /usr/local/lib/hyphy/TemplateBatchFiles/libv3/models/frequencies.bf
Already loaded '../../UtilityFunctions.bf' from /usr/local/lib/hyphy/TemplateBatchFiles/libv3/UtilityFunctions.bf
Loaded 'libv3/tasks/estimators.bf' from /usr/local/lib/hyphy/TemplateBatchFiles/libv3/tasks/estimators.bf
Already loaded '../models/model_functions.bf' from /usr/local/lib/hyphy/TemplateBatchFiles/libv3/models/model_functions.bf
Loaded '../models/DNA/GTR.bf' from /usr/local/lib/hyphy/TemplateBatchFiles/libv3/models/DNA/GTR.bf
Already loaded '../DNA.bf' from /usr/local/lib/hyphy/TemplateBatchFiles/libv3/models/DNA.bf
Already loaded '../parameters.bf' from /usr/local/lib/hyphy/TemplateBatchFiles/libv3/models/parameters.bf
Already loaded '../frequencies.bf' from /usr/local/lib/hyphy/TemplateBatchFiles/libv3/models/frequencies.bf
Already loaded '../../UtilityFunctions.bf' from /usr/local/lib/hyphy/TemplateBatchFiles/libv3/UtilityFunctions.bf
Already loaded 'libv3/all-terms.bf' from /usr/local/lib/hyphy/TemplateBatchFiles/libv3/all-terms.bf
Already loaded '../convenience/regexp.bf' from /usr/local/lib/hyphy/TemplateBatchFiles/libv3/convenience/regexp.bf
Already loaded 'libv3/all-terms.bf' from /usr/local/lib/hyphy/TemplateBatchFiles/libv3/all-terms.bf
Loaded 'libv3/tasks/alignments.bf' from /usr/local/lib/hyphy/TemplateBatchFiles/libv3/tasks/alignments.bf
Already loaded '../IOFunctions.bf' from /usr/local/lib/hyphy/TemplateBatchFiles/libv3/IOFunctions.bf
Already loaded '../all-terms.bf' from /usr/local/lib/hyphy/TemplateBatchFiles/libv3/all-terms.bf
Loaded 'libv3/tasks/trees.bf' from /usr/local/lib/hyphy/TemplateBatchFiles/libv3/tasks/trees.bf
Already loaded '../IOFunctions.bf' from /usr/local/lib/hyphy/TemplateBatchFiles/libv3/IOFunctions.bf
Already loaded '../all-terms.bf' from /usr/local/lib/hyphy/TemplateBatchFiles/libv3/all-terms.bf
Already loaded '../convenience/regexp.bf' from /usr/local/lib/hyphy/TemplateBatchFiles/libv3/convenience/regexp.bf
Already loaded '../UtilityFunctions.bf' from /usr/local/lib/hyphy/TemplateBatchFiles/libv3/UtilityFunctions.bf
Loaded 'TreeTools' from /usr/local/lib/hyphy/TemplateBatchFiles/TreeTools.ibf
Loaded 'modules/io_functions.ibf' from /usr/local/lib/hyphy/TemplateBatchFiles/SelectionAnalyses/modules/io_functions.ibf
Already loaded 'libv3/UtilityFunctions.bf' from /usr/local/lib/hyphy/TemplateBatchFiles/libv3/UtilityFunctions.bf
Already loaded 'libv3/IOFunctions.bf' from /usr/local/lib/hyphy/TemplateBatchFiles/libv3/IOFunctions.bf
Already loaded 'libv3/convenience/regexp.bf' from /usr/local/lib/hyphy/TemplateBatchFiles/libv3/convenience/regexp.bf
Already loaded 'libv3/all-terms.bf' from /usr/local/lib/hyphy/TemplateBatchFiles/libv3/all-terms.bf
Loaded 'modules/selection_lib.ibf' from /usr/local/lib/hyphy/TemplateBatchFiles/SelectionAnalyses/modules/selection_lib.ibf
Loaded 'libv3/models/codon/BS_REL.bf' from /usr/local/lib/hyphy/TemplateBatchFiles/libv3/models/codon/BS_REL.bf
Already loaded '../codon.bf' from /usr/local/lib/hyphy/TemplateBatchFiles/libv3/models/codon.bf
Already loaded '../DNA.bf' from /usr/local/lib/hyphy/TemplateBatchFiles/libv3/models/DNA.bf
Already loaded '../parameters.bf' from /usr/local/lib/hyphy/TemplateBatchFiles/libv3/models/parameters.bf
Already loaded '../frequencies.bf' from /usr/local/lib/hyphy/TemplateBatchFiles/libv3/models/frequencies.bf
Already loaded '../../UtilityFunctions.bf' from /usr/local/lib/hyphy/TemplateBatchFiles/libv3/UtilityFunctions.bf
Already loaded 'MG_REV.bf' from /usr/local/lib/hyphy/TemplateBatchFiles/libv3/models/codon/MG_REV.bf
Loaded '../../convenience/math.bf' from /usr/local/lib/hyphy/TemplateBatchFiles/libv3/convenience/math.bf
Already loaded 'libv3/UtilityFunctions.bf' from /usr/local/lib/hyphy/TemplateBatchFiles/libv3/UtilityFunctions.bf
Already loaded 'libv3/convenience/math.bf' from /usr/local/lib/hyphy/TemplateBatchFiles/libv3/convenience/math.bf
Loaded 'libv3/tasks/mpi.bf' from /usr/local/lib/hyphy/TemplateBatchFiles/libv3/tasks/mpi.bf
Already loaded '../all-terms.bf' from /usr/local/lib/hyphy/TemplateBatchFiles/libv3/all-terms.bf
Already loaded '../models/parameters.bf' from /usr/local/lib/hyphy/TemplateBatchFiles/libv3/models/parameters.bf
Variable 'NORMALIZE_SEQUENCE_NAMES' was not initialized prior to being used
Variable 'ASSUME_REVERSIBLE_MODELS' was not initialized prior to being used
Loaded 'modules/shared-load-file.bf' from /usr/local/lib/hyphy/TemplateBatchFiles/SelectionAnalyses/modules/shared-load-file.bf
Variable 'MARKDOWN_OUTPUT' was not initialized prior to being used
Already loaded 'libv3/convenience/matrix.bf' from /usr/local/lib/hyphy/TemplateBatchFiles/libv3/convenience/matrix.bf
Already loaded 'libv3/UtilityFunctions.bf' from /usr/local/lib/hyphy/TemplateBatchFiles/libv3/UtilityFunctions.bf
Variable 'TolTUFZq.skipCodeSelectionStep' was not initialized prior to being used
Row and/or column partition is empty. All the data will be used by default.
Variable 'NEXUS_FILE_TREE_MATRIX' was not initialized prior to being used
Variable 'utility.ToggleEnvVariable.cache' was not initialized prior to being used
Variable 'TREE_NODE_NAME_MAPPING' was not initialized prior to being used
Variable 'AqDcXioi.PROMPT_FOR_FILE' was not initialized prior to being used
Variable 'END_OF_FILE' was not initialized prior to being used
Variable '_DO_TREE_REBALANCE_' was not initialized prior to being used
Variable '_KEEP_I_LABELS_' was not initialized prior to being used
Rooted topology. Removing one branch - the right root child has been promoted to be the new root
Variable 'INCLUDE_MODEL_SPECS' was not initialized prior to being used
Variable 'utility.ForEachPair.warn_non_rentrant' was not initialized prior to being used
Row and/or column partition is empty. All the data will be used by default.
Row and/or column partition is empty. All the data will be used by default.
Loaded 'modules/grid_compute.ibf' from /usr/local/lib/hyphy/TemplateBatchFiles/SelectionAnalyses/modules/grid_compute.ibf
Variable 'HCNymEeH.cache' was not initialized prior to being used
Row and/or column partition is empty. All the data will be used by default.
Variable 'COUNT_GAPS_IN_FREQUENCIES' was not initialized prior to being used
Variable 'EqiNnqYw.model_pi' was not initialized prior to being used
Model EqiNnqYw.model assigned to Lagopus_muta
Model EqiNnqYw.model assigned to Oxyura_jamaicensis
Model EqiNnqYw.model assigned to Cygnus_atratus
Model EqiNnqYw.model assigned to Anser_cygnoides
Model EqiNnqYw.model assigned to Node5
Model EqiNnqYw.model assigned to Node3
Model EqiNnqYw.model assigned to Aythya_fuligula
Model EqiNnqYw.model assigned to Anas_platyrhynchos
Model EqiNnqYw.model assigned to Node8
The tips of the tree:EqiNnqYw.tree_0 were matched with the species names from the data in the following numeric order (0-based) {0,2,1,3,4,5}

Pseudo-optimal path's cost 196 vs 290 for 1..k=> a 1.47959 x improvement
Partition 0 is ASSUMED to have a reversible model
Variable 'USE_LAST_RESULTS' was not initialized prior to being used
Variable 'EqiNnqYw.tree_0.Lagopus_muta.t' was not initialized prior to being used
models.generic.SetBranchLength: EqiNnqYw.tree_0.Lagopus_muta.t=213.0384738206241
Variable 'EqiNnqYw.tree_0.Oxyura_jamaicensis.t' was not initialized prior to being used
models.generic.SetBranchLength: EqiNnqYw.tree_0.Oxyura_jamaicensis.t=75.1290216414575
Variable 'EqiNnqYw.tree_0.Cygnus_atratus.t' was not initialized prior to being used
models.generic.SetBranchLength: EqiNnqYw.tree_0.Cygnus_atratus.t=54.0315406141194
Variable 'EqiNnqYw.tree_0.Anser_cygnoides.t' was not initialized prior to being used
models.generic.SetBranchLength: EqiNnqYw.tree_0.Anser_cygnoides.t=54.0315406141194
Variable 'EqiNnqYw.tree_0.Node5.t' was not initialized prior to being used
models.generic.SetBranchLength: EqiNnqYw.tree_0.Node5.t=21.09748102733808
Variable 'EqiNnqYw.tree_0.Node3.t' was not initialized prior to being used
models.generic.SetBranchLength: EqiNnqYw.tree_0.Node3.t=5.68093981038329
Variable 'EqiNnqYw.tree_0.Aythya_fuligula.t' was not initialized prior to being used
models.generic.SetBranchLength: EqiNnqYw.tree_0.Aythya_fuligula.t=41.19273781190071
Variable 'EqiNnqYw.tree_0.Anas_platyrhynchos.t' was not initialized prior to being used
models.generic.SetBranchLength: EqiNnqYw.tree_0.Anas_platyrhynchos.t=41.19273781190071
Variable 'EqiNnqYw.tree_0.Node8.t' was not initialized prior to being used
models.generic.SetBranchLength: EqiNnqYw.tree_0.Node8.t=39.61722366658474
Variable 'EqiNnqYw.EqiNnqYw.likelihoodFunction' was not initialized prior to being used
Variable 'SAVE_OPT_STATUS_TO' was not initialized prior to being used
Auto-benchmarked an optimal number (1) of threads.
Set GUI update interval to every 8771-th LF evaluation.
Optimization settings:
	OPTIMIZATION_METHOD = 4
	OPTIMIZATION_PRECISION = 0.001
	MAXIMUM_ITERATIONS_PER_VARIABLE = 5000

Initial parameter values

EqiNnqYw.model.theta_CT = 1
EqiNnqYw.model.theta_GT = 0.25
EqiNnqYw.model.theta_CG = 0.25
EqiNnqYw.model.theta_AC = 0.25
EqiNnqYw.model.theta_AT = 0.25
EqiNnqYw.tree_0.Lagopus_muta.t = 213.038
EqiNnqYw.tree_0.Oxyura_jamaicensis.t = 75.129
EqiNnqYw.tree_0.Cygnus_atratus.t = 54.0315
EqiNnqYw.tree_0.Anser_cygnoides.t = 54.0315
EqiNnqYw.tree_0.Node5.t = 21.0975
EqiNnqYw.tree_0.Node3.t = 5.68094
EqiNnqYw.tree_0.Aythya_fuligula.t = 41.1927
EqiNnqYw.tree_0.Anas_platyrhynchos.t = 41.1927
EqiNnqYw.tree_0.Node8.t = 39.6172
Site 28 evaluated to a 0 probability in ComputeLLWithBranchCache
Optimization finished in 26 loop passes.
1286 likelihood evaluation calls and 6615 matrix exponentiations calls were made

Variable 'BRANCH_LENGTH_STENCIL' was not initialized prior to being used
Variable 'EqiNnqYw.option' was not initialized prior to being used
Variable 'relax.terms.json.nucleotide_gtr' was not initialized prior to being used
Variable 'Unknown' was not initialized prior to being used
Variable 'vVfRufJU.initial_value' was not initialized prior to being used
Variable 'JlDFdsqv.data_filter' was not initialized prior to being used
Row and/or column partition is empty. All the data will be used by default.
Auto-benchmarked an optimal number (2) of threads.
Set GUI update interval to every 4629-th LF evaluation.
Optimization settings:
	OPTIMIZATION_METHOD = 4
	OPTIMIZATION_PRECISION = 0.001
	MAXIMUM_ITERATIONS_PER_VARIABLE = 5000

Initial parameter values

frequencies._aux.CF3x4.p0_0 = 0.278777
frequencies._aux.CF3x4.p0_1 = 0.363259
frequencies._aux.CF3x4.p0_2 = 0.633159
frequencies._aux.CF3x4.p1_0 = 0.321942
frequencies._aux.CF3x4.p1_1 = 0.274978
frequencies._aux.CF3x4.p1_2 = 0.418293
frequencies._aux.CF3x4.p2_0 = 0.227818
frequencies._aux.CF3x4.p2_1 = 0.310559
frequencies._aux.CF3x4.p2_2 = 0.513514
Optimization finished in 7 loop passes.
295 likelihood evaluation calls and 0 matrix exponentiations calls were made

Variable 'JlDFdsqv.model_MGREV_pi' was not initialized prior to being used
Model JlDFdsqv.model_MGREV assigned to Lagopus_muta
Model JlDFdsqv.model_MGREV assigned to Oxyura_jamaicensis
Model JlDFdsqv.model_MGREV assigned to Cygnus_atratus
Model JlDFdsqv.model_MGREV assigned to Anser_cygnoides
Model JlDFdsqv.model_MGREV assigned to Node5
Model JlDFdsqv.model_MGREV assigned to Node3
Model JlDFdsqv.model_MGREV assigned to Aythya_fuligula
Model JlDFdsqv.model_MGREV assigned to Anas_platyrhynchos
Model JlDFdsqv.model_MGREV assigned to Node8
The tips of the tree:JlDFdsqv.tree_0 were matched with the species names from the data in the following numeric order (0-based) {0,2,1,3,4,5}

Pseudo-optimal path's cost 693 vs 901 for 1..k=> a 1.30014 x improvement
Partition 0 is ASSUMED to have a reversible model
Variable 'JlDFdsqv.JlDFdsqv.likelihoodFunction' was not initialized prior to being used
Variable 'JlDFdsqv.tree_0.Lagopus_muta.alpha' was not initialized prior to being used
Variable 'JlDFdsqv.tree_0.Oxyura_jamaicensis.alpha' was not initialized prior to being used
Variable 'JlDFdsqv.tree_0.Cygnus_atratus.alpha' was not initialized prior to being used
Variable 'JlDFdsqv.tree_0.Anser_cygnoides.alpha' was not initialized prior to being used
Variable 'JlDFdsqv.tree_0.Node5.alpha' was not initialized prior to being used
Variable 'JlDFdsqv.tree_0.Node3.alpha' was not initialized prior to being used
Variable 'JlDFdsqv.tree_0.Aythya_fuligula.alpha' was not initialized prior to being used
Variable 'JlDFdsqv.tree_0.Anas_platyrhynchos.alpha' was not initialized prior to being used
Variable 'JlDFdsqv.tree_0.Node8.alpha' was not initialized prior to being used
Site 22 evaluated to a 0 probability in ComputeTreeBlockByBranch
Site 85 evaluated to a 0 probability in ComputeTreeBlockByBranch
Site 22 evaluated to a 0 probability in ComputeTreeBlockByBranch
Site 24 evaluated to a 0 probability in ComputeTreeBlockByBranch
Site 41 evaluated to a 0 probability in ComputeTreeBlockByBranch
Site 22 evaluated to a 0 probability in ComputeTreeBlockByBranch
Site 85 evaluated to a 0 probability in ComputeTreeBlockByBranch
Site 22 evaluated to a 0 probability in ComputeTreeBlockByBranch
Site 77 evaluated to a 0 probability in ComputeTreeBlockByBranch
Site 61 evaluated to a 0 probability in ComputeTreeBlockByBranch
Site 4 evaluated to a 0 probability in ComputeTreeBlockByBranch
Site 40 evaluated to a 0 probability in ComputeTreeBlockByBranch
Site 22 evaluated to a 0 probability in ComputeTreeBlockByBranch
Site 90 evaluated to a 0 probability in ComputeTreeBlockByBranch
Site 55 evaluated to a 0 probability in ComputeTreeBlockByBranch
Site 41 evaluated to a 0 probability in ComputeTreeBlockByBranch
Site 100 evaluated to a 0 probability in ComputeTreeBlockByBranch
Site 94 evaluated to a 0 probability in ComputeTreeBlockByBranch
Site 58 evaluated to a 0 probability in ComputeTreeBlockByBranch
Site 22 evaluated to a 0 probability in ComputeTreeBlockByBranch
Site 5 evaluated to a 0 probability in ComputeTreeBlockByBranch
Auto-benchmarked an optimal number (5) of threads.
Set GUI update interval to every 1063-th LF evaluation.
Initial guess for JlDFdsqv.tree_0.Node3.alpha is 1.00112e-06
Initial guess for JlDFdsqv.tree_0.Oxyura_jamaicensis.alpha is 0.000227432
Initial guess for JlDFdsqv.tree_0.Node5.alpha is 7.16541e-06
Initial guess for JlDFdsqv.tree_0.Cygnus_atratus.alpha is 2.73412e-05
Initial guess for JlDFdsqv.tree_0.Anser_cygnoides.alpha is 3.23673e-06
Initial guess for JlDFdsqv.tree_0.Node8.alpha is 2.21715e-05
Initial guess for JlDFdsqv.tree_0.Aythya_fuligula.alpha is 1.2099e-05
Initial guess for JlDFdsqv.tree_0.Anas_platyrhynchos.alpha is 7.62852e-06
Optimization settings:
	OPTIMIZATION_METHOD = 4
	OPTIMIZATION_PRECISION = 0.001
	MAXIMUM_ITERATIONS_PER_VARIABLE = 5000

Initial parameter values

JlDFdsqv.model_MGREV.theta_GT = 1
JlDFdsqv.model_MGREV.theta_CT = 1
JlDFdsqv.model_MGREV.theta_AC = 1
JlDFdsqv.model_MGREV.theta_CG = 1
JlDFdsqv.model_MGREV.theta_AT = 1
JlDFdsqv.model_MGREV.omega_0 = 1
JlDFdsqv.tree_0.Lagopus_muta.alpha = 0.1
JlDFdsqv.tree_0.Oxyura_jamaicensis.alpha = 0.000227432
JlDFdsqv.tree_0.Cygnus_atratus.alpha = 2.73412e-05
JlDFdsqv.tree_0.Anser_cygnoides.alpha = 3.23673e-06
JlDFdsqv.tree_0.Node5.alpha = 7.16541e-06
JlDFdsqv.tree_0.Node3.alpha = 1.00112e-06
JlDFdsqv.tree_0.Aythya_fuligula.alpha = 1.2099e-05
JlDFdsqv.tree_0.Anas_platyrhynchos.alpha = 7.62852e-06
JlDFdsqv.tree_0.Node8.alpha = 2.21715e-05
JlDFdsqv.model_MGREV.omega_1 = 1
Failing bound checks on JlDFdsqv.tree_0.Node3.beta =         10001.48888555976
Optimization finished in 27 loop passes.
1739 likelihood evaluation calls and 8476 matrix exponentiations calls were made

Row and/or column partition is empty. All the data will be used by default.
Auto-benchmarked an optimal number (3) of threads.
Set GUI update interval to every 4587-th LF evaluation.
Optimization settings:
	OPTIMIZATION_METHOD = 4
	OPTIMIZATION_PRECISION = 0.001
	MAXIMUM_ITERATIONS_PER_VARIABLE = 5000

Initial parameter values

frequencies._aux.CF3x4.p0_0 = 0.278777
frequencies._aux.CF3x4.p0_1 = 0.363259
frequencies._aux.CF3x4.p0_2 = 0.633159
frequencies._aux.CF3x4.p1_0 = 0.321942
frequencies._aux.CF3x4.p1_1 = 0.274978
frequencies._aux.CF3x4.p1_2 = 0.418293
frequencies._aux.CF3x4.p2_0 = 0.227818
frequencies._aux.CF3x4.p2_1 = 0.310559
frequencies._aux.CF3x4.p2_2 = 0.513514
Optimization finished in 7 loop passes.
296 likelihood evaluation calls and 0 matrix exponentiations calls were made

Variable 'JlDFdsqv.model_MGREV_pi' was not initialized prior to being used
Model JlDFdsqv.model_MGREV assigned to Lagopus_muta
Model JlDFdsqv.model_MGREV assigned to Oxyura_jamaicensis
Model JlDFdsqv.model_MGREV assigned to Cygnus_atratus
Model JlDFdsqv.model_MGREV assigned to Anser_cygnoides
Model JlDFdsqv.model_MGREV assigned to Node5
Model JlDFdsqv.model_MGREV assigned to Node3
Model JlDFdsqv.model_MGREV assigned to Aythya_fuligula
Model JlDFdsqv.model_MGREV assigned to Anas_platyrhynchos
Model JlDFdsqv.model_MGREV assigned to Node8
The tips of the tree:JlDFdsqv.tree_0 were matched with the species names from the data in the following numeric order (0-based) {0,2,1,3,4,5}

Pseudo-optimal path's cost 693 vs 901 for 1..k=> a 1.30014 x improvement
Partition 0 is ASSUMED to have a reversible model
Variable 'JlDFdsqv.tree_0.Aythya_fuligula.alpha' was not initialized prior to being used
Variable 'JlDFdsqv.tree_0.Node3.alpha' was not initialized prior to being used
Variable 'JlDFdsqv.tree_0.Anas_platyrhynchos.alpha' was not initialized prior to being used
Variable 'JlDFdsqv.tree_0.Node5.alpha' was not initialized prior to being used
Variable 'JlDFdsqv.tree_0.Anser_cygnoides.alpha' was not initialized prior to being used
Variable 'JlDFdsqv.tree_0.Cygnus_atratus.alpha' was not initialized prior to being used
Variable 'JlDFdsqv.tree_0.Lagopus_muta.alpha' was not initialized prior to being used
Variable 'JlDFdsqv.tree_0.Oxyura_jamaicensis.alpha' was not initialized prior to being used
Variable 'JlDFdsqv.tree_0.Node8.alpha' was not initialized prior to being used
Site 22 evaluated to a 0 probability in ComputeTreeBlockByBranch
Site 85 evaluated to a 0 probability in ComputeTreeBlockByBranch
Site 22 evaluated to a 0 probability in ComputeTreeBlockByBranch
Site 24 evaluated to a 0 probability in ComputeTreeBlockByBranch
Site 41 evaluated to a 0 probability in ComputeTreeBlockByBranch
Site 22 evaluated to a 0 probability in ComputeTreeBlockByBranch
Site 85 evaluated to a 0 probability in ComputeTreeBlockByBranch
Site 22 evaluated to a 0 probability in ComputeTreeBlockByBranch
Site 77 evaluated to a 0 probability in ComputeTreeBlockByBranch
Site 61 evaluated to a 0 probability in ComputeTreeBlockByBranch
Site 40 evaluated to a 0 probability in ComputeTreeBlockByBranch
Site 4 evaluated to a 0 probability in ComputeTreeBlockByBranch
Site 22 evaluated to a 0 probability in ComputeTreeBlockByBranch
Site 90 evaluated to a 0 probability in ComputeTreeBlockByBranch
Site 55 evaluated to a 0 probability in ComputeTreeBlockByBranch
Auto-benchmarked an optimal number (4) of threads.
Set GUI update interval to every 1094-th LF evaluation.
Initial guess for JlDFdsqv.tree_0.Node3.alpha is 1.00112e-06
Initial guess for JlDFdsqv.tree_0.Oxyura_jamaicensis.alpha is 0.000227432
Initial guess for JlDFdsqv.tree_0.Node5.alpha is 7.16541e-06
Initial guess for JlDFdsqv.tree_0.Cygnus_atratus.alpha is 2.73412e-05
Initial guess for JlDFdsqv.tree_0.Anser_cygnoides.alpha is 3.23673e-06
Initial guess for JlDFdsqv.tree_0.Node8.alpha is 2.21715e-05
Initial guess for JlDFdsqv.tree_0.Aythya_fuligula.alpha is 1.2099e-05
Initial guess for JlDFdsqv.tree_0.Anas_platyrhynchos.alpha is 7.62852e-06
Optimization settings:
	OPTIMIZATION_METHOD = 4
	OPTIMIZATION_PRECISION = 0.001
	MAXIMUM_ITERATIONS_PER_VARIABLE = 5000

Initial parameter values

JlDFdsqv.model_MGREV.theta_CG = 1
JlDFdsqv.model_MGREV.theta_CT = 1
JlDFdsqv.model_MGREV.theta_GT = 1
JlDFdsqv.model_MGREV.theta_AT = 1
JlDFdsqv.model_MGREV.theta_AC = 1
JlDFdsqv.model_MGREV.omega_0 = 1
JlDFdsqv.tree_0.Lagopus_muta.alpha = 0.1
JlDFdsqv.tree_0.Oxyura_jamaicensis.alpha = 0.000227432
JlDFdsqv.tree_0.Cygnus_atratus.alpha = 2.73412e-05
JlDFdsqv.tree_0.Anser_cygnoides.alpha = 3.23673e-06
JlDFdsqv.tree_0.Node5.alpha = 7.16541e-06
JlDFdsqv.tree_0.Node3.alpha = 1.00112e-06
JlDFdsqv.tree_0.Aythya_fuligula.alpha = 1.2099e-05
JlDFdsqv.tree_0.Anas_platyrhynchos.alpha = 7.62852e-06
JlDFdsqv.tree_0.Node8.alpha = 2.21715e-05
JlDFdsqv.model_MGREV.omega_1 = 1
Failing bound checks on JlDFdsqv.tree_0.Node3.beta =         10001.48888555976
Optimization finished in 22 loop passes.
1737 likelihood evaluation calls and 8334 matrix exponentiations calls were made

Overwritten previously defined function:'QVSurvIN.rate_generator'
Overwritten previously defined function:'QVSurvIN.rate_generator'
Auto-benchmarked an optimal number (4) of threads.
Set GUI update interval to every 4545-th LF evaluation.
Optimization settings:
	OPTIMIZATION_METHOD = 4
	OPTIMIZATION_PRECISION = 0.001
	MAXIMUM_ITERATIONS_PER_VARIABLE = 5000

Initial parameter values

frequencies._aux.CF3x4.p0_0 = 0.278777
frequencies._aux.CF3x4.p0_1 = 0.363259
frequencies._aux.CF3x4.p0_2 = 0.633159
frequencies._aux.CF3x4.p1_0 = 0.321942
frequencies._aux.CF3x4.p1_1 = 0.274978
frequencies._aux.CF3x4.p1_2 = 0.418293
frequencies._aux.CF3x4.p2_0 = 0.227818
frequencies._aux.CF3x4.p2_1 = 0.310559
frequencies._aux.CF3x4.p2_2 = 0.513514
Optimization finished in 7 loop passes.
297 likelihood evaluation calls and 0 matrix exponentiations calls were made

Variable 'relax.test_pi' was not initialized prior to being used
Overwritten previously defined function:'QVSurvIN.rate_generator'
Overwritten previously defined function:'QVSurvIN.rate_generator'
Overwritten previously defined function:'QVSurvIN.rate_generator'
Auto-benchmarked an optimal number (3) of threads.
Set GUI update interval to every 4587-th LF evaluation.
Optimization settings:
	OPTIMIZATION_METHOD = 4
	OPTIMIZATION_PRECISION = 0.001
	MAXIMUM_ITERATIONS_PER_VARIABLE = 5000

Initial parameter values

frequencies._aux.CF3x4.p0_0 = 0.278777
frequencies._aux.CF3x4.p0_1 = 0.363259
frequencies._aux.CF3x4.p0_2 = 0.633159
frequencies._aux.CF3x4.p1_0 = 0.321942
frequencies._aux.CF3x4.p1_1 = 0.274978
frequencies._aux.CF3x4.p1_2 = 0.418293
frequencies._aux.CF3x4.p2_0 = 0.227818
frequencies._aux.CF3x4.p2_1 = 0.310559
frequencies._aux.CF3x4.p2_2 = 0.513514
Optimization finished in 7 loop passes.
296 likelihood evaluation calls and 0 matrix exponentiations calls were made

Variable 'relax.reference_pi' was not initialized prior to being used
No nodel was assigned to Lagopus_muta
No nodel was assigned to Oxyura_jamaicensis
No nodel was assigned to Cygnus_atratus
No nodel was assigned to Anser_cygnoides
No nodel was assigned to Node5
No nodel was assigned to Node3
No nodel was assigned to Aythya_fuligula
No nodel was assigned to Anas_platyrhynchos
No nodel was assigned to Node8
The tips of the tree:HPsDKHoa.tree_id_0 were matched with the species names from the data in the following numeric order (0-based) {0,2,1,3,4,5}

Pseudo-optimal path's cost 693 vs 901 for 1..k=> a 1.30014 x improvement
Partition 0 is ASSUMED to have a reversible model
relax.reference.theta_AC was already constrained in estimators.SetGlobals2
relax.reference.theta_AG was already constrained in estimators.SetGlobals2
relax.reference.theta_AT was already constrained in estimators.SetGlobals2
relax.reference.theta_CG was already constrained in estimators.SetGlobals2
relax.reference.theta_CT was already constrained in estimators.SetGlobals2
relax.reference.theta_GT was already constrained in estimators.SetGlobals2
relax.test.theta_AG was already constrained in estimators.SetGlobals2
Variable 'HPsDKHoa.tree_id_0.Lagopus_muta.t' was not initialized prior to being used
models.generic.SetBranchLength: HPsDKHoa.tree_id_0.Lagopus_muta.t=1.365477618241165
Variable 'HPsDKHoa.tree_id_0.Oxyura_jamaicensis.t' was not initialized prior to being used
models.generic.SetBranchLength: HPsDKHoa.tree_id_0.Oxyura_jamaicensis.t=0.1426393205399925
Variable 'HPsDKHoa.tree_id_0.Cygnus_atratus.t' was not initialized prior to being used
models.generic.SetBranchLength: HPsDKHoa.tree_id_0.Cygnus_atratus.t=0.01935895393426435
Variable 'HPsDKHoa.tree_id_0.Anser_cygnoides.t' was not initialized prior to being used
models.generic.SetBranchLength: HPsDKHoa.tree_id_0.Anser_cygnoides.t=0.05862938259420929
Variable 'HPsDKHoa.tree_id_0.Node5.t' was not initialized prior to being used
models.generic.SetBranchLength: HPsDKHoa.tree_id_0.Node5.t=0.03365757744901638
Variable 'HPsDKHoa.tree_id_0.Node3.t' was not initialized prior to being used
models.generic.SetBranchLength: HPsDKHoa.tree_id_0.Node3.t=0.0381227576618365
Variable 'HPsDKHoa.tree_id_0.Aythya_fuligula.t' was not initialized prior to being used
models.generic.SetBranchLength: HPsDKHoa.tree_id_0.Aythya_fuligula.t=0.03862611836064072
Variable 'HPsDKHoa.tree_id_0.Anas_platyrhynchos.t' was not initialized prior to being used
models.generic.SetBranchLength: HPsDKHoa.tree_id_0.Anas_platyrhynchos.t=0.05857728528317448
Variable 'HPsDKHoa.tree_id_0.Node8.t' was not initialized prior to being used
models.generic.SetBranchLength: HPsDKHoa.tree_id_0.Node8.t=0.08560479908302258
Variable 'HPsDKHoa.HPsDKHoa.likelihoodFunction' was not initialized prior to being used
Auto-benchmarked an optimal number (5) of threads.
Set GUI update interval to every 112-th LF evaluation.
Optimization settings:
	OPTIMIZATION_METHOD = 4
	OPTIMIZATION_PRECISION = 0.001
	MAXIMUM_ITERATIONS_PER_VARIABLE = 5000

Initial parameter values

relax.reference.omega3 = 7.27482
relax.reference.omega2 = 0.4601
relax.reference.bsrel_mixture_aux_0 = 0.45
relax.test.theta_GT = 0.293733
relax.reference.omega1 = 0.145496
relax.reference.bsrel_mixture_aux_1 = 0.818182
relax.test.theta_CT = 1.2259
relax.test.theta_AC = 0.129895
relax.test.theta_AT = 0.210827
relax.test.theta_CG = 0.332533
relax.K = 1
HPsDKHoa.tree_id_0.Lagopus_muta.t = 1.36548
HPsDKHoa.tree_id_0.Oxyura_jamaicensis.t = 0.142639
HPsDKHoa.tree_id_0.Cygnus_atratus.t = 0.019359
HPsDKHoa.tree_id_0.Anser_cygnoides.t = 0.0586294
HPsDKHoa.tree_id_0.Node5.t = 0.0336576
HPsDKHoa.tree_id_0.Node3.t = 0.0381228
HPsDKHoa.tree_id_0.Aythya_fuligula.t = 0.0386261
HPsDKHoa.tree_id_0.Anas_platyrhynchos.t = 0.0585773
HPsDKHoa.tree_id_0.Node8.t = 0.0856048
Optimization finished in 23 loop passes.
2193 likelihood evaluation calls and 39576 matrix exponentiations calls were made

Variable 'MPI_NODE_COUNT' was not initialized prior to being used
No nodel was assigned to Lagopus_muta
No nodel was assigned to Oxyura_jamaicensis
No nodel was assigned to Cygnus_atratus
No nodel was assigned to Anser_cygnoides
No nodel was assigned to Node5
No nodel was assigned to Node3
No nodel was assigned to Aythya_fuligula
No nodel was assigned to Anas_platyrhynchos
No nodel was assigned to Node8
Likelihood function cleared because partition index '0' points to invalid components
The tips of the tree:HPsDKHoa.tree_id_0 were matched with the species names from the data in the following numeric order (0-based) {0,2,1,3,4,5}

Pseudo-optimal path's cost 693 vs 901 for 1..k=> a 1.30014 x improvement
Partition 0 is ASSUMED to have a reversible model
relax.reference.theta_AC was already constrained in estimators.SetGlobals2
relax.reference.theta_AG was already constrained in estimators.SetGlobals2
relax.reference.theta_AT was already constrained in estimators.SetGlobals2
relax.reference.theta_CG was already constrained in estimators.SetGlobals2
relax.reference.theta_CT was already constrained in estimators.SetGlobals2
relax.reference.theta_GT was already constrained in estimators.SetGlobals2
relax.test.bsrel_mixture_aux_0 was already constrained in estimators.SetGlobals2
relax.test.bsrel_mixture_aux_1 was already constrained in estimators.SetGlobals2
relax.test.theta_AG was already constrained in estimators.SetGlobals2
relax.test.omega1 was already constrained in estimators.SetGlobals2
relax.test.omega2 was already constrained in estimators.SetGlobals2
relax.test.omega3 was already constrained in estimators.SetGlobals2
Variable 'HPsDKHoa.tree_id_0.Lagopus_muta.t' was not initialized prior to being used
models.generic.SetBranchLength: HPsDKHoa.tree_id_0.Lagopus_muta.t=2.997680808296101
Variable 'HPsDKHoa.tree_id_0.Oxyura_jamaicensis.t' was not initialized prior to being used
models.generic.SetBranchLength: HPsDKHoa.tree_id_0.Oxyura_jamaicensis.t=0.2998547249312531
Variable 'HPsDKHoa.tree_id_0.Cygnus_atratus.t' was not initialized prior to being used
models.generic.SetBranchLength: HPsDKHoa.tree_id_0.Cygnus_atratus.t=0.04040949216110691
Variable 'HPsDKHoa.tree_id_0.Anser_cygnoides.t' was not initialized prior to being used
models.generic.SetBranchLength: HPsDKHoa.tree_id_0.Anser_cygnoides.t=0.1217771950870831
Variable 'HPsDKHoa.tree_id_0.Node5.t' was not initialized prior to being used
models.generic.SetBranchLength: HPsDKHoa.tree_id_0.Node5.t=0.07020078900397361
Variable 'HPsDKHoa.tree_id_0.Node3.t' was not initialized prior to being used
models.generic.SetBranchLength: HPsDKHoa.tree_id_0.Node3.t=0.07995646247347524
Variable 'HPsDKHoa.tree_id_0.Aythya_fuligula.t' was not initialized prior to being used
models.generic.SetBranchLength: HPsDKHoa.tree_id_0.Aythya_fuligula.t=0.08058463021183619
Variable 'HPsDKHoa.tree_id_0.Anas_platyrhynchos.t' was not initialized prior to being used
models.generic.SetBranchLength: HPsDKHoa.tree_id_0.Anas_platyrhynchos.t=0.1218575006970815
Variable 'HPsDKHoa.tree_id_0.Node8.t' was not initialized prior to being used
models.generic.SetBranchLength: HPsDKHoa.tree_id_0.Node8.t=0.1785569319895775
Auto-benchmarked an optimal number (6) of threads.
Set GUI update interval to every 99-th LF evaluation.
Optimization settings:
	OPTIMIZATION_METHOD = 4
	OPTIMIZATION_PRECISION = 0.001
	MAXIMUM_ITERATIONS_PER_VARIABLE = 5000

Initial parameter values

relax.reference.omega3 = 1
relax.reference.omega2 = 0.492703
relax.reference.bsrel_mixture_aux_0 = 0.510885
relax.test.theta_GT = 0.289522
relax.reference.omega1 = 0
relax.reference.bsrel_mixture_aux_1 = 0.947951
relax.test.theta_CT = 1.24781
relax.test.theta_AC = 0.119124
relax.test.theta_AT = 0.209784
relax.test.theta_CG = 0.31499
relax.K = 1
HPsDKHoa.tree_id_0.Lagopus_muta.t = 2.99768
HPsDKHoa.tree_id_0.Oxyura_jamaicensis.t = 0.299855
HPsDKHoa.tree_id_0.Cygnus_atratus.t = 0.0404095
HPsDKHoa.tree_id_0.Anser_cygnoides.t = 0.121777
HPsDKHoa.tree_id_0.Node5.t = 0.0702008
HPsDKHoa.tree_id_0.Node3.t = 0.0799565
HPsDKHoa.tree_id_0.Aythya_fuligula.t = 0.0805846
HPsDKHoa.tree_id_0.Anas_platyrhynchos.t = 0.121858
HPsDKHoa.tree_id_0.Node8.t = 0.178557
Optimization finished in 25 loop passes.
2378 likelihood evaluation calls and 44346 matrix exponentiations calls were made

Variable 'euMpnuRC.HPsDKHoa.likelihoodFunction' was not initialized prior to being used
Auto-benchmarked an optimal number (4) of threads.
Set GUI update interval to every 74-th LF evaluation.
Optimization settings:
	OPTIMIZATION_METHOD = 4
	OPTIMIZATION_PRECISION = 0.001
	MAXIMUM_ITERATIONS_PER_VARIABLE = 5000

Initial parameter values

relax.reference.omega3 = 1.0023
relax.reference.omega2 = 0.839785
relax.reference.bsrel_mixture_aux_0 = 0.526525
relax.test.theta_GT = 0.288025
relax.reference.omega1 = 0
relax.reference.bsrel_mixture_aux_1 = 1
relax.test.theta_CT = 1.25054
relax.test.theta_AC = 0.118305
relax.test.theta_AT = 0.208474
relax.test.theta_CG = 0.315461
HPsDKHoa.tree_id_0.Lagopus_muta.t = 0.83112
HPsDKHoa.tree_id_0.Oxyura_jamaicensis.t = 0.0821352
HPsDKHoa.tree_id_0.Cygnus_atratus.t = 0.0111539
HPsDKHoa.tree_id_0.Anser_cygnoides.t = 0.0334977
HPsDKHoa.tree_id_0.Node5.t = 0.0201924
HPsDKHoa.tree_id_0.Node3.t = 0.0222562
HPsDKHoa.tree_id_0.Aythya_fuligula.t = 0.0222533
HPsDKHoa.tree_id_0.Anas_platyrhynchos.t = 0.0336124
HPsDKHoa.tree_id_0.Node8.t = 0.0481223
Optimization finished in 3 loop passes.
197 likelihood evaluation calls and 3807 matrix exponentiations calls were made

Variable 'USE_JSON_FOR_MATRIX' was not initialized prior to being used