
Loaded 'libv3/all-terms.bf' from /usr/local/lib/hyphy/TemplateBatchFiles/libv3/all-terms.bf
Loaded 'libv3/UtilityFunctions.bf' from /usr/local/lib/hyphy/TemplateBatchFiles/libv3/UtilityFunctions.bf
Loaded 'IOFunctions.bf' from /usr/local/lib/hyphy/TemplateBatchFiles/libv3/IOFunctions.bf
Already loaded 'libv3/UtilityFunctions.bf' from /usr/local/lib/hyphy/TemplateBatchFiles/libv3/UtilityFunctions.bf
Loaded 'convenience/regexp.bf' from /usr/local/lib/hyphy/TemplateBatchFiles/libv3/convenience/regexp.bf
Already loaded 'libv3/all-terms.bf' from /usr/local/lib/hyphy/TemplateBatchFiles/libv3/all-terms.bf
Already loaded 'libv3/IOFunctions.bf' from /usr/local/lib/hyphy/TemplateBatchFiles/libv3/IOFunctions.bf
Loaded 'libv3/models/codon/MG_REV.bf' from /usr/local/lib/hyphy/TemplateBatchFiles/libv3/models/codon/MG_REV.bf
Loaded '../codon.bf' from /usr/local/lib/hyphy/TemplateBatchFiles/libv3/models/codon.bf
Loaded '../tasks/genetic_code.bf' from /usr/local/lib/hyphy/TemplateBatchFiles/libv3/tasks/genetic_code.bf
Loaded 'libv3/convenience/matrix.bf' from /usr/local/lib/hyphy/TemplateBatchFiles/libv3/convenience/matrix.bf
Already loaded 'libv3/UtilityFunctions.bf' from /usr/local/lib/hyphy/TemplateBatchFiles/libv3/UtilityFunctions.bf
Already loaded 'libv3/all-terms.bf' from /usr/local/lib/hyphy/TemplateBatchFiles/libv3/all-terms.bf
Already loaded '../UtilityFunctions.bf' from /usr/local/lib/hyphy/TemplateBatchFiles/libv3/UtilityFunctions.bf
Loaded '../DNA.bf' from /usr/local/lib/hyphy/TemplateBatchFiles/libv3/models/DNA.bf
Loaded 'frequencies.bf' from /usr/local/lib/hyphy/TemplateBatchFiles/libv3/models/frequencies.bf
Already loaded '../all-terms.bf' from /usr/local/lib/hyphy/TemplateBatchFiles/libv3/all-terms.bf
Loaded 'parameters.bf' from /usr/local/lib/hyphy/TemplateBatchFiles/libv3/models/parameters.bf
Loaded 'GrabBag' from /usr/local/lib/hyphy/TemplateBatchFiles/Utility/GrabBag.bf
Overwritten previously defined function:'_sortStringsAux'
Already loaded 'libv3/all-terms.bf' from /usr/local/lib/hyphy/TemplateBatchFiles/libv3/all-terms.bf
Already loaded '../UtilityFunctions.bf' from /usr/local/lib/hyphy/TemplateBatchFiles/libv3/UtilityFunctions.bf
Loaded 'model_functions.bf' from /usr/local/lib/hyphy/TemplateBatchFiles/libv3/models/model_functions.bf
Already loaded 'DNA.bf' from /usr/local/lib/hyphy/TemplateBatchFiles/libv3/models/DNA.bf
Already loaded 'parameters.bf' from /usr/local/lib/hyphy/TemplateBatchFiles/libv3/models/parameters.bf
Already loaded 'frequencies.bf' from /usr/local/lib/hyphy/TemplateBatchFiles/libv3/models/frequencies.bf
Already loaded '../UtilityFunctions.bf' from /usr/local/lib/hyphy/TemplateBatchFiles/libv3/UtilityFunctions.bf
Already loaded '../convenience/regexp.bf' from /usr/local/lib/hyphy/TemplateBatchFiles/libv3/convenience/regexp.bf
Already loaded 'libv3/all-terms.bf' from /usr/local/lib/hyphy/TemplateBatchFiles/libv3/all-terms.bf
Already loaded '../parameters.bf' from /usr/local/lib/hyphy/TemplateBatchFiles/libv3/models/parameters.bf
Already loaded '../frequencies.bf' from /usr/local/lib/hyphy/TemplateBatchFiles/libv3/models/frequencies.bf
Already loaded '../../UtilityFunctions.bf' from /usr/local/lib/hyphy/TemplateBatchFiles/libv3/UtilityFunctions.bf
Loaded 'libv3/tasks/estimators.bf' from /usr/local/lib/hyphy/TemplateBatchFiles/libv3/tasks/estimators.bf
Already loaded '../models/model_functions.bf' from /usr/local/lib/hyphy/TemplateBatchFiles/libv3/models/model_functions.bf
Loaded '../models/DNA/GTR.bf' from /usr/local/lib/hyphy/TemplateBatchFiles/libv3/models/DNA/GTR.bf
Already loaded '../DNA.bf' from /usr/local/lib/hyphy/TemplateBatchFiles/libv3/models/DNA.bf
Already loaded '../parameters.bf' from /usr/local/lib/hyphy/TemplateBatchFiles/libv3/models/parameters.bf
Already loaded '../frequencies.bf' from /usr/local/lib/hyphy/TemplateBatchFiles/libv3/models/frequencies.bf
Already loaded '../../UtilityFunctions.bf' from /usr/local/lib/hyphy/TemplateBatchFiles/libv3/UtilityFunctions.bf
Already loaded 'libv3/all-terms.bf' from /usr/local/lib/hyphy/TemplateBatchFiles/libv3/all-terms.bf
Already loaded '../convenience/regexp.bf' from /usr/local/lib/hyphy/TemplateBatchFiles/libv3/convenience/regexp.bf
Already loaded 'libv3/all-terms.bf' from /usr/local/lib/hyphy/TemplateBatchFiles/libv3/all-terms.bf
Loaded 'libv3/tasks/alignments.bf' from /usr/local/lib/hyphy/TemplateBatchFiles/libv3/tasks/alignments.bf
Already loaded '../IOFunctions.bf' from /usr/local/lib/hyphy/TemplateBatchFiles/libv3/IOFunctions.bf
Already loaded '../all-terms.bf' from /usr/local/lib/hyphy/TemplateBatchFiles/libv3/all-terms.bf
Loaded 'libv3/tasks/trees.bf' from /usr/local/lib/hyphy/TemplateBatchFiles/libv3/tasks/trees.bf
Already loaded '../IOFunctions.bf' from /usr/local/lib/hyphy/TemplateBatchFiles/libv3/IOFunctions.bf
Already loaded '../all-terms.bf' from /usr/local/lib/hyphy/TemplateBatchFiles/libv3/all-terms.bf
Already loaded '../convenience/regexp.bf' from /usr/local/lib/hyphy/TemplateBatchFiles/libv3/convenience/regexp.bf
Already loaded '../UtilityFunctions.bf' from /usr/local/lib/hyphy/TemplateBatchFiles/libv3/UtilityFunctions.bf
Loaded 'TreeTools' from /usr/local/lib/hyphy/TemplateBatchFiles/TreeTools.ibf
Loaded 'modules/io_functions.ibf' from /usr/local/lib/hyphy/TemplateBatchFiles/SelectionAnalyses/modules/io_functions.ibf
Already loaded 'libv3/UtilityFunctions.bf' from /usr/local/lib/hyphy/TemplateBatchFiles/libv3/UtilityFunctions.bf
Already loaded 'libv3/IOFunctions.bf' from /usr/local/lib/hyphy/TemplateBatchFiles/libv3/IOFunctions.bf
Already loaded 'libv3/convenience/regexp.bf' from /usr/local/lib/hyphy/TemplateBatchFiles/libv3/convenience/regexp.bf
Already loaded 'libv3/all-terms.bf' from /usr/local/lib/hyphy/TemplateBatchFiles/libv3/all-terms.bf
Loaded 'modules/selection_lib.ibf' from /usr/local/lib/hyphy/TemplateBatchFiles/SelectionAnalyses/modules/selection_lib.ibf
Loaded 'libv3/models/codon/BS_REL.bf' from /usr/local/lib/hyphy/TemplateBatchFiles/libv3/models/codon/BS_REL.bf
Already loaded '../codon.bf' from /usr/local/lib/hyphy/TemplateBatchFiles/libv3/models/codon.bf
Already loaded '../DNA.bf' from /usr/local/lib/hyphy/TemplateBatchFiles/libv3/models/DNA.bf
Already loaded '../parameters.bf' from /usr/local/lib/hyphy/TemplateBatchFiles/libv3/models/parameters.bf
Already loaded '../frequencies.bf' from /usr/local/lib/hyphy/TemplateBatchFiles/libv3/models/frequencies.bf
Already loaded '../../UtilityFunctions.bf' from /usr/local/lib/hyphy/TemplateBatchFiles/libv3/UtilityFunctions.bf
Already loaded 'MG_REV.bf' from /usr/local/lib/hyphy/TemplateBatchFiles/libv3/models/codon/MG_REV.bf
Loaded '../../convenience/math.bf' from /usr/local/lib/hyphy/TemplateBatchFiles/libv3/convenience/math.bf
Already loaded 'libv3/UtilityFunctions.bf' from /usr/local/lib/hyphy/TemplateBatchFiles/libv3/UtilityFunctions.bf
Already loaded 'libv3/convenience/math.bf' from /usr/local/lib/hyphy/TemplateBatchFiles/libv3/convenience/math.bf
Loaded 'libv3/tasks/mpi.bf' from /usr/local/lib/hyphy/TemplateBatchFiles/libv3/tasks/mpi.bf
Already loaded '../all-terms.bf' from /usr/local/lib/hyphy/TemplateBatchFiles/libv3/all-terms.bf
Already loaded '../models/parameters.bf' from /usr/local/lib/hyphy/TemplateBatchFiles/libv3/models/parameters.bf
Variable 'NORMALIZE_SEQUENCE_NAMES' was not initialized prior to being used
Variable 'ASSUME_REVERSIBLE_MODELS' was not initialized prior to being used
Loaded 'modules/shared-load-file.bf' from /usr/local/lib/hyphy/TemplateBatchFiles/SelectionAnalyses/modules/shared-load-file.bf
Variable 'MARKDOWN_OUTPUT' was not initialized prior to being used
Already loaded 'libv3/convenience/matrix.bf' from /usr/local/lib/hyphy/TemplateBatchFiles/libv3/convenience/matrix.bf
Already loaded 'libv3/UtilityFunctions.bf' from /usr/local/lib/hyphy/TemplateBatchFiles/libv3/UtilityFunctions.bf
Variable 'dhnJmRqY.skipCodeSelectionStep' was not initialized prior to being used
Row and/or column partition is empty. All the data will be used by default.
Variable 'NEXUS_FILE_TREE_MATRIX' was not initialized prior to being used
Variable 'utility.ToggleEnvVariable.cache' was not initialized prior to being used
Variable 'TREE_NODE_NAME_MAPPING' was not initialized prior to being used
Variable 'DSFGEXNC.PROMPT_FOR_FILE' was not initialized prior to being used
Variable 'END_OF_FILE' was not initialized prior to being used
Variable '_DO_TREE_REBALANCE_' was not initialized prior to being used
Variable '_KEEP_I_LABELS_' was not initialized prior to being used
Rooted topology. Removing one branch - the left root child has been promoted to be the new root
Variable 'INCLUDE_MODEL_SPECS' was not initialized prior to being used
Variable 'utility.ForEachPair.warn_non_rentrant' was not initialized prior to being used
Row and/or column partition is empty. All the data will be used by default.
Row and/or column partition is empty. All the data will be used by default.
Loaded 'modules/grid_compute.ibf' from /usr/local/lib/hyphy/TemplateBatchFiles/SelectionAnalyses/modules/grid_compute.ibf
Variable 'fwRTFdPn.cache' was not initialized prior to being used
Row and/or column partition is empty. All the data will be used by default.
Variable 'COUNT_GAPS_IN_FREQUENCIES' was not initialized prior to being used
Variable 'EjvFiZrp.model_pi' was not initialized prior to being used
Model EjvFiZrp.model assigned to Lyrurus_tetrix
Model EjvFiZrp.model assigned to Tympanuchus_cupido
Model EjvFiZrp.model assigned to Centrocercus_minimus
Model EjvFiZrp.model assigned to Node4
Model EjvFiZrp.model assigned to Node2
Model EjvFiZrp.model assigned to Lagopus_muta
Model EjvFiZrp.model assigned to Oxyura_jamaicensis
Model EjvFiZrp.model assigned to Cygnus_atratus
Model EjvFiZrp.model assigned to Anser_cygnoides
Model EjvFiZrp.model assigned to Node11
Model EjvFiZrp.model assigned to Node9
Model EjvFiZrp.model assigned to Aythya_fuligula
Model EjvFiZrp.model assigned to Anas_platyrhynchos
Model EjvFiZrp.model assigned to Node14
Model EjvFiZrp.model assigned to Node8
The tips of the tree:EjvFiZrp.tree_0 were matched with the species names from the data in the following numeric order (0-based) {0,3,2,1,5,4,6,7,8}

Pseudo-optimal path's cost 488 vs 764 for 1..k=> a 1.56557 x improvement
Partition 0 is ASSUMED to have a reversible model
Variable 'USE_LAST_RESULTS' was not initialized prior to being used
Variable 'EjvFiZrp.tree_0.Lyrurus_tetrix.t' was not initialized prior to being used
models.generic.SetBranchLength: EjvFiZrp.tree_0.Lyrurus_tetrix.t=18.2288354168487
Variable 'EjvFiZrp.tree_0.Tympanuchus_cupido.t' was not initialized prior to being used
models.generic.SetBranchLength: EjvFiZrp.tree_0.Tympanuchus_cupido.t=16.43714004251292
Variable 'EjvFiZrp.tree_0.Centrocercus_minimus.t' was not initialized prior to being used
models.generic.SetBranchLength: EjvFiZrp.tree_0.Centrocercus_minimus.t=16.43714004251292
Variable 'EjvFiZrp.tree_0.Node4.t' was not initialized prior to being used
models.generic.SetBranchLength: EjvFiZrp.tree_0.Node4.t=1.791695374335778
Variable 'EjvFiZrp.tree_0.Node2.t' was not initialized prior to being used
models.generic.SetBranchLength: EjvFiZrp.tree_0.Node2.t=12.94706628186718
Variable 'EjvFiZrp.tree_0.Lagopus_muta.t' was not initialized prior to being used
models.generic.SetBranchLength: EjvFiZrp.tree_0.Lagopus_muta.t=31.17590169871588
Variable 'EjvFiZrp.tree_0.Oxyura_jamaicensis.t' was not initialized prior to being used
models.generic.SetBranchLength: EjvFiZrp.tree_0.Oxyura_jamaicensis.t=75.22573220063376
Variable 'EjvFiZrp.tree_0.Cygnus_atratus.t' was not initialized prior to being used
models.generic.SetBranchLength: EjvFiZrp.tree_0.Cygnus_atratus.t=54.10109323695116
Variable 'EjvFiZrp.tree_0.Anser_cygnoides.t' was not initialized prior to being used
models.generic.SetBranchLength: EjvFiZrp.tree_0.Anser_cygnoides.t=54.10109323695116
Variable 'EjvFiZrp.tree_0.Node11.t' was not initialized prior to being used
models.generic.SetBranchLength: EjvFiZrp.tree_0.Node11.t=21.1246389636826
Variable 'EjvFiZrp.tree_0.Node9.t' was not initialized prior to being used
models.generic.SetBranchLength: EjvFiZrp.tree_0.Node9.t=5.68825265505643
Variable 'EjvFiZrp.tree_0.Aythya_fuligula.t' was not initialized prior to being used
models.generic.SetBranchLength: EjvFiZrp.tree_0.Aythya_fuligula.t=41.24576356174745
Variable 'EjvFiZrp.tree_0.Anas_platyrhynchos.t' was not initialized prior to being used
models.generic.SetBranchLength: EjvFiZrp.tree_0.Anas_platyrhynchos.t=41.24576356174745
Variable 'EjvFiZrp.tree_0.Node14.t' was not initialized prior to being used
models.generic.SetBranchLength: EjvFiZrp.tree_0.Node14.t=39.6682213206217
Variable 'EjvFiZrp.tree_0.Node8.t' was not initialized prior to being used
models.generic.SetBranchLength: EjvFiZrp.tree_0.Node8.t=132.3987247992241
Variable 'EjvFiZrp.EjvFiZrp.likelihoodFunction' was not initialized prior to being used
Variable 'SAVE_OPT_STATUS_TO' was not initialized prior to being used
Auto-benchmarked an optimal number (1) of threads.
Set GUI update interval to every 7352-th LF evaluation.
Optimization settings:
	OPTIMIZATION_METHOD = 4
	OPTIMIZATION_PRECISION = 0.001
	MAXIMUM_ITERATIONS_PER_VARIABLE = 5000

Initial parameter values

EjvFiZrp.model.theta_GT = 0.25
EjvFiZrp.model.theta_CT = 1
EjvFiZrp.model.theta_CG = 0.25
EjvFiZrp.model.theta_AT = 0.25
EjvFiZrp.model.theta_AC = 0.25
EjvFiZrp.tree_0.Lyrurus_tetrix.t = 18.2288
EjvFiZrp.tree_0.Tympanuchus_cupido.t = 16.4371
EjvFiZrp.tree_0.Centrocercus_minimus.t = 16.4371
EjvFiZrp.tree_0.Node4.t = 1.7917
EjvFiZrp.tree_0.Node2.t = 12.9471
EjvFiZrp.tree_0.Lagopus_muta.t = 31.1759
EjvFiZrp.tree_0.Oxyura_jamaicensis.t = 75.2257
EjvFiZrp.tree_0.Cygnus_atratus.t = 54.1011
EjvFiZrp.tree_0.Anser_cygnoides.t = 54.1011
EjvFiZrp.tree_0.Node11.t = 21.1246
EjvFiZrp.tree_0.Node9.t = 5.68825
EjvFiZrp.tree_0.Aythya_fuligula.t = 41.2458
EjvFiZrp.tree_0.Anas_platyrhynchos.t = 41.2458
EjvFiZrp.tree_0.Node14.t = 39.6682
EjvFiZrp.tree_0.Node8.t = 132.399
Optimization finished in 28 loop passes.
2203 likelihood evaluation calls and 13570 matrix exponentiations calls were made

Variable 'BRANCH_LENGTH_STENCIL' was not initialized prior to being used
Variable 'EjvFiZrp.option' was not initialized prior to being used
Variable 'relax.terms.json.nucleotide_gtr' was not initialized prior to being used
Variable 'Unknown' was not initialized prior to being used
Variable 'yTg_SiPb.initial_value' was not initialized prior to being used
Variable 'BIwpTJqe.data_filter' was not initialized prior to being used
Row and/or column partition is empty. All the data will be used by default.
Auto-benchmarked an optimal number (2) of threads.
Set GUI update interval to every 4716-th LF evaluation.
Optimization settings:
	OPTIMIZATION_METHOD = 4
	OPTIMIZATION_PRECISION = 0.001
	MAXIMUM_ITERATIONS_PER_VARIABLE = 5000

Initial parameter values

frequencies._aux.CF3x4.p0_0 = 0.283573
frequencies._aux.CF3x4.p0_1 = 0.356764
frequencies._aux.CF3x4.p0_2 = 0.615351
frequencies._aux.CF3x4.p1_0 = 0.333533
frequencies._aux.CF3x4.p1_1 = 0.261769
frequencies._aux.CF3x4.p1_2 = 0.400081
frequencies._aux.CF3x4.p2_0 = 0.232814
frequencies._aux.CF3x4.p2_1 = 0.287835
frequencies._aux.CF3x4.p2_2 = 0.513899
Optimization finished in 7 loop passes.
307 likelihood evaluation calls and 0 matrix exponentiations calls were made

Variable 'BIwpTJqe.model_MGREV_pi' was not initialized prior to being used
Model BIwpTJqe.model_MGREV assigned to Lyrurus_tetrix
Model BIwpTJqe.model_MGREV assigned to Tympanuchus_cupido
Model BIwpTJqe.model_MGREV assigned to Centrocercus_minimus
Model BIwpTJqe.model_MGREV assigned to Node4
Model BIwpTJqe.model_MGREV assigned to Node2
Model BIwpTJqe.model_MGREV assigned to Lagopus_muta
Model BIwpTJqe.model_MGREV assigned to Oxyura_jamaicensis
Model BIwpTJqe.model_MGREV assigned to Cygnus_atratus
Model BIwpTJqe.model_MGREV assigned to Anser_cygnoides
Model BIwpTJqe.model_MGREV assigned to Node11
Model BIwpTJqe.model_MGREV assigned to Node9
Model BIwpTJqe.model_MGREV assigned to Aythya_fuligula
Model BIwpTJqe.model_MGREV assigned to Anas_platyrhynchos
Model BIwpTJqe.model_MGREV assigned to Node14
Model BIwpTJqe.model_MGREV assigned to Node8
The tips of the tree:BIwpTJqe.tree_0 were matched with the species names from the data in the following numeric order (0-based) {0,3,2,1,5,4,6,7,8}

Pseudo-optimal path's cost 1249 vs 1613 for 1..k=> a 1.29143 x improvement
Partition 0 is ASSUMED to have a reversible model
Variable 'BIwpTJqe.BIwpTJqe.likelihoodFunction' was not initialized prior to being used
Variable 'BIwpTJqe.tree_0.Lyrurus_tetrix.alpha' was not initialized prior to being used
Variable 'BIwpTJqe.tree_0.Tympanuchus_cupido.alpha' was not initialized prior to being used
Variable 'BIwpTJqe.tree_0.Centrocercus_minimus.alpha' was not initialized prior to being used
Variable 'BIwpTJqe.tree_0.Node4.alpha' was not initialized prior to being used
Variable 'BIwpTJqe.tree_0.Node2.alpha' was not initialized prior to being used
Variable 'BIwpTJqe.tree_0.Lagopus_muta.alpha' was not initialized prior to being used
Variable 'BIwpTJqe.tree_0.Oxyura_jamaicensis.alpha' was not initialized prior to being used
Variable 'BIwpTJqe.tree_0.Cygnus_atratus.alpha' was not initialized prior to being used
Variable 'BIwpTJqe.tree_0.Anser_cygnoides.alpha' was not initialized prior to being used
Variable 'BIwpTJqe.tree_0.Node11.alpha' was not initialized prior to being used
Variable 'BIwpTJqe.tree_0.Node9.alpha' was not initialized prior to being used
Variable 'BIwpTJqe.tree_0.Aythya_fuligula.alpha' was not initialized prior to being used
Variable 'BIwpTJqe.tree_0.Anas_platyrhynchos.alpha' was not initialized prior to being used
Variable 'BIwpTJqe.tree_0.Node14.alpha' was not initialized prior to being used
Variable 'BIwpTJqe.tree_0.Node8.alpha' was not initialized prior to being used
Site 52 evaluated to a 0 probability in ComputeTreeBlockByBranch
Site 15 evaluated to a 0 probability in ComputeTreeBlockByBranch
Site 52 evaluated to a 0 probability in ComputeTreeBlockByBranch
Auto-benchmarked an optimal number (1) of threads.
Set GUI update interval to every 223-th LF evaluation.
Initial guess for BIwpTJqe.tree_0.Lyrurus_tetrix.alpha is 3.40798e-05
Initial guess for BIwpTJqe.tree_0.Node4.alpha is -2.26666e-06
Initial guess for BIwpTJqe.tree_0.Tympanuchus_cupido.alpha is 2.02439e-05
Initial guess for BIwpTJqe.tree_0.Centrocercus_minimus.alpha is 1.90327e-05
Initial guess for BIwpTJqe.tree_0.Lagopus_muta.alpha is 1.21163e-05
Initial guess for BIwpTJqe.tree_0.Node8.alpha is 6.70718e-06
Initial guess for BIwpTJqe.tree_0.Node9.alpha is 0.000215282
Initial guess for BIwpTJqe.tree_0.Oxyura_jamaicensis.alpha is 2.76754e-05
Initial guess for BIwpTJqe.tree_0.Node11.alpha is 1.27949e-06
Initial guess for BIwpTJqe.tree_0.Cygnus_atratus.alpha is 3.35356e-06
Initial guess for BIwpTJqe.tree_0.Anser_cygnoides.alpha is 1.19822e-05
Initial guess for BIwpTJqe.tree_0.Node14.alpha is 6.83121e-06
Initial guess for BIwpTJqe.tree_0.Aythya_fuligula.alpha is 7.57656e-06
Initial guess for BIwpTJqe.tree_0.Anas_platyrhynchos.alpha is 1.15932e-05
Optimization settings:
	OPTIMIZATION_METHOD = 4
	OPTIMIZATION_PRECISION = 0.001
	MAXIMUM_ITERATIONS_PER_VARIABLE = 5000

Initial parameter values

BIwpTJqe.model_MGREV.theta_GT = 1
BIwpTJqe.model_MGREV.theta_CT = 1
BIwpTJqe.model_MGREV.theta_AC = 1
BIwpTJqe.model_MGREV.theta_CG = 1
BIwpTJqe.model_MGREV.theta_AT = 1
BIwpTJqe.model_MGREV.omega_0 = 1
BIwpTJqe.model_MGREV.omega_1 = 1
BIwpTJqe.tree_0.Lyrurus_tetrix.alpha = 3.40798e-05
BIwpTJqe.tree_0.Tympanuchus_cupido.alpha = 2.02439e-05
BIwpTJqe.tree_0.Centrocercus_minimus.alpha = 1.90327e-05
BIwpTJqe.tree_0.Node4.alpha = 0
BIwpTJqe.tree_0.Node2.alpha = 0.1
BIwpTJqe.tree_0.Lagopus_muta.alpha = 1.21163e-05
BIwpTJqe.tree_0.Oxyura_jamaicensis.alpha = 2.76754e-05
BIwpTJqe.tree_0.Cygnus_atratus.alpha = 3.35356e-06
BIwpTJqe.tree_0.Anser_cygnoides.alpha = 1.19822e-05
BIwpTJqe.tree_0.Node11.alpha = 1.27949e-06
BIwpTJqe.tree_0.Node9.alpha = 0.000215282
BIwpTJqe.tree_0.Aythya_fuligula.alpha = 7.57656e-06
BIwpTJqe.tree_0.Anas_platyrhynchos.alpha = 1.15932e-05
BIwpTJqe.tree_0.Node14.alpha = 6.83121e-06
BIwpTJqe.tree_0.Node8.alpha = 6.70718e-06
Failing bound checks on BIwpTJqe.tree_0.Node8.beta =         10000.90132261288
Optimization finished in 22 loop passes.
2169 likelihood evaluation calls and 11982 matrix exponentiations calls were made

Row and/or column partition is empty. All the data will be used by default.
Auto-benchmarked an optimal number (4) of threads.
Set GUI update interval to every 3164-th LF evaluation.
Optimization settings:
	OPTIMIZATION_METHOD = 4
	OPTIMIZATION_PRECISION = 0.001
	MAXIMUM_ITERATIONS_PER_VARIABLE = 5000

Initial parameter values

frequencies._aux.CF3x4.p0_0 = 0.283573
frequencies._aux.CF3x4.p0_1 = 0.356764
frequencies._aux.CF3x4.p0_2 = 0.615351
frequencies._aux.CF3x4.p1_0 = 0.333533
frequencies._aux.CF3x4.p1_1 = 0.261769
frequencies._aux.CF3x4.p1_2 = 0.400081
frequencies._aux.CF3x4.p2_0 = 0.232814
frequencies._aux.CF3x4.p2_1 = 0.287835
frequencies._aux.CF3x4.p2_2 = 0.513899
Optimization finished in 7 loop passes.
309 likelihood evaluation calls and 0 matrix exponentiations calls were made

Variable 'BIwpTJqe.model_MGREV_pi' was not initialized prior to being used
Model BIwpTJqe.model_MGREV assigned to Lyrurus_tetrix
Model BIwpTJqe.model_MGREV assigned to Tympanuchus_cupido
Model BIwpTJqe.model_MGREV assigned to Centrocercus_minimus
Model BIwpTJqe.model_MGREV assigned to Node4
Model BIwpTJqe.model_MGREV assigned to Node2
Model BIwpTJqe.model_MGREV assigned to Lagopus_muta
Model BIwpTJqe.model_MGREV assigned to Oxyura_jamaicensis
Model BIwpTJqe.model_MGREV assigned to Cygnus_atratus
Model BIwpTJqe.model_MGREV assigned to Anser_cygnoides
Model BIwpTJqe.model_MGREV assigned to Node11
Model BIwpTJqe.model_MGREV assigned to Node9
Model BIwpTJqe.model_MGREV assigned to Aythya_fuligula
Model BIwpTJqe.model_MGREV assigned to Anas_platyrhynchos
Model BIwpTJqe.model_MGREV assigned to Node14
Model BIwpTJqe.model_MGREV assigned to Node8
The tips of the tree:BIwpTJqe.tree_0 were matched with the species names from the data in the following numeric order (0-based) {0,3,2,1,5,4,6,7,8}

Pseudo-optimal path's cost 1249 vs 1613 for 1..k=> a 1.29143 x improvement
Partition 0 is ASSUMED to have a reversible model
Variable 'BIwpTJqe.tree_0.Anas_platyrhynchos.alpha' was not initialized prior to being used
Variable 'BIwpTJqe.tree_0.Aythya_fuligula.alpha' was not initialized prior to being used
Variable 'BIwpTJqe.tree_0.Node14.alpha' was not initialized prior to being used
Variable 'BIwpTJqe.tree_0.Node9.alpha' was not initialized prior to being used
Variable 'BIwpTJqe.tree_0.Node11.alpha' was not initialized prior to being used
Variable 'BIwpTJqe.tree_0.Tympanuchus_cupido.alpha' was not initialized prior to being used
Variable 'BIwpTJqe.tree_0.Anser_cygnoides.alpha' was not initialized prior to being used
Variable 'BIwpTJqe.tree_0.Node4.alpha' was not initialized prior to being used
Variable 'BIwpTJqe.tree_0.Cygnus_atratus.alpha' was not initialized prior to being used
Variable 'BIwpTJqe.tree_0.Lyrurus_tetrix.alpha' was not initialized prior to being used
Variable 'BIwpTJqe.tree_0.Oxyura_jamaicensis.alpha' was not initialized prior to being used
Variable 'BIwpTJqe.tree_0.Lagopus_muta.alpha' was not initialized prior to being used
Variable 'BIwpTJqe.tree_0.Centrocercus_minimus.alpha' was not initialized prior to being used
Variable 'BIwpTJqe.tree_0.Node2.alpha' was not initialized prior to being used
Variable 'BIwpTJqe.tree_0.Node8.alpha' was not initialized prior to being used
Site 52 evaluated to a 0 probability in ComputeTreeBlockByBranch
Site 15 evaluated to a 0 probability in ComputeTreeBlockByBranch
Site 52 evaluated to a 0 probability in ComputeTreeBlockByBranch
Site 16 evaluated to a 0 probability in ComputeTreeBlockByBranch
Site 103 evaluated to a 0 probability in ComputeTreeBlockByBranch
Site 52 evaluated to a 0 probability in ComputeTreeBlockByBranch
Auto-benchmarked an optimal number (2) of threads.
Set GUI update interval to every 397-th LF evaluation.
Initial guess for BIwpTJqe.tree_0.Lyrurus_tetrix.alpha is 3.40798e-05
Initial guess for BIwpTJqe.tree_0.Node4.alpha is -2.26666e-06
Initial guess for BIwpTJqe.tree_0.Tympanuchus_cupido.alpha is 2.02439e-05
Initial guess for BIwpTJqe.tree_0.Centrocercus_minimus.alpha is 1.90327e-05
Initial guess for BIwpTJqe.tree_0.Lagopus_muta.alpha is 1.21163e-05
Initial guess for BIwpTJqe.tree_0.Node8.alpha is 6.70718e-06
Initial guess for BIwpTJqe.tree_0.Node9.alpha is 0.000215282
Initial guess for BIwpTJqe.tree_0.Oxyura_jamaicensis.alpha is 2.76754e-05
Initial guess for BIwpTJqe.tree_0.Node11.alpha is 1.27949e-06
Initial guess for BIwpTJqe.tree_0.Cygnus_atratus.alpha is 3.35356e-06
Initial guess for BIwpTJqe.tree_0.Anser_cygnoides.alpha is 1.19822e-05
Initial guess for BIwpTJqe.tree_0.Node14.alpha is 6.83121e-06
Initial guess for BIwpTJqe.tree_0.Aythya_fuligula.alpha is 7.57656e-06
Initial guess for BIwpTJqe.tree_0.Anas_platyrhynchos.alpha is 1.15932e-05
Optimization settings:
	OPTIMIZATION_METHOD = 4
	OPTIMIZATION_PRECISION = 0.001
	MAXIMUM_ITERATIONS_PER_VARIABLE = 5000

Initial parameter values

BIwpTJqe.model_MGREV.theta_CG = 1
BIwpTJqe.model_MGREV.theta_AT = 1
BIwpTJqe.model_MGREV.theta_CT = 1
BIwpTJqe.model_MGREV.theta_GT = 1
BIwpTJqe.model_MGREV.theta_AC = 1
BIwpTJqe.model_MGREV.omega_0 = 1
BIwpTJqe.model_MGREV.omega_1 = 1
BIwpTJqe.tree_0.Lyrurus_tetrix.alpha = 3.40798e-05
BIwpTJqe.tree_0.Tympanuchus_cupido.alpha = 2.02439e-05
BIwpTJqe.tree_0.Centrocercus_minimus.alpha = 1.90327e-05
BIwpTJqe.tree_0.Node4.alpha = 0
BIwpTJqe.tree_0.Node2.alpha = 0.1
BIwpTJqe.tree_0.Lagopus_muta.alpha = 1.21163e-05
BIwpTJqe.tree_0.Oxyura_jamaicensis.alpha = 2.76754e-05
BIwpTJqe.tree_0.Cygnus_atratus.alpha = 3.35356e-06
BIwpTJqe.tree_0.Anser_cygnoides.alpha = 1.19822e-05
BIwpTJqe.tree_0.Node11.alpha = 1.27949e-06
BIwpTJqe.tree_0.Node9.alpha = 0.000215282
BIwpTJqe.tree_0.Aythya_fuligula.alpha = 7.57656e-06
BIwpTJqe.tree_0.Anas_platyrhynchos.alpha = 1.15932e-05
BIwpTJqe.tree_0.Node14.alpha = 6.83121e-06
BIwpTJqe.tree_0.Node8.alpha = 6.70718e-06
Failing bound checks on BIwpTJqe.tree_0.Node8.beta =         10000.90132261122
Optimization finished in 23 loop passes.
2376 likelihood evaluation calls and 13608 matrix exponentiations calls were made

Overwritten previously defined function:'eCrEExhW.rate_generator'
Overwritten previously defined function:'eCrEExhW.rate_generator'
Auto-benchmarked an optimal number (4) of threads.
Set GUI update interval to every 3048-th LF evaluation.
Optimization settings:
	OPTIMIZATION_METHOD = 4
	OPTIMIZATION_PRECISION = 0.001
	MAXIMUM_ITERATIONS_PER_VARIABLE = 5000

Initial parameter values

frequencies._aux.CF3x4.p0_0 = 0.283573
frequencies._aux.CF3x4.p0_1 = 0.356764
frequencies._aux.CF3x4.p0_2 = 0.615351
frequencies._aux.CF3x4.p1_0 = 0.333533
frequencies._aux.CF3x4.p1_1 = 0.261769
frequencies._aux.CF3x4.p1_2 = 0.400081
frequencies._aux.CF3x4.p2_0 = 0.232814
frequencies._aux.CF3x4.p2_1 = 0.287835
frequencies._aux.CF3x4.p2_2 = 0.513899
Optimization finished in 7 loop passes.
309 likelihood evaluation calls and 0 matrix exponentiations calls were made

Variable 'relax.test_pi' was not initialized prior to being used
Overwritten previously defined function:'eCrEExhW.rate_generator'
Overwritten previously defined function:'eCrEExhW.rate_generator'
Overwritten previously defined function:'eCrEExhW.rate_generator'
Auto-benchmarked an optimal number (1) of threads.
Set GUI update interval to every 3012-th LF evaluation.
Optimization settings:
	OPTIMIZATION_METHOD = 4
	OPTIMIZATION_PRECISION = 0.001
	MAXIMUM_ITERATIONS_PER_VARIABLE = 5000

Initial parameter values

frequencies._aux.CF3x4.p0_0 = 0.283573
frequencies._aux.CF3x4.p0_1 = 0.356764
frequencies._aux.CF3x4.p0_2 = 0.615351
frequencies._aux.CF3x4.p1_0 = 0.333533
frequencies._aux.CF3x4.p1_1 = 0.261769
frequencies._aux.CF3x4.p1_2 = 0.400081
frequencies._aux.CF3x4.p2_0 = 0.232814
frequencies._aux.CF3x4.p2_1 = 0.287835
frequencies._aux.CF3x4.p2_2 = 0.513899
Optimization finished in 7 loop passes.
306 likelihood evaluation calls and 0 matrix exponentiations calls were made

Variable 'relax.reference_pi' was not initialized prior to being used
No nodel was assigned to Lyrurus_tetrix
No nodel was assigned to Tympanuchus_cupido
No nodel was assigned to Centrocercus_minimus
No nodel was assigned to Node4
No nodel was assigned to Node2
No nodel was assigned to Lagopus_muta
No nodel was assigned to Oxyura_jamaicensis
No nodel was assigned to Cygnus_atratus
No nodel was assigned to Anser_cygnoides
No nodel was assigned to Node11
No nodel was assigned to Node9
No nodel was assigned to Aythya_fuligula
No nodel was assigned to Anas_platyrhynchos
No nodel was assigned to Node14
No nodel was assigned to Node8
The tips of the tree:xgiHOYRz.tree_id_0 were matched with the species names from the data in the following numeric order (0-based) {0,3,2,1,5,4,6,7,8}

Pseudo-optimal path's cost 1249 vs 1613 for 1..k=> a 1.29143 x improvement
Partition 0 is ASSUMED to have a reversible model
relax.reference.theta_AC was already constrained in estimators.SetGlobals2
relax.reference.theta_AG was already constrained in estimators.SetGlobals2
relax.reference.theta_AT was already constrained in estimators.SetGlobals2
relax.reference.theta_CG was already constrained in estimators.SetGlobals2
relax.reference.theta_CT was already constrained in estimators.SetGlobals2
relax.reference.theta_GT was already constrained in estimators.SetGlobals2
relax.test.theta_AG was already constrained in estimators.SetGlobals2
Variable 'xgiHOYRz.tree_id_0.Lyrurus_tetrix.t' was not initialized prior to being used
models.generic.SetBranchLength: xgiHOYRz.tree_id_0.Lyrurus_tetrix.t=0.1853961468846353
Variable 'xgiHOYRz.tree_id_0.Tympanuchus_cupido.t' was not initialized prior to being used
models.generic.SetBranchLength: xgiHOYRz.tree_id_0.Tympanuchus_cupido.t=0.1051655898453077
Variable 'xgiHOYRz.tree_id_0.Centrocercus_minimus.t' was not initialized prior to being used
models.generic.SetBranchLength: xgiHOYRz.tree_id_0.Centrocercus_minimus.t=0.1078577375492978
Variable 'xgiHOYRz.tree_id_0.Node4.t' was not initialized prior to being used
models.generic.SetBranchLength: xgiHOYRz.tree_id_0.Node4.t=0.05617797641244818
Variable 'xgiHOYRz.tree_id_0.Node2.t' was not initialized prior to being used
models.generic.SetBranchLength: xgiHOYRz.tree_id_0.Node2.t=0
Variable 'xgiHOYRz.tree_id_0.Lagopus_muta.t' was not initialized prior to being used
models.generic.SetBranchLength: xgiHOYRz.tree_id_0.Lagopus_muta.t=0.04703120622539076
Variable 'xgiHOYRz.tree_id_0.Oxyura_jamaicensis.t' was not initialized prior to being used
models.generic.SetBranchLength: xgiHOYRz.tree_id_0.Oxyura_jamaicensis.t=0.1304941737446217
Variable 'xgiHOYRz.tree_id_0.Cygnus_atratus.t' was not initialized prior to being used
models.generic.SetBranchLength: xgiHOYRz.tree_id_0.Cygnus_atratus.t=0.01788575471333384
Variable 'xgiHOYRz.tree_id_0.Anser_cygnoides.t' was not initialized prior to being used
models.generic.SetBranchLength: xgiHOYRz.tree_id_0.Anser_cygnoides.t=0.05394919643117557
Variable 'xgiHOYRz.tree_id_0.Node11.t' was not initialized prior to being used
models.generic.SetBranchLength: xgiHOYRz.tree_id_0.Node11.t=0.03190845510214529
Variable 'xgiHOYRz.tree_id_0.Node9.t' was not initialized prior to being used
models.generic.SetBranchLength: xgiHOYRz.tree_id_0.Node9.t=0.03777512725391666
Variable 'xgiHOYRz.tree_id_0.Aythya_fuligula.t' was not initialized prior to being used
models.generic.SetBranchLength: xgiHOYRz.tree_id_0.Aythya_fuligula.t=0.03576585473474669
Variable 'xgiHOYRz.tree_id_0.Anas_platyrhynchos.t' was not initialized prior to being used
models.generic.SetBranchLength: xgiHOYRz.tree_id_0.Anas_platyrhynchos.t=0.05396246706219066
Variable 'xgiHOYRz.tree_id_0.Node14.t' was not initialized prior to being used
models.generic.SetBranchLength: xgiHOYRz.tree_id_0.Node14.t=0.07520385695829265
Variable 'xgiHOYRz.tree_id_0.Node8.t' was not initialized prior to being used
models.generic.SetBranchLength: xgiHOYRz.tree_id_0.Node8.t=1.247235150830755
Variable 'xgiHOYRz.xgiHOYRz.likelihoodFunction' was not initialized prior to being used
Auto-benchmarked an optimal number (2) of threads.
Set GUI update interval to every 19-th LF evaluation.
Optimization settings:
	OPTIMIZATION_METHOD = 4
	OPTIMIZATION_PRECISION = 0.001
	MAXIMUM_ITERATIONS_PER_VARIABLE = 5000

Initial parameter values

relax.reference.omega1 = 0.145496
relax.reference.bsrel_mixture_aux_0 = 0.45
relax.reference.bsrel_mixture_aux_1 = 0.818182
relax.reference.omega3 = 7.27482
relax.reference.omega2 = 0.4601
relax.test.theta_GT = 0.27892
relax.test.theta_AC = 0.165276
relax.test.theta_AT = 0.251643
relax.test.theta_CT = 1.52877
relax.test.theta_CG = 0.277213
relax.K = 1
xgiHOYRz.tree_id_0.Lyrurus_tetrix.t = 0.185396
xgiHOYRz.tree_id_0.Tympanuchus_cupido.t = 0.105166
xgiHOYRz.tree_id_0.Centrocercus_minimus.t = 0.107858
xgiHOYRz.tree_id_0.Node4.t = 0.056178
xgiHOYRz.tree_id_0.Node2.t = 0
xgiHOYRz.tree_id_0.Lagopus_muta.t = 0.0470312
xgiHOYRz.tree_id_0.Oxyura_jamaicensis.t = 0.130494
xgiHOYRz.tree_id_0.Cygnus_atratus.t = 0.0178858
xgiHOYRz.tree_id_0.Anser_cygnoides.t = 0.0539492
xgiHOYRz.tree_id_0.Node11.t = 0.0319085
xgiHOYRz.tree_id_0.Node9.t = 0.0377751
xgiHOYRz.tree_id_0.Aythya_fuligula.t = 0.0357659
xgiHOYRz.tree_id_0.Anas_platyrhynchos.t = 0.0539625
xgiHOYRz.tree_id_0.Node14.t = 0.0752039
xgiHOYRz.tree_id_0.Node8.t = 1.24724
Optimization finished in 108 loop passes.
9122 likelihood evaluation calls and 231720 matrix exponentiations calls were made

Variable 'MPI_NODE_COUNT' was not initialized prior to being used
No nodel was assigned to Lyrurus_tetrix
No nodel was assigned to Tympanuchus_cupido
No nodel was assigned to Centrocercus_minimus
No nodel was assigned to Node4
No nodel was assigned to Node2
No nodel was assigned to Lagopus_muta
No nodel was assigned to Oxyura_jamaicensis
No nodel was assigned to Cygnus_atratus
No nodel was assigned to Anser_cygnoides
No nodel was assigned to Node11
No nodel was assigned to Node9
No nodel was assigned to Aythya_fuligula
No nodel was assigned to Anas_platyrhynchos
No nodel was assigned to Node14
No nodel was assigned to Node8
Likelihood function cleared because partition index '0' points to invalid components
The tips of the tree:xgiHOYRz.tree_id_0 were matched with the species names from the data in the following numeric order (0-based) {0,3,2,1,5,4,6,7,8}

Pseudo-optimal path's cost 1249 vs 1613 for 1..k=> a 1.29143 x improvement
Partition 0 is ASSUMED to have a reversible model
relax.reference.theta_AC was already constrained in estimators.SetGlobals2
relax.reference.theta_AG was already constrained in estimators.SetGlobals2
relax.reference.theta_AT was already constrained in estimators.SetGlobals2
relax.reference.theta_CG was already constrained in estimators.SetGlobals2
relax.reference.theta_CT was already constrained in estimators.SetGlobals2
relax.reference.theta_GT was already constrained in estimators.SetGlobals2
relax.test.bsrel_mixture_aux_0 was already constrained in estimators.SetGlobals2
relax.test.bsrel_mixture_aux_1 was already constrained in estimators.SetGlobals2
relax.test.theta_AG was already constrained in estimators.SetGlobals2
relax.test.omega1 was already constrained in estimators.SetGlobals2
relax.test.omega2 was already constrained in estimators.SetGlobals2
relax.test.omega3 was already constrained in estimators.SetGlobals2
Variable 'xgiHOYRz.tree_id_0.Lyrurus_tetrix.t' was not initialized prior to being used
models.generic.SetBranchLength: xgiHOYRz.tree_id_0.Lyrurus_tetrix.t=0.473695382301162
Variable 'xgiHOYRz.tree_id_0.Tympanuchus_cupido.t' was not initialized prior to being used
models.generic.SetBranchLength: xgiHOYRz.tree_id_0.Tympanuchus_cupido.t=0.3410170367262388
Variable 'xgiHOYRz.tree_id_0.Centrocercus_minimus.t' was not initialized prior to being used
models.generic.SetBranchLength: xgiHOYRz.tree_id_0.Centrocercus_minimus.t=0.1853991649349926
Variable 'xgiHOYRz.tree_id_0.Node4.t' was not initialized prior to being used
models.generic.SetBranchLength: xgiHOYRz.tree_id_0.Node4.t=0.1378969146123849
Variable 'xgiHOYRz.tree_id_0.Node2.t' was not initialized prior to being used
models.generic.SetBranchLength: xgiHOYRz.tree_id_0.Node2.t=0
Variable 'xgiHOYRz.tree_id_0.Lagopus_muta.t' was not initialized prior to being used
models.generic.SetBranchLength: xgiHOYRz.tree_id_0.Lagopus_muta.t=0.1343240785831317
Variable 'xgiHOYRz.tree_id_0.Oxyura_jamaicensis.t' was not initialized prior to being used
models.generic.SetBranchLength: xgiHOYRz.tree_id_0.Oxyura_jamaicensis.t=0.2145352240546033
Variable 'xgiHOYRz.tree_id_0.Cygnus_atratus.t' was not initialized prior to being used
models.generic.SetBranchLength: xgiHOYRz.tree_id_0.Cygnus_atratus.t=0.02896955851974367
Variable 'xgiHOYRz.tree_id_0.Anser_cygnoides.t' was not initialized prior to being used
models.generic.SetBranchLength: xgiHOYRz.tree_id_0.Anser_cygnoides.t=0.08664909747330884
Variable 'xgiHOYRz.tree_id_0.Node11.t' was not initialized prior to being used
models.generic.SetBranchLength: xgiHOYRz.tree_id_0.Node11.t=0.05197168221259873
Variable 'xgiHOYRz.tree_id_0.Node9.t' was not initialized prior to being used
models.generic.SetBranchLength: xgiHOYRz.tree_id_0.Node9.t=0.06088266163356054
Variable 'xgiHOYRz.tree_id_0.Aythya_fuligula.t' was not initialized prior to being used
models.generic.SetBranchLength: xgiHOYRz.tree_id_0.Aythya_fuligula.t=0.05780627486426661
Variable 'xgiHOYRz.tree_id_0.Anas_platyrhynchos.t' was not initialized prior to being used
models.generic.SetBranchLength: xgiHOYRz.tree_id_0.Anas_platyrhynchos.t=0.08700191583667094
Variable 'xgiHOYRz.tree_id_0.Node14.t' was not initialized prior to being used
models.generic.SetBranchLength: xgiHOYRz.tree_id_0.Node14.t=0.1224686513581425
Variable 'xgiHOYRz.tree_id_0.Node8.t' was not initialized prior to being used
models.generic.SetBranchLength: xgiHOYRz.tree_id_0.Node8.t=2.113201131521443
Auto-benchmarked an optimal number (2) of threads.
Set GUI update interval to every 28-th LF evaluation.
Optimization settings:
	OPTIMIZATION_METHOD = 4
	OPTIMIZATION_PRECISION = 0.001
	MAXIMUM_ITERATIONS_PER_VARIABLE = 5000

Initial parameter values

relax.reference.omega1 = 5.03732e-14
relax.reference.bsrel_mixture_aux_0 = 0.543895
relax.reference.bsrel_mixture_aux_1 = 0.986727
relax.reference.omega3 = 3.14313
relax.reference.omega2 = 1
relax.test.theta_GT = 0.265796
relax.test.theta_AC = 0.161963
relax.test.theta_AT = 0.202054
relax.test.theta_CT = 1.53434
relax.test.theta_CG = 0.246483
relax.K = 1
xgiHOYRz.tree_id_0.Lyrurus_tetrix.t = 0.473695
xgiHOYRz.tree_id_0.Tympanuchus_cupido.t = 0.341017
xgiHOYRz.tree_id_0.Centrocercus_minimus.t = 0.185399
xgiHOYRz.tree_id_0.Node4.t = 0.137897
xgiHOYRz.tree_id_0.Node2.t = 0
xgiHOYRz.tree_id_0.Lagopus_muta.t = 0.134324
xgiHOYRz.tree_id_0.Oxyura_jamaicensis.t = 0.214535
xgiHOYRz.tree_id_0.Cygnus_atratus.t = 0.0289696
xgiHOYRz.tree_id_0.Anser_cygnoides.t = 0.0866491
xgiHOYRz.tree_id_0.Node11.t = 0.0519717
xgiHOYRz.tree_id_0.Node9.t = 0.0608827
xgiHOYRz.tree_id_0.Aythya_fuligula.t = 0.0578063
xgiHOYRz.tree_id_0.Anas_platyrhynchos.t = 0.0870019
xgiHOYRz.tree_id_0.Node14.t = 0.122469
xgiHOYRz.tree_id_0.Node8.t = 2.1132
Optimization finished in 24 loop passes.
2629 likelihood evaluation calls and 62193 matrix exponentiations calls were made

Variable 'aqHQElrT.xgiHOYRz.likelihoodFunction' was not initialized prior to being used
Auto-benchmarked an optimal number (2) of threads.
Set GUI update interval to every 42-th LF evaluation.
Optimization settings:
	OPTIMIZATION_METHOD = 4
	OPTIMIZATION_PRECISION = 0.001
	MAXIMUM_ITERATIONS_PER_VARIABLE = 5000

Initial parameter values

relax.reference.bsrel_mixture_aux_1 = 0
relax.reference.omega1 = 5.27842e-14
relax.reference.omega2 = 0.98
relax.reference.omega3 = 1.3186
relax.reference.bsrel_mixture_aux_0 = 0.615351
relax.test.theta_AC = 0.159083
relax.test.theta_AT = 0.244247
relax.test.theta_GT = 0.275771
relax.test.theta_CG = 0.259903
relax.test.theta_CT = 1.58157
xgiHOYRz.tree_id_0.Lyrurus_tetrix.t = 0.0930399
xgiHOYRz.tree_id_0.Tympanuchus_cupido.t = 0.0535999
xgiHOYRz.tree_id_0.Centrocercus_minimus.t = 0.0549555
xgiHOYRz.tree_id_0.Node4.t = 0.0279978
xgiHOYRz.tree_id_0.Node2.t = 0
xgiHOYRz.tree_id_0.Lagopus_muta.t = 0.024128
xgiHOYRz.tree_id_0.Oxyura_jamaicensis.t = 0.0670272
xgiHOYRz.tree_id_0.Cygnus_atratus.t = 0.00901573
xgiHOYRz.tree_id_0.Anser_cygnoides.t = 0.0269139
xgiHOYRz.tree_id_0.Node11.t = 0.0161817
xgiHOYRz.tree_id_0.Node9.t = 0.0189288
xgiHOYRz.tree_id_0.Aythya_fuligula.t = 0.0179854
xgiHOYRz.tree_id_0.Anas_platyrhynchos.t = 0.0270323
xgiHOYRz.tree_id_0.Node14.t = 0.0380986
xgiHOYRz.tree_id_0.Node8.t = 0.659914
Optimization finished in 3 loop passes.
257 likelihood evaluation calls and 7263 matrix exponentiations calls were made

Variable 'USE_JSON_FOR_MATRIX' was not initialized prior to being used