
Loaded 'libv3/all-terms.bf' from /usr/local/lib/hyphy/TemplateBatchFiles/libv3/all-terms.bf
Loaded 'libv3/UtilityFunctions.bf' from /usr/local/lib/hyphy/TemplateBatchFiles/libv3/UtilityFunctions.bf
Loaded 'IOFunctions.bf' from /usr/local/lib/hyphy/TemplateBatchFiles/libv3/IOFunctions.bf
Already loaded 'libv3/UtilityFunctions.bf' from /usr/local/lib/hyphy/TemplateBatchFiles/libv3/UtilityFunctions.bf
Loaded 'convenience/regexp.bf' from /usr/local/lib/hyphy/TemplateBatchFiles/libv3/convenience/regexp.bf
Already loaded 'libv3/all-terms.bf' from /usr/local/lib/hyphy/TemplateBatchFiles/libv3/all-terms.bf
Already loaded 'libv3/IOFunctions.bf' from /usr/local/lib/hyphy/TemplateBatchFiles/libv3/IOFunctions.bf
Loaded 'libv3/models/codon/MG_REV.bf' from /usr/local/lib/hyphy/TemplateBatchFiles/libv3/models/codon/MG_REV.bf
Loaded '../codon.bf' from /usr/local/lib/hyphy/TemplateBatchFiles/libv3/models/codon.bf
Loaded '../tasks/genetic_code.bf' from /usr/local/lib/hyphy/TemplateBatchFiles/libv3/tasks/genetic_code.bf
Loaded 'libv3/convenience/matrix.bf' from /usr/local/lib/hyphy/TemplateBatchFiles/libv3/convenience/matrix.bf
Already loaded 'libv3/UtilityFunctions.bf' from /usr/local/lib/hyphy/TemplateBatchFiles/libv3/UtilityFunctions.bf
Already loaded 'libv3/all-terms.bf' from /usr/local/lib/hyphy/TemplateBatchFiles/libv3/all-terms.bf
Already loaded '../UtilityFunctions.bf' from /usr/local/lib/hyphy/TemplateBatchFiles/libv3/UtilityFunctions.bf
Loaded '../DNA.bf' from /usr/local/lib/hyphy/TemplateBatchFiles/libv3/models/DNA.bf
Loaded 'frequencies.bf' from /usr/local/lib/hyphy/TemplateBatchFiles/libv3/models/frequencies.bf
Already loaded '../all-terms.bf' from /usr/local/lib/hyphy/TemplateBatchFiles/libv3/all-terms.bf
Loaded 'parameters.bf' from /usr/local/lib/hyphy/TemplateBatchFiles/libv3/models/parameters.bf
Loaded 'GrabBag' from /usr/local/lib/hyphy/TemplateBatchFiles/Utility/GrabBag.bf
Overwritten previously defined function:'_sortStringsAux'
Already loaded 'libv3/all-terms.bf' from /usr/local/lib/hyphy/TemplateBatchFiles/libv3/all-terms.bf
Already loaded '../UtilityFunctions.bf' from /usr/local/lib/hyphy/TemplateBatchFiles/libv3/UtilityFunctions.bf
Loaded 'model_functions.bf' from /usr/local/lib/hyphy/TemplateBatchFiles/libv3/models/model_functions.bf
Already loaded 'DNA.bf' from /usr/local/lib/hyphy/TemplateBatchFiles/libv3/models/DNA.bf
Already loaded 'parameters.bf' from /usr/local/lib/hyphy/TemplateBatchFiles/libv3/models/parameters.bf
Already loaded 'frequencies.bf' from /usr/local/lib/hyphy/TemplateBatchFiles/libv3/models/frequencies.bf
Already loaded '../UtilityFunctions.bf' from /usr/local/lib/hyphy/TemplateBatchFiles/libv3/UtilityFunctions.bf
Already loaded '../convenience/regexp.bf' from /usr/local/lib/hyphy/TemplateBatchFiles/libv3/convenience/regexp.bf
Already loaded 'libv3/all-terms.bf' from /usr/local/lib/hyphy/TemplateBatchFiles/libv3/all-terms.bf
Already loaded '../parameters.bf' from /usr/local/lib/hyphy/TemplateBatchFiles/libv3/models/parameters.bf
Already loaded '../frequencies.bf' from /usr/local/lib/hyphy/TemplateBatchFiles/libv3/models/frequencies.bf
Already loaded '../../UtilityFunctions.bf' from /usr/local/lib/hyphy/TemplateBatchFiles/libv3/UtilityFunctions.bf
Loaded 'libv3/tasks/estimators.bf' from /usr/local/lib/hyphy/TemplateBatchFiles/libv3/tasks/estimators.bf
Already loaded '../models/model_functions.bf' from /usr/local/lib/hyphy/TemplateBatchFiles/libv3/models/model_functions.bf
Loaded '../models/DNA/GTR.bf' from /usr/local/lib/hyphy/TemplateBatchFiles/libv3/models/DNA/GTR.bf
Already loaded '../DNA.bf' from /usr/local/lib/hyphy/TemplateBatchFiles/libv3/models/DNA.bf
Already loaded '../parameters.bf' from /usr/local/lib/hyphy/TemplateBatchFiles/libv3/models/parameters.bf
Already loaded '../frequencies.bf' from /usr/local/lib/hyphy/TemplateBatchFiles/libv3/models/frequencies.bf
Already loaded '../../UtilityFunctions.bf' from /usr/local/lib/hyphy/TemplateBatchFiles/libv3/UtilityFunctions.bf
Already loaded 'libv3/all-terms.bf' from /usr/local/lib/hyphy/TemplateBatchFiles/libv3/all-terms.bf
Already loaded '../convenience/regexp.bf' from /usr/local/lib/hyphy/TemplateBatchFiles/libv3/convenience/regexp.bf
Already loaded 'libv3/all-terms.bf' from /usr/local/lib/hyphy/TemplateBatchFiles/libv3/all-terms.bf
Loaded 'libv3/tasks/alignments.bf' from /usr/local/lib/hyphy/TemplateBatchFiles/libv3/tasks/alignments.bf
Already loaded '../IOFunctions.bf' from /usr/local/lib/hyphy/TemplateBatchFiles/libv3/IOFunctions.bf
Already loaded '../all-terms.bf' from /usr/local/lib/hyphy/TemplateBatchFiles/libv3/all-terms.bf
Loaded 'libv3/tasks/trees.bf' from /usr/local/lib/hyphy/TemplateBatchFiles/libv3/tasks/trees.bf
Already loaded '../IOFunctions.bf' from /usr/local/lib/hyphy/TemplateBatchFiles/libv3/IOFunctions.bf
Already loaded '../all-terms.bf' from /usr/local/lib/hyphy/TemplateBatchFiles/libv3/all-terms.bf
Already loaded '../convenience/regexp.bf' from /usr/local/lib/hyphy/TemplateBatchFiles/libv3/convenience/regexp.bf
Already loaded '../UtilityFunctions.bf' from /usr/local/lib/hyphy/TemplateBatchFiles/libv3/UtilityFunctions.bf
Loaded 'TreeTools' from /usr/local/lib/hyphy/TemplateBatchFiles/TreeTools.ibf
Loaded 'modules/io_functions.ibf' from /usr/local/lib/hyphy/TemplateBatchFiles/SelectionAnalyses/modules/io_functions.ibf
Already loaded 'libv3/UtilityFunctions.bf' from /usr/local/lib/hyphy/TemplateBatchFiles/libv3/UtilityFunctions.bf
Already loaded 'libv3/IOFunctions.bf' from /usr/local/lib/hyphy/TemplateBatchFiles/libv3/IOFunctions.bf
Already loaded 'libv3/convenience/regexp.bf' from /usr/local/lib/hyphy/TemplateBatchFiles/libv3/convenience/regexp.bf
Already loaded 'libv3/all-terms.bf' from /usr/local/lib/hyphy/TemplateBatchFiles/libv3/all-terms.bf
Loaded 'modules/selection_lib.ibf' from /usr/local/lib/hyphy/TemplateBatchFiles/SelectionAnalyses/modules/selection_lib.ibf
Loaded 'libv3/models/codon/BS_REL.bf' from /usr/local/lib/hyphy/TemplateBatchFiles/libv3/models/codon/BS_REL.bf
Already loaded '../codon.bf' from /usr/local/lib/hyphy/TemplateBatchFiles/libv3/models/codon.bf
Already loaded '../DNA.bf' from /usr/local/lib/hyphy/TemplateBatchFiles/libv3/models/DNA.bf
Already loaded '../parameters.bf' from /usr/local/lib/hyphy/TemplateBatchFiles/libv3/models/parameters.bf
Already loaded '../frequencies.bf' from /usr/local/lib/hyphy/TemplateBatchFiles/libv3/models/frequencies.bf
Already loaded '../../UtilityFunctions.bf' from /usr/local/lib/hyphy/TemplateBatchFiles/libv3/UtilityFunctions.bf
Already loaded 'MG_REV.bf' from /usr/local/lib/hyphy/TemplateBatchFiles/libv3/models/codon/MG_REV.bf
Loaded '../../convenience/math.bf' from /usr/local/lib/hyphy/TemplateBatchFiles/libv3/convenience/math.bf
Already loaded 'libv3/UtilityFunctions.bf' from /usr/local/lib/hyphy/TemplateBatchFiles/libv3/UtilityFunctions.bf
Already loaded 'libv3/convenience/math.bf' from /usr/local/lib/hyphy/TemplateBatchFiles/libv3/convenience/math.bf
Loaded 'libv3/tasks/mpi.bf' from /usr/local/lib/hyphy/TemplateBatchFiles/libv3/tasks/mpi.bf
Already loaded '../all-terms.bf' from /usr/local/lib/hyphy/TemplateBatchFiles/libv3/all-terms.bf
Already loaded '../models/parameters.bf' from /usr/local/lib/hyphy/TemplateBatchFiles/libv3/models/parameters.bf
Variable 'NORMALIZE_SEQUENCE_NAMES' was not initialized prior to being used
Variable 'ASSUME_REVERSIBLE_MODELS' was not initialized prior to being used
Loaded 'modules/shared-load-file.bf' from /usr/local/lib/hyphy/TemplateBatchFiles/SelectionAnalyses/modules/shared-load-file.bf
Variable 'MARKDOWN_OUTPUT' was not initialized prior to being used
Already loaded 'libv3/convenience/matrix.bf' from /usr/local/lib/hyphy/TemplateBatchFiles/libv3/convenience/matrix.bf
Already loaded 'libv3/UtilityFunctions.bf' from /usr/local/lib/hyphy/TemplateBatchFiles/libv3/UtilityFunctions.bf
Variable '_RAnscDa.skipCodeSelectionStep' was not initialized prior to being used
Row and/or column partition is empty. All the data will be used by default.
Variable 'NEXUS_FILE_TREE_MATRIX' was not initialized prior to being used
Variable 'utility.ToggleEnvVariable.cache' was not initialized prior to being used
Variable 'TREE_NODE_NAME_MAPPING' was not initialized prior to being used
Variable 'UIEKLjrw.PROMPT_FOR_FILE' was not initialized prior to being used
Variable 'END_OF_FILE' was not initialized prior to being used
Variable '_DO_TREE_REBALANCE_' was not initialized prior to being used
Variable '_KEEP_I_LABELS_' was not initialized prior to being used
Rooted topology. Removing one branch - the right root child has been promoted to be the new root
Variable 'INCLUDE_MODEL_SPECS' was not initialized prior to being used
Variable 'utility.ForEachPair.warn_non_rentrant' was not initialized prior to being used
Row and/or column partition is empty. All the data will be used by default.
Row and/or column partition is empty. All the data will be used by default.
Loaded 'modules/grid_compute.ibf' from /usr/local/lib/hyphy/TemplateBatchFiles/SelectionAnalyses/modules/grid_compute.ibf
Variable 'NEKyhUVx.cache' was not initialized prior to being used
Row and/or column partition is empty. All the data will be used by default.
Variable 'COUNT_GAPS_IN_FREQUENCIES' was not initialized prior to being used
Variable 'AjRnLSNP.model_pi' was not initialized prior to being used
Model AjRnLSNP.model assigned to Colinus_virginianus
Model AjRnLSNP.model assigned to Oxyura_jamaicensis
Model AjRnLSNP.model assigned to Cygnus_atratus
Model AjRnLSNP.model assigned to Anser_cygnoides
Model AjRnLSNP.model assigned to Node5
Model AjRnLSNP.model assigned to Node3
Model AjRnLSNP.model assigned to Aythya_fuligula
Model AjRnLSNP.model assigned to Anas_platyrhynchos
Model AjRnLSNP.model assigned to Node8
The tips of the tree:AjRnLSNP.tree_0 were matched with the species names from the data in the following numeric order (0-based) {0,2,1,3,4,5}

Pseudo-optimal path's cost 185 vs 265 for 1..k=> a 1.43243 x improvement
Partition 0 is ASSUMED to have a reversible model
Variable 'USE_LAST_RESULTS' was not initialized prior to being used
Variable 'AjRnLSNP.tree_0.Colinus_virginianus.t' was not initialized prior to being used
models.generic.SetBranchLength: AjRnLSNP.tree_0.Colinus_virginianus.t=213.0577751160313
Variable 'AjRnLSNP.tree_0.Oxyura_jamaicensis.t' was not initialized prior to being used
models.generic.SetBranchLength: AjRnLSNP.tree_0.Oxyura_jamaicensis.t=75.13582833423158
Variable 'AjRnLSNP.tree_0.Cygnus_atratus.t' was not initialized prior to being used
models.generic.SetBranchLength: AjRnLSNP.tree_0.Cygnus_atratus.t=54.03643587415387
Variable 'AjRnLSNP.tree_0.Anser_cygnoides.t' was not initialized prior to being used
models.generic.SetBranchLength: AjRnLSNP.tree_0.Anser_cygnoides.t=54.03643587415387
Variable 'AjRnLSNP.tree_0.Node5.t' was not initialized prior to being used
models.generic.SetBranchLength: AjRnLSNP.tree_0.Node5.t=21.09939246007769
Variable 'AjRnLSNP.tree_0.Node3.t' was not initialized prior to being used
models.generic.SetBranchLength: AjRnLSNP.tree_0.Node3.t=5.681454503788214
Variable 'AjRnLSNP.tree_0.Aythya_fuligula.t' was not initialized prior to being used
models.generic.SetBranchLength: AjRnLSNP.tree_0.Aythya_fuligula.t=41.19646987581798
Variable 'AjRnLSNP.tree_0.Anas_platyrhynchos.t' was not initialized prior to being used
models.generic.SetBranchLength: AjRnLSNP.tree_0.Anas_platyrhynchos.t=41.19646987581798
Variable 'AjRnLSNP.tree_0.Node8.t' was not initialized prior to being used
models.generic.SetBranchLength: AjRnLSNP.tree_0.Node8.t=39.62081298884887
Variable 'AjRnLSNP.AjRnLSNP.likelihoodFunction' was not initialized prior to being used
Variable 'SAVE_OPT_STATUS_TO' was not initialized prior to being used
Auto-benchmarked an optimal number (1) of threads.
Set GUI update interval to every 7042-th LF evaluation.
Optimization settings:
	OPTIMIZATION_METHOD = 4
	OPTIMIZATION_PRECISION = 0.001
	MAXIMUM_ITERATIONS_PER_VARIABLE = 5000

Initial parameter values

AjRnLSNP.model.theta_CT = 1
AjRnLSNP.model.theta_GT = 0.25
AjRnLSNP.model.theta_CG = 0.25
AjRnLSNP.model.theta_AC = 0.25
AjRnLSNP.model.theta_AT = 0.25
AjRnLSNP.tree_0.Colinus_virginianus.t = 213.058
AjRnLSNP.tree_0.Oxyura_jamaicensis.t = 75.1358
AjRnLSNP.tree_0.Cygnus_atratus.t = 54.0364
AjRnLSNP.tree_0.Anser_cygnoides.t = 54.0364
AjRnLSNP.tree_0.Node5.t = 21.0994
AjRnLSNP.tree_0.Node3.t = 5.68145
AjRnLSNP.tree_0.Aythya_fuligula.t = 41.1965
AjRnLSNP.tree_0.Anas_platyrhynchos.t = 41.1965
AjRnLSNP.tree_0.Node8.t = 39.6208
Site 16 evaluated to a 0 probability in ComputeLLWithBranchCache
Optimization finished in 25 loop passes.
1527 likelihood evaluation calls and 7801 matrix exponentiations calls were made

Variable 'BRANCH_LENGTH_STENCIL' was not initialized prior to being used
Variable 'AjRnLSNP.option' was not initialized prior to being used
Variable 'relax.terms.json.nucleotide_gtr' was not initialized prior to being used
Variable 'Unknown' was not initialized prior to being used
Variable 'VTlv_ksO.initial_value' was not initialized prior to being used
Variable 'sPGbpZZe.data_filter' was not initialized prior to being used
Row and/or column partition is empty. All the data will be used by default.
Auto-benchmarked an optimal number (5) of threads.
Set GUI update interval to every 5000-th LF evaluation.
Optimization settings:
	OPTIMIZATION_METHOD = 4
	OPTIMIZATION_PRECISION = 0.001
	MAXIMUM_ITERATIONS_PER_VARIABLE = 5000

Initial parameter values

frequencies._aux.CF3x4.p0_0 = 0.281775
frequencies._aux.CF3x4.p0_1 = 0.370618
frequencies._aux.CF3x4.p0_2 = 0.64191
frequencies._aux.CF3x4.p1_0 = 0.317746
frequencies._aux.CF3x4.p1_1 = 0.28471
frequencies._aux.CF3x4.p1_2 = 0.420147
frequencies._aux.CF3x4.p2_0 = 0.227818
frequencies._aux.CF3x4.p2_1 = 0.310559
frequencies._aux.CF3x4.p2_2 = 0.509009
Optimization finished in 6 loop passes.
188 likelihood evaluation calls and 0 matrix exponentiations calls were made

Variable 'sPGbpZZe.model_MGREV_pi' was not initialized prior to being used
Model sPGbpZZe.model_MGREV assigned to Colinus_virginianus
Model sPGbpZZe.model_MGREV assigned to Oxyura_jamaicensis
Model sPGbpZZe.model_MGREV assigned to Cygnus_atratus
Model sPGbpZZe.model_MGREV assigned to Anser_cygnoides
Model sPGbpZZe.model_MGREV assigned to Node5
Model sPGbpZZe.model_MGREV assigned to Node3
Model sPGbpZZe.model_MGREV assigned to Aythya_fuligula
Model sPGbpZZe.model_MGREV assigned to Anas_platyrhynchos
Model sPGbpZZe.model_MGREV assigned to Node8
The tips of the tree:sPGbpZZe.tree_0 were matched with the species names from the data in the following numeric order (0-based) {0,2,1,3,4,5}

Pseudo-optimal path's cost 685 vs 877 for 1..k=> a 1.28029 x improvement
Partition 0 is ASSUMED to have a reversible model
Variable 'sPGbpZZe.sPGbpZZe.likelihoodFunction' was not initialized prior to being used
Variable 'sPGbpZZe.tree_0.Colinus_virginianus.alpha' was not initialized prior to being used
Variable 'sPGbpZZe.tree_0.Oxyura_jamaicensis.alpha' was not initialized prior to being used
Variable 'sPGbpZZe.tree_0.Cygnus_atratus.alpha' was not initialized prior to being used
Variable 'sPGbpZZe.tree_0.Anser_cygnoides.alpha' was not initialized prior to being used
Variable 'sPGbpZZe.tree_0.Node5.alpha' was not initialized prior to being used
Variable 'sPGbpZZe.tree_0.Node3.alpha' was not initialized prior to being used
Variable 'sPGbpZZe.tree_0.Aythya_fuligula.alpha' was not initialized prior to being used
Variable 'sPGbpZZe.tree_0.Anas_platyrhynchos.alpha' was not initialized prior to being used
Variable 'sPGbpZZe.tree_0.Node8.alpha' was not initialized prior to being used
Site 21 evaluated to a 0 probability in ComputeTreeBlockByBranch
Site 28 evaluated to a 0 probability in ComputeTreeBlockByBranch
Site 21 evaluated to a 0 probability in ComputeTreeBlockByBranch
Site 71 evaluated to a 0 probability in ComputeTreeBlockByBranch
Site 21 evaluated to a 0 probability in ComputeTreeBlockByBranch
Site 39 evaluated to a 0 probability in ComputeTreeBlockByBranch
Auto-benchmarked an optimal number (2) of threads.
Set GUI update interval to every 676-th LF evaluation.
Initial guess for sPGbpZZe.tree_0.Node3.alpha is 1.91587e-06
Initial guess for sPGbpZZe.tree_0.Oxyura_jamaicensis.alpha is 0.000174481
Initial guess for sPGbpZZe.tree_0.Node5.alpha is 7.66738e-06
Initial guess for sPGbpZZe.tree_0.Cygnus_atratus.alpha is 2.68392e-05
Initial guess for sPGbpZZe.tree_0.Anser_cygnoides.alpha is 4.79221e-06
Initial guess for sPGbpZZe.tree_0.Node8.alpha is 2.10895e-05
Initial guess for sPGbpZZe.tree_0.Aythya_fuligula.alpha is 1.05436e-05
Initial guess for sPGbpZZe.tree_0.Anas_platyrhynchos.alpha is 6.70874e-06
Optimization settings:
	OPTIMIZATION_METHOD = 4
	OPTIMIZATION_PRECISION = 0.001
	MAXIMUM_ITERATIONS_PER_VARIABLE = 5000

Initial parameter values

sPGbpZZe.model_MGREV.theta_GT = 1
sPGbpZZe.model_MGREV.theta_CT = 1
sPGbpZZe.model_MGREV.theta_AC = 1
sPGbpZZe.model_MGREV.theta_CG = 1
sPGbpZZe.model_MGREV.theta_AT = 1
sPGbpZZe.model_MGREV.omega_0 = 1
sPGbpZZe.tree_0.Colinus_virginianus.alpha = 0.1
sPGbpZZe.tree_0.Oxyura_jamaicensis.alpha = 0.000174481
sPGbpZZe.tree_0.Cygnus_atratus.alpha = 2.68392e-05
sPGbpZZe.tree_0.Anser_cygnoides.alpha = 4.79221e-06
sPGbpZZe.tree_0.Node5.alpha = 7.66738e-06
sPGbpZZe.tree_0.Node3.alpha = 1.91587e-06
sPGbpZZe.tree_0.Aythya_fuligula.alpha = 1.05436e-05
sPGbpZZe.tree_0.Anas_platyrhynchos.alpha = 6.70874e-06
sPGbpZZe.tree_0.Node8.alpha = 2.10895e-05
sPGbpZZe.model_MGREV.omega_1 = 1
Failing bound checks on sPGbpZZe.tree_0.Node3.beta =         10002.12256600353
Optimization finished in 21 loop passes.
1299 likelihood evaluation calls and 6305 matrix exponentiations calls were made

Row and/or column partition is empty. All the data will be used by default.
Auto-benchmarked an optimal number (2) of threads.
Set GUI update interval to every 3246-th LF evaluation.
Optimization settings:
	OPTIMIZATION_METHOD = 4
	OPTIMIZATION_PRECISION = 0.001
	MAXIMUM_ITERATIONS_PER_VARIABLE = 5000

Initial parameter values

frequencies._aux.CF3x4.p0_0 = 0.281775
frequencies._aux.CF3x4.p0_1 = 0.370618
frequencies._aux.CF3x4.p0_2 = 0.64191
frequencies._aux.CF3x4.p1_0 = 0.317746
frequencies._aux.CF3x4.p1_1 = 0.28471
frequencies._aux.CF3x4.p1_2 = 0.420147
frequencies._aux.CF3x4.p2_0 = 0.227818
frequencies._aux.CF3x4.p2_1 = 0.310559
frequencies._aux.CF3x4.p2_2 = 0.509009
Optimization finished in 6 loop passes.
185 likelihood evaluation calls and 0 matrix exponentiations calls were made

Variable 'sPGbpZZe.model_MGREV_pi' was not initialized prior to being used
Model sPGbpZZe.model_MGREV assigned to Colinus_virginianus
Model sPGbpZZe.model_MGREV assigned to Oxyura_jamaicensis
Model sPGbpZZe.model_MGREV assigned to Cygnus_atratus
Model sPGbpZZe.model_MGREV assigned to Anser_cygnoides
Model sPGbpZZe.model_MGREV assigned to Node5
Model sPGbpZZe.model_MGREV assigned to Node3
Model sPGbpZZe.model_MGREV assigned to Aythya_fuligula
Model sPGbpZZe.model_MGREV assigned to Anas_platyrhynchos
Model sPGbpZZe.model_MGREV assigned to Node8
The tips of the tree:sPGbpZZe.tree_0 were matched with the species names from the data in the following numeric order (0-based) {0,2,1,3,4,5}

Pseudo-optimal path's cost 685 vs 877 for 1..k=> a 1.28029 x improvement
Partition 0 is ASSUMED to have a reversible model
Variable 'sPGbpZZe.tree_0.Aythya_fuligula.alpha' was not initialized prior to being used
Variable 'sPGbpZZe.tree_0.Node3.alpha' was not initialized prior to being used
Variable 'sPGbpZZe.tree_0.Anas_platyrhynchos.alpha' was not initialized prior to being used
Variable 'sPGbpZZe.tree_0.Node5.alpha' was not initialized prior to being used
Variable 'sPGbpZZe.tree_0.Anser_cygnoides.alpha' was not initialized prior to being used
Variable 'sPGbpZZe.tree_0.Cygnus_atratus.alpha' was not initialized prior to being used
Variable 'sPGbpZZe.tree_0.Colinus_virginianus.alpha' was not initialized prior to being used
Variable 'sPGbpZZe.tree_0.Oxyura_jamaicensis.alpha' was not initialized prior to being used
Variable 'sPGbpZZe.tree_0.Node8.alpha' was not initialized prior to being used
Site 21 evaluated to a 0 probability in ComputeTreeBlockByBranch
Site 28 evaluated to a 0 probability in ComputeTreeBlockByBranch
Site 21 evaluated to a 0 probability in ComputeTreeBlockByBranch
Site 71 evaluated to a 0 probability in ComputeTreeBlockByBranch
Site 39 evaluated to a 0 probability in ComputeTreeBlockByBranch
Site 21 evaluated to a 0 probability in ComputeTreeBlockByBranch
Auto-benchmarked an optimal number (2) of threads.
Set GUI update interval to every 600-th LF evaluation.
Initial guess for sPGbpZZe.tree_0.Node3.alpha is 1.91587e-06
Initial guess for sPGbpZZe.tree_0.Oxyura_jamaicensis.alpha is 0.000174481
Initial guess for sPGbpZZe.tree_0.Node5.alpha is 7.66738e-06
Initial guess for sPGbpZZe.tree_0.Cygnus_atratus.alpha is 2.68392e-05
Initial guess for sPGbpZZe.tree_0.Anser_cygnoides.alpha is 4.79221e-06
Initial guess for sPGbpZZe.tree_0.Node8.alpha is 2.10895e-05
Initial guess for sPGbpZZe.tree_0.Aythya_fuligula.alpha is 1.05436e-05
Initial guess for sPGbpZZe.tree_0.Anas_platyrhynchos.alpha is 6.70874e-06
Optimization settings:
	OPTIMIZATION_METHOD = 4
	OPTIMIZATION_PRECISION = 0.001
	MAXIMUM_ITERATIONS_PER_VARIABLE = 5000

Initial parameter values

sPGbpZZe.model_MGREV.theta_CG = 1
sPGbpZZe.model_MGREV.theta_CT = 1
sPGbpZZe.model_MGREV.theta_GT = 1
sPGbpZZe.model_MGREV.theta_AT = 1
sPGbpZZe.model_MGREV.theta_AC = 1
sPGbpZZe.model_MGREV.omega_0 = 1
sPGbpZZe.tree_0.Colinus_virginianus.alpha = 0.1
sPGbpZZe.tree_0.Oxyura_jamaicensis.alpha = 0.000174481
sPGbpZZe.tree_0.Cygnus_atratus.alpha = 2.68392e-05
sPGbpZZe.tree_0.Anser_cygnoides.alpha = 4.79221e-06
sPGbpZZe.tree_0.Node5.alpha = 7.66738e-06
sPGbpZZe.tree_0.Node3.alpha = 1.91587e-06
sPGbpZZe.tree_0.Aythya_fuligula.alpha = 1.05436e-05
sPGbpZZe.tree_0.Anas_platyrhynchos.alpha = 6.70874e-06
sPGbpZZe.tree_0.Node8.alpha = 2.10895e-05
sPGbpZZe.model_MGREV.omega_1 = 1
Failing bound checks on sPGbpZZe.tree_0.Node3.beta =         10002.12256600353
Optimization finished in 21 loop passes.
1382 likelihood evaluation calls and 6600 matrix exponentiations calls were made

Overwritten previously defined function:'vKWUfkvV.rate_generator'
Overwritten previously defined function:'vKWUfkvV.rate_generator'
Auto-benchmarked an optimal number (1) of threads.
Set GUI update interval to every 3048-th LF evaluation.
Optimization settings:
	OPTIMIZATION_METHOD = 4
	OPTIMIZATION_PRECISION = 0.001
	MAXIMUM_ITERATIONS_PER_VARIABLE = 5000

Initial parameter values

frequencies._aux.CF3x4.p0_0 = 0.281775
frequencies._aux.CF3x4.p0_1 = 0.370618
frequencies._aux.CF3x4.p0_2 = 0.64191
frequencies._aux.CF3x4.p1_0 = 0.317746
frequencies._aux.CF3x4.p1_1 = 0.28471
frequencies._aux.CF3x4.p1_2 = 0.420147
frequencies._aux.CF3x4.p2_0 = 0.227818
frequencies._aux.CF3x4.p2_1 = 0.310559
frequencies._aux.CF3x4.p2_2 = 0.509009
Optimization finished in 6 loop passes.
184 likelihood evaluation calls and 0 matrix exponentiations calls were made

Variable 'relax.test_pi' was not initialized prior to being used
Overwritten previously defined function:'vKWUfkvV.rate_generator'
Overwritten previously defined function:'vKWUfkvV.rate_generator'
Overwritten previously defined function:'vKWUfkvV.rate_generator'
Auto-benchmarked an optimal number (3) of threads.
Set GUI update interval to every 3225-th LF evaluation.
Optimization settings:
	OPTIMIZATION_METHOD = 4
	OPTIMIZATION_PRECISION = 0.001
	MAXIMUM_ITERATIONS_PER_VARIABLE = 5000

Initial parameter values

frequencies._aux.CF3x4.p0_0 = 0.281775
frequencies._aux.CF3x4.p0_1 = 0.370618
frequencies._aux.CF3x4.p0_2 = 0.64191
frequencies._aux.CF3x4.p1_0 = 0.317746
frequencies._aux.CF3x4.p1_1 = 0.28471
frequencies._aux.CF3x4.p1_2 = 0.420147
frequencies._aux.CF3x4.p2_0 = 0.227818
frequencies._aux.CF3x4.p2_1 = 0.310559
frequencies._aux.CF3x4.p2_2 = 0.509009
Optimization finished in 6 loop passes.
186 likelihood evaluation calls and 0 matrix exponentiations calls were made

Variable 'relax.reference_pi' was not initialized prior to being used
No nodel was assigned to Colinus_virginianus
No nodel was assigned to Oxyura_jamaicensis
No nodel was assigned to Cygnus_atratus
No nodel was assigned to Anser_cygnoides
No nodel was assigned to Node5
No nodel was assigned to Node3
No nodel was assigned to Aythya_fuligula
No nodel was assigned to Anas_platyrhynchos
No nodel was assigned to Node8
The tips of the tree:rNI_xuuq.tree_id_0 were matched with the species names from the data in the following numeric order (0-based) {0,2,1,3,4,5}

Pseudo-optimal path's cost 685 vs 877 for 1..k=> a 1.28029 x improvement
Partition 0 is ASSUMED to have a reversible model
relax.reference.theta_AC was already constrained in estimators.SetGlobals2
relax.reference.theta_AG was already constrained in estimators.SetGlobals2
relax.reference.theta_AT was already constrained in estimators.SetGlobals2
relax.reference.theta_CG was already constrained in estimators.SetGlobals2
relax.reference.theta_CT was already constrained in estimators.SetGlobals2
relax.reference.theta_GT was already constrained in estimators.SetGlobals2
relax.test.theta_AG was already constrained in estimators.SetGlobals2
Variable 'rNI_xuuq.tree_id_0.Colinus_virginianus.t' was not initialized prior to being used
models.generic.SetBranchLength: rNI_xuuq.tree_id_0.Colinus_virginianus.t=1.34980308325324
Variable 'rNI_xuuq.tree_id_0.Oxyura_jamaicensis.t' was not initialized prior to being used
models.generic.SetBranchLength: rNI_xuuq.tree_id_0.Oxyura_jamaicensis.t=0.1818178753572492
Variable 'rNI_xuuq.tree_id_0.Cygnus_atratus.t' was not initialized prior to being used
models.generic.SetBranchLength: rNI_xuuq.tree_id_0.Cygnus_atratus.t=0.02453761971288934
Variable 'rNI_xuuq.tree_id_0.Anser_cygnoides.t' was not initialized prior to being used
models.generic.SetBranchLength: rNI_xuuq.tree_id_0.Anser_cygnoides.t=0.07421033795019673
Variable 'rNI_xuuq.tree_id_0.Node5.t' was not initialized prior to being used
models.generic.SetBranchLength: rNI_xuuq.tree_id_0.Node5.t=0.042604979875383
Variable 'rNI_xuuq.tree_id_0.Node3.t' was not initialized prior to being used
models.generic.SetBranchLength: rNI_xuuq.tree_id_0.Node3.t=0.04488264494715931
Variable 'rNI_xuuq.tree_id_0.Aythya_fuligula.t' was not initialized prior to being used
models.generic.SetBranchLength: rNI_xuuq.tree_id_0.Aythya_fuligula.t=0.04816555285409833
Variable 'rNI_xuuq.tree_id_0.Anas_platyrhynchos.t' was not initialized prior to being used
models.generic.SetBranchLength: rNI_xuuq.tree_id_0.Anas_platyrhynchos.t=0.07555784686236561
Variable 'rNI_xuuq.tree_id_0.Node8.t' was not initialized prior to being used
models.generic.SetBranchLength: rNI_xuuq.tree_id_0.Node8.t=0.1150223573197059
Variable 'rNI_xuuq.rNI_xuuq.likelihoodFunction' was not initialized prior to being used
Auto-benchmarked an optimal number (2) of threads.
Set GUI update interval to every 39-th LF evaluation.
Optimization settings:
	OPTIMIZATION_METHOD = 4
	OPTIMIZATION_PRECISION = 0.001
	MAXIMUM_ITERATIONS_PER_VARIABLE = 5000

Initial parameter values

relax.reference.omega3 = 7.27482
relax.reference.omega2 = 0.4601
relax.reference.bsrel_mixture_aux_0 = 0.45
relax.test.theta_GT = 0.229588
relax.reference.omega1 = 0.145496
relax.reference.bsrel_mixture_aux_1 = 0.818182
relax.test.theta_CT = 0.684752
relax.test.theta_AC = 0.143695
relax.test.theta_AT = 0.173351
relax.test.theta_CG = 0.206634
relax.K = 1
rNI_xuuq.tree_id_0.Colinus_virginianus.t = 1.3498
rNI_xuuq.tree_id_0.Oxyura_jamaicensis.t = 0.181818
rNI_xuuq.tree_id_0.Cygnus_atratus.t = 0.0245376
rNI_xuuq.tree_id_0.Anser_cygnoides.t = 0.0742103
rNI_xuuq.tree_id_0.Node5.t = 0.042605
rNI_xuuq.tree_id_0.Node3.t = 0.0448826
rNI_xuuq.tree_id_0.Aythya_fuligula.t = 0.0481656
rNI_xuuq.tree_id_0.Anas_platyrhynchos.t = 0.0755578
rNI_xuuq.tree_id_0.Node8.t = 0.115022
Optimization finished in 20 loop passes.
1957 likelihood evaluation calls and 33114 matrix exponentiations calls were made

Variable 'MPI_NODE_COUNT' was not initialized prior to being used
No nodel was assigned to Colinus_virginianus
No nodel was assigned to Oxyura_jamaicensis
No nodel was assigned to Cygnus_atratus
No nodel was assigned to Anser_cygnoides
No nodel was assigned to Node5
No nodel was assigned to Node3
No nodel was assigned to Aythya_fuligula
No nodel was assigned to Anas_platyrhynchos
No nodel was assigned to Node8
Likelihood function cleared because partition index '0' points to invalid components
The tips of the tree:rNI_xuuq.tree_id_0 were matched with the species names from the data in the following numeric order (0-based) {0,2,1,3,4,5}

Pseudo-optimal path's cost 685 vs 877 for 1..k=> a 1.28029 x improvement
Partition 0 is ASSUMED to have a reversible model
relax.reference.theta_AC was already constrained in estimators.SetGlobals2
relax.reference.theta_AG was already constrained in estimators.SetGlobals2
relax.reference.theta_AT was already constrained in estimators.SetGlobals2
relax.reference.theta_CG was already constrained in estimators.SetGlobals2
relax.reference.theta_CT was already constrained in estimators.SetGlobals2
relax.reference.theta_GT was already constrained in estimators.SetGlobals2
relax.test.bsrel_mixture_aux_0 was already constrained in estimators.SetGlobals2
relax.test.bsrel_mixture_aux_1 was already constrained in estimators.SetGlobals2
relax.test.theta_AG was already constrained in estimators.SetGlobals2
relax.test.omega1 was already constrained in estimators.SetGlobals2
relax.test.omega2 was already constrained in estimators.SetGlobals2
relax.test.omega3 was already constrained in estimators.SetGlobals2
Variable 'rNI_xuuq.tree_id_0.Colinus_virginianus.t' was not initialized prior to being used
models.generic.SetBranchLength: rNI_xuuq.tree_id_0.Colinus_virginianus.t=2.744557846573415
Variable 'rNI_xuuq.tree_id_0.Oxyura_jamaicensis.t' was not initialized prior to being used
models.generic.SetBranchLength: rNI_xuuq.tree_id_0.Oxyura_jamaicensis.t=0.3770159943991714
Variable 'rNI_xuuq.tree_id_0.Cygnus_atratus.t' was not initialized prior to being used
models.generic.SetBranchLength: rNI_xuuq.tree_id_0.Cygnus_atratus.t=0.04780338480716777
Variable 'rNI_xuuq.tree_id_0.Anser_cygnoides.t' was not initialized prior to being used
models.generic.SetBranchLength: rNI_xuuq.tree_id_0.Anser_cygnoides.t=0.1365013017023964
Variable 'rNI_xuuq.tree_id_0.Node5.t' was not initialized prior to being used
models.generic.SetBranchLength: rNI_xuuq.tree_id_0.Node5.t=0.08705807986293525
Variable 'rNI_xuuq.tree_id_0.Node3.t' was not initialized prior to being used
models.generic.SetBranchLength: rNI_xuuq.tree_id_0.Node3.t=0.08463105591007521
Variable 'rNI_xuuq.tree_id_0.Aythya_fuligula.t' was not initialized prior to being used
models.generic.SetBranchLength: rNI_xuuq.tree_id_0.Aythya_fuligula.t=0.09173135186556204
Variable 'rNI_xuuq.tree_id_0.Anas_platyrhynchos.t' was not initialized prior to being used
models.generic.SetBranchLength: rNI_xuuq.tree_id_0.Anas_platyrhynchos.t=0.1440112014117105
Variable 'rNI_xuuq.tree_id_0.Node8.t' was not initialized prior to being used
models.generic.SetBranchLength: rNI_xuuq.tree_id_0.Node8.t=0.2330387060292555
Auto-benchmarked an optimal number (1) of threads.
Set GUI update interval to every 23-th LF evaluation.
Optimization settings:
	OPTIMIZATION_METHOD = 4
	OPTIMIZATION_PRECISION = 0.001
	MAXIMUM_ITERATIONS_PER_VARIABLE = 5000

Initial parameter values

relax.reference.omega3 = 29.7978
relax.reference.omega2 = 0.275605
relax.reference.bsrel_mixture_aux_0 = 0.460387
relax.test.theta_GT = 0.233509
relax.reference.omega1 = 0.276975
relax.reference.bsrel_mixture_aux_1 = 0.994317
relax.test.theta_CT = 0.647025
relax.test.theta_AC = 0.131735
relax.test.theta_AT = 0.135481
relax.test.theta_CG = 0.202334
relax.K = 1
rNI_xuuq.tree_id_0.Colinus_virginianus.t = 2.74456
rNI_xuuq.tree_id_0.Oxyura_jamaicensis.t = 0.377016
rNI_xuuq.tree_id_0.Cygnus_atratus.t = 0.0478034
rNI_xuuq.tree_id_0.Anser_cygnoides.t = 0.136501
rNI_xuuq.tree_id_0.Node5.t = 0.0870581
rNI_xuuq.tree_id_0.Node3.t = 0.0846311
rNI_xuuq.tree_id_0.Aythya_fuligula.t = 0.0917314
rNI_xuuq.tree_id_0.Anas_platyrhynchos.t = 0.144011
rNI_xuuq.tree_id_0.Node8.t = 0.233039
Optimization finished in 18 loop passes.
1375 likelihood evaluation calls and 24522 matrix exponentiations calls were made

Variable 'llvtsxZK.rNI_xuuq.likelihoodFunction' was not initialized prior to being used
Auto-benchmarked an optimal number (2) of threads.
Set GUI update interval to every 48-th LF evaluation.
Optimization settings:
	OPTIMIZATION_METHOD = 4
	OPTIMIZATION_PRECISION = 0.001
	MAXIMUM_ITERATIONS_PER_VARIABLE = 5000

Initial parameter values

relax.reference.omega3 = 28.4747
relax.reference.omega2 = 0.294991
relax.reference.bsrel_mixture_aux_0 = 0.537398
relax.test.theta_GT = 0.23274
relax.reference.omega1 = 0.292113
relax.reference.bsrel_mixture_aux_1 = 0.993202
relax.test.theta_CT = 0.643878
relax.test.theta_AC = 0.129264
relax.test.theta_AT = 0.132925
relax.test.theta_CG = 0.202481
rNI_xuuq.tree_id_0.Colinus_virginianus.t = 0.920069
rNI_xuuq.tree_id_0.Oxyura_jamaicensis.t = 0.122584
rNI_xuuq.tree_id_0.Cygnus_atratus.t = 0.0156242
rNI_xuuq.tree_id_0.Anser_cygnoides.t = 0.0448478
rNI_xuuq.tree_id_0.Node5.t = 0.0285617
rNI_xuuq.tree_id_0.Node3.t = 0.0277301
rNI_xuuq.tree_id_0.Aythya_fuligula.t = 0.0300219
rNI_xuuq.tree_id_0.Anas_platyrhynchos.t = 0.0472265
rNI_xuuq.tree_id_0.Node8.t = 0.0757117
Optimization finished in 3 loop passes.
210 likelihood evaluation calls and 4404 matrix exponentiations calls were made

Variable 'USE_JSON_FOR_MATRIX' was not initialized prior to being used