Sciurus_vulgaris	Oryctolagus_cuniculus	Octodon_degus	Ochotona_princeps	Heterocephalus_glaber	Fukomys_damarensis	Chinchilla_lanigera	Cavia_porcellus	Cavia_aperea	
8.3753e-06	7.5923e-07	2.0366e-05	7.4666e-05	4.847e-06	8.0179e-05	7.1746e-05	0.01	0.032078	
8.0138e-06	5.6776e-07	1.9492e-05	7.2886e-05	4.4508e-06	7.5937e-05	6.9601e-05	0.01	0.032088	
7.7304e-06	4.6948e-07	1.8784e-05	7.1623e-05	4.1492e-06	7.2187e-05	6.7699e-05	0.01	0.032099	
7.4283e-06	3.5488e-07	1.8037e-05	7.0241e-05	3.8283e-06	6.8312e-05	6.5735e-05	0.01	0.03211	
7.0455e-06	3.0462e-07	1.7247e-05	6.9478e-05	3.4864e-06	6.4307e-05	6.3707e-05	0.01	0.03212	
6.6259e-06	2.4498e-07	1.6617e-05	6.8619e-05	3.0876e-06	5.9733e-05	6.1924e-05	0.01	0.032131	
6.3009e-06	2.1612e-07	1.6114e-05	6.8095e-05	2.7797e-06	5.5713e-05	6.0357e-05	0.01	0.032142	
5.952e-06	1.8087e-07	1.5579e-05	6.7484e-05	2.4494e-06	5.1544e-05	5.873e-05	0.01	0.032153	
5.6871e-06	1.6637e-07	1.3659e-05	6.7189e-05	2.0732e-06	4.6923e-05	5.7359e-05	0.01	0.032164	
5.3875e-06	1.4682e-07	1.211e-05	6.6801e-05	1.788e-06	4.2897e-05	5.6172e-05	0.01	0.032176	
5.0638e-06	1.2165e-07	1.1969e-05	6.6322e-05	1.4802e-06	3.871e-05	5.4919e-05	0.01	0.032188	
4.7138e-06	8.9762e-08	1.1809e-05	6.5747e-05	1.1477e-06	3.4353e-05	5.3611e-05	0.01	0.032199	
4.4514e-06	7.6862e-08	1.1119e-05	6.55e-05	8.9839e-07	3.0578e-05	5.2492e-05	0.01	0.032211	
4.13e-06	5.8822e-08	1.0582e-05	6.513e-05	7.1307e-07	2.7321e-05	5.1543e-05	0.01	0.032224	
3.8946e-06	5.3083e-08	9.9076e-06	6.5084e-05	5.7776e-07	2.4546e-05	5.0298e-05	0.01	0.032236	
3.6241e-06	4.3685e-08	9.0365e-06	6.4928e-05	4.8363e-07	2.2287e-05	4.8681e-05	0.01	0.032248	
3.3199e-06	3.0092e-08	8.3699e-06	6.4664e-05	3.7585e-07	1.9821e-05	4.7307e-05	0.01	0.032261	
2.9858e-06	1.1556e-08	7.6481e-06	6.4294e-05	3.6927e-07	1.7106e-05	4.5862e-05	0.01	0.032274	
2.2382e-06	6.0435e-09	7.0941e-06	6.3033e-05	3.7154e-07	1.4789e-05	4.4629e-05	0.01	0.032287	
1.6829e-06	4.0045e-09	6.6708e-06	6.2271e-05	3.8152e-07	1.2799e-05	4.3581e-05	0.01	0.032301	
1.2705e-06	3.6931e-09	6.3504e-06	6.1891e-05	4.0019e-07	1.1091e-05	4.2699e-05	0.01	0.032315	
9.643e-07	4.8473e-09	5.3654e-06	6.1832e-05	4.2934e-07	9.6244e-06	4.1965e-05	0.01	0.032328	
7.7994e-07	3.034e-09	4.3015e-06	6.2248e-05	4.5386e-07	8.076e-06	4.1185e-05	0.01	0.032342	
6.4631e-07	2.6624e-09	2.8542e-06	6.3061e-05	4.9147e-07	6.7672e-06	4.0062e-05	0.01	0.032356	
4.985e-07	9.755e-10	2.6333e-06	6.3739e-05	5.1657e-07	6.5608e-06	3.8813e-05	0.01	0.03237	
4.365e-07	7.1284e-10	2.3682e-06	6.3858e-05	5.3697e-07	6.3232e-06	3.895e-05	0.01	0.032384	
3.9145e-07	6.5638e-10	2.1659e-06	6.4309e-05	5.6935e-07	6.1381e-06	3.9176e-05	0.01	0.032399	
3.1432e-07	1.7494e-09	2.0131e-06	6.4365e-05	6.1678e-07	6.0013e-06	3.9495e-05	0.01	0.032414	
2.292e-07	1.6802e-09	1.845e-06	6.4327e-05	6.5839e-07	5.8389e-06	3.9781e-05	0.01	0.032428	
1.6577e-07	2.3404e-09	1.7187e-06	6.4606e-05	7.1805e-07	5.7221e-06	4.0164e-05	0.01	0.032443	
1.1923e-07	4.6397e-09	1.6259e-06	6.4088e-05	7.2417e-07	5.6505e-06	4.0653e-05	0.01	0.032459	
8.7162e-08	4.7891e-09	1.5605e-06	6.3042e-05	7.4169e-07	5.6202e-06	4.1259e-05	0.01	0.032474	
6.3672e-08	6.968e-09	1.5195e-06	6.2477e-05	7.7236e-07	5.6308e-06	4.1092e-05	0.01	0.032491	
6.2464e-08	7.4104e-09	1.4696e-06	6.1721e-05	7.9784e-07	5.6174e-06	4.0895e-05	0.01	0.032507	
6.3597e-08	1.0681e-08	1.4406e-06	6.1405e-05	7.7822e-07	5.6471e-06	4.0787e-05	0.01	0.032523	
6.2706e-08	1.2086e-08	1.403e-06	6.0983e-05	7.535e-07	5.6522e-06	4.0647e-05	0.01	0.03254	
5.9425e-08	1.1058e-08	1.3569e-06	6.1828e-05	8.1479e-07	5.6161e-06	4.0475e-05	0.01	0.032556	
5.9329e-08	1.3965e-08	1.3307e-06	6.1861e-05	8.5998e-07	5.5021e-06	4.0393e-05	0.01	0.032573	
5.7369e-08	1.4896e-08	1.2961e-06	6.1796e-05	8.989e-07	5.3627e-06	4.028e-05	0.01	0.032589	
5.762e-08	2.0606e-08	1.2799e-06	6.0784e-05	8.8805e-07	5.2681e-06	4.0253e-05	0.01	0.032606	
5.6022e-08	2.382e-08	1.2557e-06	5.9611e-05	8.7222e-07	5.1488e-06	4.0195e-05	0.01	0.032623	
5.7449e-08	2.3357e-08	1.1152e-06	5.7628e-05	7.9109e-07	5.0803e-06	4.0232e-05	0.01	0.03264	
5.7005e-08	2.1348e-08	9.6645e-07	5.5345e-05	7.0052e-07	4.9877e-06	4.0237e-05	0.01	0.032657	
6.2609e-08	2.4294e-08	8.0348e-07	5.3965e-05	6.0008e-07	4.8709e-06	4.0211e-05	0.01	0.032674	
7.1109e-08	3.4291e-08	6.7811e-07	5.3103e-05	5.2719e-07	4.7934e-06	4.0272e-05	0.01	0.032692	
7.7466e-08	4.0874e-08	5.4023e-07	5.2098e-05	4.4582e-07	4.692e-06	4.03e-05	0.01	0.032709	
8.7363e-08	5.9702e-08	4.3375e-07	5.1515e-05	3.868e-07	4.6285e-06	4.0414e-05	0.01	0.032727	
1.0192e-07	1.0696e-07	3.1618e-07	5.126e-05	3.2065e-07	4.5414e-06	4.0497e-05	0.01	0.032745	
1.0478e-07	2.3452e-07	1.8487e-07	5.1366e-05	2.4677e-07	4.4295e-06	4.0537e-05	0.01	0.032763	
1.0544e-07	3.3368e-07	1.7349e-07	5.1382e-05	2.4446e-07	4.2758e-06	4.0532e-05	0.01	0.032781	
1.0399e-07	4.11e-07	1.5774e-07	5.1313e-05	3.0496e-07	4.0828e-06	4.0496e-05	0.01	0.032798	
1.0599e-07	6.0955e-07	1.4736e-07	5.1554e-05	3.1959e-07	3.9364e-06	4.0547e-05	0.01	0.032817	
1.0582e-07	7.6436e-07	1.3271e-07	5.1702e-05	3.3066e-07	3.7661e-06	4.0567e-05	0.01	0.032835	
1.0347e-07	8.8445e-07	1.1368e-07	5.1761e-05	3.3827e-07	3.5716e-06	4.0556e-05	0.01	0.032853	
9.1427e-08	9.6666e-07	9.9622e-08	5.1605e-05	3.5377e-07	3.4158e-06	4.0632e-05	0.01	0.032871	
8.452e-08	1.0128e-06	8.9673e-08	5.1063e-05	3.7863e-07	3.295e-06	3.99e-05	0.01	0.03289	
5.8323e-08	1.0198e-06	8.3102e-08	5.0932e-05	4.1524e-07	3.2063e-06	3.9297e-05	0.01	0.032909	
2.7707e-08	1.0166e-06	1.0354e-07	5.0707e-05	4.7021e-07	3.1609e-06	3.8363e-05	0.01	0.032927	
2.3927e-08	1.0024e-06	1.1972e-07	5.0373e-05	5.1883e-07	3.0946e-06	3.7377e-05	0.01	0.032946	
1.8505e-08	9.77e-07	1.3173e-07	4.9941e-05	5.6151e-07	3.0073e-06	3.6338e-05	0.01	0.032964	
1.7678e-08	9.3169e-07	1.3966e-07	4.9209e-05	5.9857e-07	2.8987e-06	3.5243e-05	0.01	0.032983	
1.5424e-08	8.7079e-07	1.4361e-07	4.8356e-05	6.3466e-07	2.7806e-06	3.4094e-05	0.01	0.033001	
1.1728e-08	7.911e-07	1.4363e-07	4.7372e-05	6.6564e-07	2.6418e-06	3.2888e-05	0.01	0.033019	
1.4661e-08	6.8375e-07	1.3971e-07	4.6155e-05	6.9171e-07	2.4819e-06	3.1625e-05	0.01	0.033037	
1.6662e-08	5.7575e-07	1.3362e-07	4.4934e-05	7.168e-07	2.3125e-06	3.0357e-05	0.01	0.033055	
1.7732e-08	4.6709e-07	1.2536e-07	4.371e-05	7.4091e-07	2.1336e-06	2.9087e-05	0.01	0.033073	
1.787e-08	3.5778e-07	1.1493e-07	4.2482e-05	7.6405e-07	1.9452e-06	2.7812e-05	0.01	0.033091	
1.7076e-08	2.4781e-07	1.0233e-07	4.125e-05	7.862e-07	1.7473e-06	2.6534e-05	0.01	0.033109	
1.535e-08	1.3719e-07	8.756e-08	4.0015e-05	8.0738e-07	1.5399e-06	2.5252e-05	0.01	0.033127	
1.2693e-08	2.592e-08	7.0623e-08	3.8775e-05	8.2759e-07	1.3231e-06	2.3967e-05	0.01	0.033145	
8.5508e-09	1.1435e-08	4.9676e-08	3.7285e-05	8.4299e-07	1.0848e-06	2.2621e-05	0.01	0.033163	
5.0969e-09	5.5367e-09	3.2655e-08	3.6322e-05	8.7178e-07	8.7691e-07	2.1463e-05	0.01	0.033182	
3.5934e-09	4.9162e-09	3.9648e-08	3.4444e-05	8.8331e-07	8.7399e-07	2.0185e-05	0.01	0.0332	
4.0176e-09	2.2109e-09	4.3494e-08	3.1591e-05	8.8972e-07	8.5436e-07	1.8836e-05	0.01	0.033218	
4.3156e-09	1.0566e-09	4.8836e-08	2.9675e-05	9.0844e-07	8.4451e-07	1.7671e-05	0.01	0.033237	
6.5276e-09	1.175e-09	5.0898e-08	2.6102e-05	9.2229e-07	8.1927e-07	1.645e-05	0.01	0.033255	
8.9968e-09	1.7342e-09	5.4547e-08	2.3667e-05	8.8437e-07	8.0508e-07	1.5393e-05	0.01	0.033274	
1.1902e-08	3.1494e-09	5.9959e-08	2.2006e-05	8.6043e-07	7.9951e-07	1.4479e-05	0.01	0.033293	
2.7551e-08	2.6068e-09	1.6042e-07	1.0559e-05	3.8118e-07	1.0259e-06	8.6911e-06	0.01	0.033499	
2.4049e-08	3.7224e-09	1.7445e-07	9.2264e-06	3.6865e-07	1.0589e-06	8.2981e-06	0.01	0.033521	
2.1668e-08	1.7359e-09	1.9427e-07	8.335e-06	3.6301e-07	1.1041e-06	7.9645e-06	0.01	0.033543	
2.0314e-08	1.0028e-09	2.2116e-07	5.8533e-06	3.6386e-07	1.1625e-06	7.6843e-06	0.01	0.033565	
1.9778e-08	6.5476e-10	2.5677e-07	4.1308e-06	3.7132e-07	1.2352e-06	7.4514e-06	0.01	0.033587	
2.0034e-08	4.3835e-10	3.0335e-07	2.9338e-06	3.4428e-07	1.3268e-06	7.2614e-06	0.01	0.03361	
2.1123e-08	2.0065e-10	3.6393e-07	2.1018e-06	3.2597e-07	1.4368e-06	7.1109e-06	0.01	0.033633	
2.0683e-08	5.2843e-10	4.1729e-07	1.1168e-06	3.0397e-07	1.5286e-06	6.9429e-06	0.01	0.033656	
1.835e-08	1.9769e-09	4.6362e-07	8.0621e-07	2.7791e-07	1.6022e-06	6.7568e-06	0.01	0.033679	
1.7237e-08	1.114e-09	5.0226e-07	6.1075e-07	2.3716e-07	2.0555e-06	6.5468e-06	0.01	0.033702	
1.6898e-08	7.9149e-10	4.8568e-07	4.8065e-07	2.1038e-07	2.1554e-06	6.3806e-06	0.01	0.033725	
1.7297e-08	7.3281e-10	4.7915e-07	3.9551e-07	1.92e-07	2.2812e-06	6.2515e-06	0.01	0.033749	
1.8756e-08	9.0229e-10	4.6698e-07	3.431e-07	1.7011e-07	2.3862e-06	6.1052e-06	0.01	0.033772	
2.1175e-08	1.4345e-09	4.6447e-07	3.1398e-07	1.5577e-07	2.525e-06	5.9943e-06	0.01	0.033796	
2.2051e-08	7.1363e-09	4.5652e-07	2.6854e-07	1.3837e-07	2.643e-06	5.8674e-06	0.01	0.03382	
2.1446e-08	1.0747e-08	4.4311e-07	2.0976e-07	1.558e-07	2.7295e-06	5.7245e-06	0.01	0.033844	
2.1811e-08	9.7702e-09	4.3911e-07	1.73e-07	1.5185e-07	2.8491e-06	5.6157e-06	0.01	0.033868	
2.0619e-08	1.9305e-08	4.2963e-07	1.2069e-07	1.4524e-07	2.9475e-06	5.491e-06	0.01	0.033892	
1.7636e-08	2.4512e-08	4.1462e-07	1.2595e-07	1.3592e-07	3.0247e-06	5.35e-06	0.01	0.033916	
1.5612e-08	2.3187e-08	3.2944e-07	1.4195e-07	1.3118e-07	3.1319e-06	5.243e-06	0.01	0.03394	
1.2126e-08	2.0292e-08	2.3514e-07	1.4791e-07	1.2394e-07	3.2181e-06	5.1209e-06	0.01	0.033965	
1.0393e-08	9.9793e-09	2.3777e-07	1.7296e-07	1.1409e-07	3.2828e-06	4.9817e-06	0.01	0.033989	
9.2004e-09	5.9484e-09	2.3581e-07	2.1412e-07	1.0154e-07	3.3262e-06	4.8265e-06	0.01	0.034013	
6.1419e-09	8.0547e-09	2.3997e-07	2.3722e-07	9.3447e-08	3.3998e-06	4.7038e-06	0.01	0.034037	
5.3823e-09	8.232e-09	2.3953e-07	2.4259e-07	8.2832e-08	3.4515e-06	4.5657e-06	0.01	0.034062	
4.6604e-09	4.0075e-09	2.4526e-07	2.639e-07	7.6018e-08	3.5343e-06	4.458e-06	0.01	0.034087	
4.0556e-09	2.5434e-09	2.5759e-07	3.0707e-07	7.2373e-08	3.6502e-06	4.3788e-06	0.01	0.034112	
3.6147e-09	2.4973e-09	2.6523e-07	3.8194e-07	6.6568e-08	3.7436e-06	4.2855e-06	0.01	0.034137	
3.0249e-09	3.5341e-09	2.7988e-07	4.9574e-07	6.3582e-08	3.8715e-06	4.2192e-06	0.01	0.034162	
2.2404e-09	6.8191e-09	3.0257e-07	6.6829e-07	6.3146e-08	4.0372e-06	4.1785e-06	0.01	0.034188	
3.2289e-09	2.8243e-08	3.2011e-07	7.8163e-07	6.0707e-08	4.1794e-06	4.1245e-06	0.01	0.034214	
3.0707e-09	4.4332e-08	3.3259e-07	8.7473e-07	5.6254e-08	4.2985e-06	4.0571e-06	0.01	0.03424	
2.6993e-09	4.8435e-08	3.5362e-07	1.0252e-06	5.4245e-08	4.4568e-06	4.0148e-06	0.01	0.034266	
5.1769e-09	4.9224e-08	3.6925e-07	1.1396e-06	5.0645e-08	4.5882e-06	3.959e-06	0.01	0.034292	
8.0604e-09	4.2836e-08	3.9429e-07	1.1516e-06	4.9265e-08	4.761e-06	3.9276e-06	0.01	0.034319	
1.1499e-08	2.2191e-08	4.303e-07	1.2057e-06	4.9949e-08	4.9787e-06	3.9197e-06	0.01	0.034346	
1.3518e-08	2.2276e-08	4.6013e-07	1.238e-06	4.8724e-08	5.1704e-06	3.8987e-06	0.01	0.034373	
1.4153e-08	2.0191e-08	4.8398e-07	1.2521e-06	4.5587e-08	5.3365e-06	3.8647e-06	0.01	0.034399	
1.3415e-08	1.6561e-08	5.021e-07	1.2474e-06	4.0549e-08	5.478e-06	3.8178e-06	0.01	0.034426	
1.1171e-08	1.0474e-08	5.1445e-07	1.2206e-06	5.5116e-08	5.5776e-06	3.7576e-06	0.01	0.034453	
1.1586e-08	1.1014e-08	5.2128e-07	1.1153e-06	6.724e-08	5.6531e-06	3.6846e-06	0.01	0.034479	
1.2308e-08	5.7005e-09	5.3707e-07	1.054e-06	8.3315e-08	5.7652e-06	3.6323e-06	0.01	0.034506	
1.18e-08	8.0536e-09	5.4816e-07	9.7538e-07	9.7174e-08	5.8572e-06	3.5695e-06	0.01	0.034533	
1.0145e-08	9.162e-09	5.5525e-07	8.8427e-07	1.0918e-07	5.932e-06	3.4977e-06	0.01	0.034559	
8.4577e-09	1.1941e-08	5.6853e-07	8.1918e-07	1.2417e-07	6.0319e-06	3.4395e-06	0.01	0.034586	
1.5729e-08	1.3365e-08	5.7807e-07	7.4055e-07	1.3736e-07	6.1156e-06	3.373e-06	0.01	0.034613	
2.1786e-08	1.3586e-08	5.8402e-07	6.5162e-07	1.4885e-07	6.1839e-06	3.2986e-06	0.01	0.03464	
2.8569e-08	1.5654e-08	5.9596e-07	5.8488e-07	1.6345e-07	6.2762e-06	3.2366e-06	0.01	0.034667	
3.4098e-08	1.6459e-08	6.0424e-07	5.0842e-07	1.7626e-07	6.3528e-06	3.1667e-06	0.01	0.034694	
3.8385e-08	1.6019e-08	6.0889e-07	4.2214e-07	1.873e-07	6.4139e-06	3.0889e-06	0.01	0.034722	
4.3575e-08	1.767e-08	6.1992e-07	3.5586e-07	2.0192e-07	6.5004e-06	3.0236e-06	0.01	0.034749	
4.7179e-08	1.7081e-08	6.2677e-07	4.1007e-07	2.144e-07	6.5691e-06	2.9494e-06	0.01	0.034776	
4.9366e-08	1.4986e-08	6.2924e-07	4.5409e-07	2.2468e-07	6.6192e-06	2.8659e-06	0.01	0.034804	
5.3352e-08	1.6375e-08	6.4141e-07	4.1194e-07	2.4067e-07	6.7081e-06	2.8007e-06	0.01	0.034831	
6.183e-08	1.3138e-08	6.8668e-07	4.1092e-07	2.5103e-07	6.7322e-06	2.5317e-06	0.01	0.03486	
7.3963e-08	1.3482e-08	6.7959e-07	4.3097e-07	2.3891e-07	6.8733e-06	2.3754e-06	0.01	0.034888	
8.3595e-08	2.9698e-08	6.6439e-07	4.3438e-07	2.2346e-07	6.9874e-06	2.5327e-06	0.01	0.034916	
1.0089e-07	3.5239e-08	6.4283e-07	4.7175e-07	2.4318e-07	6.9966e-06	2.6758e-06	0.01	0.034943	
1.1554e-07	3.8103e-08	6.1504e-07	4.9577e-07	2.5953e-07	6.9808e-06	2.8057e-06	0.01	0.034971	
1.3588e-07	4.9222e-08	5.9924e-07	5.4578e-07	2.4862e-07	7.0127e-06	2.9616e-06	0.01	0.034999	
1.5326e-07	5.7957e-08	5.7755e-07	5.804e-07	2.3463e-07	7.0199e-06	3.1039e-06	0.01	0.035027	
1.6785e-07	6.3324e-08	5.4991e-07	6.0125e-07	2.1601e-07	8.0955e-06	3.2329e-06	0.01	0.035055	
1.7978e-07	6.5626e-08	5.1806e-07	6.0868e-07	1.9409e-07	9.118e-06	3.3488e-06	0.01	0.035083	
1.8403e-07	6.2071e-08	4.8018e-07	7.3076e-07	1.6875e-07	1.0089e-05	3.4519e-06	0.01	0.035111	
1.8582e-07	5.5508e-08	4.3625e-07	8.3434e-07	1.5158e-07	1.1269e-05	3.5426e-06	0.01	0.035139	
1.9129e-07	5.5445e-08	4.0247e-07	9.8086e-07	1.391e-07	1.2601e-05	3.6535e-06	0.01	0.035167	
1.9468e-07	5.3088e-08	3.6372e-07	1.1099e-06	1.2434e-07	1.3885e-05	3.7533e-06	0.01	0.035195	
1.9604e-07	4.8379e-08	3.1993e-07	1.2226e-06	1.0726e-07	1.5121e-05	3.8424e-06	0.01	0.035223	
1.9529e-07	6.9774e-08	2.7108e-07	1.3132e-06	8.7829e-08	1.6313e-05	3.9211e-06	0.01	0.03525	
1.9998e-07	1.1735e-07	2.7688e-07	1.248e-06	8.7229e-08	1.6867e-05	3.902e-06	0.01	0.035278	
2.0296e-07	1.5907e-07	2.7928e-07	1.171e-06	8.5058e-08	1.7395e-05	3.8741e-06	0.01	0.035306	
2.0877e-07	2.3191e-07	2.8529e-07	1.12e-06	8.4465e-08	1.7993e-05	3.8597e-06	0.01	0.035334	
2.1294e-07	2.9722e-07	2.8805e-07	1.0585e-06	8.2385e-08	1.8566e-05	3.8371e-06	0.01	0.035362	
2.155e-07	3.5575e-07	2.8758e-07	9.8659e-07	7.882e-08	1.9116e-05	3.8062e-06	0.01	0.03539	
2.2093e-07	3.6153e-07	2.9066e-07	9.3898e-07	7.6742e-08	1.9736e-05	3.7884e-06	0.01	0.035418	
2.2942e-07	3.2771e-07	2.974e-07	9.127e-07	7.6079e-08	2.0435e-05	3.7837e-06	0.01	0.035446	
2.3624e-07	2.892e-07	3.0089e-07	8.7691e-07	7.3958e-08	2.1107e-05	3.7708e-06	0.01	0.035475	
2.4142e-07	2.4579e-07	3.0116e-07	8.3172e-07	7.0394e-08	2.1755e-05	3.7498e-06	0.01	0.035503	
2.5018e-07	2.2235e-07	2.9259e-07	8.0566e-07	6.5321e-08	2.2374e-05	4.3017e-06	0.01	0.035531	
2.5727e-07	1.9536e-07	2.808e-07	7.7054e-07	5.8798e-08	2.2969e-05	4.8398e-06	0.01	0.035559	
2.6775e-07	1.8182e-07	2.7262e-07	7.5254e-07	5.3617e-08	2.3642e-05	5.4271e-06	0.01	0.035587	
2.7648e-07	1.654e-07	2.6123e-07	7.2549e-07	4.7001e-08	2.4288e-05	5.9996e-06	0.01	0.035616	
2.8344e-07	1.4587e-07	2.4655e-07	6.8917e-07	3.8923e-08	2.4909e-05	6.5571e-06	0.01	0.035644	
2.8855e-07	1.2271e-07	2.2846e-07	6.4302e-07	2.9324e-08	2.5502e-05	7.0988e-06	0.01	0.035672	
2.9161e-07	9.4833e-08	2.0666e-07	5.8569e-07	1.8063e-08	2.6064e-05	7.6225e-06	0.01	0.0357	
2.7578e-07	8.5678e-08	1.9141e-07	5.6249e-07	9.1981e-09	2.6753e-05	7.6823e-06	0.01	0.035729	
2.5657e-07	7.2022e-08	1.7169e-07	5.2642e-07	1.0303e-08	2.735e-05	7.7266e-06	0.01	0.035758	
2.5813e-07	7.4893e-08	1.473e-07	4.2192e-07	9.9914e-09	2.7899e-05	7.7548e-06	0.01	0.035786	
2.57e-07	7.4609e-08	1.1822e-07	2.9875e-07	2.137e-08	2.8362e-05	7.7676e-06	0.01	0.035814	
2.5319e-07	7.1172e-08	8.4324e-08	1.5559e-07	3.0733e-08	2.8781e-05	7.765e-06	0.01	0.035843	
2.4579e-07	6.2489e-08	9.5308e-08	1.3178e-07	3.8141e-08	2.9156e-05	7.746e-06	0.01	0.035871	
2.3563e-07	4.9853e-08	1.0259e-07	9.7922e-08	4.3649e-08	2.9488e-05	7.7117e-06	0.01	0.035899	
2.309e-07	4.6565e-08	1.1342e-07	7.5087e-08	5.1575e-08	2.9935e-05	7.711e-06	0.01	0.035927	
2.2351e-07	4.0364e-08	1.2041e-07	4.2983e-08	5.747e-08	3.0337e-05	7.6947e-06	0.01	0.035956	
1.9785e-07	4.1526e-08	1.2352e-07	2.1515e-08	6.6607e-08	3.0881e-05	7.662e-06	0.01	0.035984	
1.6422e-07	3.8518e-08	1.1965e-07	2.0539e-08	7.3365e-08	3.1363e-05	8.2096e-06	0.01	0.036012	
1.5584e-07	2.9636e-08	1.1179e-07	3.243e-08	7.7889e-08	3.1795e-05	8.7259e-06	0.01	0.036041	
1.4395e-07	1.468e-08	9.9954e-08	9.2246e-08	8.023e-08	3.2177e-05	9.213e-06	0.01	0.036069	
1.3675e-07	8.7356e-09	9.1865e-08	1.7743e-07	8.5672e-08	3.2687e-05	9.7827e-06	0.01	0.036098	
1.3623e-07	7.5948e-09	7.9778e-08	2.0077e-07	8.8841e-08	3.3145e-05	1.0316e-05	0.01	0.036128	
1.3345e-07	4.7832e-09	6.3852e-08	2.1365e-07	8.9837e-08	3.3555e-05	1.0821e-05	0.01	0.036157	
1.3443e-07	4.0912e-09	5.1344e-08	2.414e-07	9.406e-08	3.4098e-05	1.1412e-05	0.01	0.036187	
1.3315e-07	1.9741e-09	3.5182e-08	2.5806e-07	9.606e-08	3.4589e-05	1.1972e-05	0.01	0.036217	
1.4549e-07	2.0245e-09	4.4033e-08	2.3815e-07	9.58e-08	3.5028e-05	1.2481e-05	0.01	0.036246	
1.636e-07	2.9972e-09	3.5297e-08	2.3329e-07	9.994e-08	3.4557e-05	1.3088e-05	0.01	0.036276	
1.9054e-07	5.7549e-09	2.3213e-08	2.4325e-07	1.0179e-07	3.4033e-05	1.3662e-05	0.01	0.036306	
2.1391e-07	6.9223e-09	3.1768e-08	2.4254e-07	1.0138e-07	3.3458e-05	1.4203e-05	0.01	0.036336	
2.4649e-07	1.1057e-08	4.199e-08	2.5653e-07	1.0441e-07	3.3018e-05	1.4839e-05	0.01	0.036366	
2.6769e-07	1.2121e-08	4.8832e-08	3.5516e-07	1.0511e-07	3.2526e-05	1.5439e-05	0.01	0.036396	
2.8545e-07	1.1416e-08	5.2379e-08	4.3664e-07	1.0354e-07	3.1985e-05	1.6007e-05	0.01	0.036426	
3.1394e-07	5.3744e-09	5.2644e-08	5.7058e-07	9.9674e-08	3.1392e-05	1.6542e-05	0.01	0.036456	
3.3796e-07	6.3815e-09	5.0123e-08	6.7509e-07	1.3112e-07	3.0696e-05	1.7043e-05	0.01	0.036486	
3.4567e-07	5.7056e-09	4.9683e-08	7.4841e-07	1.7413e-07	3.0144e-05	1.7019e-05	0.01	0.036516	
3.6074e-07	7.0075e-09	5.0847e-08	8.6744e-07	2.3266e-07	2.972e-05	1.7048e-05	0.01	0.036547	
3.7042e-07	2.1498e-08	9.8756e-08	9.5139e-07	2.8486e-07	2.9246e-05	1.7049e-05	0.01	0.036577	
3.7919e-07	3.5238e-08	1.4452e-07	1.0304e-06	3.3608e-07	2.8764e-05	1.7045e-05	0.01	0.036608	
3.8706e-07	4.8227e-08	1.8815e-07	1.1044e-06	3.8635e-07	2.8273e-05	1.7036e-05	0.01	0.036639	
3.9401e-07	6.0465e-08	2.2963e-07	1.1734e-06	4.3564e-07	2.7772e-05	1.7023e-05	0.01	0.036669	
4.0006e-07	7.1953e-08	2.6896e-07	1.2374e-06	4.8397e-07	2.7263e-05	1.7006e-05	0.01	0.0367	
4.0519e-07	8.269e-08	3.0616e-07	1.2965e-06	5.3134e-07	2.6745e-05	1.6983e-05	0.01	0.036731	
4.0941e-07	9.2676e-08	3.4121e-07	1.3506e-06	5.7774e-07	2.6219e-05	1.6957e-05	0.01	0.036761	
4.1273e-07	1.0191e-07	3.7412e-07	1.3997e-06	6.2317e-07	2.5683e-05	1.6925e-05	0.01	0.036792	
4.1514e-07	1.104e-07	4.0489e-07	1.4439e-06	6.6763e-07	2.5139e-05	1.6889e-05	0.01	0.036823	
4.1663e-07	1.1813e-07	4.3351e-07	1.483e-06	7.1114e-07	2.4585e-05	1.6849e-05	0.01	0.036854	
4.1722e-07	1.2511e-07	4.5999e-07	1.5172e-06	7.5367e-07	2.4023e-05	1.6804e-05	0.01	0.036884	
4.169e-07	1.3135e-07	4.8433e-07	1.5465e-06	7.9524e-07	2.3452e-05	1.6754e-05	0.01	0.036915	
4.1566e-07	1.3683e-07	5.0653e-07	1.5707e-06	8.3585e-07	2.2872e-05	1.67e-05	0.01	0.036946	
4.1352e-07	1.4156e-07	5.2658e-07	1.59e-06	8.7549e-07	2.2283e-05	1.6641e-05	0.01	0.036977	
4.1047e-07	1.4554e-07	5.4449e-07	1.6043e-06	9.1416e-07	2.1685e-05	1.6578e-05	0.01	0.037008	
4.0651e-07	1.4877e-07	5.6026e-07	1.6137e-06	9.5187e-07	2.1079e-05	1.651e-05	0.01	0.037039	
4.0163e-07	1.5125e-07	5.7389e-07	1.618e-06	9.8861e-07	2.0463e-05	1.6437e-05	0.01	0.03707	
3.9585e-07	1.5298e-07	5.8537e-07	1.6174e-06	1.0244e-06	1.9839e-05	1.636e-05	0.01	0.037101	
3.8916e-07	1.5396e-07	5.9471e-07	1.6118e-06	1.0592e-06	1.9206e-05	1.6279e-05	0.01	0.037132	
3.8156e-07	1.5419e-07	6.0191e-07	1.6013e-06	1.093e-06	1.8564e-05	1.6193e-05	0.01	0.037163	
3.7305e-07	1.5367e-07	6.0697e-07	1.5857e-06	1.1259e-06	1.7913e-05	1.6102e-05	0.01	0.037194	
3.6363e-07	1.5239e-07	6.0988e-07	1.5652e-06	1.1578e-06	1.7253e-05	1.6007e-05	0.01	0.037225	
3.533e-07	1.5037e-07	6.1065e-07	1.5397e-06	1.1888e-06	1.6584e-05	1.5907e-05	0.01	0.037256	
3.4206e-07	1.476e-07	6.0928e-07	1.5093e-06	1.2188e-06	1.5906e-05	1.5802e-05	0.01	0.037287	
3.2991e-07	1.4407e-07	6.0577e-07	1.4738e-06	1.2478e-06	1.522e-05	1.5693e-05	0.01	0.037318	
3.1686e-07	1.398e-07	6.0011e-07	1.4334e-06	1.2759e-06	1.4525e-05	1.558e-05	0.01	0.037349	
3.0289e-07	1.3477e-07	5.9231e-07	1.3881e-06	1.3029e-06	1.382e-05	1.5461e-05	0.01	0.03738	
2.8801e-07	1.2899e-07	5.8237e-07	1.3377e-06	1.3291e-06	1.3107e-05	1.5339e-05	0.01	0.037411	
2.7222e-07	1.2246e-07	5.7029e-07	1.2824e-06	1.3542e-06	1.2385e-05	1.5211e-05	0.01	0.037443	
2.5552e-07	1.1519e-07	5.5606e-07	1.2221e-06	1.3784e-06	1.1654e-05	1.5079e-05	0.01	0.037474	
2.3791e-07	1.0716e-07	5.3969e-07	1.1568e-06	1.4017e-06	1.0914e-05	1.4943e-05	0.01	0.037505	
2.1431e-07	1.1195e-07	5.1744e-07	1.1474e-06	1.419e-06	1.0127e-05	1.4785e-05	0.01	0.037536	
1.8304e-07	1.126e-07	5.0594e-07	1.117e-06	1.4538e-06	9.4597e-06	1.4681e-05	0.01	0.037568	
1.4755e-07	1.1081e-07	4.8877e-07	1.0672e-06	1.4822e-06	8.748e-06	1.4555e-05	0.01	0.037599	
1.2286e-07	9.9195e-08	4.8175e-07	9.0823e-07	1.5303e-06	8.1449e-06	1.4482e-05	0.01	0.037631	
9.1466e-08	7.6246e-08	4.6906e-07	8.8104e-07	1.571e-06	7.4992e-06	1.4388e-05	0.01	0.037663	
5.6127e-08	4.5884e-08	4.5077e-07	8.3748e-07	1.6049e-06	6.8111e-06	1.4272e-05	0.01	0.037695	
2.954e-08	3.4126e-08	4.4228e-07	8.2704e-07	1.6283e-06	6.0178e-06	1.4209e-05	0.01	0.037727	
2.1467e-08	1.6201e-08	5.0957e-07	7.8724e-07	1.6235e-06	5.8248e-06	1.4026e-05	0.01	0.037759	
2.18e-08	1.4708e-08	5.6881e-07	7.0588e-07	1.6125e-06	5.6042e-06	1.382e-05	0.01	0.037791	
2.0467e-08	1.2455e-08	6.2033e-07	6.1954e-07	1.5952e-06	5.3558e-06	1.3592e-05	0.01	0.037823	
2.0089e-08	3.2875e-09	6.9025e-07	5.7183e-07	1.5949e-06	5.1575e-06	1.342e-05	0.01	0.037855	
1.8232e-08	2.7126e-09	7.5188e-07	5.0598e-07	1.5886e-06	4.9334e-06	1.3226e-05	0.01	0.037887	
1.7366e-08	3.2731e-09	8.0553e-07	4.7018e-07	1.5764e-06	4.6826e-06	1.301e-05	0.01	0.03792	
1.7294e-08	9.0832e-10	8.7942e-07	4.6015e-07	1.5808e-06	4.4798e-06	1.2848e-05	0.01	0.037952	
1.5786e-08	1.1233e-09	9.4448e-07	4.3534e-07	1.5793e-06	4.2517e-06	1.2666e-05	0.01	0.037985	
1.5216e-08	1.8645e-09	9.9374e-07	4.3306e-07	1.5591e-06	4.4393e-06	1.2422e-05	0.01	0.038018	
1.5302e-08	3.7523e-09	1.0636e-06	4.5217e-07	1.557e-06	4.2834e-06	1.2233e-05	0.01	0.038051	
1.7772e-08	3.7984e-09	1.0971e-06	4.396e-07	1.4922e-06	4.2143e-06	1.186e-05	0.01	0.038085	
1.8768e-08	2.7661e-09	1.1228e-06	4.1293e-07	1.4186e-06	4.1223e-06	1.146e-05	0.01	0.038119	
2.0621e-08	2.883e-09	1.1662e-06	4.0726e-07	1.3688e-06	4.0646e-06	1.1127e-05	0.01	0.038153	
2.0994e-08	1.7211e-09	1.2015e-06	3.8902e-07	1.3115e-06	3.9847e-06	1.0769e-05	0.01	0.038187	
1.987e-08	3.8752e-09	1.2288e-06	3.5614e-07	1.2462e-06	3.8822e-06	1.0386e-05	0.01	0.038221	
1.9636e-08	2.9555e-09	1.275e-06	3.443e-07	1.2025e-06	3.8136e-06	1.0066e-05	0.01	0.038256	
1.7901e-08	6.8551e-09	1.3129e-06	3.1716e-07	1.152e-06	3.7233e-06	9.7232e-06	0.01	0.03829	
1.6998e-08	6.6328e-09	1.3716e-06	3.0918e-07	1.12e-06	3.6656e-06	9.4389e-06	0.01	0.038325	
1.6834e-08	8.648e-09	1.4549e-06	3.1813e-07	1.1035e-06	3.639e-06	9.207e-06	0.01	0.03836	
1.7954e-08	6.7302e-09	1.5281e-06	3.5019e-07	1.0814e-06	3.5907e-06	8.9545e-06	0.01	0.038395	
2.1317e-08	2.0049e-09	1.5562e-06	3.5068e-07	1.0743e-06	3.5771e-06	8.4899e-06	0.01	0.038431	
2.3134e-08	2.1112e-09	1.5727e-06	3.3774e-07	1.0591e-06	4.2424e-06	8.6536e-06	0.01	0.038467	
2.339e-08	7.3971e-09	1.5808e-06	3.0939e-07	1.0385e-06	4.8677e-06	8.7979e-06	0.01	0.038503	
2.1959e-08	1.1144e-08	1.5804e-06	2.6649e-07	1.035e-06	5.6528e-06	8.9229e-06	0.01	0.038539	
2.2136e-08	1.0407e-08	1.5994e-06	2.4826e-07	1.0486e-06	5.8427e-06	9.091e-06	0.01	0.038575	
2.3389e-08	4.337e-09	1.5862e-06	2.4629e-07	1.0773e-06	6.0873e-06	9.9556e-06	0.01	0.038612	
2.3062e-08	4.9217e-09	1.5645e-06	2.3052e-07	1.1002e-06	6.3038e-06	1.0778e-05	0.01	0.038648	
2.1224e-08	4.3918e-09	1.5345e-06	2.0304e-07	1.1178e-06	6.4934e-06	1.156e-05	0.01	0.038684	
1.7816e-08	1.0696e-08	1.496e-06	1.6103e-07	1.13e-06	6.6565e-06	1.2305e-05	0.01	0.03872	
1.9499e-08	1.3173e-08	1.4488e-06	1.6598e-07	1.1371e-06	6.793e-06	1.3012e-05	0.01	0.038756	
1.841e-08	1.2729e-08	1.3921e-06	2.3439e-07	1.1616e-06	7.0044e-06	1.3679e-05	0.01	0.038792	
1.2588e-08	1.3005e-07	9.0904e-07	5.0466e-07	1.0164e-06	1.2023e-05	2.4801e-05	0.01	0.03927	
1.1194e-08	1.3115e-07	8.9617e-07	4.8334e-07	9.5217e-07	1.2729e-05	2.5928e-05	0.01	0.039308	
1.0114e-08	1.4343e-07	8.9528e-07	4.8159e-07	9.0505e-07	1.3549e-05	2.7213e-05	0.01	0.039346	
1.3352e-08	1.48e-07	8.8847e-07	4.4589e-07	8.525e-07	1.4323e-05	2.8449e-05	0.01	0.039384	
1.7328e-08	1.3526e-07	8.9395e-07	4.3206e-07	8.1527e-07	1.5225e-05	2.9862e-05	0.01	0.039423	
1.9895e-08	1.179e-07	8.9345e-07	4.0664e-07	7.7317e-07	1.608e-05	3.1221e-05	0.01	0.039462	
2.3399e-08	1.1411e-07	9.0621e-07	4.0048e-07	7.446e-07	1.7077e-05	3.1462e-05	0.01	0.039501	
2.5413e-08	1.0672e-07	9.1264e-07	3.8269e-07	7.1135e-07	1.802e-05	3.1676e-05	0.01	0.03954	
2.5943e-08	9.5334e-08	9.1271e-07	3.5293e-07	6.7314e-07	1.891e-05	3.1864e-05	0.01	0.039579	
2.9101e-08	6.2491e-08	9.0616e-07	3.5341e-07	6.2931e-07	1.9745e-05	3.2023e-05	0.01	0.039618	
3.4133e-08	4.9119e-08	8.9307e-07	3.7275e-07	5.8066e-07	2.0504e-05	3.2155e-05	0.01	0.039657	
3.7504e-08	3.1281e-08	8.7339e-07	3.803e-07	5.2599e-07	2.1214e-05	3.226e-05	0.01	0.039695	
3.9203e-08	3.3633e-08	8.4697e-07	3.7452e-07	4.6485e-07	2.1875e-05	3.2338e-05	0.01	0.039734	
4.2605e-08	2.8398e-08	8.3462e-07	3.8865e-07	4.2106e-07	2.2674e-05	3.2493e-05	0.01	0.039773	
4.8022e-08	1.0738e-08	8.3559e-07	4.2517e-07	3.9061e-07	2.3629e-05	3.273e-05	0.01	0.039812	
5.1561e-08	9.8679e-09	8.2994e-07	4.4645e-07	3.5535e-07	2.4524e-05	3.2936e-05	0.01	0.039852	
5.8043e-08	3.753e-09	8.176e-07	4.973e-07	3.1495e-07	2.536e-05	3.3113e-05	0.01	0.039891	
6.2496e-08	4.1062e-09	7.9868e-07	5.2945e-07	2.6929e-07	2.6141e-05	3.326e-05	0.01	0.03993	
6.9719e-08	6.3259e-09	7.9315e-07	5.978e-07	2.3663e-07	2.7083e-05	3.3491e-05	0.01	0.03997	
6.9707e-08	6.787e-09	7.0613e-07	6.4041e-07	2.1388e-07	2.8208e-05	3.3814e-05	0.01	0.04001	
7.3118e-08	4.8935e-09	6.4109e-07	6.3822e-07	1.9879e-07	2.9542e-05	3.4233e-05	0.01	0.040051	
6.5576e-08	1.7562e-08	2.9075e-07	5.3267e-07	1.0361e-07	3.4146e-05	3.5571e-05	0.01	0.040213	
5.7803e-08	1.7591e-08	2.9429e-07	4.8423e-07	1.0988e-07	3.5105e-05	3.5818e-05	0.01	0.040253	
5.2742e-08	2.2031e-08	2.5131e-07	4.6185e-07	1.2128e-07	3.6262e-05	3.6159e-05	0.01	0.040293	
4.9939e-08	2.0306e-08	2.1899e-07	4.6277e-07	1.1447e-07	3.7667e-05	3.6598e-05	0.01	0.040335	
4.5445e-08	1.6331e-08	1.8115e-07	4.5034e-07	1.0515e-07	3.8993e-05	3.7003e-05	0.01	0.040376	
4.2947e-08	1.648e-08	1.523e-07	4.5959e-07	9.9867e-08	4.0566e-05	3.7513e-05	0.01	0.040417	
3.8643e-08	1.46e-08	1.1836e-07	4.5675e-07	9.2108e-08	4.207e-05	3.7986e-05	0.01	0.040459	
3.6188e-08	1.6336e-08	7.8365e-08	4.7611e-07	8.8081e-08	4.3869e-05	3.8409e-05	0.01	0.0405	
3.5342e-08	2.3771e-08	4.6524e-08	5.2171e-07	8.7277e-08	4.5991e-05	3.8939e-05	0.01	0.040542	
2.5337e-08	2.553e-08	6.855e-08	5.3688e-07	7.9266e-08	7.728e-05	5.329e-05	0.01	0.041098	
2.5708e-08	1.0506e-08	6.5841e-08	5.339e-07	8.5634e-08	7.8492e-05	5.5373e-05	0.01	0.041142	
2.4469e-08	9.9709e-09	5.9642e-08	5.1307e-07	8.9721e-08	7.962e-05	5.7362e-05	0.01	0.041186	
2.4352e-08	4.2977e-09	5.564e-08	5.1799e-07	9.7354e-08	8.1007e-05	5.9678e-05	0.01	0.04123	
2.1965e-08	4.7401e-09	5.3634e-08	5.0018e-07	1.0201e-07	8.2225e-05	6.2382e-05	0.01	0.041274	
2.6481e-08	2.8982e-09	4.8269e-08	5.6026e-07	1.0431e-07	8.3355e-05	6.4966e-05	0.01	0.041319	
3.3062e-08	2.5314e-09	5.0101e-08	6.631e-07	1.1035e-07	8.4758e-05	6.5987e-05	0.01	0.041363	
3.794e-08	7.6193e-09	4.8789e-08	7.4528e-07	1.1414e-07	8.6079e-05	6.6958e-05	0.01	0.041407	
4.1195e-08	1.092e-08	4.4536e-08	8.0961e-07	1.1598e-07	8.7337e-05	6.7889e-05	0.01	0.041451	
4.3153e-08	1.2888e-08	3.7586e-08	8.6314e-07	1.1617e-07	8.855e-05	6.8792e-05	0.01	0.041495	
4.3883e-08	1.3644e-08	2.8023e-08	9.0705e-07	1.1482e-07	8.9725e-05	6.9672e-05	0.01	0.041539	
4.3408e-08	1.3228e-08	1.5873e-08	9.4178e-07	1.1199e-07	9.0865e-05	7.053e-05	0.01	0.041583	
4.1737e-08	1.1649e-08	2.4878e-08	9.6753e-07	1.0767e-07	9.197e-05	7.1362e-05	0.01	0.041626	
4.0685e-08	1.1572e-08	3.3762e-08	1.0124e-06	1.0508e-07	9.3226e-05	7.2292e-05	0.01	0.041671	
4.0215e-08	1.2966e-08	4.2718e-08	1.0785e-06	1.0413e-07	9.4641e-05	7.3328e-05	0.01	0.041715	
4.0311e-08	1.6213e-08	5.1947e-08	1.1695e-06	1.0479e-07	9.6227e-05	7.4475e-05	0.01	0.04176	
3.9234e-08	1.8234e-08	5.8586e-08	1.2503e-06	1.0401e-07	9.7775e-05	7.56e-05	0.01	0.041805	
3.9008e-08	1.7384e-08	6.5658e-08	1.2754e-06	1.0485e-07	9.9505e-05	7.6845e-05	0.01	0.041851	
3.7604e-08	1.5313e-08	7.0104e-08	1.291e-06	1.0423e-07	0.0001012	7.8064e-05	0.01	0.041896	
3.6732e-08	1.5091e-08	7.5092e-08	1.3285e-06	1.0523e-07	0.00010308	7.9411e-05	0.01	0.041942	
3.4687e-08	1.3691e-08	7.7438e-08	1.3564e-06	1.0478e-07	0.00010492	8.0732e-05	0.01	0.041988	
3.1467e-08	1.1101e-08	7.7146e-08	1.3747e-06	1.0288e-07	0.00010672	8.2027e-05	0.01	0.042034	
2.8734e-08	7.7503e-09	7.7423e-08	1.388e-06	1.0257e-07	0.00010872	8.3456e-05	0.01	0.04208	
2.4836e-08	3.1857e-09	7.5058e-08	1.3917e-06	1.0082e-07	0.00011068	8.4857e-05	0.01	0.042126	
1.9745e-08	4.7862e-09	7.004e-08	1.3809e-06	9.7607e-08	0.00011259	8.6231e-05	0.01	0.042172	
1.3336e-08	5.3719e-09	6.56e-08	1.3604e-06	1.0002e-07	0.0001122	8.7747e-05	0.01	0.042219	
7.3862e-09	6.8094e-09	6.1632e-08	1.3622e-06	1.0408e-07	0.00011194	8.9418e-05	0.01	0.042265	
1.0613e-08	7.1904e-09	5.5056e-08	1.3542e-06	1.0669e-07	0.00011165	9.1058e-05	0.01	0.042311	
1.2759e-08	6.5318e-09	4.5878e-08	1.3368e-06	1.0786e-07	0.00011132	9.267e-05	0.01	0.042358	
1.4893e-08	6.7725e-09	3.7032e-08	1.341e-06	1.107e-07	0.00011112	9.4441e-05	0.01	0.042404	
1.7078e-08	7.9778e-09	2.8316e-08	1.3671e-06	1.1531e-07	0.00011105	9.6385e-05	0.01	0.042451	
1.8166e-08	8.1259e-09	1.7058e-08	1.3838e-06	1.1846e-07	0.00011094	9.8297e-05	0.01	0.042499	
1.9354e-08	9.4097e-09	5.753e-09	1.4235e-06	1.235e-07	0.00011096	0.00010039	0.01	0.042546	
1.9427e-08	9.5874e-09	8.0479e-09	1.4532e-06	1.2702e-07	0.00011094	0.00010244	0.01	0.042593	
1.838e-08	8.6535e-09	7.9925e-09	1.4729e-06	1.2901e-07	0.00011089	0.00010446	0.01	0.042641	
1.7479e-08	8.9645e-09	6.6843e-09	1.5177e-06	1.3309e-07	0.00011097	0.00010667	0.01	0.042688	
1.5394e-08	8.082e-09	1.1148e-08	1.5508e-06	1.3543e-07	0.00011101	0.00010779	0.01	0.042736	
1.2121e-08	5.97e-09	1.3144e-08	1.5721e-06	1.3605e-07	0.00011101	0.00010888	0.01	0.042784	
9.1245e-09	5.2215e-09	1.438e-08	1.624e-06	1.3933e-07	0.00011116	0.00011012	0.01	0.042833	
1.2635e-08	3.0227e-09	1.297e-08	1.6542e-06	1.4046e-07	0.00011125	0.00011131	0.01	0.042881	
1.4183e-08	2.3192e-09	2.8788e-08	1.7385e-06	1.3628e-07	0.00011469	0.00011235	0.01	0.042929	
1.6253e-08	2.3423e-09	4.7092e-08	1.8735e-06	1.3573e-07	0.00011867	0.00011358	0.01	0.042978	
1.6981e-08	1.2307e-09	6.1882e-08	1.9881e-06	1.3297e-07	0.00012249	0.00011475	0.01	0.043027	
2.2272e-08	1.3657e-09	7.3205e-08	1.9875e-06	1.2795e-07	0.00012616	0.00011587	0.01	0.043075	
2.8994e-08	1.8796e-09	8.7461e-08	2.0297e-06	1.2649e-07	0.00013039	0.00011719	0.01	0.043124	
3.2569e-08	3.5809e-09	9.7918e-08	2.1562e-06	1.2278e-07	0.00013445	0.00011844	0.01	0.043174	
3.4543e-08	3.994e-09	1.0474e-07	2.2595e-06	1.0408e-07	0.00014318	0.00011962	0.01	0.043223	
3.7842e-08	5.818e-09	1.1469e-07	2.4279e-06	9.0261e-08	0.00015321	0.00012102	0.01	0.043273	
3.9568e-08	6.2388e-09	1.2098e-07	2.5706e-06	7.3989e-08	0.00016286	0.00012235	0.01	0.043323	
3.9752e-08	5.2945e-09	1.2369e-07	2.6895e-06	5.5224e-08	0.00017216	0.00012363	0.01	0.043373	
4.1345e-08	5.9368e-09	1.2976e-07	2.8831e-06	4.084e-08	0.00018286	0.00012512	0.01	0.043424	
4.1291e-08	5.1553e-09	1.3178e-07	3.0459e-06	4.6045e-08	0.00019252	0.00012653	0.01	0.043474	
4.2889e-08	6.1372e-09	1.379e-07	3.3092e-06	4.872e-08	0.00020112	0.00012821	0.01	0.043525	
4.6903e-08	1.052e-08	1.6065e-07	3.3482e-06	5.371e-08	0.00021122	0.00012863	0.01	0.043576	
4.9e-08	1.255e-08	2.9302e-07	3.9544e-06	5.6699e-08	0.00022086	0.00012879	0.01	0.043626	
4.9438e-08	1.2858e-08	4.1491e-07	4.4955e-06	5.7831e-08	0.00023013	0.00012892	0.01	0.043677	
5.2161e-08	1.0291e-08	5.672e-07	4.8161e-06	6.0993e-08	0.00024076	0.00012918	0.01	0.043728	
5.6629e-08	1.0243e-08	7.5669e-07	5.2809e-06	6.631e-08	0.00025289	0.00012959	0.01	0.043779	
5.9459e-08	8.6939e-09	9.3347e-07	5.6992e-06	6.9786e-08	0.00026462	0.00012995	0.01	0.043829	
6.0678e-08	5.5993e-09	1.0983e-06	6.0753e-06	7.1451e-08	0.00027597	0.00013028	0.01	0.04388	
5.9599e-08	8.8012e-09	1.2513e-06	6.3606e-06	7.131e-08	0.00028696	0.00013056	0.01	0.043931	
5.7016e-08	1.0615e-08	1.3949e-06	6.6173e-06	6.9487e-08	0.00029765	0.00013081	0.01	0.043982	
5.5848e-08	1.4893e-08	1.5703e-06	6.9823e-06	6.9438e-08	0.00030965	0.00013118	0.01	0.044034	
5.321e-08	1.7626e-08	1.7354e-06	7.3154e-06	6.7734e-08	0.00032133	0.00013152	0.01	0.044085	
5.374e-08	1.3566e-08	1.8907e-06	7.8835e-06	6.4383e-08	0.00033271	0.00013183	0.01	0.044137	
5.5545e-08	1.2069e-08	2.1706e-06	8.6484e-06	6.2742e-08	0.00034548	0.00013073	0.01	0.044188	
5.5943e-08	9.2215e-09	2.4369e-06	9.3628e-06	5.9518e-08	0.00035796	0.00012959	0.01	0.04424	
5.754e-08	8.1215e-09	2.7575e-06	1.0308e-05	5.7745e-08	0.00037185	0.0001286	0.01	0.044291	
6.0402e-08	8.3537e-09	3.1437e-06	1.1555e-05	5.7313e-08	0.00038734	0.00012776	0.01	0.044344	
6.4738e-08	1.0152e-08	3.5086e-06	1.3215e-05	5.8282e-08	0.00040472	0.00012687	0.01	0.044396	
6.7593e-08	1.0639e-08	3.8559e-06	1.4767e-05	5.7922e-08	0.00042163	0.00012594	0.01	0.044448	
6.8963e-08	9.8186e-09	4.1863e-06	1.6217e-05	5.6004e-08	0.00043813	0.00012497	0.01	0.0445	
5.5646e-08	3.0498e-09	4.5926e-06	1.8973e-05	5.5964e-08	0.00045686	0.00012416	0.01	0.044552	
6.3158e-08	3.035e-09	4.9781e-06	2.1193e-05	5.4333e-08	0.00047509	0.00012331	0.01	0.044604	
7.2569e-08	3.5968e-09	5.4416e-06	2.4102e-05	5.3942e-08	0.00049536	0.00012259	0.01	0.044656	
8.0432e-08	3.1112e-09	5.8856e-06	2.685e-05	5.2074e-08	0.00051519	0.00012184	0.01	0.044708	
9.0403e-08	3.1714e-09	6.4169e-06	3.0428e-05	5.1344e-08	0.0005372	0.00012122	0.01	0.044761	
1.0293e-07	3.8088e-09	7.0538e-06	3.5109e-05	5.1735e-08	0.00056162	0.00012071	0.01	0.044814	
1.1373e-07	3.3851e-09	7.664e-06	3.9521e-05	5.0653e-08	0.00058551	0.00012017	0.01	0.044867	
1.279e-07	3.7245e-09	8.4098e-06	4.5463e-05	5.0903e-08	0.0006123	0.00011975	0.01	0.044921	
1.5237e-07	5.6866e-09	9.0987e-06	5.4539e-05	5.7903e-08	0.00062343	0.00011928	0.01	0.044974	
1.736e-07	6.1671e-09	9.7379e-06	6.268e-05	6.2866e-08	0.00063409	0.00011876	0.01	0.045027	
1.9202e-07	5.1767e-09	1.033e-05	6.9931e-05	6.5824e-08	0.00064429	0.00011818	0.01	0.045081	
2.1845e-07	6.0158e-09	1.1108e-05	8.0683e-05	7.3269e-08	0.00064731	0.00011778	0.01	0.045134	
2.4127e-07	5.3862e-09	1.1826e-05	9.0301e-05	7.8522e-08	0.00065012	0.00011732	0.01	0.045187	
2.7413e-07	7.0585e-09	1.2762e-05	9.4044e-05	8.722e-08	0.00065364	0.00011703	0.01	0.045241	
3.0272e-07	7.1456e-09	1.3628e-05	9.7359e-05	9.3541e-08	0.00065694	0.00011668	0.01	0.045294	
3.6643e-07	1.1875e-08	1.4426e-05	9.8926e-05	9.2275e-08	0.00066831	0.00011628	0.01	0.045347	
4.1834e-07	1.3652e-08	1.5093e-05	0.00010585	1.2382e-07	0.0006779	0.00011808	0.01	0.045401	
4.8908e-07	2.0036e-08	1.5963e-05	0.00011608	1.6663e-07	0.00068915	0.0001202	0.01	0.045454	
5.5258e-07	2.3888e-08	1.6767e-05	0.00012521	2.0456e-07	0.00069989	0.00012221	0.01	0.045508	
6.1521e-07	2.4501e-08	1.757e-05	0.0001317	2.4152e-07	0.00071063	0.00012423	0.01	0.045562	
6.7697e-07	3.0568e-08	1.8372e-05	0.00014127	2.7749e-07	0.00072138	0.00012624	0.01	0.045615	
7.3787e-07	3.3908e-08	1.9172e-05	0.0001498	3.1249e-07	0.00073212	0.00012825	0.01	0.045669	
7.979e-07	2.9909e-08	1.9971e-05	0.000163	3.465e-07	0.00074287	0.00013026	0.01	0.045723	
8.5707e-07	2.1661e-08	2.0769e-05	0.0001724	3.7953e-07	0.00075361	0.00013226	0.01	0.045777	
9.1536e-07	1.9425e-08	2.1565e-05	0.00018623	4.1159e-07	0.00076436	0.00013427	0.01	0.045831	
9.728e-07	1.4905e-08	2.236e-05	0.00019853	4.4266e-07	0.00077511	0.00013627	0.01	0.045884	
1.0294e-06	7.8324e-09	2.3154e-05	0.00020949	4.7275e-07	0.00078587	0.00013826	0.01	0.045938	
1.0851e-06	5.9076e-09	2.3946e-05	0.00021392	5.0186e-07	0.00079662	0.00014026	0.01	0.045992	
1.1399e-06	2.2299e-09	2.4737e-05	0.00021782	5.2999e-07	0.00080738	0.00014225	0.01	0.046046	
1.1939e-06	1.0262e-09	2.5527e-05	0.00021921	5.5715e-07	0.00081813	0.00014424	0.01	0.0461	
1.247e-06	5.7597e-10	2.6315e-05	0.00021905	5.8332e-07	0.00082889	0.00014622	0.01	0.046155	
1.2992e-06	4.8103e-10	2.7102e-05	0.0002174	6.0851e-07	0.00083965	0.0001482	0.01	0.046209	
1.3506e-06	4.4894e-10	2.7888e-05	0.00021656	6.3272e-07	0.00085042	0.00015019	0.01	0.046263	
1.4011e-06	4.2236e-10	2.8672e-05	0.00021635	6.5595e-07	0.00086118	0.00015216	0.01	0.046317	
1.4507e-06	8.0782e-10	2.9455e-05	0.00021759	6.782e-07	0.00087195	0.00015414	0.01	0.046371	
1.4995e-06	1.5627e-09	3.0237e-05	0.0002197	6.9947e-07	0.00088271	0.00015611	0.01	0.046426	
1.5474e-06	3.678e-09	3.1017e-05	0.00022004	7.1977e-07	0.00089348	0.00015808	0.01	0.04648	
1.6845e-06	1.2884e-08	3.1732e-05	0.00021947	7.3522e-07	0.00090373	0.00015995	0.01	0.046534	
1.8715e-06	3.5194e-08	3.2679e-05	0.0002195	7.6463e-07	0.00090613	0.00016215	0.01	0.04651	
2.1386e-06	9.0234e-08	3.3551e-05	0.00022015	7.8871e-07	0.0009083	0.00016425	0.01	0.046485	
2.516e-06	2.2583e-07	3.435e-05	0.00022154	9.4303e-07	0.00090923	0.00016624	0.01	0.04646	
3.0272e-06	5.5503e-07	3.5071e-05	0.00022384	1.155e-06	0.00091085	0.00016808	0.01	0.046436	
3.4955e-06	8.1478e-07	3.5733e-05	0.00022585	1.3483e-06	0.00091228	0.00016983	0.01	0.046411	
3.8775e-06	1.0154e-06	3.661e-05	0.0002275	1.6101e-06	0.00091437	0.0001719	0.01	0.046386	
4.3898e-06	1.4981e-06	3.7755e-05	0.00023016	1.9636e-06	0.00091718	0.00017433	0.01	0.046362	
4.8538e-06	1.8793e-06	3.8813e-05	0.00023247	2.4727e-06	0.00092113	0.00017665	0.01	0.046337	
5.3172e-06	2.26e-06	3.9871e-05	0.00023479	2.9813e-06	0.00092508	0.00017896	0.01	0.046313	
5.7803e-06	2.6403e-06	4.0927e-05	0.0002371	3.4893e-06	0.00092903	0.00018126	0.01	0.046288	
6.2428e-06	3.0203e-06	4.1982e-05	0.00023941	3.9969e-06	0.00093297	0.00018357	0.01	0.046263	
6.7049e-06	3.3999e-06	4.3036e-05	0.00024172	4.504e-06	0.00093691	0.00018587	0.01	0.046239	
7.1666e-06	3.7791e-06	4.4089e-05	0.00024403	5.0105e-06	0.00094084	0.00018818	0.01	0.046214	
