
Before deleting alignment gaps
      9    450

Oryctolagus_cuniculus           ATG TCA GAG CCT CTG GGA AAA GTG TTT CTT CTC ACC AGT GCC ATG ATT GCT GGG GGC GGC CCC CGT TTT TTA CTT TAT --- --- --- ACA AAA AAC TTT TTC CAG GGC TTC GTA TTA CCG GCT GGC ACT GAG CAG CTG CAG AAC CAG CCC GAG GTA CTG GGG GCT CTG GGC ACT CCC CTC AGG GTT CAC TAT CTC CGA CTT GTG ACA AGC ACA ACG CTG CGG ACA CTG CTG ACG CCC AGT NGA AGA TTC CTG TCT CTG GAT CCG AGT CGA --- --- --- --- GTC CCA GGG TCA CCT CTA CGT --- CAG CTC TTC --- --- --- --- CAG AGA TGC CCC TTT CGG AGG NGA CAC CTT CAG GAG GTC TTC TTA GAG CTC AAG GGT GGT CAG CAG ATT CCC ATG TTC AAG CTC AGT GAG GAG GGT GGT GAT AAA ATA AAA AAG GAG CGA AGG 
Ochotona_princeps               ATG TCA GAG CCT CTG GGC AAA ATG CTC CTC CTC TCT GGG GCG ATG ATT GCT GGG GTC GGC CCC --- --- CTC GTG TAT TAT GGT ATA CAG AAA GTT TTT TCC AGA ACT TCC TAT TAC CAG CTG GCC GTG GAG CAG CTA CGA AGT CAC CCT GAG GCC CTG GAA GCT CTG GGC AGG CCT CTC AAT ATC CAC CAT CTT CAG CTC --- --- --- --- --- --- --- --- --- --- ACC GAC AGG CAC AAC TTC GTG GAC ATT GCC GAT GCC AAG TTG AAG ATT CCT GTG TCT GGA TCC AAG TCT CGG GGT CAT CTG TAC GTC TAC TCA TCC AGA GAA GGC CCC TTT CGG AGG TGG CAC CTT CAG GAG GTC TTC CTA GAG CTC AGT GGT GGG CAG AAG ATT CCT GTG TTC AAG CTC GGC AAG GAG AGT GGC GGG GAA TTC GAA AAG GAG --- --- 
Cavia_porcellus                 ATG CAA GAT CCT TCA AGA AGA GTG CTT CTT TAC ACC AGT GTG CTG TGT GCA GGA ACC GGG CCC --- --- CTG GTG TAT TAC CTC ATA CAG AAA GGC TTG AGC AGG ACC GAG TAC TAC CAG ATG GCG CTG GAG CAG CTG CAT GGC CAC CCC GAG GCG CTG GAG GCG CTG GGC TCG CCC CTC CGT GTA CAC CAC CTG CCG ATG --- --- --- --- --- --- --- --- --- --- CTC AGC AGG GAC CAC TTT GTG GAC ATC ACT GAC GCC CGG CTG AAG ATT CCC ATC TCT GGG CCC AAG GCA AAG GGC CAT CTC CTC ACT CGG TCA ACC AGG AGC GCC CCC TTT AAG AGG TGG ACG CTT CAG GAA GTG GTG CTA GAG CTT GGG GAC GGA CAG CGG ATC CCC GTG TTC ACG CCT GGC GAG --- --- --- --- --- --- CAG GGG ACG --- --- 
Cavia_aperea                    ATG CAA GAT CCT TCA AGA AGA GTG CTT CTT TAC ACC AGT GTG CTG TGT GCA GGA ACC GGG CCC --- --- CTG GTG TAT TAC CTC ATA CAG AAA GGC TTG AGC AGG ACC GAG TAC TAC CAG ATG GCG CTG GAG CAG CTG CAT GGC CAC CCC GAG GCG CTG GAG GCG CTG GGC TCG CCC CTC CGT GTA CAC CAC CTG CCG ATG --- --- --- --- --- --- --- --- --- --- CTC AGC AGG GAC CAC TTT GTG GAC ATC ACT GAC GCC CGG CTG AAG ATT CCC ATC TCT GGG CCC AAG GCA AAG GGC CAT CTC CTC ACT CGG TCA ACC AGG AGC GCC CCC TTT AAG AGG TGG ACG CTT CAG GAA GTG GTG CTA GAG CTT GGG GAC GGA CAG CGG ATC CCC GTG TTC ACG CCT GGC GAG --- --- --- --- --- --- CGG GGG ACG --- --- 
Chinchilla_lanigera             ATG CAA GAT CCT TCG AGA AAA GCG TTT CTT TGC AGC AGT GTG CTC TGC GCA GGA CTC GGG CCC --- --- CTG GTG TAT TAC CTC ATA CAA AAA GGG TTC ACC AGG ACC GAG TAC TAC CAG ATG GCG CTG GAG CAG CTG CAC AAC CAC CCC GAG GCG CTG GAA GCA CTG GGC GCG CCC CTC CAG GTG CAC CAC CTG CCG GTG --- --- --- --- --- --- --- --- --- --- CTC AGC AGG GAC CAC CTC GTG GAC ATC GTC GAA GCC CGG CTG AAG ATT CCT GTC TCC GGG CCC AAG GCA AAG GGC CAT CTC CTC ACC CAG TCT ACC AGA AGC GCC CCC TTT CAG AGG TGG AAC CTT CAG GAG GTC GTC CTG GAG CTC AGC GAT GGG CAG CGG ATC CCT GTG TTC ACG CAC AGC AAG --- --- --- --- --- --- GAG GGG AAG --- --- 
Octodon_degus                   ATG CAA GCT TCC TGG AGA AAG GCA CTT CTT TAC AGC AGT GCC CTC TGC ACA GGA ATT GGG CCC --- --- CTT CTG TAT TAC CTC ATA CAA AAA GGG CTC ACC AGG GCA GAG TAC TAC CAG ATG GCG CTG GAG CAG CTG CAT GGC CAC CGC GAG GCA CTG GAA GCC CTG GGC TCG CCA CTC CGG GTG CAC TGC ATG CCC ATA --- --- --- --- --- --- --- --- --- --- CTC AGC AAG GAC CAC CTC GTG GAC ATC GCC GAC GCC CGG CTG AAG ATT CCT GTC TCT GGG CCC AAG GCA GAG GGC TGT CTC CTT ACT CGG TCA ACC AGA AGT GCC CCT TTT CAG AGG TGG AAC CTT CAA GAA GTC ATC CTG GAG CTC AAA GAT GGG CAG CAG ATC CCT GTG TTC ACG CAC AGC GAG --- --- --- --- --- --- GAG GGG AAG --- --- 
Fukomys_damarensis              ATG CGA GCT CCT TTA GGA AAA GAA CTT CTT TAC AGC GGT GTG CTG TGC GCA GGA ATT GGG CCC --- --- CTA CTG TAT TAC TTC ATA CAA AAA GGA CTC TCC AGG ACC GAG TAC TAC CAG ATG GCG CTG GAG CAG CTG CAC AGC CAC ACC AAG GCG CTG GAA GCC CTG GGC TCG CCC CTC ACG GTG CAC CGC CTG CCG ATG --- --- --- --- --- --- --- --- --- --- CTC AGC CAG GAC CAC AGT GTG GAC ATC AAC AGT GCC CAG TTG AAG ATT CCA GTC TCT GGG CCC AAG GCA AAG GGC CAT CTG TAC ACA CGG TCG TCC AGA GGT GCC CCC TTT CAG AGG TGG CAC CTT CAG GAG GTC ATC CTG AAG CTC CAG GAT GGG CAG CAG ATT CCT GTG TTC AGG CGC AGT GAG --- --- --- --- --- --- GCG GAG AAA --- --- 
Heterocephalus_glaber           AAG CGA GCT CCT TTA GAT AAA GAG CTT CTG TAC CGT GGG GCG CTG TGC ATG GGA ATT GGG NCC --- --- CTG CTG CAG TAC TTC ATA CAA AGA GGG TTC ACT GGG ACC GAG TAC TAC CAC ATG GCA CTG GAG CAG CTG CAC GGT CCC CCC AAG GCA CTG GAA GCC CTG GGC TTG TCC CTC ACG GTG CAC CAC CTG CCA ATG --- --- --- --- --- --- --- --- --- --- CTC AGC CGG GAC CAC CTG GTG GAC ATC ACC AAT GCC CAG TCG AAG ATT CCG GTC TCT GGG GCC AAG GCA AAG GGC ATC CTC TAC ACG NAG TCA TCC AGA GGT GCC CCC TTT CAG AGG TGG AAC CTT CAG GAG GTC GTC CTG CAG CTT CAG GAT GGG CAG CAG ATT GCA GTG TTC ATG CAC AGC AAG --- --- --- --- --- --- GAG AAG AAA --- --- 
Sciurus_vulgaris                ATG CCA GAG CCT CTG GGG AAA ATG TTC CTT TAT ACC AGT GTG TTG ATG GCA GGC ACC TGT CCT --- --- CTT TTT TAT TAC CTT GTA CAA AAA GGT TTT TCC AGG ACT TCA TTT TAT CAA ATG GCG TTG GAA CAG CTG CAT AGT CAC CCG GAG GCA CTG GAA GCT CTG GGC CCT CCC CTC CGA GTT CAC TAT CTC CAG GTC --- --- --- --- --- --- --- --- --- --- CCC AGC AAA CAC AAC TTT GTG GAC ATT ACC GTT GCC TGG TTG AAA ATT CCT GTT TCT GGA TCC AAG TCA GAG GGC CAT GTC TAC ACC AGA TCA ACC AGA GTT GCC CCC TTT CAG AGG TGG CAA CTT CAG GAG GTT GTC TTG GAG CTC AAG GAT GGC CAG AAG ATT CCC TTG TTC ATG GTC AGT GAG AAG AAT GGT GAT ATA GTA AAA AAG GAG --- --- 



After deleting gaps. 345 sites
      9    345

Oryctolagus_cuniculus           ATG TCA GAG CCT CTG GGA AAA GTG TTT CTT CTC ACC AGT GCC ATG ATT GCT GGG GGC GGC TTA CTT TAT ACA AAA AAC TTT TTC CAG GGC TTC GTA TTA CCG GCT GGC ACT GAG CAG CTG CAG AAC CAG CCC GAG GTA CTG GGG GCT CTG GGC ACT CCC CTC AGG GTT CAC TAT CTC CGA CTT ACG CCC AGT AGA TTC CTG TCT CTG GAT CCG AGT CGA GTC CCA GGG TCA CCT CTA CGT CAG CTC TTC CAG AGA TGC CCC TTT CGG AGG CAC CTT CAG GAG GTC TTC TTA GAG CTC AAG GGT GGT CAG CAG ATT CCC ATG TTC AAG CTC AGT GAG AAA AAG GAG 
Ochotona_princeps               ATG TCA GAG CCT CTG GGC AAA ATG CTC CTC CTC TCT GGG GCG ATG ATT GCT GGG GTC GGC CTC GTG TAT CAG AAA GTT TTT TCC AGA ACT TCC TAT TAC CAG CTG GCC GTG GAG CAG CTA CGA AGT CAC CCT GAG GCC CTG GAA GCT CTG GGC AGG CCT CTC AAT ATC CAC CAT CTT CAG CTC ACC GAC AGG AAC TTC GTG GAC ATT GCC GAT GCC AAG GTG TCT GGA TCC AAG TCT CGG CAT CTG TAC AGA GAA GGC CCC TTT CGG AGG CAC CTT CAG GAG GTC TTC CTA GAG CTC AGT GGT GGG CAG AAG ATT CCT GTG TTC AAG CTC GGC AAG GAA AAG GAG 
Cavia_porcellus                 ATG CAA GAT CCT TCA AGA AGA GTG CTT CTT TAC ACC AGT GTG CTG TGT GCA GGA ACC GGG CTG GTG TAT CAG AAA GGC TTG AGC AGG ACC GAG TAC TAC CAG ATG GCG CTG GAG CAG CTG CAT GGC CAC CCC GAG GCG CTG GAG GCG CTG GGC TCG CCC CTC CGT GTA CAC CAC CTG CCG ATG CTC AGC AGG CAC TTT GTG GAC ATC ACT GAC GCC CGG ATC TCT GGG CCC AAG GCA AAG CAT CTC CTC AGG AGC GCC CCC TTT AAG AGG ACG CTT CAG GAA GTG GTG CTA GAG CTT GGG GAC GGA CAG CGG ATC CCC GTG TTC ACG CCT GGC GAG CAG GGG ACG 
Cavia_aperea                    ATG CAA GAT CCT TCA AGA AGA GTG CTT CTT TAC ACC AGT GTG CTG TGT GCA GGA ACC GGG CTG GTG TAT CAG AAA GGC TTG AGC AGG ACC GAG TAC TAC CAG ATG GCG CTG GAG CAG CTG CAT GGC CAC CCC GAG GCG CTG GAG GCG CTG GGC TCG CCC CTC CGT GTA CAC CAC CTG CCG ATG CTC AGC AGG CAC TTT GTG GAC ATC ACT GAC GCC CGG ATC TCT GGG CCC AAG GCA AAG CAT CTC CTC AGG AGC GCC CCC TTT AAG AGG ACG CTT CAG GAA GTG GTG CTA GAG CTT GGG GAC GGA CAG CGG ATC CCC GTG TTC ACG CCT GGC GAG CGG GGG ACG 
Chinchilla_lanigera             ATG CAA GAT CCT TCG AGA AAA GCG TTT CTT TGC AGC AGT GTG CTC TGC GCA GGA CTC GGG CTG GTG TAT CAA AAA GGG TTC ACC AGG ACC GAG TAC TAC CAG ATG GCG CTG GAG CAG CTG CAC AAC CAC CCC GAG GCG CTG GAA GCA CTG GGC GCG CCC CTC CAG GTG CAC CAC CTG CCG GTG CTC AGC AGG CAC CTC GTG GAC ATC GTC GAA GCC CGG GTC TCC GGG CCC AAG GCA AAG CAT CTC CTC AGA AGC GCC CCC TTT CAG AGG AAC CTT CAG GAG GTC GTC CTG GAG CTC AGC GAT GGG CAG CGG ATC CCT GTG TTC ACG CAC AGC AAG GAG GGG AAG 
Octodon_degus                   ATG CAA GCT TCC TGG AGA AAG GCA CTT CTT TAC AGC AGT GCC CTC TGC ACA GGA ATT GGG CTT CTG TAT CAA AAA GGG CTC ACC AGG GCA GAG TAC TAC CAG ATG GCG CTG GAG CAG CTG CAT GGC CAC CGC GAG GCA CTG GAA GCC CTG GGC TCG CCA CTC CGG GTG CAC TGC ATG CCC ATA CTC AGC AAG CAC CTC GTG GAC ATC GCC GAC GCC CGG GTC TCT GGG CCC AAG GCA GAG TGT CTC CTT AGA AGT GCC CCT TTT CAG AGG AAC CTT CAA GAA GTC ATC CTG GAG CTC AAA GAT GGG CAG CAG ATC CCT GTG TTC ACG CAC AGC GAG GAG GGG AAG 
Fukomys_damarensis              ATG CGA GCT CCT TTA GGA AAA GAA CTT CTT TAC AGC GGT GTG CTG TGC GCA GGA ATT GGG CTA CTG TAT CAA AAA GGA CTC TCC AGG ACC GAG TAC TAC CAG ATG GCG CTG GAG CAG CTG CAC AGC CAC ACC AAG GCG CTG GAA GCC CTG GGC TCG CCC CTC ACG GTG CAC CGC CTG CCG ATG CTC AGC CAG CAC AGT GTG GAC ATC AAC AGT GCC CAG GTC TCT GGG CCC AAG GCA AAG CAT CTG TAC AGA GGT GCC CCC TTT CAG AGG CAC CTT CAG GAG GTC ATC CTG AAG CTC CAG GAT GGG CAG CAG ATT CCT GTG TTC AGG CGC AGT GAG GCG GAG AAA 
Heterocephalus_glaber           AAG CGA GCT CCT TTA GAT AAA GAG CTT CTG TAC CGT GGG GCG CTG TGC ATG GGA ATT GGG CTG CTG CAG CAA AGA GGG TTC ACT GGG ACC GAG TAC TAC CAC ATG GCA CTG GAG CAG CTG CAC GGT CCC CCC AAG GCA CTG GAA GCC CTG GGC TTG TCC CTC ACG GTG CAC CAC CTG CCA ATG CTC AGC CGG CAC CTG GTG GAC ATC ACC AAT GCC CAG GTC TCT GGG GCC AAG GCA AAG ATC CTC TAC AGA GGT GCC CCC TTT CAG AGG AAC CTT CAG GAG GTC GTC CTG CAG CTT CAG GAT GGG CAG CAG ATT GCA GTG TTC ATG CAC AGC AAG GAG AAG AAA 
Sciurus_vulgaris                ATG CCA GAG CCT CTG GGG AAA ATG TTC CTT TAT ACC AGT GTG TTG ATG GCA GGC ACC TGT CTT TTT TAT CAA AAA GGT TTT TCC AGG ACT TCA TTT TAT CAA ATG GCG TTG GAA CAG CTG CAT AGT CAC CCG GAG GCA CTG GAA GCT CTG GGC CCT CCC CTC CGA GTT CAC TAT CTC CAG GTC CCC AGC AAA AAC TTT GTG GAC ATT ACC GTT GCC TGG GTT TCT GGA TCC AAG TCA GAG CAT GTC TAC AGA GTT GCC CCC TTT CAG AGG CAA CTT CAG GAG GTT GTC TTG GAG CTC AAG GAT GGC CAG AAG ATT CCC TTG TTC ATG GTC AGT GAG AAA AAG GAG 



Printing out site pattern counts


         9        339  P

Oryctolagus_cuniculus           AAA AAA AAA AAC AAC AAG AAG AAG ACA ACC ACG ACT ACT AGA AGA AGG AGG AGT AGT AGT AGT ATG ATG ATG ATT ATT CAC CAC CAG CAG CAG CAG CAG CAG CAG CAG CCA CCC CCC CCC CCC CCC CCG CCG CCT CCT CGA CGA CGG CGT CTA CTC CTC CTC CTC CTC CTC CTG CTG CTG CTG CTG CTT CTT CTT CTT GAG GAG GAG GAG GAG GAG GAG GAT GCC GCT GCT GCT GGA GGC GGC GGC GGC GGC GGG GGG GGG GGT GGT GTA GTA GTC GTC GTG GTT TAT TAT TCA TCA TCT TGC TTA TTA TTA TTC TTC TTC TTC TTC TTC TTT TTT TTT 
Ochotona_princeps               ... ... G.. .GT GTT ... ... .GT CAG T.T ..C .GG GTG .AC GA. .AT ... ..G GCC G.C G.G ... ... G.. ... ... ... ... A.. AGA AGA ..C ... ... ..T .GA T.T ... ..T ..T ..T GA. .A. GAT AAG ... AAG .AG ... ..G TCT ... ... ... ... ..G ..T A.T ..A ... ... G.. ..C ..C ... G.G A.. ... ... ... ... ... ... .CC ..G CTG ... ... ..C ACT .C. ... ... .T. .AA ..A ... ..G ... .CC TAT ... ..G A.. A.C C.. ... ... ..C GAC G.. C.. C.C .AC .A. .C. .C. ... ... ... C.C ... ... 
Cavia_porcellus                 ... .G. C.G GG. GG. .C. GG. GG. CAG ... CTC T.G CTG CAC ..C C.T ... ..G GCC G.C ... ... C.. G.. ..C TG. ACG ... .G. AG. AG. ..C ... ... ..T ..T T.T ... ... ... ... AG. .A. GAC AAG ... ..G .CG AA. AAG GC. .CT ... ..T TA. ... ..G A.C ... ... TCA G.. A.G ... ... G.G ... AC. ..A ... ... ... ..T AC. .TG ATG ..A ..G A.. AC. .CG ... ..G AC. .A. ... ..A ..A .AC .CG TAC ..G A.. ... ..A C.C ... CA. C.C GAC GC. C.. C.G .AC C.. AG. GAG G.G ... ..T C.. ..G ... 
Cavia_aperea                    ... .G. CGG GG. GG. .C. GG. GG. CAG ... CTC T.G CTG CAC ..C C.T ... ..G GCC G.C ... ... C.. G.. ..C TG. ACG ... .G. AG. AG. ..C ... ... ..T ..T T.T ... ... ... ... AG. .A. GAC AAG ... ..G .CG AA. AAG GC. .CT ... ..T TA. ... ..G A.C ... ... TCA G.. A.G ... ... G.G ... AC. ..A ... ... ... ..T AC. .TG ATG ..A ..G A.. AC. .CG ... ..G AC. .A. ... ..A ..A .AC .CG TAC ..G A.. ... ..A C.C ... CA. C.C GAC GC. C.. C.G .AC C.. AG. GAG G.G ... ..T C.. ..G ... 
Chinchilla_lanigera             ... ... G.G ... GGG .C. GG. .GC CA. .G. CTC G.G CTG CAC ..C CA. ... ..G GCC ..C ... ... C.C G.. ..C TGC A.. ... .G. AGA AG. ..C ... ... ..T ..C T.C ... ... ... ..T AG. .A. GAA AAG ... ..G .CG .A. AAG GC. .A. ... ... TG. ... ..G A.C ... ... TC. G.. G.G ... ... G.G A.. A.. ... ... ... ... ..T .TC .TG ATG ..A ..A A.. AC. .CG ... ..G CT. .AA ... ..A ..G .A. .CG TAC ... ... .C. ..G C.C ... CA. C.C GAC GC. C.G C.G .AC C.. AC. GAG G.. ... C.. ... ..C ... 
Octodon_degus                   ... ..G G.G GG. GGG .C. GG. ..A CA. .G. CTC T.G CTG CAC ..T C.. ... .AG GCC ..C ... ... C.C G.. ..C TGC A.. ... ... AGA AG. ..C ..A ... TGT ..T T.T ..T ..A .G. ..T AG. .A. GAC AAG T.C ..G .CC .A. GAG GC. .A. ... ... TA. ... A.G A.C ... ... TG. G.. A.A ... ... ..G ... A.. ..A ... ... ... .CT .CC ... ATG A.A ..C A.. .CA .CG ... ..G ATT .AA ... ..A ..G .A. .C. TAC ... ... .CA ..G .GC ... CA. C.C GAC GC. C.G C.T .AC C.T AC. GAG A.. ... C.. C.. C.C ... 
Fukomys_damarensis              ... ... GCG .G. GGA .G. G.. C.. CA. .G. CTC T.G CTG CAC G.T .C. ... CAG GCC ... G.. ... C.. G.. ... TGC ... ... ... AGA AG. ..C ... ... ..T ..C T.T ... ... A.. ..T AG. .A. AGT AAG ... .AG .CG .A. AAG GC. .G. ... ... TA. ..G ..G A.C ... ... T.A G.. A.G ... ... ..G ... A.A ... A.. A.. ... .CT A.C .TG ATG ..A ..C ... AC. .CG ... ..G ATT .AA ... ..A ..G .A. .CG TAC ... ... .AA ..G CGC ... CG. C.C GAC GC. C.G C.. .AC .A. .C. GAG A.. ... AGT C.. C.C ... 
Heterocephalus_glaber           .G. ... G.G GGT GGG .T. ... C.. CA. CGT CTC TTG CTG CAC G.T .C. ... C.G GCC ..C G.G .A. C.. G.. ... TGC A.. ... ... AGA GG. .CC ... ... ATC ..C T.T ... T.. ... G.A AG. .AC AAT AAG ... .AG .C. .A. AAG GC. .A. ... ..T TA. ... ..G A.C ... ... T.A G.. A.G ..G ... ..G A.. A.A ... A.. C.. ... .CT ACC ..G ATG ATG ..C .AT AC. .CA ... ..G ATT .AA ... ..A ..G .A. .C. TAC ... ... .A. ..G C.C C.G CG. G.C GAC GC. C.G C.G .AC .A. ACT GAG G.. ... C.G C.. ..C ... 
Sciurus_vulgaris                ... ... ... .GT GGT .T. ... ... CA. ... C.C C.. TTG .AC GTT C.A ... .AA GCC ... ... ... T.. T.. ... ..G ..A ... A.. AGA AG. ..C ... ... ..T ..T T.T ... ... ..G ... AG. .AA GTT AAG ... T.G .AG .A. GAG TC. G.. ... ... TAT G.. ... A.T ... ... ... G.. G.C ... ... T.. ... ... ... ... ... ..A ... ACC .TG ATG ..A ... ..G ACT .CG ... T.T AC. .AA ..A ..C ..C .A. .C. T.T ..T ..T A.. ... ... ... C.. ..C GAC GC. ..G C.T .AT .A. .C. .CA G.. ... ..T ..C ... ... 

    1    1    1    1    1    1    1    1    1    1    1    1    1    1    1
    1    1    1    1    1    1    1    1    1    1    1    1    1    1    1
    1    1    1    2    1    1    1    1    1    1    1    1    1    1    1
    1    1    1    1    1    1    1    1    1    1    1    1    1    1    2
    1    1    1    1    1    1    1    1    1    1    1    1    1    1    1
    1    1    1    1    1    1    1    1    1    1    1    1    1    1    1
    1    1    1    1    1    1    1    1    1    1    1    1    1    1    1
    1    1    1    1    1    1    1    1

CODONML (in paml version 4.9f, October 2017)  rodent_group3.aln
Model: free dN/dS Ratios for branches for branches, 
Codon frequency model: F3x4
ns =   9  ls = 115

Codon usage in sequences
--------------------------------------------------------------------------------------------------------------------------------------
Phe TTT   3   2   2   2   2   1 | Ser TCT   1   3   1   1   0   1 | Tyr TAT   2   2   1   1   1   1 | Cys TGT   0   0   1   1   0   1
    TTC   6   3   1   1   2   1 |     TCC   0   3   0   0   1   1 |     TAC   0   2   3   3   2   3 |     TGC   1   0   0   0   2   2
Leu TTA   3   0   0   0   0   0 |     TCA   2   1   1   1   0   0 | *** TAA   0   0   0   0   0   0 | *** TGA   0   0   0   0   0   0
    TTG   0   0   1   1   0   0 |     TCG   0   0   1   1   1   1 |     TAG   0   0   0   0   0   0 | Trp TGG   0   0   0   0   0   1
--------------------------------------------------------------------------------------------------------------------------------------
Leu CTT   4   2   4   4   2   5 | Pro CCT   2   4   2   2   2   2 | His CAT   0   2   2   2   1   1 | Arg CGT   1   0   1   1   0   0
    CTC   6   8   4   4   8   7 |     CCC   5   1   5   5   4   2 |     CAC   2   3   4   4   6   4 |     CGC   0   0   0   0   0   1
    CTA   1   2   1   1   0   0 |     CCA   1   0   0   0   0   1 | Gln CAA   0   0   1   1   2   3 |     CGA   2   1   0   0   0   0
    CTG   6   5   7   7   7   6 |     CCG   2   0   1   1   1   0 |     CAG   9   6   6   5   6   5 |     CGG   1   2   2   3   2   2
--------------------------------------------------------------------------------------------------------------------------------------
Ile ATT   2   3   0   0   0   1 | Thr ACT   2   1   1   1   0   0 | Asn AAT   0   1   0   0   0   0 | Ser AGT   4   2   1   1   1   2
    ATC   0   1   3   3   2   3 |     ACC   1   1   3   3   2   1 |     AAC   2   1   0   0   2   1 |     AGC   0   0   3   3   5   3
    ATA   0   0   0   0   0   1 |     ACA   1   0   0   0   0   1 | Lys AAA   3   2   1   1   2   2 | Arg AGA   2   2   2   2   2   2
Met ATG   3   3   3   3   2   3 |     ACG   1   0   3   3   1   1 |     AAG   3   6   3   3   4   4 |     AGG   2   3   4   4   3   2
--------------------------------------------------------------------------------------------------------------------------------------
Val GTT   1   1   0   0   0   0 | Ala GCT   3   2   0   0   0   1 | Asp GAT   1   1   1   1   2   1 | Gly GGT   2   1   0   0   0   0
    GTC   2   2   0   0   4   2 |     GCC   1   4   2   2   2   5 |     GAC   0   2   3   3   1   2 |     GGC   5   5   4   4   1   2
    GTA   2   0   1   1   0   0 |     GCA   0   0   2   2   3   4 | Glu GAA   0   3   1   1   2   2 |     GGA   1   1   2   2   1   1
    GTG   1   5   7   7   6   3 |     GCG   0   1   3   3   4   1 |     GAG   7   6   6   6   6   7 |     GGG   3   3   4   4   5   5
--------------------------------------------------------------------------------------------------------------------------------------

--------------------------------------------------------------------------------------
Phe TTT   1   1   5 | Ser TCT   1   1   1 | Tyr TAT   1   0   4 | Cys TGT   0   0   1
    TTC   1   2   2 |     TCC   1   1   2 |     TAC   4   4   1 |     TGC   1   1   0
Leu TTA   1   1   0 |     TCA   0   0   2 | *** TAA   0   0   0 | *** TGA   0   0   0
    TTG   0   1   4 |     TCG   1   0   0 |     TAG   0   0   0 | Trp TGG   0   0   1
--------------------------------------------------------------------------------------
Leu CTT   3   3   3 | Pro CCT   2   1   2 | His CAT   1   0   2 | Arg CGT   0   1   0
    CTC   4   3   3 |     CCC   3   3   4 |     CAC   5   6   2 |     CGC   2   0   0
    CTA   1   0   0 |     CCA   0   1   1 | Gln CAA   1   1   3 |     CGA   1   1   1
    CTG   9  11   4 |     CCG   1   0   1 |     CAG   9   9   5 |     CGG   0   1   0
--------------------------------------------------------------------------------------
Ile ATT   2   2   2 | Thr ACT   0   1   1 | Asn AAT   0   1   0 | Ser AGT   3   0   3
    ATC   2   2   0 |     ACC   2   2   3 |     AAC   1   1   1 |     AGC   3   2   1
    ATA   0   0   0 |     ACA   0   0   0 | Lys AAA   3   2   4 | Arg AGA   1   2   1
Met ATG   3   4   5 |     ACG   1   1   0 |     AAG   4   6   4 |     AGG   3   1   2
--------------------------------------------------------------------------------------
Val GTT   0   0   5 | Ala GCT   1   1   1 | Asp GAT   1   2   1 | Gly GGT   2   2   1
    GTC   2   3   4 |     GCC   3   4   2 |     GAC   1   1   1 |     GGC   1   1   3
    GTA   0   0   0 |     GCA   2   4   2 | Glu GAA   2   1   2 |     GGA   3   1   1
    GTG   4   3   2 |     GCG   3   1   1 |     GAG   5   5   7 |     GGG   3   6   1
--------------------------------------------------------------------------------------

Codon position x base (3x4) table for each sequence.

#1: Oryctolagus_cuniculus
position  1:    T:0.15652    C:0.36522    A:0.22609    G:0.25217
position  2:    T:0.34783    C:0.19130    A:0.25217    G:0.20870
position  3:    T:0.24348    C:0.26957    A:0.15652    G:0.33043
Average         T:0.24928    C:0.27536    A:0.21159    G:0.26377

#2: Ochotona_princeps
position  1:    T:0.13913    C:0.31304    A:0.22609    G:0.32174
position  2:    T:0.32174    C:0.18261    A:0.32174    G:0.17391
position  3:    T:0.23478    C:0.31304    A:0.10435    G:0.34783
Average         T:0.23188    C:0.26957    A:0.21739    G:0.28116

#3: Cavia_porcellus
position  1:    T:0.10435    C:0.34783    A:0.23478    G:0.31304
position  2:    T:0.29565    C:0.21739    A:0.27826    G:0.20870
position  3:    T:0.14783    C:0.30435    A:0.10435    G:0.44348
Average         T:0.18261    C:0.28986    A:0.20580    G:0.32174

#4: Cavia_aperea   
position  1:    T:0.10435    C:0.34783    A:0.23478    G:0.31304
position  2:    T:0.29565    C:0.21739    A:0.26957    G:0.21739
position  3:    T:0.14783    C:0.30435    A:0.10435    G:0.44348
Average         T:0.18261    C:0.28986    A:0.20290    G:0.32464

#5: Chinchilla_lanigera
position  1:    T:0.09565    C:0.35652    A:0.22609    G:0.32174
position  2:    T:0.30435    C:0.18261    A:0.32174    G:0.19130
position  3:    T:0.09565    C:0.38261    A:0.10435    G:0.41739
Average         T:0.16522    C:0.30725    A:0.21739    G:0.31014

#6: Octodon_degus  
position  1:    T:0.11304    C:0.33913    A:0.23478    G:0.31304
position  2:    T:0.28696    C:0.19130    A:0.31304    G:0.20870
position  3:    T:0.14783    C:0.34783    A:0.14783    G:0.35652
Average         T:0.18261    C:0.29275    A:0.23188    G:0.29275

#7: Fukomys_damarensis
position  1:    T:0.10435    C:0.36522    A:0.24348    G:0.28696
position  2:    T:0.28696    C:0.18261    A:0.33043    G:0.20000
position  3:    T:0.15652    C:0.31304    A:0.13043    G:0.40000
Average         T:0.18261    C:0.28696    A:0.23478    G:0.29565

#8: Heterocephalus_glaber
position  1:    T:0.10435    C:0.35652    A:0.23478    G:0.30435
position  2:    T:0.31304    C:0.18261    A:0.33913    G:0.16522
position  3:    T:0.13913    C:0.31304    A:0.12174    G:0.42609
Average         T:0.18551    C:0.28406    A:0.23188    G:0.29855

#9: Sciurus_vulgaris
position  1:    T:0.20000    C:0.26957    A:0.23478    G:0.29565
position  2:    T:0.33913    C:0.20000    A:0.32174    G:0.13913
position  3:    T:0.27826    C:0.25217    A:0.14783    G:0.32174
Average         T:0.27246    C:0.24058    A:0.23478    G:0.25217

Sums of codon usage counts
------------------------------------------------------------------------------
Phe F TTT      19 | Ser S TCT      10 | Tyr Y TAT      13 | Cys C TGT       4
      TTC      19 |       TCC       9 |       TAC      22 |       TGC       7
Leu L TTA       5 |       TCA       7 | *** * TAA       0 | *** * TGA       0
      TTG       7 |       TCG       5 |       TAG       0 | Trp W TGG       2
------------------------------------------------------------------------------
Leu L CTT      30 | Pro P CCT      19 | His H CAT      11 | Arg R CGT       4
      CTC      47 |       CCC      32 |       CAC      36 |       CGC       3
      CTA       6 |       CCA       4 | Gln Q CAA      12 |       CGA       6
      CTG      62 |       CCG       7 |       CAG      60 |       CGG      13
------------------------------------------------------------------------------
Ile I ATT      12 | Thr T ACT       7 | Asn N AAT       2 | Ser S AGT      17
      ATC      16 |       ACC      18 |       AAC       9 |       AGC      20
      ATA       1 |       ACA       2 | Lys K AAA      20 | Arg R AGA      16
Met M ATG      29 |       ACG      11 |       AAG      37 |       AGG      24
------------------------------------------------------------------------------
Val V GTT       7 | Ala A GCT       9 | Asp D GAT      11 | Gly G GGT       8
      GTC      19 |       GCC      25 |       GAC      14 |       GGC      26
      GTA       4 |       GCA      19 | Glu E GAA      14 |       GGA      13
      GTG      38 |       GCG      17 |       GAG      55 |       GGG      34
------------------------------------------------------------------------------


Codon position x base (3x4) table, overall

position  1:    T:0.12464    C:0.34010    A:0.23285    G:0.30242
position  2:    T:0.31014    C:0.19420    A:0.30531    G:0.19034
position  3:    T:0.17681    C:0.31111    A:0.12464    G:0.38744
Average         T:0.20386    C:0.28180    A:0.22093    G:0.29340

Codon frequencies under model, for use in evolver (TTT TTC TTA TTG ... GGG):
  0.00699170  0.01230234  0.00492858  0.01532061
  0.00437798  0.00770333  0.00308612  0.00959328
  0.00688280  0.01211071  0.00000000  0.00000000
  0.00429086  0.00755003  0.00000000  0.00940237
  0.01907813  0.03356916  0.01344852  0.04180508
  0.01194612  0.02101994  0.00842103  0.02617701
  0.01878096  0.03304628  0.01323904  0.04115391
  0.01170838  0.02060164  0.00825345  0.02565608
  0.01306201  0.02298343  0.00920765  0.02862223
  0.00817902  0.01439150  0.00576554  0.01792233
  0.01285856  0.02262544  0.00906423  0.02817640
  0.00801625  0.01410510  0.00565080  0.01756567
  0.01696436  0.02984985  0.01195848  0.03717326
  0.01062254  0.01869103  0.00748802  0.02327672
  0.01670012  0.02938490  0.01177221  0.03659424
  0.01041115  0.01831907  0.00733901  0.02281350


TREE #  1:  ((1, 2), (((8, 7), ((3, 4), (6, 5))), 9));   MP score: 317
This is a rooted tree.  Please check!
lnL(ntime: 16  np: 33):  -2063.465302      +0.000000
  10..11   11..1    11..2    10..12   12..13   13..14   14..8    14..7    13..15   15..16   16..3    16..4    15..17   17..6    17..5    12..9  
 0.117792 1.398093 0.458363 0.223508 0.651176 0.135368 0.392226 0.173621 0.130252 0.420848 0.000004 0.008474 0.026839 0.369774 0.151556 0.400614 3.392927 0.000100 0.346634 0.265208 999.000000 0.253266 0.621372 0.476131 1.181090 0.918991 0.209546 18.786835 999.000000 0.071298 0.331543 1.253286 0.224996

Note: Branch length is defined as number of nucleotide substitutions per codon (not per neucleotide site).

tree length =  5.058508

((1: 1.398093, 2: 0.458363): 0.117792, (((8: 0.392226, 7: 0.173621): 0.135368, ((3: 0.000004, 4: 0.008474): 0.420848, (6: 0.369774, 5: 0.151556): 0.026839): 0.130252): 0.651176, 9: 0.400614): 0.223508);

((Oryctolagus_cuniculus: 1.398093, Ochotona_princeps: 0.458363): 0.117792, (((Heterocephalus_glaber: 0.392226, Fukomys_damarensis: 0.173621): 0.135368, ((Cavia_porcellus: 0.000004, Cavia_aperea: 0.008474): 0.420848, (Octodon_degus: 0.369774, Chinchilla_lanigera: 0.151556): 0.026839): 0.130252): 0.651176, Sciurus_vulgaris: 0.400614): 0.223508);

Detailed output identifying parameters

kappa (ts/tv) =  3.39293

w (dN/dS) for branches:  0.00010 0.34663 0.26521 999.00000 0.25327 0.62137 0.47613 1.18109 0.91899 0.20955 18.78684 999.00000 0.07130 0.33154 1.25329 0.22500

dN & dS for each branch

 branch          t       N       S   dN/dS      dN      dS  N*dN  S*dS

  10..11     0.118   254.4    90.6  0.0001  0.0000  0.1495   0.0  13.5
  11..1      1.398   254.4    90.6  0.3466  0.3117  0.8993  79.3  81.5
  11..2      0.458   254.4    90.6  0.2652  0.0884  0.3335  22.5  30.2
  10..12     0.224   254.4    90.6 999.0000  0.1010  0.0001  25.7   0.0
  12..13     0.651   254.4    90.6  0.2533  0.1223  0.4830  31.1  43.8
  13..14     0.135   254.4    90.6  0.6214  0.0389  0.0626   9.9   5.7
  14..8      0.392   254.4    90.6  0.4761  0.1014  0.2130  25.8  19.3
  14..7      0.174   254.4    90.6  1.1811  0.0603  0.0511  15.3   4.6
  13..15     0.130   254.4    90.6  0.9190  0.0424  0.0462  10.8   4.2
  15..16     0.421   254.4    90.6  0.2095  0.0705  0.3363  17.9  30.5
  16..3      0.000   254.4    90.6 18.7868  0.0000  0.0000   0.0   0.0
  16..4      0.008   254.4    90.6 999.0000  0.0038  0.0000   1.0   0.0
  15..17     0.027   254.4    90.6  0.0713  0.0020  0.0284   0.5   2.6
  17..6      0.370   254.4    90.6  0.3315  0.0806  0.2431  20.5  22.0
  17..5      0.152   254.4    90.6  1.2533  0.0534  0.0426  13.6   3.9
  12..9      0.401   254.4    90.6  0.2250  0.0701  0.3116  17.8  28.2

tree length for dN:       1.1470
tree length for dS:       3.2002

dS tree:
((Oryctolagus_cuniculus: 0.899295, Ochotona_princeps: 0.333470): 0.149469, (((Heterocephalus_glaber: 0.213037, Fukomys_damarensis: 0.051056): 0.062600, ((Cavia_porcellus: 0.000000, Cavia_aperea: 0.000004): 0.336303, (Octodon_degus: 0.243069, Chinchilla_lanigera: 0.042568): 0.028384): 0.046176): 0.483029, Sciurus_vulgaris: 0.311623): 0.000101);
dN tree:
((Oryctolagus_cuniculus: 0.311727, Ochotona_princeps: 0.088439): 0.000015, (((Heterocephalus_glaber: 0.101433, Fukomys_damarensis: 0.060302): 0.038898, ((Cavia_porcellus: 0.000002, Cavia_aperea: 0.003829): 0.070471, (Octodon_degus: 0.080588, Chinchilla_lanigera: 0.053350): 0.002024): 0.042435): 0.122335, Sciurus_vulgaris: 0.070114): 0.101000);

w ratios as labels for TreeView:
((Oryctolagus_cuniculus #0.346634 , Ochotona_princeps #0.265208 ) #0.0001 , (((Heterocephalus_glaber #0.476131 , Fukomys_damarensis #1.18109 ) #0.621372 , ((Cavia_porcellus #18.7868 , Cavia_aperea #999 ) #0.209546 , (Octodon_degus #0.331543 , Chinchilla_lanigera #1.25329 ) #0.0712982 ) #0.918991 ) #0.253266 , Sciurus_vulgaris #0.224996 ) #999 );


Time used:  2:03
