
Loaded 'libv3/all-terms.bf' from /usr/local/lib/hyphy/TemplateBatchFiles/libv3/all-terms.bf
Loaded 'libv3/UtilityFunctions.bf' from /usr/local/lib/hyphy/TemplateBatchFiles/libv3/UtilityFunctions.bf
Loaded 'IOFunctions.bf' from /usr/local/lib/hyphy/TemplateBatchFiles/libv3/IOFunctions.bf
Already loaded 'libv3/UtilityFunctions.bf' from /usr/local/lib/hyphy/TemplateBatchFiles/libv3/UtilityFunctions.bf
Loaded 'convenience/regexp.bf' from /usr/local/lib/hyphy/TemplateBatchFiles/libv3/convenience/regexp.bf
Already loaded 'libv3/all-terms.bf' from /usr/local/lib/hyphy/TemplateBatchFiles/libv3/all-terms.bf
Already loaded 'libv3/IOFunctions.bf' from /usr/local/lib/hyphy/TemplateBatchFiles/libv3/IOFunctions.bf
Loaded 'libv3/models/codon/MG_REV.bf' from /usr/local/lib/hyphy/TemplateBatchFiles/libv3/models/codon/MG_REV.bf
Loaded '../codon.bf' from /usr/local/lib/hyphy/TemplateBatchFiles/libv3/models/codon.bf
Loaded '../tasks/genetic_code.bf' from /usr/local/lib/hyphy/TemplateBatchFiles/libv3/tasks/genetic_code.bf
Loaded 'libv3/convenience/matrix.bf' from /usr/local/lib/hyphy/TemplateBatchFiles/libv3/convenience/matrix.bf
Already loaded 'libv3/UtilityFunctions.bf' from /usr/local/lib/hyphy/TemplateBatchFiles/libv3/UtilityFunctions.bf
Already loaded 'libv3/all-terms.bf' from /usr/local/lib/hyphy/TemplateBatchFiles/libv3/all-terms.bf
Already loaded '../UtilityFunctions.bf' from /usr/local/lib/hyphy/TemplateBatchFiles/libv3/UtilityFunctions.bf
Loaded '../DNA.bf' from /usr/local/lib/hyphy/TemplateBatchFiles/libv3/models/DNA.bf
Loaded 'frequencies.bf' from /usr/local/lib/hyphy/TemplateBatchFiles/libv3/models/frequencies.bf
Already loaded '../all-terms.bf' from /usr/local/lib/hyphy/TemplateBatchFiles/libv3/all-terms.bf
Loaded 'parameters.bf' from /usr/local/lib/hyphy/TemplateBatchFiles/libv3/models/parameters.bf
Loaded 'GrabBag' from /usr/local/lib/hyphy/TemplateBatchFiles/Utility/GrabBag.bf
Overwritten previously defined function:'_sortStringsAux'
Already loaded 'libv3/all-terms.bf' from /usr/local/lib/hyphy/TemplateBatchFiles/libv3/all-terms.bf
Already loaded '../UtilityFunctions.bf' from /usr/local/lib/hyphy/TemplateBatchFiles/libv3/UtilityFunctions.bf
Loaded 'model_functions.bf' from /usr/local/lib/hyphy/TemplateBatchFiles/libv3/models/model_functions.bf
Already loaded 'DNA.bf' from /usr/local/lib/hyphy/TemplateBatchFiles/libv3/models/DNA.bf
Already loaded 'parameters.bf' from /usr/local/lib/hyphy/TemplateBatchFiles/libv3/models/parameters.bf
Already loaded 'frequencies.bf' from /usr/local/lib/hyphy/TemplateBatchFiles/libv3/models/frequencies.bf
Already loaded '../UtilityFunctions.bf' from /usr/local/lib/hyphy/TemplateBatchFiles/libv3/UtilityFunctions.bf
Already loaded '../convenience/regexp.bf' from /usr/local/lib/hyphy/TemplateBatchFiles/libv3/convenience/regexp.bf
Already loaded 'libv3/all-terms.bf' from /usr/local/lib/hyphy/TemplateBatchFiles/libv3/all-terms.bf
Already loaded '../parameters.bf' from /usr/local/lib/hyphy/TemplateBatchFiles/libv3/models/parameters.bf
Already loaded '../frequencies.bf' from /usr/local/lib/hyphy/TemplateBatchFiles/libv3/models/frequencies.bf
Already loaded '../../UtilityFunctions.bf' from /usr/local/lib/hyphy/TemplateBatchFiles/libv3/UtilityFunctions.bf
Loaded 'libv3/tasks/estimators.bf' from /usr/local/lib/hyphy/TemplateBatchFiles/libv3/tasks/estimators.bf
Already loaded '../models/model_functions.bf' from /usr/local/lib/hyphy/TemplateBatchFiles/libv3/models/model_functions.bf
Loaded '../models/DNA/GTR.bf' from /usr/local/lib/hyphy/TemplateBatchFiles/libv3/models/DNA/GTR.bf
Already loaded '../DNA.bf' from /usr/local/lib/hyphy/TemplateBatchFiles/libv3/models/DNA.bf
Already loaded '../parameters.bf' from /usr/local/lib/hyphy/TemplateBatchFiles/libv3/models/parameters.bf
Already loaded '../frequencies.bf' from /usr/local/lib/hyphy/TemplateBatchFiles/libv3/models/frequencies.bf
Already loaded '../../UtilityFunctions.bf' from /usr/local/lib/hyphy/TemplateBatchFiles/libv3/UtilityFunctions.bf
Already loaded 'libv3/all-terms.bf' from /usr/local/lib/hyphy/TemplateBatchFiles/libv3/all-terms.bf
Already loaded '../convenience/regexp.bf' from /usr/local/lib/hyphy/TemplateBatchFiles/libv3/convenience/regexp.bf
Already loaded 'libv3/all-terms.bf' from /usr/local/lib/hyphy/TemplateBatchFiles/libv3/all-terms.bf
Loaded 'libv3/tasks/alignments.bf' from /usr/local/lib/hyphy/TemplateBatchFiles/libv3/tasks/alignments.bf
Already loaded '../IOFunctions.bf' from /usr/local/lib/hyphy/TemplateBatchFiles/libv3/IOFunctions.bf
Already loaded '../all-terms.bf' from /usr/local/lib/hyphy/TemplateBatchFiles/libv3/all-terms.bf
Loaded 'libv3/tasks/trees.bf' from /usr/local/lib/hyphy/TemplateBatchFiles/libv3/tasks/trees.bf
Already loaded '../IOFunctions.bf' from /usr/local/lib/hyphy/TemplateBatchFiles/libv3/IOFunctions.bf
Already loaded '../all-terms.bf' from /usr/local/lib/hyphy/TemplateBatchFiles/libv3/all-terms.bf
Already loaded '../convenience/regexp.bf' from /usr/local/lib/hyphy/TemplateBatchFiles/libv3/convenience/regexp.bf
Already loaded '../UtilityFunctions.bf' from /usr/local/lib/hyphy/TemplateBatchFiles/libv3/UtilityFunctions.bf
Loaded 'TreeTools' from /usr/local/lib/hyphy/TemplateBatchFiles/TreeTools.ibf
Loaded 'modules/io_functions.ibf' from /usr/local/lib/hyphy/TemplateBatchFiles/SelectionAnalyses/modules/io_functions.ibf
Already loaded 'libv3/UtilityFunctions.bf' from /usr/local/lib/hyphy/TemplateBatchFiles/libv3/UtilityFunctions.bf
Already loaded 'libv3/IOFunctions.bf' from /usr/local/lib/hyphy/TemplateBatchFiles/libv3/IOFunctions.bf
Already loaded 'libv3/convenience/regexp.bf' from /usr/local/lib/hyphy/TemplateBatchFiles/libv3/convenience/regexp.bf
Already loaded 'libv3/all-terms.bf' from /usr/local/lib/hyphy/TemplateBatchFiles/libv3/all-terms.bf
Loaded 'modules/selection_lib.ibf' from /usr/local/lib/hyphy/TemplateBatchFiles/SelectionAnalyses/modules/selection_lib.ibf
Loaded 'libv3/models/codon/BS_REL.bf' from /usr/local/lib/hyphy/TemplateBatchFiles/libv3/models/codon/BS_REL.bf
Already loaded '../codon.bf' from /usr/local/lib/hyphy/TemplateBatchFiles/libv3/models/codon.bf
Already loaded '../DNA.bf' from /usr/local/lib/hyphy/TemplateBatchFiles/libv3/models/DNA.bf
Already loaded '../parameters.bf' from /usr/local/lib/hyphy/TemplateBatchFiles/libv3/models/parameters.bf
Already loaded '../frequencies.bf' from /usr/local/lib/hyphy/TemplateBatchFiles/libv3/models/frequencies.bf
Already loaded '../../UtilityFunctions.bf' from /usr/local/lib/hyphy/TemplateBatchFiles/libv3/UtilityFunctions.bf
Already loaded 'MG_REV.bf' from /usr/local/lib/hyphy/TemplateBatchFiles/libv3/models/codon/MG_REV.bf
Loaded '../../convenience/math.bf' from /usr/local/lib/hyphy/TemplateBatchFiles/libv3/convenience/math.bf
Already loaded 'libv3/UtilityFunctions.bf' from /usr/local/lib/hyphy/TemplateBatchFiles/libv3/UtilityFunctions.bf
Already loaded 'libv3/convenience/math.bf' from /usr/local/lib/hyphy/TemplateBatchFiles/libv3/convenience/math.bf
Loaded 'libv3/tasks/mpi.bf' from /usr/local/lib/hyphy/TemplateBatchFiles/libv3/tasks/mpi.bf
Already loaded '../all-terms.bf' from /usr/local/lib/hyphy/TemplateBatchFiles/libv3/all-terms.bf
Already loaded '../models/parameters.bf' from /usr/local/lib/hyphy/TemplateBatchFiles/libv3/models/parameters.bf
Variable 'NORMALIZE_SEQUENCE_NAMES' was not initialized prior to being used
Variable 'ASSUME_REVERSIBLE_MODELS' was not initialized prior to being used
Loaded 'modules/shared-load-file.bf' from /usr/local/lib/hyphy/TemplateBatchFiles/SelectionAnalyses/modules/shared-load-file.bf
Variable 'MARKDOWN_OUTPUT' was not initialized prior to being used
Already loaded 'libv3/convenience/matrix.bf' from /usr/local/lib/hyphy/TemplateBatchFiles/libv3/convenience/matrix.bf
Already loaded 'libv3/UtilityFunctions.bf' from /usr/local/lib/hyphy/TemplateBatchFiles/libv3/UtilityFunctions.bf
Variable 'oljIYKjc.skipCodeSelectionStep' was not initialized prior to being used
Row and/or column partition is empty. All the data will be used by default.
Variable 'NEXUS_FILE_TREE_MATRIX' was not initialized prior to being used
Variable 'utility.ToggleEnvVariable.cache' was not initialized prior to being used
Variable 'TREE_NODE_NAME_MAPPING' was not initialized prior to being used
Variable 'FeGHpvUl.PROMPT_FOR_FILE' was not initialized prior to being used
Variable 'END_OF_FILE' was not initialized prior to being used
Variable '_DO_TREE_REBALANCE_' was not initialized prior to being used
Variable '_KEEP_I_LABELS_' was not initialized prior to being used
Rooted topology. Removing one branch - the left root child has been promoted to be the new root
Variable 'INCLUDE_MODEL_SPECS' was not initialized prior to being used
Variable 'utility.ForEachPair.warn_non_rentrant' was not initialized prior to being used
Row and/or column partition is empty. All the data will be used by default.
Row and/or column partition is empty. All the data will be used by default.
Loaded 'modules/grid_compute.ibf' from /usr/local/lib/hyphy/TemplateBatchFiles/SelectionAnalyses/modules/grid_compute.ibf
Variable 'CalGhLSh.cache' was not initialized prior to being used
Row and/or column partition is empty. All the data will be used by default.
Variable 'COUNT_GAPS_IN_FREQUENCIES' was not initialized prior to being used
Variable 'UOpzkwit.model_pi' was not initialized prior to being used
Model UOpzkwit.model assigned to Canis_lupus
Model UOpzkwit.model assigned to Vulpes_vulpes
Model UOpzkwit.model assigned to Enhydra_lutris
Model UOpzkwit.model assigned to Lontra_canadensis
Model UOpzkwit.model assigned to Node7
Model UOpzkwit.model assigned to Neovison_vison
Model UOpzkwit.model assigned to Mustela_putorius
Model UOpzkwit.model assigned to Node10
Model UOpzkwit.model assigned to Node6
Model UOpzkwit.model assigned to Callorhinus_ursinus
Model UOpzkwit.model assigned to Zalophus_californianus
Model UOpzkwit.model assigned to Eumetopias_jubatus
Model UOpzkwit.model assigned to Node17
Model UOpzkwit.model assigned to Node15
Model UOpzkwit.model assigned to Odobenus_rosmarus
Model UOpzkwit.model assigned to Node14
Model UOpzkwit.model assigned to Leptonychotes_weddellii
Model UOpzkwit.model assigned to Mirounga_leonina
Model UOpzkwit.model assigned to Node23
Model UOpzkwit.model assigned to Monachus_schauinslandi
Model UOpzkwit.model assigned to Node22
Model UOpzkwit.model assigned to Phoca_vitulina
Model UOpzkwit.model assigned to Node21
Model UOpzkwit.model assigned to Node13
Model UOpzkwit.model assigned to Node5
Model UOpzkwit.model assigned to Ailuropoda_melanoleuca
Model UOpzkwit.model assigned to Ursus_thibetanus
Model UOpzkwit.model assigned to Ursus_americanus
Model UOpzkwit.model assigned to Node31
Model UOpzkwit.model assigned to Ursus_arctos
Model UOpzkwit.model assigned to Ursus_maritimus
Model UOpzkwit.model assigned to Node34
Model UOpzkwit.model assigned to Node30
Model UOpzkwit.model assigned to Node28
Model UOpzkwit.model assigned to Node4
The tips of the tree:UOpzkwit.tree_0 were matched with the species names from the data in the following numeric order (0-based) {17,18,13,14,16,15,1,0,2,3,5,6,7,4,8,12,9,10,11}

Pseudo-optimal path's cost 2879 vs 4961 for 1..k=> a 1.72317 x improvement
Partition 0 is ASSUMED to have a reversible model
Variable 'USE_LAST_RESULTS' was not initialized prior to being used
Variable 'UOpzkwit.tree_0.Canis_lupus.t' was not initialized prior to being used
models.generic.SetBranchLength: UOpzkwit.tree_0.Canis_lupus.t=37.89261479931622
Variable 'UOpzkwit.tree_0.Vulpes_vulpes.t' was not initialized prior to being used
models.generic.SetBranchLength: UOpzkwit.tree_0.Vulpes_vulpes.t=37.89261479931622
Variable 'UOpzkwit.tree_0.Enhydra_lutris.t' was not initialized prior to being used
models.generic.SetBranchLength: UOpzkwit.tree_0.Enhydra_lutris.t=26.94251433359972
Variable 'UOpzkwit.tree_0.Lontra_canadensis.t' was not initialized prior to being used
models.generic.SetBranchLength: UOpzkwit.tree_0.Lontra_canadensis.t=26.94251433359972
Variable 'UOpzkwit.tree_0.Node7.t' was not initialized prior to being used
models.generic.SetBranchLength: UOpzkwit.tree_0.Node7.t=19.9102515190336
Variable 'UOpzkwit.tree_0.Neovison_vison.t' was not initialized prior to being used
models.generic.SetBranchLength: UOpzkwit.tree_0.Neovison_vison.t=22.15963644930999
Variable 'UOpzkwit.tree_0.Mustela_putorius.t' was not initialized prior to being used
models.generic.SetBranchLength: UOpzkwit.tree_0.Mustela_putorius.t=22.15963644930999
Variable 'UOpzkwit.tree_0.Node10.t' was not initialized prior to being used
models.generic.SetBranchLength: UOpzkwit.tree_0.Node10.t=24.69312940332334
Variable 'UOpzkwit.tree_0.Node6.t' was not initialized prior to being used
models.generic.SetBranchLength: UOpzkwit.tree_0.Node6.t=59.7750881969851
Variable 'UOpzkwit.tree_0.Callorhinus_ursinus.t' was not initialized prior to being used
models.generic.SetBranchLength: UOpzkwit.tree_0.Callorhinus_ursinus.t=25.75722139002786
Variable 'UOpzkwit.tree_0.Zalophus_californianus.t' was not initialized prior to being used
models.generic.SetBranchLength: UOpzkwit.tree_0.Zalophus_californianus.t=15.14155960809669
Variable 'UOpzkwit.tree_0.Eumetopias_jubatus.t' was not initialized prior to being used
models.generic.SetBranchLength: UOpzkwit.tree_0.Eumetopias_jubatus.t=15.14155960809669
Variable 'UOpzkwit.tree_0.Node17.t' was not initialized prior to being used
models.generic.SetBranchLength: UOpzkwit.tree_0.Node17.t=10.61566178193116
Variable 'UOpzkwit.tree_0.Node15.t' was not initialized prior to being used
models.generic.SetBranchLength: UOpzkwit.tree_0.Node15.t=26.36881811890161
Variable 'UOpzkwit.tree_0.Odobenus_rosmarus.t' was not initialized prior to being used
models.generic.SetBranchLength: UOpzkwit.tree_0.Odobenus_rosmarus.t=52.12603950892948
Variable 'UOpzkwit.tree_0.Node14.t' was not initialized prior to being used
models.generic.SetBranchLength: UOpzkwit.tree_0.Node14.t=17.44435122975124
Variable 'UOpzkwit.tree_0.Leptonychotes_weddellii.t' was not initialized prior to being used
models.generic.SetBranchLength: UOpzkwit.tree_0.Leptonychotes_weddellii.t=29.63902955874065
Variable 'UOpzkwit.tree_0.Mirounga_leonina.t' was not initialized prior to being used
models.generic.SetBranchLength: UOpzkwit.tree_0.Mirounga_leonina.t=29.63902955874065
Variable 'UOpzkwit.tree_0.Node23.t' was not initialized prior to being used
models.generic.SetBranchLength: UOpzkwit.tree_0.Node23.t=6.417746462281515
Variable 'UOpzkwit.tree_0.Monachus_schauinslandi.t' was not initialized prior to being used
models.generic.SetBranchLength: UOpzkwit.tree_0.Monachus_schauinslandi.t=36.05677602102217
Variable 'UOpzkwit.tree_0.Node22.t' was not initialized prior to being used
models.generic.SetBranchLength: UOpzkwit.tree_0.Node22.t=13.23276737869484
Variable 'UOpzkwit.tree_0.Phoca_vitulina.t' was not initialized prior to being used
models.generic.SetBranchLength: UOpzkwit.tree_0.Phoca_vitulina.t=49.289543399717
Variable 'UOpzkwit.tree_0.Node21.t' was not initialized prior to being used
models.generic.SetBranchLength: UOpzkwit.tree_0.Node21.t=20.2808473389637
Variable 'UOpzkwit.tree_0.Node13.t' was not initialized prior to being used
models.generic.SetBranchLength: UOpzkwit.tree_0.Node13.t=37.05746331093771
Variable 'UOpzkwit.tree_0.Node5.t' was not initialized prior to being used
models.generic.SetBranchLength: UOpzkwit.tree_0.Node5.t=0.178815829809336
Variable 'UOpzkwit.tree_0.Ailuropoda_melanoleuca.t' was not initialized prior to being used
models.generic.SetBranchLength: UOpzkwit.tree_0.Ailuropoda_melanoleuca.t=62.54879937779527
Variable 'UOpzkwit.tree_0.Ursus_thibetanus.t' was not initialized prior to being used
models.generic.SetBranchLength: UOpzkwit.tree_0.Ursus_thibetanus.t=13.64242475111141
Variable 'UOpzkwit.tree_0.Ursus_americanus.t' was not initialized prior to being used
models.generic.SetBranchLength: UOpzkwit.tree_0.Ursus_americanus.t=13.64242475111141
Variable 'UOpzkwit.tree_0.Node31.t' was not initialized prior to being used
models.generic.SetBranchLength: UOpzkwit.tree_0.Node31.t=3.599587802752533
Variable 'UOpzkwit.tree_0.Ursus_arctos.t' was not initialized prior to being used
models.generic.SetBranchLength: UOpzkwit.tree_0.Ursus_arctos.t=2.91545712904992
Variable 'UOpzkwit.tree_0.Ursus_maritimus.t' was not initialized prior to being used
models.generic.SetBranchLength: UOpzkwit.tree_0.Ursus_maritimus.t=2.91545712904992
Variable 'UOpzkwit.tree_0.Node34.t' was not initialized prior to being used
models.generic.SetBranchLength: UOpzkwit.tree_0.Node34.t=14.32655542481403
Variable 'UOpzkwit.tree_0.Node30.t' was not initialized prior to being used
models.generic.SetBranchLength: UOpzkwit.tree_0.Node30.t=45.30678685070433
Variable 'UOpzkwit.tree_0.Node28.t' was not initialized prior to being used
models.generic.SetBranchLength: UOpzkwit.tree_0.Node28.t=44.25787047485948
Variable 'UOpzkwit.tree_0.Node4.t' was not initialized prior to being used
models.generic.SetBranchLength: UOpzkwit.tree_0.Node4.t=15.08642193459086
Variable 'UOpzkwit.UOpzkwit.likelihoodFunction' was not initialized prior to being used
Variable 'SAVE_OPT_STATUS_TO' was not initialized prior to being used
Auto-benchmarked an optimal number (1) of threads.
Set GUI update interval to every 2500-th LF evaluation.
Optimization settings:
	OPTIMIZATION_METHOD = 4
	OPTIMIZATION_PRECISION = 0.001
	MAXIMUM_ITERATIONS_PER_VARIABLE = 5000

Initial parameter values

UOpzkwit.model.theta_GT = 0.25
UOpzkwit.model.theta_CT = 1
UOpzkwit.model.theta_CG = 0.25
UOpzkwit.model.theta_AT = 0.25
UOpzkwit.model.theta_AC = 0.25
UOpzkwit.tree_0.Canis_lupus.t = 37.8926
UOpzkwit.tree_0.Vulpes_vulpes.t = 37.8926
UOpzkwit.tree_0.Enhydra_lutris.t = 26.9425
UOpzkwit.tree_0.Lontra_canadensis.t = 26.9425
UOpzkwit.tree_0.Node7.t = 19.9103
UOpzkwit.tree_0.Neovison_vison.t = 22.1596
UOpzkwit.tree_0.Mustela_putorius.t = 22.1596
UOpzkwit.tree_0.Node10.t = 24.6931
UOpzkwit.tree_0.Node6.t = 59.7751
UOpzkwit.tree_0.Callorhinus_ursinus.t = 25.7572
UOpzkwit.tree_0.Zalophus_californianus.t = 15.1416
UOpzkwit.tree_0.Eumetopias_jubatus.t = 15.1416
UOpzkwit.tree_0.Node17.t = 10.6157
UOpzkwit.tree_0.Node15.t = 26.3688
UOpzkwit.tree_0.Odobenus_rosmarus.t = 52.126
UOpzkwit.tree_0.Node14.t = 17.4444
UOpzkwit.tree_0.Leptonychotes_weddellii.t = 29.639
UOpzkwit.tree_0.Mirounga_leonina.t = 29.639
UOpzkwit.tree_0.Node23.t = 6.41775
UOpzkwit.tree_0.Monachus_schauinslandi.t = 36.0568
UOpzkwit.tree_0.Node22.t = 13.2328
UOpzkwit.tree_0.Phoca_vitulina.t = 49.2895
UOpzkwit.tree_0.Node21.t = 20.2808
UOpzkwit.tree_0.Node13.t = 37.0575
UOpzkwit.tree_0.Node5.t = 0.178816
UOpzkwit.tree_0.Ailuropoda_melanoleuca.t = 62.5488
UOpzkwit.tree_0.Ursus_thibetanus.t = 13.6424
UOpzkwit.tree_0.Ursus_americanus.t = 13.6424
UOpzkwit.tree_0.Node31.t = 3.59959
UOpzkwit.tree_0.Ursus_arctos.t = 2.91546
UOpzkwit.tree_0.Ursus_maritimus.t = 2.91546
UOpzkwit.tree_0.Node34.t = 14.3266
UOpzkwit.tree_0.Node30.t = 45.3068
UOpzkwit.tree_0.Node28.t = 44.2579
UOpzkwit.tree_0.Node4.t = 15.0864
Site 10 evaluated to a 0 probability in ComputeTreeBlockByBranch
Optimization finished in 30 loop passes.
4262 likelihood evaluation calls and 31643 matrix exponentiations calls were made

Variable 'BRANCH_LENGTH_STENCIL' was not initialized prior to being used
Variable 'UOpzkwit.option' was not initialized prior to being used
Variable 'relax.terms.json.nucleotide_gtr' was not initialized prior to being used
Variable 'Unknown' was not initialized prior to being used
Variable 'sknEKmSU.initial_value' was not initialized prior to being used
Variable 'SLMAMrhs.data_filter' was not initialized prior to being used
Row and/or column partition is empty. All the data will be used by default.
Auto-benchmarked an optimal number (3) of threads.
Set GUI update interval to every 4629-th LF evaluation.
Optimization settings:
	OPTIMIZATION_METHOD = 4
	OPTIMIZATION_PRECISION = 0.001
	MAXIMUM_ITERATIONS_PER_VARIABLE = 5000

Initial parameter values

frequencies._aux.CF3x4.p0_0 = 0.215707
frequencies._aux.CF3x4.p0_1 = 0.368145
frequencies._aux.CF3x4.p0_2 = 0.605211
frequencies._aux.CF3x4.p1_0 = 0.322697
frequencies._aux.CF3x4.p1_1 = 0.323944
frequencies._aux.CF3x4.p1_2 = 0.377155
frequencies._aux.CF3x4.p2_0 = 0.141118
frequencies._aux.CF3x4.p2_1 = 0.399847
frequencies._aux.CF3x4.p2_2 = 0.569879
Optimization finished in 6 loop passes.
248 likelihood evaluation calls and 0 matrix exponentiations calls were made

Variable 'SLMAMrhs.model_MGREV_pi' was not initialized prior to being used
Model SLMAMrhs.model_MGREV assigned to Canis_lupus
Model SLMAMrhs.model_MGREV assigned to Vulpes_vulpes
Model SLMAMrhs.model_MGREV assigned to Enhydra_lutris
Model SLMAMrhs.model_MGREV assigned to Lontra_canadensis
Model SLMAMrhs.model_MGREV assigned to Node7
Model SLMAMrhs.model_MGREV assigned to Neovison_vison
Model SLMAMrhs.model_MGREV assigned to Mustela_putorius
Model SLMAMrhs.model_MGREV assigned to Node10
Model SLMAMrhs.model_MGREV assigned to Node6
Model SLMAMrhs.model_MGREV assigned to Callorhinus_ursinus
Model SLMAMrhs.model_MGREV assigned to Zalophus_californianus
Model SLMAMrhs.model_MGREV assigned to Eumetopias_jubatus
Model SLMAMrhs.model_MGREV assigned to Node17
Model SLMAMrhs.model_MGREV assigned to Node15
Model SLMAMrhs.model_MGREV assigned to Odobenus_rosmarus
Model SLMAMrhs.model_MGREV assigned to Node14
Model SLMAMrhs.model_MGREV assigned to Leptonychotes_weddellii
Model SLMAMrhs.model_MGREV assigned to Mirounga_leonina
Model SLMAMrhs.model_MGREV assigned to Node23
Model SLMAMrhs.model_MGREV assigned to Monachus_schauinslandi
Model SLMAMrhs.model_MGREV assigned to Node22
Model SLMAMrhs.model_MGREV assigned to Phoca_vitulina
Model SLMAMrhs.model_MGREV assigned to Node21
Model SLMAMrhs.model_MGREV assigned to Node13
Model SLMAMrhs.model_MGREV assigned to Node5
Model SLMAMrhs.model_MGREV assigned to Ailuropoda_melanoleuca
Model SLMAMrhs.model_MGREV assigned to Ursus_thibetanus
Model SLMAMrhs.model_MGREV assigned to Ursus_americanus
Model SLMAMrhs.model_MGREV assigned to Node31
Model SLMAMrhs.model_MGREV assigned to Ursus_arctos
Model SLMAMrhs.model_MGREV assigned to Ursus_maritimus
Model SLMAMrhs.model_MGREV assigned to Node34
Model SLMAMrhs.model_MGREV assigned to Node30
Model SLMAMrhs.model_MGREV assigned to Node28
Model SLMAMrhs.model_MGREV assigned to Node4
The tips of the tree:SLMAMrhs.tree_0 were matched with the species names from the data in the following numeric order (0-based) {17,18,13,14,16,15,1,0,2,3,5,6,7,4,8,12,9,10,11}

Pseudo-optimal path's cost 4024 vs 4942 for 1..k=> a 1.22813 x improvement
Partition 0 is ASSUMED to have a reversible model
Variable 'SLMAMrhs.SLMAMrhs.likelihoodFunction' was not initialized prior to being used
Variable 'SLMAMrhs.tree_0.Canis_lupus.alpha' was not initialized prior to being used
Variable 'SLMAMrhs.tree_0.Vulpes_vulpes.alpha' was not initialized prior to being used
Variable 'SLMAMrhs.tree_0.Enhydra_lutris.alpha' was not initialized prior to being used
Variable 'SLMAMrhs.tree_0.Lontra_canadensis.alpha' was not initialized prior to being used
Variable 'SLMAMrhs.tree_0.Node7.alpha' was not initialized prior to being used
Variable 'SLMAMrhs.tree_0.Neovison_vison.alpha' was not initialized prior to being used
Variable 'SLMAMrhs.tree_0.Mustela_putorius.alpha' was not initialized prior to being used
Variable 'SLMAMrhs.tree_0.Node10.alpha' was not initialized prior to being used
Variable 'SLMAMrhs.tree_0.Node6.alpha' was not initialized prior to being used
Variable 'SLMAMrhs.tree_0.Callorhinus_ursinus.alpha' was not initialized prior to being used
Variable 'SLMAMrhs.tree_0.Zalophus_californianus.alpha' was not initialized prior to being used
Variable 'SLMAMrhs.tree_0.Eumetopias_jubatus.alpha' was not initialized prior to being used
Variable 'SLMAMrhs.tree_0.Node17.alpha' was not initialized prior to being used
Variable 'SLMAMrhs.tree_0.Node15.alpha' was not initialized prior to being used
Variable 'SLMAMrhs.tree_0.Odobenus_rosmarus.alpha' was not initialized prior to being used
Variable 'SLMAMrhs.tree_0.Node14.alpha' was not initialized prior to being used
Variable 'SLMAMrhs.tree_0.Leptonychotes_weddellii.alpha' was not initialized prior to being used
Variable 'SLMAMrhs.tree_0.Mirounga_leonina.alpha' was not initialized prior to being used
Variable 'SLMAMrhs.tree_0.Node23.alpha' was not initialized prior to being used
Variable 'SLMAMrhs.tree_0.Monachus_schauinslandi.alpha' was not initialized prior to being used
Variable 'SLMAMrhs.tree_0.Node22.alpha' was not initialized prior to being used
Variable 'SLMAMrhs.tree_0.Phoca_vitulina.alpha' was not initialized prior to being used
Variable 'SLMAMrhs.tree_0.Node21.alpha' was not initialized prior to being used
Variable 'SLMAMrhs.tree_0.Node13.alpha' was not initialized prior to being used
Variable 'SLMAMrhs.tree_0.Node5.alpha' was not initialized prior to being used
Variable 'SLMAMrhs.tree_0.Ailuropoda_melanoleuca.alpha' was not initialized prior to being used
Variable 'SLMAMrhs.tree_0.Ursus_thibetanus.alpha' was not initialized prior to being used
Variable 'SLMAMrhs.tree_0.Ursus_americanus.alpha' was not initialized prior to being used
Variable 'SLMAMrhs.tree_0.Node31.alpha' was not initialized prior to being used
Variable 'SLMAMrhs.tree_0.Ursus_arctos.alpha' was not initialized prior to being used
Variable 'SLMAMrhs.tree_0.Ursus_maritimus.alpha' was not initialized prior to being used
Variable 'SLMAMrhs.tree_0.Node34.alpha' was not initialized prior to being used
Variable 'SLMAMrhs.tree_0.Node30.alpha' was not initialized prior to being used
Variable 'SLMAMrhs.tree_0.Node28.alpha' was not initialized prior to being used
Variable 'SLMAMrhs.tree_0.Node4.alpha' was not initialized prior to being used
Site 124 evaluated to a 0 probability in ComputeTreeBlockByBranch
Site 30 evaluated to a 0 probability in ComputeTreeBlockByBranch
Site 124 evaluated to a 0 probability in ComputeTreeBlockByBranch
Site 149 evaluated to a 0 probability in ComputeTreeBlockByBranch
Site 124 evaluated to a 0 probability in ComputeTreeBlockByBranch
Site 51 evaluated to a 0 probability in ComputeTreeBlockByBranch
Site 46 evaluated to a 0 probability in ComputeTreeBlockByBranch
Site 65 evaluated to a 0 probability in ComputeTreeBlockByBranch
Site 30 evaluated to a 0 probability in ComputeTreeBlockByBranch
Site 124 evaluated to a 0 probability in ComputeTreeBlockByBranch
Site 147 evaluated to a 0 probability in ComputeTreeBlockByBranch
Site 36 evaluated to a 0 probability in ComputeTreeBlockByBranch
Site 124 evaluated to a 0 probability in ComputeTreeBlockByBranch
Site 74 evaluated to a 0 probability in ComputeTreeBlockByBranch
Site 22 evaluated to a 0 probability in ComputeTreeBlockByBranch
Auto-benchmarked an optimal number (4) of threads.
Set GUI update interval to every 266-th LF evaluation.
Initial guess for SLMAMrhs.tree_0.Vulpes_vulpes.alpha is 2.23146e-06
Initial guess for SLMAMrhs.tree_0.Node4.alpha is 6.88695e-05
Initial guess for SLMAMrhs.tree_0.Node5.alpha is -8.60023e-06
Initial guess for SLMAMrhs.tree_0.Node6.alpha is 0.00013762
Initial guess for SLMAMrhs.tree_0.Node7.alpha is 2.10001e-05
Initial guess for SLMAMrhs.tree_0.Enhydra_lutris.alpha is 1.82793e-05
Initial guess for SLMAMrhs.tree_0.Lontra_canadensis.alpha is 2.17766e-05
Initial guess for SLMAMrhs.tree_0.Node10.alpha is 5.04394e-06
Initial guess for SLMAMrhs.tree_0.Neovison_vison.alpha is 4.26584e-06
Initial guess for SLMAMrhs.tree_0.Mustela_putorius.alpha is 1.7339e-05
Initial guess for SLMAMrhs.tree_0.Node13.alpha is 2.04944e-05
Initial guess for SLMAMrhs.tree_0.Node14.alpha is 1.34035e-05
Initial guess for SLMAMrhs.tree_0.Node15.alpha is 1.83031e-06
Initial guess for SLMAMrhs.tree_0.Callorhinus_ursinus.alpha is 1.15972e-05
Initial guess for SLMAMrhs.tree_0.Node17.alpha is -9.8827e-06
Initial guess for SLMAMrhs.tree_0.Zalophus_californianus.alpha is 1.08103e-05
Initial guess for SLMAMrhs.tree_0.Eumetopias_jubatus.alpha is 0.000529711
Initial guess for SLMAMrhs.tree_0.Odobenus_rosmarus.alpha is 2.04426e-05
Initial guess for SLMAMrhs.tree_0.Node21.alpha is 4.01723e-05
Initial guess for SLMAMrhs.tree_0.Node22.alpha is 6.42176e-05
Initial guess for SLMAMrhs.tree_0.Node23.alpha is 3.63307e-06
Initial guess for SLMAMrhs.tree_0.Leptonychotes_weddellii.alpha is 1.79716e-05
Initial guess for SLMAMrhs.tree_0.Mirounga_leonina.alpha is 6.81987e-06
Initial guess for SLMAMrhs.tree_0.Monachus_schauinslandi.alpha is 4.75439e-06
Initial guess for SLMAMrhs.tree_0.Phoca_vitulina.alpha is 6.49448e-06
Initial guess for SLMAMrhs.tree_0.Node28.alpha is 5.07877e-05
Initial guess for SLMAMrhs.tree_0.Ailuropoda_melanoleuca.alpha is 2.4492e-06
Initial guess for SLMAMrhs.tree_0.Node30.alpha is 3.02794e-05
Initial guess for SLMAMrhs.tree_0.Node31.alpha is 1.48147e-06
Initial guess for SLMAMrhs.tree_0.Ursus_thibetanus.alpha is 2.47014e-05
Initial guess for SLMAMrhs.tree_0.Ursus_americanus.alpha is 5.823e-07
Initial guess for SLMAMrhs.tree_0.Node34.alpha is 7.19925e-06
Initial guess for SLMAMrhs.tree_0.Ursus_arctos.alpha is 5.2048e-06
Initial guess for SLMAMrhs.tree_0.Ursus_maritimus.alpha is -2.15809e-19
Optimization settings:
	OPTIMIZATION_METHOD = 4
	OPTIMIZATION_PRECISION = 0.001
	MAXIMUM_ITERATIONS_PER_VARIABLE = 5000

Initial parameter values

SLMAMrhs.model_MGREV.theta_CT = 1
SLMAMrhs.model_MGREV.theta_GT = 1
SLMAMrhs.model_MGREV.theta_CG = 1
SLMAMrhs.model_MGREV.theta_AC = 1
SLMAMrhs.model_MGREV.theta_AT = 1
SLMAMrhs.model_MGREV.omega_0 = 1
SLMAMrhs.tree_0.Canis_lupus.alpha = 0.1
SLMAMrhs.tree_0.Vulpes_vulpes.alpha = 2.23146e-06
SLMAMrhs.tree_0.Enhydra_lutris.alpha = 1.82793e-05
SLMAMrhs.tree_0.Lontra_canadensis.alpha = 2.17766e-05
SLMAMrhs.tree_0.Node7.alpha = 2.10001e-05
SLMAMrhs.tree_0.Neovison_vison.alpha = 4.26584e-06
SLMAMrhs.tree_0.Mustela_putorius.alpha = 1.7339e-05
SLMAMrhs.tree_0.Node10.alpha = 5.04394e-06
SLMAMrhs.tree_0.Node6.alpha = 0.00013762
SLMAMrhs.tree_0.Callorhinus_ursinus.alpha = 1.15972e-05
SLMAMrhs.tree_0.Zalophus_californianus.alpha = 1.08103e-05
SLMAMrhs.tree_0.Eumetopias_jubatus.alpha = 0.000529711
SLMAMrhs.tree_0.Node17.alpha = 0
SLMAMrhs.tree_0.Node15.alpha = 1.83031e-06
SLMAMrhs.tree_0.Odobenus_rosmarus.alpha = 2.04426e-05
SLMAMrhs.tree_0.Node14.alpha = 1.34035e-05
SLMAMrhs.tree_0.Leptonychotes_weddellii.alpha = 1.79716e-05
SLMAMrhs.tree_0.Mirounga_leonina.alpha = 6.81987e-06
SLMAMrhs.tree_0.Node23.alpha = 3.63307e-06
SLMAMrhs.tree_0.Monachus_schauinslandi.alpha = 4.75439e-06
SLMAMrhs.tree_0.Node22.alpha = 6.42176e-05
SLMAMrhs.tree_0.Phoca_vitulina.alpha = 6.49448e-06
SLMAMrhs.tree_0.Node21.alpha = 4.01723e-05
SLMAMrhs.tree_0.Node13.alpha = 2.04944e-05
SLMAMrhs.tree_0.Node5.alpha = 0
SLMAMrhs.tree_0.Ailuropoda_melanoleuca.alpha = 2.4492e-06
SLMAMrhs.tree_0.Ursus_thibetanus.alpha = 2.47014e-05
SLMAMrhs.tree_0.Ursus_americanus.alpha = 5.823e-07
SLMAMrhs.tree_0.Node31.alpha = 1.48147e-06
SLMAMrhs.tree_0.Ursus_arctos.alpha = 5.2048e-06
SLMAMrhs.tree_0.Ursus_maritimus.alpha = 0
SLMAMrhs.tree_0.Node34.alpha = 7.19925e-06
SLMAMrhs.tree_0.Node30.alpha = 3.02794e-05
SLMAMrhs.tree_0.Node28.alpha = 5.07877e-05
SLMAMrhs.tree_0.Node4.alpha = 6.88695e-05
SLMAMrhs.model_MGREV.omega_1 = 1
Failing bound checks on SLMAMrhs.tree_0.Phoca_vitulina.beta =         10018.55793652996
Optimization finished in 38 loop passes.
6954 likelihood evaluation calls and 52842 matrix exponentiations calls were made

Row and/or column partition is empty. All the data will be used by default.
Auto-benchmarked an optimal number (2) of threads.
Set GUI update interval to every 4347-th LF evaluation.
Optimization settings:
	OPTIMIZATION_METHOD = 4
	OPTIMIZATION_PRECISION = 0.001
	MAXIMUM_ITERATIONS_PER_VARIABLE = 5000

Initial parameter values

frequencies._aux.CF3x4.p0_0 = 0.215707
frequencies._aux.CF3x4.p0_1 = 0.368145
frequencies._aux.CF3x4.p0_2 = 0.605211
frequencies._aux.CF3x4.p1_0 = 0.322697
frequencies._aux.CF3x4.p1_1 = 0.323944
frequencies._aux.CF3x4.p1_2 = 0.377155
frequencies._aux.CF3x4.p2_0 = 0.141118
frequencies._aux.CF3x4.p2_1 = 0.399847
frequencies._aux.CF3x4.p2_2 = 0.569879
Optimization finished in 6 loop passes.
247 likelihood evaluation calls and 0 matrix exponentiations calls were made

Variable 'SLMAMrhs.model_MGREV_pi' was not initialized prior to being used
Model SLMAMrhs.model_MGREV assigned to Canis_lupus
Model SLMAMrhs.model_MGREV assigned to Vulpes_vulpes
Model SLMAMrhs.model_MGREV assigned to Enhydra_lutris
Model SLMAMrhs.model_MGREV assigned to Lontra_canadensis
Model SLMAMrhs.model_MGREV assigned to Node7
Model SLMAMrhs.model_MGREV assigned to Neovison_vison
Model SLMAMrhs.model_MGREV assigned to Mustela_putorius
Model SLMAMrhs.model_MGREV assigned to Node10
Model SLMAMrhs.model_MGREV assigned to Node6
Model SLMAMrhs.model_MGREV assigned to Callorhinus_ursinus
Model SLMAMrhs.model_MGREV assigned to Zalophus_californianus
Model SLMAMrhs.model_MGREV assigned to Eumetopias_jubatus
Model SLMAMrhs.model_MGREV assigned to Node17
Model SLMAMrhs.model_MGREV assigned to Node15
Model SLMAMrhs.model_MGREV assigned to Odobenus_rosmarus
Model SLMAMrhs.model_MGREV assigned to Node14
Model SLMAMrhs.model_MGREV assigned to Leptonychotes_weddellii
Model SLMAMrhs.model_MGREV assigned to Mirounga_leonina
Model SLMAMrhs.model_MGREV assigned to Node23
Model SLMAMrhs.model_MGREV assigned to Monachus_schauinslandi
Model SLMAMrhs.model_MGREV assigned to Node22
Model SLMAMrhs.model_MGREV assigned to Phoca_vitulina
Model SLMAMrhs.model_MGREV assigned to Node21
Model SLMAMrhs.model_MGREV assigned to Node13
Model SLMAMrhs.model_MGREV assigned to Node5
Model SLMAMrhs.model_MGREV assigned to Ailuropoda_melanoleuca
Model SLMAMrhs.model_MGREV assigned to Ursus_thibetanus
Model SLMAMrhs.model_MGREV assigned to Ursus_americanus
Model SLMAMrhs.model_MGREV assigned to Node31
Model SLMAMrhs.model_MGREV assigned to Ursus_arctos
Model SLMAMrhs.model_MGREV assigned to Ursus_maritimus
Model SLMAMrhs.model_MGREV assigned to Node34
Model SLMAMrhs.model_MGREV assigned to Node30
Model SLMAMrhs.model_MGREV assigned to Node28
Model SLMAMrhs.model_MGREV assigned to Node4
The tips of the tree:SLMAMrhs.tree_0 were matched with the species names from the data in the following numeric order (0-based) {17,18,13,14,16,15,1,0,2,3,5,6,7,4,8,12,9,10,11}

Pseudo-optimal path's cost 4024 vs 4942 for 1..k=> a 1.22813 x improvement
Partition 0 is ASSUMED to have a reversible model
Variable 'SLMAMrhs.tree_0.Node30.alpha' was not initialized prior to being used
Variable 'SLMAMrhs.tree_0.Node34.alpha' was not initialized prior to being used
Variable 'SLMAMrhs.tree_0.Node28.alpha' was not initialized prior to being used
Variable 'SLMAMrhs.tree_0.Canis_lupus.alpha' was not initialized prior to being used
Variable 'SLMAMrhs.tree_0.Ursus_maritimus.alpha' was not initialized prior to being used
Variable 'SLMAMrhs.tree_0.Ursus_arctos.alpha' was not initialized prior to being used
Variable 'SLMAMrhs.tree_0.Node31.alpha' was not initialized prior to being used
Variable 'SLMAMrhs.tree_0.Node6.alpha' was not initialized prior to being used
Variable 'SLMAMrhs.tree_0.Ursus_americanus.alpha' was not initialized prior to being used
Variable 'SLMAMrhs.tree_0.Ursus_thibetanus.alpha' was not initialized prior to being used
Variable 'SLMAMrhs.tree_0.Ailuropoda_melanoleuca.alpha' was not initialized prior to being used
Variable 'SLMAMrhs.tree_0.Eumetopias_jubatus.alpha' was not initialized prior to being used
Variable 'SLMAMrhs.tree_0.Node5.alpha' was not initialized prior to being used
Variable 'SLMAMrhs.tree_0.Zalophus_californianus.alpha' was not initialized prior to being used
Variable 'SLMAMrhs.tree_0.Node13.alpha' was not initialized prior to being used
Variable 'SLMAMrhs.tree_0.Mustela_putorius.alpha' was not initialized prior to being used
Variable 'SLMAMrhs.tree_0.Node21.alpha' was not initialized prior to being used
Variable 'SLMAMrhs.tree_0.Enhydra_lutris.alpha' was not initialized prior to being used
Variable 'SLMAMrhs.tree_0.Phoca_vitulina.alpha' was not initialized prior to being used
Variable 'SLMAMrhs.tree_0.Node22.alpha' was not initialized prior to being used
Variable 'SLMAMrhs.tree_0.Callorhinus_ursinus.alpha' was not initialized prior to being used
Variable 'SLMAMrhs.tree_0.Monachus_schauinslandi.alpha' was not initialized prior to being used
Variable 'SLMAMrhs.tree_0.Neovison_vison.alpha' was not initialized prior to being used
Variable 'SLMAMrhs.tree_0.Node23.alpha' was not initialized prior to being used
Variable 'SLMAMrhs.tree_0.Mirounga_leonina.alpha' was not initialized prior to being used
Variable 'SLMAMrhs.tree_0.Leptonychotes_weddellii.alpha' was not initialized prior to being used
Variable 'SLMAMrhs.tree_0.Node10.alpha' was not initialized prior to being used
Variable 'SLMAMrhs.tree_0.Node14.alpha' was not initialized prior to being used
Variable 'SLMAMrhs.tree_0.Lontra_canadensis.alpha' was not initialized prior to being used
Variable 'SLMAMrhs.tree_0.Odobenus_rosmarus.alpha' was not initialized prior to being used
Variable 'SLMAMrhs.tree_0.Node15.alpha' was not initialized prior to being used
Variable 'SLMAMrhs.tree_0.Node7.alpha' was not initialized prior to being used
Variable 'SLMAMrhs.tree_0.Node17.alpha' was not initialized prior to being used
Variable 'SLMAMrhs.tree_0.Vulpes_vulpes.alpha' was not initialized prior to being used
Variable 'SLMAMrhs.tree_0.Node4.alpha' was not initialized prior to being used
Site 124 evaluated to a 0 probability in ComputeTreeBlockByBranch
Site 30 evaluated to a 0 probability in ComputeTreeBlockByBranch
Site 124 evaluated to a 0 probability in ComputeTreeBlockByBranch
Site 51 evaluated to a 0 probability in ComputeTreeBlockByBranch
Site 149 evaluated to a 0 probability in ComputeTreeBlockByBranch
Site 124 evaluated to a 0 probability in ComputeTreeBlockByBranch
Site 46 evaluated to a 0 probability in ComputeTreeBlockByBranch
Site 30 evaluated to a 0 probability in ComputeTreeBlockByBranch
Site 65 evaluated to a 0 probability in ComputeTreeBlockByBranch
Site 124 evaluated to a 0 probability in ComputeTreeBlockByBranch
Site 147 evaluated to a 0 probability in ComputeTreeBlockByBranch
Site 36 evaluated to a 0 probability in ComputeTreeBlockByBranch
Site 124 evaluated to a 0 probability in ComputeTreeBlockByBranch
Site 74 evaluated to a 0 probability in ComputeTreeBlockByBranch
Site 22 evaluated to a 0 probability in ComputeTreeBlockByBranch
Auto-benchmarked an optimal number (4) of threads.
Set GUI update interval to every 288-th LF evaluation.
Initial guess for SLMAMrhs.tree_0.Vulpes_vulpes.alpha is 2.23146e-06
Initial guess for SLMAMrhs.tree_0.Node4.alpha is 6.88695e-05
Initial guess for SLMAMrhs.tree_0.Node5.alpha is -8.60023e-06
Initial guess for SLMAMrhs.tree_0.Node6.alpha is 0.00013762
Initial guess for SLMAMrhs.tree_0.Node7.alpha is 2.10001e-05
Initial guess for SLMAMrhs.tree_0.Enhydra_lutris.alpha is 1.82793e-05
Initial guess for SLMAMrhs.tree_0.Lontra_canadensis.alpha is 2.17766e-05
Initial guess for SLMAMrhs.tree_0.Node10.alpha is 5.04394e-06
Initial guess for SLMAMrhs.tree_0.Neovison_vison.alpha is 4.26584e-06
Initial guess for SLMAMrhs.tree_0.Mustela_putorius.alpha is 1.7339e-05
Initial guess for SLMAMrhs.tree_0.Node13.alpha is 2.04944e-05
Initial guess for SLMAMrhs.tree_0.Node14.alpha is 1.34035e-05
Initial guess for SLMAMrhs.tree_0.Node15.alpha is 1.83031e-06
Initial guess for SLMAMrhs.tree_0.Callorhinus_ursinus.alpha is 1.15972e-05
Initial guess for SLMAMrhs.tree_0.Node17.alpha is -9.8827e-06
Initial guess for SLMAMrhs.tree_0.Zalophus_californianus.alpha is 1.08103e-05
Initial guess for SLMAMrhs.tree_0.Eumetopias_jubatus.alpha is 0.000529711
Initial guess for SLMAMrhs.tree_0.Odobenus_rosmarus.alpha is 2.04426e-05
Initial guess for SLMAMrhs.tree_0.Node21.alpha is 4.01723e-05
Initial guess for SLMAMrhs.tree_0.Node22.alpha is 6.42176e-05
Initial guess for SLMAMrhs.tree_0.Node23.alpha is 3.63307e-06
Initial guess for SLMAMrhs.tree_0.Leptonychotes_weddellii.alpha is 1.79716e-05
Initial guess for SLMAMrhs.tree_0.Mirounga_leonina.alpha is 6.81987e-06
Initial guess for SLMAMrhs.tree_0.Monachus_schauinslandi.alpha is 4.75439e-06
Initial guess for SLMAMrhs.tree_0.Phoca_vitulina.alpha is 6.49448e-06
Initial guess for SLMAMrhs.tree_0.Node28.alpha is 5.07877e-05
Initial guess for SLMAMrhs.tree_0.Ailuropoda_melanoleuca.alpha is 2.4492e-06
Initial guess for SLMAMrhs.tree_0.Node30.alpha is 3.02794e-05
Initial guess for SLMAMrhs.tree_0.Node31.alpha is 1.48147e-06
Initial guess for SLMAMrhs.tree_0.Ursus_thibetanus.alpha is 2.47014e-05
Initial guess for SLMAMrhs.tree_0.Ursus_americanus.alpha is 5.823e-07
Initial guess for SLMAMrhs.tree_0.Node34.alpha is 7.19925e-06
Initial guess for SLMAMrhs.tree_0.Ursus_arctos.alpha is 5.2048e-06
Initial guess for SLMAMrhs.tree_0.Ursus_maritimus.alpha is -2.15809e-19
Optimization settings:
	OPTIMIZATION_METHOD = 4
	OPTIMIZATION_PRECISION = 0.001
	MAXIMUM_ITERATIONS_PER_VARIABLE = 5000

Initial parameter values

SLMAMrhs.model_MGREV.theta_GT = 1
SLMAMrhs.model_MGREV.theta_CT = 1
SLMAMrhs.model_MGREV.theta_AC = 1
SLMAMrhs.model_MGREV.theta_AT = 1
SLMAMrhs.model_MGREV.theta_CG = 1
SLMAMrhs.model_MGREV.omega_0 = 1
SLMAMrhs.tree_0.Canis_lupus.alpha = 0.1
SLMAMrhs.tree_0.Vulpes_vulpes.alpha = 2.23146e-06
SLMAMrhs.tree_0.Enhydra_lutris.alpha = 1.82793e-05
SLMAMrhs.tree_0.Lontra_canadensis.alpha = 2.17766e-05
SLMAMrhs.tree_0.Node7.alpha = 2.10001e-05
SLMAMrhs.tree_0.Neovison_vison.alpha = 4.26584e-06
SLMAMrhs.tree_0.Mustela_putorius.alpha = 1.7339e-05
SLMAMrhs.tree_0.Node10.alpha = 5.04394e-06
SLMAMrhs.tree_0.Node6.alpha = 0.00013762
SLMAMrhs.tree_0.Callorhinus_ursinus.alpha = 1.15972e-05
SLMAMrhs.tree_0.Zalophus_californianus.alpha = 1.08103e-05
SLMAMrhs.tree_0.Eumetopias_jubatus.alpha = 0.000529711
SLMAMrhs.tree_0.Node17.alpha = 0
SLMAMrhs.tree_0.Node15.alpha = 1.83031e-06
SLMAMrhs.tree_0.Odobenus_rosmarus.alpha = 2.04426e-05
SLMAMrhs.tree_0.Node14.alpha = 1.34035e-05
SLMAMrhs.tree_0.Leptonychotes_weddellii.alpha = 1.79716e-05
SLMAMrhs.tree_0.Mirounga_leonina.alpha = 6.81987e-06
SLMAMrhs.tree_0.Node23.alpha = 3.63307e-06
SLMAMrhs.tree_0.Monachus_schauinslandi.alpha = 4.75439e-06
SLMAMrhs.tree_0.Node22.alpha = 6.42176e-05
SLMAMrhs.tree_0.Phoca_vitulina.alpha = 6.49448e-06
SLMAMrhs.tree_0.Node21.alpha = 4.01723e-05
SLMAMrhs.tree_0.Node13.alpha = 2.04944e-05
SLMAMrhs.tree_0.Node5.alpha = 0
SLMAMrhs.tree_0.Ailuropoda_melanoleuca.alpha = 2.4492e-06
SLMAMrhs.tree_0.Ursus_thibetanus.alpha = 2.47014e-05
SLMAMrhs.tree_0.Ursus_americanus.alpha = 5.823e-07
SLMAMrhs.tree_0.Node31.alpha = 1.48147e-06
SLMAMrhs.tree_0.Ursus_arctos.alpha = 5.2048e-06
SLMAMrhs.tree_0.Ursus_maritimus.alpha = 0
SLMAMrhs.tree_0.Node34.alpha = 7.19925e-06
SLMAMrhs.tree_0.Node30.alpha = 3.02794e-05
SLMAMrhs.tree_0.Node28.alpha = 5.07877e-05
SLMAMrhs.tree_0.Node4.alpha = 6.88695e-05
SLMAMrhs.model_MGREV.omega_1 = 1
Failing bound checks on SLMAMrhs.tree_0.Phoca_vitulina.beta =         10018.55793652996
Optimization finished in 38 loop passes.
6325 likelihood evaluation calls and 48351 matrix exponentiations calls were made

Overwritten previously defined function:'nnvCepgS.rate_generator'
Overwritten previously defined function:'nnvCepgS.rate_generator'
Auto-benchmarked an optimal number (3) of threads.
Set GUI update interval to every 4545-th LF evaluation.
Optimization settings:
	OPTIMIZATION_METHOD = 4
	OPTIMIZATION_PRECISION = 0.001
	MAXIMUM_ITERATIONS_PER_VARIABLE = 5000

Initial parameter values

frequencies._aux.CF3x4.p0_0 = 0.215707
frequencies._aux.CF3x4.p0_1 = 0.368145
frequencies._aux.CF3x4.p0_2 = 0.605211
frequencies._aux.CF3x4.p1_0 = 0.322697
frequencies._aux.CF3x4.p1_1 = 0.323944
frequencies._aux.CF3x4.p1_2 = 0.377155
frequencies._aux.CF3x4.p2_0 = 0.141118
frequencies._aux.CF3x4.p2_1 = 0.399847
frequencies._aux.CF3x4.p2_2 = 0.569879
Optimization finished in 6 loop passes.
248 likelihood evaluation calls and 0 matrix exponentiations calls were made

Variable 'relax.test_pi' was not initialized prior to being used
Overwritten previously defined function:'nnvCepgS.rate_generator'
Overwritten previously defined function:'nnvCepgS.rate_generator'
Overwritten previously defined function:'nnvCepgS.rate_generator'
Auto-benchmarked an optimal number (2) of threads.
Set GUI update interval to every 4504-th LF evaluation.
Optimization settings:
	OPTIMIZATION_METHOD = 4
	OPTIMIZATION_PRECISION = 0.001
	MAXIMUM_ITERATIONS_PER_VARIABLE = 5000

Initial parameter values

frequencies._aux.CF3x4.p0_0 = 0.215707
frequencies._aux.CF3x4.p0_1 = 0.368145
frequencies._aux.CF3x4.p0_2 = 0.605211
frequencies._aux.CF3x4.p1_0 = 0.322697
frequencies._aux.CF3x4.p1_1 = 0.323944
frequencies._aux.CF3x4.p1_2 = 0.377155
frequencies._aux.CF3x4.p2_0 = 0.141118
frequencies._aux.CF3x4.p2_1 = 0.399847
frequencies._aux.CF3x4.p2_2 = 0.569879
Optimization finished in 6 loop passes.
247 likelihood evaluation calls and 0 matrix exponentiations calls were made

Variable 'relax.reference_pi' was not initialized prior to being used
No nodel was assigned to Canis_lupus
No nodel was assigned to Vulpes_vulpes
No nodel was assigned to Enhydra_lutris
No nodel was assigned to Lontra_canadensis
No nodel was assigned to Node7
No nodel was assigned to Neovison_vison
No nodel was assigned to Mustela_putorius
No nodel was assigned to Node10
No nodel was assigned to Node6
No nodel was assigned to Callorhinus_ursinus
No nodel was assigned to Zalophus_californianus
No nodel was assigned to Eumetopias_jubatus
No nodel was assigned to Node17
No nodel was assigned to Node15
No nodel was assigned to Odobenus_rosmarus
No nodel was assigned to Node14
No nodel was assigned to Leptonychotes_weddellii
No nodel was assigned to Mirounga_leonina
No nodel was assigned to Node23
No nodel was assigned to Monachus_schauinslandi
No nodel was assigned to Node22
No nodel was assigned to Phoca_vitulina
No nodel was assigned to Node21
No nodel was assigned to Node13
No nodel was assigned to Node5
No nodel was assigned to Ailuropoda_melanoleuca
No nodel was assigned to Ursus_thibetanus
No nodel was assigned to Ursus_americanus
No nodel was assigned to Node31
No nodel was assigned to Ursus_arctos
No nodel was assigned to Ursus_maritimus
No nodel was assigned to Node34
No nodel was assigned to Node30
No nodel was assigned to Node28
No nodel was assigned to Node4
The tips of the tree:XYSXybqO.tree_id_0 were matched with the species names from the data in the following numeric order (0-based) {17,18,13,14,16,15,1,0,2,3,5,6,7,4,8,12,9,10,11}

Pseudo-optimal path's cost 4024 vs 4942 for 1..k=> a 1.22813 x improvement
Partition 0 is ASSUMED to have a reversible model
relax.reference.theta_AC was already constrained in estimators.SetGlobals2
relax.reference.theta_AG was already constrained in estimators.SetGlobals2
relax.reference.theta_AT was already constrained in estimators.SetGlobals2
relax.reference.theta_CG was already constrained in estimators.SetGlobals2
relax.reference.theta_CT was already constrained in estimators.SetGlobals2
relax.reference.theta_GT was already constrained in estimators.SetGlobals2
relax.test.theta_AG was already constrained in estimators.SetGlobals2
Variable 'XYSXybqO.tree_id_0.Canis_lupus.t' was not initialized prior to being used
models.generic.SetBranchLength: XYSXybqO.tree_id_0.Canis_lupus.t=0.01226084608788774
Variable 'XYSXybqO.tree_id_0.Vulpes_vulpes.t' was not initialized prior to being used
models.generic.SetBranchLength: XYSXybqO.tree_id_0.Vulpes_vulpes.t=0.1438411307631734
Variable 'XYSXybqO.tree_id_0.Enhydra_lutris.t' was not initialized prior to being used
models.generic.SetBranchLength: XYSXybqO.tree_id_0.Enhydra_lutris.t=0.182623901435744
Variable 'XYSXybqO.tree_id_0.Lontra_canadensis.t' was not initialized prior to being used
models.generic.SetBranchLength: XYSXybqO.tree_id_0.Lontra_canadensis.t=0.0206700013000875
Variable 'XYSXybqO.tree_id_0.Node7.t' was not initialized prior to being used
models.generic.SetBranchLength: XYSXybqO.tree_id_0.Node7.t=0.1284859621794208
Variable 'XYSXybqO.tree_id_0.Neovison_vison.t' was not initialized prior to being used
models.generic.SetBranchLength: XYSXybqO.tree_id_0.Neovison_vison.t=0.09248004005123861
Variable 'XYSXybqO.tree_id_0.Mustela_putorius.t' was not initialized prior to being used
models.generic.SetBranchLength: XYSXybqO.tree_id_0.Mustela_putorius.t=0.1334057466273222
Variable 'XYSXybqO.tree_id_0.Node10.t' was not initialized prior to being used
models.generic.SetBranchLength: XYSXybqO.tree_id_0.Node10.t=0.08643418826095811
Variable 'XYSXybqO.tree_id_0.Node6.t' was not initialized prior to being used
models.generic.SetBranchLength: XYSXybqO.tree_id_0.Node6.t=1.583993545912369
Variable 'XYSXybqO.tree_id_0.Callorhinus_ursinus.t' was not initialized prior to being used
models.generic.SetBranchLength: XYSXybqO.tree_id_0.Callorhinus_ursinus.t=0.02200848476453876
Variable 'XYSXybqO.tree_id_0.Zalophus_californianus.t' was not initialized prior to being used
models.generic.SetBranchLength: XYSXybqO.tree_id_0.Zalophus_californianus.t=10.34046383928508
Variable 'XYSXybqO.tree_id_0.Eumetopias_jubatus.t' was not initialized prior to being used
models.generic.SetBranchLength: XYSXybqO.tree_id_0.Eumetopias_jubatus.t=0.02218294081100625
Variable 'XYSXybqO.tree_id_0.Node17.t' was not initialized prior to being used
models.generic.SetBranchLength: XYSXybqO.tree_id_0.Node17.t=0
Variable 'XYSXybqO.tree_id_0.Node15.t' was not initialized prior to being used
models.generic.SetBranchLength: XYSXybqO.tree_id_0.Node15.t=0
Variable 'XYSXybqO.tree_id_0.Odobenus_rosmarus.t' was not initialized prior to being used
models.generic.SetBranchLength: XYSXybqO.tree_id_0.Odobenus_rosmarus.t=0.1115968397025121
Variable 'XYSXybqO.tree_id_0.Node14.t' was not initialized prior to being used
models.generic.SetBranchLength: XYSXybqO.tree_id_0.Node14.t=0.09393268882075345
Variable 'XYSXybqO.tree_id_0.Leptonychotes_weddellii.t' was not initialized prior to being used
models.generic.SetBranchLength: XYSXybqO.tree_id_0.Leptonychotes_weddellii.t=0.03435838686819716
Variable 'XYSXybqO.tree_id_0.Mirounga_leonina.t' was not initialized prior to being used
models.generic.SetBranchLength: XYSXybqO.tree_id_0.Mirounga_leonina.t=0.06479256492661219
Variable 'XYSXybqO.tree_id_0.Node23.t' was not initialized prior to being used
models.generic.SetBranchLength: XYSXybqO.tree_id_0.Node23.t=0.03545229024997377
Variable 'XYSXybqO.tree_id_0.Monachus_schauinslandi.t' was not initialized prior to being used
models.generic.SetBranchLength: XYSXybqO.tree_id_0.Monachus_schauinslandi.t=0.04510559179577793
Variable 'XYSXybqO.tree_id_0.Node22.t' was not initialized prior to being used
models.generic.SetBranchLength: XYSXybqO.tree_id_0.Node22.t=0.2328118246375822
Variable 'XYSXybqO.tree_id_0.Phoca_vitulina.t' was not initialized prior to being used
models.generic.SetBranchLength: XYSXybqO.tree_id_0.Phoca_vitulina.t=0.1510382310971994
Variable 'XYSXybqO.tree_id_0.Node21.t' was not initialized prior to being used
models.generic.SetBranchLength: XYSXybqO.tree_id_0.Node21.t=0.04625657479106639
Variable 'XYSXybqO.tree_id_0.Node13.t' was not initialized prior to being used
models.generic.SetBranchLength: XYSXybqO.tree_id_0.Node13.t=0.4765363122476959
Variable 'XYSXybqO.tree_id_0.Node5.t' was not initialized prior to being used
models.generic.SetBranchLength: XYSXybqO.tree_id_0.Node5.t=0.002958953582153518
Variable 'XYSXybqO.tree_id_0.Ailuropoda_melanoleuca.t' was not initialized prior to being used
models.generic.SetBranchLength: XYSXybqO.tree_id_0.Ailuropoda_melanoleuca.t=0.1487722690362513
Variable 'XYSXybqO.tree_id_0.Ursus_thibetanus.t' was not initialized prior to being used
models.generic.SetBranchLength: XYSXybqO.tree_id_0.Ursus_thibetanus.t=0
Variable 'XYSXybqO.tree_id_0.Ursus_americanus.t' was not initialized prior to being used
models.generic.SetBranchLength: XYSXybqO.tree_id_0.Ursus_americanus.t=0.0436699240083236
Variable 'XYSXybqO.tree_id_0.Node31.t' was not initialized prior to being used
models.generic.SetBranchLength: XYSXybqO.tree_id_0.Node31.t=0
Variable 'XYSXybqO.tree_id_0.Ursus_arctos.t' was not initialized prior to being used
models.generic.SetBranchLength: XYSXybqO.tree_id_0.Ursus_arctos.t=0
Variable 'XYSXybqO.tree_id_0.Ursus_maritimus.t' was not initialized prior to being used
models.generic.SetBranchLength: XYSXybqO.tree_id_0.Ursus_maritimus.t=0
Variable 'XYSXybqO.tree_id_0.Node34.t' was not initialized prior to being used
models.generic.SetBranchLength: XYSXybqO.tree_id_0.Node34.t=0.06577905338300441
Variable 'XYSXybqO.tree_id_0.Node30.t' was not initialized prior to being used
models.generic.SetBranchLength: XYSXybqO.tree_id_0.Node30.t=0.2958527007662061
Variable 'XYSXybqO.tree_id_0.Node28.t' was not initialized prior to being used
models.generic.SetBranchLength: XYSXybqO.tree_id_0.Node28.t=0.4219246753488722
Variable 'XYSXybqO.tree_id_0.Node4.t' was not initialized prior to being used
models.generic.SetBranchLength: XYSXybqO.tree_id_0.Node4.t=0.586734066283774
Variable 'XYSXybqO.XYSXybqO.likelihoodFunction' was not initialized prior to being used
Auto-benchmarked an optimal number (4) of threads.
Set GUI update interval to every 31-th LF evaluation.
Optimization settings:
	OPTIMIZATION_METHOD = 4
	OPTIMIZATION_PRECISION = 0.001
	MAXIMUM_ITERATIONS_PER_VARIABLE = 5000

Initial parameter values

relax.reference.omega3 = 7.27482
relax.reference.omega2 = 0.4601
relax.test.theta_AC = 0.400417
relax.reference.omega1 = 0.145496
relax.reference.bsrel_mixture_aux_1 = 0.818182
relax.test.theta_AT = 0.208253
relax.reference.bsrel_mixture_aux_0 = 0.45
relax.test.theta_GT = 0.331901
relax.test.theta_CG = 0.31834
relax.test.theta_CT = 0.65492
relax.K = 1
XYSXybqO.tree_id_0.Canis_lupus.t = 0.0122608
XYSXybqO.tree_id_0.Vulpes_vulpes.t = 0.143841
XYSXybqO.tree_id_0.Enhydra_lutris.t = 0.182624
XYSXybqO.tree_id_0.Lontra_canadensis.t = 0.02067
XYSXybqO.tree_id_0.Node7.t = 0.128486
XYSXybqO.tree_id_0.Neovison_vison.t = 0.09248
XYSXybqO.tree_id_0.Mustela_putorius.t = 0.133406
XYSXybqO.tree_id_0.Node10.t = 0.0864342
XYSXybqO.tree_id_0.Node6.t = 1.58399
XYSXybqO.tree_id_0.Callorhinus_ursinus.t = 0.0220085
XYSXybqO.tree_id_0.Zalophus_californianus.t = 10.3405
XYSXybqO.tree_id_0.Eumetopias_jubatus.t = 0.0221829
XYSXybqO.tree_id_0.Node17.t = 0
XYSXybqO.tree_id_0.Node15.t = 0
XYSXybqO.tree_id_0.Odobenus_rosmarus.t = 0.111597
XYSXybqO.tree_id_0.Node14.t = 0.0939327
XYSXybqO.tree_id_0.Leptonychotes_weddellii.t = 0.0343584
XYSXybqO.tree_id_0.Mirounga_leonina.t = 0.0647926
XYSXybqO.tree_id_0.Node23.t = 0.0354523
XYSXybqO.tree_id_0.Monachus_schauinslandi.t = 0.0451056
XYSXybqO.tree_id_0.Node22.t = 0.232812
XYSXybqO.tree_id_0.Phoca_vitulina.t = 0.151038
XYSXybqO.tree_id_0.Node21.t = 0.0462566
XYSXybqO.tree_id_0.Node13.t = 0.476536
XYSXybqO.tree_id_0.Node5.t = 0.00295895
XYSXybqO.tree_id_0.Ailuropoda_melanoleuca.t = 0.148772
XYSXybqO.tree_id_0.Ursus_thibetanus.t = 0
XYSXybqO.tree_id_0.Ursus_americanus.t = 0.0436699
XYSXybqO.tree_id_0.Node31.t = 0
XYSXybqO.tree_id_0.Ursus_arctos.t = 0
XYSXybqO.tree_id_0.Ursus_maritimus.t = 0
XYSXybqO.tree_id_0.Node34.t = 0.0657791
XYSXybqO.tree_id_0.Node30.t = 0.295853
XYSXybqO.tree_id_0.Node28.t = 0.421925
XYSXybqO.tree_id_0.Node4.t = 0.586734
Optimization finished in 42 loop passes.
7690 likelihood evaluation calls and 267522 matrix exponentiations calls were made

Variable 'MPI_NODE_COUNT' was not initialized prior to being used
Variable 'shFWFwlo.XYSXybqO.likelihoodFunction' was not initialized prior to being used
Auto-benchmarked an optimal number (4) of threads.
Set GUI update interval to every 26-th LF evaluation.
Optimization settings:
	OPTIMIZATION_METHOD = 4
	OPTIMIZATION_PRECISION = 0.001
	MAXIMUM_ITERATIONS_PER_VARIABLE = 5000

Initial parameter values

relax.reference.omega3 = 57.6628
relax.reference.omega1 = 0
relax.test.theta_AC = 0.357112
relax.reference.bsrel_mixture_aux_1 = 0.994634
relax.reference.omega2 = 0.55757
relax.test.theta_AT = 0.22401
relax.test.theta_GT = 0.304551
relax.reference.bsrel_mixture_aux_0 = 0.323123
relax.test.theta_CT = 0.702353
relax.test.theta_CG = 0.32985
XYSXybqO.tree_id_0.Canis_lupus.t = 0.00681909
XYSXybqO.tree_id_0.Vulpes_vulpes.t = 0.0610413
XYSXybqO.tree_id_0.Enhydra_lutris.t = 0.106279
XYSXybqO.tree_id_0.Lontra_canadensis.t = 0.01079
XYSXybqO.tree_id_0.Node7.t = 0.0732323
XYSXybqO.tree_id_0.Neovison_vison.t = 0.0528896
XYSXybqO.tree_id_0.Mustela_putorius.t = 0.0785436
XYSXybqO.tree_id_0.Node10.t = 0.0477285
XYSXybqO.tree_id_0.Node6.t = 1.00883
XYSXybqO.tree_id_0.Callorhinus_ursinus.t = 0.0115919
XYSXybqO.tree_id_0.Zalophus_californianus.t = 2.76485
XYSXybqO.tree_id_0.Eumetopias_jubatus.t = 0.0102947
XYSXybqO.tree_id_0.Node17.t = 0
XYSXybqO.tree_id_0.Node15.t = 0
XYSXybqO.tree_id_0.Odobenus_rosmarus.t = 0.0628929
XYSXybqO.tree_id_0.Node14.t = 0.053461
XYSXybqO.tree_id_0.Leptonychotes_weddellii.t = 0.0176014
XYSXybqO.tree_id_0.Mirounga_leonina.t = 0.0336066
XYSXybqO.tree_id_0.Node23.t = 0.0174986
XYSXybqO.tree_id_0.Monachus_schauinslandi.t = 0.0218222
XYSXybqO.tree_id_0.Node22.t = 0.101814
XYSXybqO.tree_id_0.Phoca_vitulina.t = 0.0874019
XYSXybqO.tree_id_0.Node21.t = 0.0231701
XYSXybqO.tree_id_0.Node13.t = 0.289721
XYSXybqO.tree_id_0.Node5.t = 0
XYSXybqO.tree_id_0.Ailuropoda_melanoleuca.t = 0.0731412
XYSXybqO.tree_id_0.Ursus_thibetanus.t = 0
XYSXybqO.tree_id_0.Ursus_americanus.t = 0.0204134
XYSXybqO.tree_id_0.Node31.t = 0
XYSXybqO.tree_id_0.Ursus_arctos.t = 0
XYSXybqO.tree_id_0.Ursus_maritimus.t = 0
XYSXybqO.tree_id_0.Node34.t = 0.0342343
XYSXybqO.tree_id_0.Node30.t = 0.17518
XYSXybqO.tree_id_0.Node28.t = 0.231859
XYSXybqO.tree_id_0.Node4.t = 0.351574
Optimization finished in 62 loop passes.
9744 likelihood evaluation calls and 332754 matrix exponentiations calls were made

Variable 'USE_JSON_FOR_MATRIX' was not initialized prior to being used