
Loaded 'libv3/all-terms.bf' from /usr/local/lib/hyphy/TemplateBatchFiles/libv3/all-terms.bf
Loaded 'libv3/UtilityFunctions.bf' from /usr/local/lib/hyphy/TemplateBatchFiles/libv3/UtilityFunctions.bf
Loaded 'IOFunctions.bf' from /usr/local/lib/hyphy/TemplateBatchFiles/libv3/IOFunctions.bf
Already loaded 'libv3/UtilityFunctions.bf' from /usr/local/lib/hyphy/TemplateBatchFiles/libv3/UtilityFunctions.bf
Loaded 'convenience/regexp.bf' from /usr/local/lib/hyphy/TemplateBatchFiles/libv3/convenience/regexp.bf
Already loaded 'libv3/all-terms.bf' from /usr/local/lib/hyphy/TemplateBatchFiles/libv3/all-terms.bf
Already loaded 'libv3/IOFunctions.bf' from /usr/local/lib/hyphy/TemplateBatchFiles/libv3/IOFunctions.bf
Loaded 'libv3/models/codon/MG_REV.bf' from /usr/local/lib/hyphy/TemplateBatchFiles/libv3/models/codon/MG_REV.bf
Loaded '../codon.bf' from /usr/local/lib/hyphy/TemplateBatchFiles/libv3/models/codon.bf
Loaded '../tasks/genetic_code.bf' from /usr/local/lib/hyphy/TemplateBatchFiles/libv3/tasks/genetic_code.bf
Loaded 'libv3/convenience/matrix.bf' from /usr/local/lib/hyphy/TemplateBatchFiles/libv3/convenience/matrix.bf
Already loaded 'libv3/UtilityFunctions.bf' from /usr/local/lib/hyphy/TemplateBatchFiles/libv3/UtilityFunctions.bf
Already loaded 'libv3/all-terms.bf' from /usr/local/lib/hyphy/TemplateBatchFiles/libv3/all-terms.bf
Already loaded '../UtilityFunctions.bf' from /usr/local/lib/hyphy/TemplateBatchFiles/libv3/UtilityFunctions.bf
Loaded '../DNA.bf' from /usr/local/lib/hyphy/TemplateBatchFiles/libv3/models/DNA.bf
Loaded 'frequencies.bf' from /usr/local/lib/hyphy/TemplateBatchFiles/libv3/models/frequencies.bf
Already loaded '../all-terms.bf' from /usr/local/lib/hyphy/TemplateBatchFiles/libv3/all-terms.bf
Loaded 'parameters.bf' from /usr/local/lib/hyphy/TemplateBatchFiles/libv3/models/parameters.bf
Loaded 'GrabBag' from /usr/local/lib/hyphy/TemplateBatchFiles/Utility/GrabBag.bf
Overwritten previously defined function:'_sortStringsAux'
Already loaded 'libv3/all-terms.bf' from /usr/local/lib/hyphy/TemplateBatchFiles/libv3/all-terms.bf
Already loaded '../UtilityFunctions.bf' from /usr/local/lib/hyphy/TemplateBatchFiles/libv3/UtilityFunctions.bf
Loaded 'model_functions.bf' from /usr/local/lib/hyphy/TemplateBatchFiles/libv3/models/model_functions.bf
Already loaded 'DNA.bf' from /usr/local/lib/hyphy/TemplateBatchFiles/libv3/models/DNA.bf
Already loaded 'parameters.bf' from /usr/local/lib/hyphy/TemplateBatchFiles/libv3/models/parameters.bf
Already loaded 'frequencies.bf' from /usr/local/lib/hyphy/TemplateBatchFiles/libv3/models/frequencies.bf
Already loaded '../UtilityFunctions.bf' from /usr/local/lib/hyphy/TemplateBatchFiles/libv3/UtilityFunctions.bf
Already loaded '../convenience/regexp.bf' from /usr/local/lib/hyphy/TemplateBatchFiles/libv3/convenience/regexp.bf
Already loaded 'libv3/all-terms.bf' from /usr/local/lib/hyphy/TemplateBatchFiles/libv3/all-terms.bf
Already loaded '../parameters.bf' from /usr/local/lib/hyphy/TemplateBatchFiles/libv3/models/parameters.bf
Already loaded '../frequencies.bf' from /usr/local/lib/hyphy/TemplateBatchFiles/libv3/models/frequencies.bf
Already loaded '../../UtilityFunctions.bf' from /usr/local/lib/hyphy/TemplateBatchFiles/libv3/UtilityFunctions.bf
Loaded 'libv3/tasks/estimators.bf' from /usr/local/lib/hyphy/TemplateBatchFiles/libv3/tasks/estimators.bf
Already loaded '../models/model_functions.bf' from /usr/local/lib/hyphy/TemplateBatchFiles/libv3/models/model_functions.bf
Loaded '../models/DNA/GTR.bf' from /usr/local/lib/hyphy/TemplateBatchFiles/libv3/models/DNA/GTR.bf
Already loaded '../DNA.bf' from /usr/local/lib/hyphy/TemplateBatchFiles/libv3/models/DNA.bf
Already loaded '../parameters.bf' from /usr/local/lib/hyphy/TemplateBatchFiles/libv3/models/parameters.bf
Already loaded '../frequencies.bf' from /usr/local/lib/hyphy/TemplateBatchFiles/libv3/models/frequencies.bf
Already loaded '../../UtilityFunctions.bf' from /usr/local/lib/hyphy/TemplateBatchFiles/libv3/UtilityFunctions.bf
Already loaded 'libv3/all-terms.bf' from /usr/local/lib/hyphy/TemplateBatchFiles/libv3/all-terms.bf
Already loaded '../convenience/regexp.bf' from /usr/local/lib/hyphy/TemplateBatchFiles/libv3/convenience/regexp.bf
Already loaded 'libv3/all-terms.bf' from /usr/local/lib/hyphy/TemplateBatchFiles/libv3/all-terms.bf
Loaded 'libv3/tasks/alignments.bf' from /usr/local/lib/hyphy/TemplateBatchFiles/libv3/tasks/alignments.bf
Already loaded '../IOFunctions.bf' from /usr/local/lib/hyphy/TemplateBatchFiles/libv3/IOFunctions.bf
Already loaded '../all-terms.bf' from /usr/local/lib/hyphy/TemplateBatchFiles/libv3/all-terms.bf
Loaded 'libv3/tasks/trees.bf' from /usr/local/lib/hyphy/TemplateBatchFiles/libv3/tasks/trees.bf
Already loaded '../IOFunctions.bf' from /usr/local/lib/hyphy/TemplateBatchFiles/libv3/IOFunctions.bf
Already loaded '../all-terms.bf' from /usr/local/lib/hyphy/TemplateBatchFiles/libv3/all-terms.bf
Already loaded '../convenience/regexp.bf' from /usr/local/lib/hyphy/TemplateBatchFiles/libv3/convenience/regexp.bf
Already loaded '../UtilityFunctions.bf' from /usr/local/lib/hyphy/TemplateBatchFiles/libv3/UtilityFunctions.bf
Loaded 'TreeTools' from /usr/local/lib/hyphy/TemplateBatchFiles/TreeTools.ibf
Loaded 'modules/io_functions.ibf' from /usr/local/lib/hyphy/TemplateBatchFiles/SelectionAnalyses/modules/io_functions.ibf
Already loaded 'libv3/UtilityFunctions.bf' from /usr/local/lib/hyphy/TemplateBatchFiles/libv3/UtilityFunctions.bf
Already loaded 'libv3/IOFunctions.bf' from /usr/local/lib/hyphy/TemplateBatchFiles/libv3/IOFunctions.bf
Already loaded 'libv3/convenience/regexp.bf' from /usr/local/lib/hyphy/TemplateBatchFiles/libv3/convenience/regexp.bf
Already loaded 'libv3/all-terms.bf' from /usr/local/lib/hyphy/TemplateBatchFiles/libv3/all-terms.bf
Loaded 'modules/selection_lib.ibf' from /usr/local/lib/hyphy/TemplateBatchFiles/SelectionAnalyses/modules/selection_lib.ibf
Loaded 'libv3/models/codon/BS_REL.bf' from /usr/local/lib/hyphy/TemplateBatchFiles/libv3/models/codon/BS_REL.bf
Already loaded '../codon.bf' from /usr/local/lib/hyphy/TemplateBatchFiles/libv3/models/codon.bf
Already loaded '../DNA.bf' from /usr/local/lib/hyphy/TemplateBatchFiles/libv3/models/DNA.bf
Already loaded '../parameters.bf' from /usr/local/lib/hyphy/TemplateBatchFiles/libv3/models/parameters.bf
Already loaded '../frequencies.bf' from /usr/local/lib/hyphy/TemplateBatchFiles/libv3/models/frequencies.bf
Already loaded '../../UtilityFunctions.bf' from /usr/local/lib/hyphy/TemplateBatchFiles/libv3/UtilityFunctions.bf
Already loaded 'MG_REV.bf' from /usr/local/lib/hyphy/TemplateBatchFiles/libv3/models/codon/MG_REV.bf
Loaded '../../convenience/math.bf' from /usr/local/lib/hyphy/TemplateBatchFiles/libv3/convenience/math.bf
Already loaded 'libv3/UtilityFunctions.bf' from /usr/local/lib/hyphy/TemplateBatchFiles/libv3/UtilityFunctions.bf
Already loaded 'libv3/convenience/math.bf' from /usr/local/lib/hyphy/TemplateBatchFiles/libv3/convenience/math.bf
Loaded 'libv3/tasks/mpi.bf' from /usr/local/lib/hyphy/TemplateBatchFiles/libv3/tasks/mpi.bf
Already loaded '../all-terms.bf' from /usr/local/lib/hyphy/TemplateBatchFiles/libv3/all-terms.bf
Already loaded '../models/parameters.bf' from /usr/local/lib/hyphy/TemplateBatchFiles/libv3/models/parameters.bf
Variable 'NORMALIZE_SEQUENCE_NAMES' was not initialized prior to being used
Variable 'ASSUME_REVERSIBLE_MODELS' was not initialized prior to being used
Loaded 'modules/shared-load-file.bf' from /usr/local/lib/hyphy/TemplateBatchFiles/SelectionAnalyses/modules/shared-load-file.bf
Variable 'MARKDOWN_OUTPUT' was not initialized prior to being used
Already loaded 'libv3/convenience/matrix.bf' from /usr/local/lib/hyphy/TemplateBatchFiles/libv3/convenience/matrix.bf
Already loaded 'libv3/UtilityFunctions.bf' from /usr/local/lib/hyphy/TemplateBatchFiles/libv3/UtilityFunctions.bf
Variable 'jiXolrfN.skipCodeSelectionStep' was not initialized prior to being used
Row and/or column partition is empty. All the data will be used by default.
Variable 'NEXUS_FILE_TREE_MATRIX' was not initialized prior to being used
Variable 'utility.ToggleEnvVariable.cache' was not initialized prior to being used
Variable 'TREE_NODE_NAME_MAPPING' was not initialized prior to being used
Variable 'DSYG_Pac.PROMPT_FOR_FILE' was not initialized prior to being used
Variable 'END_OF_FILE' was not initialized prior to being used
Variable '_DO_TREE_REBALANCE_' was not initialized prior to being used
Variable '_KEEP_I_LABELS_' was not initialized prior to being used
Rooted topology. Removing one branch - the right root child has been promoted to be the new root
Variable 'INCLUDE_MODEL_SPECS' was not initialized prior to being used
Variable 'utility.ForEachPair.warn_non_rentrant' was not initialized prior to being used
Row and/or column partition is empty. All the data will be used by default.
Row and/or column partition is empty. All the data will be used by default.
Loaded 'modules/grid_compute.ibf' from /usr/local/lib/hyphy/TemplateBatchFiles/SelectionAnalyses/modules/grid_compute.ibf
Variable 'KAtsaGvG.cache' was not initialized prior to being used
Row and/or column partition is empty. All the data will be used by default.
Variable 'COUNT_GAPS_IN_FREQUENCIES' was not initialized prior to being used
Variable 'YmUoBmuV.model_pi' was not initialized prior to being used
Model YmUoBmuV.model assigned to Lyrurus_tetrix
Model YmUoBmuV.model assigned to Oxyura_jamaicensis
Model YmUoBmuV.model assigned to Cygnus_atratus
Model YmUoBmuV.model assigned to Anser_cygnoides
Model YmUoBmuV.model assigned to Node5
Model YmUoBmuV.model assigned to Node3
Model YmUoBmuV.model assigned to Aythya_fuligula
Model YmUoBmuV.model assigned to Anas_platyrhynchos
Model YmUoBmuV.model assigned to Node8
The tips of the tree:YmUoBmuV.tree_0 were matched with the species names from the data in the following numeric order (0-based) {0,3,1,2,4,5}

Pseudo-optimal path's cost 238 vs 352 for 1..k=> a 1.47899 x improvement
Partition 0 is ASSUMED to have a reversible model
Variable 'USE_LAST_RESULTS' was not initialized prior to being used
Variable 'YmUoBmuV.tree_0.Lyrurus_tetrix.t' was not initialized prior to being used
models.generic.SetBranchLength: YmUoBmuV.tree_0.Lyrurus_tetrix.t=213.1107297115404
Variable 'YmUoBmuV.tree_0.Oxyura_jamaicensis.t' was not initialized prior to being used
models.generic.SetBranchLength: YmUoBmuV.tree_0.Oxyura_jamaicensis.t=75.15450302186269
Variable 'YmUoBmuV.tree_0.Cygnus_atratus.t' was not initialized prior to being used
models.generic.SetBranchLength: YmUoBmuV.tree_0.Cygnus_atratus.t=54.0498663983528
Variable 'YmUoBmuV.tree_0.Anser_cygnoides.t' was not initialized prior to being used
models.generic.SetBranchLength: YmUoBmuV.tree_0.Anser_cygnoides.t=54.0498663983528
Variable 'YmUoBmuV.tree_0.Node5.t' was not initialized prior to being used
models.generic.SetBranchLength: YmUoBmuV.tree_0.Node5.t=21.10463662350989
Variable 'YmUoBmuV.tree_0.Node3.t' was not initialized prior to being used
models.generic.SetBranchLength: YmUoBmuV.tree_0.Node3.t=5.68286660491894
Variable 'YmUoBmuV.tree_0.Aythya_fuligula.t' was not initialized prior to being used
models.generic.SetBranchLength: YmUoBmuV.tree_0.Aythya_fuligula.t=41.2067090815803
Variable 'YmUoBmuV.tree_0.Anas_platyrhynchos.t' was not initialized prior to being used
models.generic.SetBranchLength: YmUoBmuV.tree_0.Anas_platyrhynchos.t=41.2067090815803
Variable 'YmUoBmuV.tree_0.Node8.t' was not initialized prior to being used
models.generic.SetBranchLength: YmUoBmuV.tree_0.Node8.t=39.63066057185502
Variable 'YmUoBmuV.YmUoBmuV.likelihoodFunction' was not initialized prior to being used
Variable 'SAVE_OPT_STATUS_TO' was not initialized prior to being used
Auto-benchmarked an optimal number (1) of threads.
Set GUI update interval to every 8928-th LF evaluation.
Optimization settings:
	OPTIMIZATION_METHOD = 4
	OPTIMIZATION_PRECISION = 0.001
	MAXIMUM_ITERATIONS_PER_VARIABLE = 5000

Initial parameter values

YmUoBmuV.model.theta_CT = 1
YmUoBmuV.model.theta_GT = 0.25
YmUoBmuV.model.theta_CG = 0.25
YmUoBmuV.model.theta_AC = 0.25
YmUoBmuV.model.theta_AT = 0.25
YmUoBmuV.tree_0.Lyrurus_tetrix.t = 213.111
YmUoBmuV.tree_0.Oxyura_jamaicensis.t = 75.1545
YmUoBmuV.tree_0.Cygnus_atratus.t = 54.0499
YmUoBmuV.tree_0.Anser_cygnoides.t = 54.0499
YmUoBmuV.tree_0.Node5.t = 21.1046
YmUoBmuV.tree_0.Node3.t = 5.68287
YmUoBmuV.tree_0.Aythya_fuligula.t = 41.2067
YmUoBmuV.tree_0.Anas_platyrhynchos.t = 41.2067
YmUoBmuV.tree_0.Node8.t = 39.6307
Site 29 evaluated to a 0 probability in ComputeLLWithBranchCache
Optimization finished in 26 loop passes.
1555 likelihood evaluation calls and 7524 matrix exponentiations calls were made

Variable 'BRANCH_LENGTH_STENCIL' was not initialized prior to being used
Variable 'YmUoBmuV.option' was not initialized prior to being used
Variable 'relax.terms.json.nucleotide_gtr' was not initialized prior to being used
Variable 'Unknown' was not initialized prior to being used
Variable 'NGcRqzCX.initial_value' was not initialized prior to being used
Variable 'cAjBpEHW.data_filter' was not initialized prior to being used
Row and/or column partition is empty. All the data will be used by default.
Auto-benchmarked an optimal number (1) of threads.
Set GUI update interval to every 4464-th LF evaluation.
Optimization settings:
	OPTIMIZATION_METHOD = 4
	OPTIMIZATION_PRECISION = 0.001
	MAXIMUM_ITERATIONS_PER_VARIABLE = 5000

Initial parameter values

frequencies._aux.CF3x4.p0_0 = 0.273585
frequencies._aux.CF3x4.p0_1 = 0.36075
frequencies._aux.CF3x4.p0_2 = 0.613995
frequencies._aux.CF3x4.p1_0 = 0.31001
frequencies._aux.CF3x4.p1_1 = 0.288264
frequencies._aux.CF3x4.p1_2 = 0.428495
frequencies._aux.CF3x4.p2_0 = 0.242662
frequencies._aux.CF3x4.p2_1 = 0.303806
frequencies._aux.CF3x4.p2_2 = 0.507952
Optimization finished in 7 loop passes.
255 likelihood evaluation calls and 0 matrix exponentiations calls were made

Variable 'cAjBpEHW.model_MGREV_pi' was not initialized prior to being used
Model cAjBpEHW.model_MGREV assigned to Lyrurus_tetrix
Model cAjBpEHW.model_MGREV assigned to Oxyura_jamaicensis
Model cAjBpEHW.model_MGREV assigned to Cygnus_atratus
Model cAjBpEHW.model_MGREV assigned to Anser_cygnoides
Model cAjBpEHW.model_MGREV assigned to Node5
Model cAjBpEHW.model_MGREV assigned to Node3
Model cAjBpEHW.model_MGREV assigned to Aythya_fuligula
Model cAjBpEHW.model_MGREV assigned to Anas_platyrhynchos
Model cAjBpEHW.model_MGREV assigned to Node8
The tips of the tree:cAjBpEHW.tree_0 were matched with the species names from the data in the following numeric order (0-based) {0,3,1,2,4,5}

Pseudo-optimal path's cost 810 vs 1108 for 1..k=> a 1.3679 x improvement
Partition 0 is ASSUMED to have a reversible model
Variable 'cAjBpEHW.cAjBpEHW.likelihoodFunction' was not initialized prior to being used
Variable 'cAjBpEHW.tree_0.Lyrurus_tetrix.alpha' was not initialized prior to being used
Variable 'cAjBpEHW.tree_0.Oxyura_jamaicensis.alpha' was not initialized prior to being used
Variable 'cAjBpEHW.tree_0.Cygnus_atratus.alpha' was not initialized prior to being used
Variable 'cAjBpEHW.tree_0.Anser_cygnoides.alpha' was not initialized prior to being used
Variable 'cAjBpEHW.tree_0.Node5.alpha' was not initialized prior to being used
Variable 'cAjBpEHW.tree_0.Node3.alpha' was not initialized prior to being used
Variable 'cAjBpEHW.tree_0.Aythya_fuligula.alpha' was not initialized prior to being used
Variable 'cAjBpEHW.tree_0.Anas_platyrhynchos.alpha' was not initialized prior to being used
Variable 'cAjBpEHW.tree_0.Node8.alpha' was not initialized prior to being used
Site 30 evaluated to a 0 probability in ComputeTreeBlockByBranch
Site 25 evaluated to a 0 probability in ComputeTreeBlockByBranch
Site 30 evaluated to a 0 probability in ComputeTreeBlockByBranch
Site 7 evaluated to a 0 probability in ComputeTreeBlockByBranch
Site 63 evaluated to a 0 probability in ComputeTreeBlockByBranch
Site 30 evaluated to a 0 probability in ComputeTreeBlockByBranch
Site 23 evaluated to a 0 probability in ComputeTreeBlockByBranch
Site 105 evaluated to a 0 probability in ComputeTreeBlockByBranch
Site 76 evaluated to a 0 probability in ComputeTreeBlockByBranch
Site 30 evaluated to a 0 probability in ComputeTreeBlockByBranch
Site 9 evaluated to a 0 probability in ComputeTreeBlockByBranch
Site 110 evaluated to a 0 probability in ComputeTreeBlockByBranch
Site 30 evaluated to a 0 probability in ComputeTreeBlockByBranch
Site 137 evaluated to a 0 probability in ComputeTreeBlockByBranch
Site 42 evaluated to a 0 probability in ComputeTreeBlockByBranch
Auto-benchmarked an optimal number (4) of threads.
Set GUI update interval to every 986-th LF evaluation.
Initial guess for cAjBpEHW.tree_0.Node3.alpha is -3.9317e-06
Initial guess for cAjBpEHW.tree_0.Oxyura_jamaicensis.alpha is 0.000450197
Initial guess for cAjBpEHW.tree_0.Node5.alpha is 5.48865e-06
Initial guess for cAjBpEHW.tree_0.Cygnus_atratus.alpha is 2.08827e-05
Initial guess for cAjBpEHW.tree_0.Anser_cygnoides.alpha is 2.28497e-06
Initial guess for cAjBpEHW.tree_0.Node8.alpha is 2.16369e-05
Initial guess for cAjBpEHW.tree_0.Aythya_fuligula.alpha is 9.43534e-06
Initial guess for cAjBpEHW.tree_0.Anas_platyrhynchos.alpha is 6.22636e-06
Optimization settings:
	OPTIMIZATION_METHOD = 4
	OPTIMIZATION_PRECISION = 0.001
	MAXIMUM_ITERATIONS_PER_VARIABLE = 5000

Initial parameter values

cAjBpEHW.model_MGREV.theta_GT = 1
cAjBpEHW.model_MGREV.theta_CT = 1
cAjBpEHW.model_MGREV.theta_AC = 1
cAjBpEHW.model_MGREV.theta_CG = 1
cAjBpEHW.model_MGREV.theta_AT = 1
cAjBpEHW.model_MGREV.omega_0 = 1
cAjBpEHW.tree_0.Lyrurus_tetrix.alpha = 0.1
cAjBpEHW.tree_0.Oxyura_jamaicensis.alpha = 0.000450197
cAjBpEHW.tree_0.Cygnus_atratus.alpha = 2.08827e-05
cAjBpEHW.tree_0.Anser_cygnoides.alpha = 2.28497e-06
cAjBpEHW.tree_0.Node5.alpha = 5.48865e-06
cAjBpEHW.tree_0.Node3.alpha = 0
cAjBpEHW.tree_0.Aythya_fuligula.alpha = 9.43534e-06
cAjBpEHW.tree_0.Anas_platyrhynchos.alpha = 6.22636e-06
cAjBpEHW.tree_0.Node8.alpha = 2.16369e-05
cAjBpEHW.model_MGREV.omega_1 = 1
Failing bound checks on cAjBpEHW.tree_0.Anser_cygnoides.beta =         10001.30559771955
Optimization finished in 26 loop passes.
1820 likelihood evaluation calls and 9015 matrix exponentiations calls were made

Row and/or column partition is empty. All the data will be used by default.
Auto-benchmarked an optimal number (3) of threads.
Set GUI update interval to every 4587-th LF evaluation.
Optimization settings:
	OPTIMIZATION_METHOD = 4
	OPTIMIZATION_PRECISION = 0.001
	MAXIMUM_ITERATIONS_PER_VARIABLE = 5000

Initial parameter values

frequencies._aux.CF3x4.p0_0 = 0.273585
frequencies._aux.CF3x4.p0_1 = 0.36075
frequencies._aux.CF3x4.p0_2 = 0.613995
frequencies._aux.CF3x4.p1_0 = 0.31001
frequencies._aux.CF3x4.p1_1 = 0.288264
frequencies._aux.CF3x4.p1_2 = 0.428495
frequencies._aux.CF3x4.p2_0 = 0.242662
frequencies._aux.CF3x4.p2_1 = 0.303806
frequencies._aux.CF3x4.p2_2 = 0.507952
Optimization finished in 7 loop passes.
257 likelihood evaluation calls and 0 matrix exponentiations calls were made

Variable 'cAjBpEHW.model_MGREV_pi' was not initialized prior to being used
Model cAjBpEHW.model_MGREV assigned to Lyrurus_tetrix
Model cAjBpEHW.model_MGREV assigned to Oxyura_jamaicensis
Model cAjBpEHW.model_MGREV assigned to Cygnus_atratus
Model cAjBpEHW.model_MGREV assigned to Anser_cygnoides
Model cAjBpEHW.model_MGREV assigned to Node5
Model cAjBpEHW.model_MGREV assigned to Node3
Model cAjBpEHW.model_MGREV assigned to Aythya_fuligula
Model cAjBpEHW.model_MGREV assigned to Anas_platyrhynchos
Model cAjBpEHW.model_MGREV assigned to Node8
The tips of the tree:cAjBpEHW.tree_0 were matched with the species names from the data in the following numeric order (0-based) {0,3,1,2,4,5}

Pseudo-optimal path's cost 810 vs 1108 for 1..k=> a 1.3679 x improvement
Partition 0 is ASSUMED to have a reversible model
Variable 'cAjBpEHW.tree_0.Aythya_fuligula.alpha' was not initialized prior to being used
Variable 'cAjBpEHW.tree_0.Node3.alpha' was not initialized prior to being used
Variable 'cAjBpEHW.tree_0.Anas_platyrhynchos.alpha' was not initialized prior to being used
Variable 'cAjBpEHW.tree_0.Node5.alpha' was not initialized prior to being used
Variable 'cAjBpEHW.tree_0.Anser_cygnoides.alpha' was not initialized prior to being used
Variable 'cAjBpEHW.tree_0.Cygnus_atratus.alpha' was not initialized prior to being used
Variable 'cAjBpEHW.tree_0.Lyrurus_tetrix.alpha' was not initialized prior to being used
Variable 'cAjBpEHW.tree_0.Oxyura_jamaicensis.alpha' was not initialized prior to being used
Variable 'cAjBpEHW.tree_0.Node8.alpha' was not initialized prior to being used
Site 30 evaluated to a 0 probability in ComputeTreeBlockByBranch
Site 25 evaluated to a 0 probability in ComputeTreeBlockByBranch
Site 30 evaluated to a 0 probability in ComputeTreeBlockByBranch
Site 7 evaluated to a 0 probability in ComputeTreeBlockByBranch
Site 63 evaluated to a 0 probability in ComputeTreeBlockByBranch
Site 30 evaluated to a 0 probability in ComputeTreeBlockByBranch
Site 23 evaluated to a 0 probability in ComputeTreeBlockByBranch
Site 105 evaluated to a 0 probability in ComputeTreeBlockByBranch
Site 76 evaluated to a 0 probability in ComputeTreeBlockByBranch
Site 30 evaluated to a 0 probability in ComputeTreeBlockByBranch
Site 9 evaluated to a 0 probability in ComputeTreeBlockByBranch
Site 110 evaluated to a 0 probability in ComputeTreeBlockByBranch
Site 30 evaluated to a 0 probability in ComputeTreeBlockByBranch
Site 137 evaluated to a 0 probability in ComputeTreeBlockByBranch
Site 42 evaluated to a 0 probability in ComputeTreeBlockByBranch
Auto-benchmarked an optimal number (4) of threads.
Set GUI update interval to every 1116-th LF evaluation.
Initial guess for cAjBpEHW.tree_0.Node3.alpha is -3.9317e-06
Initial guess for cAjBpEHW.tree_0.Oxyura_jamaicensis.alpha is 0.000450197
Initial guess for cAjBpEHW.tree_0.Node5.alpha is 5.48865e-06
Initial guess for cAjBpEHW.tree_0.Cygnus_atratus.alpha is 2.08827e-05
Initial guess for cAjBpEHW.tree_0.Anser_cygnoides.alpha is 2.28497e-06
Initial guess for cAjBpEHW.tree_0.Node8.alpha is 2.16369e-05
Initial guess for cAjBpEHW.tree_0.Aythya_fuligula.alpha is 9.43534e-06
Initial guess for cAjBpEHW.tree_0.Anas_platyrhynchos.alpha is 6.22636e-06
Optimization settings:
	OPTIMIZATION_METHOD = 4
	OPTIMIZATION_PRECISION = 0.001
	MAXIMUM_ITERATIONS_PER_VARIABLE = 5000

Initial parameter values

cAjBpEHW.model_MGREV.theta_CG = 1
cAjBpEHW.model_MGREV.theta_CT = 1
cAjBpEHW.model_MGREV.theta_GT = 1
cAjBpEHW.model_MGREV.theta_AT = 1
cAjBpEHW.model_MGREV.theta_AC = 1
cAjBpEHW.model_MGREV.omega_0 = 1
cAjBpEHW.tree_0.Lyrurus_tetrix.alpha = 0.1
cAjBpEHW.tree_0.Oxyura_jamaicensis.alpha = 0.000450197
cAjBpEHW.tree_0.Cygnus_atratus.alpha = 2.08827e-05
cAjBpEHW.tree_0.Anser_cygnoides.alpha = 2.28497e-06
cAjBpEHW.tree_0.Node5.alpha = 5.48865e-06
cAjBpEHW.tree_0.Node3.alpha = 0
cAjBpEHW.tree_0.Aythya_fuligula.alpha = 9.43534e-06
cAjBpEHW.tree_0.Anas_platyrhynchos.alpha = 6.22636e-06
cAjBpEHW.tree_0.Node8.alpha = 2.16369e-05
cAjBpEHW.model_MGREV.omega_1 = 1
Failing bound checks on cAjBpEHW.tree_0.Anser_cygnoides.beta =         10001.30559771955
Optimization finished in 28 loop passes.
1928 likelihood evaluation calls and 9373 matrix exponentiations calls were made

Overwritten previously defined function:'xPpIsknP.rate_generator'
Overwritten previously defined function:'xPpIsknP.rate_generator'
Auto-benchmarked an optimal number (3) of threads.
Set GUI update interval to every 4545-th LF evaluation.
Optimization settings:
	OPTIMIZATION_METHOD = 4
	OPTIMIZATION_PRECISION = 0.001
	MAXIMUM_ITERATIONS_PER_VARIABLE = 5000

Initial parameter values

frequencies._aux.CF3x4.p0_0 = 0.273585
frequencies._aux.CF3x4.p0_1 = 0.36075
frequencies._aux.CF3x4.p0_2 = 0.613995
frequencies._aux.CF3x4.p1_0 = 0.31001
frequencies._aux.CF3x4.p1_1 = 0.288264
frequencies._aux.CF3x4.p1_2 = 0.428495
frequencies._aux.CF3x4.p2_0 = 0.242662
frequencies._aux.CF3x4.p2_1 = 0.303806
frequencies._aux.CF3x4.p2_2 = 0.507952
Optimization finished in 7 loop passes.
257 likelihood evaluation calls and 0 matrix exponentiations calls were made

Variable 'relax.test_pi' was not initialized prior to being used
Overwritten previously defined function:'xPpIsknP.rate_generator'
Overwritten previously defined function:'xPpIsknP.rate_generator'
Overwritten previously defined function:'xPpIsknP.rate_generator'
Auto-benchmarked an optimal number (3) of threads.
Set GUI update interval to every 4587-th LF evaluation.
Optimization settings:
	OPTIMIZATION_METHOD = 4
	OPTIMIZATION_PRECISION = 0.001
	MAXIMUM_ITERATIONS_PER_VARIABLE = 5000

Initial parameter values

frequencies._aux.CF3x4.p0_0 = 0.273585
frequencies._aux.CF3x4.p0_1 = 0.36075
frequencies._aux.CF3x4.p0_2 = 0.613995
frequencies._aux.CF3x4.p1_0 = 0.31001
frequencies._aux.CF3x4.p1_1 = 0.288264
frequencies._aux.CF3x4.p1_2 = 0.428495
frequencies._aux.CF3x4.p2_0 = 0.242662
frequencies._aux.CF3x4.p2_1 = 0.303806
frequencies._aux.CF3x4.p2_2 = 0.507952
Optimization finished in 7 loop passes.
257 likelihood evaluation calls and 0 matrix exponentiations calls were made

Variable 'relax.reference_pi' was not initialized prior to being used
No nodel was assigned to Lyrurus_tetrix
No nodel was assigned to Oxyura_jamaicensis
No nodel was assigned to Cygnus_atratus
No nodel was assigned to Anser_cygnoides
No nodel was assigned to Node5
No nodel was assigned to Node3
No nodel was assigned to Aythya_fuligula
No nodel was assigned to Anas_platyrhynchos
No nodel was assigned to Node8
The tips of the tree:TGarxyod.tree_id_0 were matched with the species names from the data in the following numeric order (0-based) {0,3,1,2,4,5}

Pseudo-optimal path's cost 810 vs 1108 for 1..k=> a 1.3679 x improvement
Partition 0 is ASSUMED to have a reversible model
relax.reference.theta_AC was already constrained in estimators.SetGlobals2
relax.reference.theta_AG was already constrained in estimators.SetGlobals2
relax.reference.theta_AT was already constrained in estimators.SetGlobals2
relax.reference.theta_CG was already constrained in estimators.SetGlobals2
relax.reference.theta_CT was already constrained in estimators.SetGlobals2
relax.reference.theta_GT was already constrained in estimators.SetGlobals2
relax.test.theta_AG was already constrained in estimators.SetGlobals2
Variable 'TGarxyod.tree_id_0.Lyrurus_tetrix.t' was not initialized prior to being used
models.generic.SetBranchLength: TGarxyod.tree_id_0.Lyrurus_tetrix.t=2.343237242631476
Variable 'TGarxyod.tree_id_0.Oxyura_jamaicensis.t' was not initialized prior to being used
models.generic.SetBranchLength: TGarxyod.tree_id_0.Oxyura_jamaicensis.t=0.1384765371339519
Variable 'TGarxyod.tree_id_0.Cygnus_atratus.t' was not initialized prior to being used
models.generic.SetBranchLength: TGarxyod.tree_id_0.Cygnus_atratus.t=0.01891549558509152
Variable 'TGarxyod.tree_id_0.Anser_cygnoides.t' was not initialized prior to being used
models.generic.SetBranchLength: TGarxyod.tree_id_0.Anser_cygnoides.t=0.05688012591432291
Variable 'TGarxyod.tree_id_0.Node5.t' was not initialized prior to being used
models.generic.SetBranchLength: TGarxyod.tree_id_0.Node5.t=0.03290913301799751
Variable 'TGarxyod.tree_id_0.Node3.t' was not initialized prior to being used
models.generic.SetBranchLength: TGarxyod.tree_id_0.Node3.t=0
Variable 'TGarxyod.tree_id_0.Aythya_fuligula.t' was not initialized prior to being used
models.generic.SetBranchLength: TGarxyod.tree_id_0.Aythya_fuligula.t=0.03736453475040812
Variable 'TGarxyod.tree_id_0.Anas_platyrhynchos.t' was not initialized prior to being used
models.generic.SetBranchLength: TGarxyod.tree_id_0.Anas_platyrhynchos.t=0.05726254132284456
Variable 'TGarxyod.tree_id_0.Node8.t' was not initialized prior to being used
models.generic.SetBranchLength: TGarxyod.tree_id_0.Node8.t=0.1208310397027659
Variable 'TGarxyod.TGarxyod.likelihoodFunction' was not initialized prior to being used
Auto-benchmarked an optimal number (5) of threads.
Set GUI update interval to every 106-th LF evaluation.
Optimization settings:
	OPTIMIZATION_METHOD = 4
	OPTIMIZATION_PRECISION = 0.001
	MAXIMUM_ITERATIONS_PER_VARIABLE = 5000

Initial parameter values

relax.reference.omega3 = 7.27482
relax.reference.omega2 = 0.4601
relax.reference.bsrel_mixture_aux_0 = 0.45
relax.test.theta_GT = 0.225608
relax.reference.omega1 = 0.145496
relax.reference.bsrel_mixture_aux_1 = 0.818182
relax.test.theta_CT = 0.944974
relax.test.theta_AC = 0.289404
relax.test.theta_AT = 0.448046
relax.test.theta_CG = 0.32004
relax.K = 1
TGarxyod.tree_id_0.Lyrurus_tetrix.t = 2.34324
TGarxyod.tree_id_0.Oxyura_jamaicensis.t = 0.138477
TGarxyod.tree_id_0.Cygnus_atratus.t = 0.0189155
TGarxyod.tree_id_0.Anser_cygnoides.t = 0.0568801
TGarxyod.tree_id_0.Node5.t = 0.0329091
TGarxyod.tree_id_0.Node3.t = 0
TGarxyod.tree_id_0.Aythya_fuligula.t = 0.0373645
TGarxyod.tree_id_0.Anas_platyrhynchos.t = 0.0572625
TGarxyod.tree_id_0.Node8.t = 0.120831
Optimization finished in 66 loop passes.
5087 likelihood evaluation calls and 90201 matrix exponentiations calls were made

Variable 'MPI_NODE_COUNT' was not initialized prior to being used
No nodel was assigned to Lyrurus_tetrix
No nodel was assigned to Oxyura_jamaicensis
No nodel was assigned to Cygnus_atratus
No nodel was assigned to Anser_cygnoides
No nodel was assigned to Node5
No nodel was assigned to Node3
No nodel was assigned to Aythya_fuligula
No nodel was assigned to Anas_platyrhynchos
No nodel was assigned to Node8
Likelihood function cleared because partition index '0' points to invalid components
The tips of the tree:TGarxyod.tree_id_0 were matched with the species names from the data in the following numeric order (0-based) {0,3,1,2,4,5}

Pseudo-optimal path's cost 810 vs 1108 for 1..k=> a 1.3679 x improvement
Partition 0 is ASSUMED to have a reversible model
relax.reference.theta_AC was already constrained in estimators.SetGlobals2
relax.reference.theta_AG was already constrained in estimators.SetGlobals2
relax.reference.theta_AT was already constrained in estimators.SetGlobals2
relax.reference.theta_CG was already constrained in estimators.SetGlobals2
relax.reference.theta_CT was already constrained in estimators.SetGlobals2
relax.reference.theta_GT was already constrained in estimators.SetGlobals2
relax.test.bsrel_mixture_aux_0 was already constrained in estimators.SetGlobals2
relax.test.bsrel_mixture_aux_1 was already constrained in estimators.SetGlobals2
relax.test.theta_AG was already constrained in estimators.SetGlobals2
relax.test.omega1 was already constrained in estimators.SetGlobals2
relax.test.omega2 was already constrained in estimators.SetGlobals2
relax.test.omega3 was already constrained in estimators.SetGlobals2
Variable 'TGarxyod.tree_id_0.Lyrurus_tetrix.t' was not initialized prior to being used
models.generic.SetBranchLength: TGarxyod.tree_id_0.Lyrurus_tetrix.t=40.0175076690554
Variable 'TGarxyod.tree_id_0.Oxyura_jamaicensis.t' was not initialized prior to being used
models.generic.SetBranchLength: TGarxyod.tree_id_0.Oxyura_jamaicensis.t=0.2302151521188021
Variable 'TGarxyod.tree_id_0.Cygnus_atratus.t' was not initialized prior to being used
models.generic.SetBranchLength: TGarxyod.tree_id_0.Cygnus_atratus.t=0.03133288279277811
Variable 'TGarxyod.tree_id_0.Anser_cygnoides.t' was not initialized prior to being used
models.generic.SetBranchLength: TGarxyod.tree_id_0.Anser_cygnoides.t=0.09364094942904576
Variable 'TGarxyod.tree_id_0.Node5.t' was not initialized prior to being used
models.generic.SetBranchLength: TGarxyod.tree_id_0.Node5.t=0.05618765895781119
Variable 'TGarxyod.tree_id_0.Node3.t' was not initialized prior to being used
models.generic.SetBranchLength: TGarxyod.tree_id_0.Node3.t=0
Variable 'TGarxyod.tree_id_0.Aythya_fuligula.t' was not initialized prior to being used
models.generic.SetBranchLength: TGarxyod.tree_id_0.Aythya_fuligula.t=0.0621994113632415
Variable 'TGarxyod.tree_id_0.Anas_platyrhynchos.t' was not initialized prior to being used
models.generic.SetBranchLength: TGarxyod.tree_id_0.Anas_platyrhynchos.t=0.09456678001674679
Variable 'TGarxyod.tree_id_0.Node8.t' was not initialized prior to being used
models.generic.SetBranchLength: TGarxyod.tree_id_0.Node8.t=0.2001106446594384
Auto-benchmarked an optimal number (5) of threads.
Set GUI update interval to every 78-th LF evaluation.
Optimization settings:
	OPTIMIZATION_METHOD = 4
	OPTIMIZATION_PRECISION = 0.001
	MAXIMUM_ITERATIONS_PER_VARIABLE = 5000

Initial parameter values

relax.reference.omega3 = 1.15901
relax.reference.omega2 = 1
relax.reference.bsrel_mixture_aux_0 = 0.419353
relax.test.theta_GT = 0.169348
relax.reference.omega1 = 0
relax.reference.bsrel_mixture_aux_1 = 0.697377
relax.test.theta_CT = 1.03738
relax.test.theta_AC = 0.114249
relax.test.theta_AT = 0.207858
relax.test.theta_CG = 0.142327
relax.K = 1
TGarxyod.tree_id_0.Lyrurus_tetrix.t = 40.0175
TGarxyod.tree_id_0.Oxyura_jamaicensis.t = 0.230215
TGarxyod.tree_id_0.Cygnus_atratus.t = 0.0313329
TGarxyod.tree_id_0.Anser_cygnoides.t = 0.0936409
TGarxyod.tree_id_0.Node5.t = 0.0561877
TGarxyod.tree_id_0.Node3.t = 0
TGarxyod.tree_id_0.Aythya_fuligula.t = 0.0621994
TGarxyod.tree_id_0.Anas_platyrhynchos.t = 0.0945668
TGarxyod.tree_id_0.Node8.t = 0.200111
Optimization finished in 102 loop passes.
7993 likelihood evaluation calls and 157305 matrix exponentiations calls were made

Variable 'wnnWLwoR.TGarxyod.likelihoodFunction' was not initialized prior to being used
Auto-benchmarked an optimal number (5) of threads.
Set GUI update interval to every 123-th LF evaluation.
Optimization settings:
	OPTIMIZATION_METHOD = 4
	OPTIMIZATION_PRECISION = 0.001
	MAXIMUM_ITERATIONS_PER_VARIABLE = 5000

Initial parameter values

relax.reference.omega3 = 1.73976
relax.reference.omega2 = 1
relax.reference.bsrel_mixture_aux_0 = 0.63526
relax.test.theta_GT = 0.209177
relax.reference.omega1 = 0.0967509
relax.reference.bsrel_mixture_aux_1 = 0.301212
relax.test.theta_CT = 0.961161
relax.test.theta_AC = 0.239858
relax.test.theta_AT = 0.388552
relax.test.theta_CG = 0.291097
TGarxyod.tree_id_0.Lyrurus_tetrix.t = 1.31647
TGarxyod.tree_id_0.Oxyura_jamaicensis.t = 0.0663494
TGarxyod.tree_id_0.Cygnus_atratus.t = 0.00906061
TGarxyod.tree_id_0.Anser_cygnoides.t = 0.0268951
TGarxyod.tree_id_0.Node5.t = 0.017037
TGarxyod.tree_id_0.Node3.t = 0
TGarxyod.tree_id_0.Aythya_fuligula.t = 0.0179552
TGarxyod.tree_id_0.Anas_platyrhynchos.t = 0.0272822
TGarxyod.tree_id_0.Node8.t = 0.0571027
Optimization finished in 3 loop passes.
235 likelihood evaluation calls and 4572 matrix exponentiations calls were made

Variable 'USE_JSON_FOR_MATRIX' was not initialized prior to being used