
Loaded 'libv3/all-terms.bf' from /usr/local/lib/hyphy/TemplateBatchFiles/libv3/all-terms.bf
Loaded 'libv3/UtilityFunctions.bf' from /usr/local/lib/hyphy/TemplateBatchFiles/libv3/UtilityFunctions.bf
Loaded 'IOFunctions.bf' from /usr/local/lib/hyphy/TemplateBatchFiles/libv3/IOFunctions.bf
Already loaded 'libv3/UtilityFunctions.bf' from /usr/local/lib/hyphy/TemplateBatchFiles/libv3/UtilityFunctions.bf
Loaded 'convenience/regexp.bf' from /usr/local/lib/hyphy/TemplateBatchFiles/libv3/convenience/regexp.bf
Already loaded 'libv3/all-terms.bf' from /usr/local/lib/hyphy/TemplateBatchFiles/libv3/all-terms.bf
Already loaded 'libv3/IOFunctions.bf' from /usr/local/lib/hyphy/TemplateBatchFiles/libv3/IOFunctions.bf
Loaded 'libv3/models/codon/MG_REV.bf' from /usr/local/lib/hyphy/TemplateBatchFiles/libv3/models/codon/MG_REV.bf
Loaded '../codon.bf' from /usr/local/lib/hyphy/TemplateBatchFiles/libv3/models/codon.bf
Loaded '../tasks/genetic_code.bf' from /usr/local/lib/hyphy/TemplateBatchFiles/libv3/tasks/genetic_code.bf
Loaded 'libv3/convenience/matrix.bf' from /usr/local/lib/hyphy/TemplateBatchFiles/libv3/convenience/matrix.bf
Already loaded 'libv3/UtilityFunctions.bf' from /usr/local/lib/hyphy/TemplateBatchFiles/libv3/UtilityFunctions.bf
Already loaded 'libv3/all-terms.bf' from /usr/local/lib/hyphy/TemplateBatchFiles/libv3/all-terms.bf
Already loaded '../UtilityFunctions.bf' from /usr/local/lib/hyphy/TemplateBatchFiles/libv3/UtilityFunctions.bf
Loaded '../DNA.bf' from /usr/local/lib/hyphy/TemplateBatchFiles/libv3/models/DNA.bf
Loaded 'frequencies.bf' from /usr/local/lib/hyphy/TemplateBatchFiles/libv3/models/frequencies.bf
Already loaded '../all-terms.bf' from /usr/local/lib/hyphy/TemplateBatchFiles/libv3/all-terms.bf
Loaded 'parameters.bf' from /usr/local/lib/hyphy/TemplateBatchFiles/libv3/models/parameters.bf
Loaded 'GrabBag' from /usr/local/lib/hyphy/TemplateBatchFiles/Utility/GrabBag.bf
Overwritten previously defined function:'_sortStringsAux'
Already loaded 'libv3/all-terms.bf' from /usr/local/lib/hyphy/TemplateBatchFiles/libv3/all-terms.bf
Already loaded '../UtilityFunctions.bf' from /usr/local/lib/hyphy/TemplateBatchFiles/libv3/UtilityFunctions.bf
Loaded 'model_functions.bf' from /usr/local/lib/hyphy/TemplateBatchFiles/libv3/models/model_functions.bf
Already loaded 'DNA.bf' from /usr/local/lib/hyphy/TemplateBatchFiles/libv3/models/DNA.bf
Already loaded 'parameters.bf' from /usr/local/lib/hyphy/TemplateBatchFiles/libv3/models/parameters.bf
Already loaded 'frequencies.bf' from /usr/local/lib/hyphy/TemplateBatchFiles/libv3/models/frequencies.bf
Already loaded '../UtilityFunctions.bf' from /usr/local/lib/hyphy/TemplateBatchFiles/libv3/UtilityFunctions.bf
Already loaded '../convenience/regexp.bf' from /usr/local/lib/hyphy/TemplateBatchFiles/libv3/convenience/regexp.bf
Already loaded 'libv3/all-terms.bf' from /usr/local/lib/hyphy/TemplateBatchFiles/libv3/all-terms.bf
Already loaded '../parameters.bf' from /usr/local/lib/hyphy/TemplateBatchFiles/libv3/models/parameters.bf
Already loaded '../frequencies.bf' from /usr/local/lib/hyphy/TemplateBatchFiles/libv3/models/frequencies.bf
Already loaded '../../UtilityFunctions.bf' from /usr/local/lib/hyphy/TemplateBatchFiles/libv3/UtilityFunctions.bf
Loaded 'libv3/tasks/estimators.bf' from /usr/local/lib/hyphy/TemplateBatchFiles/libv3/tasks/estimators.bf
Already loaded '../models/model_functions.bf' from /usr/local/lib/hyphy/TemplateBatchFiles/libv3/models/model_functions.bf
Loaded '../models/DNA/GTR.bf' from /usr/local/lib/hyphy/TemplateBatchFiles/libv3/models/DNA/GTR.bf
Already loaded '../DNA.bf' from /usr/local/lib/hyphy/TemplateBatchFiles/libv3/models/DNA.bf
Already loaded '../parameters.bf' from /usr/local/lib/hyphy/TemplateBatchFiles/libv3/models/parameters.bf
Already loaded '../frequencies.bf' from /usr/local/lib/hyphy/TemplateBatchFiles/libv3/models/frequencies.bf
Already loaded '../../UtilityFunctions.bf' from /usr/local/lib/hyphy/TemplateBatchFiles/libv3/UtilityFunctions.bf
Already loaded 'libv3/all-terms.bf' from /usr/local/lib/hyphy/TemplateBatchFiles/libv3/all-terms.bf
Already loaded '../convenience/regexp.bf' from /usr/local/lib/hyphy/TemplateBatchFiles/libv3/convenience/regexp.bf
Already loaded 'libv3/all-terms.bf' from /usr/local/lib/hyphy/TemplateBatchFiles/libv3/all-terms.bf
Loaded 'libv3/tasks/alignments.bf' from /usr/local/lib/hyphy/TemplateBatchFiles/libv3/tasks/alignments.bf
Already loaded '../IOFunctions.bf' from /usr/local/lib/hyphy/TemplateBatchFiles/libv3/IOFunctions.bf
Already loaded '../all-terms.bf' from /usr/local/lib/hyphy/TemplateBatchFiles/libv3/all-terms.bf
Loaded 'libv3/tasks/trees.bf' from /usr/local/lib/hyphy/TemplateBatchFiles/libv3/tasks/trees.bf
Already loaded '../IOFunctions.bf' from /usr/local/lib/hyphy/TemplateBatchFiles/libv3/IOFunctions.bf
Already loaded '../all-terms.bf' from /usr/local/lib/hyphy/TemplateBatchFiles/libv3/all-terms.bf
Already loaded '../convenience/regexp.bf' from /usr/local/lib/hyphy/TemplateBatchFiles/libv3/convenience/regexp.bf
Already loaded '../UtilityFunctions.bf' from /usr/local/lib/hyphy/TemplateBatchFiles/libv3/UtilityFunctions.bf
Loaded 'TreeTools' from /usr/local/lib/hyphy/TemplateBatchFiles/TreeTools.ibf
Loaded 'modules/io_functions.ibf' from /usr/local/lib/hyphy/TemplateBatchFiles/SelectionAnalyses/modules/io_functions.ibf
Already loaded 'libv3/UtilityFunctions.bf' from /usr/local/lib/hyphy/TemplateBatchFiles/libv3/UtilityFunctions.bf
Already loaded 'libv3/IOFunctions.bf' from /usr/local/lib/hyphy/TemplateBatchFiles/libv3/IOFunctions.bf
Already loaded 'libv3/convenience/regexp.bf' from /usr/local/lib/hyphy/TemplateBatchFiles/libv3/convenience/regexp.bf
Already loaded 'libv3/all-terms.bf' from /usr/local/lib/hyphy/TemplateBatchFiles/libv3/all-terms.bf
Loaded 'modules/selection_lib.ibf' from /usr/local/lib/hyphy/TemplateBatchFiles/SelectionAnalyses/modules/selection_lib.ibf
Loaded 'libv3/models/codon/BS_REL.bf' from /usr/local/lib/hyphy/TemplateBatchFiles/libv3/models/codon/BS_REL.bf
Already loaded '../codon.bf' from /usr/local/lib/hyphy/TemplateBatchFiles/libv3/models/codon.bf
Already loaded '../DNA.bf' from /usr/local/lib/hyphy/TemplateBatchFiles/libv3/models/DNA.bf
Already loaded '../parameters.bf' from /usr/local/lib/hyphy/TemplateBatchFiles/libv3/models/parameters.bf
Already loaded '../frequencies.bf' from /usr/local/lib/hyphy/TemplateBatchFiles/libv3/models/frequencies.bf
Already loaded '../../UtilityFunctions.bf' from /usr/local/lib/hyphy/TemplateBatchFiles/libv3/UtilityFunctions.bf
Already loaded 'MG_REV.bf' from /usr/local/lib/hyphy/TemplateBatchFiles/libv3/models/codon/MG_REV.bf
Loaded '../../convenience/math.bf' from /usr/local/lib/hyphy/TemplateBatchFiles/libv3/convenience/math.bf
Already loaded 'libv3/UtilityFunctions.bf' from /usr/local/lib/hyphy/TemplateBatchFiles/libv3/UtilityFunctions.bf
Already loaded 'libv3/convenience/math.bf' from /usr/local/lib/hyphy/TemplateBatchFiles/libv3/convenience/math.bf
Loaded 'libv3/tasks/mpi.bf' from /usr/local/lib/hyphy/TemplateBatchFiles/libv3/tasks/mpi.bf
Already loaded '../all-terms.bf' from /usr/local/lib/hyphy/TemplateBatchFiles/libv3/all-terms.bf
Already loaded '../models/parameters.bf' from /usr/local/lib/hyphy/TemplateBatchFiles/libv3/models/parameters.bf
Variable 'NORMALIZE_SEQUENCE_NAMES' was not initialized prior to being used
Variable 'ASSUME_REVERSIBLE_MODELS' was not initialized prior to being used
Loaded 'modules/shared-load-file.bf' from /usr/local/lib/hyphy/TemplateBatchFiles/SelectionAnalyses/modules/shared-load-file.bf
Variable 'MARKDOWN_OUTPUT' was not initialized prior to being used
Already loaded 'libv3/convenience/matrix.bf' from /usr/local/lib/hyphy/TemplateBatchFiles/libv3/convenience/matrix.bf
Already loaded 'libv3/UtilityFunctions.bf' from /usr/local/lib/hyphy/TemplateBatchFiles/libv3/UtilityFunctions.bf
Variable 'HIKWxTrN.skipCodeSelectionStep' was not initialized prior to being used
Row and/or column partition is empty. All the data will be used by default.
Variable 'NEXUS_FILE_TREE_MATRIX' was not initialized prior to being used
Variable 'utility.ToggleEnvVariable.cache' was not initialized prior to being used
Variable 'TREE_NODE_NAME_MAPPING' was not initialized prior to being used
Variable 'tHmHRHYq.PROMPT_FOR_FILE' was not initialized prior to being used
Variable 'END_OF_FILE' was not initialized prior to being used
Variable '_DO_TREE_REBALANCE_' was not initialized prior to being used
Variable '_KEEP_I_LABELS_' was not initialized prior to being used
Rooted topology. Removing one branch - the left root child has been promoted to be the new root
Variable 'INCLUDE_MODEL_SPECS' was not initialized prior to being used
Variable 'utility.ForEachPair.warn_non_rentrant' was not initialized prior to being used
Row and/or column partition is empty. All the data will be used by default.
Row and/or column partition is empty. All the data will be used by default.
Loaded 'modules/grid_compute.ibf' from /usr/local/lib/hyphy/TemplateBatchFiles/SelectionAnalyses/modules/grid_compute.ibf
Variable 'XqRLwGHV.cache' was not initialized prior to being used
Row and/or column partition is empty. All the data will be used by default.
Variable 'COUNT_GAPS_IN_FREQUENCIES' was not initialized prior to being used
Variable 'tpOjaMBG.model_pi' was not initialized prior to being used
Model tpOjaMBG.model assigned to Suricata_suricatta
Model tpOjaMBG.model assigned to Panthera_tigris
Model tpOjaMBG.model assigned to Panthera_pardus
Model tpOjaMBG.model assigned to Panthera_leo
Model tpOjaMBG.model assigned to Node6
Model tpOjaMBG.model assigned to Node4
Model tpOjaMBG.model assigned to Lynx_lynx
Model tpOjaMBG.model assigned to Felis_catus
Model tpOjaMBG.model assigned to Node11
Model tpOjaMBG.model assigned to Puma_concolor
Model tpOjaMBG.model assigned to Node10
Model tpOjaMBG.model assigned to Acinonyx_jubatus
Model tpOjaMBG.model assigned to Node9
Model tpOjaMBG.model assigned to Node3
Model tpOjaMBG.model assigned to Canis_lupus
Model tpOjaMBG.model assigned to Vulpes_vulpes
Model tpOjaMBG.model assigned to Node17
Model tpOjaMBG.model assigned to Enhydra_lutris
Model tpOjaMBG.model assigned to Lontra_canadensis
Model tpOjaMBG.model assigned to Node23
Model tpOjaMBG.model assigned to Neovison_vison
Model tpOjaMBG.model assigned to Mustela_putorius
Model tpOjaMBG.model assigned to Node26
Model tpOjaMBG.model assigned to Node22
Model tpOjaMBG.model assigned to Callorhinus_ursinus
Model tpOjaMBG.model assigned to Zalophus_californianus
Model tpOjaMBG.model assigned to Eumetopias_jubatus
Model tpOjaMBG.model assigned to Node33
Model tpOjaMBG.model assigned to Node31
Model tpOjaMBG.model assigned to Odobenus_rosmarus
Model tpOjaMBG.model assigned to Node30
Model tpOjaMBG.model assigned to Leptonychotes_weddellii
Model tpOjaMBG.model assigned to Mirounga_leonina
Model tpOjaMBG.model assigned to Node39
Model tpOjaMBG.model assigned to Monachus_schauinslandi
Model tpOjaMBG.model assigned to Node38
Model tpOjaMBG.model assigned to Phoca_vitulina
Model tpOjaMBG.model assigned to Node37
Model tpOjaMBG.model assigned to Node29
Model tpOjaMBG.model assigned to Node21
Model tpOjaMBG.model assigned to Ailuropoda_melanoleuca
Model tpOjaMBG.model assigned to Ursus_thibetanus
Model tpOjaMBG.model assigned to Ursus_americanus
Model tpOjaMBG.model assigned to Node47
Model tpOjaMBG.model assigned to Ursus_arctos
Model tpOjaMBG.model assigned to Ursus_maritimus
Model tpOjaMBG.model assigned to Node50
Model tpOjaMBG.model assigned to Node46
Model tpOjaMBG.model assigned to Node44
Model tpOjaMBG.model assigned to Node20
Model tpOjaMBG.model assigned to Node16
The tips of the tree:tpOjaMBG.tree_0 were matched with the species names from the data in the following numeric order (0-based) {7,5,4,6,3,2,0,1,25,26,21,22,23,24,8,9,10,11,14,15,13,12,20,18,19,16,17}

Pseudo-optimal path's cost 3920 vs 7714 for 1..k=> a 1.96786 x improvement
Partition 0 is ASSUMED to have a reversible model
Variable 'USE_LAST_RESULTS' was not initialized prior to being used
Variable 'tpOjaMBG.tree_0.Suricata_suricatta.t' was not initialized prior to being used
models.generic.SetBranchLength: tpOjaMBG.tree_0.Suricata_suricatta.t=106.7869960737713
Variable 'tpOjaMBG.tree_0.Panthera_tigris.t' was not initialized prior to being used
models.generic.SetBranchLength: tpOjaMBG.tree_0.Panthera_tigris.t=19.83813636619108
Variable 'tpOjaMBG.tree_0.Panthera_pardus.t' was not initialized prior to being used
models.generic.SetBranchLength: tpOjaMBG.tree_0.Panthera_pardus.t=10.23703423874789
Variable 'tpOjaMBG.tree_0.Panthera_leo.t' was not initialized prior to being used
models.generic.SetBranchLength: tpOjaMBG.tree_0.Panthera_leo.t=10.23703423874789
Variable 'tpOjaMBG.tree_0.Node6.t' was not initialized prior to being used
models.generic.SetBranchLength: tpOjaMBG.tree_0.Node6.t=9.601102127443186
Variable 'tpOjaMBG.tree_0.Node4.t' was not initialized prior to being used
models.generic.SetBranchLength: tpOjaMBG.tree_0.Node4.t=20.77569929424233
Variable 'tpOjaMBG.tree_0.Lynx_lynx.t' was not initialized prior to being used
models.generic.SetBranchLength: tpOjaMBG.tree_0.Lynx_lynx.t=28.90475081696067
Variable 'tpOjaMBG.tree_0.Felis_catus.t' was not initialized prior to being used
models.generic.SetBranchLength: tpOjaMBG.tree_0.Felis_catus.t=28.90475081696067
Variable 'tpOjaMBG.tree_0.Node11.t' was not initialized prior to being used
models.generic.SetBranchLength: tpOjaMBG.tree_0.Node11.t=1.930591128917865
Variable 'tpOjaMBG.tree_0.Puma_concolor.t' was not initialized prior to being used
models.generic.SetBranchLength: tpOjaMBG.tree_0.Puma_concolor.t=30.83534194587853
Variable 'tpOjaMBG.tree_0.Node10.t' was not initialized prior to being used
models.generic.SetBranchLength: tpOjaMBG.tree_0.Node10.t=3.957413667129678
Variable 'tpOjaMBG.tree_0.Acinonyx_jubatus.t' was not initialized prior to being used
models.generic.SetBranchLength: tpOjaMBG.tree_0.Acinonyx_jubatus.t=34.7927556130082
Variable 'tpOjaMBG.tree_0.Node9.t' was not initialized prior to being used
models.generic.SetBranchLength: tpOjaMBG.tree_0.Node9.t=5.821080047425203
Variable 'tpOjaMBG.tree_0.Node3.t' was not initialized prior to being used
models.generic.SetBranchLength: tpOjaMBG.tree_0.Node3.t=66.17316041333794
Variable 'tpOjaMBG.tree_0.Canis_lupus.t' was not initialized prior to being used
models.generic.SetBranchLength: tpOjaMBG.tree_0.Canis_lupus.t=37.87938020720424
Variable 'tpOjaMBG.tree_0.Vulpes_vulpes.t' was not initialized prior to being used
models.generic.SetBranchLength: tpOjaMBG.tree_0.Vulpes_vulpes.t=37.87938020720424
Variable 'tpOjaMBG.tree_0.Node17.t' was not initialized prior to being used
models.generic.SetBranchLength: tpOjaMBG.tree_0.Node17.t=83.97113852601829
Variable 'tpOjaMBG.tree_0.Enhydra_lutris.t' was not initialized prior to being used
models.generic.SetBranchLength: tpOjaMBG.tree_0.Enhydra_lutris.t=26.93310423641945
Variable 'tpOjaMBG.tree_0.Lontra_canadensis.t' was not initialized prior to being used
models.generic.SetBranchLength: tpOjaMBG.tree_0.Lontra_canadensis.t=26.93310423641945
Variable 'tpOjaMBG.tree_0.Node23.t' was not initialized prior to being used
models.generic.SetBranchLength: tpOjaMBG.tree_0.Node23.t=19.90329755032237
Variable 'tpOjaMBG.tree_0.Neovison_vison.t' was not initialized prior to being used
models.generic.SetBranchLength: tpOjaMBG.tree_0.Neovison_vison.t=22.1518968475087
Variable 'tpOjaMBG.tree_0.Mustela_putorius.t' was not initialized prior to being used
models.generic.SetBranchLength: tpOjaMBG.tree_0.Mustela_putorius.t=22.1518968475087
Variable 'tpOjaMBG.tree_0.Node26.t' was not initialized prior to being used
models.generic.SetBranchLength: tpOjaMBG.tree_0.Node26.t=24.68450493923311
Variable 'tpOjaMBG.tree_0.Node22.t' was not initialized prior to being used
models.generic.SetBranchLength: tpOjaMBG.tree_0.Node22.t=59.7542108066299
Variable 'tpOjaMBG.tree_0.Callorhinus_ursinus.t' was not initialized prior to being used
models.generic.SetBranchLength: tpOjaMBG.tree_0.Callorhinus_ursinus.t=25.74822527506349
Variable 'tpOjaMBG.tree_0.Zalophus_californianus.t' was not initialized prior to being used
models.generic.SetBranchLength: tpOjaMBG.tree_0.Zalophus_californianus.t=15.13627118008998
Variable 'tpOjaMBG.tree_0.Eumetopias_jubatus.t' was not initialized prior to being used
models.generic.SetBranchLength: tpOjaMBG.tree_0.Eumetopias_jubatus.t=15.13627118008998
Variable 'tpOjaMBG.tree_0.Node33.t' was not initialized prior to being used
models.generic.SetBranchLength: tpOjaMBG.tree_0.Node33.t=10.61195409497352
Variable 'tpOjaMBG.tree_0.Node31.t' was not initialized prior to being used
models.generic.SetBranchLength: tpOjaMBG.tree_0.Node31.t=26.35960839415375
Variable 'tpOjaMBG.tree_0.Odobenus_rosmarus.t' was not initialized prior to being used
models.generic.SetBranchLength: tpOjaMBG.tree_0.Odobenus_rosmarus.t=52.10783366921724
Variable 'tpOjaMBG.tree_0.Node30.t' was not initialized prior to being used
models.generic.SetBranchLength: tpOjaMBG.tree_0.Node30.t=17.43825851552693
Variable 'tpOjaMBG.tree_0.Leptonychotes_weddellii.t' was not initialized prior to being used
models.generic.SetBranchLength: tpOjaMBG.tree_0.Leptonychotes_weddellii.t=29.62867766117744
Variable 'tpOjaMBG.tree_0.Mirounga_leonina.t' was not initialized prior to being used
models.generic.SetBranchLength: tpOjaMBG.tree_0.Mirounga_leonina.t=29.62867766117744
Variable 'tpOjaMBG.tree_0.Node39.t' was not initialized prior to being used
models.generic.SetBranchLength: tpOjaMBG.tree_0.Node39.t=6.415504963320406
Variable 'tpOjaMBG.tree_0.Monachus_schauinslandi.t' was not initialized prior to being used
models.generic.SetBranchLength: tpOjaMBG.tree_0.Monachus_schauinslandi.t=36.04418262449784
Variable 'tpOjaMBG.tree_0.Node38.t' was not initialized prior to being used
models.generic.SetBranchLength: tpOjaMBG.tree_0.Node38.t=13.2281456264168
Variable 'tpOjaMBG.tree_0.Phoca_vitulina.t' was not initialized prior to being used
models.generic.SetBranchLength: tpOjaMBG.tree_0.Phoca_vitulina.t=49.27232825091465
Variable 'tpOjaMBG.tree_0.Node37.t' was not initialized prior to being used
models.generic.SetBranchLength: tpOjaMBG.tree_0.Node37.t=20.27376393382953
Variable 'tpOjaMBG.tree_0.Node29.t' was not initialized prior to being used
models.generic.SetBranchLength: tpOjaMBG.tree_0.Node29.t=37.04452040862753
Variable 'tpOjaMBG.tree_0.Node21.t' was not initialized prior to being used
models.generic.SetBranchLength: tpOjaMBG.tree_0.Node21.t=0.1787533755663859
Variable 'tpOjaMBG.tree_0.Ailuropoda_melanoleuca.t' was not initialized prior to being used
models.generic.SetBranchLength: tpOjaMBG.tree_0.Ailuropoda_melanoleuca.t=62.52695322515463
Variable 'tpOjaMBG.tree_0.Ursus_thibetanus.t' was not initialized prior to being used
models.generic.SetBranchLength: tpOjaMBG.tree_0.Ursus_thibetanus.t=13.63765991954844
Variable 'tpOjaMBG.tree_0.Ursus_americanus.t' was not initialized prior to being used
models.generic.SetBranchLength: tpOjaMBG.tree_0.Ursus_americanus.t=13.63765991954844
Variable 'tpOjaMBG.tree_0.Node47.t' was not initialized prior to being used
models.generic.SetBranchLength: tpOjaMBG.tree_0.Node47.t=3.598330590058372
Variable 'tpOjaMBG.tree_0.Ursus_arctos.t' was not initialized prior to being used
models.generic.SetBranchLength: tpOjaMBG.tree_0.Ursus_arctos.t=2.914438859761108
Variable 'tpOjaMBG.tree_0.Ursus_maritimus.t' was not initialized prior to being used
models.generic.SetBranchLength: tpOjaMBG.tree_0.Ursus_maritimus.t=2.914438859761108
Variable 'tpOjaMBG.tree_0.Node50.t' was not initialized prior to being used
models.generic.SetBranchLength: tpOjaMBG.tree_0.Node50.t=14.32155164984571
Variable 'tpOjaMBG.tree_0.Node46.t' was not initialized prior to being used
models.generic.SetBranchLength: tpOjaMBG.tree_0.Node46.t=45.29096274231147
Variable 'tpOjaMBG.tree_0.Node44.t' was not initialized prior to being used
models.generic.SetBranchLength: tpOjaMBG.tree_0.Node44.t=44.24241271701982
Variable 'tpOjaMBG.tree_0.Node20.t' was not initialized prior to being used
models.generic.SetBranchLength: tpOjaMBG.tree_0.Node20.t=15.08115276428443
Variable 'tpOjaMBG.tree_0.Node16.t' was not initialized prior to being used
models.generic.SetBranchLength: tpOjaMBG.tree_0.Node16.t=23.53352953771133
Variable 'tpOjaMBG.tpOjaMBG.likelihoodFunction' was not initialized prior to being used
Variable 'SAVE_OPT_STATUS_TO' was not initialized prior to being used
Auto-benchmarked an optimal number (2) of threads.
Set GUI update interval to every 1748-th LF evaluation.
Optimization settings:
	OPTIMIZATION_METHOD = 4
	OPTIMIZATION_PRECISION = 0.001
	MAXIMUM_ITERATIONS_PER_VARIABLE = 5000

Initial parameter values

tpOjaMBG.model.theta_CT = 1
tpOjaMBG.model.theta_GT = 0.25
tpOjaMBG.model.theta_CG = 0.25
tpOjaMBG.model.theta_AC = 0.25
tpOjaMBG.model.theta_AT = 0.25
tpOjaMBG.tree_0.Suricata_suricatta.t = 106.787
tpOjaMBG.tree_0.Panthera_tigris.t = 19.8381
tpOjaMBG.tree_0.Panthera_pardus.t = 10.237
tpOjaMBG.tree_0.Panthera_leo.t = 10.237
tpOjaMBG.tree_0.Node6.t = 9.6011
tpOjaMBG.tree_0.Node4.t = 20.7757
tpOjaMBG.tree_0.Lynx_lynx.t = 28.9048
tpOjaMBG.tree_0.Felis_catus.t = 28.9048
tpOjaMBG.tree_0.Node11.t = 1.93059
tpOjaMBG.tree_0.Puma_concolor.t = 30.8353
tpOjaMBG.tree_0.Node10.t = 3.95741
tpOjaMBG.tree_0.Acinonyx_jubatus.t = 34.7928
tpOjaMBG.tree_0.Node9.t = 5.82108
tpOjaMBG.tree_0.Node3.t = 66.1732
tpOjaMBG.tree_0.Canis_lupus.t = 37.8794
tpOjaMBG.tree_0.Vulpes_vulpes.t = 37.8794
tpOjaMBG.tree_0.Node17.t = 83.9711
tpOjaMBG.tree_0.Enhydra_lutris.t = 26.9331
tpOjaMBG.tree_0.Lontra_canadensis.t = 26.9331
tpOjaMBG.tree_0.Node23.t = 19.9033
tpOjaMBG.tree_0.Neovison_vison.t = 22.1519
tpOjaMBG.tree_0.Mustela_putorius.t = 22.1519
tpOjaMBG.tree_0.Node26.t = 24.6845
tpOjaMBG.tree_0.Node22.t = 59.7542
tpOjaMBG.tree_0.Callorhinus_ursinus.t = 25.7482
tpOjaMBG.tree_0.Zalophus_californianus.t = 15.1363
tpOjaMBG.tree_0.Eumetopias_jubatus.t = 15.1363
tpOjaMBG.tree_0.Node33.t = 10.612
tpOjaMBG.tree_0.Node31.t = 26.3596
tpOjaMBG.tree_0.Odobenus_rosmarus.t = 52.1078
tpOjaMBG.tree_0.Node30.t = 17.4383
tpOjaMBG.tree_0.Leptonychotes_weddellii.t = 29.6287
tpOjaMBG.tree_0.Mirounga_leonina.t = 29.6287
tpOjaMBG.tree_0.Node39.t = 6.4155
tpOjaMBG.tree_0.Monachus_schauinslandi.t = 36.0442
tpOjaMBG.tree_0.Node38.t = 13.2281
tpOjaMBG.tree_0.Phoca_vitulina.t = 49.2723
tpOjaMBG.tree_0.Node37.t = 20.2738
tpOjaMBG.tree_0.Node29.t = 37.0445
tpOjaMBG.tree_0.Node21.t = 0.178753
tpOjaMBG.tree_0.Ailuropoda_melanoleuca.t = 62.527
tpOjaMBG.tree_0.Ursus_thibetanus.t = 13.6377
tpOjaMBG.tree_0.Ursus_americanus.t = 13.6377
tpOjaMBG.tree_0.Node47.t = 3.59833
tpOjaMBG.tree_0.Ursus_arctos.t = 2.91444
tpOjaMBG.tree_0.Ursus_maritimus.t = 2.91444
tpOjaMBG.tree_0.Node50.t = 14.3216
tpOjaMBG.tree_0.Node46.t = 45.291
tpOjaMBG.tree_0.Node44.t = 44.2424
tpOjaMBG.tree_0.Node20.t = 15.0812
tpOjaMBG.tree_0.Node16.t = 23.5335
Site 118 evaluated to a 0 probability in ComputeLLWithBranchCache
Site 133 evaluated to a 0 probability in ComputeLLWithBranchCache
Site 10 evaluated to a 0 probability in ComputeLLWithBranchCache
Optimization finished in 31 loop passes.
6067 likelihood evaluation calls and 52419 matrix exponentiations calls were made

Variable 'BRANCH_LENGTH_STENCIL' was not initialized prior to being used
Variable 'tpOjaMBG.option' was not initialized prior to being used
Variable 'relax.terms.json.nucleotide_gtr' was not initialized prior to being used
Variable 'Unknown' was not initialized prior to being used
Variable 'SWYgYmWg.initial_value' was not initialized prior to being used
Variable 'AQWRUvPc.data_filter' was not initialized prior to being used
Row and/or column partition is empty. All the data will be used by default.
Auto-benchmarked an optimal number (2) of threads.
Set GUI update interval to every 4310-th LF evaluation.
Optimization settings:
	OPTIMIZATION_METHOD = 4
	OPTIMIZATION_PRECISION = 0.001
	MAXIMUM_ITERATIONS_PER_VARIABLE = 5000

Initial parameter values

frequencies._aux.CF3x4.p0_0 = 0.226446
frequencies._aux.CF3x4.p0_1 = 0.373653
frequencies._aux.CF3x4.p0_2 = 0.586723
frequencies._aux.CF3x4.p1_0 = 0.291585
frequencies._aux.CF3x4.p1_1 = 0.341894
frequencies._aux.CF3x4.p1_2 = 0.393612
frequencies._aux.CF3x4.p2_0 = 0.150422
frequencies._aux.CF3x4.p2_1 = 0.376673
frequencies._aux.CF3x4.p2_2 = 0.564622
Optimization finished in 6 loop passes.
237 likelihood evaluation calls and 0 matrix exponentiations calls were made

Variable 'AQWRUvPc.model_MGREV_pi' was not initialized prior to being used
Model AQWRUvPc.model_MGREV assigned to Suricata_suricatta
Model AQWRUvPc.model_MGREV assigned to Panthera_tigris
Model AQWRUvPc.model_MGREV assigned to Panthera_pardus
Model AQWRUvPc.model_MGREV assigned to Panthera_leo
Model AQWRUvPc.model_MGREV assigned to Node6
Model AQWRUvPc.model_MGREV assigned to Node4
Model AQWRUvPc.model_MGREV assigned to Lynx_lynx
Model AQWRUvPc.model_MGREV assigned to Felis_catus
Model AQWRUvPc.model_MGREV assigned to Node11
Model AQWRUvPc.model_MGREV assigned to Puma_concolor
Model AQWRUvPc.model_MGREV assigned to Node10
Model AQWRUvPc.model_MGREV assigned to Acinonyx_jubatus
Model AQWRUvPc.model_MGREV assigned to Node9
Model AQWRUvPc.model_MGREV assigned to Node3
Model AQWRUvPc.model_MGREV assigned to Canis_lupus
Model AQWRUvPc.model_MGREV assigned to Vulpes_vulpes
Model AQWRUvPc.model_MGREV assigned to Node17
Model AQWRUvPc.model_MGREV assigned to Enhydra_lutris
Model AQWRUvPc.model_MGREV assigned to Lontra_canadensis
Model AQWRUvPc.model_MGREV assigned to Node23
Model AQWRUvPc.model_MGREV assigned to Neovison_vison
Model AQWRUvPc.model_MGREV assigned to Mustela_putorius
Model AQWRUvPc.model_MGREV assigned to Node26
Model AQWRUvPc.model_MGREV assigned to Node22
Model AQWRUvPc.model_MGREV assigned to Callorhinus_ursinus
Model AQWRUvPc.model_MGREV assigned to Zalophus_californianus
Model AQWRUvPc.model_MGREV assigned to Eumetopias_jubatus
Model AQWRUvPc.model_MGREV assigned to Node33
Model AQWRUvPc.model_MGREV assigned to Node31
Model AQWRUvPc.model_MGREV assigned to Odobenus_rosmarus
Model AQWRUvPc.model_MGREV assigned to Node30
Model AQWRUvPc.model_MGREV assigned to Leptonychotes_weddellii
Model AQWRUvPc.model_MGREV assigned to Mirounga_leonina
Model AQWRUvPc.model_MGREV assigned to Node39
Model AQWRUvPc.model_MGREV assigned to Monachus_schauinslandi
Model AQWRUvPc.model_MGREV assigned to Node38
Model AQWRUvPc.model_MGREV assigned to Phoca_vitulina
Model AQWRUvPc.model_MGREV assigned to Node37
Model AQWRUvPc.model_MGREV assigned to Node29
Model AQWRUvPc.model_MGREV assigned to Node21
Model AQWRUvPc.model_MGREV assigned to Ailuropoda_melanoleuca
Model AQWRUvPc.model_MGREV assigned to Ursus_thibetanus
Model AQWRUvPc.model_MGREV assigned to Ursus_americanus
Model AQWRUvPc.model_MGREV assigned to Node47
Model AQWRUvPc.model_MGREV assigned to Ursus_arctos
Model AQWRUvPc.model_MGREV assigned to Ursus_maritimus
Model AQWRUvPc.model_MGREV assigned to Node50
Model AQWRUvPc.model_MGREV assigned to Node46
Model AQWRUvPc.model_MGREV assigned to Node44
Model AQWRUvPc.model_MGREV assigned to Node20
Model AQWRUvPc.model_MGREV assigned to Node16
The tips of the tree:AQWRUvPc.tree_0 were matched with the species names from the data in the following numeric order (0-based) {7,5,4,6,3,2,0,1,25,26,21,22,23,24,8,9,10,11,14,15,13,12,20,18,19,16,17}

Pseudo-optimal path's cost 5608 vs 6748 for 1..k=> a 1.20328 x improvement
Partition 0 is ASSUMED to have a reversible model
Variable 'AQWRUvPc.AQWRUvPc.likelihoodFunction' was not initialized prior to being used
Variable 'AQWRUvPc.tree_0.Suricata_suricatta.alpha' was not initialized prior to being used
Variable 'AQWRUvPc.tree_0.Panthera_tigris.alpha' was not initialized prior to being used
Variable 'AQWRUvPc.tree_0.Panthera_pardus.alpha' was not initialized prior to being used
Variable 'AQWRUvPc.tree_0.Panthera_leo.alpha' was not initialized prior to being used
Variable 'AQWRUvPc.tree_0.Node6.alpha' was not initialized prior to being used
Variable 'AQWRUvPc.tree_0.Node4.alpha' was not initialized prior to being used
Variable 'AQWRUvPc.tree_0.Lynx_lynx.alpha' was not initialized prior to being used
Variable 'AQWRUvPc.tree_0.Felis_catus.alpha' was not initialized prior to being used
Variable 'AQWRUvPc.tree_0.Node11.alpha' was not initialized prior to being used
Variable 'AQWRUvPc.tree_0.Puma_concolor.alpha' was not initialized prior to being used
Variable 'AQWRUvPc.tree_0.Node10.alpha' was not initialized prior to being used
Variable 'AQWRUvPc.tree_0.Acinonyx_jubatus.alpha' was not initialized prior to being used
Variable 'AQWRUvPc.tree_0.Node9.alpha' was not initialized prior to being used
Variable 'AQWRUvPc.tree_0.Node3.alpha' was not initialized prior to being used
Variable 'AQWRUvPc.tree_0.Canis_lupus.alpha' was not initialized prior to being used
Variable 'AQWRUvPc.tree_0.Vulpes_vulpes.alpha' was not initialized prior to being used
Variable 'AQWRUvPc.tree_0.Node17.alpha' was not initialized prior to being used
Variable 'AQWRUvPc.tree_0.Enhydra_lutris.alpha' was not initialized prior to being used
Variable 'AQWRUvPc.tree_0.Lontra_canadensis.alpha' was not initialized prior to being used
Variable 'AQWRUvPc.tree_0.Node23.alpha' was not initialized prior to being used
Variable 'AQWRUvPc.tree_0.Neovison_vison.alpha' was not initialized prior to being used
Variable 'AQWRUvPc.tree_0.Mustela_putorius.alpha' was not initialized prior to being used
Variable 'AQWRUvPc.tree_0.Node26.alpha' was not initialized prior to being used
Variable 'AQWRUvPc.tree_0.Node22.alpha' was not initialized prior to being used
Variable 'AQWRUvPc.tree_0.Callorhinus_ursinus.alpha' was not initialized prior to being used
Variable 'AQWRUvPc.tree_0.Zalophus_californianus.alpha' was not initialized prior to being used
Variable 'AQWRUvPc.tree_0.Eumetopias_jubatus.alpha' was not initialized prior to being used
Variable 'AQWRUvPc.tree_0.Node33.alpha' was not initialized prior to being used
Variable 'AQWRUvPc.tree_0.Node31.alpha' was not initialized prior to being used
Variable 'AQWRUvPc.tree_0.Odobenus_rosmarus.alpha' was not initialized prior to being used
Variable 'AQWRUvPc.tree_0.Node30.alpha' was not initialized prior to being used
Variable 'AQWRUvPc.tree_0.Leptonychotes_weddellii.alpha' was not initialized prior to being used
Variable 'AQWRUvPc.tree_0.Mirounga_leonina.alpha' was not initialized prior to being used
Variable 'AQWRUvPc.tree_0.Node39.alpha' was not initialized prior to being used
Variable 'AQWRUvPc.tree_0.Monachus_schauinslandi.alpha' was not initialized prior to being used
Variable 'AQWRUvPc.tree_0.Node38.alpha' was not initialized prior to being used
Variable 'AQWRUvPc.tree_0.Phoca_vitulina.alpha' was not initialized prior to being used
Variable 'AQWRUvPc.tree_0.Node37.alpha' was not initialized prior to being used
Variable 'AQWRUvPc.tree_0.Node29.alpha' was not initialized prior to being used
Variable 'AQWRUvPc.tree_0.Node21.alpha' was not initialized prior to being used
Variable 'AQWRUvPc.tree_0.Ailuropoda_melanoleuca.alpha' was not initialized prior to being used
Variable 'AQWRUvPc.tree_0.Ursus_thibetanus.alpha' was not initialized prior to being used
Variable 'AQWRUvPc.tree_0.Ursus_americanus.alpha' was not initialized prior to being used
Variable 'AQWRUvPc.tree_0.Node47.alpha' was not initialized prior to being used
Variable 'AQWRUvPc.tree_0.Ursus_arctos.alpha' was not initialized prior to being used
Variable 'AQWRUvPc.tree_0.Ursus_maritimus.alpha' was not initialized prior to being used
Variable 'AQWRUvPc.tree_0.Node50.alpha' was not initialized prior to being used
Variable 'AQWRUvPc.tree_0.Node46.alpha' was not initialized prior to being used
Variable 'AQWRUvPc.tree_0.Node44.alpha' was not initialized prior to being used
Variable 'AQWRUvPc.tree_0.Node20.alpha' was not initialized prior to being used
Variable 'AQWRUvPc.tree_0.Node16.alpha' was not initialized prior to being used
Site 110 evaluated to a 0 probability in ComputeTreeBlockByBranch
Site 109 evaluated to a 0 probability in ComputeTreeBlockByBranch
Site 110 evaluated to a 0 probability in ComputeTreeBlockByBranch
Site 44 evaluated to a 0 probability in ComputeTreeBlockByBranch
Site 110 evaluated to a 0 probability in ComputeTreeBlockByBranch
Site 114 evaluated to a 0 probability in ComputeTreeBlockByBranch
Site 94 evaluated to a 0 probability in ComputeTreeBlockByBranch
Site 52 evaluated to a 0 probability in ComputeTreeBlockByBranch
Site 110 evaluated to a 0 probability in ComputeTreeBlockByBranch
Site 120 evaluated to a 0 probability in ComputeTreeBlockByBranch
Auto-benchmarked an optimal number (3) of threads.
Set GUI update interval to every 101-th LF evaluation.
Initial guess for AQWRUvPc.tree_0.Node3.alpha is 0.000296155
Initial guess for AQWRUvPc.tree_0.Node4.alpha is -2.19792e-06
Initial guess for AQWRUvPc.tree_0.Panthera_tigris.alpha is 1.74424e-05
Initial guess for AQWRUvPc.tree_0.Node6.alpha is 6.72113e-06
Initial guess for AQWRUvPc.tree_0.Panthera_pardus.alpha is 8.78681e-07
Initial guess for AQWRUvPc.tree_0.Panthera_leo.alpha is 7.29274e-06
Initial guess for AQWRUvPc.tree_0.Node9.alpha is 8.58391e-06
Initial guess for AQWRUvPc.tree_0.Node10.alpha is -3.12242e-06
Initial guess for AQWRUvPc.tree_0.Node11.alpha is 2.32644e-07
Initial guess for AQWRUvPc.tree_0.Lynx_lynx.alpha is -2.22623e-06
Initial guess for AQWRUvPc.tree_0.Felis_catus.alpha is 3.25747e-06
Initial guess for AQWRUvPc.tree_0.Puma_concolor.alpha is 9.55834e-06
Initial guess for AQWRUvPc.tree_0.Acinonyx_jubatus.alpha is 4.83389e-06
Initial guess for AQWRUvPc.tree_0.Node16.alpha is 4.07194e-05
Initial guess for AQWRUvPc.tree_0.Node17.alpha is 2.26681e-05
Initial guess for AQWRUvPc.tree_0.Canis_lupus.alpha is 1.26052e-05
Initial guess for AQWRUvPc.tree_0.Vulpes_vulpes.alpha is 4.45679e-07
Initial guess for AQWRUvPc.tree_0.Node20.alpha is 3.25549e-05
Initial guess for AQWRUvPc.tree_0.Node21.alpha is 7.27451e-06
Initial guess for AQWRUvPc.tree_0.Node22.alpha is 0.000116572
Initial guess for AQWRUvPc.tree_0.Node23.alpha is 2.04568e-05
Initial guess for AQWRUvPc.tree_0.Enhydra_lutris.alpha is 1.74966e-05
Initial guess for AQWRUvPc.tree_0.Lontra_canadensis.alpha is 1.92015e-05
Initial guess for AQWRUvPc.tree_0.Node26.alpha is 2.34409e-06
Initial guess for AQWRUvPc.tree_0.Neovison_vison.alpha is 3.59812e-06
Initial guess for AQWRUvPc.tree_0.Mustela_putorius.alpha is 1.7659e-05
Initial guess for AQWRUvPc.tree_0.Node29.alpha is 5.3175e-05
Initial guess for AQWRUvPc.tree_0.Node30.alpha is -3.04641e-05
Initial guess for AQWRUvPc.tree_0.Node31.alpha is 5.42543e-07
Initial guess for AQWRUvPc.tree_0.Callorhinus_ursinus.alpha is 7.67402e-06
Initial guess for AQWRUvPc.tree_0.Node33.alpha is 1.11683e-07
Initial guess for AQWRUvPc.tree_0.Zalophus_californianus.alpha is 2.42157e-06
Initial guess for AQWRUvPc.tree_0.Eumetopias_jubatus.alpha is 9.6997e-07
Initial guess for AQWRUvPc.tree_0.Odobenus_rosmarus.alpha is 1.56328e-06
Initial guess for AQWRUvPc.tree_0.Node37.alpha is 2.62948e-05
Initial guess for AQWRUvPc.tree_0.Node38.alpha is 8.00461e-05
Initial guess for AQWRUvPc.tree_0.Node39.alpha is 2.69944e-06
Initial guess for AQWRUvPc.tree_0.Leptonychotes_weddellii.alpha is 1.20866e-05
Initial guess for AQWRUvPc.tree_0.Mirounga_leonina.alpha is 5.30671e-06
Initial guess for AQWRUvPc.tree_0.Monachus_schauinslandi.alpha is 4.82634e-06
Initial guess for AQWRUvPc.tree_0.Phoca_vitulina.alpha is 8.76474e-06
Initial guess for AQWRUvPc.tree_0.Node44.alpha is 2.47509e-05
Initial guess for AQWRUvPc.tree_0.Ailuropoda_melanoleuca.alpha is -2.28359e-05
Initial guess for AQWRUvPc.tree_0.Node46.alpha is 2.89019e-05
Initial guess for AQWRUvPc.tree_0.Node47.alpha is 3.35383e-08
Initial guess for AQWRUvPc.tree_0.Ursus_thibetanus.alpha is 1.92324e-05
Initial guess for AQWRUvPc.tree_0.Ursus_americanus.alpha is -2.6578e-07
Initial guess for AQWRUvPc.tree_0.Node50.alpha is 7.56628e-06
Initial guess for AQWRUvPc.tree_0.Ursus_arctos.alpha is 5.33228e-06
Initial guess for AQWRUvPc.tree_0.Ursus_maritimus.alpha is -1.74324e-18
Optimization settings:
	OPTIMIZATION_METHOD = 4
	OPTIMIZATION_PRECISION = 0.001
	MAXIMUM_ITERATIONS_PER_VARIABLE = 5000

Initial parameter values

AQWRUvPc.model_MGREV.theta_GT = 1
AQWRUvPc.model_MGREV.theta_CT = 1
AQWRUvPc.model_MGREV.theta_CG = 1
AQWRUvPc.model_MGREV.theta_AT = 1
AQWRUvPc.model_MGREV.theta_AC = 1
AQWRUvPc.model_MGREV.omega_0 = 1
AQWRUvPc.model_MGREV.omega_1 = 1
AQWRUvPc.tree_0.Suricata_suricatta.alpha = 0.1
AQWRUvPc.tree_0.Panthera_tigris.alpha = 1.74424e-05
AQWRUvPc.tree_0.Panthera_pardus.alpha = 8.78681e-07
AQWRUvPc.tree_0.Panthera_leo.alpha = 7.29274e-06
AQWRUvPc.tree_0.Node6.alpha = 6.72113e-06
AQWRUvPc.tree_0.Node4.alpha = 0
AQWRUvPc.tree_0.Lynx_lynx.alpha = 0
AQWRUvPc.tree_0.Felis_catus.alpha = 3.25747e-06
AQWRUvPc.tree_0.Node11.alpha = 2.32644e-07
AQWRUvPc.tree_0.Puma_concolor.alpha = 9.55834e-06
AQWRUvPc.tree_0.Node10.alpha = 0
AQWRUvPc.tree_0.Acinonyx_jubatus.alpha = 4.83389e-06
AQWRUvPc.tree_0.Node9.alpha = 8.58391e-06
AQWRUvPc.tree_0.Node3.alpha = 0.000296155
AQWRUvPc.tree_0.Canis_lupus.alpha = 1.26052e-05
AQWRUvPc.tree_0.Vulpes_vulpes.alpha = 4.45679e-07
AQWRUvPc.tree_0.Node17.alpha = 2.26681e-05
AQWRUvPc.tree_0.Enhydra_lutris.alpha = 1.74966e-05
AQWRUvPc.tree_0.Lontra_canadensis.alpha = 1.92015e-05
AQWRUvPc.tree_0.Node23.alpha = 2.04568e-05
AQWRUvPc.tree_0.Neovison_vison.alpha = 3.59812e-06
AQWRUvPc.tree_0.Mustela_putorius.alpha = 1.7659e-05
AQWRUvPc.tree_0.Node26.alpha = 2.34409e-06
AQWRUvPc.tree_0.Node22.alpha = 0.000116572
AQWRUvPc.tree_0.Callorhinus_ursinus.alpha = 7.67402e-06
AQWRUvPc.tree_0.Zalophus_californianus.alpha = 2.42157e-06
AQWRUvPc.tree_0.Eumetopias_jubatus.alpha = 9.6997e-07
AQWRUvPc.tree_0.Node33.alpha = 1.11683e-07
AQWRUvPc.tree_0.Node31.alpha = 5.42543e-07
AQWRUvPc.tree_0.Odobenus_rosmarus.alpha = 1.56328e-06
AQWRUvPc.tree_0.Node30.alpha = 0
AQWRUvPc.tree_0.Leptonychotes_weddellii.alpha = 1.20866e-05
AQWRUvPc.tree_0.Mirounga_leonina.alpha = 5.30671e-06
AQWRUvPc.tree_0.Node39.alpha = 2.69944e-06
AQWRUvPc.tree_0.Monachus_schauinslandi.alpha = 4.82634e-06
AQWRUvPc.tree_0.Node38.alpha = 8.00461e-05
AQWRUvPc.tree_0.Phoca_vitulina.alpha = 8.76474e-06
AQWRUvPc.tree_0.Node37.alpha = 2.62948e-05
AQWRUvPc.tree_0.Node29.alpha = 5.3175e-05
AQWRUvPc.tree_0.Node21.alpha = 7.27451e-06
AQWRUvPc.tree_0.Ailuropoda_melanoleuca.alpha = 0
AQWRUvPc.tree_0.Ursus_thibetanus.alpha = 1.92324e-05
AQWRUvPc.tree_0.Ursus_americanus.alpha = 0
AQWRUvPc.tree_0.Node47.alpha = 3.35383e-08
AQWRUvPc.tree_0.Ursus_arctos.alpha = 5.33228e-06
AQWRUvPc.tree_0.Ursus_maritimus.alpha = 0
AQWRUvPc.tree_0.Node50.alpha = 7.56628e-06
AQWRUvPc.tree_0.Node46.alpha = 2.89019e-05
AQWRUvPc.tree_0.Node44.alpha = 2.47509e-05
AQWRUvPc.tree_0.Node20.alpha = 3.25549e-05
AQWRUvPc.tree_0.Node16.alpha = 4.07194e-05
Failing bound checks on AQWRUvPc.tree_0.Neovison_vison.beta =         10028.09138380296
Optimization finished in 30 loop passes.
9306 likelihood evaluation calls and 66597 matrix exponentiations calls were made

Row and/or column partition is empty. All the data will be used by default.
Auto-benchmarked an optimal number (2) of threads.
Set GUI update interval to every 2717-th LF evaluation.
Optimization settings:
	OPTIMIZATION_METHOD = 4
	OPTIMIZATION_PRECISION = 0.001
	MAXIMUM_ITERATIONS_PER_VARIABLE = 5000

Initial parameter values

frequencies._aux.CF3x4.p0_0 = 0.226446
frequencies._aux.CF3x4.p0_1 = 0.373653
frequencies._aux.CF3x4.p0_2 = 0.586723
frequencies._aux.CF3x4.p1_0 = 0.291585
frequencies._aux.CF3x4.p1_1 = 0.341894
frequencies._aux.CF3x4.p1_2 = 0.393612
frequencies._aux.CF3x4.p2_0 = 0.150422
frequencies._aux.CF3x4.p2_1 = 0.376673
frequencies._aux.CF3x4.p2_2 = 0.564622
Optimization finished in 6 loop passes.
237 likelihood evaluation calls and 0 matrix exponentiations calls were made

Variable 'AQWRUvPc.model_MGREV_pi' was not initialized prior to being used
Model AQWRUvPc.model_MGREV assigned to Suricata_suricatta
Model AQWRUvPc.model_MGREV assigned to Panthera_tigris
Model AQWRUvPc.model_MGREV assigned to Panthera_pardus
Model AQWRUvPc.model_MGREV assigned to Panthera_leo
Model AQWRUvPc.model_MGREV assigned to Node6
Model AQWRUvPc.model_MGREV assigned to Node4
Model AQWRUvPc.model_MGREV assigned to Lynx_lynx
Model AQWRUvPc.model_MGREV assigned to Felis_catus
Model AQWRUvPc.model_MGREV assigned to Node11
Model AQWRUvPc.model_MGREV assigned to Puma_concolor
Model AQWRUvPc.model_MGREV assigned to Node10
Model AQWRUvPc.model_MGREV assigned to Acinonyx_jubatus
Model AQWRUvPc.model_MGREV assigned to Node9
Model AQWRUvPc.model_MGREV assigned to Node3
Model AQWRUvPc.model_MGREV assigned to Canis_lupus
Model AQWRUvPc.model_MGREV assigned to Vulpes_vulpes
Model AQWRUvPc.model_MGREV assigned to Node17
Model AQWRUvPc.model_MGREV assigned to Enhydra_lutris
Model AQWRUvPc.model_MGREV assigned to Lontra_canadensis
Model AQWRUvPc.model_MGREV assigned to Node23
Model AQWRUvPc.model_MGREV assigned to Neovison_vison
Model AQWRUvPc.model_MGREV assigned to Mustela_putorius
Model AQWRUvPc.model_MGREV assigned to Node26
Model AQWRUvPc.model_MGREV assigned to Node22
Model AQWRUvPc.model_MGREV assigned to Callorhinus_ursinus
Model AQWRUvPc.model_MGREV assigned to Zalophus_californianus
Model AQWRUvPc.model_MGREV assigned to Eumetopias_jubatus
Model AQWRUvPc.model_MGREV assigned to Node33
Model AQWRUvPc.model_MGREV assigned to Node31
Model AQWRUvPc.model_MGREV assigned to Odobenus_rosmarus
Model AQWRUvPc.model_MGREV assigned to Node30
Model AQWRUvPc.model_MGREV assigned to Leptonychotes_weddellii
Model AQWRUvPc.model_MGREV assigned to Mirounga_leonina
Model AQWRUvPc.model_MGREV assigned to Node39
Model AQWRUvPc.model_MGREV assigned to Monachus_schauinslandi
Model AQWRUvPc.model_MGREV assigned to Node38
Model AQWRUvPc.model_MGREV assigned to Phoca_vitulina
Model AQWRUvPc.model_MGREV assigned to Node37
Model AQWRUvPc.model_MGREV assigned to Node29
Model AQWRUvPc.model_MGREV assigned to Node21
Model AQWRUvPc.model_MGREV assigned to Ailuropoda_melanoleuca
Model AQWRUvPc.model_MGREV assigned to Ursus_thibetanus
Model AQWRUvPc.model_MGREV assigned to Ursus_americanus
Model AQWRUvPc.model_MGREV assigned to Node47
Model AQWRUvPc.model_MGREV assigned to Ursus_arctos
Model AQWRUvPc.model_MGREV assigned to Ursus_maritimus
Model AQWRUvPc.model_MGREV assigned to Node50
Model AQWRUvPc.model_MGREV assigned to Node46
Model AQWRUvPc.model_MGREV assigned to Node44
Model AQWRUvPc.model_MGREV assigned to Node20
Model AQWRUvPc.model_MGREV assigned to Node16
The tips of the tree:AQWRUvPc.tree_0 were matched with the species names from the data in the following numeric order (0-based) {7,5,4,6,3,2,0,1,25,26,21,22,23,24,8,9,10,11,14,15,13,12,20,18,19,16,17}

Pseudo-optimal path's cost 5608 vs 6748 for 1..k=> a 1.20328 x improvement
Partition 0 is ASSUMED to have a reversible model
Variable 'AQWRUvPc.tree_0.Node44.alpha' was not initialized prior to being used
Variable 'AQWRUvPc.tree_0.Node46.alpha' was not initialized prior to being used
Variable 'AQWRUvPc.tree_0.Node20.alpha' was not initialized prior to being used
Variable 'AQWRUvPc.tree_0.Node50.alpha' was not initialized prior to being used
Variable 'AQWRUvPc.tree_0.Panthera_leo.alpha' was not initialized prior to being used
Variable 'AQWRUvPc.tree_0.Ursus_maritimus.alpha' was not initialized prior to being used
Variable 'AQWRUvPc.tree_0.Ursus_arctos.alpha' was not initialized prior to being used
Variable 'AQWRUvPc.tree_0.Lynx_lynx.alpha' was not initialized prior to being used
Variable 'AQWRUvPc.tree_0.Node47.alpha' was not initialized prior to being used
Variable 'AQWRUvPc.tree_0.Ursus_americanus.alpha' was not initialized prior to being used
Variable 'AQWRUvPc.tree_0.Ursus_thibetanus.alpha' was not initialized prior to being used
Variable 'AQWRUvPc.tree_0.Panthera_pardus.alpha' was not initialized prior to being used
Variable 'AQWRUvPc.tree_0.Ailuropoda_melanoleuca.alpha' was not initialized prior to being used
Variable 'AQWRUvPc.tree_0.Node21.alpha' was not initialized prior to being used
Variable 'AQWRUvPc.tree_0.Node6.alpha' was not initialized prior to being used
Variable 'AQWRUvPc.tree_0.Node29.alpha' was not initialized prior to being used
Variable 'AQWRUvPc.tree_0.Node37.alpha' was not initialized prior to being used
Variable 'AQWRUvPc.tree_0.Suricata_suricatta.alpha' was not initialized prior to being used
Variable 'AQWRUvPc.tree_0.Phoca_vitulina.alpha' was not initialized prior to being used
Variable 'AQWRUvPc.tree_0.Node38.alpha' was not initialized prior to being used
Variable 'AQWRUvPc.tree_0.Canis_lupus.alpha' was not initialized prior to being used
Variable 'AQWRUvPc.tree_0.Monachus_schauinslandi.alpha' was not initialized prior to being used
Variable 'AQWRUvPc.tree_0.Node39.alpha' was not initialized prior to being used
Variable 'AQWRUvPc.tree_0.Puma_concolor.alpha' was not initialized prior to being used
Variable 'AQWRUvPc.tree_0.Mirounga_leonina.alpha' was not initialized prior to being used
Variable 'AQWRUvPc.tree_0.Leptonychotes_weddellii.alpha' was not initialized prior to being used
Variable 'AQWRUvPc.tree_0.Node17.alpha' was not initialized prior to being used
Variable 'AQWRUvPc.tree_0.Node30.alpha' was not initialized prior to being used
Variable 'AQWRUvPc.tree_0.Vulpes_vulpes.alpha' was not initialized prior to being used
Variable 'AQWRUvPc.tree_0.Odobenus_rosmarus.alpha' was not initialized prior to being used
Variable 'AQWRUvPc.tree_0.Node31.alpha' was not initialized prior to being used
Variable 'AQWRUvPc.tree_0.Node33.alpha' was not initialized prior to being used
Variable 'AQWRUvPc.tree_0.Node11.alpha' was not initialized prior to being used
Variable 'AQWRUvPc.tree_0.Eumetopias_jubatus.alpha' was not initialized prior to being used
Variable 'AQWRUvPc.tree_0.Zalophus_californianus.alpha' was not initialized prior to being used
Variable 'AQWRUvPc.tree_0.Node3.alpha' was not initialized prior to being used
Variable 'AQWRUvPc.tree_0.Callorhinus_ursinus.alpha' was not initialized prior to being used
Variable 'AQWRUvPc.tree_0.Node22.alpha' was not initialized prior to being used
Variable 'AQWRUvPc.tree_0.Felis_catus.alpha' was not initialized prior to being used
Variable 'AQWRUvPc.tree_0.Node26.alpha' was not initialized prior to being used
Variable 'AQWRUvPc.tree_0.Mustela_putorius.alpha' was not initialized prior to being used
Variable 'AQWRUvPc.tree_0.Node10.alpha' was not initialized prior to being used
Variable 'AQWRUvPc.tree_0.Neovison_vison.alpha' was not initialized prior to being used
Variable 'AQWRUvPc.tree_0.Node23.alpha' was not initialized prior to being used
Variable 'AQWRUvPc.tree_0.Node4.alpha' was not initialized prior to being used
Variable 'AQWRUvPc.tree_0.Lontra_canadensis.alpha' was not initialized prior to being used
Variable 'AQWRUvPc.tree_0.Panthera_tigris.alpha' was not initialized prior to being used
Variable 'AQWRUvPc.tree_0.Enhydra_lutris.alpha' was not initialized prior to being used
Variable 'AQWRUvPc.tree_0.Acinonyx_jubatus.alpha' was not initialized prior to being used
Variable 'AQWRUvPc.tree_0.Node9.alpha' was not initialized prior to being used
Variable 'AQWRUvPc.tree_0.Node16.alpha' was not initialized prior to being used
Site 110 evaluated to a 0 probability in ComputeTreeBlockByBranch
Site 109 evaluated to a 0 probability in ComputeTreeBlockByBranch
Site 110 evaluated to a 0 probability in ComputeTreeBlockByBranch
Site 44 evaluated to a 0 probability in ComputeTreeBlockByBranch
Site 110 evaluated to a 0 probability in ComputeTreeBlockByBranch
Site 114 evaluated to a 0 probability in ComputeTreeBlockByBranch
Site 120 evaluated to a 0 probability in ComputeTreeBlockByBranch
Site 110 evaluated to a 0 probability in ComputeTreeBlockByBranch
Site 94 evaluated to a 0 probability in ComputeTreeBlockByBranch
Site 52 evaluated to a 0 probability in ComputeTreeBlockByBranch
Site 83 evaluated to a 0 probability in ComputeTreeBlockByBranch
Site 130 evaluated to a 0 probability in ComputeTreeBlockByBranch
Site 110 evaluated to a 0 probability in ComputeTreeBlockByBranch
Site 67 evaluated to a 0 probability in ComputeTreeBlockByBranch
Site 104 evaluated to a 0 probability in ComputeTreeBlockByBranch
Auto-benchmarked an optimal number (4) of threads.
Set GUI update interval to every 131-th LF evaluation.
Initial guess for AQWRUvPc.tree_0.Node3.alpha is 0.000296155
Initial guess for AQWRUvPc.tree_0.Node4.alpha is -2.19792e-06
Initial guess for AQWRUvPc.tree_0.Panthera_tigris.alpha is 1.74424e-05
Initial guess for AQWRUvPc.tree_0.Node6.alpha is 6.72113e-06
Initial guess for AQWRUvPc.tree_0.Panthera_pardus.alpha is 8.78681e-07
Initial guess for AQWRUvPc.tree_0.Panthera_leo.alpha is 7.29274e-06
Initial guess for AQWRUvPc.tree_0.Node9.alpha is 8.58391e-06
Initial guess for AQWRUvPc.tree_0.Node10.alpha is -3.12242e-06
Initial guess for AQWRUvPc.tree_0.Node11.alpha is 2.32644e-07
Initial guess for AQWRUvPc.tree_0.Lynx_lynx.alpha is -2.22623e-06
Initial guess for AQWRUvPc.tree_0.Felis_catus.alpha is 3.25747e-06
Initial guess for AQWRUvPc.tree_0.Puma_concolor.alpha is 9.55834e-06
Initial guess for AQWRUvPc.tree_0.Acinonyx_jubatus.alpha is 4.83389e-06
Initial guess for AQWRUvPc.tree_0.Node16.alpha is 4.07194e-05
Initial guess for AQWRUvPc.tree_0.Node17.alpha is 2.26681e-05
Initial guess for AQWRUvPc.tree_0.Canis_lupus.alpha is 1.26052e-05
Initial guess for AQWRUvPc.tree_0.Vulpes_vulpes.alpha is 4.45679e-07
Initial guess for AQWRUvPc.tree_0.Node20.alpha is 3.25549e-05
Initial guess for AQWRUvPc.tree_0.Node21.alpha is 7.27451e-06
Initial guess for AQWRUvPc.tree_0.Node22.alpha is 0.000116572
Initial guess for AQWRUvPc.tree_0.Node23.alpha is 2.04568e-05
Initial guess for AQWRUvPc.tree_0.Enhydra_lutris.alpha is 1.74966e-05
Initial guess for AQWRUvPc.tree_0.Lontra_canadensis.alpha is 1.92015e-05
Initial guess for AQWRUvPc.tree_0.Node26.alpha is 2.34409e-06
Initial guess for AQWRUvPc.tree_0.Neovison_vison.alpha is 3.59812e-06
Initial guess for AQWRUvPc.tree_0.Mustela_putorius.alpha is 1.7659e-05
Initial guess for AQWRUvPc.tree_0.Node29.alpha is 5.3175e-05
Initial guess for AQWRUvPc.tree_0.Node30.alpha is -3.04641e-05
Initial guess for AQWRUvPc.tree_0.Node31.alpha is 5.42543e-07
Initial guess for AQWRUvPc.tree_0.Callorhinus_ursinus.alpha is 7.67402e-06
Initial guess for AQWRUvPc.tree_0.Node33.alpha is 1.11683e-07
Initial guess for AQWRUvPc.tree_0.Zalophus_californianus.alpha is 2.42157e-06
Initial guess for AQWRUvPc.tree_0.Eumetopias_jubatus.alpha is 9.6997e-07
Initial guess for AQWRUvPc.tree_0.Odobenus_rosmarus.alpha is 1.56328e-06
Initial guess for AQWRUvPc.tree_0.Node37.alpha is 2.62948e-05
Initial guess for AQWRUvPc.tree_0.Node38.alpha is 8.00461e-05
Initial guess for AQWRUvPc.tree_0.Node39.alpha is 2.69944e-06
Initial guess for AQWRUvPc.tree_0.Leptonychotes_weddellii.alpha is 1.20866e-05
Initial guess for AQWRUvPc.tree_0.Mirounga_leonina.alpha is 5.30671e-06
Initial guess for AQWRUvPc.tree_0.Monachus_schauinslandi.alpha is 4.82634e-06
Initial guess for AQWRUvPc.tree_0.Phoca_vitulina.alpha is 8.76474e-06
Initial guess for AQWRUvPc.tree_0.Node44.alpha is 2.47509e-05
Initial guess for AQWRUvPc.tree_0.Ailuropoda_melanoleuca.alpha is -2.28359e-05
Initial guess for AQWRUvPc.tree_0.Node46.alpha is 2.89019e-05
Initial guess for AQWRUvPc.tree_0.Node47.alpha is 3.35383e-08
Initial guess for AQWRUvPc.tree_0.Ursus_thibetanus.alpha is 1.92324e-05
Initial guess for AQWRUvPc.tree_0.Ursus_americanus.alpha is -2.6578e-07
Initial guess for AQWRUvPc.tree_0.Node50.alpha is 7.56628e-06
Initial guess for AQWRUvPc.tree_0.Ursus_arctos.alpha is 5.33228e-06
Initial guess for AQWRUvPc.tree_0.Ursus_maritimus.alpha is -1.74324e-18
Optimization settings:
	OPTIMIZATION_METHOD = 4
	OPTIMIZATION_PRECISION = 0.001
	MAXIMUM_ITERATIONS_PER_VARIABLE = 5000

Initial parameter values

AQWRUvPc.model_MGREV.theta_CT = 1
AQWRUvPc.model_MGREV.theta_GT = 1
AQWRUvPc.model_MGREV.theta_CG = 1
AQWRUvPc.model_MGREV.theta_AT = 1
AQWRUvPc.model_MGREV.theta_AC = 1
AQWRUvPc.model_MGREV.omega_0 = 1
AQWRUvPc.model_MGREV.omega_1 = 1
AQWRUvPc.tree_0.Suricata_suricatta.alpha = 0.1
AQWRUvPc.tree_0.Panthera_tigris.alpha = 1.74424e-05
AQWRUvPc.tree_0.Panthera_pardus.alpha = 8.78681e-07
AQWRUvPc.tree_0.Panthera_leo.alpha = 7.29274e-06
AQWRUvPc.tree_0.Node6.alpha = 6.72113e-06
AQWRUvPc.tree_0.Node4.alpha = 0
AQWRUvPc.tree_0.Lynx_lynx.alpha = 0
AQWRUvPc.tree_0.Felis_catus.alpha = 3.25747e-06
AQWRUvPc.tree_0.Node11.alpha = 2.32644e-07
AQWRUvPc.tree_0.Puma_concolor.alpha = 9.55834e-06
AQWRUvPc.tree_0.Node10.alpha = 0
AQWRUvPc.tree_0.Acinonyx_jubatus.alpha = 4.83389e-06
AQWRUvPc.tree_0.Node9.alpha = 8.58391e-06
AQWRUvPc.tree_0.Node3.alpha = 0.000296155
AQWRUvPc.tree_0.Canis_lupus.alpha = 1.26052e-05
AQWRUvPc.tree_0.Vulpes_vulpes.alpha = 4.45679e-07
AQWRUvPc.tree_0.Node17.alpha = 2.26681e-05
AQWRUvPc.tree_0.Enhydra_lutris.alpha = 1.74966e-05
AQWRUvPc.tree_0.Lontra_canadensis.alpha = 1.92015e-05
AQWRUvPc.tree_0.Node23.alpha = 2.04568e-05
AQWRUvPc.tree_0.Neovison_vison.alpha = 3.59812e-06
AQWRUvPc.tree_0.Mustela_putorius.alpha = 1.7659e-05
AQWRUvPc.tree_0.Node26.alpha = 2.34409e-06
AQWRUvPc.tree_0.Node22.alpha = 0.000116572
AQWRUvPc.tree_0.Callorhinus_ursinus.alpha = 7.67402e-06
AQWRUvPc.tree_0.Zalophus_californianus.alpha = 2.42157e-06
AQWRUvPc.tree_0.Eumetopias_jubatus.alpha = 9.6997e-07
AQWRUvPc.tree_0.Node33.alpha = 1.11683e-07
AQWRUvPc.tree_0.Node31.alpha = 5.42543e-07
AQWRUvPc.tree_0.Odobenus_rosmarus.alpha = 1.56328e-06
AQWRUvPc.tree_0.Node30.alpha = 0
AQWRUvPc.tree_0.Leptonychotes_weddellii.alpha = 1.20866e-05
AQWRUvPc.tree_0.Mirounga_leonina.alpha = 5.30671e-06
AQWRUvPc.tree_0.Node39.alpha = 2.69944e-06
AQWRUvPc.tree_0.Monachus_schauinslandi.alpha = 4.82634e-06
AQWRUvPc.tree_0.Node38.alpha = 8.00461e-05
AQWRUvPc.tree_0.Phoca_vitulina.alpha = 8.76474e-06
AQWRUvPc.tree_0.Node37.alpha = 2.62948e-05
AQWRUvPc.tree_0.Node29.alpha = 5.3175e-05
AQWRUvPc.tree_0.Node21.alpha = 7.27451e-06
AQWRUvPc.tree_0.Ailuropoda_melanoleuca.alpha = 0
AQWRUvPc.tree_0.Ursus_thibetanus.alpha = 1.92324e-05
AQWRUvPc.tree_0.Ursus_americanus.alpha = 0
AQWRUvPc.tree_0.Node47.alpha = 3.35383e-08
AQWRUvPc.tree_0.Ursus_arctos.alpha = 5.33228e-06
AQWRUvPc.tree_0.Ursus_maritimus.alpha = 0
AQWRUvPc.tree_0.Node50.alpha = 7.56628e-06
AQWRUvPc.tree_0.Node46.alpha = 2.89019e-05
AQWRUvPc.tree_0.Node44.alpha = 2.47509e-05
AQWRUvPc.tree_0.Node20.alpha = 3.25549e-05
AQWRUvPc.tree_0.Node16.alpha = 4.07194e-05
Failing bound checks on AQWRUvPc.tree_0.Neovison_vison.beta =         10028.09138376434
Optimization finished in 35 loop passes.
6718 likelihood evaluation calls and 53003 matrix exponentiations calls were made

Overwritten previously defined function:'yxzATwAa.rate_generator'
Overwritten previously defined function:'yxzATwAa.rate_generator'
Auto-benchmarked an optimal number (2) of threads.
Set GUI update interval to every 4347-th LF evaluation.
Optimization settings:
	OPTIMIZATION_METHOD = 4
	OPTIMIZATION_PRECISION = 0.001
	MAXIMUM_ITERATIONS_PER_VARIABLE = 5000

Initial parameter values

frequencies._aux.CF3x4.p0_0 = 0.226446
frequencies._aux.CF3x4.p0_1 = 0.373653
frequencies._aux.CF3x4.p0_2 = 0.586723
frequencies._aux.CF3x4.p1_0 = 0.291585
frequencies._aux.CF3x4.p1_1 = 0.341894
frequencies._aux.CF3x4.p1_2 = 0.393612
frequencies._aux.CF3x4.p2_0 = 0.150422
frequencies._aux.CF3x4.p2_1 = 0.376673
frequencies._aux.CF3x4.p2_2 = 0.564622
Optimization finished in 6 loop passes.
237 likelihood evaluation calls and 0 matrix exponentiations calls were made

Variable 'relax.test_pi' was not initialized prior to being used
Overwritten previously defined function:'yxzATwAa.rate_generator'
Overwritten previously defined function:'yxzATwAa.rate_generator'
Overwritten previously defined function:'yxzATwAa.rate_generator'
Auto-benchmarked an optimal number (2) of threads.
Set GUI update interval to every 3521-th LF evaluation.
Optimization settings:
	OPTIMIZATION_METHOD = 4
	OPTIMIZATION_PRECISION = 0.001
	MAXIMUM_ITERATIONS_PER_VARIABLE = 5000

Initial parameter values

frequencies._aux.CF3x4.p0_0 = 0.226446
frequencies._aux.CF3x4.p0_1 = 0.373653
frequencies._aux.CF3x4.p0_2 = 0.586723
frequencies._aux.CF3x4.p1_0 = 0.291585
frequencies._aux.CF3x4.p1_1 = 0.341894
frequencies._aux.CF3x4.p1_2 = 0.393612
frequencies._aux.CF3x4.p2_0 = 0.150422
frequencies._aux.CF3x4.p2_1 = 0.376673
frequencies._aux.CF3x4.p2_2 = 0.564622
Optimization finished in 6 loop passes.
237 likelihood evaluation calls and 0 matrix exponentiations calls were made

Variable 'relax.reference_pi' was not initialized prior to being used
No nodel was assigned to Suricata_suricatta
No nodel was assigned to Panthera_tigris
No nodel was assigned to Panthera_pardus
No nodel was assigned to Panthera_leo
No nodel was assigned to Node6
No nodel was assigned to Node4
No nodel was assigned to Lynx_lynx
No nodel was assigned to Felis_catus
No nodel was assigned to Node11
No nodel was assigned to Puma_concolor
No nodel was assigned to Node10
No nodel was assigned to Acinonyx_jubatus
No nodel was assigned to Node9
No nodel was assigned to Node3
No nodel was assigned to Canis_lupus
No nodel was assigned to Vulpes_vulpes
No nodel was assigned to Node17
No nodel was assigned to Enhydra_lutris
No nodel was assigned to Lontra_canadensis
No nodel was assigned to Node23
No nodel was assigned to Neovison_vison
No nodel was assigned to Mustela_putorius
No nodel was assigned to Node26
No nodel was assigned to Node22
No nodel was assigned to Callorhinus_ursinus
No nodel was assigned to Zalophus_californianus
No nodel was assigned to Eumetopias_jubatus
No nodel was assigned to Node33
No nodel was assigned to Node31
No nodel was assigned to Odobenus_rosmarus
No nodel was assigned to Node30
No nodel was assigned to Leptonychotes_weddellii
No nodel was assigned to Mirounga_leonina
No nodel was assigned to Node39
No nodel was assigned to Monachus_schauinslandi
No nodel was assigned to Node38
No nodel was assigned to Phoca_vitulina
No nodel was assigned to Node37
No nodel was assigned to Node29
No nodel was assigned to Node21
No nodel was assigned to Ailuropoda_melanoleuca
No nodel was assigned to Ursus_thibetanus
No nodel was assigned to Ursus_americanus
No nodel was assigned to Node47
No nodel was assigned to Ursus_arctos
No nodel was assigned to Ursus_maritimus
No nodel was assigned to Node50
No nodel was assigned to Node46
No nodel was assigned to Node44
No nodel was assigned to Node20
No nodel was assigned to Node16
The tips of the tree:HxklaeiR.tree_id_0 were matched with the species names from the data in the following numeric order (0-based) {7,5,4,6,3,2,0,1,25,26,21,22,23,24,8,9,10,11,14,15,13,12,20,18,19,16,17}

Pseudo-optimal path's cost 5608 vs 6748 for 1..k=> a 1.20328 x improvement
Partition 0 is ASSUMED to have a reversible model
relax.reference.theta_AC was already constrained in estimators.SetGlobals2
relax.reference.theta_AG was already constrained in estimators.SetGlobals2
relax.reference.theta_AT was already constrained in estimators.SetGlobals2
relax.reference.theta_CG was already constrained in estimators.SetGlobals2
relax.reference.theta_CT was already constrained in estimators.SetGlobals2
relax.reference.theta_GT was already constrained in estimators.SetGlobals2
relax.test.theta_AG was already constrained in estimators.SetGlobals2
Variable 'HxklaeiR.tree_id_0.Suricata_suricatta.t' was not initialized prior to being used
models.generic.SetBranchLength: HxklaeiR.tree_id_0.Suricata_suricatta.t=0.4016660576443449
Variable 'HxklaeiR.tree_id_0.Panthera_tigris.t' was not initialized prior to being used
models.generic.SetBranchLength: HxklaeiR.tree_id_0.Panthera_tigris.t=0.04302181705298596
Variable 'HxklaeiR.tree_id_0.Panthera_pardus.t' was not initialized prior to being used
models.generic.SetBranchLength: HxklaeiR.tree_id_0.Panthera_pardus.t=0.04488668005077763
Variable 'HxklaeiR.tree_id_0.Panthera_leo.t' was not initialized prior to being used
models.generic.SetBranchLength: HxklaeiR.tree_id_0.Panthera_leo.t=0
Variable 'HxklaeiR.tree_id_0.Node6.t' was not initialized prior to being used
models.generic.SetBranchLength: HxklaeiR.tree_id_0.Node6.t=0.02468499815946155
Variable 'HxklaeiR.tree_id_0.Node4.t' was not initialized prior to being used
models.generic.SetBranchLength: HxklaeiR.tree_id_0.Node4.t=0.02751081704901505
Variable 'HxklaeiR.tree_id_0.Lynx_lynx.t' was not initialized prior to being used
models.generic.SetBranchLength: HxklaeiR.tree_id_0.Lynx_lynx.t=0.06763042177589194
Variable 'HxklaeiR.tree_id_0.Felis_catus.t' was not initialized prior to being used
models.generic.SetBranchLength: HxklaeiR.tree_id_0.Felis_catus.t=0.04525779399422873
Variable 'HxklaeiR.tree_id_0.Node11.t' was not initialized prior to being used
models.generic.SetBranchLength: HxklaeiR.tree_id_0.Node11.t=0.04440770954547464
Variable 'HxklaeiR.tree_id_0.Puma_concolor.t' was not initialized prior to being used
models.generic.SetBranchLength: HxklaeiR.tree_id_0.Puma_concolor.t=0
Variable 'HxklaeiR.tree_id_0.Node10.t' was not initialized prior to being used
models.generic.SetBranchLength: HxklaeiR.tree_id_0.Node10.t=0
Variable 'HxklaeiR.tree_id_0.Acinonyx_jubatus.t' was not initialized prior to being used
models.generic.SetBranchLength: HxklaeiR.tree_id_0.Acinonyx_jubatus.t=0.06788749243429557
Variable 'HxklaeiR.tree_id_0.Node9.t' was not initialized prior to being used
models.generic.SetBranchLength: HxklaeiR.tree_id_0.Node9.t=0.06314699409832905
Variable 'HxklaeiR.tree_id_0.Node3.t' was not initialized prior to being used
models.generic.SetBranchLength: HxklaeiR.tree_id_0.Node3.t=1.780469079161084
Variable 'HxklaeiR.tree_id_0.Canis_lupus.t' was not initialized prior to being used
models.generic.SetBranchLength: HxklaeiR.tree_id_0.Canis_lupus.t=0
Variable 'HxklaeiR.tree_id_0.Vulpes_vulpes.t' was not initialized prior to being used
models.generic.SetBranchLength: HxklaeiR.tree_id_0.Vulpes_vulpes.t=0.157206479827156
Variable 'HxklaeiR.tree_id_0.Node17.t' was not initialized prior to being used
models.generic.SetBranchLength: HxklaeiR.tree_id_0.Node17.t=0.3689832970625876
Variable 'HxklaeiR.tree_id_0.Enhydra_lutris.t' was not initialized prior to being used
models.generic.SetBranchLength: HxklaeiR.tree_id_0.Enhydra_lutris.t=0.182944224690016
Variable 'HxklaeiR.tree_id_0.Lontra_canadensis.t' was not initialized prior to being used
models.generic.SetBranchLength: HxklaeiR.tree_id_0.Lontra_canadensis.t=0.0208575160017681
Variable 'HxklaeiR.tree_id_0.Node23.t' was not initialized prior to being used
models.generic.SetBranchLength: HxklaeiR.tree_id_0.Node23.t=0.1420546785125759
Variable 'HxklaeiR.tree_id_0.Neovison_vison.t' was not initialized prior to being used
models.generic.SetBranchLength: HxklaeiR.tree_id_0.Neovison_vison.t=0.09377160824535724
Variable 'HxklaeiR.tree_id_0.Mustela_putorius.t' was not initialized prior to being used
models.generic.SetBranchLength: HxklaeiR.tree_id_0.Mustela_putorius.t=0.1322831433823416
Variable 'HxklaeiR.tree_id_0.Node26.t' was not initialized prior to being used
models.generic.SetBranchLength: HxklaeiR.tree_id_0.Node26.t=0.07337617153105926
Variable 'HxklaeiR.tree_id_0.Node22.t' was not initialized prior to being used
models.generic.SetBranchLength: HxklaeiR.tree_id_0.Node22.t=1.576945777816877
Variable 'HxklaeiR.tree_id_0.Callorhinus_ursinus.t' was not initialized prior to being used
models.generic.SetBranchLength: HxklaeiR.tree_id_0.Callorhinus_ursinus.t=0.02222573126111482
Variable 'HxklaeiR.tree_id_0.Zalophus_californianus.t' was not initialized prior to being used
models.generic.SetBranchLength: HxklaeiR.tree_id_0.Zalophus_californianus.t=0
Variable 'HxklaeiR.tree_id_0.Eumetopias_jubatus.t' was not initialized prior to being used
models.generic.SetBranchLength: HxklaeiR.tree_id_0.Eumetopias_jubatus.t=0.02226643570019146
Variable 'HxklaeiR.tree_id_0.Node33.t' was not initialized prior to being used
models.generic.SetBranchLength: HxklaeiR.tree_id_0.Node33.t=0
Variable 'HxklaeiR.tree_id_0.Node31.t' was not initialized prior to being used
models.generic.SetBranchLength: HxklaeiR.tree_id_0.Node31.t=0
Variable 'HxklaeiR.tree_id_0.Odobenus_rosmarus.t' was not initialized prior to being used
models.generic.SetBranchLength: HxklaeiR.tree_id_0.Odobenus_rosmarus.t=0.1123108802702037
Variable 'HxklaeiR.tree_id_0.Node30.t' was not initialized prior to being used
models.generic.SetBranchLength: HxklaeiR.tree_id_0.Node30.t=0.07879760793401915
Variable 'HxklaeiR.tree_id_0.Leptonychotes_weddellii.t' was not initialized prior to being used
models.generic.SetBranchLength: HxklaeiR.tree_id_0.Leptonychotes_weddellii.t=0.0356819998235696
Variable 'HxklaeiR.tree_id_0.Mirounga_leonina.t' was not initialized prior to being used
models.generic.SetBranchLength: HxklaeiR.tree_id_0.Mirounga_leonina.t=0.06557713087293873
Variable 'HxklaeiR.tree_id_0.Node39.t' was not initialized prior to being used
models.generic.SetBranchLength: HxklaeiR.tree_id_0.Node39.t=0.03437638209679876
Variable 'HxklaeiR.tree_id_0.Monachus_schauinslandi.t' was not initialized prior to being used
models.generic.SetBranchLength: HxklaeiR.tree_id_0.Monachus_schauinslandi.t=0.06860591267116946
Variable 'HxklaeiR.tree_id_0.Node38.t' was not initialized prior to being used
models.generic.SetBranchLength: HxklaeiR.tree_id_0.Node38.t=0.2349821836237186
Variable 'HxklaeiR.tree_id_0.Phoca_vitulina.t' was not initialized prior to being used
models.generic.SetBranchLength: HxklaeiR.tree_id_0.Phoca_vitulina.t=0.1526252915730001
Variable 'HxklaeiR.tree_id_0.Node37.t' was not initialized prior to being used
models.generic.SetBranchLength: HxklaeiR.tree_id_0.Node37.t=0.0623229036445614
Variable 'HxklaeiR.tree_id_0.Node29.t' was not initialized prior to being used
models.generic.SetBranchLength: HxklaeiR.tree_id_0.Node29.t=0.4124170177560765
Variable 'HxklaeiR.tree_id_0.Node21.t' was not initialized prior to being used
models.generic.SetBranchLength: HxklaeiR.tree_id_0.Node21.t=0.008489597113655954
Variable 'HxklaeiR.tree_id_0.Ailuropoda_melanoleuca.t' was not initialized prior to being used
models.generic.SetBranchLength: HxklaeiR.tree_id_0.Ailuropoda_melanoleuca.t=0.1553387090924049
Variable 'HxklaeiR.tree_id_0.Ursus_thibetanus.t' was not initialized prior to being used
models.generic.SetBranchLength: HxklaeiR.tree_id_0.Ursus_thibetanus.t=0
Variable 'HxklaeiR.tree_id_0.Ursus_americanus.t' was not initialized prior to being used
models.generic.SetBranchLength: HxklaeiR.tree_id_0.Ursus_americanus.t=0.04403033214858362
Variable 'HxklaeiR.tree_id_0.Node47.t' was not initialized prior to being used
models.generic.SetBranchLength: HxklaeiR.tree_id_0.Node47.t=0
Variable 'HxklaeiR.tree_id_0.Ursus_arctos.t' was not initialized prior to being used
models.generic.SetBranchLength: HxklaeiR.tree_id_0.Ursus_arctos.t=0
Variable 'HxklaeiR.tree_id_0.Ursus_maritimus.t' was not initialized prior to being used
models.generic.SetBranchLength: HxklaeiR.tree_id_0.Ursus_maritimus.t=0
Variable 'HxklaeiR.tree_id_0.Node50.t' was not initialized prior to being used
models.generic.SetBranchLength: HxklaeiR.tree_id_0.Node50.t=0.06629855297448227
Variable 'HxklaeiR.tree_id_0.Node46.t' was not initialized prior to being used
models.generic.SetBranchLength: HxklaeiR.tree_id_0.Node46.t=0.2900064923560128
Variable 'HxklaeiR.tree_id_0.Node44.t' was not initialized prior to being used
models.generic.SetBranchLength: HxklaeiR.tree_id_0.Node44.t=0.4673937020920035
Variable 'HxklaeiR.tree_id_0.Node20.t' was not initialized prior to being used
models.generic.SetBranchLength: HxklaeiR.tree_id_0.Node20.t=0.2764255204555863
Variable 'HxklaeiR.tree_id_0.Node16.t' was not initialized prior to being used
models.generic.SetBranchLength: HxklaeiR.tree_id_0.Node16.t=0.3156165920203345
Variable 'HxklaeiR.HxklaeiR.likelihoodFunction' was not initialized prior to being used
Auto-benchmarked an optimal number (3) of threads.
Set GUI update interval to every 13-th LF evaluation.
Optimization settings:
	OPTIMIZATION_METHOD = 4
	OPTIMIZATION_PRECISION = 0.001
	MAXIMUM_ITERATIONS_PER_VARIABLE = 5000

Initial parameter values

relax.test.theta_AT = 0.209637
relax.test.theta_AC = 0.349312
relax.test.theta_CG = 0.32989
relax.reference.omega3 = 7.27482
relax.reference.omega2 = 0.4601
relax.reference.bsrel_mixture_aux_1 = 0.818182
relax.test.theta_GT = 0.287608
relax.test.theta_CT = 0.692069
relax.reference.bsrel_mixture_aux_0 = 0.45
relax.reference.omega1 = 0.145496
relax.K = 1
HxklaeiR.tree_id_0.Suricata_suricatta.t = 0.401666
HxklaeiR.tree_id_0.Panthera_tigris.t = 0.0430218
HxklaeiR.tree_id_0.Panthera_pardus.t = 0.0448867
HxklaeiR.tree_id_0.Panthera_leo.t = 0
HxklaeiR.tree_id_0.Node6.t = 0.024685
HxklaeiR.tree_id_0.Node4.t = 0.0275108
HxklaeiR.tree_id_0.Lynx_lynx.t = 0.0676304
HxklaeiR.tree_id_0.Felis_catus.t = 0.0452578
HxklaeiR.tree_id_0.Node11.t = 0.0444077
HxklaeiR.tree_id_0.Puma_concolor.t = 0
HxklaeiR.tree_id_0.Node10.t = 0
HxklaeiR.tree_id_0.Acinonyx_jubatus.t = 0.0678875
HxklaeiR.tree_id_0.Node9.t = 0.063147
HxklaeiR.tree_id_0.Node3.t = 1.78047
HxklaeiR.tree_id_0.Canis_lupus.t = 0
HxklaeiR.tree_id_0.Vulpes_vulpes.t = 0.157206
HxklaeiR.tree_id_0.Node17.t = 0.368983
HxklaeiR.tree_id_0.Enhydra_lutris.t = 0.182944
HxklaeiR.tree_id_0.Lontra_canadensis.t = 0.0208575
HxklaeiR.tree_id_0.Node23.t = 0.142055
HxklaeiR.tree_id_0.Neovison_vison.t = 0.0937716
HxklaeiR.tree_id_0.Mustela_putorius.t = 0.132283
HxklaeiR.tree_id_0.Node26.t = 0.0733762
HxklaeiR.tree_id_0.Node22.t = 1.57695
HxklaeiR.tree_id_0.Callorhinus_ursinus.t = 0.0222257
HxklaeiR.tree_id_0.Zalophus_californianus.t = 0
HxklaeiR.tree_id_0.Eumetopias_jubatus.t = 0.0222664
HxklaeiR.tree_id_0.Node33.t = 0
HxklaeiR.tree_id_0.Node31.t = 0
HxklaeiR.tree_id_0.Odobenus_rosmarus.t = 0.112311
HxklaeiR.tree_id_0.Node30.t = 0.0787976
HxklaeiR.tree_id_0.Leptonychotes_weddellii.t = 0.035682
HxklaeiR.tree_id_0.Mirounga_leonina.t = 0.0655771
HxklaeiR.tree_id_0.Node39.t = 0.0343764
HxklaeiR.tree_id_0.Monachus_schauinslandi.t = 0.0686059
HxklaeiR.tree_id_0.Node38.t = 0.234982
HxklaeiR.tree_id_0.Phoca_vitulina.t = 0.152625
HxklaeiR.tree_id_0.Node37.t = 0.0623229
HxklaeiR.tree_id_0.Node29.t = 0.412417
HxklaeiR.tree_id_0.Node21.t = 0.0084896
HxklaeiR.tree_id_0.Ailuropoda_melanoleuca.t = 0.155339
HxklaeiR.tree_id_0.Ursus_thibetanus.t = 0
HxklaeiR.tree_id_0.Ursus_americanus.t = 0.0440303
HxklaeiR.tree_id_0.Node47.t = 0
HxklaeiR.tree_id_0.Ursus_arctos.t = 0
HxklaeiR.tree_id_0.Ursus_maritimus.t = 0
HxklaeiR.tree_id_0.Node50.t = 0.0662986
HxklaeiR.tree_id_0.Node46.t = 0.290006
HxklaeiR.tree_id_0.Node44.t = 0.467394
HxklaeiR.tree_id_0.Node20.t = 0.276426
HxklaeiR.tree_id_0.Node16.t = 0.315617
Optimization finished in 26 loop passes.
6207 likelihood evaluation calls and 229176 matrix exponentiations calls were made

Variable 'MPI_NODE_COUNT' was not initialized prior to being used
No nodel was assigned to Suricata_suricatta
No nodel was assigned to Panthera_tigris
No nodel was assigned to Panthera_pardus
No nodel was assigned to Panthera_leo
No nodel was assigned to Node6
No nodel was assigned to Node4
No nodel was assigned to Lynx_lynx
No nodel was assigned to Felis_catus
No nodel was assigned to Node11
No nodel was assigned to Puma_concolor
No nodel was assigned to Node10
No nodel was assigned to Acinonyx_jubatus
No nodel was assigned to Node9
No nodel was assigned to Node3
No nodel was assigned to Canis_lupus
No nodel was assigned to Vulpes_vulpes
No nodel was assigned to Node17
No nodel was assigned to Enhydra_lutris
No nodel was assigned to Lontra_canadensis
No nodel was assigned to Node23
No nodel was assigned to Neovison_vison
No nodel was assigned to Mustela_putorius
No nodel was assigned to Node26
No nodel was assigned to Node22
No nodel was assigned to Callorhinus_ursinus
No nodel was assigned to Zalophus_californianus
No nodel was assigned to Eumetopias_jubatus
No nodel was assigned to Node33
No nodel was assigned to Node31
No nodel was assigned to Odobenus_rosmarus
No nodel was assigned to Node30
No nodel was assigned to Leptonychotes_weddellii
No nodel was assigned to Mirounga_leonina
No nodel was assigned to Node39
No nodel was assigned to Monachus_schauinslandi
No nodel was assigned to Node38
No nodel was assigned to Phoca_vitulina
No nodel was assigned to Node37
No nodel was assigned to Node29
No nodel was assigned to Node21
No nodel was assigned to Ailuropoda_melanoleuca
No nodel was assigned to Ursus_thibetanus
No nodel was assigned to Ursus_americanus
No nodel was assigned to Node47
No nodel was assigned to Ursus_arctos
No nodel was assigned to Ursus_maritimus
No nodel was assigned to Node50
No nodel was assigned to Node46
No nodel was assigned to Node44
No nodel was assigned to Node20
No nodel was assigned to Node16
Likelihood function cleared because partition index '0' points to invalid components
The tips of the tree:HxklaeiR.tree_id_0 were matched with the species names from the data in the following numeric order (0-based) {7,5,4,6,3,2,0,1,25,26,21,22,23,24,8,9,10,11,14,15,13,12,20,18,19,16,17}

Pseudo-optimal path's cost 5608 vs 6748 for 1..k=> a 1.20328 x improvement
Partition 0 is ASSUMED to have a reversible model
relax.reference.theta_AC was already constrained in estimators.SetGlobals2
relax.reference.theta_AG was already constrained in estimators.SetGlobals2
relax.reference.theta_AT was already constrained in estimators.SetGlobals2
relax.reference.theta_CG was already constrained in estimators.SetGlobals2
relax.reference.theta_CT was already constrained in estimators.SetGlobals2
relax.reference.theta_GT was already constrained in estimators.SetGlobals2
relax.test.bsrel_mixture_aux_0 was already constrained in estimators.SetGlobals2
relax.test.bsrel_mixture_aux_1 was already constrained in estimators.SetGlobals2
relax.test.theta_AG was already constrained in estimators.SetGlobals2
relax.test.omega1 was already constrained in estimators.SetGlobals2
relax.test.omega2 was already constrained in estimators.SetGlobals2
relax.test.omega3 was already constrained in estimators.SetGlobals2
Variable 'HxklaeiR.tree_id_0.Suricata_suricatta.t' was not initialized prior to being used
models.generic.SetBranchLength: HxklaeiR.tree_id_0.Suricata_suricatta.t=0.6426497442582595
Variable 'HxklaeiR.tree_id_0.Panthera_tigris.t' was not initialized prior to being used
models.generic.SetBranchLength: HxklaeiR.tree_id_0.Panthera_tigris.t=0.06100987552510904
Variable 'HxklaeiR.tree_id_0.Panthera_pardus.t' was not initialized prior to being used
models.generic.SetBranchLength: HxklaeiR.tree_id_0.Panthera_pardus.t=0.06316639856741982
Variable 'HxklaeiR.tree_id_0.Panthera_leo.t' was not initialized prior to being used
models.generic.SetBranchLength: HxklaeiR.tree_id_0.Panthera_leo.t=0
Variable 'HxklaeiR.tree_id_0.Node6.t' was not initialized prior to being used
models.generic.SetBranchLength: HxklaeiR.tree_id_0.Node6.t=0.03450756394872688
Variable 'HxklaeiR.tree_id_0.Node4.t' was not initialized prior to being used
models.generic.SetBranchLength: HxklaeiR.tree_id_0.Node4.t=0.04115294072495306
Variable 'HxklaeiR.tree_id_0.Lynx_lynx.t' was not initialized prior to being used
models.generic.SetBranchLength: HxklaeiR.tree_id_0.Lynx_lynx.t=0.095093817568749
Variable 'HxklaeiR.tree_id_0.Felis_catus.t' was not initialized prior to being used
models.generic.SetBranchLength: HxklaeiR.tree_id_0.Felis_catus.t=0.06398482871576035
Variable 'HxklaeiR.tree_id_0.Node11.t' was not initialized prior to being used
models.generic.SetBranchLength: HxklaeiR.tree_id_0.Node11.t=0.06247703991675967
Variable 'HxklaeiR.tree_id_0.Puma_concolor.t' was not initialized prior to being used
models.generic.SetBranchLength: HxklaeiR.tree_id_0.Puma_concolor.t=0
Variable 'HxklaeiR.tree_id_0.Node10.t' was not initialized prior to being used
models.generic.SetBranchLength: HxklaeiR.tree_id_0.Node10.t=0
Variable 'HxklaeiR.tree_id_0.Acinonyx_jubatus.t' was not initialized prior to being used
models.generic.SetBranchLength: HxklaeiR.tree_id_0.Acinonyx_jubatus.t=0.09554376186931443
Variable 'HxklaeiR.tree_id_0.Node9.t' was not initialized prior to being used
models.generic.SetBranchLength: HxklaeiR.tree_id_0.Node9.t=0.08743869584036791
Variable 'HxklaeiR.tree_id_0.Node3.t' was not initialized prior to being used
models.generic.SetBranchLength: HxklaeiR.tree_id_0.Node3.t=2.756902238160816
Variable 'HxklaeiR.tree_id_0.Canis_lupus.t' was not initialized prior to being used
models.generic.SetBranchLength: HxklaeiR.tree_id_0.Canis_lupus.t=0
Variable 'HxklaeiR.tree_id_0.Vulpes_vulpes.t' was not initialized prior to being used
models.generic.SetBranchLength: HxklaeiR.tree_id_0.Vulpes_vulpes.t=0.2261890119316414
Variable 'HxklaeiR.tree_id_0.Node17.t' was not initialized prior to being used
models.generic.SetBranchLength: HxklaeiR.tree_id_0.Node17.t=0.6058376714381017
Variable 'HxklaeiR.tree_id_0.Enhydra_lutris.t' was not initialized prior to being used
models.generic.SetBranchLength: HxklaeiR.tree_id_0.Enhydra_lutris.t=0.2698374823007042
Variable 'HxklaeiR.tree_id_0.Lontra_canadensis.t' was not initialized prior to being used
models.generic.SetBranchLength: HxklaeiR.tree_id_0.Lontra_canadensis.t=0.03036265918438527
Variable 'HxklaeiR.tree_id_0.Node23.t' was not initialized prior to being used
models.generic.SetBranchLength: HxklaeiR.tree_id_0.Node23.t=0.2050328529350863
Variable 'HxklaeiR.tree_id_0.Neovison_vison.t' was not initialized prior to being used
models.generic.SetBranchLength: HxklaeiR.tree_id_0.Neovison_vison.t=0.1390308873666476
Variable 'HxklaeiR.tree_id_0.Mustela_putorius.t' was not initialized prior to being used
models.generic.SetBranchLength: HxklaeiR.tree_id_0.Mustela_putorius.t=0.2018132256020873
Variable 'HxklaeiR.tree_id_0.Node26.t' was not initialized prior to being used
models.generic.SetBranchLength: HxklaeiR.tree_id_0.Node26.t=0.1077115797893972
Variable 'HxklaeiR.tree_id_0.Node22.t' was not initialized prior to being used
models.generic.SetBranchLength: HxklaeiR.tree_id_0.Node22.t=3.407007143742076
Variable 'HxklaeiR.tree_id_0.Callorhinus_ursinus.t' was not initialized prior to being used
models.generic.SetBranchLength: HxklaeiR.tree_id_0.Callorhinus_ursinus.t=0.03184438754441377
Variable 'HxklaeiR.tree_id_0.Zalophus_californianus.t' was not initialized prior to being used
models.generic.SetBranchLength: HxklaeiR.tree_id_0.Zalophus_californianus.t=0
Variable 'HxklaeiR.tree_id_0.Eumetopias_jubatus.t' was not initialized prior to being used
models.generic.SetBranchLength: HxklaeiR.tree_id_0.Eumetopias_jubatus.t=0.03089151857768039
Variable 'HxklaeiR.tree_id_0.Node33.t' was not initialized prior to being used
models.generic.SetBranchLength: HxklaeiR.tree_id_0.Node33.t=0
Variable 'HxklaeiR.tree_id_0.Node31.t' was not initialized prior to being used
models.generic.SetBranchLength: HxklaeiR.tree_id_0.Node31.t=0
Variable 'HxklaeiR.tree_id_0.Odobenus_rosmarus.t' was not initialized prior to being used
models.generic.SetBranchLength: HxklaeiR.tree_id_0.Odobenus_rosmarus.t=0.160126687692825
Variable 'HxklaeiR.tree_id_0.Node30.t' was not initialized prior to being used
models.generic.SetBranchLength: HxklaeiR.tree_id_0.Node30.t=0.1167475504723803
Variable 'HxklaeiR.tree_id_0.Leptonychotes_weddellii.t' was not initialized prior to being used
models.generic.SetBranchLength: HxklaeiR.tree_id_0.Leptonychotes_weddellii.t=0.05041072618683706
Variable 'HxklaeiR.tree_id_0.Mirounga_leonina.t' was not initialized prior to being used
models.generic.SetBranchLength: HxklaeiR.tree_id_0.Mirounga_leonina.t=0.09219712167128173
Variable 'HxklaeiR.tree_id_0.Node39.t' was not initialized prior to being used
models.generic.SetBranchLength: HxklaeiR.tree_id_0.Node39.t=0.04933409838243737
Variable 'HxklaeiR.tree_id_0.Monachus_schauinslandi.t' was not initialized prior to being used
models.generic.SetBranchLength: HxklaeiR.tree_id_0.Monachus_schauinslandi.t=0.09614610241833103
Variable 'HxklaeiR.tree_id_0.Node38.t' was not initialized prior to being used
models.generic.SetBranchLength: HxklaeiR.tree_id_0.Node38.t=0.3563032985108827
Variable 'HxklaeiR.tree_id_0.Phoca_vitulina.t' was not initialized prior to being used
models.generic.SetBranchLength: HxklaeiR.tree_id_0.Phoca_vitulina.t=0.233633745548041
Variable 'HxklaeiR.tree_id_0.Node37.t' was not initialized prior to being used
models.generic.SetBranchLength: HxklaeiR.tree_id_0.Node37.t=0.08448874855416681
Variable 'HxklaeiR.tree_id_0.Node29.t' was not initialized prior to being used
models.generic.SetBranchLength: HxklaeiR.tree_id_0.Node29.t=0.6792038168684117
Variable 'HxklaeiR.tree_id_0.Node21.t' was not initialized prior to being used
models.generic.SetBranchLength: HxklaeiR.tree_id_0.Node21.t=0
Variable 'HxklaeiR.tree_id_0.Ailuropoda_melanoleuca.t' was not initialized prior to being used
models.generic.SetBranchLength: HxklaeiR.tree_id_0.Ailuropoda_melanoleuca.t=0.2252825598104144
Variable 'HxklaeiR.tree_id_0.Ursus_thibetanus.t' was not initialized prior to being used
models.generic.SetBranchLength: HxklaeiR.tree_id_0.Ursus_thibetanus.t=0
Variable 'HxklaeiR.tree_id_0.Ursus_americanus.t' was not initialized prior to being used
models.generic.SetBranchLength: HxklaeiR.tree_id_0.Ursus_americanus.t=0.06040201809179605
Variable 'HxklaeiR.tree_id_0.Node47.t' was not initialized prior to being used
models.generic.SetBranchLength: HxklaeiR.tree_id_0.Node47.t=0
Variable 'HxklaeiR.tree_id_0.Ursus_arctos.t' was not initialized prior to being used
models.generic.SetBranchLength: HxklaeiR.tree_id_0.Ursus_arctos.t=0
Variable 'HxklaeiR.tree_id_0.Ursus_maritimus.t' was not initialized prior to being used
models.generic.SetBranchLength: HxklaeiR.tree_id_0.Ursus_maritimus.t=0
Variable 'HxklaeiR.tree_id_0.Node50.t' was not initialized prior to being used
models.generic.SetBranchLength: HxklaeiR.tree_id_0.Node50.t=0.09471338622575626
Variable 'HxklaeiR.tree_id_0.Node46.t' was not initialized prior to being used
models.generic.SetBranchLength: HxklaeiR.tree_id_0.Node46.t=0.4505962155128673
Variable 'HxklaeiR.tree_id_0.Node44.t' was not initialized prior to being used
models.generic.SetBranchLength: HxklaeiR.tree_id_0.Node44.t=0.7283791584901298
Variable 'HxklaeiR.tree_id_0.Node20.t' was not initialized prior to being used
models.generic.SetBranchLength: HxklaeiR.tree_id_0.Node20.t=0.3936010697130472
Variable 'HxklaeiR.tree_id_0.Node16.t' was not initialized prior to being used
models.generic.SetBranchLength: HxklaeiR.tree_id_0.Node16.t=0.4498366319463118
Auto-benchmarked an optimal number (4) of threads.
Set GUI update interval to every 15-th LF evaluation.
Optimization settings:
	OPTIMIZATION_METHOD = 4
	OPTIMIZATION_PRECISION = 0.001
	MAXIMUM_ITERATIONS_PER_VARIABLE = 5000

Initial parameter values

relax.test.theta_AT = 0.17472
relax.test.theta_AC = 0.299932
relax.test.theta_CG = 0.300874
relax.reference.omega3 = 7.25307
relax.reference.omega2 = 0.386839
relax.reference.bsrel_mixture_aux_1 = 0.881753
relax.test.theta_GT = 0.265239
relax.test.theta_CT = 0.684796
relax.reference.bsrel_mixture_aux_0 = 0.521301
relax.reference.omega1 = 0.153554
relax.K = 1
HxklaeiR.tree_id_0.Suricata_suricatta.t = 0.64265
HxklaeiR.tree_id_0.Panthera_tigris.t = 0.0610099
HxklaeiR.tree_id_0.Panthera_pardus.t = 0.0631664
HxklaeiR.tree_id_0.Panthera_leo.t = 0
HxklaeiR.tree_id_0.Node6.t = 0.0345076
HxklaeiR.tree_id_0.Node4.t = 0.0411529
HxklaeiR.tree_id_0.Lynx_lynx.t = 0.0950938
HxklaeiR.tree_id_0.Felis_catus.t = 0.0639848
HxklaeiR.tree_id_0.Node11.t = 0.062477
HxklaeiR.tree_id_0.Puma_concolor.t = 0
HxklaeiR.tree_id_0.Node10.t = 0
HxklaeiR.tree_id_0.Acinonyx_jubatus.t = 0.0955438
HxklaeiR.tree_id_0.Node9.t = 0.0874387
HxklaeiR.tree_id_0.Node3.t = 2.7569
HxklaeiR.tree_id_0.Canis_lupus.t = 0
HxklaeiR.tree_id_0.Vulpes_vulpes.t = 0.226189
HxklaeiR.tree_id_0.Node17.t = 0.605838
HxklaeiR.tree_id_0.Enhydra_lutris.t = 0.269837
HxklaeiR.tree_id_0.Lontra_canadensis.t = 0.0303627
HxklaeiR.tree_id_0.Node23.t = 0.205033
HxklaeiR.tree_id_0.Neovison_vison.t = 0.139031
HxklaeiR.tree_id_0.Mustela_putorius.t = 0.201813
HxklaeiR.tree_id_0.Node26.t = 0.107712
HxklaeiR.tree_id_0.Node22.t = 3.40701
HxklaeiR.tree_id_0.Callorhinus_ursinus.t = 0.0318444
HxklaeiR.tree_id_0.Zalophus_californianus.t = 0
HxklaeiR.tree_id_0.Eumetopias_jubatus.t = 0.0308915
HxklaeiR.tree_id_0.Node33.t = 0
HxklaeiR.tree_id_0.Node31.t = 0
HxklaeiR.tree_id_0.Odobenus_rosmarus.t = 0.160127
HxklaeiR.tree_id_0.Node30.t = 0.116748
HxklaeiR.tree_id_0.Leptonychotes_weddellii.t = 0.0504107
HxklaeiR.tree_id_0.Mirounga_leonina.t = 0.0921971
HxklaeiR.tree_id_0.Node39.t = 0.0493341
HxklaeiR.tree_id_0.Monachus_schauinslandi.t = 0.0961461
HxklaeiR.tree_id_0.Node38.t = 0.356303
HxklaeiR.tree_id_0.Phoca_vitulina.t = 0.233634
HxklaeiR.tree_id_0.Node37.t = 0.0844887
HxklaeiR.tree_id_0.Node29.t = 0.679204
HxklaeiR.tree_id_0.Node21.t = 0
HxklaeiR.tree_id_0.Ailuropoda_melanoleuca.t = 0.225283
HxklaeiR.tree_id_0.Ursus_thibetanus.t = 0
HxklaeiR.tree_id_0.Ursus_americanus.t = 0.060402
HxklaeiR.tree_id_0.Node47.t = 0
HxklaeiR.tree_id_0.Ursus_arctos.t = 0
HxklaeiR.tree_id_0.Ursus_maritimus.t = 0
HxklaeiR.tree_id_0.Node50.t = 0.0947134
HxklaeiR.tree_id_0.Node46.t = 0.450596
HxklaeiR.tree_id_0.Node44.t = 0.728379
HxklaeiR.tree_id_0.Node20.t = 0.393601
HxklaeiR.tree_id_0.Node16.t = 0.449837
Optimization finished in 35 loop passes.
7101 likelihood evaluation calls and 279612 matrix exponentiations calls were made

Variable 'gTamzFfB.HxklaeiR.likelihoodFunction' was not initialized prior to being used
Auto-benchmarked an optimal number (4) of threads.
Set GUI update interval to every 17-th LF evaluation.
Optimization settings:
	OPTIMIZATION_METHOD = 4
	OPTIMIZATION_PRECISION = 0.001
	MAXIMUM_ITERATIONS_PER_VARIABLE = 5000

Initial parameter values

relax.test.theta_AT = 0.176318
relax.test.theta_AC = 0.3011
relax.test.theta_CG = 0.301101
relax.reference.omega3 = 6.6918
relax.reference.omega2 = 0.314504
relax.reference.bsrel_mixture_aux_1 = 0.844009
relax.test.theta_CT = 0.685334
relax.test.theta_GT = 0.266306
relax.reference.omega1 = 0.20885
relax.reference.bsrel_mixture_aux_0 = 0.605157
HxklaeiR.tree_id_0.Suricata_suricatta.t = 0.213575
HxklaeiR.tree_id_0.Panthera_tigris.t = 0.021248
HxklaeiR.tree_id_0.Panthera_pardus.t = 0.0212932
HxklaeiR.tree_id_0.Panthera_leo.t = 0
HxklaeiR.tree_id_0.Node6.t = 0.011844
HxklaeiR.tree_id_0.Node4.t = 0.0146017
HxklaeiR.tree_id_0.Lynx_lynx.t = 0.0320696
HxklaeiR.tree_id_0.Felis_catus.t = 0.0223209
HxklaeiR.tree_id_0.Node11.t = 0.0211872
HxklaeiR.tree_id_0.Puma_concolor.t = 0
HxklaeiR.tree_id_0.Node10.t = 0
HxklaeiR.tree_id_0.Acinonyx_jubatus.t = 0.0325206
HxklaeiR.tree_id_0.Node9.t = 0.0284908
HxklaeiR.tree_id_0.Node3.t = 0.926393
HxklaeiR.tree_id_0.Canis_lupus.t = 0
HxklaeiR.tree_id_0.Vulpes_vulpes.t = 0.0759762
HxklaeiR.tree_id_0.Node17.t = 0.201402
HxklaeiR.tree_id_0.Enhydra_lutris.t = 0.0903804
HxklaeiR.tree_id_0.Lontra_canadensis.t = 0.0101925
HxklaeiR.tree_id_0.Node23.t = 0.0686429
HxklaeiR.tree_id_0.Neovison_vison.t = 0.0465626
HxklaeiR.tree_id_0.Mustela_putorius.t = 0.0675176
HxklaeiR.tree_id_0.Node26.t = 0.0361717
HxklaeiR.tree_id_0.Node22.t = 1.13696
HxklaeiR.tree_id_0.Callorhinus_ursinus.t = 0.0106942
HxklaeiR.tree_id_0.Zalophus_californianus.t = 0
HxklaeiR.tree_id_0.Eumetopias_jubatus.t = 0.0103908
HxklaeiR.tree_id_0.Node33.t = 0
HxklaeiR.tree_id_0.Node31.t = 0
HxklaeiR.tree_id_0.Odobenus_rosmarus.t = 0.0537358
HxklaeiR.tree_id_0.Node30.t = 0.0391815
HxklaeiR.tree_id_0.Leptonychotes_weddellii.t = 0.0169343
HxklaeiR.tree_id_0.Mirounga_leonina.t = 0.0309911
HxklaeiR.tree_id_0.Node39.t = 0.0165697
HxklaeiR.tree_id_0.Monachus_schauinslandi.t = 0.032317
HxklaeiR.tree_id_0.Node38.t = 0.11923
HxklaeiR.tree_id_0.Phoca_vitulina.t = 0.0781166
HxklaeiR.tree_id_0.Node37.t = 0.0283747
HxklaeiR.tree_id_0.Node29.t = 0.226363
HxklaeiR.tree_id_0.Node21.t = 0
HxklaeiR.tree_id_0.Ailuropoda_melanoleuca.t = 0.0755552
HxklaeiR.tree_id_0.Ursus_thibetanus.t = 0
HxklaeiR.tree_id_0.Ursus_americanus.t = 0.0203237
HxklaeiR.tree_id_0.Node47.t = 0
HxklaeiR.tree_id_0.Ursus_arctos.t = 0
HxklaeiR.tree_id_0.Ursus_maritimus.t = 0
HxklaeiR.tree_id_0.Node50.t = 0.0318311
HxklaeiR.tree_id_0.Node46.t = 0.15044
HxklaeiR.tree_id_0.Node44.t = 0.24227
HxklaeiR.tree_id_0.Node20.t = 0.132134
HxklaeiR.tree_id_0.Node16.t = 0.151626
Optimization finished in 7 loop passes.
1261 likelihood evaluation calls and 46905 matrix exponentiations calls were made

Variable 'USE_JSON_FOR_MATRIX' was not initialized prior to being used