
Loaded 'libv3/all-terms.bf' from /usr/local/lib/hyphy/TemplateBatchFiles/libv3/all-terms.bf
Loaded 'libv3/UtilityFunctions.bf' from /usr/local/lib/hyphy/TemplateBatchFiles/libv3/UtilityFunctions.bf
Loaded 'IOFunctions.bf' from /usr/local/lib/hyphy/TemplateBatchFiles/libv3/IOFunctions.bf
Already loaded 'libv3/UtilityFunctions.bf' from /usr/local/lib/hyphy/TemplateBatchFiles/libv3/UtilityFunctions.bf
Loaded 'convenience/regexp.bf' from /usr/local/lib/hyphy/TemplateBatchFiles/libv3/convenience/regexp.bf
Already loaded 'libv3/all-terms.bf' from /usr/local/lib/hyphy/TemplateBatchFiles/libv3/all-terms.bf
Already loaded 'libv3/IOFunctions.bf' from /usr/local/lib/hyphy/TemplateBatchFiles/libv3/IOFunctions.bf
Loaded 'libv3/models/codon/MG_REV.bf' from /usr/local/lib/hyphy/TemplateBatchFiles/libv3/models/codon/MG_REV.bf
Loaded '../codon.bf' from /usr/local/lib/hyphy/TemplateBatchFiles/libv3/models/codon.bf
Loaded '../tasks/genetic_code.bf' from /usr/local/lib/hyphy/TemplateBatchFiles/libv3/tasks/genetic_code.bf
Loaded 'libv3/convenience/matrix.bf' from /usr/local/lib/hyphy/TemplateBatchFiles/libv3/convenience/matrix.bf
Already loaded 'libv3/UtilityFunctions.bf' from /usr/local/lib/hyphy/TemplateBatchFiles/libv3/UtilityFunctions.bf
Already loaded 'libv3/all-terms.bf' from /usr/local/lib/hyphy/TemplateBatchFiles/libv3/all-terms.bf
Already loaded '../UtilityFunctions.bf' from /usr/local/lib/hyphy/TemplateBatchFiles/libv3/UtilityFunctions.bf
Loaded '../DNA.bf' from /usr/local/lib/hyphy/TemplateBatchFiles/libv3/models/DNA.bf
Loaded 'frequencies.bf' from /usr/local/lib/hyphy/TemplateBatchFiles/libv3/models/frequencies.bf
Already loaded '../all-terms.bf' from /usr/local/lib/hyphy/TemplateBatchFiles/libv3/all-terms.bf
Loaded 'parameters.bf' from /usr/local/lib/hyphy/TemplateBatchFiles/libv3/models/parameters.bf
Loaded 'GrabBag' from /usr/local/lib/hyphy/TemplateBatchFiles/Utility/GrabBag.bf
Overwritten previously defined function:'_sortStringsAux'
Already loaded 'libv3/all-terms.bf' from /usr/local/lib/hyphy/TemplateBatchFiles/libv3/all-terms.bf
Already loaded '../UtilityFunctions.bf' from /usr/local/lib/hyphy/TemplateBatchFiles/libv3/UtilityFunctions.bf
Loaded 'model_functions.bf' from /usr/local/lib/hyphy/TemplateBatchFiles/libv3/models/model_functions.bf
Already loaded 'DNA.bf' from /usr/local/lib/hyphy/TemplateBatchFiles/libv3/models/DNA.bf
Already loaded 'parameters.bf' from /usr/local/lib/hyphy/TemplateBatchFiles/libv3/models/parameters.bf
Already loaded 'frequencies.bf' from /usr/local/lib/hyphy/TemplateBatchFiles/libv3/models/frequencies.bf
Already loaded '../UtilityFunctions.bf' from /usr/local/lib/hyphy/TemplateBatchFiles/libv3/UtilityFunctions.bf
Already loaded '../convenience/regexp.bf' from /usr/local/lib/hyphy/TemplateBatchFiles/libv3/convenience/regexp.bf
Already loaded 'libv3/all-terms.bf' from /usr/local/lib/hyphy/TemplateBatchFiles/libv3/all-terms.bf
Already loaded '../parameters.bf' from /usr/local/lib/hyphy/TemplateBatchFiles/libv3/models/parameters.bf
Already loaded '../frequencies.bf' from /usr/local/lib/hyphy/TemplateBatchFiles/libv3/models/frequencies.bf
Already loaded '../../UtilityFunctions.bf' from /usr/local/lib/hyphy/TemplateBatchFiles/libv3/UtilityFunctions.bf
Loaded 'libv3/tasks/estimators.bf' from /usr/local/lib/hyphy/TemplateBatchFiles/libv3/tasks/estimators.bf
Already loaded '../models/model_functions.bf' from /usr/local/lib/hyphy/TemplateBatchFiles/libv3/models/model_functions.bf
Loaded '../models/DNA/GTR.bf' from /usr/local/lib/hyphy/TemplateBatchFiles/libv3/models/DNA/GTR.bf
Already loaded '../DNA.bf' from /usr/local/lib/hyphy/TemplateBatchFiles/libv3/models/DNA.bf
Already loaded '../parameters.bf' from /usr/local/lib/hyphy/TemplateBatchFiles/libv3/models/parameters.bf
Already loaded '../frequencies.bf' from /usr/local/lib/hyphy/TemplateBatchFiles/libv3/models/frequencies.bf
Already loaded '../../UtilityFunctions.bf' from /usr/local/lib/hyphy/TemplateBatchFiles/libv3/UtilityFunctions.bf
Already loaded 'libv3/all-terms.bf' from /usr/local/lib/hyphy/TemplateBatchFiles/libv3/all-terms.bf
Already loaded '../convenience/regexp.bf' from /usr/local/lib/hyphy/TemplateBatchFiles/libv3/convenience/regexp.bf
Already loaded 'libv3/all-terms.bf' from /usr/local/lib/hyphy/TemplateBatchFiles/libv3/all-terms.bf
Loaded 'libv3/tasks/alignments.bf' from /usr/local/lib/hyphy/TemplateBatchFiles/libv3/tasks/alignments.bf
Already loaded '../IOFunctions.bf' from /usr/local/lib/hyphy/TemplateBatchFiles/libv3/IOFunctions.bf
Already loaded '../all-terms.bf' from /usr/local/lib/hyphy/TemplateBatchFiles/libv3/all-terms.bf
Loaded 'libv3/tasks/trees.bf' from /usr/local/lib/hyphy/TemplateBatchFiles/libv3/tasks/trees.bf
Already loaded '../IOFunctions.bf' from /usr/local/lib/hyphy/TemplateBatchFiles/libv3/IOFunctions.bf
Already loaded '../all-terms.bf' from /usr/local/lib/hyphy/TemplateBatchFiles/libv3/all-terms.bf
Already loaded '../convenience/regexp.bf' from /usr/local/lib/hyphy/TemplateBatchFiles/libv3/convenience/regexp.bf
Already loaded '../UtilityFunctions.bf' from /usr/local/lib/hyphy/TemplateBatchFiles/libv3/UtilityFunctions.bf
Loaded 'TreeTools' from /usr/local/lib/hyphy/TemplateBatchFiles/TreeTools.ibf
Loaded 'modules/io_functions.ibf' from /usr/local/lib/hyphy/TemplateBatchFiles/SelectionAnalyses/modules/io_functions.ibf
Already loaded 'libv3/UtilityFunctions.bf' from /usr/local/lib/hyphy/TemplateBatchFiles/libv3/UtilityFunctions.bf
Already loaded 'libv3/IOFunctions.bf' from /usr/local/lib/hyphy/TemplateBatchFiles/libv3/IOFunctions.bf
Already loaded 'libv3/convenience/regexp.bf' from /usr/local/lib/hyphy/TemplateBatchFiles/libv3/convenience/regexp.bf
Already loaded 'libv3/all-terms.bf' from /usr/local/lib/hyphy/TemplateBatchFiles/libv3/all-terms.bf
Loaded 'modules/selection_lib.ibf' from /usr/local/lib/hyphy/TemplateBatchFiles/SelectionAnalyses/modules/selection_lib.ibf
Loaded 'libv3/models/codon/BS_REL.bf' from /usr/local/lib/hyphy/TemplateBatchFiles/libv3/models/codon/BS_REL.bf
Already loaded '../codon.bf' from /usr/local/lib/hyphy/TemplateBatchFiles/libv3/models/codon.bf
Already loaded '../DNA.bf' from /usr/local/lib/hyphy/TemplateBatchFiles/libv3/models/DNA.bf
Already loaded '../parameters.bf' from /usr/local/lib/hyphy/TemplateBatchFiles/libv3/models/parameters.bf
Already loaded '../frequencies.bf' from /usr/local/lib/hyphy/TemplateBatchFiles/libv3/models/frequencies.bf
Already loaded '../../UtilityFunctions.bf' from /usr/local/lib/hyphy/TemplateBatchFiles/libv3/UtilityFunctions.bf
Already loaded 'MG_REV.bf' from /usr/local/lib/hyphy/TemplateBatchFiles/libv3/models/codon/MG_REV.bf
Loaded '../../convenience/math.bf' from /usr/local/lib/hyphy/TemplateBatchFiles/libv3/convenience/math.bf
Already loaded 'libv3/UtilityFunctions.bf' from /usr/local/lib/hyphy/TemplateBatchFiles/libv3/UtilityFunctions.bf
Already loaded 'libv3/convenience/math.bf' from /usr/local/lib/hyphy/TemplateBatchFiles/libv3/convenience/math.bf
Loaded 'libv3/tasks/mpi.bf' from /usr/local/lib/hyphy/TemplateBatchFiles/libv3/tasks/mpi.bf
Already loaded '../all-terms.bf' from /usr/local/lib/hyphy/TemplateBatchFiles/libv3/all-terms.bf
Already loaded '../models/parameters.bf' from /usr/local/lib/hyphy/TemplateBatchFiles/libv3/models/parameters.bf
Variable 'NORMALIZE_SEQUENCE_NAMES' was not initialized prior to being used
Variable 'ASSUME_REVERSIBLE_MODELS' was not initialized prior to being used
Loaded 'modules/shared-load-file.bf' from /usr/local/lib/hyphy/TemplateBatchFiles/SelectionAnalyses/modules/shared-load-file.bf
Variable 'MARKDOWN_OUTPUT' was not initialized prior to being used
Already loaded 'libv3/convenience/matrix.bf' from /usr/local/lib/hyphy/TemplateBatchFiles/libv3/convenience/matrix.bf
Already loaded 'libv3/UtilityFunctions.bf' from /usr/local/lib/hyphy/TemplateBatchFiles/libv3/UtilityFunctions.bf
Variable 'mjDcuFCs.skipCodeSelectionStep' was not initialized prior to being used
Row and/or column partition is empty. All the data will be used by default.
Variable 'NEXUS_FILE_TREE_MATRIX' was not initialized prior to being used
Variable 'utility.ToggleEnvVariable.cache' was not initialized prior to being used
Variable 'TREE_NODE_NAME_MAPPING' was not initialized prior to being used
Variable 'UxRUaOAt.PROMPT_FOR_FILE' was not initialized prior to being used
Variable 'END_OF_FILE' was not initialized prior to being used
Variable '_DO_TREE_REBALANCE_' was not initialized prior to being used
Variable '_KEEP_I_LABELS_' was not initialized prior to being used
Rooted topology. Removing one branch - the right root child has been promoted to be the new root
Variable 'INCLUDE_MODEL_SPECS' was not initialized prior to being used
Variable 'utility.ForEachPair.warn_non_rentrant' was not initialized prior to being used
Row and/or column partition is empty. All the data will be used by default.
Row and/or column partition is empty. All the data will be used by default.
Loaded 'modules/grid_compute.ibf' from /usr/local/lib/hyphy/TemplateBatchFiles/SelectionAnalyses/modules/grid_compute.ibf
Variable 'zoKHaHzu.cache' was not initialized prior to being used
Row and/or column partition is empty. All the data will be used by default.
Variable 'COUNT_GAPS_IN_FREQUENCIES' was not initialized prior to being used
Variable '_xHiqdwJ.model_pi' was not initialized prior to being used
Model _xHiqdwJ.model assigned to Suricata_suricatta
Model _xHiqdwJ.model assigned to Panthera_tigris
Model _xHiqdwJ.model assigned to Panthera_pardus
Model _xHiqdwJ.model assigned to Panthera_leo
Model _xHiqdwJ.model assigned to Node5
Model _xHiqdwJ.model assigned to Node3
Model _xHiqdwJ.model assigned to Lynx_lynx
Model _xHiqdwJ.model assigned to Felis_catus
Model _xHiqdwJ.model assigned to Node9
Model _xHiqdwJ.model assigned to Puma_concolor
Model _xHiqdwJ.model assigned to Node8
The tips of the tree:_xHiqdwJ.tree_0 were matched with the species names from the data in the following numeric order (0-based) {0,4,5,3,6,1,2}

Pseudo-optimal path's cost 233 vs 383 for 1..k=> a 1.64378 x improvement
Partition 0 is ASSUMED to have a reversible model
Variable 'USE_LAST_RESULTS' was not initialized prior to being used
Variable '_xHiqdwJ.tree_0.Suricata_suricatta.t' was not initialized prior to being used
models.generic.SetBranchLength: _xHiqdwJ.tree_0.Suricata_suricatta.t=106.611659681688
Variable '_xHiqdwJ.tree_0.Panthera_tigris.t' was not initialized prior to being used
models.generic.SetBranchLength: _xHiqdwJ.tree_0.Panthera_tigris.t=19.80556360561167
Variable '_xHiqdwJ.tree_0.Panthera_pardus.t' was not initialized prior to being used
models.generic.SetBranchLength: _xHiqdwJ.tree_0.Panthera_pardus.t=10.22022578158504
Variable '_xHiqdwJ.tree_0.Panthera_leo.t' was not initialized prior to being used
models.generic.SetBranchLength: _xHiqdwJ.tree_0.Panthera_leo.t=10.22022578158504
Variable '_xHiqdwJ.tree_0.Node5.t' was not initialized prior to being used
models.generic.SetBranchLength: _xHiqdwJ.tree_0.Node5.t=9.585337824026633
Variable '_xHiqdwJ.tree_0.Node3.t' was not initialized prior to being used
models.generic.SetBranchLength: _xHiqdwJ.tree_0.Node3.t=20.74158712430412
Variable '_xHiqdwJ.tree_0.Lynx_lynx.t' was not initialized prior to being used
models.generic.SetBranchLength: _xHiqdwJ.tree_0.Lynx_lynx.t=28.8572913424118
Variable '_xHiqdwJ.tree_0.Felis_catus.t' was not initialized prior to being used
models.generic.SetBranchLength: _xHiqdwJ.tree_0.Felis_catus.t=28.8572913424118
Variable '_xHiqdwJ.tree_0.Node9.t' was not initialized prior to being used
models.generic.SetBranchLength: _xHiqdwJ.tree_0.Node9.t=1.927421240302414
Variable '_xHiqdwJ.tree_0.Puma_concolor.t' was not initialized prior to being used
models.generic.SetBranchLength: _xHiqdwJ.tree_0.Puma_concolor.t=30.78471258271421
Variable '_xHiqdwJ.tree_0.Node8.t' was not initialized prior to being used
models.generic.SetBranchLength: _xHiqdwJ.tree_0.Node8.t=9.762438147201577
Variable '_xHiqdwJ._xHiqdwJ.likelihoodFunction' was not initialized prior to being used
Variable 'SAVE_OPT_STATUS_TO' was not initialized prior to being used
Auto-benchmarked an optimal number (1) of threads.
Set GUI update interval to every 7812-th LF evaluation.
Optimization settings:
	OPTIMIZATION_METHOD = 4
	OPTIMIZATION_PRECISION = 0.001
	MAXIMUM_ITERATIONS_PER_VARIABLE = 5000

Initial parameter values

_xHiqdwJ.model.theta_GT = 0.25
_xHiqdwJ.model.theta_CT = 1
_xHiqdwJ.model.theta_AC = 0.25
_xHiqdwJ.model.theta_CG = 0.25
_xHiqdwJ.model.theta_AT = 0.25
_xHiqdwJ.tree_0.Suricata_suricatta.t = 106.612
_xHiqdwJ.tree_0.Panthera_tigris.t = 19.8056
_xHiqdwJ.tree_0.Panthera_pardus.t = 10.2202
_xHiqdwJ.tree_0.Panthera_leo.t = 10.2202
_xHiqdwJ.tree_0.Node5.t = 9.58534
_xHiqdwJ.tree_0.Node3.t = 20.7416
_xHiqdwJ.tree_0.Lynx_lynx.t = 28.8573
_xHiqdwJ.tree_0.Felis_catus.t = 28.8573
_xHiqdwJ.tree_0.Node9.t = 1.92742
_xHiqdwJ.tree_0.Puma_concolor.t = 30.7847
_xHiqdwJ.tree_0.Node8.t = 9.76244
Site 20 evaluated to a 0 probability in ComputeLLWithBranchCache
Site 28 evaluated to a 0 probability in ComputeLLWithBranchCache
Optimization finished in 25 loop passes.
2662 likelihood evaluation calls and 15643 matrix exponentiations calls were made

Variable 'BRANCH_LENGTH_STENCIL' was not initialized prior to being used
Variable '_xHiqdwJ.option' was not initialized prior to being used
Variable 'relax.terms.json.nucleotide_gtr' was not initialized prior to being used
Variable 'Unknown' was not initialized prior to being used
Variable 'JlVgGssT.initial_value' was not initialized prior to being used
Variable 'XfpbFZCu.data_filter' was not initialized prior to being used
Row and/or column partition is empty. All the data will be used by default.
Auto-benchmarked an optimal number (3) of threads.
Set GUI update interval to every 6493-th LF evaluation.
Optimization settings:
	OPTIMIZATION_METHOD = 4
	OPTIMIZATION_PRECISION = 0.001
	MAXIMUM_ITERATIONS_PER_VARIABLE = 5000

Initial parameter values

frequencies._aux.CF3x4.p0_0 = 0.260268
frequencies._aux.CF3x4.p0_1 = 0.400121
frequencies._aux.CF3x4.p0_2 = 0.534205
frequencies._aux.CF3x4.p1_0 = 0.21183
frequencies._aux.CF3x4.p1_1 = 0.375248
frequencies._aux.CF3x4.p1_2 = 0.421124
frequencies._aux.CF3x4.p2_0 = 0.177679
frequencies._aux.CF3x4.p2_1 = 0.318132
frequencies._aux.CF3x4.p2_2 = 0.550955
Optimization finished in 6 loop passes.
156 likelihood evaluation calls and 0 matrix exponentiations calls were made

Variable 'XfpbFZCu.model_MGREV_pi' was not initialized prior to being used
Model XfpbFZCu.model_MGREV assigned to Suricata_suricatta
Model XfpbFZCu.model_MGREV assigned to Panthera_tigris
Model XfpbFZCu.model_MGREV assigned to Panthera_pardus
Model XfpbFZCu.model_MGREV assigned to Panthera_leo
Model XfpbFZCu.model_MGREV assigned to Node5
Model XfpbFZCu.model_MGREV assigned to Node3
Model XfpbFZCu.model_MGREV assigned to Lynx_lynx
Model XfpbFZCu.model_MGREV assigned to Felis_catus
Model XfpbFZCu.model_MGREV assigned to Node9
Model XfpbFZCu.model_MGREV assigned to Puma_concolor
Model XfpbFZCu.model_MGREV assigned to Node8
The tips of the tree:XfpbFZCu.tree_0 were matched with the species names from the data in the following numeric order (0-based) {0,4,5,3,6,1,2}

Pseudo-optimal path's cost 895 vs 1319 for 1..k=> a 1.47374 x improvement
Partition 0 is ASSUMED to have a reversible model
Variable 'XfpbFZCu.XfpbFZCu.likelihoodFunction' was not initialized prior to being used
Variable 'XfpbFZCu.tree_0.Suricata_suricatta.alpha' was not initialized prior to being used
Variable 'XfpbFZCu.tree_0.Panthera_tigris.alpha' was not initialized prior to being used
Variable 'XfpbFZCu.tree_0.Panthera_pardus.alpha' was not initialized prior to being used
Variable 'XfpbFZCu.tree_0.Panthera_leo.alpha' was not initialized prior to being used
Variable 'XfpbFZCu.tree_0.Node5.alpha' was not initialized prior to being used
Variable 'XfpbFZCu.tree_0.Node3.alpha' was not initialized prior to being used
Variable 'XfpbFZCu.tree_0.Lynx_lynx.alpha' was not initialized prior to being used
Variable 'XfpbFZCu.tree_0.Felis_catus.alpha' was not initialized prior to being used
Variable 'XfpbFZCu.tree_0.Node9.alpha' was not initialized prior to being used
Variable 'XfpbFZCu.tree_0.Puma_concolor.alpha' was not initialized prior to being used
Variable 'XfpbFZCu.tree_0.Node8.alpha' was not initialized prior to being used
Site 19 evaluated to a 0 probability in ComputeTreeBlockByBranch
Site 19 evaluated to a 0 probability in ComputeTreeBlockByBranch
Site 104 evaluated to a 0 probability in ComputeTreeBlockByBranch
Site 10 evaluated to a 0 probability in ComputeTreeBlockByBranch
Site 97 evaluated to a 0 probability in ComputeTreeBlockByBranch
Site 19 evaluated to a 0 probability in ComputeTreeBlockByBranch
Site 97 evaluated to a 0 probability in ComputeTreeBlockByBranch
Site 129 evaluated to a 0 probability in ComputeTreeBlockByBranch
Site 104 evaluated to a 0 probability in ComputeTreeBlockByBranch
Site 19 evaluated to a 0 probability in ComputeTreeBlockByBranch
Site 19 evaluated to a 0 probability in ComputeTreeBlockByBranch
Site 101 evaluated to a 0 probability in ComputeTreeBlockByBranch
Site 113 evaluated to a 0 probability in ComputeTreeBlockByBranch
Site 73 evaluated to a 0 probability in ComputeTreeBlockByBranch
Site 13 evaluated to a 0 probability in ComputeTreeBlockByBranch
Site 116 evaluated to a 0 probability in ComputeTreeBlockByBranch
Site 97 evaluated to a 0 probability in ComputeTreeBlockByBranch
Site 31 evaluated to a 0 probability in ComputeTreeBlockByBranch
Site 29 evaluated to a 0 probability in ComputeTreeBlockByBranch
Site 19 evaluated to a 0 probability in ComputeTreeBlockByBranch
Site 25 evaluated to a 0 probability in ComputeTreeBlockByBranch
Auto-benchmarked an optimal number (5) of threads.
Set GUI update interval to every 1068-th LF evaluation.
Initial guess for XfpbFZCu.tree_0.Node3.alpha is 6.04963e-06
Initial guess for XfpbFZCu.tree_0.Panthera_tigris.alpha is 0.000628931
Initial guess for XfpbFZCu.tree_0.Node5.alpha is 5.7541e-06
Initial guess for XfpbFZCu.tree_0.Panthera_pardus.alpha is 2.92662e-06
Initial guess for XfpbFZCu.tree_0.Panthera_leo.alpha is 5.96974e-06
Initial guess for XfpbFZCu.tree_0.Node8.alpha is -9.0897e-07
Initial guess for XfpbFZCu.tree_0.Node9.alpha is 1.26394e-06
Initial guess for XfpbFZCu.tree_0.Lynx_lynx.alpha is -1.8264e-07
Initial guess for XfpbFZCu.tree_0.Felis_catus.alpha is 8.1898e-06
Initial guess for XfpbFZCu.tree_0.Puma_concolor.alpha is 6.46064e-06
Optimization settings:
	OPTIMIZATION_METHOD = 4
	OPTIMIZATION_PRECISION = 0.001
	MAXIMUM_ITERATIONS_PER_VARIABLE = 5000

Initial parameter values

XfpbFZCu.model_MGREV.theta_GT = 1
XfpbFZCu.model_MGREV.theta_CT = 1
XfpbFZCu.model_MGREV.theta_CG = 1
XfpbFZCu.model_MGREV.theta_AT = 1
XfpbFZCu.model_MGREV.theta_AC = 1
XfpbFZCu.model_MGREV.omega_0 = 1
XfpbFZCu.tree_0.Suricata_suricatta.alpha = 0.1
XfpbFZCu.tree_0.Panthera_tigris.alpha = 0.000628931
XfpbFZCu.tree_0.Panthera_pardus.alpha = 2.92662e-06
XfpbFZCu.tree_0.Panthera_leo.alpha = 5.96974e-06
XfpbFZCu.tree_0.Node5.alpha = 5.7541e-06
XfpbFZCu.tree_0.Node3.alpha = 6.04963e-06
XfpbFZCu.tree_0.Lynx_lynx.alpha = 0
XfpbFZCu.tree_0.Felis_catus.alpha = 8.1898e-06
XfpbFZCu.tree_0.Node9.alpha = 1.26394e-06
XfpbFZCu.tree_0.Puma_concolor.alpha = 6.46064e-06
XfpbFZCu.tree_0.Node8.alpha = 0
XfpbFZCu.model_MGREV.omega_1 = 1
Optimization finished in 32 loop passes.
2886 likelihood evaluation calls and 15607 matrix exponentiations calls were made

Row and/or column partition is empty. All the data will be used by default.
Auto-benchmarked an optimal number (3) of threads.
Set GUI update interval to every 6172-th LF evaluation.
Optimization settings:
	OPTIMIZATION_METHOD = 4
	OPTIMIZATION_PRECISION = 0.001
	MAXIMUM_ITERATIONS_PER_VARIABLE = 5000

Initial parameter values

frequencies._aux.CF3x4.p0_0 = 0.260268
frequencies._aux.CF3x4.p0_1 = 0.400121
frequencies._aux.CF3x4.p0_2 = 0.534205
frequencies._aux.CF3x4.p1_0 = 0.21183
frequencies._aux.CF3x4.p1_1 = 0.375248
frequencies._aux.CF3x4.p1_2 = 0.421124
frequencies._aux.CF3x4.p2_0 = 0.177679
frequencies._aux.CF3x4.p2_1 = 0.318132
frequencies._aux.CF3x4.p2_2 = 0.550955
Optimization finished in 6 loop passes.
156 likelihood evaluation calls and 0 matrix exponentiations calls were made

Variable 'XfpbFZCu.model_MGREV_pi' was not initialized prior to being used
Model XfpbFZCu.model_MGREV assigned to Suricata_suricatta
Model XfpbFZCu.model_MGREV assigned to Panthera_tigris
Model XfpbFZCu.model_MGREV assigned to Panthera_pardus
Model XfpbFZCu.model_MGREV assigned to Panthera_leo
Model XfpbFZCu.model_MGREV assigned to Node5
Model XfpbFZCu.model_MGREV assigned to Node3
Model XfpbFZCu.model_MGREV assigned to Lynx_lynx
Model XfpbFZCu.model_MGREV assigned to Felis_catus
Model XfpbFZCu.model_MGREV assigned to Node9
Model XfpbFZCu.model_MGREV assigned to Puma_concolor
Model XfpbFZCu.model_MGREV assigned to Node8
The tips of the tree:XfpbFZCu.tree_0 were matched with the species names from the data in the following numeric order (0-based) {0,4,5,3,6,1,2}

Pseudo-optimal path's cost 895 vs 1319 for 1..k=> a 1.47374 x improvement
Partition 0 is ASSUMED to have a reversible model
Variable 'XfpbFZCu.tree_0.Node9.alpha' was not initialized prior to being used
Variable 'XfpbFZCu.tree_0.Felis_catus.alpha' was not initialized prior to being used
Variable 'XfpbFZCu.tree_0.Puma_concolor.alpha' was not initialized prior to being used
Variable 'XfpbFZCu.tree_0.Lynx_lynx.alpha' was not initialized prior to being used
Variable 'XfpbFZCu.tree_0.Node3.alpha' was not initialized prior to being used
Variable 'XfpbFZCu.tree_0.Panthera_tigris.alpha' was not initialized prior to being used
Variable 'XfpbFZCu.tree_0.Panthera_pardus.alpha' was not initialized prior to being used
Variable 'XfpbFZCu.tree_0.Node5.alpha' was not initialized prior to being used
Variable 'XfpbFZCu.tree_0.Panthera_leo.alpha' was not initialized prior to being used
Variable 'XfpbFZCu.tree_0.Suricata_suricatta.alpha' was not initialized prior to being used
Variable 'XfpbFZCu.tree_0.Node8.alpha' was not initialized prior to being used
Site 19 evaluated to a 0 probability in ComputeTreeBlockByBranch
Site 19 evaluated to a 0 probability in ComputeTreeBlockByBranch
Site 104 evaluated to a 0 probability in ComputeTreeBlockByBranch
Site 19 evaluated to a 0 probability in ComputeTreeBlockByBranch
Site 10 evaluated to a 0 probability in ComputeTreeBlockByBranch
Site 97 evaluated to a 0 probability in ComputeTreeBlockByBranch
Site 97 evaluated to a 0 probability in ComputeTreeBlockByBranch
Site 129 evaluated to a 0 probability in ComputeTreeBlockByBranch
Site 19 evaluated to a 0 probability in ComputeTreeBlockByBranch
Site 104 evaluated to a 0 probability in ComputeTreeBlockByBranch
Site 19 evaluated to a 0 probability in ComputeTreeBlockByBranch
Site 101 evaluated to a 0 probability in ComputeTreeBlockByBranch
Site 113 evaluated to a 0 probability in ComputeTreeBlockByBranch
Site 73 evaluated to a 0 probability in ComputeTreeBlockByBranch
Site 13 evaluated to a 0 probability in ComputeTreeBlockByBranch
Auto-benchmarked an optimal number (4) of threads.
Set GUI update interval to every 1344-th LF evaluation.
Initial guess for XfpbFZCu.tree_0.Node3.alpha is 6.04963e-06
Initial guess for XfpbFZCu.tree_0.Panthera_tigris.alpha is 0.000628931
Initial guess for XfpbFZCu.tree_0.Node5.alpha is 5.7541e-06
Initial guess for XfpbFZCu.tree_0.Panthera_pardus.alpha is 2.92662e-06
Initial guess for XfpbFZCu.tree_0.Panthera_leo.alpha is 5.96974e-06
Initial guess for XfpbFZCu.tree_0.Node8.alpha is -9.0897e-07
Initial guess for XfpbFZCu.tree_0.Node9.alpha is 1.26394e-06
Initial guess for XfpbFZCu.tree_0.Lynx_lynx.alpha is -1.8264e-07
Initial guess for XfpbFZCu.tree_0.Felis_catus.alpha is 8.1898e-06
Initial guess for XfpbFZCu.tree_0.Puma_concolor.alpha is 6.46064e-06
Optimization settings:
	OPTIMIZATION_METHOD = 4
	OPTIMIZATION_PRECISION = 0.001
	MAXIMUM_ITERATIONS_PER_VARIABLE = 5000

Initial parameter values

XfpbFZCu.model_MGREV.theta_CG = 1
XfpbFZCu.model_MGREV.theta_CT = 1
XfpbFZCu.model_MGREV.theta_AT = 1
XfpbFZCu.model_MGREV.theta_AC = 1
XfpbFZCu.model_MGREV.theta_GT = 1
XfpbFZCu.model_MGREV.omega_0 = 1
XfpbFZCu.tree_0.Suricata_suricatta.alpha = 0.1
XfpbFZCu.tree_0.Panthera_tigris.alpha = 0.000628931
XfpbFZCu.tree_0.Panthera_pardus.alpha = 2.92662e-06
XfpbFZCu.tree_0.Panthera_leo.alpha = 5.96974e-06
XfpbFZCu.tree_0.Node5.alpha = 5.7541e-06
XfpbFZCu.tree_0.Node3.alpha = 6.04963e-06
XfpbFZCu.tree_0.Lynx_lynx.alpha = 0
XfpbFZCu.tree_0.Felis_catus.alpha = 8.1898e-06
XfpbFZCu.tree_0.Node9.alpha = 1.26394e-06
XfpbFZCu.tree_0.Puma_concolor.alpha = 6.46064e-06
XfpbFZCu.tree_0.Node8.alpha = 0
XfpbFZCu.model_MGREV.omega_1 = 1
Optimization finished in 44 loop passes.
3019 likelihood evaluation calls and 16929 matrix exponentiations calls were made

Overwritten previously defined function:'eVqfWppA.rate_generator'
Overwritten previously defined function:'eVqfWppA.rate_generator'
Auto-benchmarked an optimal number (1) of threads.
Set GUI update interval to every 5952-th LF evaluation.
Optimization settings:
	OPTIMIZATION_METHOD = 4
	OPTIMIZATION_PRECISION = 0.001
	MAXIMUM_ITERATIONS_PER_VARIABLE = 5000

Initial parameter values

frequencies._aux.CF3x4.p0_0 = 0.260268
frequencies._aux.CF3x4.p0_1 = 0.400121
frequencies._aux.CF3x4.p0_2 = 0.534205
frequencies._aux.CF3x4.p1_0 = 0.21183
frequencies._aux.CF3x4.p1_1 = 0.375248
frequencies._aux.CF3x4.p1_2 = 0.421124
frequencies._aux.CF3x4.p2_0 = 0.177679
frequencies._aux.CF3x4.p2_1 = 0.318132
frequencies._aux.CF3x4.p2_2 = 0.550955
Optimization finished in 6 loop passes.
154 likelihood evaluation calls and 0 matrix exponentiations calls were made

Variable 'relax.test_pi' was not initialized prior to being used
Overwritten previously defined function:'eVqfWppA.rate_generator'
Overwritten previously defined function:'eVqfWppA.rate_generator'
Overwritten previously defined function:'eVqfWppA.rate_generator'
Auto-benchmarked an optimal number (2) of threads.
Set GUI update interval to every 6329-th LF evaluation.
Optimization settings:
	OPTIMIZATION_METHOD = 4
	OPTIMIZATION_PRECISION = 0.001
	MAXIMUM_ITERATIONS_PER_VARIABLE = 5000

Initial parameter values

frequencies._aux.CF3x4.p0_0 = 0.260268
frequencies._aux.CF3x4.p0_1 = 0.400121
frequencies._aux.CF3x4.p0_2 = 0.534205
frequencies._aux.CF3x4.p1_0 = 0.21183
frequencies._aux.CF3x4.p1_1 = 0.375248
frequencies._aux.CF3x4.p1_2 = 0.421124
frequencies._aux.CF3x4.p2_0 = 0.177679
frequencies._aux.CF3x4.p2_1 = 0.318132
frequencies._aux.CF3x4.p2_2 = 0.550955
Optimization finished in 6 loop passes.
155 likelihood evaluation calls and 0 matrix exponentiations calls were made

Variable 'relax.reference_pi' was not initialized prior to being used
No nodel was assigned to Suricata_suricatta
No nodel was assigned to Panthera_tigris
No nodel was assigned to Panthera_pardus
No nodel was assigned to Panthera_leo
No nodel was assigned to Node5
No nodel was assigned to Node3
No nodel was assigned to Lynx_lynx
No nodel was assigned to Felis_catus
No nodel was assigned to Node9
No nodel was assigned to Puma_concolor
No nodel was assigned to Node8
The tips of the tree:orcKphrp.tree_id_0 were matched with the species names from the data in the following numeric order (0-based) {0,4,5,3,6,1,2}

Pseudo-optimal path's cost 895 vs 1319 for 1..k=> a 1.47374 x improvement
Partition 0 is ASSUMED to have a reversible model
relax.reference.theta_AC was already constrained in estimators.SetGlobals2
relax.reference.theta_AG was already constrained in estimators.SetGlobals2
relax.reference.theta_AT was already constrained in estimators.SetGlobals2
relax.reference.theta_CG was already constrained in estimators.SetGlobals2
relax.reference.theta_CT was already constrained in estimators.SetGlobals2
relax.reference.theta_GT was already constrained in estimators.SetGlobals2
relax.test.theta_AG was already constrained in estimators.SetGlobals2
Variable 'orcKphrp.tree_id_0.Suricata_suricatta.t' was not initialized prior to being used
models.generic.SetBranchLength: orcKphrp.tree_id_0.Suricata_suricatta.t=3.07766597904164
Variable 'orcKphrp.tree_id_0.Panthera_tigris.t' was not initialized prior to being used
models.generic.SetBranchLength: orcKphrp.tree_id_0.Panthera_tigris.t=0.03774626297966576
Variable 'orcKphrp.tree_id_0.Panthera_pardus.t' was not initialized prior to being used
models.generic.SetBranchLength: orcKphrp.tree_id_0.Panthera_pardus.t=0.04356743391141215
Variable 'orcKphrp.tree_id_0.Panthera_leo.t' was not initialized prior to being used
models.generic.SetBranchLength: orcKphrp.tree_id_0.Panthera_leo.t=0
Variable 'orcKphrp.tree_id_0.Node5.t' was not initialized prior to being used
models.generic.SetBranchLength: orcKphrp.tree_id_0.Node5.t=0.03011531565137769
Variable 'orcKphrp.tree_id_0.Node3.t' was not initialized prior to being used
models.generic.SetBranchLength: orcKphrp.tree_id_0.Node3.t=0.06326668755035778
Variable 'orcKphrp.tree_id_0.Lynx_lynx.t' was not initialized prior to being used
models.generic.SetBranchLength: orcKphrp.tree_id_0.Lynx_lynx.t=0.06569683419555858
Variable 'orcKphrp.tree_id_0.Felis_catus.t' was not initialized prior to being used
models.generic.SetBranchLength: orcKphrp.tree_id_0.Felis_catus.t=0.04419449558368579
Variable 'orcKphrp.tree_id_0.Node9.t' was not initialized prior to being used
models.generic.SetBranchLength: orcKphrp.tree_id_0.Node9.t=0.01651575257824847
Variable 'orcKphrp.tree_id_0.Puma_concolor.t' was not initialized prior to being used
models.generic.SetBranchLength: orcKphrp.tree_id_0.Puma_concolor.t=0.02675016147450462
Variable 'orcKphrp.tree_id_0.Node8.t' was not initialized prior to being used
models.generic.SetBranchLength: orcKphrp.tree_id_0.Node8.t=0
Variable 'orcKphrp.orcKphrp.likelihoodFunction' was not initialized prior to being used
Auto-benchmarked an optimal number (3) of threads.
Set GUI update interval to every 116-th LF evaluation.
Optimization settings:
	OPTIMIZATION_METHOD = 4
	OPTIMIZATION_PRECISION = 0.001
	MAXIMUM_ITERATIONS_PER_VARIABLE = 5000

Initial parameter values

relax.reference.omega3 = 7.27482
relax.reference.bsrel_mixture_aux_0 = 0.45
relax.test.theta_GT = 0.0941479
relax.reference.omega1 = 0.145496
relax.reference.omega2 = 0.4601
relax.reference.bsrel_mixture_aux_1 = 0.818182
relax.test.theta_CT = 0.702071
relax.test.theta_AC = 0.470534
relax.test.theta_AT = 0.321342
relax.test.theta_CG = 0.390111
relax.K = 1
orcKphrp.tree_id_0.Suricata_suricatta.t = 3.07767
orcKphrp.tree_id_0.Panthera_tigris.t = 0.0377463
orcKphrp.tree_id_0.Panthera_pardus.t = 0.0435674
orcKphrp.tree_id_0.Panthera_leo.t = 0
orcKphrp.tree_id_0.Node5.t = 0.0301153
orcKphrp.tree_id_0.Node3.t = 0.0632667
orcKphrp.tree_id_0.Lynx_lynx.t = 0.0656968
orcKphrp.tree_id_0.Felis_catus.t = 0.0441945
orcKphrp.tree_id_0.Node9.t = 0.0165158
orcKphrp.tree_id_0.Puma_concolor.t = 0.0267502
orcKphrp.tree_id_0.Node8.t = 0
Optimization finished in 56 loop passes.
5373 likelihood evaluation calls and 111573 matrix exponentiations calls were made

Variable 'MPI_NODE_COUNT' was not initialized prior to being used
No nodel was assigned to Suricata_suricatta
No nodel was assigned to Panthera_tigris
No nodel was assigned to Panthera_pardus
No nodel was assigned to Panthera_leo
No nodel was assigned to Node5
No nodel was assigned to Node3
No nodel was assigned to Lynx_lynx
No nodel was assigned to Felis_catus
No nodel was assigned to Node9
No nodel was assigned to Puma_concolor
No nodel was assigned to Node8
Likelihood function cleared because partition index '0' points to invalid components
The tips of the tree:orcKphrp.tree_id_0 were matched with the species names from the data in the following numeric order (0-based) {0,4,5,3,6,1,2}

Pseudo-optimal path's cost 895 vs 1319 for 1..k=> a 1.47374 x improvement
Partition 0 is ASSUMED to have a reversible model
relax.reference.theta_AC was already constrained in estimators.SetGlobals2
relax.reference.theta_AG was already constrained in estimators.SetGlobals2
relax.reference.theta_AT was already constrained in estimators.SetGlobals2
relax.reference.theta_CG was already constrained in estimators.SetGlobals2
relax.reference.theta_CT was already constrained in estimators.SetGlobals2
relax.reference.theta_GT was already constrained in estimators.SetGlobals2
relax.test.bsrel_mixture_aux_0 was already constrained in estimators.SetGlobals2
relax.test.bsrel_mixture_aux_1 was already constrained in estimators.SetGlobals2
relax.test.theta_AG was already constrained in estimators.SetGlobals2
relax.test.omega1 was already constrained in estimators.SetGlobals2
relax.test.omega2 was already constrained in estimators.SetGlobals2
relax.test.omega3 was already constrained in estimators.SetGlobals2
Variable 'orcKphrp.tree_id_0.Suricata_suricatta.t' was not initialized prior to being used
models.generic.SetBranchLength: orcKphrp.tree_id_0.Suricata_suricatta.t=4.643641039629268
Variable 'orcKphrp.tree_id_0.Panthera_tigris.t' was not initialized prior to being used
models.generic.SetBranchLength: orcKphrp.tree_id_0.Panthera_tigris.t=0.04813348252010312
Variable 'orcKphrp.tree_id_0.Panthera_pardus.t' was not initialized prior to being used
models.generic.SetBranchLength: orcKphrp.tree_id_0.Panthera_pardus.t=0.05515712169417156
Variable 'orcKphrp.tree_id_0.Panthera_leo.t' was not initialized prior to being used
models.generic.SetBranchLength: orcKphrp.tree_id_0.Panthera_leo.t=0
Variable 'orcKphrp.tree_id_0.Node5.t' was not initialized prior to being used
models.generic.SetBranchLength: orcKphrp.tree_id_0.Node5.t=0.03778320048326082
Variable 'orcKphrp.tree_id_0.Node3.t' was not initialized prior to being used
models.generic.SetBranchLength: orcKphrp.tree_id_0.Node3.t=0.08028136235882379
Variable 'orcKphrp.tree_id_0.Lynx_lynx.t' was not initialized prior to being used
models.generic.SetBranchLength: orcKphrp.tree_id_0.Lynx_lynx.t=0.08313517951848712
Variable 'orcKphrp.tree_id_0.Felis_catus.t' was not initialized prior to being used
models.generic.SetBranchLength: orcKphrp.tree_id_0.Felis_catus.t=0.0562152194026915
Variable 'orcKphrp.tree_id_0.Node9.t' was not initialized prior to being used
models.generic.SetBranchLength: orcKphrp.tree_id_0.Node9.t=0.02136000744669264
Variable 'orcKphrp.tree_id_0.Puma_concolor.t' was not initialized prior to being used
models.generic.SetBranchLength: orcKphrp.tree_id_0.Puma_concolor.t=0.03360208804099179
Variable 'orcKphrp.tree_id_0.Node8.t' was not initialized prior to being used
models.generic.SetBranchLength: orcKphrp.tree_id_0.Node8.t=0
Auto-benchmarked an optimal number (5) of threads.
Set GUI update interval to every 133-th LF evaluation.
Optimization settings:
	OPTIMIZATION_METHOD = 4
	OPTIMIZATION_PRECISION = 0.001
	MAXIMUM_ITERATIONS_PER_VARIABLE = 5000

Initial parameter values

relax.reference.omega3 = 2.24321
relax.reference.bsrel_mixture_aux_0 = 1.28324e-12
relax.test.theta_GT = 0.0598903
relax.reference.omega1 = 0.445535
relax.reference.omega2 = 0.437652
relax.reference.bsrel_mixture_aux_1 = 0.82688
relax.test.theta_CT = 0.715719
relax.test.theta_AC = 0.441759
relax.test.theta_AT = 0.303431
relax.test.theta_CG = 0.346616
relax.K = 1
orcKphrp.tree_id_0.Suricata_suricatta.t = 4.64364
orcKphrp.tree_id_0.Panthera_tigris.t = 0.0481335
orcKphrp.tree_id_0.Panthera_pardus.t = 0.0551571
orcKphrp.tree_id_0.Panthera_leo.t = 0
orcKphrp.tree_id_0.Node5.t = 0.0377832
orcKphrp.tree_id_0.Node3.t = 0.0802814
orcKphrp.tree_id_0.Lynx_lynx.t = 0.0831352
orcKphrp.tree_id_0.Felis_catus.t = 0.0562152
orcKphrp.tree_id_0.Node9.t = 0.02136
orcKphrp.tree_id_0.Puma_concolor.t = 0.0336021
orcKphrp.tree_id_0.Node8.t = 0
Optimization finished in 21 loop passes.
2032 likelihood evaluation calls and 42252 matrix exponentiations calls were made

Variable 'uMMMGZXd.orcKphrp.likelihoodFunction' was not initialized prior to being used
Auto-benchmarked an optimal number (5) of threads.
Set GUI update interval to every 148-th LF evaluation.
Optimization settings:
	OPTIMIZATION_METHOD = 4
	OPTIMIZATION_PRECISION = 0.001
	MAXIMUM_ITERATIONS_PER_VARIABLE = 5000

Initial parameter values

relax.reference.omega1 = 0.998836
relax.reference.bsrel_mixture_aux_0 = 0
relax.reference.bsrel_mixture_aux_1 = 0.822696
relax.reference.omega3 = 2.47954
relax.reference.omega2 = 0.352828
relax.test.theta_GT = 0.062144
relax.test.theta_AT = 0.307828
relax.test.theta_AC = 0.447436
relax.test.theta_CG = 0.352506
relax.test.theta_CT = 0.716577
orcKphrp.tree_id_0.Suricata_suricatta.t = 1.52898
orcKphrp.tree_id_0.Panthera_tigris.t = 0.0162788
orcKphrp.tree_id_0.Panthera_pardus.t = 0.0185969
orcKphrp.tree_id_0.Panthera_leo.t = 0
orcKphrp.tree_id_0.Node5.t = 0.0127655
orcKphrp.tree_id_0.Node3.t = 0.027072
orcKphrp.tree_id_0.Lynx_lynx.t = 0.0280402
orcKphrp.tree_id_0.Felis_catus.t = 0.0190193
orcKphrp.tree_id_0.Node9.t = 0.00717213
orcKphrp.tree_id_0.Puma_concolor.t = 0.0113462
orcKphrp.tree_id_0.Node8.t = 0
Optimization finished in 3 loop passes.
246 likelihood evaluation calls and 5787 matrix exponentiations calls were made

Variable 'USE_JSON_FOR_MATRIX' was not initialized prior to being used