CODONML (in paml version 4.9f, October 2017)  Primates_Rodents.MYH4.aln
Model: several dN/dS ratios for branches for branches, 
Codon frequency model: F1x4
ns =  32  ls = 1948

Codon usage in sequences
--------------------------------------------------------------------------------------------------------------------------------------
Phe TTT  21  22  17  17  14  17 | Ser TCT  24  23  20  19  22  16 | Tyr TAT  14  17  15  16  13  15 | Cys TGT   8   8   4   6   7   4
    TTC  37  37  39  39  42  39 |     TCC  23  26  34  35  32  38 |     TAC  26  23  27  26  29  27 |     TGC   8   8  12  10   9  12
Leu TTA   9  10   4   4   4   6 |     TCA  12  13  10   9   9   9 | *** TAA   0   0   0   0   0   0 | *** TGA   0   0   0   0   0   0
    TTG  15  12  12  12  14  14 |     TCG   3   4   1   2   1   1 |     TAG   0   0   0   0   0   0 | Trp TGG   9   9   9   9   9   9
--------------------------------------------------------------------------------------------------------------------------------------
Leu CTT  34  34  19  18  16  16 | Pro CCT   8   7   8   6   7   7 | His CAT  17  18  10  13  10   7 | Arg CGT   9   9   7   8   7   7
    CTC  27  23  31  33  33  36 |     CCC  16  15  15  16  16  16 |     CAC  24  22  28  25  28  31 |     CGC  22  23  24  19  22  23
    CTA  18  22  10  16  10  12 |     CCA   5   5   4   3   4   3 | Gln CAA  38  40  20  22  19  23 |     CGA  11  11   7  10  10   8
    CTG  85  86 117 110 116 109 |     CCG   2   4   2   4   3   4 |     CAG  90  89 110 108 111 107 |     CGG  11   8  12  12  14  11
--------------------------------------------------------------------------------------------------------------------------------------
Ile ATT  26  33  28  27  22  24 | Thr ACT  39  30  20  23  20  23 | Asn AAT  36  34  21  19  21  20 | Ser AGT  20  19  10  10  15  10
    ATC  57  55  60  61  66  64 |     ACC  30  32  42  39  40  39 |     AAC  44  46  59  61  59  59 |     AGC  16  20  21  21  16  20
    ATA   9   7   3   3   3   2 |     ACA  26  28  20  20  20  18 | Lys AAA  70  69  59  60  64  60 | Arg AGA  19  16  16  17  16  20
Met ATG  56  56  57  57  57  57 |     ACG   4   4  12  12  13  14 |     AAG 138 142 153 152 148 151 |     AGG  31  34  34  34  31  32
--------------------------------------------------------------------------------------------------------------------------------------
Val GTT  19  16  10  11   9  10 | Ala GCT  61  63  54  59  55  48 | Asp GAT  39  43  37  40  39  35 | Gly GGT  20  21  13  13  15  15
    GTC  20  22  26  26  26  26 |     GCC  69  69  79  79  81  85 |     GAC  59  54  65  62  63  65 |     GGC  21  20  30  28  29  27
    GTA   7   7   3   4   4   3 |     GCA  34  28  25  25  26  31 | Glu GAA  96  97  75  75  71  75 |     GGA  17  13  13  13  10   9
    GTG  44  43  49  47  49  51 |     GCG   4   8  14   9  11   9 |     GAG 166 166 183 183 187 185 |     GGG  16  17  20  22  23  25
--------------------------------------------------------------------------------------------------------------------------------------

--------------------------------------------------------------------------------------------------------------------------------------
Phe TTT  17  17  19  14  14  21 | Ser TCT  21  22  23  23  17  22 | Tyr TAT  17  19  16  16  19  17 | Cys TGT   6   6   5   6   5   6
    TTC  38  39  37  42  43  36 |     TCC  30  29  29  31  27  24 |     TAC  26  23  27  25  23  25 |     TGC  10  10  11  11  11  10
Leu TTA   3   3   4   6   7   9 |     TCA   9   9  10   9  15   9 | *** TAA   0   0   0   0   0   0 | *** TGA   0   0   0   0   0   0
    TTG  14  13  17  15  12   8 |     TCG   4   4   3   4   3   5 |     TAG   0   0   0   0   0   0 | Trp TGG   9   9   9   9   9   9
--------------------------------------------------------------------------------------------------------------------------------------
Leu CTT  22  22  23  25  25  22 | Pro CCT   8   9   7   7   6   6 | His CAT  12  13  10  13   6  17 | Arg CGT   8   8   7   8   6  11
    CTC  37  35  32  31  31  39 |     CCC  16  15  15  20  16  15 |     CAC  26  25  27  25  31  22 |     CGC  22  22  21  22  21  23
    CTA   9  13  13  20   9  17 |     CCA   5   4   4   3   5   7 | Gln CAA  32  28  29  33  33  43 |     CGA   9  11   9   6   9   6
    CTG 108 107 104  98 110  97 |     CCG   2   3   4   2   3   3 |     CAG  98 102 102  98  96  87 |     CGG  14  11  12  16  18  10
--------------------------------------------------------------------------------------------------------------------------------------
Ile ATT  28  31  33  32  31  33 | Thr ACT  23  22  28  27  26  32 | Asn AAT  27  25  29  23  17  34 | Ser AGT  15  16  13  12  10  15
    ATC  59  56  57  56  54  53 |     ACC  37  36  33  34  40  33 |     AAC  53  55  51  55  63  46 |     AGC  16  15  17  18  20  17
    ATA   5   5   4   5   6   9 |     ACA  25  25  24  21  17  24 | Lys AAA  62  60  56  55  56  62 | Arg AGA  15  15  21  21  16  22
Met ATG  57  57  56  55  57  53 |     ACG   9  11  10  13  13   7 |     AAG 150 152 155 155 155 149 |     AGG  32  33  31  29  31  29
--------------------------------------------------------------------------------------------------------------------------------------
Val GTT  10   9  12   9  15  18 | Ala GCT  48  51  54  44  44  59 | Asp GAT  42  39  40  34  36  41 | Gly GGT  15  17  21  18  19  18
    GTC  27  27  24  27  25  22 |     GCC  79  79  75  81  84  76 |     GAC  60  63  62  66  61  57 |     GGC  32  30  27  27  25  25
    GTA   4   2   3   3   4   3 |     GCA  34  32  37  30  34  30 | Glu GAA  83  78  84  72  83  93 |     GGA  13  12  14  13  17  11
    GTG  46  49  47  47  44  46 |     GCG  10   9   7  15  12   4 |     GAG 175 179 171 188 180 169 |     GGG  17  18  17  17  15  21
--------------------------------------------------------------------------------------------------------------------------------------

--------------------------------------------------------------------------------------------------------------------------------------
Phe TTT  24  26  22  15  22  21 | Ser TCT  22  25  21  19  25  26 | Tyr TAT  18  18  23  11  14  18 | Cys TGT   8   8   9   5   3   7
    TTC  33  31  36  42  35  36 |     TCC  25  22  23  34  29  23 |     TAC  24  24  17  30  27  23 |     TGC   8   8   8  11  13   9
Leu TTA   8   9   9   5   3   7 |     TCA  12   8  12   9   6   7 | *** TAA   0   0   0   0   0   0 | *** TGA   0   0   0   0   0   0
    TTG  15  15  18  16  14  17 |     TCG   3   5   1   2   3   3 |     TAG   0   0   0   0   0   0 | Trp TGG   9   9   9   9   9   9
--------------------------------------------------------------------------------------------------------------------------------------
Leu CTT  30  26  35  23  21  29 | Pro CCT   7   8   9   8   8   6 | His CAT  15  16  16  13   8  16 | Arg CGT  11  11  10   5   8  10
    CTC  31  36  27  33  36  33 |     CCC  14  13  14  17  18  18 |     CAC  23  22  22  28  32  21 |     CGC  20  19  19  28  25  21
    CTA  22  17  20  17  12  22 |     CCA   7   7   7   4   3   5 | Gln CAA  45  45  41  35  35  39 |     CGA   7   4   9   6   5   7
    CTG  85  89  82  98 108  83 |     CCG   2   3   1   3   2   2 |     CAG  86  86  89  92  93  90 |     CGG  11  13  12  12  10  14
--------------------------------------------------------------------------------------------------------------------------------------
Ile ATT  40  38  43  29  32  34 | Thr ACT  32  33  32  27  26  25 | Asn AAT  33  36  34  27  28  36 | Ser AGT  20  16  16  14  15  16
    ATC  45  49  45  58  53  53 |     ACC  29  28  34  33  40  35 |     AAC  47  43  47  52  53  47 |     AGC  13  17  14  21  22  19
    ATA  10   6   8   5   6   5 |     ACA  23  24  27  20  21  23 | Lys AAA  69  67  78  61  65  72 | Arg AGA  24  25  22  20  20  15
Met ATG  54  54  55  54  54  55 |     ACG   8   7   5  16   5   8 |     AAG 142 143 133 151 146 140 |     AGG  28  30  29  29  33  33
--------------------------------------------------------------------------------------------------------------------------------------
Val GTT  15  17  17  14  14  14 | Ala GCT  68  59  66  48  53  48 | Asp GAT  49  43  45  36  38  41 | Gly GGT  21  23  22  16  15  24
    GTC  24  24  24  25  25  28 |     GCC  66  74  63  77  77  78 |     GAC  54  55  53  64  61  54 |     GGC  22  25  23  29  31  24
    GTA   6   5   6   2   2   4 |     GCA  37  31  40  29  26  40 | Glu GAA 101 100 101  79  79  96 |     GGA  12  15  15  13  18   9
    GTG  43  44  41  50  50  45 |     GCG   2  11   0  11  11   8 |     GAG 156 162 162 181 181 167 |     GGG  21  12  19  18  12  19
--------------------------------------------------------------------------------------------------------------------------------------

--------------------------------------------------------------------------------------------------------------------------------------
Phe TTT  18  17  17  18  17  19 | Ser TCT  25  24  25  25  25  26 | Tyr TAT  13  12  12  13  13  15 | Cys TGT   8   6   7   7   7   7
    TTC  42  44  44  43  44  42 |     TCC  27  28  28  28  28  28 |     TAC  25  26  26  25  25  23 |     TGC   8  10   9   9   9   9
Leu TTA   8   8   7   6   6   6 |     TCA  10  10   9  10  10   9 | *** TAA   0   0   0   0   0   0 | *** TGA   0   0   0   0   0   0
    TTG  11  11  13  12  12  11 |     TCG   4   4   4   3   3   3 |     TAG   0   0   0   0   0   0 | Trp TGG   9   9   9   9   9   9
--------------------------------------------------------------------------------------------------------------------------------------
Leu CTT  37  37  39  36  36  35 | Pro CCT  11  11  11  11  10  11 | His CAT  21  19  21  19  19  19 | Arg CGT   8   9   8   8   8   8
    CTC  26  26  24  26  26  26 |     CCC  13  14  14  14  14  14 |     CAC  23  22  20  22  22  22 |     CGC  20  22  23  23  23  23
    CTA  25  24  26  29  29  28 |     CCA   6   6   6   6   5   5 | Gln CAA  42  42  43  41  41  41 |     CGA  10   9  10  10  10  12
    CTG  86  86  82  83  83  86 |     CCG   2   1   1   1   2   2 |     CAG  85  85  84  86  86  86 |     CGG  11  11  10   9   9   9
--------------------------------------------------------------------------------------------------------------------------------------
Ile ATT  35  34  36  35  35  36 | Thr ACT  34  33  32  31  31  32 | Asn AAT  31  31  31  30  30  29 | Ser AGT  18  20  20  17  18  18
    ATC  50  52  51  52  52  52 |     ACC  26  28  29  29  29  29 |     AAC  47  46  46  48  48  48 |     AGC  15  14  14  16  16  16
    ATA   7   8   7   7   7   7 |     ACA  28  28  28  30  29  28 | Lys AAA  71  70  69  72  72  71 | Arg AGA  24  25  24  25  25  24
Met ATG  58  58  58  59  59  58 |     ACG   8   8   7   6   6   8 |     AAG 139 140 141 138 138 139 |     AGG  27  26  27  27  27  26
--------------------------------------------------------------------------------------------------------------------------------------
Val GTT  16  15  16  17  17  16 | Ala GCT  61  64  61  62  62  61 | Asp GAT  43  43  45  43  44  41 | Gly GGT  21  20  21  19  19  20
    GTC  22  19  21  20  20  21 |     GCC  69  67  69  66  67  68 |     GAC  55  54  53  56  54  57 |     GGC  22  22  21  22  22  20
    GTA   4   5   4   4   4   4 |     GCA  34  33  35  34  34  35 | Glu GAA 107 106 104 104 105 106 |     GGA  14  15  12  14  14  13
    GTG  46  47  46  46  46  45 |     GCG   4   3   3   4   4   2 |     GAG 154 157 158 157 157 156 |     GGG  16  15  18  17  17  19
--------------------------------------------------------------------------------------------------------------------------------------

--------------------------------------------------------------------------------------------------------------------------------------
Phe TTT  19  19  19  21  20  18 | Ser TCT  25  23  25  23  25  23 | Tyr TAT  13  15  15  15  14  16 | Cys TGT   7   7   6   7   7   9
    TTC  41  41  42  40  40  43 |     TCC  28  28  25  26  26  25 |     TAC  25  23  23  23  24  23 |     TGC   9   9  11   9   9   8
Leu TTA   6   6   7   7   7   7 |     TCA   9  11  11  12  10  11 | *** TAA   0   0   0   0   0   0 | *** TGA   0   0   0   0   0   0
    TTG  11  11  11  10  10  10 |     TCG   4   3   2   2   2   3 |     TAG   0   0   0   0   0   0 | Trp TGG   9   9   9   9   9   9
--------------------------------------------------------------------------------------------------------------------------------------
Leu CTT  36  37  33  33  35  31 | Pro CCT  11  11  11  11  10   8 | His CAT  20  20  21  20  19  20 | Arg CGT   9   8   9   9   6   8
    CTC  26  24  28  27  28  24 |     CCC  14  14  14  14  13  15 |     CAC  22  21  19  22  22  20 |     CGC  22  23  19  20  22  24
    CTA  27  28  27  26  29  23 |     CCA   5   5   6   6   5   6 | Gln CAA  41  42  42  43  42  42 |     CGA  11  12  10   9  10  10
    CTG  88  86  88  89  84  93 |     CCG   2   2   1   1   2   3 |     CAG  86  85  85  86  86  86 |     CGG   9   9  12  11  11  10
--------------------------------------------------------------------------------------------------------------------------------------
Ile ATT  34  35  33  33  32  37 | Thr ACT  33  34  35  34  32  40 | Asn AAT  31  31  32  30  28  28 | Ser AGT  18  18  19  19  18  15
    ATC  52  51  52  51  50  48 |     ACC  30  30  32  33  30  24 |     AAC  45  46  45  48  47  51 |     AGC  16  16  15  15  18  18
    ATA   7   7   9   8   8  10 |     ACA  29  28  28  29  30  24 | Lys AAA  71  73  74  74  75  73 | Arg AGA  24  23  24  24  23  20
Met ATG  57  58  56  57  57  57 |     ACG   6   7   6   4   4   7 |     AAG 139 138 138 137 136 138 |     AGG  27  27  26  26  27  29
--------------------------------------------------------------------------------------------------------------------------------------
Val GTT  17  16  15  15  15  16 | Ala GCT  63  60  63  63  67  59 | Asp GAT  41  42  41  43  43  39 | Gly GGT  18  19  21  20  20  22
    GTC  21  22  20  21  22  20 |     GCC  65  69  66  65  64  68 |     GAC  57  56  53  53  54  58 |     GGC  23  22  23  23  23  24
    GTA   4   4   6   6   6   4 |     GCA  34  34  37  38  36  39 | Glu GAA 103 104 105 103 103 103 |     GGA  14  14  13  13  13  12
    GTG  46  46  45  46  47  47 |     GCG   3   3   2   2   2   8 |     GAG 159 157 158 159 158 160 |     GGG  17  17  16  16  16  15
--------------------------------------------------------------------------------------------------------------------------------------

----------------------------------------------------------------------
Phe TTT  18  23 | Ser TCT  26  21 | Tyr TAT  16  18 | Cys TGT   8   6
    TTC  42  37 |     TCC  21  31 |     TAC  23  20 |     TGC   9  10
Leu TTA   7  12 |     TCA  12  15 | *** TAA   0   0 | *** TGA   0   0
    TTG  12  15 |     TCG   2   0 |     TAG   0   0 | Trp TGG   9   9
----------------------------------------------------------------------
Leu CTT  34  34 | Pro CCT   9   9 | His CAT  20  16 | Arg CGT   8  15
    CTC  22  26 |     CCC  14  15 |     CAC  21  25 |     CGC  22  20
    CTA  28  23 |     CCA   7   5 | Gln CAA  45  37 |     CGA  11   8
    CTG  86  82 |     CCG   2   1 |     CAG  80  90 |     CGG  11   8
----------------------------------------------------------------------
Ile ATT  39  34 | Thr ACT  38  30 | Asn AAT  32  38 | Ser AGT  15  17
    ATC  47  49 |     ACC  27  34 |     AAC  50  44 |     AGC  19  15
    ATA  10  12 |     ACA  25  25 | Lys AAA  75  78 | Arg AGA  22  27
Met ATG  57  56 |     ACG   3   5 |     AAG 137 131 |     AGG  28  26
----------------------------------------------------------------------
Val GTT  15  18 | Ala GCT  65  64 | Asp GAT  44  47 | Gly GGT  23  22
    GTC  21  18 |     GCC  70  67 |     GAC  52  54 |     GGC  22  22
    GTA   4   9 |     GCA  36  33 | Glu GAA 104 104 |     GGA  11  15
    GTG  46  38 |     GCG   5   7 |     GAG 158 152 |     GGG  16  15
----------------------------------------------------------------------

Codon position x base (3x4) table for each sequence.

#1: Propithecus_coquereli
position  1:    T:0.10779    C:0.21506    A:0.32027    G:0.35688
position  2:    T:0.24961    C:0.18566    A:0.44198    G:0.12274
position  3:    T:0.20371    C:0.25735    A:0.19134    G:0.34760
Average         T:0.18704    C:0.21936    A:0.31786    G:0.27574

#2: Microcebus_murinus
position  1:    T:0.10928    C:0.21443    A:0.32216    G:0.35412
position  2:    T:0.25000    C:0.18505    A:0.44330    G:0.12165
position  3:    T:0.20464    C:0.25515    A:0.18866    G:0.35155
Average         T:0.18797    C:0.21821    A:0.31804    G:0.27577

#3: Mus_musculus   
position  1:    T:0.10521    C:0.21867    A:0.31717    G:0.35895
position  2:    T:0.25013    C:0.18566    A:0.44456    G:0.11965
position  3:    T:0.15111    C:0.30531    A:0.13873    G:0.40485
Average         T:0.16882    C:0.23655    A:0.30015    G:0.29448

#4: Mus_caroli     
position  1:    T:0.10521    C:0.21815    A:0.31769    G:0.35895
position  2:    T:0.25013    C:0.18566    A:0.44456    G:0.11965
position  3:    T:0.15730    C:0.29912    A:0.14492    G:0.39866
Average         T:0.17088    C:0.23431    A:0.30239    G:0.29242

#5: Mus_pahari     
position  1:    T:0.10567    C:0.21959    A:0.31495    G:0.35979
position  2:    T:0.25000    C:0.18557    A:0.44433    G:0.12010
position  3:    T:0.15052    C:0.30464    A:0.13918    G:0.40567
Average         T:0.16873    C:0.23660    A:0.29948    G:0.29519

#6: Rattus_norvegicus
position  1:    T:0.10676    C:0.21661    A:0.31614    G:0.36050
position  2:    T:0.25064    C:0.18618    A:0.44353    G:0.11965
position  3:    T:0.14131    C:0.31305    A:0.14389    G:0.40175
Average         T:0.16624    C:0.23861    A:0.30119    G:0.29397

#7: Peromyscus_maniculatus
position  1:    T:0.10515    C:0.22062    A:0.31598    G:0.35825
position  2:    T:0.24948    C:0.18557    A:0.44485    G:0.12010
position  3:    T:0.16443    C:0.29278    A:0.15876    G:0.38402
Average         T:0.17302    C:0.23299    A:0.30653    G:0.28746

#8: Peromyscus_leucopus
position  1:    T:0.10469    C:0.22073    A:0.31666    G:0.35792
position  2:    T:0.25013    C:0.18566    A:0.44404    G:0.12017
position  3:    T:0.16813    C:0.28829    A:0.15317    G:0.39041
Average         T:0.17432    C:0.23156    A:0.30462    G:0.28950

#9: Cricetulus_griseus
position  1:    T:0.10814    C:0.21576    A:0.31823    G:0.35788
position  2:    T:0.24974    C:0.18692    A:0.44233    G:0.12101
position  3:    T:0.17508    C:0.28064    A:0.16066    G:0.38363
Average         T:0.17765    C:0.22777    A:0.30707    G:0.28750

#10: Jaculus_jaculus
position  1:    T:0.10876    C:0.22010    A:0.31495    G:0.35619
position  2:    T:0.25000    C:0.18763    A:0.44227    G:0.12010
position  3:    T:0.16031    C:0.29433    A:0.15309    G:0.39227
Average         T:0.17302    C:0.23402    A:0.30344    G:0.28952

#11: Nannospalax_galili
position  1:    T:0.10567    C:0.21907    A:0.31546    G:0.35979
position  2:    T:0.25103    C:0.18660    A:0.44278    G:0.11959
position  3:    T:0.15258    C:0.29639    A:0.16031    G:0.39072
Average         T:0.16976    C:0.23402    A:0.30619    G:0.29003

#12: Chinchilla_lanigera
position  1:    T:0.10377    C:0.21941    A:0.31905    G:0.35777
position  2:    T:0.25090    C:0.18379    A:0.44502    G:0.12029
position  3:    T:0.19205    C:0.27001    A:0.17811    G:0.35983
Average         T:0.18224    C:0.22440    A:0.31406    G:0.27930

#13: Octodon_degus  
position  1:    T:0.10779    C:0.21454    A:0.31821    G:0.35946
position  2:    T:0.25013    C:0.18412    A:0.44456    G:0.12120
position  3:    T:0.21300    C:0.24652    A:0.19752    G:0.34296
Average         T:0.19030    C:0.21506    A:0.32010    G:0.27454

#14: Heterocephalus_glaber
position  1:    T:0.10727    C:0.21403    A:0.31769    G:0.36101
position  2:    T:0.25064    C:0.18463    A:0.44353    G:0.12120
position  3:    T:0.20784    C:0.25271    A:0.18721    G:0.35224
Average         T:0.18859    C:0.21712    A:0.31614    G:0.27815

#15: Ictidomys_tridecemlineatus
position  1:    T:0.10722    C:0.21289    A:0.32062    G:0.35928
position  2:    T:0.25155    C:0.18299    A:0.44381    G:0.12165
position  3:    T:0.21649    C:0.24175    A:0.20361    G:0.33814
Average         T:0.19175    C:0.21254    A:0.32268    G:0.27302

#16: Oryctolagus_cuniculus
position  1:    T:0.10727    C:0.21764    A:0.31821    G:0.35688
position  2:    T:0.25064    C:0.18412    A:0.44353    G:0.12171
position  3:    T:0.15988    C:0.30015    A:0.15730    G:0.38267
Average         T:0.17260    C:0.23397    A:0.30634    G:0.28709

#17: Ochotona_princeps
position  1:    T:0.10469    C:0.21867    A:0.31924    G:0.35740
position  2:    T:0.25116    C:0.18205    A:0.44353    G:0.12326
position  3:    T:0.17019    C:0.29758    A:0.15523    G:0.37700
Average         T:0.17535    C:0.23277    A:0.30600    G:0.28589

#18: Tupaia_glis    
position  1:    T:0.10635    C:0.21477    A:0.31802    G:0.36087
position  2:    T:0.25090    C:0.18327    A:0.44399    G:0.12184
position  3:    T:0.19153    C:0.26949    A:0.18121    G:0.35777
Average         T:0.18293    C:0.22251    A:0.31440    G:0.28016

#19: Colobus_angolensis
position  1:    T:0.10722    C:0.21959    A:0.31856    G:0.35464
position  2:    T:0.25309    C:0.18660    A:0.44124    G:0.11907
position  3:    T:0.20619    C:0.25258    A:0.20103    G:0.34021
Average         T:0.18883    C:0.21959    A:0.32027    G:0.27131

#20: Rhinopithecus_roxellana
position  1:    T:0.10779    C:0.21867    A:0.32027    G:0.35327
position  2:    T:0.25322    C:0.18669    A:0.43992    G:0.12017
position  3:    T:0.20371    C:0.25477    A:0.20062    G:0.34090
Average         T:0.18824    C:0.22004    A:0.32027    G:0.27145

#21: Chlorocebus_sabaeus
position  1:    T:0.10830    C:0.21764    A:0.31975    G:0.35431
position  2:    T:0.25322    C:0.18669    A:0.43992    G:0.12017
position  3:    T:0.20732    C:0.25374    A:0.19804    G:0.34090
Average         T:0.18962    C:0.21936    A:0.31924    G:0.27179

#22: Macaca_mulatta 
position  1:    T:0.10727    C:0.21867    A:0.32078    G:0.35327
position  2:    T:0.25425    C:0.18566    A:0.44043    G:0.11965
position  3:    T:0.20165    C:0.25735    A:0.20217    G:0.33883
Average         T:0.18773    C:0.22056    A:0.32113    G:0.27059

#23: Macaca_fascicularis
position  1:    T:0.10727    C:0.21815    A:0.32078    G:0.35379
position  2:    T:0.25425    C:0.18515    A:0.44043    G:0.12017
position  3:    T:0.20165    C:0.25735    A:0.20165    G:0.33935
Average         T:0.18773    C:0.22022    A:0.32096    G:0.27110

#24: Cercocebus_atys
position  1:    T:0.10676    C:0.22022    A:0.32027    G:0.35276
position  2:    T:0.25374    C:0.18618    A:0.43992    G:0.12017
position  3:    T:0.20268    C:0.25683    A:0.20062    G:0.33987
Average         T:0.18773    C:0.22108    A:0.32027    G:0.27093

#25: Papio_anubis   
position  1:    T:0.10624    C:0.22125    A:0.31924    G:0.35327
position  2:    T:0.25374    C:0.18618    A:0.43992    G:0.12017
position  3:    T:0.20371    C:0.25580    A:0.19856    G:0.34193
Average         T:0.18790    C:0.22108    A:0.31924    G:0.27179

#26: Mandrillus_leucophaeus
position  1:    T:0.10572    C:0.22022    A:0.32078    G:0.35327
position  2:    T:0.25322    C:0.18669    A:0.43992    G:0.12017
position  3:    T:0.20371    C:0.25529    A:0.20165    G:0.33935
Average         T:0.18755    C:0.22073    A:0.32078    G:0.27093

#27: Homo_sapiens   
position  1:    T:0.10624    C:0.21919    A:0.32182    G:0.35276
position  2:    T:0.25322    C:0.18773    A:0.43889    G:0.12017
position  3:    T:0.20526    C:0.25116    A:0.20578    G:0.33780
Average         T:0.18824    C:0.21936    A:0.32216    G:0.27024

#28: Gorilla_gorilla
position  1:    T:0.10521    C:0.22022    A:0.32078    G:0.35379
position  2:    T:0.25271    C:0.18721    A:0.44146    G:0.11862
position  3:    T:0.20423    C:0.25271    A:0.20526    G:0.33780
Average         T:0.18738    C:0.22004    A:0.32250    G:0.27007

#29: Pongo_abelii   
position  1:    T:0.10513    C:0.21958    A:0.31849    G:0.35681
position  2:    T:0.25375    C:0.18540    A:0.44070    G:0.12015
position  3:    T:0.20249    C:0.25479    A:0.20559    G:0.33713
Average         T:0.18712    C:0.21992    A:0.32160    G:0.27136

#30: Saimiri_boliviensis
position  1:    T:0.10562    C:0.21793    A:0.31891    G:0.35755
position  2:    T:0.25142    C:0.18702    A:0.44152    G:0.12004
position  3:    T:0.20041    C:0.25399    A:0.19784    G:0.34776
Average         T:0.18581    C:0.21965    A:0.31942    G:0.27512

#31: Aotus_nancymaae
position  1:    T:0.10562    C:0.21638    A:0.32148    G:0.35652
position  2:    T:0.25142    C:0.18650    A:0.44152    G:0.12056
position  3:    T:0.21123    C:0.24833    A:0.20453    G:0.33591
Average         T:0.18942    C:0.21707    A:0.32251    G:0.27099

#32: Carlito_syrichta
position  1:    T:0.11203    C:0.21373    A:0.32060    G:0.35364
position  2:    T:0.25090    C:0.18689    A:0.44089    G:0.12132
position  3:    T:0.21270    C:0.25142    A:0.20805    G:0.32783
Average         T:0.19188    C:0.21735    A:0.32318    G:0.26760

Sums of codon usage counts
------------------------------------------------------------------------------
Phe F TTT     603 | Ser S TCT     731 | Tyr Y TAT     496 | Cys C TGT     210
      TTC    1266 |       TCC     891 |       TAC     786 |       TGC     307
Leu L TTA     210 |       TCA     326 | *** * TAA       0 | *** * TGA       0
      TTG     413 |       TCG      91 |       TAG       0 | Trp W TGG     288
------------------------------------------------------------------------------
Leu L CTT     933 | Pro P CCT     277 | His H CAT     504 | Arg R CGT     271
      CTC     943 |       CCC     481 |       CAC     765 |       CGC     702
      CTA     651 |       CCA     164 | Gln Q CAA    1184 |       CGA     287
      CTG    2994 |       CCG      72 |       CAG    2930 |       CGG     361
------------------------------------------------------------------------------
Ile I ATT    1052 | Thr T ACT     957 | Asn N AAT     932 | Ser S AGT     512
      ATC    1710 |       ACC    1044 |       AAC    1599 |       AGC     546
      ATA     215 |       ACA     795 | Lys K AAA    2163 | Arg R AGA     674
Met M ATG    1806 |       ACG     256 |       AAG    4584 |       AGG     939
------------------------------------------------------------------------------
Val V GTT     463 | Ala A GCT    1857 | Asp D GAT    1316 | Gly G GGT     611
      GTC     736 |       GCC    2311 |       GAC    1844 |       GGC     786
      GTA     140 |       GCA    1061 | Glu E GAA    2999 |       GGA     424
      GTG    1472 |       GCG     207 |       GAG    5341 |       GGG     559
------------------------------------------------------------------------------

(Ambiguity data are not used in the counts.)


Codon position x base (3x4) table, overall

position  1:    T:0.10666    C:0.21788    A:0.31885    G:0.35661
position  2:    T:0.25153    C:0.18568    A:0.44229    G:0.12050
position  3:    T:0.18897    C:0.26942    A:0.18200    G:0.35961
Average         T:0.18239    C:0.22433    A:0.31438    G:0.27891

TREE #  1:  (((16, 17), ((14, (13, 12)), (((((6, ((3, 4), 5)), (9, (7, 8))), 11), 10), 15))), (((1, 2), (((31, 30), ((((((26, 24), 25), (22, 23)), 21), (20, 19)), ((28, 27), 29))), 32)), 18));   MP score: -1
This is a rooted tree.  Please check!
lnL(ntime: 62  np: 65): -30297.909172      +0.000000
  33..34   34..35   35..16   35..17   34..36   36..37   37..14   37..38   38..13   38..12   36..39   39..40   40..41   41..42   42..43   43..6    43..44   44..45   45..3    45..4    44..5    42..46   46..9    46..47   47..7    47..8    41..11   40..10   39..15   33..48   48..49   49..50   50..1    50..2    49..51   51..52   52..53   53..31   53..30   52..54   54..55   55..56   56..57   57..58   58..59   59..26   59..24   58..25   57..60   60..22   60..23   56..21   55..61   61..20   61..19   54..62   62..63   63..28   63..27   62..29   51..32   48..18 
 0.008323 0.092635 0.092534 0.105029 0.025562 0.047616 0.093982 0.016851 0.098299 0.091665 0.006343 0.056976 0.034916 0.067585 0.052588 0.079640 0.031964 0.033690 0.023585 0.028052 0.045912 0.026400 0.089279 0.056158 0.025994 0.013273 0.135926 0.139894 0.137101 0.001602 0.023399 0.058390 0.059905 0.055162 0.016344 0.041394 0.027391 0.034009 0.035330 0.019762 0.021342 0.005537 0.009344 0.001643 0.004607 0.012741 0.006812 0.011004 0.011735 0.003166 0.002095 0.019405 0.006280 0.010687 0.018567 0.013405 0.010608 0.007904 0.015358 0.022235 0.125191 0.146824 2.505758 0.037259 0.096228

Note: Branch length is defined as number of nucleotide substitutions per codon (not per neucleotide site).

tree length =  2.616955

(((16: 0.092534, 17: 0.105029): 0.092635, ((14: 0.093982, (13: 0.098299, 12: 0.091665): 0.016851): 0.047616, (((((6: 0.079640, ((3: 0.023585, 4: 0.028052): 0.033690, 5: 0.045912): 0.031964): 0.052588, (9: 0.089279, (7: 0.025994, 8: 0.013273): 0.056158): 0.026400): 0.067585, 11: 0.135926): 0.034916, 10: 0.139894): 0.056976, 15: 0.137101): 0.006343): 0.025562): 0.008323, (((1: 0.059905, 2: 0.055162): 0.058390, (((31: 0.034009, 30: 0.035330): 0.027391, ((((((26: 0.012741, 24: 0.006812): 0.004607, 25: 0.011004): 0.001643, (22: 0.003166, 23: 0.002095): 0.011735): 0.009344, 21: 0.019405): 0.005537, (20: 0.010687, 19: 0.018567): 0.006280): 0.021342, ((28: 0.007904, 27: 0.015358): 0.010608, 29: 0.022235): 0.013405): 0.019762): 0.041394, 32: 0.125191): 0.016344): 0.023399, 18: 0.146824): 0.001602);

(((Oryctolagus_cuniculus: 0.092534, Ochotona_princeps: 0.105029): 0.092635, ((Heterocephalus_glaber: 0.093982, (Octodon_degus: 0.098299, Chinchilla_lanigera: 0.091665): 0.016851): 0.047616, (((((Rattus_norvegicus: 0.079640, ((Mus_musculus: 0.023585, Mus_caroli: 0.028052): 0.033690, Mus_pahari: 0.045912): 0.031964): 0.052588, (Cricetulus_griseus: 0.089279, (Peromyscus_maniculatus: 0.025994, Peromyscus_leucopus: 0.013273): 0.056158): 0.026400): 0.067585, Nannospalax_galili: 0.135926): 0.034916, Jaculus_jaculus: 0.139894): 0.056976, Ictidomys_tridecemlineatus: 0.137101): 0.006343): 0.025562): 0.008323, (((Propithecus_coquereli: 0.059905, Microcebus_murinus: 0.055162): 0.058390, (((Aotus_nancymaae: 0.034009, Saimiri_boliviensis: 0.035330): 0.027391, ((((((Mandrillus_leucophaeus: 0.012741, Cercocebus_atys: 0.006812): 0.004607, Papio_anubis: 0.011004): 0.001643, (Macaca_mulatta: 0.003166, Macaca_fascicularis: 0.002095): 0.011735): 0.009344, Chlorocebus_sabaeus: 0.019405): 0.005537, (Rhinopithecus_roxellana: 0.010687, Colobus_angolensis: 0.018567): 0.006280): 0.021342, ((Gorilla_gorilla: 0.007904, Homo_sapiens: 0.015358): 0.010608, Pongo_abelii: 0.022235): 0.013405): 0.019762): 0.041394, Carlito_syrichta: 0.125191): 0.016344): 0.023399, Tupaia_glis: 0.146824): 0.001602);

Detailed output identifying parameters

kappa (ts/tv) =  2.50576

w (dN/dS) for branches:  0.03726 0.09623

dN & dS for each branch

 branch          t       N       S   dN/dS      dN      dS  N*dN  S*dS

  33..34     0.008  4253.9  1590.1  0.0373  0.0003  0.0093   1.5  14.7
  34..35     0.093  4253.9  1590.1  0.0373  0.0038  0.1032  16.4 164.1
  35..16     0.093  4253.9  1590.1  0.0373  0.0038  0.1031  16.3 163.9
  35..17     0.105  4253.9  1590.1  0.0373  0.0044  0.1170  18.5 186.1
  34..36     0.026  4253.9  1590.1  0.0373  0.0011  0.0285   4.5  45.3
  36..37     0.048  4253.9  1590.1  0.0373  0.0020  0.0530   8.4  84.3
  37..14     0.094  4253.9  1590.1  0.0373  0.0039  0.1047  16.6 166.5
  37..38     0.017  4253.9  1590.1  0.0373  0.0007  0.0188   3.0  29.9
  38..13     0.098  4253.9  1590.1  0.0373  0.0041  0.1095  17.4 174.1
  38..12     0.092  4253.9  1590.1  0.0373  0.0038  0.1021  16.2 162.4
  36..39     0.006  4253.9  1590.1  0.0373  0.0003  0.0071   1.1  11.2
  39..40     0.057  4253.9  1590.1  0.0373  0.0024  0.0635  10.1 100.9
  40..41     0.035  4253.9  1590.1  0.0373  0.0014  0.0389   6.2  61.9
  41..42     0.068  4253.9  1590.1  0.0373  0.0028  0.0753  11.9 119.7
  42..43     0.053  4253.9  1590.1  0.0373  0.0022  0.0586   9.3  93.2
  43..6      0.080  4253.9  1590.1  0.0373  0.0033  0.0887  14.1 141.1
  43..44     0.032  4253.9  1590.1  0.0373  0.0013  0.0356   5.6  56.6
  44..45     0.034  4253.9  1590.1  0.0373  0.0014  0.0375   5.9  59.7
  45..3      0.024  4253.9  1590.1  0.0373  0.0010  0.0263   4.2  41.8
  45..4      0.028  4253.9  1590.1  0.0373  0.0012  0.0313   5.0  49.7
  44..5      0.046  4253.9  1590.1  0.0373  0.0019  0.0511   8.1  81.3
  42..46     0.026  4253.9  1590.1  0.0373  0.0011  0.0294   4.7  46.8
  46..9      0.089  4253.9  1590.1  0.0373  0.0037  0.0995  15.8 158.2
  46..47     0.056  4253.9  1590.1  0.0373  0.0023  0.0626   9.9  99.5
  47..7      0.026  4253.9  1590.1  0.0373  0.0011  0.0290   4.6  46.0
  47..8      0.013  4253.9  1590.1  0.0373  0.0006  0.0148   2.3  23.5
  41..11     0.136  4253.9  1590.1  0.0373  0.0056  0.1514  24.0 240.8
  40..10     0.140  4253.9  1590.1  0.0373  0.0058  0.1559  24.7 247.8
  39..15     0.137  4253.9  1590.1  0.0373  0.0057  0.1527  24.2 242.9
  33..48     0.002  4253.9  1590.1  0.0373  0.0001  0.0018   0.3   2.8
  48..49     0.023  4253.9  1590.1  0.0373  0.0010  0.0261   4.1  41.5
  49..50     0.058  4253.9  1590.1  0.0373  0.0024  0.0651  10.3 103.4
  50..1      0.060  4253.9  1590.1  0.0962  0.0056  0.0584  23.9  92.8
  50..2      0.055  4253.9  1590.1  0.0962  0.0052  0.0537  22.0  85.5
  49..51     0.016  4253.9  1590.1  0.0373  0.0007  0.0182   2.9  29.0
  51..52     0.041  4253.9  1590.1  0.0373  0.0017  0.0461   7.3  73.3
  52..53     0.027  4253.9  1590.1  0.0373  0.0011  0.0305   4.8  48.5
  53..31     0.034  4253.9  1590.1  0.0962  0.0032  0.0331  13.6  52.7
  53..30     0.035  4253.9  1590.1  0.0962  0.0033  0.0344  14.1  54.7
  52..54     0.020  4253.9  1590.1  0.0373  0.0008  0.0220   3.5  35.0
  54..55     0.021  4253.9  1590.1  0.0373  0.0009  0.0238   3.8  37.8
  55..56     0.006  4253.9  1590.1  0.0373  0.0002  0.0062   1.0   9.8
  56..57     0.009  4253.9  1590.1  0.0373  0.0004  0.0104   1.7  16.6
  57..58     0.002  4253.9  1590.1  0.0373  0.0001  0.0018   0.3   2.9
  58..59     0.005  4253.9  1590.1  0.0373  0.0002  0.0051   0.8   8.2
  59..26     0.013  4253.9  1590.1  0.0962  0.0012  0.0124   5.1  19.7
  59..24     0.007  4253.9  1590.1  0.0962  0.0006  0.0066   2.7  10.6
  58..25     0.011  4253.9  1590.1  0.0962  0.0010  0.0107   4.4  17.0
  57..60     0.012  4253.9  1590.1  0.0373  0.0005  0.0131   2.1  20.8
  60..22     0.003  4253.9  1590.1  0.0962  0.0003  0.0031   1.3   4.9
  60..23     0.002  4253.9  1590.1  0.0962  0.0002  0.0020   0.8   3.2
  56..21     0.019  4253.9  1590.1  0.0962  0.0018  0.0189   7.7  30.1
  55..61     0.006  4253.9  1590.1  0.0373  0.0003  0.0070   1.1  11.1
  61..20     0.011  4253.9  1590.1  0.0962  0.0010  0.0104   4.3  16.6
  61..19     0.019  4253.9  1590.1  0.0962  0.0017  0.0181   7.4  28.8
  54..62     0.013  4253.9  1590.1  0.0373  0.0006  0.0149   2.4  23.7
  62..63     0.011  4253.9  1590.1  0.0373  0.0004  0.0118   1.9  18.8
  63..28     0.008  4253.9  1590.1  0.0962  0.0007  0.0077   3.2  12.2
  63..27     0.015  4253.9  1590.1  0.0962  0.0014  0.0150   6.1  23.8
  62..29     0.022  4253.9  1590.1  0.0962  0.0021  0.0217   8.9  34.4
  51..32     0.125  4253.9  1590.1  0.0962  0.0117  0.1220  49.9 193.9
  48..18     0.147  4253.9  1590.1  0.0373  0.0061  0.1636  25.9 260.1

tree length for dN:       0.1316
tree length for dS:       2.8540

dS tree:
(((Oryctolagus_cuniculus: 0.103089, Ochotona_princeps: 0.117010): 0.103202, ((Heterocephalus_glaber: 0.104702, (Octodon_degus: 0.109511, Chinchilla_lanigera: 0.102121): 0.018774): 0.053048, (((((Rattus_norvegicus: 0.088724, ((Mus_musculus: 0.026275, Mus_caroli: 0.031252): 0.037533, Mus_pahari: 0.051149): 0.035610): 0.058587, (Cricetulus_griseus: 0.099462, (Peromyscus_maniculatus: 0.028959, Peromyscus_leucopus: 0.014787): 0.062564): 0.029411): 0.075294, Nannospalax_galili: 0.151431): 0.038899, Jaculus_jaculus: 0.155851): 0.063475, Ictidomys_tridecemlineatus: 0.152740): 0.007066): 0.028478): 0.009273, (((Propithecus_coquereli: 0.058365, Microcebus_murinus: 0.053744): 0.065051, (((Aotus_nancymaae: 0.033135, Saimiri_boliviensis: 0.034421): 0.030516, ((((((Mandrillus_leucophaeus: 0.012414, Cercocebus_atys: 0.006637): 0.005132, Papio_anubis: 0.010722): 0.001831, (Macaca_mulatta: 0.003085, Macaca_fascicularis: 0.002041): 0.013074): 0.010410, Chlorocebus_sabaeus: 0.018907): 0.006168, (Rhinopithecus_roxellana: 0.010412, Colobus_angolensis: 0.018090): 0.006997): 0.023777, ((Gorilla_gorilla: 0.007701, Homo_sapiens: 0.014963): 0.011819, Pongo_abelii: 0.021664): 0.014934): 0.022016): 0.046116, Carlito_syrichta: 0.121973): 0.018208): 0.026069, Tupaia_glis: 0.163572): 0.001785);
dN tree:
(((Oryctolagus_cuniculus: 0.003841, Ochotona_princeps: 0.004360): 0.003845, ((Heterocephalus_glaber: 0.003901, (Octodon_degus: 0.004080, Chinchilla_lanigera: 0.003805): 0.000699): 0.001976, (((((Rattus_norvegicus: 0.003306, ((Mus_musculus: 0.000979, Mus_caroli: 0.001164): 0.001398, Mus_pahari: 0.001906): 0.001327): 0.002183, (Cricetulus_griseus: 0.003706, (Peromyscus_maniculatus: 0.001079, Peromyscus_leucopus: 0.000551): 0.002331): 0.001096): 0.002805, Nannospalax_galili: 0.005642): 0.001449, Jaculus_jaculus: 0.005807): 0.002365, Ictidomys_tridecemlineatus: 0.005691): 0.000263): 0.001061): 0.000345, (((Propithecus_coquereli: 0.005616, Microcebus_murinus: 0.005172): 0.002424, (((Aotus_nancymaae: 0.003188, Saimiri_boliviensis: 0.003312): 0.001137, ((((((Mandrillus_leucophaeus: 0.001195, Cercocebus_atys: 0.000639): 0.000191, Papio_anubis: 0.001032): 0.000068, (Macaca_mulatta: 0.000297, Macaca_fascicularis: 0.000196): 0.000487): 0.000388, Chlorocebus_sabaeus: 0.001819): 0.000230, (Rhinopithecus_roxellana: 0.001002, Colobus_angolensis: 0.001741): 0.000261): 0.000886, ((Gorilla_gorilla: 0.000741, Homo_sapiens: 0.001440): 0.000440, Pongo_abelii: 0.002085): 0.000556): 0.000820): 0.001718, Carlito_syrichta: 0.011737): 0.000678): 0.000971, Tupaia_glis: 0.006094): 0.000066);

w ratios as labels for TreeView:
(((Oryctolagus_cuniculus #0.0372586 , Ochotona_princeps #0.0372586 ) #0.0372586 , ((Heterocephalus_glaber #0.0372586 , (Octodon_degus #0.0372586 , Chinchilla_lanigera #0.0372586 ) #0.0372586 ) #0.0372586 , (((((Rattus_norvegicus #0.0372586 , ((Mus_musculus #0.0372586 , Mus_caroli #0.0372586 ) #0.0372586 , Mus_pahari #0.0372586 ) #0.0372586 ) #0.0372586 , (Cricetulus_griseus #0.0372586 , (Peromyscus_maniculatus #0.0372586 , Peromyscus_leucopus #0.0372586 ) #0.0372586 ) #0.0372586 ) #0.0372586 , Nannospalax_galili #0.0372586 ) #0.0372586 , Jaculus_jaculus #0.0372586 ) #0.0372586 , Ictidomys_tridecemlineatus #0.0372586 ) #0.0372586 ) #0.0372586 ) #0.0372586 , (((Propithecus_coquereli #0.0962276 , Microcebus_murinus #0.0962276 ) #0.0372586 , (((Aotus_nancymaae #0.0962276 , Saimiri_boliviensis #0.0962276 ) #0.0372586 , ((((((Mandrillus_leucophaeus #0.0962276 , Cercocebus_atys #0.0962276 ) #0.0372586 , Papio_anubis #0.0962276 ) #0.0372586 , (Macaca_mulatta #0.0962276 , Macaca_fascicularis #0.0962276 ) #0.0372586 ) #0.0372586 , Chlorocebus_sabaeus #0.0962276 ) #0.0372586 , (Rhinopithecus_roxellana #0.0962276 , Colobus_angolensis #0.0962276 ) #0.0372586 ) #0.0372586 , ((Gorilla_gorilla #0.0962276 , Homo_sapiens #0.0962276 ) #0.0372586 , Pongo_abelii #0.0962276 ) #0.0372586 ) #0.0372586 ) #0.0372586 , Carlito_syrichta #0.0962276 ) #0.0372586 ) #0.0372586 , Tupaia_glis #0.0372586 ) #0.0372586 );


Time used: 25:47
