CODONML (in paml version 4.9f, October 2017)  Primates_MYH4.aln
Model: several dN/dS ratios for branches for branches, 
Codon frequency model: F3x4
ns =  16  ls = 1945

Codon usage in sequences
--------------------------------------------------------------------------------------------------------------------------------------
Phe TTT  23  18  17  17  18  17 | Ser TCT  21  25  24  25  25  25 | Tyr TAT  18  13  12  12  13  13 | Cys TGT   6   8   6   7   7   7
    TTC  37  42  44  44  43  44 |     TCC  31  27  28  28  28  28 |     TAC  20  25  26  26  25  25 |     TGC  10   8  10   9   9   9
Leu TTA  12   8   8   7   6   6 |     TCA  15  10  10   9  10  10 | *** TAA   0   0   0   0   0   0 | *** TGA   0   0   0   0   0   0
    TTG  15  11  11  13  12  12 |     TCG   0   4   4   4   3   3 |     TAG   0   0   0   0   0   0 | Trp TGG   9   9   9   9   9   9
--------------------------------------------------------------------------------------------------------------------------------------
Leu CTT  34  37  37  39  36  36 | Pro CCT   9  11  11  11  11  10 | His CAT  16  21  19  21  19  19 | Arg CGT  15   8   9   8   8   8
    CTC  26  26  26  24  26  26 |     CCC  15  13  14  14  14  14 |     CAC  25  23  22  20  22  22 |     CGC  20  20  22  23  23  23
    CTA  23  25  24  26  29  29 |     CCA   5   6   6   6   6   5 | Gln CAA  37  42  42  43  41  41 |     CGA   8  10   9  10  10  10
    CTG  82  86  86  82  83  83 |     CCG   1   2   1   1   1   2 |     CAG  90  85  85  84  86  86 |     CGG   8  11  11  10   9   9
--------------------------------------------------------------------------------------------------------------------------------------
Ile ATT  34  35  34  36  35  35 | Thr ACT  30  34  33  32  31  31 | Asn AAT  38  31  31  31  30  30 | Ser AGT  17  18  20  20  17  18
    ATC  49  50  52  51  52  52 |     ACC  34  26  28  29  29  29 |     AAC  44  47  46  46  48  48 |     AGC  15  15  14  14  16  16
    ATA  12   7   8   7   7   7 |     ACA  25  28  28  28  30  29 | Lys AAA  78  71  70  69  72  72 | Arg AGA  27  24  25  24  25  25
Met ATG  56  58  58  58  59  59 |     ACG   5   8   8   7   6   6 |     AAG 131 139 140 141 138 138 |     AGG  26  27  26  27  27  27
--------------------------------------------------------------------------------------------------------------------------------------
Val GTT  18  16  15  16  17  17 | Ala GCT  64  61  64  61  62  62 | Asp GAT  47  43  43  45  43  44 | Gly GGT  22  21  20  21  19  19
    GTC  18  22  19  21  20  20 |     GCC  67  69  67  69  66  67 |     GAC  54  55  54  53  56  54 |     GGC  22  22  22  21  22  22
    GTA   9   4   5   4   4   4 |     GCA  33  34  33  35  34  34 | Glu GAA 104 107 106 104 104 105 |     GGA  15  14  15  12  14  14
    GTG  38  46  47  46  46  46 |     GCG   7   4   3   3   4   4 |     GAG 152 154 157 158 157 157 |     GGG  15  16  15  18  17  17
--------------------------------------------------------------------------------------------------------------------------------------

--------------------------------------------------------------------------------------------------------------------------------------
Phe TTT  19  19  19  19  21  20 | Ser TCT  26  25  23  25  23  25 | Tyr TAT  15  13  15  15  15  14 | Cys TGT   7   7   7   6   7   7
    TTC  42  41  41  42  40  40 |     TCC  28  28  28  25  26  26 |     TAC  23  25  23  23  23  24 |     TGC   9   9   9  11   9   9
Leu TTA   6   6   6   7   7   7 |     TCA   9   9  11  11  12  10 | *** TAA   0   0   0   0   0   0 | *** TGA   0   0   0   0   0   0
    TTG  11  11  11  11  10  10 |     TCG   3   4   3   2   2   2 |     TAG   0   0   0   0   0   0 | Trp TGG   9   9   9   9   9   9
--------------------------------------------------------------------------------------------------------------------------------------
Leu CTT  35  36  37  33  33  35 | Pro CCT  11  11  11  11  11  10 | His CAT  19  20  20  21  20  19 | Arg CGT   8   9   8   9   9   6
    CTC  26  26  24  28  27  28 |     CCC  14  14  14  14  14  13 |     CAC  22  22  21  19  22  22 |     CGC  23  22  23  19  20  22
    CTA  28  27  28  27  26  29 |     CCA   5   5   5   6   6   5 | Gln CAA  41  41  42  42  43  42 |     CGA  12  11  12  10   9  10
    CTG  86  88  86  88  89  84 |     CCG   2   2   2   1   1   2 |     CAG  86  86  85  85  86  86 |     CGG   9   9   9  12  11  11
--------------------------------------------------------------------------------------------------------------------------------------
Ile ATT  36  34  35  33  33  32 | Thr ACT  32  33  34  35  34  32 | Asn AAT  29  31  31  32  30  28 | Ser AGT  18  18  18  19  19  18
    ATC  52  52  51  52  51  50 |     ACC  29  30  30  32  33  30 |     AAC  48  45  46  45  48  47 |     AGC  16  16  16  15  15  18
    ATA   7   7   7   9   8   8 |     ACA  28  29  28  28  29  30 | Lys AAA  71  71  73  74  74  75 | Arg AGA  24  24  23  24  24  23
Met ATG  58  57  58  56  57  57 |     ACG   8   6   7   6   4   4 |     AAG 139 139 138 138 137 136 |     AGG  26  27  27  26  26  27
--------------------------------------------------------------------------------------------------------------------------------------
Val GTT  16  17  16  15  15  15 | Ala GCT  61  63  60  63  63  67 | Asp GAT  41  41  42  41  43  43 | Gly GGT  20  18  19  21  20  20
    GTC  21  21  22  20  21  22 |     GCC  68  65  69  66  65  64 |     GAC  57  57  56  53  53  54 |     GGC  20  23  22  23  23  23
    GTA   4   4   4   6   6   6 |     GCA  35  34  34  37  38  36 | Glu GAA 106 103 104 105 103 103 |     GGA  13  14  14  13  13  13
    GTG  45  46  46  45  46  47 |     GCG   2   3   3   2   2   2 |     GAG 156 159 157 158 159 158 |     GGG  19  17  17  16  16  16
--------------------------------------------------------------------------------------------------------------------------------------

------------------------------------------------------------------------------------------------------
Phe TTT  18  18  21  22 | Ser TCT  23  26  24  23 | Tyr TAT  16  16  14  17 | Cys TGT   9   8   8   8
    TTC  43  42  37  37 |     TCC  25  21  23  26 |     TAC  23  23  26  23 |     TGC   8   9   8   8
Leu TTA   7   7   9  10 |     TCA  11  12  12  13 | *** TAA   0   0   0   0 | *** TGA   0   0   0   0
    TTG  10  12  15  12 |     TCG   3   2   3   4 |     TAG   0   0   0   0 | Trp TGG   9   9   9   9
------------------------------------------------------------------------------------------------------
Leu CTT  31  34  34  34 | Pro CCT   8   9   8   7 | His CAT  20  20  17  18 | Arg CGT   8   8   9   9
    CTC  24  22  27  23 |     CCC  15  14  16  15 |     CAC  20  21  24  22 |     CGC  24  22  22  23
    CTA  23  28  18  22 |     CCA   6   7   5   5 | Gln CAA  42  45  38  40 |     CGA  10  11  11  11
    CTG  93  86  85  86 |     CCG   3   2   2   4 |     CAG  86  80  90  89 |     CGG  10  11  11   8
------------------------------------------------------------------------------------------------------
Ile ATT  37  39  26  33 | Thr ACT  40  38  39  30 | Asn AAT  28  32  36  34 | Ser AGT  15  15  20  19
    ATC  48  47  57  55 |     ACC  24  27  30  32 |     AAC  51  50  44  46 |     AGC  18  19  16  20
    ATA  10  10   9   7 |     ACA  24  25  26  28 | Lys AAA  73  75  70  69 | Arg AGA  20  22  19  16
Met ATG  57  57  56  56 |     ACG   7   3   4   4 |     AAG 138 137 138 142 |     AGG  29  28  31  34
------------------------------------------------------------------------------------------------------
Val GTT  16  15  19  16 | Ala GCT  59  65  61  63 | Asp GAT  39  44  39  43 | Gly GGT  22  23  20  21
    GTC  20  21  20  22 |     GCC  68  70  69  69 |     GAC  58  52  59  54 |     GGC  24  22  21  20
    GTA   4   4   7   7 |     GCA  39  36  34  28 | Glu GAA 103 104  96  97 |     GGA  12  11  17  13
    GTG  47  46  44  43 |     GCG   8   5   4   8 |     GAG 160 158 166 166 |     GGG  15  16  16  17
------------------------------------------------------------------------------------------------------

Codon position x base (3x4) table for each sequence.

#1: Carlito_syrichta
position  1:    T:0.11203    C:0.21373    A:0.32060    G:0.35364
position  2:    T:0.25090    C:0.18689    A:0.44089    G:0.12132
position  3:    T:0.21270    C:0.25142    A:0.20805    G:0.32783
Average         T:0.19188    C:0.21735    A:0.32318    G:0.26760

#2: Colobus_angolensis
position  1:    T:0.10722    C:0.21959    A:0.31856    G:0.35464
position  2:    T:0.25309    C:0.18660    A:0.44124    G:0.11907
position  3:    T:0.20619    C:0.25258    A:0.20103    G:0.34021
Average         T:0.18883    C:0.21959    A:0.32027    G:0.27131

#3: Rhinopithecus_roxellana
position  1:    T:0.10779    C:0.21867    A:0.32027    G:0.35327
position  2:    T:0.25322    C:0.18669    A:0.43992    G:0.12017
position  3:    T:0.20371    C:0.25477    A:0.20062    G:0.34090
Average         T:0.18824    C:0.22004    A:0.32027    G:0.27145

#4: Chlorocebus_sabaeus
position  1:    T:0.10830    C:0.21764    A:0.31975    G:0.35431
position  2:    T:0.25322    C:0.18669    A:0.43992    G:0.12017
position  3:    T:0.20732    C:0.25374    A:0.19804    G:0.34090
Average         T:0.18962    C:0.21936    A:0.31924    G:0.27179

#5: Macaca_mulatta 
position  1:    T:0.10727    C:0.21867    A:0.32078    G:0.35327
position  2:    T:0.25425    C:0.18566    A:0.44043    G:0.11965
position  3:    T:0.20165    C:0.25735    A:0.20217    G:0.33883
Average         T:0.18773    C:0.22056    A:0.32113    G:0.27059

#6: Macaca_fascicularis
position  1:    T:0.10727    C:0.21815    A:0.32078    G:0.35379
position  2:    T:0.25425    C:0.18515    A:0.44043    G:0.12017
position  3:    T:0.20165    C:0.25735    A:0.20165    G:0.33935
Average         T:0.18773    C:0.22022    A:0.32096    G:0.27110

#7: Cercocebus_atys
position  1:    T:0.10676    C:0.22022    A:0.32027    G:0.35276
position  2:    T:0.25374    C:0.18618    A:0.43992    G:0.12017
position  3:    T:0.20268    C:0.25683    A:0.20062    G:0.33987
Average         T:0.18773    C:0.22108    A:0.32027    G:0.27093

#8: Papio_anubis   
position  1:    T:0.10624    C:0.22125    A:0.31924    G:0.35327
position  2:    T:0.25374    C:0.18618    A:0.43992    G:0.12017
position  3:    T:0.20371    C:0.25580    A:0.19856    G:0.34193
Average         T:0.18790    C:0.22108    A:0.31924    G:0.27179

#9: Mandrillus_leucophaeus
position  1:    T:0.10572    C:0.22022    A:0.32078    G:0.35327
position  2:    T:0.25322    C:0.18669    A:0.43992    G:0.12017
position  3:    T:0.20371    C:0.25529    A:0.20165    G:0.33935
Average         T:0.18755    C:0.22073    A:0.32078    G:0.27093

#10: Homo_sapiens   
position  1:    T:0.10624    C:0.21919    A:0.32182    G:0.35276
position  2:    T:0.25322    C:0.18773    A:0.43889    G:0.12017
position  3:    T:0.20526    C:0.25116    A:0.20578    G:0.33780
Average         T:0.18824    C:0.21936    A:0.32216    G:0.27024

#11: Gorilla_gorilla
position  1:    T:0.10521    C:0.22022    A:0.32078    G:0.35379
position  2:    T:0.25271    C:0.18721    A:0.44146    G:0.11862
position  3:    T:0.20423    C:0.25271    A:0.20526    G:0.33780
Average         T:0.18738    C:0.22004    A:0.32250    G:0.27007

#12: Pongo_abelii   
position  1:    T:0.10513    C:0.21958    A:0.31849    G:0.35681
position  2:    T:0.25375    C:0.18540    A:0.44070    G:0.12015
position  3:    T:0.20249    C:0.25479    A:0.20559    G:0.33713
Average         T:0.18712    C:0.21992    A:0.32160    G:0.27136

#13: Saimiri_boliviensis
position  1:    T:0.10562    C:0.21793    A:0.31891    G:0.35755
position  2:    T:0.25142    C:0.18702    A:0.44152    G:0.12004
position  3:    T:0.20041    C:0.25399    A:0.19784    G:0.34776
Average         T:0.18581    C:0.21965    A:0.31942    G:0.27512

#14: Aotus_nancymaae
position  1:    T:0.10562    C:0.21638    A:0.32148    G:0.35652
position  2:    T:0.25142    C:0.18650    A:0.44152    G:0.12056
position  3:    T:0.21123    C:0.24833    A:0.20453    G:0.33591
Average         T:0.18942    C:0.21707    A:0.32251    G:0.27099

#15: Propithecus_coquereli
position  1:    T:0.10779    C:0.21506    A:0.32027    G:0.35688
position  2:    T:0.24961    C:0.18566    A:0.44198    G:0.12274
position  3:    T:0.20371    C:0.25735    A:0.19134    G:0.34760
Average         T:0.18704    C:0.21936    A:0.31786    G:0.27574

#16: Microcebus_murinus
position  1:    T:0.10928    C:0.21443    A:0.32216    G:0.35412
position  2:    T:0.25000    C:0.18505    A:0.44330    G:0.12165
position  3:    T:0.20464    C:0.25515    A:0.18866    G:0.35155
Average         T:0.18797    C:0.21821    A:0.31804    G:0.27577

Sums of codon usage counts
------------------------------------------------------------------------------
Phe F TTT     306 | Ser S TCT     388 | Tyr Y TAT     231 | Cys C TGT     115
      TTC     659 |       TCC     426 |       TAC     383 |       TGC     144
Leu L TTA     119 |       TCA     174 | *** * TAA       0 | *** * TGA       0
      TTG     187 |       TCG      46 |       TAG       0 | Trp W TGG     144
------------------------------------------------------------------------------
Leu L CTT     561 | Pro P CCT     160 | His H CAT     309 | Arg R CGT     139
      CTC     409 |       CCC     227 |       CAC     349 |       CGC     351
      CTA     412 |       CCA      89 | Gln Q CAA     662 |       CGA     164
      CTG    1373 |       CCG      29 |       CAG    1375 |       CGG     159
------------------------------------------------------------------------------
Ile I ATT     547 | Thr T ACT     538 | Asn N AAT     502 | Ser S AGT     289
      ATC     821 |       ACC     472 |       AAC     749 |       AGC     259
      ATA     130 |       ACA     443 | Lys K AAA    1157 | Arg R AGA     369
Met M ATG     917 |       ACG      93 |       AAG    2209 |       AGG     441
------------------------------------------------------------------------------
Val V GTT     259 | Ala A GCT     999 | Asp D GAT     681 | Gly G GGT     326
      GTC     330 |       GCC    1078 |       GAC     879 |       GGC     352
      GTA      82 |       GCA     554 | Glu E GAA    1654 |       GGA     217
      GTG     724 |       GCG      64 |       GAG    2532 |       GGG     263
------------------------------------------------------------------------------

(Ambiguity data are not used in the counts.)


Codon position x base (3x4) table, overall

position  1:    T:0.10709    C:0.21818    A:0.32031    G:0.35442
position  2:    T:0.25261    C:0.18633    A:0.44075    G:0.12031
position  3:    T:0.20471    C:0.25429    A:0.20071    G:0.34030
Average         T:0.18814    C:0.21960    A:0.32059    G:0.27167

TREE #  1:  ((15, 16), (((14, 13), ((((((9, 7), 8), (5, 6)), 4), (3, 2)), ((11, 10), 12))), 1));   MP score: -1
This is a rooted tree.  Please check!
check convergence..
lnL(ntime: 30  np: 33): -14686.628415      +0.000000
  17..18   18..15   18..16   17..19   19..20   20..21   21..14   21..13   20..22   22..23   23..24   24..25   25..26   26..27   27..9    27..7    26..8    25..28   28..5    28..6    24..4    23..29   29..3    29..2    22..30   30..31   31..11   31..10   30..12   19..1  
 0.060017 0.058094 0.057809 0.006052 0.039442 0.026114 0.033357 0.035741 0.020026 0.020692 0.005340 0.009161 0.001656 0.004489 0.012570 0.006747 0.010924 0.011426 0.003133 0.002054 0.019342 0.006261 0.010550 0.018353 0.013120 0.010515 0.007935 0.015004 0.021864 0.128268 2.650577 0.082873 0.290470

Note: Branch length is defined as number of nucleotide substitutions per codon (not per neucleotide site).

tree length =  0.676057

((15: 0.058094, 16: 0.057809): 0.060017, (((14: 0.033357, 13: 0.035741): 0.026114, ((((((9: 0.012570, 7: 0.006747): 0.004489, 8: 0.010924): 0.001656, (5: 0.003133, 6: 0.002054): 0.011426): 0.009161, 4: 0.019342): 0.005340, (3: 0.010550, 2: 0.018353): 0.006261): 0.020692, ((11: 0.007935, 10: 0.015004): 0.010515, 12: 0.021864): 0.013120): 0.020026): 0.039442, 1: 0.128268): 0.006052);

((Propithecus_coquereli: 0.058094, Microcebus_murinus: 0.057809): 0.060017, (((Aotus_nancymaae: 0.033357, Saimiri_boliviensis: 0.035741): 0.026114, ((((((Mandrillus_leucophaeus: 0.012570, Cercocebus_atys: 0.006747): 0.004489, Papio_anubis: 0.010924): 0.001656, (Macaca_mulatta: 0.003133, Macaca_fascicularis: 0.002054): 0.011426): 0.009161, Chlorocebus_sabaeus: 0.019342): 0.005340, (Rhinopithecus_roxellana: 0.010550, Colobus_angolensis: 0.018353): 0.006261): 0.020692, ((Gorilla_gorilla: 0.007935, Homo_sapiens: 0.015004): 0.010515, Pongo_abelii: 0.021864): 0.013120): 0.020026): 0.039442, Carlito_syrichta: 0.128268): 0.006052);

Detailed output identifying parameters

kappa (ts/tv) =  2.65058

w (dN/dS) for branches:  0.08287 0.29047

dN & dS for each branch

 branch          t       N       S   dN/dS      dN      dS  N*dN  S*dS

  17..18     0.060  4318.4  1516.6  0.0829  0.0052  0.0623  22.3  94.4
  18..15     0.058  4318.4  1516.6  0.0829  0.0050  0.0603  21.6  91.4
  18..16     0.058  4318.4  1516.6  0.0829  0.0050  0.0600  21.5  91.0
  17..19     0.006  4318.4  1516.6  0.0829  0.0005  0.0063   2.2   9.5
  19..20     0.039  4318.4  1516.6  0.0829  0.0034  0.0409  14.6  62.1
  20..21     0.026  4318.4  1516.6  0.0829  0.0022  0.0271   9.7  41.1
  21..14     0.033  4318.4  1516.6  0.0829  0.0029  0.0346  12.4  52.5
  21..13     0.036  4318.4  1516.6  0.0829  0.0031  0.0371  13.3  56.2
  20..22     0.020  4318.4  1516.6  0.0829  0.0017  0.0208   7.4  31.5
  22..23     0.021  4318.4  1516.6  0.0829  0.0018  0.0215   7.7  32.6
  23..24     0.005  4318.4  1516.6  0.0829  0.0005  0.0055   2.0   8.4
  24..25     0.009  4318.4  1516.6  0.0829  0.0008  0.0095   3.4  14.4
  25..26     0.002  4318.4  1516.6  0.0829  0.0001  0.0017   0.6   2.6
  26..27     0.004  4318.4  1516.6  0.0829  0.0004  0.0047   1.7   7.1
  27..9      0.013  4318.4  1516.6  0.0829  0.0011  0.0130   4.7  19.8
  27..7      0.007  4318.4  1516.6  0.0829  0.0006  0.0070   2.5  10.6
  26..8      0.011  4318.4  1516.6  0.0829  0.0009  0.0113   4.1  17.2
  25..28     0.011  4318.4  1516.6  0.0829  0.0010  0.0119   4.2  18.0
  28..5      0.003  4318.4  1516.6  0.0829  0.0003  0.0033   1.2   4.9
  28..6      0.002  4318.4  1516.6  0.0829  0.0002  0.0021   0.8   3.2
  24..4      0.019  4318.4  1516.6  0.0829  0.0017  0.0201   7.2  30.4
  23..29     0.006  4318.4  1516.6  0.0829  0.0005  0.0065   2.3   9.9
  29..3      0.011  4318.4  1516.6  0.0829  0.0009  0.0109   3.9  16.6
  29..2      0.018  4318.4  1516.6  0.0829  0.0016  0.0190   6.8  28.9
  22..30     0.013  4318.4  1516.6  0.0829  0.0011  0.0136   4.9  20.6
  30..31     0.011  4318.4  1516.6  0.0829  0.0009  0.0109   3.9  16.5
  31..11     0.008  4318.4  1516.6  0.0829  0.0007  0.0082   2.9  12.5
  31..10     0.015  4318.4  1516.6  0.2905  0.0031  0.0105  13.2  16.0
  30..12     0.022  4318.4  1516.6  0.0829  0.0019  0.0227   8.1  34.4
  19..1      0.128  4318.4  1516.6  0.0829  0.0110  0.1331  47.6 201.9

tree length for dN:       0.0599
tree length for dS:       0.6965

dS tree:
((Propithecus_coquereli: 0.060280, Microcebus_murinus: 0.059984): 0.062275, (((Aotus_nancymaae: 0.034612, Saimiri_boliviensis: 0.037086): 0.027096, ((((((Mandrillus_leucophaeus: 0.013043, Cercocebus_atys: 0.007001): 0.004658, Papio_anubis: 0.011336): 0.001718, (Macaca_mulatta: 0.003251, Macaca_fascicularis: 0.002132): 0.011856): 0.009506, Chlorocebus_sabaeus: 0.020070): 0.005541, (Rhinopithecus_roxellana: 0.010947, Colobus_angolensis: 0.019044): 0.006497): 0.021471, ((Gorilla_gorilla: 0.008234, Homo_sapiens: 0.010532): 0.010911, Pongo_abelii: 0.022687): 0.013614): 0.020779): 0.040926, Carlito_syrichta: 0.133095): 0.006279);
dN tree:
((Propithecus_coquereli: 0.004996, Microcebus_murinus: 0.004971): 0.005161, (((Aotus_nancymaae: 0.002868, Saimiri_boliviensis: 0.003073): 0.002246, ((((((Mandrillus_leucophaeus: 0.001081, Cercocebus_atys: 0.000580): 0.000386, Papio_anubis: 0.000939): 0.000142, (Macaca_mulatta: 0.000269, Macaca_fascicularis: 0.000177): 0.000983): 0.000788, Chlorocebus_sabaeus: 0.001663): 0.000459, (Rhinopithecus_roxellana: 0.000907, Colobus_angolensis: 0.001578): 0.000538): 0.001779, ((Gorilla_gorilla: 0.000682, Homo_sapiens: 0.003059): 0.000904, Pongo_abelii: 0.001880): 0.001128): 0.001722): 0.003392, Carlito_syrichta: 0.011030): 0.000520);

w ratios as labels for TreeView:
((Propithecus_coquereli #0.0828728 , Microcebus_murinus #0.0828728 ) #0.0828728 , (((Aotus_nancymaae #0.0828728 , Saimiri_boliviensis #0.0828728 ) #0.0828728 , ((((((Mandrillus_leucophaeus #0.0828728 , Cercocebus_atys #0.0828728 ) #0.0828728 , Papio_anubis #0.0828728 ) #0.0828728 , (Macaca_mulatta #0.0828728 , Macaca_fascicularis #0.0828728 ) #0.0828728 ) #0.0828728 , Chlorocebus_sabaeus #0.0828728 ) #0.0828728 , (Rhinopithecus_roxellana #0.0828728 , Colobus_angolensis #0.0828728 ) #0.0828728 ) #0.0828728 , ((Gorilla_gorilla #0.0828728 , Homo_sapiens #0.29047 ) #0.0828728 , Pongo_abelii #0.0828728 ) #0.0828728 ) #0.0828728 ) #0.0828728 , Carlito_syrichta #0.0828728 ) #0.0828728 );


Time used:  2:25
