
Loaded 'libv3/all-terms.bf' from /usr/local/lib/hyphy/TemplateBatchFiles/libv3/all-terms.bf
Loaded 'libv3/UtilityFunctions.bf' from /usr/local/lib/hyphy/TemplateBatchFiles/libv3/UtilityFunctions.bf
Loaded 'IOFunctions.bf' from /usr/local/lib/hyphy/TemplateBatchFiles/libv3/IOFunctions.bf
Already loaded 'libv3/UtilityFunctions.bf' from /usr/local/lib/hyphy/TemplateBatchFiles/libv3/UtilityFunctions.bf
Loaded 'convenience/regexp.bf' from /usr/local/lib/hyphy/TemplateBatchFiles/libv3/convenience/regexp.bf
Already loaded 'libv3/all-terms.bf' from /usr/local/lib/hyphy/TemplateBatchFiles/libv3/all-terms.bf
Already loaded 'libv3/IOFunctions.bf' from /usr/local/lib/hyphy/TemplateBatchFiles/libv3/IOFunctions.bf
Loaded 'libv3/models/codon/MG_REV.bf' from /usr/local/lib/hyphy/TemplateBatchFiles/libv3/models/codon/MG_REV.bf
Loaded '../codon.bf' from /usr/local/lib/hyphy/TemplateBatchFiles/libv3/models/codon.bf
Loaded '../tasks/genetic_code.bf' from /usr/local/lib/hyphy/TemplateBatchFiles/libv3/tasks/genetic_code.bf
Loaded 'libv3/convenience/matrix.bf' from /usr/local/lib/hyphy/TemplateBatchFiles/libv3/convenience/matrix.bf
Already loaded 'libv3/UtilityFunctions.bf' from /usr/local/lib/hyphy/TemplateBatchFiles/libv3/UtilityFunctions.bf
Already loaded 'libv3/all-terms.bf' from /usr/local/lib/hyphy/TemplateBatchFiles/libv3/all-terms.bf
Already loaded '../UtilityFunctions.bf' from /usr/local/lib/hyphy/TemplateBatchFiles/libv3/UtilityFunctions.bf
Loaded '../DNA.bf' from /usr/local/lib/hyphy/TemplateBatchFiles/libv3/models/DNA.bf
Loaded 'frequencies.bf' from /usr/local/lib/hyphy/TemplateBatchFiles/libv3/models/frequencies.bf
Already loaded '../all-terms.bf' from /usr/local/lib/hyphy/TemplateBatchFiles/libv3/all-terms.bf
Loaded 'parameters.bf' from /usr/local/lib/hyphy/TemplateBatchFiles/libv3/models/parameters.bf
Loaded 'GrabBag' from /usr/local/lib/hyphy/TemplateBatchFiles/Utility/GrabBag.bf
Overwritten previously defined function:'_sortStringsAux'
Already loaded 'libv3/all-terms.bf' from /usr/local/lib/hyphy/TemplateBatchFiles/libv3/all-terms.bf
Already loaded '../UtilityFunctions.bf' from /usr/local/lib/hyphy/TemplateBatchFiles/libv3/UtilityFunctions.bf
Loaded 'model_functions.bf' from /usr/local/lib/hyphy/TemplateBatchFiles/libv3/models/model_functions.bf
Already loaded 'DNA.bf' from /usr/local/lib/hyphy/TemplateBatchFiles/libv3/models/DNA.bf
Already loaded 'parameters.bf' from /usr/local/lib/hyphy/TemplateBatchFiles/libv3/models/parameters.bf
Already loaded 'frequencies.bf' from /usr/local/lib/hyphy/TemplateBatchFiles/libv3/models/frequencies.bf
Already loaded '../UtilityFunctions.bf' from /usr/local/lib/hyphy/TemplateBatchFiles/libv3/UtilityFunctions.bf
Already loaded '../convenience/regexp.bf' from /usr/local/lib/hyphy/TemplateBatchFiles/libv3/convenience/regexp.bf
Already loaded 'libv3/all-terms.bf' from /usr/local/lib/hyphy/TemplateBatchFiles/libv3/all-terms.bf
Already loaded '../parameters.bf' from /usr/local/lib/hyphy/TemplateBatchFiles/libv3/models/parameters.bf
Already loaded '../frequencies.bf' from /usr/local/lib/hyphy/TemplateBatchFiles/libv3/models/frequencies.bf
Already loaded '../../UtilityFunctions.bf' from /usr/local/lib/hyphy/TemplateBatchFiles/libv3/UtilityFunctions.bf
Loaded 'libv3/tasks/estimators.bf' from /usr/local/lib/hyphy/TemplateBatchFiles/libv3/tasks/estimators.bf
Already loaded '../models/model_functions.bf' from /usr/local/lib/hyphy/TemplateBatchFiles/libv3/models/model_functions.bf
Loaded '../models/DNA/GTR.bf' from /usr/local/lib/hyphy/TemplateBatchFiles/libv3/models/DNA/GTR.bf
Already loaded '../DNA.bf' from /usr/local/lib/hyphy/TemplateBatchFiles/libv3/models/DNA.bf
Already loaded '../parameters.bf' from /usr/local/lib/hyphy/TemplateBatchFiles/libv3/models/parameters.bf
Already loaded '../frequencies.bf' from /usr/local/lib/hyphy/TemplateBatchFiles/libv3/models/frequencies.bf
Already loaded '../../UtilityFunctions.bf' from /usr/local/lib/hyphy/TemplateBatchFiles/libv3/UtilityFunctions.bf
Already loaded 'libv3/all-terms.bf' from /usr/local/lib/hyphy/TemplateBatchFiles/libv3/all-terms.bf
Already loaded '../convenience/regexp.bf' from /usr/local/lib/hyphy/TemplateBatchFiles/libv3/convenience/regexp.bf
Already loaded 'libv3/all-terms.bf' from /usr/local/lib/hyphy/TemplateBatchFiles/libv3/all-terms.bf
Loaded 'libv3/tasks/alignments.bf' from /usr/local/lib/hyphy/TemplateBatchFiles/libv3/tasks/alignments.bf
Already loaded '../IOFunctions.bf' from /usr/local/lib/hyphy/TemplateBatchFiles/libv3/IOFunctions.bf
Already loaded '../all-terms.bf' from /usr/local/lib/hyphy/TemplateBatchFiles/libv3/all-terms.bf
Loaded 'libv3/tasks/trees.bf' from /usr/local/lib/hyphy/TemplateBatchFiles/libv3/tasks/trees.bf
Already loaded '../IOFunctions.bf' from /usr/local/lib/hyphy/TemplateBatchFiles/libv3/IOFunctions.bf
Already loaded '../all-terms.bf' from /usr/local/lib/hyphy/TemplateBatchFiles/libv3/all-terms.bf
Already loaded '../convenience/regexp.bf' from /usr/local/lib/hyphy/TemplateBatchFiles/libv3/convenience/regexp.bf
Already loaded '../UtilityFunctions.bf' from /usr/local/lib/hyphy/TemplateBatchFiles/libv3/UtilityFunctions.bf
Loaded 'TreeTools' from /usr/local/lib/hyphy/TemplateBatchFiles/TreeTools.ibf
Loaded 'modules/io_functions.ibf' from /usr/local/lib/hyphy/TemplateBatchFiles/SelectionAnalyses/modules/io_functions.ibf
Already loaded 'libv3/UtilityFunctions.bf' from /usr/local/lib/hyphy/TemplateBatchFiles/libv3/UtilityFunctions.bf
Already loaded 'libv3/IOFunctions.bf' from /usr/local/lib/hyphy/TemplateBatchFiles/libv3/IOFunctions.bf
Already loaded 'libv3/convenience/regexp.bf' from /usr/local/lib/hyphy/TemplateBatchFiles/libv3/convenience/regexp.bf
Already loaded 'libv3/all-terms.bf' from /usr/local/lib/hyphy/TemplateBatchFiles/libv3/all-terms.bf
Loaded 'modules/selection_lib.ibf' from /usr/local/lib/hyphy/TemplateBatchFiles/SelectionAnalyses/modules/selection_lib.ibf
Loaded 'libv3/models/codon/BS_REL.bf' from /usr/local/lib/hyphy/TemplateBatchFiles/libv3/models/codon/BS_REL.bf
Already loaded '../codon.bf' from /usr/local/lib/hyphy/TemplateBatchFiles/libv3/models/codon.bf
Already loaded '../DNA.bf' from /usr/local/lib/hyphy/TemplateBatchFiles/libv3/models/DNA.bf
Already loaded '../parameters.bf' from /usr/local/lib/hyphy/TemplateBatchFiles/libv3/models/parameters.bf
Already loaded '../frequencies.bf' from /usr/local/lib/hyphy/TemplateBatchFiles/libv3/models/frequencies.bf
Already loaded '../../UtilityFunctions.bf' from /usr/local/lib/hyphy/TemplateBatchFiles/libv3/UtilityFunctions.bf
Already loaded 'MG_REV.bf' from /usr/local/lib/hyphy/TemplateBatchFiles/libv3/models/codon/MG_REV.bf
Loaded '../../convenience/math.bf' from /usr/local/lib/hyphy/TemplateBatchFiles/libv3/convenience/math.bf
Already loaded 'libv3/UtilityFunctions.bf' from /usr/local/lib/hyphy/TemplateBatchFiles/libv3/UtilityFunctions.bf
Already loaded 'libv3/convenience/math.bf' from /usr/local/lib/hyphy/TemplateBatchFiles/libv3/convenience/math.bf
Loaded 'libv3/tasks/mpi.bf' from /usr/local/lib/hyphy/TemplateBatchFiles/libv3/tasks/mpi.bf
Already loaded '../all-terms.bf' from /usr/local/lib/hyphy/TemplateBatchFiles/libv3/all-terms.bf
Already loaded '../models/parameters.bf' from /usr/local/lib/hyphy/TemplateBatchFiles/libv3/models/parameters.bf
Variable 'NORMALIZE_SEQUENCE_NAMES' was not initialized prior to being used
Variable 'ASSUME_REVERSIBLE_MODELS' was not initialized prior to being used
Loaded 'modules/shared-load-file.bf' from /usr/local/lib/hyphy/TemplateBatchFiles/SelectionAnalyses/modules/shared-load-file.bf
Variable 'MARKDOWN_OUTPUT' was not initialized prior to being used
Already loaded 'libv3/convenience/matrix.bf' from /usr/local/lib/hyphy/TemplateBatchFiles/libv3/convenience/matrix.bf
Already loaded 'libv3/UtilityFunctions.bf' from /usr/local/lib/hyphy/TemplateBatchFiles/libv3/UtilityFunctions.bf
Variable 'QdSm_DtT.skipCodeSelectionStep' was not initialized prior to being used
Row and/or column partition is empty. All the data will be used by default.
Variable 'NEXUS_FILE_TREE_MATRIX' was not initialized prior to being used
Variable 'utility.ToggleEnvVariable.cache' was not initialized prior to being used
Variable 'TREE_NODE_NAME_MAPPING' was not initialized prior to being used
Variable 'OdzatjYI.PROMPT_FOR_FILE' was not initialized prior to being used
Variable 'END_OF_FILE' was not initialized prior to being used
Variable '_DO_TREE_REBALANCE_' was not initialized prior to being used
Variable '_KEEP_I_LABELS_' was not initialized prior to being used
Rooted topology. Removing one branch - the right root child has been promoted to be the new root
Variable 'INCLUDE_MODEL_SPECS' was not initialized prior to being used
Variable 'utility.ForEachPair.warn_non_rentrant' was not initialized prior to being used
Row and/or column partition is empty. All the data will be used by default.
Row and/or column partition is empty. All the data will be used by default.
Loaded 'modules/grid_compute.ibf' from /usr/local/lib/hyphy/TemplateBatchFiles/SelectionAnalyses/modules/grid_compute.ibf
Variable 'pHSdEsK_.cache' was not initialized prior to being used
Row and/or column partition is empty. All the data will be used by default.
Variable 'COUNT_GAPS_IN_FREQUENCIES' was not initialized prior to being used
Variable 'ffNOkaJu.model_pi' was not initialized prior to being used
Model ffNOkaJu.model assigned to Ochotona_princeps
Model ffNOkaJu.model assigned to Fukomys_damarensis
Model ffNOkaJu.model assigned to Cavia_porcellus
Model ffNOkaJu.model assigned to Cavia_aperea
Model ffNOkaJu.model assigned to 14
Model ffNOkaJu.model assigned to Octodon_degus
Model ffNOkaJu.model assigned to Chinchilla_lanigera
Model ffNOkaJu.model assigned to 13
Model ffNOkaJu.model assigned to 11
Model ffNOkaJu.model assigned to 10
Model ffNOkaJu.model assigned to Sciurus_vulgaris
The tips of the tree:ffNOkaJu.tree_0 were matched with the species names from the data in the following numeric order (0-based) {0,5,1,2,4,3,6}

Pseudo-optimal path's cost 748 vs 1396 for 1..k=> a 1.86631 x improvement
Partition 0 is ASSUMED to have a reversible model
Variable 'USE_LAST_RESULTS' was not initialized prior to being used
Variable 'ffNOkaJu.tree_0.Ochotona_princeps.t' was not initialized prior to being used
models.generic.SetBranchLength: ffNOkaJu.tree_0.Ochotona_princeps.t=221.9639453694053
Variable 'ffNOkaJu.tree_0.Fukomys_damarensis.t' was not initialized prior to being used
models.generic.SetBranchLength: ffNOkaJu.tree_0.Fukomys_damarensis.t=117.1648905850533
Variable 'ffNOkaJu.tree_0.Cavia_porcellus.t' was not initialized prior to being used
models.generic.SetBranchLength: ffNOkaJu.tree_0.Cavia_porcellus.t=15.2859899525406
Variable 'ffNOkaJu.tree_0.Cavia_aperea.t' was not initialized prior to being used
models.generic.SetBranchLength: ffNOkaJu.tree_0.Cavia_aperea.t=15.2859899525406
Variable 'ffNOkaJu.tree_0.14.t' was not initialized prior to being used
models.generic.SetBranchLength: ffNOkaJu.tree_0.14.t=81.39736348093585
Variable 'ffNOkaJu.tree_0.Octodon_degus.t' was not initialized prior to being used
models.generic.SetBranchLength: ffNOkaJu.tree_0.Octodon_degus.t=88.78299781902413
Variable 'ffNOkaJu.tree_0.Chinchilla_lanigera.t' was not initialized prior to being used
models.generic.SetBranchLength: ffNOkaJu.tree_0.Chinchilla_lanigera.t=88.78299781902413
Variable 'ffNOkaJu.tree_0.13.t' was not initialized prior to being used
models.generic.SetBranchLength: ffNOkaJu.tree_0.13.t=7.900355614452323
Variable 'ffNOkaJu.tree_0.11.t' was not initialized prior to being used
models.generic.SetBranchLength: ffNOkaJu.tree_0.11.t=20.48153715157688
Variable 'ffNOkaJu.tree_0.10.t' was not initialized prior to being used
models.generic.SetBranchLength: ffNOkaJu.tree_0.10.t=79.76528159881663
Variable 'ffNOkaJu.tree_0.Sciurus_vulgaris.t' was not initialized prior to being used
models.generic.SetBranchLength: ffNOkaJu.tree_0.Sciurus_vulgaris.t=196.93017218387
Variable 'ffNOkaJu.ffNOkaJu.likelihoodFunction' was not initialized prior to being used
Variable 'SAVE_OPT_STATUS_TO' was not initialized prior to being used
Auto-benchmarked an optimal number (1) of threads.
Set GUI update interval to every 8474-th LF evaluation.
Optimization settings:
	OPTIMIZATION_METHOD = 4
	OPTIMIZATION_PRECISION = 0.001
	MAXIMUM_ITERATIONS_PER_VARIABLE = 5000

Initial parameter values

ffNOkaJu.model.theta_GT = 0.25
ffNOkaJu.model.theta_CT = 1
ffNOkaJu.model.theta_AC = 0.25
ffNOkaJu.model.theta_CG = 0.25
ffNOkaJu.model.theta_AT = 0.25
ffNOkaJu.tree_0.Ochotona_princeps.t = 221.964
ffNOkaJu.tree_0.Fukomys_damarensis.t = 117.165
ffNOkaJu.tree_0.Cavia_porcellus.t = 15.286
ffNOkaJu.tree_0.Cavia_aperea.t = 15.286
ffNOkaJu.tree_0.14.t = 81.3974
ffNOkaJu.tree_0.Octodon_degus.t = 88.783
ffNOkaJu.tree_0.Chinchilla_lanigera.t = 88.783
ffNOkaJu.tree_0.13.t = 7.90036
ffNOkaJu.tree_0.11.t = 20.4815
ffNOkaJu.tree_0.10.t = 79.7653
ffNOkaJu.tree_0.Sciurus_vulgaris.t = 196.93
Optimization finished in 24 loop passes.
1340 likelihood evaluation calls and 7347 matrix exponentiations calls were made

Variable 'BRANCH_LENGTH_STENCIL' was not initialized prior to being used
Variable 'ffNOkaJu.option' was not initialized prior to being used
Variable 'relax.terms.json.nucleotide_gtr' was not initialized prior to being used
Variable 'Unknown' was not initialized prior to being used
Variable 'TZwPbSLy.initial_value' was not initialized prior to being used
Variable 'ElBjZniF.data_filter' was not initialized prior to being used
Row and/or column partition is empty. All the data will be used by default.
Auto-benchmarked an optimal number (2) of threads.
Set GUI update interval to every 6493-th LF evaluation.
Optimization settings:
	OPTIMIZATION_METHOD = 4
	OPTIMIZATION_PRECISION = 0.001
	MAXIMUM_ITERATIONS_PER_VARIABLE = 5000

Initial parameter values

frequencies._aux.CF3x4.p0_0 = 0.243172
frequencies._aux.CF3x4.p0_1 = 0.425399
frequencies._aux.CF3x4.p0_2 = 0.672705
frequencies._aux.CF3x4.p1_0 = 0.297794
frequencies._aux.CF3x4.p1_1 = 0.298429
frequencies._aux.CF3x4.p1_2 = 0.395522
frequencies._aux.CF3x4.p2_0 = 0.129727
frequencies._aux.CF3x4.p2_1 = 0.371153
frequencies._aux.CF3x4.p2_2 = 0.672745
Optimization finished in 6 loop passes.
246 likelihood evaluation calls and 0 matrix exponentiations calls were made

Variable 'ElBjZniF.model_MGREV_pi' was not initialized prior to being used
Model ElBjZniF.model_MGREV assigned to Ochotona_princeps
Model ElBjZniF.model_MGREV assigned to Fukomys_damarensis
Model ElBjZniF.model_MGREV assigned to Cavia_porcellus
Model ElBjZniF.model_MGREV assigned to Cavia_aperea
Model ElBjZniF.model_MGREV assigned to 14
Model ElBjZniF.model_MGREV assigned to Octodon_degus
Model ElBjZniF.model_MGREV assigned to Chinchilla_lanigera
Model ElBjZniF.model_MGREV assigned to 13
Model ElBjZniF.model_MGREV assigned to 11
Model ElBjZniF.model_MGREV assigned to 10
Model ElBjZniF.model_MGREV assigned to Sciurus_vulgaris
The tips of the tree:ElBjZniF.tree_0 were matched with the species names from the data in the following numeric order (0-based) {0,5,1,2,4,3,6}

Pseudo-optimal path's cost 1173 vs 1385 for 1..k=> a 1.18073 x improvement
Partition 0 is ASSUMED to have a reversible model
Variable 'ElBjZniF.ElBjZniF.likelihoodFunction' was not initialized prior to being used
Variable 'ElBjZniF.tree_0.Ochotona_princeps.alpha' was not initialized prior to being used
Variable 'ElBjZniF.tree_0.Fukomys_damarensis.alpha' was not initialized prior to being used
Variable 'ElBjZniF.tree_0.Cavia_porcellus.alpha' was not initialized prior to being used
Variable 'ElBjZniF.tree_0.Cavia_aperea.alpha' was not initialized prior to being used
Variable 'ElBjZniF.tree_0.14.alpha' was not initialized prior to being used
Variable 'ElBjZniF.tree_0.Octodon_degus.alpha' was not initialized prior to being used
Variable 'ElBjZniF.tree_0.Chinchilla_lanigera.alpha' was not initialized prior to being used
Variable 'ElBjZniF.tree_0.13.alpha' was not initialized prior to being used
Variable 'ElBjZniF.tree_0.11.alpha' was not initialized prior to being used
Variable 'ElBjZniF.tree_0.10.alpha' was not initialized prior to being used
Variable 'ElBjZniF.tree_0.Sciurus_vulgaris.alpha' was not initialized prior to being used
Site 3 evaluated to a 0 probability in ComputeTreeBlockByBranch
Site 3 evaluated to a 0 probability in ComputeTreeBlockByBranch
Site 80 evaluated to a 0 probability in ComputeTreeBlockByBranch
Site 46 evaluated to a 0 probability in ComputeTreeBlockByBranch
Site 3 evaluated to a 0 probability in ComputeTreeBlockByBranch
Site 90 evaluated to a 0 probability in ComputeTreeBlockByBranch
Site 114 evaluated to a 0 probability in ComputeTreeBlockByBranch
Site 111 evaluated to a 0 probability in ComputeTreeBlockByBranch
Site 3 evaluated to a 0 probability in ComputeTreeBlockByBranch
Site 118 evaluated to a 0 probability in ComputeTreeBlockByBranch
Site 67 evaluated to a 0 probability in ComputeTreeBlockByBranch
Site 3 evaluated to a 0 probability in ComputeTreeBlockByBranch
Site 121 evaluated to a 0 probability in ComputeTreeBlockByBranch
Site 66 evaluated to a 0 probability in ComputeTreeBlockByBranch
Site 127 evaluated to a 0 probability in ComputeTreeBlockByBranch
Site 90 evaluated to a 0 probability in ComputeTreeBlockByBranch
Site 8 evaluated to a 0 probability in ComputeTreeBlockByBranch
Site 123 evaluated to a 0 probability in ComputeTreeBlockByBranch
Site 122 evaluated to a 0 probability in ComputeTreeBlockByBranch
Site 5 evaluated to a 0 probability in ComputeTreeBlockByBranch
Site 3 evaluated to a 0 probability in ComputeTreeBlockByBranch
Auto-benchmarked an optimal number (5) of threads.
Set GUI update interval to every 1168-th LF evaluation.
Initial guess for ElBjZniF.tree_0.10.alpha is 0.000159174
Initial guess for ElBjZniF.tree_0.Fukomys_damarensis.alpha is 0.000256786
Initial guess for ElBjZniF.tree_0.11.alpha is 3.13273e-05
Initial guess for ElBjZniF.tree_0.14.alpha is 0.000142629
Initial guess for ElBjZniF.tree_0.Cavia_porcellus.alpha is 0.000137936
Initial guess for ElBjZniF.tree_0.Cavia_aperea.alpha is 3.23466e-07
Initial guess for ElBjZniF.tree_0.13.alpha is 9.60372e-06
Initial guess for ElBjZniF.tree_0.Octodon_degus.alpha is 3.68144e-06
Initial guess for ElBjZniF.tree_0.Chinchilla_lanigera.alpha is 0.000134581
Initial guess for ElBjZniF.tree_0.Sciurus_vulgaris.alpha is 7.77238e-05
Optimization settings:
	OPTIMIZATION_METHOD = 4
	OPTIMIZATION_PRECISION = 0.001
	MAXIMUM_ITERATIONS_PER_VARIABLE = 5000

Initial parameter values

ElBjZniF.model_MGREV.theta_GT = 1
ElBjZniF.model_MGREV.theta_CT = 1
ElBjZniF.model_MGREV.theta_CG = 1
ElBjZniF.model_MGREV.theta_AT = 1
ElBjZniF.model_MGREV.theta_AC = 1
ElBjZniF.model_MGREV.omega_0 = 1
ElBjZniF.tree_0.Ochotona_princeps.alpha = 0.1
ElBjZniF.tree_0.Fukomys_damarensis.alpha = 0.000256786
ElBjZniF.tree_0.Cavia_porcellus.alpha = 0.000137936
ElBjZniF.tree_0.Cavia_aperea.alpha = 3.23466e-07
ElBjZniF.tree_0.14.alpha = 0.000142629
ElBjZniF.tree_0.Octodon_degus.alpha = 3.68144e-06
ElBjZniF.tree_0.Chinchilla_lanigera.alpha = 0.000134581
ElBjZniF.tree_0.13.alpha = 9.60372e-06
ElBjZniF.tree_0.11.alpha = 3.13273e-05
ElBjZniF.tree_0.10.alpha = 0.000159174
ElBjZniF.tree_0.Sciurus_vulgaris.alpha = 7.77238e-05
ElBjZniF.model_MGREV.omega_1 = 1
Failing bound checks on ElBjZniF.tree_0.Octodon_degus.beta =         10003.17906393385
Optimization finished in 89 loop passes.
6385 likelihood evaluation calls and 33126 matrix exponentiations calls were made

Row and/or column partition is empty. All the data will be used by default.
Auto-benchmarked an optimal number (3) of threads.
Set GUI update interval to every 6250-th LF evaluation.
Optimization settings:
	OPTIMIZATION_METHOD = 4
	OPTIMIZATION_PRECISION = 0.001
	MAXIMUM_ITERATIONS_PER_VARIABLE = 5000

Initial parameter values

frequencies._aux.CF3x4.p0_0 = 0.243172
frequencies._aux.CF3x4.p0_1 = 0.425399
frequencies._aux.CF3x4.p0_2 = 0.672705
frequencies._aux.CF3x4.p1_0 = 0.297794
frequencies._aux.CF3x4.p1_1 = 0.298429
frequencies._aux.CF3x4.p1_2 = 0.395522
frequencies._aux.CF3x4.p2_0 = 0.129727
frequencies._aux.CF3x4.p2_1 = 0.371153
frequencies._aux.CF3x4.p2_2 = 0.672745
Optimization finished in 6 loop passes.
247 likelihood evaluation calls and 0 matrix exponentiations calls were made

Variable 'ElBjZniF.model_MGREV_pi' was not initialized prior to being used
Model ElBjZniF.model_MGREV assigned to Ochotona_princeps
Model ElBjZniF.model_MGREV assigned to Fukomys_damarensis
Model ElBjZniF.model_MGREV assigned to Cavia_porcellus
Model ElBjZniF.model_MGREV assigned to Cavia_aperea
Model ElBjZniF.model_MGREV assigned to 14
Model ElBjZniF.model_MGREV assigned to Octodon_degus
Model ElBjZniF.model_MGREV assigned to Chinchilla_lanigera
Model ElBjZniF.model_MGREV assigned to 13
Model ElBjZniF.model_MGREV assigned to 11
Model ElBjZniF.model_MGREV assigned to 10
Model ElBjZniF.model_MGREV assigned to Sciurus_vulgaris
The tips of the tree:ElBjZniF.tree_0 were matched with the species names from the data in the following numeric order (0-based) {0,5,1,2,4,3,6}

Pseudo-optimal path's cost 1173 vs 1385 for 1..k=> a 1.18073 x improvement
Partition 0 is ASSUMED to have a reversible model
Variable 'ElBjZniF.tree_0.11.alpha' was not initialized prior to being used
Variable 'ElBjZniF.tree_0.13.alpha' was not initialized prior to being used
Variable 'ElBjZniF.tree_0.10.alpha' was not initialized prior to being used
Variable 'ElBjZniF.tree_0.Fukomys_damarensis.alpha' was not initialized prior to being used
Variable 'ElBjZniF.tree_0.Chinchilla_lanigera.alpha' was not initialized prior to being used
Variable 'ElBjZniF.tree_0.Octodon_degus.alpha' was not initialized prior to being used
Variable 'ElBjZniF.tree_0.Cavia_porcellus.alpha' was not initialized prior to being used
Variable 'ElBjZniF.tree_0.14.alpha' was not initialized prior to being used
Variable 'ElBjZniF.tree_0.Ochotona_princeps.alpha' was not initialized prior to being used
Variable 'ElBjZniF.tree_0.Cavia_aperea.alpha' was not initialized prior to being used
Variable 'ElBjZniF.tree_0.Sciurus_vulgaris.alpha' was not initialized prior to being used
Site 3 evaluated to a 0 probability in ComputeTreeBlockByBranch
Site 3 evaluated to a 0 probability in ComputeTreeBlockByBranch
Site 80 evaluated to a 0 probability in ComputeTreeBlockByBranch
Site 46 evaluated to a 0 probability in ComputeTreeBlockByBranch
Site 3 evaluated to a 0 probability in ComputeTreeBlockByBranch
Site 90 evaluated to a 0 probability in ComputeTreeBlockByBranch
Site 114 evaluated to a 0 probability in ComputeTreeBlockByBranch
Site 111 evaluated to a 0 probability in ComputeTreeBlockByBranch
Site 3 evaluated to a 0 probability in ComputeTreeBlockByBranch
Site 118 evaluated to a 0 probability in ComputeTreeBlockByBranch
Site 67 evaluated to a 0 probability in ComputeTreeBlockByBranch
Site 3 evaluated to a 0 probability in ComputeTreeBlockByBranch
Site 121 evaluated to a 0 probability in ComputeTreeBlockByBranch
Site 127 evaluated to a 0 probability in ComputeTreeBlockByBranch
Site 66 evaluated to a 0 probability in ComputeTreeBlockByBranch
Auto-benchmarked an optimal number (4) of threads.
Set GUI update interval to every 1315-th LF evaluation.
Initial guess for ElBjZniF.tree_0.10.alpha is 0.000159174
Initial guess for ElBjZniF.tree_0.Fukomys_damarensis.alpha is 0.000256786
Initial guess for ElBjZniF.tree_0.11.alpha is 3.13273e-05
Initial guess for ElBjZniF.tree_0.14.alpha is 0.000142629
Initial guess for ElBjZniF.tree_0.Cavia_porcellus.alpha is 0.000137936
Initial guess for ElBjZniF.tree_0.Cavia_aperea.alpha is 3.23466e-07
Initial guess for ElBjZniF.tree_0.13.alpha is 9.60372e-06
Initial guess for ElBjZniF.tree_0.Octodon_degus.alpha is 3.68144e-06
Initial guess for ElBjZniF.tree_0.Chinchilla_lanigera.alpha is 0.000134581
Initial guess for ElBjZniF.tree_0.Sciurus_vulgaris.alpha is 7.77238e-05
Optimization settings:
	OPTIMIZATION_METHOD = 4
	OPTIMIZATION_PRECISION = 0.001
	MAXIMUM_ITERATIONS_PER_VARIABLE = 5000

Initial parameter values

ElBjZniF.model_MGREV.theta_CG = 1
ElBjZniF.model_MGREV.theta_CT = 1
ElBjZniF.model_MGREV.theta_GT = 1
ElBjZniF.model_MGREV.theta_AT = 1
ElBjZniF.model_MGREV.theta_AC = 1
ElBjZniF.model_MGREV.omega_0 = 1
ElBjZniF.tree_0.Ochotona_princeps.alpha = 0.1
ElBjZniF.tree_0.Fukomys_damarensis.alpha = 0.000256786
ElBjZniF.tree_0.Cavia_porcellus.alpha = 0.000137936
ElBjZniF.tree_0.Cavia_aperea.alpha = 3.23466e-07
ElBjZniF.tree_0.14.alpha = 0.000142629
ElBjZniF.tree_0.Octodon_degus.alpha = 3.68144e-06
ElBjZniF.tree_0.Chinchilla_lanigera.alpha = 0.000134581
ElBjZniF.tree_0.13.alpha = 9.60372e-06
ElBjZniF.tree_0.11.alpha = 3.13273e-05
ElBjZniF.tree_0.10.alpha = 0.000159174
ElBjZniF.tree_0.Sciurus_vulgaris.alpha = 7.77238e-05
ElBjZniF.model_MGREV.omega_1 = 1
Failing bound checks on ElBjZniF.tree_0.Octodon_degus.beta =         10003.17906393385
Optimization finished in 94 loop passes.
6815 likelihood evaluation calls and 36461 matrix exponentiations calls were made

Overwritten previously defined function:'PVG_SFjW.rate_generator'
Overwritten previously defined function:'PVG_SFjW.rate_generator'
Auto-benchmarked an optimal number (2) of threads.
Set GUI update interval to every 6250-th LF evaluation.
Optimization settings:
	OPTIMIZATION_METHOD = 4
	OPTIMIZATION_PRECISION = 0.001
	MAXIMUM_ITERATIONS_PER_VARIABLE = 5000

Initial parameter values

frequencies._aux.CF3x4.p0_0 = 0.243172
frequencies._aux.CF3x4.p0_1 = 0.425399
frequencies._aux.CF3x4.p0_2 = 0.672705
frequencies._aux.CF3x4.p1_0 = 0.297794
frequencies._aux.CF3x4.p1_1 = 0.298429
frequencies._aux.CF3x4.p1_2 = 0.395522
frequencies._aux.CF3x4.p2_0 = 0.129727
frequencies._aux.CF3x4.p2_1 = 0.371153
frequencies._aux.CF3x4.p2_2 = 0.672745
Optimization finished in 6 loop passes.
246 likelihood evaluation calls and 0 matrix exponentiations calls were made

Variable 'relax.test_pi' was not initialized prior to being used
Overwritten previously defined function:'PVG_SFjW.rate_generator'
Overwritten previously defined function:'PVG_SFjW.rate_generator'
Overwritten previously defined function:'PVG_SFjW.rate_generator'
Auto-benchmarked an optimal number (3) of threads.
Set GUI update interval to every 6410-th LF evaluation.
Optimization settings:
	OPTIMIZATION_METHOD = 4
	OPTIMIZATION_PRECISION = 0.001
	MAXIMUM_ITERATIONS_PER_VARIABLE = 5000

Initial parameter values

frequencies._aux.CF3x4.p0_0 = 0.243172
frequencies._aux.CF3x4.p0_1 = 0.425399
frequencies._aux.CF3x4.p0_2 = 0.672705
frequencies._aux.CF3x4.p1_0 = 0.297794
frequencies._aux.CF3x4.p1_1 = 0.298429
frequencies._aux.CF3x4.p1_2 = 0.395522
frequencies._aux.CF3x4.p2_0 = 0.129727
frequencies._aux.CF3x4.p2_1 = 0.371153
frequencies._aux.CF3x4.p2_2 = 0.672745
Optimization finished in 6 loop passes.
247 likelihood evaluation calls and 0 matrix exponentiations calls were made

Variable 'relax.reference_pi' was not initialized prior to being used
No nodel was assigned to Ochotona_princeps
No nodel was assigned to Fukomys_damarensis
No nodel was assigned to Cavia_porcellus
No nodel was assigned to Cavia_aperea
No nodel was assigned to 14
No nodel was assigned to Octodon_degus
No nodel was assigned to Chinchilla_lanigera
No nodel was assigned to 13
No nodel was assigned to 11
No nodel was assigned to 10
No nodel was assigned to Sciurus_vulgaris
The tips of the tree:Weo_M_ie.tree_id_0 were matched with the species names from the data in the following numeric order (0-based) {0,5,1,2,4,3,6}

Pseudo-optimal path's cost 1173 vs 1385 for 1..k=> a 1.18073 x improvement
Partition 0 is ASSUMED to have a reversible model
relax.reference.theta_AC was already constrained in estimators.SetGlobals2
relax.reference.theta_AG was already constrained in estimators.SetGlobals2
relax.reference.theta_AT was already constrained in estimators.SetGlobals2
relax.reference.theta_CG was already constrained in estimators.SetGlobals2
relax.reference.theta_CT was already constrained in estimators.SetGlobals2
relax.reference.theta_GT was already constrained in estimators.SetGlobals2
relax.test.theta_AG was already constrained in estimators.SetGlobals2
Variable 'Weo_M_ie.tree_id_0.Ochotona_princeps.t' was not initialized prior to being used
models.generic.SetBranchLength: Weo_M_ie.tree_id_0.Ochotona_princeps.t=2.494225915842324
Variable 'Weo_M_ie.tree_id_0.Fukomys_damarensis.t' was not initialized prior to being used
models.generic.SetBranchLength: Weo_M_ie.tree_id_0.Fukomys_damarensis.t=0.981278063576047
Variable 'Weo_M_ie.tree_id_0.Cavia_porcellus.t' was not initialized prior to being used
models.generic.SetBranchLength: Weo_M_ie.tree_id_0.Cavia_porcellus.t=0
Variable 'Weo_M_ie.tree_id_0.Cavia_aperea.t' was not initialized prior to being used
models.generic.SetBranchLength: Weo_M_ie.tree_id_0.Cavia_aperea.t=0.0245013613970518
Variable 'Weo_M_ie.tree_id_0.14.t' was not initialized prior to being used
models.generic.SetBranchLength: Weo_M_ie.tree_id_0.14.t=1.090866013009501
Variable 'Weo_M_ie.tree_id_0.Octodon_degus.t' was not initialized prior to being used
models.generic.SetBranchLength: Weo_M_ie.tree_id_0.Octodon_degus.t=0.9972266647084524
Variable 'Weo_M_ie.tree_id_0.Chinchilla_lanigera.t' was not initialized prior to being used
models.generic.SetBranchLength: Weo_M_ie.tree_id_0.Chinchilla_lanigera.t=0.5494953624594209
Variable 'Weo_M_ie.tree_id_0.13.t' was not initialized prior to being used
models.generic.SetBranchLength: Weo_M_ie.tree_id_0.13.t=0.100485493016477
Variable 'Weo_M_ie.tree_id_0.11.t' was not initialized prior to being used
models.generic.SetBranchLength: Weo_M_ie.tree_id_0.11.t=0.4466943967072379
Variable 'Weo_M_ie.tree_id_0.10.t' was not initialized prior to being used
models.generic.SetBranchLength: Weo_M_ie.tree_id_0.10.t=1.634681217349378
Variable 'Weo_M_ie.tree_id_0.Sciurus_vulgaris.t' was not initialized prior to being used
models.generic.SetBranchLength: Weo_M_ie.tree_id_0.Sciurus_vulgaris.t=1.216252830724683
Variable 'Weo_M_ie.Weo_M_ie.likelihoodFunction' was not initialized prior to being used
Auto-benchmarked an optimal number (4) of threads.
Set GUI update interval to every 103-th LF evaluation.
Optimization settings:
	OPTIMIZATION_METHOD = 4
	OPTIMIZATION_PRECISION = 0.001
	MAXIMUM_ITERATIONS_PER_VARIABLE = 5000

Initial parameter values

relax.reference.omega3 = 7.27482
relax.reference.omega1 = 0.145496
relax.reference.bsrel_mixture_aux_0 = 0.45
relax.reference.bsrel_mixture_aux_1 = 0.818182
relax.reference.omega2 = 0.4601
relax.test.theta_GT = 0.250462
relax.test.theta_AC = 0.345706
relax.test.theta_AT = 0.244753
relax.test.theta_CT = 0.705054
relax.test.theta_CG = 0.205613
relax.K = 1
Weo_M_ie.tree_id_0.Ochotona_princeps.t = 2.49423
Weo_M_ie.tree_id_0.Fukomys_damarensis.t = 0.981278
Weo_M_ie.tree_id_0.Cavia_porcellus.t = 0
Weo_M_ie.tree_id_0.Cavia_aperea.t = 0.0245014
Weo_M_ie.tree_id_0.14.t = 1.09087
Weo_M_ie.tree_id_0.Octodon_degus.t = 0.997227
Weo_M_ie.tree_id_0.Chinchilla_lanigera.t = 0.549495
Weo_M_ie.tree_id_0.13.t = 0.100485
Weo_M_ie.tree_id_0.11.t = 0.446694
Weo_M_ie.tree_id_0.10.t = 1.63468
Weo_M_ie.tree_id_0.Sciurus_vulgaris.t = 1.21625
Internal error in _LikelihoodFunction::ConjugateGradientDescent. The function evaluated at current parameter values [-1745.06] does not match the last recorded LF maximum [-1745]
Serializing Weo_M_ie.likelihoodFunction with mode 0
Row and/or column partition is empty. All the data will be used by default.
Internal error, dumping the offending likelihood function to /tmp/hyphy.dumpInternal error in _LikelihoodFunction::ConjugateGradientDescent. The function evaluated at current parameter values [-1745.06] does not match the last recorded LF maximum [-1745]