Vicugna_pacos	Tursiops_truncatus	Sus_scrofa	Physeter_catodon	Phocoena_sinus	Ovis_aries	Orcinus_orca	Odocoileus_virginianus	Monodon_monoceros	Lipotes_vexillifer	Lagenorhynchus_obliquidens	Globicephala_melas	Delphinapterus_leucas	Capra_hircus	Camelus_ferus	Camelus_dromedarius	Camelus_bactrianus	Bubalus_bubalis	Bos_taurus	Bos_mutus	Bison_bison	Balaenoptera_musculus	Balaenoptera_acutorostrata	
0.00078454	0.021981	0.01839	2.856e-05	9.5866e-05	0.0062057	0.0079203	8.3603e-05	0.01	0.0001191	0.00050308	0.0053724	0.01	0.00021297	0.00078453	0.0014443	0.0094	0.00033238	0.01	0.00034414	0.00076077	0.00024272	0.89808	
0.00077882	0.021992	0.01515	2.4637e-05	9.4456e-05	0.0062053	0.007919	8.207e-05	0.01	0.00011565	0.00049659	0.0053697	0.01	0.00021134	0.00078272	0.0014401	0.0093996	0.00032895	0.01	0.00034041	0.00075889	0.00024033	0.89797	
0.00077335	0.022004	0.013025	2.0961e-05	9.3088e-05	0.006205	0.0079177	8.0642e-05	0.01	0.00011227	0.00049033	0.0053671	0.01	0.00020974	0.00078092	0.0014361	0.0093993	0.0003256	0.01	0.00033675	0.00075703	0.00023802	0.89793	
0.0007678	0.022016	0.010614	1.7207e-05	9.1706e-05	0.0062047	0.0079165	7.9182e-05	0.01	0.00010886	0.00048399	0.0053645	0.01	0.00020813	0.00077912	0.001432	0.0093989	0.00032222	0.01	0.00033306	0.00075516	0.00023568	0.89787	
0.00076214	0.022029	0.0097978	1.3696e-05	9.0368e-05	0.0062044	0.0079152	7.765e-05	0.01	0.00010552	0.00047788	0.0053619	0.01	0.0002065	0.00077731	0.0014279	0.0093985	0.00031866	0.01	0.00032943	0.00075331	0.00023342	0.89788	
0.0007564	0.022041	0.0088516	1.0109e-05	8.9015e-05	0.006204	0.007914	7.6083e-05	0.01	0.00010216	0.0004717	0.0053593	0.01	0.00020487	0.00077549	0.0014237	0.0093981	0.00031507	0.01	0.00032578	0.00075146	0.00023113	0.89787	
0.0007509	0.022054	0.0082534	6.7437e-06	8.7703e-05	0.0062037	0.0079127	7.4622e-05	0.01	9.8873e-05	0.00046574	0.0053568	0.01	0.00020326	0.00077369	0.0014197	0.0093978	0.00031156	0.01	0.00032218	0.00074962	0.00022892	0.89793	
0.00074531	0.022067	0.0075458	6.3214e-06	8.6376e-05	0.0062037	0.0079115	7.3262e-05	0.01	9.5557e-05	0.00046854	0.0053542	0.01	0.00020168	0.00077188	0.0014156	0.0093974	0.00030814	0.01	0.00031865	0.00074781	0.00022668	0.89796	
0.00073996	0.022081	0.0071004	5.9247e-06	8.5088e-05	0.0062038	0.0079103	7.1992e-05	0.01	9.2307e-05	0.00047147	0.0053517	0.01	0.00020013	0.00077009	0.0014116	0.009397	0.0003048	0.01	0.00031516	0.00074602	0.0002245	0.89806	
0.00073453	0.022095	0.0065837	5.5113e-06	8.3788e-05	0.0062039	0.0079091	7.0697e-05	0.01	8.9035e-05	0.00047436	0.0053492	0.01	0.00019856	0.00076829	0.0014076	0.0093967	0.00030143	0.01	0.00031165	0.00074422	0.00022231	0.89814	
0.00072904	0.022108	0.0059916	5.0815e-06	8.2477e-05	0.006204	0.0079078	6.9376e-05	0.01	8.5741e-05	0.0004772	0.0053467	0.01	0.00019699	0.00076649	0.0014035	0.0093963	0.00029804	0.01	0.00030813	0.00074241	0.00022009	0.8982	
0.00072349	0.022121	0.0053181	4.6349e-06	8.1153e-05	0.006204	0.0079066	6.8031e-05	0.01	8.2426e-05	0.00047999	0.0053441	0.01	0.00019541	0.00076468	0.0013994	0.0093959	0.00029462	0.01	0.00030459	0.0007406	0.00021795	0.89833	
0.00071814	0.022135	0.0048712	4.2105e-06	7.9865e-05	0.0062041	0.0079054	6.6767e-05	0.01	7.9171e-05	0.00048291	0.0053416	0.01	0.00019385	0.00076289	0.0013954	0.0093956	0.00029128	0.01	0.0003011	0.0007388	0.00021587	0.89853	
0.00071274	0.022149	0.0043623	3.7707e-06	7.8566e-05	0.0062042	0.0079042	6.548e-05	0.01	7.5896e-05	0.00048578	0.0053391	0.01	0.00019228	0.00076109	0.0013914	0.0093952	0.00028791	0.01	0.00029758	0.000737	0.00021377	0.8987	
0.00070753	0.022164	0.0040271	3.3514e-06	7.7301e-05	0.0062045	0.007903	6.427e-05	0.01	7.2679e-05	0.00048878	0.0053366	0.01	0.00019074	0.0007593	0.0013874	0.0093948	0.00028461	0.01	0.00029412	0.00073521	0.00021173	0.89894	
0.00070226	0.022178	0.0036408	2.9169e-06	7.6025e-05	0.0062048	0.0079018	6.3038e-05	0.01	6.9443e-05	0.00049173	0.0053341	0.01	0.00018919	0.00075752	0.0013834	0.0093945	0.00028129	0.01	0.00029064	0.00073342	0.00020966	0.89916	
0.00069694	0.022192	0.003199	2.4672e-06	7.4738e-05	0.006205	0.0079005	6.1784e-05	0.01	6.6187e-05	0.00049464	0.0053316	0.01	0.00018763	0.00075572	0.0013794	0.0093941	0.00027795	0.01	0.00028714	0.00073162	0.00020759	0.89936	
0.00069155	0.022206	0.0026956	2.0018e-06	7.3441e-05	0.0062051	0.0078993	6.0508e-05	0.01	6.291e-05	0.0004975	0.0053291	0.01	0.00018606	0.00075392	0.0013754	0.0093937	0.00027459	0.01	0.00028362	0.00072981	0.00020549	0.89954	
0.0006861	0.02222	0.0021218	2.0719e-06	7.2132e-05	0.0062052	0.0078981	5.9207e-05	0.01	5.9613e-05	0.00050032	0.0053265	0.01	0.00018448	0.00075211	0.0013713	0.0093934	0.0002712	0.01	0.00028009	0.000728	0.00020337	0.8997	
0.00068085	0.022235	0.0017331	2.1454e-06	7.0857e-05	0.0062055	0.0078969	5.7985e-05	0.01	5.6375e-05	0.00050326	0.005324	0.01	0.00018293	0.00075032	0.0013673	0.009393	0.00026788	0.01	0.0002766	0.0007262	0.00020131	0.89993	
0.00067581	0.02225	0.0014731	2.2229e-06	6.9617e-05	0.0062059	0.0078957	5.6838e-05	0.01	5.3196e-05	0.00050634	0.0053216	0.01	0.0001814	0.00074854	0.0013634	0.0093927	0.00026463	0.01	0.00027316	0.00072442	0.00019931	0.90021	
0.00067113	0.022266	0.0013074	2.3051e-06	6.8412e-05	0.0062065	0.0078945	5.5764e-05	0.01	5.0077e-05	0.00050955	0.0053192	0.01	0.00017989	0.00074676	0.0013595	0.0093923	0.00026146	0.01	0.00026977	0.00072267	0.00019737	0.90057	
0.00066639	0.022282	0.0011045	2.3751e-06	6.7194e-05	0.0062071	0.0078934	5.4667e-05	0.01	4.6935e-05	0.00051271	0.0053168	0.01	0.00017837	0.00074497	0.0013555	0.0093919	0.00025826	0.01	0.00026636	0.0007209	0.00019541	0.9009	
0.00066186	0.022299	0.00098526	2.4507e-06	6.6012e-05	0.0062078	0.0078922	5.3644e-05	0.01	4.3856e-05	0.00051602	0.0053144	0.01	0.00017688	0.00074321	0.0013516	0.0093916	0.00025513	0.01	0.000263	0.00071915	0.00019351	0.9013	
0.00065726	0.022315	0.00083199	2.5137e-06	6.4817e-05	0.0062085	0.0078911	5.2596e-05	0.01	4.0752e-05	0.00051928	0.0053121	0.01	0.00017538	0.00074143	0.0013477	0.0093912	0.00025198	0.01	0.00025962	0.0007174	0.00019158	0.90168	
0.00065258	0.022332	0.00064032	2.5641e-06	6.3607e-05	0.0062094	0.0078899	5.1519e-05	0.01	3.7622e-05	0.00052246	0.0053097	0.01	0.0001739	0.00073964	0.0013438	0.0093909	0.0002488	0.01	0.00025622	0.00071564	0.00018963	0.90203	
0.00063429	0.022349	0.00052331	2.6211e-06	6.2436e-05	0.0062105	0.0078888	5.0522e-05	0.01	3.4559e-05	0.00052582	0.0053073	0.01	0.00017245	0.00073788	0.0013399	0.0093905	0.00024569	0.01	0.00025287	0.00071389	0.00018775	0.90245	
0.0006158	0.022366	0.00037444	2.6654e-06	6.1252e-05	0.0062115	0.0078876	4.9498e-05	0.01	3.1471e-05	0.00052911	0.0053049	0.01	0.00017099	0.00073611	0.001336	0.0093902	0.00024256	0.01	0.0002495	0.00071214	0.00018584	0.90286	
0.00059696	0.022384	0.00028373	2.7165e-06	6.0105e-05	0.0062127	0.0078865	4.855e-05	0.01	2.8448e-05	0.00053257	0.0053026	0.01	0.00016956	0.00073432	0.0013321	0.0093898	0.00023951	0.01	0.00024618	0.00071042	0.000184	0.90333	
0.0005788	0.022403	0.00022798	2.7748e-06	5.8994e-05	0.0062141	0.0078854	4.7673e-05	0.01	2.549e-05	0.0005362	0.0053004	0.01	0.00016815	0.00073256	0.0013283	0.0093895	0.00023654	0.01	0.00024292	0.00070871	0.00018223	0.90389	
0.0005613	0.022423	0.00019644	2.8406e-06	5.792e-05	0.0062157	0.0078844	4.6863e-05	0.01	2.2595e-05	0.00054001	0.0052982	0.01	0.00016677	0.00073083	0.0013246	0.0093891	0.00023364	0.01	0.00023971	0.00070703	0.00018051	0.90452	
0.00054444	0.022443	0.00018374	2.9144e-06	5.688e-05	0.0062176	0.0078833	4.6117e-05	0.01	1.9762e-05	0.00054401	0.0052961	0.01	0.00016541	0.00072911	0.0013209	0.0093888	0.00023082	0.01	0.00023656	0.00070536	0.00017885	0.90522	
0.0005282	0.022465	0.00018878	2.9967e-06	5.5875e-05	0.0062196	0.0078823	4.5433e-05	0.01	1.6991e-05	0.00054819	0.005294	0.01	0.00016408	0.00072742	0.0013174	0.0093885	0.00022808	0.01	0.00023345	0.00070373	0.00017726	0.90601	
0.00051177	0.022488	0.00017275	3.0889e-06	5.4905e-05	0.0062215	0.0078813	4.4725e-05	0.01	1.4281e-05	0.00055259	0.005292	0.01	0.00016274	0.00072572	0.0013138	0.0093882	0.0002253	0.01	0.00023033	0.00070208	0.00017573	0.90689	
0.00049597	0.022513	0.00017578	3.191e-06	5.3969e-05	0.0062234	0.0078804	4.3986e-05	0.01	1.1632e-05	0.00055719	0.0052901	0.01	0.00016138	0.00072404	0.0013103	0.0093879	0.00022249	0.01	0.00022718	0.00070042	0.00017425	0.90784	
0.00047997	0.022536	0.00016407	3.2789e-06	5.3018e-05	0.0062252	0.0078794	4.3222e-05	0.01	8.9564e-06	0.00056171	0.0052881	0.01	0.00016002	0.00072235	0.0013068	0.0093876	0.00021965	0.01	0.000224	0.00069875	0.00017275	0.90877	
0.00046375	0.02256	0.0001324	3.3523e-06	5.2054e-05	0.0062273	0.0078785	4.2432e-05	0.01	8.6125e-06	0.00056615	0.0052861	0.01	0.00015868	0.00072065	0.0013032	0.0093872	0.00021678	0.01	0.0002208	0.00069707	0.00017123	0.90966	
0.0004473	0.022583	0.00021581	3.4114e-06	5.1075e-05	0.0062293	0.0078775	4.1615e-05	0.01	8.2578e-06	0.00057051	0.0052841	0.01	0.00015733	0.00071894	0.0012996	0.0093869	0.00021388	0.01	0.00021758	0.00069537	0.00016968	0.91052	
0.00043063	0.022606	0.00027356	3.4561e-06	5.0082e-05	0.0062312	0.0078765	4.0771e-05	0.01	7.8922e-06	0.00057478	0.0052821	0.01	0.00015597	0.00071722	0.001296	0.0093866	0.00021094	0.01	0.00021433	0.00069367	0.00016811	0.91135	
0.00041469	0.022628	0.00029499	3.4866e-06	5.0384e-05	0.0062333	0.0078755	3.9997e-05	0.01	7.5157e-06	0.00057897	0.00528	0.01	0.00015463	0.00071552	0.0012924	0.0093863	0.00020808	0.01	0.00021113	0.00069199	0.00016651	0.91215	
0.00039854	0.02265	0.00029376	3.5028e-06	5.0676e-05	0.0062353	0.0078745	3.9197e-05	0.01	7.1282e-06	0.00058308	0.0052779	0.01	0.00015329	0.00071381	0.0012889	0.009386	0.00020519	0.01	0.00020791	0.0006903	0.00016489	0.91292	
0.00038305	0.022673	0.00032241	3.5294e-06	5.0987e-05	0.0062376	0.0078735	3.8464e-05	0.01	6.7464e-06	0.00058741	0.0052759	0.01	0.00015197	0.00071213	0.0012854	0.0093857	0.00020238	0.01	0.00020475	0.00068864	0.00016333	0.91377	
0.00036734	0.022696	0.00032769	3.5419e-06	5.1289e-05	0.0062398	0.0078725	3.7706e-05	0.01	6.3538e-06	0.00059165	0.0052738	0.01	0.00015064	0.00071044	0.0012818	0.0093854	0.00019954	0.01	0.00020156	0.00068696	0.00016174	0.9146	
0.00035142	0.022719	0.00030971	3.54e-06	5.1581e-05	0.0062419	0.0078715	3.6923e-05	0.01	5.9503e-06	0.00059581	0.0052717	0.01	0.0001493	0.00070873	0.0012783	0.009385	0.00019667	0.01	0.00019835	0.00068527	0.00016013	0.91539	
0.00033529	0.022741	0.00026804	4.2888e-06	5.1863e-05	0.0062439	0.0078704	3.6115e-05	0.01	6.1826e-06	0.00059989	0.0052696	0.01	0.00014794	0.00070702	0.0012747	0.0093847	0.00019376	0.01	0.00019512	0.00068357	0.00015849	0.91616	
0.00031893	0.022762	0.00020339	5.0103e-06	5.2137e-05	0.0062462	0.0078694	3.5374e-05	0.01	6.4049e-06	0.00060389	0.0052675	0.01	0.00014661	0.00070529	0.001271	0.0093844	0.00019093	0.01	0.00019193	0.0006819	0.00015683	0.91689	
0.00030235	0.022784	0.00027605	5.705e-06	5.2401e-05	0.0062484	0.0078684	3.4608e-05	0.01	6.6172e-06	0.00060781	0.0052654	0.01	0.00014527	0.00070355	0.0012674	0.0093841	0.00018807	0.01	0.00018873	0.00068021	0.00015515	0.9176	
0.00028553	0.022805	0.00032287	6.3733e-06	5.2656e-05	0.0062505	0.0078673	3.3817e-05	0.01	6.8196e-06	0.00061165	0.0052632	0.01	0.00014392	0.0007018	0.0012636	0.0093837	0.00018518	0.01	0.0001855	0.00067852	0.00015343	0.91828	
0.00026939	0.022827	0.00041308	7.0928e-06	5.2929e-05	0.0062528	0.0078663	3.3091e-05	0.01	7.0243e-06	0.00061569	0.0052611	0.01	0.0001426	0.00070008	0.00126	0.0093834	0.00018237	0.01	0.00018232	0.00067684	0.00015179	0.91904	
0.0002539	0.02285	0.00056786	7.8661e-06	5.322e-05	0.0062554	0.0078653	3.2424e-05	0.01	7.2313e-06	0.00061995	0.005259	0.01	0.0001413	0.00069838	0.0012565	0.0093831	0.00017964	0.01	0.0001792	0.0006752	0.0001502	0.91989	
0.00023819	0.022873	0.00068405	8.6107e-06	5.3502e-05	0.0062579	0.0078643	3.1735e-05	0.01	7.4282e-06	0.00062413	0.0052569	0.01	0.00013999	0.00069667	0.0012529	0.0093828	0.00017687	0.01	0.00017606	0.00067354	0.00014859	0.9207	
0.00022336	0.022896	0.0006888	9.3269e-06	5.3774e-05	0.0062606	0.0078632	3.1105e-05	0.01	7.6151e-06	0.00062822	0.0052548	0.01	0.0001387	0.00069499	0.001238	0.0093825	0.00017418	0.01	0.00017297	0.0006719	0.00014695	0.92149	
0.00020833	0.022918	0.00066438	1.0015e-05	5.4037e-05	0.0062632	0.0078622	3.0453e-05	0.01	7.7921e-06	0.00063223	0.0052527	0.01	0.00013741	0.00069329	0.0012229	0.0093822	0.00017146	0.01	0.00016985	0.00067025	0.00014529	0.92225	
0.0001931	0.02294	0.00061017	1.0676e-05	5.4291e-05	0.0062658	0.0078611	2.9778e-05	0.01	7.959e-06	0.00063616	0.0052505	0.01	0.0001361	0.00069158	0.0012078	0.0093819	0.0001687	0.01	0.00016671	0.0006686	0.0001436	0.92298	
0.00017767	0.022962	0.00052474	1.131e-05	5.4535e-05	0.0062682	0.0078601	2.908e-05	0.01	8.1159e-06	0.00064001	0.0052484	0.01	0.00013478	0.00068986	0.0011926	0.0093816	0.00016592	0.01	0.00016355	0.00066693	0.00014188	0.92369	
0.00016284	0.022983	0.00049005	1.1917e-05	5.4771e-05	0.0062706	0.007859	2.8443e-05	0.01	8.2628e-06	0.00064378	0.0052462	0.01	0.00013345	0.00068817	0.0011777	0.0093813	0.00016321	0.01	0.00016044	0.00066528	0.00014015	0.92436	
0.00014781	0.023004	0.00042704	1.2498e-05	5.4996e-05	0.0062729	0.0078579	2.7783e-05	0.01	8.3997e-06	0.00064747	0.0052439	0.01	0.0001321	0.00068646	0.0011626	0.0093809	0.00016047	0.01	0.0001573	0.00066363	0.00013838	0.92502	
0.00013258	0.023024	0.00034469	1.3053e-05	5.5213e-05	0.0062751	0.0078568	2.71e-05	0.01	8.5266e-06	0.00065108	0.0052417	0.01	0.00013074	0.00068475	0.0011475	0.0093806	0.0001577	0.01	0.00015414	0.00066196	0.00013659	0.92565	
0.00011796	0.023046	0.00030467	1.3657e-05	5.5448e-05	0.0062603	0.0078558	2.6475e-05	0.01	8.656e-06	0.0006549	0.0052395	0.01	0.00012942	0.00068305	0.0011327	0.0093803	0.000155	0.01	0.00015104	0.00066032	0.00013486	0.92635	
0.00010315	0.023067	0.00023932	1.4235e-05	5.5673e-05	0.0062453	0.0078547	2.5827e-05	0.01	8.7753e-06	0.00065864	0.0052373	0.01	0.00012808	0.00068135	0.0011177	0.00938	0.00015228	0.01	0.00014791	0.00065867	0.00013311	0.92704	
9.9725e-05	0.023088	0.00014625	1.4786e-05	5.5889e-05	0.0062303	0.0078536	2.5158e-05	0.01	8.8847e-06	0.00066229	0.005235	0.01	0.00012673	0.00067964	0.0011027	0.0093797	0.00014952	0.01	0.00014476	0.000657	0.00013134	0.92769	
9.6244e-05	0.023109	0.00017663	1.5311e-05	5.6096e-05	0.0062152	0.0078525	2.4466e-05	0.01	8.984e-06	0.00066587	0.0052328	0.01	0.00012538	0.00067791	0.0010876	0.0093794	0.00014673	0.01	0.00014158	0.00065533	0.00012953	0.92832	
9.6079e-05	0.023129	0.00018634	1.581e-05	5.6294e-05	0.0061999	0.0078514	2.3752e-05	0.01	9.0734e-06	0.00066937	0.0052305	0.01	0.00012401	0.00067618	0.0010725	0.0093791	0.00014391	0.01	0.00013838	0.00065364	0.00012771	0.92893	
9.5881e-05	0.023149	0.0001761	1.6284e-05	5.6482e-05	0.0061846	0.0078503	2.3014e-05	0.01	9.1528e-06	0.00067279	0.0052282	0.01	0.00012263	0.00067443	0.0010572	0.0093788	0.00014106	0.01	0.00013516	0.00065194	0.00012585	0.92952	
9.5649e-05	0.023168	0.00014554	1.6733e-05	5.6661e-05	0.0061696	0.0078491	2.2335e-05	0.01	9.2223e-06	0.00067613	0.0052258	0.01	0.00012127	0.00067268	0.0010419	0.0093784	0.00013829	0.01	0.00013198	0.00065027	0.00012397	0.93008	
9.5471e-05	0.023189	0.00013451	1.7228e-05	5.6859e-05	0.0061549	0.007848	2.171e-05	0.01	9.2941e-06	0.00067968	0.0052236	0.01	0.00011994	0.00067095	0.0010268	0.0093781	0.00013559	0.01	0.00012886	0.00064862	0.00012216	0.93071	
9.5254e-05	0.023211	7.745e-05	1.7774e-05	5.7074e-05	0.0061406	0.007847	2.1183e-05	0.01	9.3682e-06	0.00068343	0.0052213	0.01	0.00011863	0.0006692	0.0010117	0.0093778	0.0001328	0.01	0.00012572	0.00064696	0.00012041	0.93143	
9.4995e-05	0.023234	6.381e-05	1.8373e-05	5.7309e-05	0.0061261	0.0078459	2.0577e-05	0.01	9.4449e-06	0.00068741	0.0052192	0.01	0.00011732	0.00066745	0.00099644	0.0093775	0.00012998	0.01	0.00012256	0.00064529	0.00011872	0.93223	
9.4791e-05	0.023258	5.8951e-05	1.9028e-05	5.7562e-05	0.0061121	0.0078449	2.002e-05	0.01	9.5239e-06	0.0006916	0.0052171	0.01	0.00011602	0.00066572	0.00098147	0.0093772	0.00012723	0.01	0.00011944	0.00064364	0.00011709	0.9331	
9.4554e-05	0.023282	3.809e-05	1.9654e-05	5.7806e-05	0.0060979	0.0078439	1.9444e-05	0.01	9.593e-06	0.00069571	0.005215	0.01	0.00011472	0.00066398	0.00096642	0.0093768	0.00012446	0.01	0.0001163	0.00064199	0.00011544	0.93395	
9.437e-05	0.023307	2.3701e-05	2.0339e-05	5.8069e-05	0.006084	0.0078429	1.8914e-05	0.01	9.6645e-06	0.00070004	0.005213	0.01	0.00011344	0.00066226	0.00095163	0.0093765	0.00012175	0.01	0.00011322	0.00064035	0.00011387	0.93286	
9.4237e-05	0.023333	1.1733e-05	2.1086e-05	5.835e-05	0.0060705	0.0078419	1.8428e-05	0.01	9.7383e-06	0.00070459	0.005211	0.01	0.00011218	0.00066057	0.00093709	0.0093762	0.00011912	0.01	0.00011018	0.00063874	0.00011235	0.93184	
9.4068e-05	0.023358	2.5286e-05	2.1801e-05	5.8622e-05	0.0060568	0.0078409	1.7923e-05	0.01	9.8021e-06	0.00070906	0.005209	0.01	0.00011091	0.00065887	0.00093688	0.0093759	0.00011646	0.01	0.00010712	0.00063712	0.00011082	0.9308	
9.3952e-05	0.023385	4.2372e-05	2.2582e-05	5.8913e-05	0.0060435	0.00784	1.7461e-05	0.01	9.8684e-06	0.00071377	0.005207	0.01	0.00010967	0.00065719	0.00093674	0.0093757	0.00011387	0.01	0.00010411	0.00063552	0.00010933	0.92984	
9.3887e-05	0.023414	6.9632e-05	2.3431e-05	5.9223e-05	0.0060305	0.0078391	1.7036e-05	0.01	9.9369e-06	0.0007187	0.0052051	0.01	0.00010845	0.00065553	0.00093667	0.0093754	0.00011134	0.01	0.00010115	0.00063394	0.0001079	0.92895	
9.3789e-05	0.023441	8.0229e-05	2.4247e-05	5.9524e-05	0.0060173	0.0078381	1.6596e-05	0.01	9.9955e-06	0.00072355	0.0052032	0.01	0.00010722	0.00065386	0.00093657	0.0093751	0.00010879	0.01	9.8161e-05	0.00063235	0.00010645	0.92805	
9.3658e-05	0.023469	7.4442e-05	2.5031e-05	5.9815e-05	0.0060041	0.0078372	1.6139e-05	0.01	1.0044e-05	0.00072831	0.0052013	0.01	0.00010597	0.00065218	0.00093643	0.0093748	0.00010621	0.01	9.5154e-05	0.00063075	0.00010497	0.92711	
9.3579e-05	0.023497	7.7966e-05	2.5885e-05	6.0126e-05	0.0059912	0.0078363	1.572e-05	0.01	1.0095e-05	0.00073331	0.0051994	0.01	0.00010475	0.00065052	0.00093636	0.0093745	0.00010369	0.01	9.2194e-05	0.00062917	0.00010355	0.92626	
9.3468e-05	0.023526	6.5135e-05	2.6707e-05	6.0427e-05	0.0059782	0.0078354	1.5285e-05	0.01	1.0136e-05	0.00073822	0.0051975	0.01	0.00010352	0.00064886	0.00093627	0.0093742	0.00010115	0.01	8.9212e-05	0.00062759	0.00010211	0.92538	
9.3407e-05	0.023555	6.0615e-05	2.7601e-05	6.0748e-05	0.0059651	0.0078345	1.483e-05	0.01	1.018e-05	0.00073713	0.0051957	0.01	0.00010228	0.00064721	0.00093623	0.009374	9.8573e-05	0.01	8.6208e-05	0.00062599	0.00010071	0.92458	
9.3398e-05	0.023586	6.3531e-05	2.8575e-05	6.1089e-05	0.0059523	0.0078336	1.4413e-05	0.01	1.0226e-05	0.0007362	0.0051939	0.01	0.00010107	0.00064559	0.00093627	0.0093737	9.6067e-05	0.01	8.3251e-05	0.00062442	9.9369e-05	0.92385	
9.344e-05	0.023618	7.4161e-05	2.8565e-05	6.0672e-05	0.0059394	0.0078328	1.3979e-05	0.01	1.0274e-05	0.00073543	0.0051922	0.01	9.9837e-05	0.00064399	0.00093637	0.0093735	9.3533e-05	0.01	8.0272e-05	0.00062283	9.8074e-05	0.92321	
9.3449e-05	0.023649	6.8757e-05	2.8532e-05	6.0246e-05	0.0059265	0.0078319	1.3529e-05	0.01	1.0313e-05	0.0007346	0.0051905	0.01	9.8599e-05	0.00064238	0.00093644	0.0093732	9.0972e-05	0.01	7.7272e-05	0.00062124	9.6758e-05	0.92254	
9.3508e-05	0.023682	7.1013e-05	2.854e-05	5.9839e-05	0.0059138	0.0078311	1.3114e-05	0.01	1.0353e-05	0.00073393	0.0051888	0.01	9.7382e-05	0.0006408	0.00093657	0.009373	8.8473e-05	0.01	7.4316e-05	0.00061966	9.5489e-05	0.92195	
9.3535e-05	0.023715	5.7418e-05	2.8524e-05	5.9424e-05	0.005901	0.0078303	1.2684e-05	0.01	1.0384e-05	0.00073319	0.0051871	0.01	9.6155e-05	0.0006392	0.00093668	0.0093727	8.5947e-05	0.01	7.1339e-05	0.00061808	9.4199e-05	0.92133	
9.361e-05	0.023749	5.0473e-05	2.855e-05	5.9028e-05	0.0058885	0.0078295	1.2287e-05	0.01	1.0417e-05	0.0007326	0.0051855	0.01	9.4949e-05	0.00063762	0.00093684	0.0093725	8.3482e-05	0.01	6.8406e-05	0.00061652	9.2954e-05	0.92079	
9.3735e-05	0.023784	4.8554e-05	2.8618e-05	5.8652e-05	0.0058763	0.0078287	1.1921e-05	0.01	1.0452e-05	0.00073217	0.0051839	0.01	9.3764e-05	0.00063607	0.00093707	0.0093723	8.1077e-05	0.01	6.5516e-05	0.00061498	9.1753e-05	0.92032	
9.391e-05	0.02382	5.1296e-05	2.8729e-05	5.8296e-05	0.0058644	0.007828	1.1585e-05	0.01	1.0489e-05	0.0007319	0.0051824	0.01	9.2599e-05	0.00063453	0.00093737	0.0093721	7.8729e-05	0.01	6.2669e-05	0.00061346	9.0595e-05	0.91993	
9.4135e-05	0.023858	5.9535e-05	2.8885e-05	5.7959e-05	0.0058528	0.0078272	1.1276e-05	0.01	1.0529e-05	0.00073178	0.0051809	0.01	9.1454e-05	0.00063302	0.00093773	0.0093719	7.6439e-05	0.01	5.9865e-05	0.00061196	8.9387e-05	0.91948	
9.4327e-05	0.023895	0.00019148	2.9015e-05	5.7613e-05	0.0058414	0.0078265	1.0954e-05	0.01	1.0559e-05	0.0007316	0.0051795	0.01	9.0332e-05	0.0006315	0.00093806	0.0093716	7.4123e-05	0.01	5.9969e-05	0.00061045	8.8159e-05	0.919	
9.4571e-05	0.023934	0.0002136	2.9191e-05	5.7286e-05	0.00583	0.0078258	1.0676e-05	0.01	1.0591e-05	0.00073158	0.005178	0.01	8.9199e-05	0.00062999	0.00093846	0.0093714	7.4384e-05	0.01	6.006e-05	0.00060893	8.6976e-05	0.9186	
9.4862e-05	0.023974	0.00025617	2.9408e-05	5.6976e-05	0.0058188	0.0078252	1.042e-05	0.01	1.0625e-05	0.0007317	0.0051767	0.01	8.8085e-05	0.00062851	0.00093891	0.0093713	7.4662e-05	0.01	6.0159e-05	0.00060743	8.5832e-05	0.91827	
9.5195e-05	0.024016	0.00032335	2.9663e-05	5.6682e-05	0.0058079	0.0078245	1.0183e-05	0.01	1.066e-05	0.00073195	0.0051754	0.01	8.6987e-05	0.00062705	0.00093942	0.0093711	7.4957e-05	0.01	6.0264e-05	0.00060594	8.4722e-05	0.91801	
9.5569e-05	0.024058	0.00026802	2.9957e-05	5.6403e-05	0.0057971	0.0078239	9.9644e-06	0.01	1.0696e-05	0.00073233	0.0051741	0.01	8.5905e-05	0.0006256	0.00093999	0.0093709	7.5268e-05	0.01	6.0375e-05	0.00060448	8.3645e-05	0.9178	
9.5981e-05	0.024102	0.00023293	3.0287e-05	5.6137e-05	0.0057866	0.0078233	9.7609e-06	0.01	1.0732e-05	0.00073283	0.0051729	0.01	8.4836e-05	0.00062417	0.0009406	0.0093707	7.5594e-05	0.01	6.0492e-05	0.00060303	8.2598e-05	0.91766	
9.6369e-05	0.024146	0.00018106	3.0599e-05	5.5865e-05	0.0057761	0.0078227	9.5501e-06	0.01	1.076e-05	0.00073329	0.0051717	0.01	8.3761e-05	0.00062273	0.0009412	0.0093706	7.5907e-05	0.01	6.0598e-05	0.00060157	8.1538e-05	0.9175	
9.6735e-05	0.024189	0.00029115	3.0893e-05	5.5587e-05	0.0057655	0.0078221	9.3319e-06	0.01	1.0779e-05	0.00073371	0.0051704	0.01	8.2681e-05	0.00062128	0.00094177	0.0093704	7.621e-05	0.01	6.0694e-05	0.00060011	8.0468e-05	0.91732	
9.7132e-05	0.024233	0.00043975	3.1219e-05	5.5321e-05	0.0057551	0.0078215	9.1268e-06	0.01	1.0797e-05	0.00073424	0.0051692	0.01	8.1612e-05	0.00061985	0.00094239	0.0093703	7.6525e-05	0.01	6.0794e-05	0.00059866	7.9422e-05	0.9172	
9.7508e-05	0.024278	0.00056571	3.1528e-05	5.5049e-05	0.0057446	0.0078209	8.915e-06	0.01	1.0808e-05	0.00073473	0.005168	0.01	8.0537e-05	0.00061841	0.00094299	0.0093701	7.6829e-05	0.01	6.0884e-05	0.0005972	7.8366e-05	0.91707	
9.7862e-05	0.024322	0.00066966	3.1821e-05	5.4771e-05	0.0057343	0.0078203	8.7157e-06	0.01	1.081e-05	0.00073519	0.0051667	0.01	7.9474e-05	0.00061697	0.00094357	0.0093699	7.7144e-05	0.01	6.0977e-05	0.00059576	7.73e-05	0.91693	
9.8196e-05	0.024365	0.00075344	3.2099e-05	5.4489e-05	0.005724	0.0078197	8.5102e-06	0.01	1.0803e-05	0.00073561	0.0051655	0.01	7.8406e-05	0.00061552	0.00094413	0.0093698	7.745e-05	0.01	6.1061e-05	0.00059431	7.6224e-05	0.91678	
9.8509e-05	0.024409	0.00081783	3.2362e-05	5.4201e-05	0.0057137	0.007819	8.2984e-06	0.01	1.0789e-05	0.000736	0.0051642	0.01	7.7332e-05	0.00061407	0.00094468	0.0093696	7.7744e-05	0.01	6.1135e-05	0.00059285	7.5138e-05	0.91662	
9.8852e-05	0.024454	0.00091844	3.2654e-05	5.3924e-05	0.0057035	0.0078184	8.0982e-06	0.01	1.0774e-05	0.00073649	0.005163	0.01	7.627e-05	0.00061262	0.00094527	0.0093694	7.8051e-05	0.01	6.1213e-05	0.00059141	7.4076e-05	0.91651	
9.9225e-05	0.0245	0.0010642	3.2976e-05	5.3657e-05	0.0056935	0.0078179	7.909e-06	0.01	1.0758e-05	0.00073708	0.0051618	0.01	7.5218e-05	0.00061119	0.0009459	0.0093693	7.8368e-05	0.01	6.1294e-05	0.00058998	7.3036e-05	0.91644	
9.9578e-05	0.024545	0.0011875	3.3283e-05	5.3385e-05	0.0056834	0.0078173	7.7139e-06	0.01	1.0734e-05	0.00073763	0.0051607	0.01	7.4162e-05	0.00060976	0.00094651	0.0093691	7.8676e-05	0.01	6.1365e-05	0.00058855	7.1988e-05	0.91637	
9.991e-05	0.02459	0.0012888	3.3575e-05	5.3108e-05	0.0056736	0.0078167	7.4311e-06	0.01	1.0701e-05	0.00073816	0.0051595	0.01	7.3116e-05	0.00060832	0.00094711	0.009369	7.8995e-05	0.01	6.144e-05	0.00058713	7.0929e-05	0.91629	
0.00010027	0.024637	0.0014415	3.3897e-05	5.2842e-05	0.0056638	0.0078161	7.1618e-06	0.01	1.0668e-05	0.00073878	0.0051583	0.01	7.208e-05	0.00060689	0.00094775	0.0093688	7.9325e-05	0.01	6.1517e-05	0.00058572	6.9894e-05	0.91625	
0.00010067	0.024684	0.0016574	3.425e-05	5.2586e-05	0.0056543	0.0078156	6.905e-06	0.01	1.0634e-05	0.0007395	0.0051572	0.01	7.1055e-05	0.00060548	0.00094842	0.0093687	7.9666e-05	0.01	6.1597e-05	0.00058432	6.888e-05	0.91627	
0.00010109	0.024669	0.0019584	3.4634e-05	5.234e-05	0.0056449	0.007815	6.6606e-06	0.01	1.0599e-05	0.00074032	0.0051561	0.01	7.004e-05	0.00060407	0.00094914	0.0093685	8.002e-05	0.01	6.1681e-05	0.00058293	6.7889e-05	0.91633	
0.00010154	0.024654	0.0023731	3.5053e-05	5.2104e-05	0.0056357	0.0078145	6.428e-06	0.01	1.0563e-05	0.00074125	0.005155	0.01	6.9036e-05	0.00060268	0.0009499	0.0093684	8.0385e-05	0.01	6.1768e-05	0.00058156	6.6919e-05	0.91644	
0.00010203	0.024639	0.0029376	3.5504e-05	5.1878e-05	0.0056266	0.007814	6.2063e-06	0.01	1.0526e-05	0.00074227	0.005154	0.01	6.8041e-05	0.0006013	0.00095069	0.0093683	8.0762e-05	0.01	6.1858e-05	0.00058019	6.597e-05	0.9166	
0.00010249	0.024625	0.0034522	3.594e-05	5.1647e-05	0.0056175	0.0078135	5.9786e-06	0.01	1.0481e-05	0.00074326	0.005153	0.01	6.7042e-05	0.00059992	0.00095147	0.0093681	8.1128e-05	0.01	6.1938e-05	0.00057883	6.5011e-05	0.91674	
0.00010294	0.024611	0.0039185	3.6358e-05	5.141e-05	0.0056084	0.007813	5.7445e-06	0.01	1.0427e-05	0.00074421	0.0051519	0.01	6.6037e-05	0.00059853	0.00095224	0.009368	8.1484e-05	0.01	6.2009e-05	0.00057745	6.4043e-05	0.91688	
0.00010341	0.024597	0.0045718	3.6813e-05	5.1184e-05	0.0055995	0.0078125	5.5219e-06	0.01	1.0374e-05	0.00074527	0.0051509	0.01	6.5042e-05	0.00059715	0.00095304	0.0093679	8.1852e-05	0.01	6.2083e-05	0.00057609	6.3096e-05	0.91707	
0.00010387	0.024583	0.0051578	3.7249e-05	5.0953e-05	0.0055904	0.007812	5.2925e-06	0.01	1.0311e-05	0.00074629	0.0051499	0.01	6.4042e-05	0.00059577	0.00095383	0.0093678	8.2209e-05	0.01	6.2147e-05	0.00057472	6.2139e-05	0.91725	
0.00010429	0.02457	0.0056635	3.7731e-05	5.0734e-05	0.0055814	0.0078115	5.0551e-06	0.01	1.0249e-05	0.00074744	0.0051489	0.01	6.3035e-05	0.00059438	0.00095459	0.0093676	8.2553e-05	0.01	6.2201e-05	0.00057335	6.1208e-05	0.91748	
0.00010477	0.024557	0.0064356	3.8265e-05	5.0529e-05	0.0055726	0.0078111	4.8326e-06	0.01	1.0188e-05	0.00074873	0.005148	0.01	6.2041e-05	0.000593	0.00095541	0.0093675	8.2915e-05	0.01	6.2261e-05	0.00057199	6.026e-05	0.9177	
0.00010521	0.024545	0.0071102	3.8773e-05	5.0316e-05	0.0055636	0.0078106	4.6018e-06	0.01	1.0118e-05	0.00074996	0.0051471	0.01	6.1041e-05	0.00059162	0.0009562	0.0093674	8.3264e-05	0.01	6.231e-05	0.00057063	5.9297e-05	0.91789	
0.00010562	0.024532	0.0076953	3.9257e-05	5.0096e-05	0.0055547	0.0078101	4.3624e-06	0.01	1.0038e-05	0.00075115	0.0051461	0.01	6.0033e-05	0.00059023	0.00095697	0.0093673	8.3598e-05	0.01	6.2347e-05	0.00056925	5.8321e-05	0.91807	
0.000106	0.024519	0.0081966	3.9715e-05	4.9869e-05	0.0055457	0.0078096	4.1142e-06	0.01	9.9495e-06	0.00075227	0.0051451	0.01	5.9017e-05	0.00058883	0.00095772	0.0093671	8.3919e-05	0.01	6.2373e-05	0.00056787	5.7331e-05	0.91823	
0.00010643	0.024506	0.009103	4.0134e-05	4.9634e-05	0.0055366	0.0078091	4.1125e-06	0.01	9.8511e-06	0.00075334	0.0051442	0.01	5.7993e-05	0.00058745	0.00095852	0.009367	8.4224e-05	0.01	6.2387e-05	0.00056648	5.7742e-05	0.91802	
0.00010692	0.024493	0.0092805	4.0609e-05	4.9414e-05	0.0055274	0.0078087	4.1033e-06	0.01	9.7543e-06	0.00075455	0.0051432	0.01	5.6962e-05	0.00058608	0.00095938	0.0093669	8.4515e-05	0.01	6.2389e-05	0.00056508	5.8173e-05	0.91789	
0.00010744	0.024482	0.0096417	4.1134e-05	4.9206e-05	0.0055184	0.0078082	4.1009e-06	0.01	9.6582e-06	0.00075591	0.0051423	0.01	5.5944e-05	0.00058474	0.0009603	0.0093668	8.4824e-05	0.01	6.2397e-05	0.00056369	5.8623e-05	0.91781	
0.00010795	0.02447	0.0099428	4.1637e-05	4.8993e-05	0.0055094	0.0078078	4.0927e-06	0.01	9.5533e-06	0.00075721	0.0051414	0.01	5.4919e-05	0.00058338	0.0009612	0.0093667	8.512e-05	0.01	6.2395e-05	0.0005623	5.9063e-05	0.91773	
0.00010843	0.024458	0.010191	4.212e-05	4.8773e-05	0.0055004	0.0078073	4.079e-06	0.01	9.4398e-06	0.00075848	0.0051405	0.01	5.3889e-05	0.00058202	0.00096207	0.0093666	8.5404e-05	0.01	6.2383e-05	0.0005609	5.9494e-05	0.91763	
0.00010894	0.024447	0.010613	4.2647e-05	4.8564e-05	0.0054915	0.0078069	4.0707e-06	0.01	9.326e-06	0.00075986	0.0051396	0.01	5.2869e-05	0.00058068	0.000963	0.0093665	8.5702e-05	0.01	6.2375e-05	0.00055952	5.9939e-05	0.91758	
0.00010944	0.024435	0.010977	4.3153e-05	4.835e-05	0.0054826	0.0078065	4.057e-06	0.01	9.2036e-06	0.0007612	0.0051387	0.01	5.1844e-05	0.00057932	0.0009639	0.0093664	8.5989e-05	0.01	6.2357e-05	0.00055812	6.0376e-05	0.91752	
0.00010991	0.024424	0.011288	4.3641e-05	4.813e-05	0.0054736	0.007806	4.038e-06	0.01	9.0728e-06	0.0007625	0.0051378	0.01	5.0813e-05	0.00057796	0.00096478	0.0093663	8.6264e-05	0.01	6.2329e-05	0.00055673	6.0803e-05	0.91745	
0.00011041	0.024413	0.01179	4.4171e-05	4.792e-05	0.0054649	0.0078056	4.0242e-06	0.01	8.9415e-06	0.00076391	0.0051369	0.01	4.9792e-05	0.00057662	0.00096571	0.0093662	8.6554e-05	0.01	6.2305e-05	0.00055534	6.1245e-05	0.91743	
0.0001109	0.024403	0.013377	4.4748e-05	4.7721e-05	0.005456	0.0078052	4.0049e-06	0.01	8.8098e-06	0.00076545	0.0051361	0.01	4.8766e-05	0.00057526	0.00096662	0.0093661	8.6831e-05	0.01	6.2271e-05	0.00055395	6.1703e-05	0.91746	
0.00011136	0.024393	0.014831	4.5305e-05	4.7517e-05	0.0054472	0.0078048	3.9804e-06	0.01	8.6697e-06	0.00076694	0.0051352	0.01	4.7734e-05	0.0005739	0.00096751	0.009366	8.7098e-05	0.01	6.2227e-05	0.00055255	6.2152e-05	0.91749	
0.00011185	0.024383	0.016877	4.5908e-05	4.7323e-05	0.0054385	0.0078044	3.9611e-06	0.01	8.5291e-06	0.00076855	0.0051344	0.01	4.6713e-05	0.00057256	0.00096845	0.0093659	8.7378e-05	0.01	6.2187e-05	0.00055117	6.2617e-05	0.91756	
0.00011233	0.024373	0.018756	4.6491e-05	4.7123e-05	0.0054298	0.007804	3.9365e-06	0.01	9.5089e-06	0.00077013	0.0051336	0.01	4.5687e-05	0.00057121	0.00096937	0.0093658	8.7647e-05	0.01	6.2137e-05	0.00054978	6.3072e-05	0.91763	
0.00011278	0.024363	0.020483	4.7056e-05	4.6918e-05	0.005421	0.0078036	3.9068e-06	0.01	1.0478e-05	0.00077166	0.0051328	0.01	4.4655e-05	0.00056985	0.00097027	0.0093657	8.7905e-05	0.01	6.2078e-05	0.00054838	6.3519e-05	0.91768	
0.00011319	0.024354	0.022933	4.7666e-05	4.6723e-05	0.0054124	0.0078032	3.8819e-06	0.01	1.1459e-05	0.00077331	0.005132	0.01	4.3633e-05	0.00056848	0.00097115	0.0093656	8.8176e-05	0.01	6.2022e-05	0.000547	6.3944e-05	0.9177	
0.00011359	0.024345	0.0252	4.8257e-05	4.6522e-05	0.0054038	0.0078028	3.852e-06	0.01	1.2429e-05	0.00077492	0.0051312	0.01	4.2605e-05	0.00056711	0.00097201	0.0093655	8.8437e-05	0.01	6.1957e-05	0.00054561	6.4361e-05	0.91771	
0.00011402	0.024336	0.0283	4.8892e-05	4.6331e-05	0.0053953	0.0078024	3.8265e-06	0.01	1.3409e-05	0.00077664	0.0051304	0.01	4.1587e-05	0.00056576	0.00097292	0.0093654	8.8709e-05	0.01	6.1894e-05	0.00054423	6.4791e-05	0.91776	
0.00011443	0.024327	0.031182	4.9509e-05	4.6135e-05	0.0053868	0.007802	3.7961e-06	0.01	1.438e-05	0.00077833	0.0051297	0.01	4.0564e-05	0.00056439	0.00097381	0.0093653	8.8972e-05	0.01	6.1823e-05	0.00054285	6.5213e-05	0.91781	
0.00011481	0.024318	0.033864	5.0107e-05	4.5933e-05	0.0053782	0.0078016	3.7608e-06	0.01	1.5341e-05	0.00077998	0.0051289	0.01	3.9536e-05	0.00056303	0.00097468	0.0093652	8.9223e-05	0.01	6.1742e-05	0.00054146	6.5652e-05	0.91791	
0.00011518	0.024309	0.036365	5.0689e-05	4.5727e-05	0.0053697	0.0078012	3.7207e-06	0.01	1.6292e-05	0.0007816	0.0051281	0.01	3.8503e-05	0.00056165	0.00097553	0.0093651	8.9465e-05	0.01	6.1651e-05	0.00054007	6.6083e-05	0.918	
0.00011558	0.024301	0.039751	5.1313e-05	4.553e-05	0.0053613	0.0078008	3.6847e-06	0.01	1.7253e-05	0.00078332	0.0051273	0.01	3.7479e-05	0.00056029	0.00097643	0.009365	8.9718e-05	0.01	6.1564e-05	0.00053868	6.6527e-05	0.91814	
0.00011595	0.024292	0.042916	5.1919e-05	4.5328e-05	0.0053528	0.0078005	3.644e-06	0.01	1.8205e-05	0.00078501	0.0051265	0.01	3.645e-05	0.00055892	0.00097731	0.0093649	8.9961e-05	0.01	6.1467e-05	0.0005373	6.6963e-05	0.91827	
0.00011631	0.024284	0.045957	5.2509e-05	4.5121e-05	0.0053443	0.0078001	3.5984e-06	0.01	1.9147e-05	0.00078667	0.0051258	0.01	3.5416e-05	0.00055755	0.00097817	0.0093648	9.0194e-05	0.01	6.1361e-05	0.0005359	6.7392e-05	0.91839	
0.00011665	0.024275	0.048799	5.3081e-05	4.4909e-05	0.0053358	0.0077997	3.5481e-06	0.01	2.008e-05	0.0007883	0.005125	0.01	3.4378e-05	0.00055617	0.00097902	0.0093647	9.0417e-05	0.01	6.1245e-05	0.0005345	6.7812e-05	0.91851	
0.00011702	0.024267	0.052671	5.1939e-05	4.4706e-05	0.0053275	0.0077993	3.502e-06	0.01	2.1023e-05	0.00079003	0.0051242	0.01	3.3348e-05	0.0005548	0.00097991	0.0093647	9.0652e-05	0.01	6.1133e-05	0.00053312	6.8246e-05	0.91867	
0.00011737	0.024258	0.056297	5.0778e-05	4.4499e-05	0.0053191	0.0077989	3.4511e-06	0.01	2.1956e-05	0.00079173	0.0051234	0.01	3.2313e-05	0.00055343	0.00098078	0.0093646	9.0877e-05	0.01	6.1011e-05	0.00053172	6.8672e-05	0.91882	
0.00011775	0.024251	0.061174	4.9675e-05	4.4299e-05	0.0053108	0.0077986	3.4041e-06	0.01	2.2899e-05	0.00079354	0.0051227	0.01	3.1287e-05	0.00055207	0.0009817	0.0093645	9.1113e-05	0.01	6.0892e-05	0.00053034	6.9111e-05	0.91902	
0.00011811	0.024243	0.065748	4.8553e-05	4.4096e-05	0.0053026	0.0077982	3.3524e-06	0.01	2.3833e-05	0.00079531	0.0051219	0.01	3.0256e-05	0.0005507	0.00098259	0.0093644	9.1339e-05	0.01	6.0763e-05	0.00052895	6.9543e-05	0.91921	
0.00011845	0.024235	0.070037	4.741e-05	4.3887e-05	0.0052943	0.0077978	3.296e-06	0.01	2.4757e-05	0.00079705	0.0051212	0.01	2.922e-05	0.00054933	0.00098347	0.0093643	9.1555e-05	0.01	6.0626e-05	0.00052756	6.9966e-05	0.91939	
0.00011877	0.024227	0.074055	4.6248e-05	4.3673e-05	0.005286	0.0077975	3.2349e-06	0.01	2.5672e-05	0.00079876	0.0051204	0.01	2.818e-05	0.00054796	0.00098434	0.0093642	9.1761e-05	0.01	6.0479e-05	0.00052616	7.0382e-05	0.91956	
0.00011912	0.024125	0.074596	4.5144e-05	4.3469e-05	0.0052778	0.0077971	3.1777e-06	0.01	2.6597e-05	0.00080058	0.0051197	0.01	2.7148e-05	0.00054659	0.00098524	0.0093641	9.1979e-05	0.01	6.0335e-05	0.00052478	6.917e-05	0.91979	
0.00011945	0.024023	0.07505	4.402e-05	4.3259e-05	0.0052696	0.0077967	3.1157e-06	0.01	2.7513e-05	0.00080236	0.0051189	0.01	2.6111e-05	0.00054522	0.00098613	0.009364	9.2186e-05	0.01	6.0182e-05	0.00052338	6.7949e-05	0.92001	
0.00011981	0.023923	0.075898	4.2953e-05	4.3058e-05	0.0052615	0.0077964	3.0577e-06	0.01	2.8439e-05	0.00080425	0.0051182	0.01	2.5083e-05	0.00054386	0.00098706	0.0093639	9.2406e-05	0.01	6.0031e-05	0.000522	6.6752e-05	0.92028	
0.00012016	0.023823	0.076651	4.1867e-05	4.2852e-05	0.0052534	0.007796	2.9949e-06	0.01	2.9356e-05	0.00080611	0.0051175	0.01	2.405e-05	0.00054249	0.00098798	0.0093639	9.2616e-05	0.01	5.9872e-05	0.00052062	6.5546e-05	0.92055	
0.00012048	0.023722	0.077312	4.0762e-05	4.2642e-05	0.0052449	0.0077957	2.9276e-06	0.01	3.0263e-05	0.00080794	0.0051168	0.01	2.4283e-05	0.00054112	0.00098888	0.0093638	9.2815e-05	0.01	5.9703e-05	0.00051922	6.433e-05	0.9208	
0.00012084	0.023624	0.07839	3.971e-05	4.244e-05	0.0052364	0.0077953	2.8637e-06	0.01	3.118e-05	0.00080987	0.0051161	0.01	2.4517e-05	0.00053977	0.00098981	0.0093637	9.3026e-05	0.01	5.9536e-05	0.00051784	6.3138e-05	0.9211	
0.00012123	0.023527	0.079974	3.8709e-05	4.2245e-05	0.0052281	0.007795	2.8033e-06	0.01	3.2107e-05	0.00081191	0.0051154	0.01	2.4753e-05	0.00053842	0.00099079	0.0093636	9.3249e-05	0.01	5.9373e-05	0.00051647	6.1968e-05	0.92145	
0.00012159	0.023429	0.081434	3.769e-05	4.2046e-05	0.0052198	0.0077947	2.7383e-06	0.01	3.3026e-05	0.00081391	0.0051148	0.01	2.4985e-05	0.00053706	0.00099175	0.0093635	9.3461e-05	0.01	5.9199e-05	0.0005151	6.079e-05	0.92178	
0.00012194	0.023332	0.082776	3.6652e-05	4.1843e-05	0.0052115	0.0077943	2.6687e-06	0.01	3.3934e-05	0.00081589	0.0051141	0.01	2.5212e-05	0.0005357	0.0009927	0.0093635	9.3664e-05	0.01	5.9017e-05	0.00051372	5.9602e-05	0.92211	
0.00012233	0.023236	0.082034	3.5666e-05	4.1648e-05	0.0052033	0.007794	2.6025e-06	0.01	3.4854e-05	0.00081797	0.0051134	0.01	2.5441e-05	0.00053434	0.00099363	0.0093634	9.3878e-05	0.01	5.8838e-05	0.00051235	5.8437e-05	0.92249	
0.0001227	0.02314	0.081197	3.4662e-05	4.1448e-05	0.0051951	0.0077937	2.5319e-06	0.01	3.5764e-05	0.00082003	0.0051128	0.01	2.5666e-05	0.00053297	0.00099454	0.0093633	9.4083e-05	0.01	5.8649e-05	0.00051097	5.7263e-05	0.92286	
0.0001231	0.023046	0.080759	3.3707e-05	4.1256e-05	0.005187	0.0077934	2.4645e-06	0.01	3.6685e-05	0.00082219	0.0051122	0.01	2.5892e-05	0.00053161	0.00099549	0.0093632	9.4299e-05	0.01	5.8463e-05	0.00050961	5.6111e-05	0.92327	
0.00012348	0.022952	0.080236	3.2734e-05	4.106e-05	0.0051789	0.0077931	2.3926e-06	0.01	3.7597e-05	0.00082432	0.0051115	0.01	2.6115e-05	0.00053025	0.00099643	0.0093631	9.4506e-05	0.01	5.8268e-05	0.00050824	5.4951e-05	0.92368	
0.00012384	0.022857	0.079624	3.1743e-05	4.0859e-05	0.0051707	0.0077928	2.3162e-06	0.01	3.85e-05	0.00082642	0.0051109	0.01	2.6333e-05	0.00052888	0.00099736	0.0093631	9.4703e-05	0.01	5.8064e-05	0.00050686	5.3782e-05	0.92408	
0.00012418	0.022762	0.078922	3.0735e-05	4.0653e-05	0.0051626	0.0077924	2.2352e-06	0.01	3.9393e-05	0.00082849	0.0051102	0.01	2.6547e-05	0.00052751	0.00099826	0.009363	9.4889e-05	0.01	5.785e-05	0.00050548	5.2603e-05	0.92447	
0.0001245	0.022667	0.078127	2.9709e-05	4.0443e-05	0.0051544	0.0077921	2.1497e-06	0.01	4.0276e-05	0.00083052	0.0051096	0.01	2.6756e-05	0.00052613	0.00099916	0.0093629	9.5066e-05	0.01	5.7628e-05	0.0005041	5.1416e-05	0.92486	
0.00012485	0.022574	0.077713	2.8731e-05	4.0241e-05	0.0051463	0.0077918	2.0673e-06	0.01	4.1171e-05	0.00083267	0.0051089	0.01	2.6968e-05	0.00052476	0.0010001	0.0093628	9.5254e-05	0.01	5.7407e-05	0.00050272	5.025e-05	0.92529	
0.00012518	0.02248	0.077212	2.7734e-05	4.0034e-05	0.0051383	0.0077915	1.9803e-06	0.01	4.2056e-05	0.00083478	0.0051083	0.01	2.7175e-05	0.00052339	0.001001	0.0093628	9.5432e-05	0.01	5.7178e-05	0.00050134	4.9075e-05	0.92571	
0.00012555	0.022389	0.073329	2.6786e-05	3.9836e-05	0.0051301	0.0077912	1.8968e-06	0.01	4.2953e-05	0.000837	0.0051077	0.01	2.7377e-05	0.00052203	0.001002	0.0093627	9.5623e-05	0.01	5.6952e-05	0.00049997	4.7924e-05	0.92618	
0.0001259	0.022296	0.069172	2.582e-05	3.9633e-05	0.005122	0.0077909	1.8086e-06	0.01	4.384e-05	0.0008392	0.0051071	0.01	2.7574e-05	0.00052066	0.0010029	0.0093626	9.5804e-05	0.01	5.6716e-05	0.0004986	4.6762e-05	0.92665	
0.00012622	0.022204	0.064719	2.4835e-05	3.9425e-05	0.0051138	0.0077906	1.7157e-06	0.01	4.4717e-05	0.00084136	0.0051065	0.01	2.7767e-05	0.00051929	0.0010038	0.0093625	9.5974e-05	0.01	5.6471e-05	0.00049722	4.5591e-05	0.9271	
0.00012658	0.022113	0.061482	2.3899e-05	3.9225e-05	0.0051057	0.0077903	1.6262e-06	0.01	4.5607e-05	0.00084363	0.0051059	0.01	2.7963e-05	0.00051793	0.0010048	0.0093625	9.6157e-05	0.01	5.6229e-05	0.00049585	4.4444e-05	0.9276	
0.00012692	0.022023	0.057996	2.2943e-05	3.9021e-05	0.0050977	0.00779	1.532e-06	0.01	4.6487e-05	0.00084587	0.0051053	0.01	2.8153e-05	0.00051656	0.0010058	0.0093624	9.633e-05	0.01	5.5978e-05	0.00049448	4.3286e-05	0.9281	
0.0001273	0.021934	0.055513	2.2037e-05	3.8826e-05	0.0050898	0.0077897	1.4413e-06	0.01	4.738e-05	0.00084824	0.0051047	0.01	2.8346e-05	0.0005152	0.0010068	0.0093623	9.6517e-05	0.01	5.573e-05	0.00049311	4.2152e-05	0.92864	
0.00012765	0.021844	0.052792	2.1109e-05	3.8625e-05	0.0050818	0.0077895	1.3456e-06	0.01	4.8262e-05	0.00085057	0.0051041	0.01	2.8535e-05	0.00051384	0.0010077	0.0093623	9.6692e-05	0.01	5.5472e-05	0.00049175	4.1008e-05	0.92918	
0.00012798	0.021757	0.050972	2.0235e-05	3.8434e-05	0.005074	0.0077892	1.2541e-06	0.01	4.916e-05	0.00085304	0.0051036	0.01	2.8726e-05	0.00051248	0.0010087	0.0093622	9.6884e-05	0.01	5.5219e-05	0.00049039	3.989e-05	0.92977	
0.00012835	0.021672	0.043775	1.9415e-05	3.8255e-05	0.0050664	0.007789	1.1668e-06	0.01	5.0077e-05	0.00085566	0.0051031	0.01	2.8921e-05	0.00051112	0.0010097	0.0093621	9.7094e-05	0.01	5.4972e-05	0.00048905	3.88e-05	0.93042	
0.00012869	0.021586	0.03578	1.857e-05	3.8068e-05	0.0050591	0.0077887	1.0739e-06	0.01	5.098e-05	0.00085823	0.0051026	0.01	2.9119e-05	0.00050976	0.0010107	0.0093621	9.729e-05	0.01	5.4713e-05	0.0004877	3.7696e-05	0.93106	
0.000129	0.0215	0.026893	1.7699e-05	3.7876e-05	0.0050516	0.0077885	9.7546e-07	0.01	5.187e-05	0.00086074	0.0051021	0.01	2.9313e-05	0.00050839	0.0010116	0.009362	9.7473e-05	0.01	5.4444e-05	0.00048635	3.6579e-05	0.93168	
0.00012937	0.021415	0.02087	1.6884e-05	3.7694e-05	0.0050444	0.0077882	8.8153e-07	0.01	5.2779e-05	0.00086342	0.0051016	0.01	2.951e-05	0.00050704	0.0010127	0.009362	9.7675e-05	0.01	5.418e-05	0.00048501	3.5491e-05	0.93236	
0.0001297	0.021334	0.016798	1.6123e-05	3.7525e-05	0.0050373	0.007788	7.9181e-07	0.01	5.3709e-05	0.00086627	0.0051012	0.01	2.9711e-05	0.00050568	0.0010137	0.0093619	9.7897e-05	0.01	5.3923e-05	0.00048368	3.4432e-05	0.93311	
0.00013	0.021251	0.012272	1.5336e-05	3.7349e-05	0.0050302	0.0077878	6.9662e-07	0.01	5.4625e-05	0.00086905	0.0051008	0.01	2.9906e-05	0.00050431	0.0010146	0.0093618	9.8105e-05	0.01	5.3655e-05	0.00048235	3.3359e-05	0.93385	
0.00013035	0.021171	0.0091785	1.46e-05	3.7184e-05	0.0050233	0.0077876	6.053e-07	0.01	5.5561e-05	0.00087201	0.0051004	0.01	3.0106e-05	0.00050296	0.0010156	0.0093618	9.8333e-05	0.01	5.3393e-05	0.00048103	3.2315e-05	0.93465	
0.00013067	0.02109	0.0057086	1.3839e-05	3.7012e-05	0.0050163	0.0077874	5.0846e-07	0.01	5.6483e-05	0.00087491	0.0051	0.01	3.03e-05	0.00050159	0.0010166	0.0093617	9.8546e-05	0.01	5.312e-05	0.00047971	3.1256e-05	0.93543	
0.00013094	0.021011	0.0034942	1.313e-05	3.6853e-05	0.0050095	0.0077872	4.1584e-07	0.01	5.7428e-05	0.00087799	0.0050997	0.01	3.0499e-05	0.00050022	0.0010176	0.0093617	9.8781e-05	0.01	5.2853e-05	0.0004784	3.0227e-05	0.93628	
0.00013127	0.020935	0.0020375	1.2471e-05	3.6706e-05	0.0050029	0.0077871	3.2696e-07	0.01	5.8397e-05	0.00088127	0.0050994	0.01	3.0702e-05	0.00049887	0.0010187	0.0093616	9.9039e-05	0.01	5.2594e-05	0.0004771	2.9227e-05	0.9372	
0.00013156	0.020861	0.0017974	1.1904e-05	3.6572e-05	0.0049963	0.007787	2.3229e-07	0.01	5.9391e-05	0.00088476	0.0050991	0.01	3.0899e-05	0.00049751	0.0010197	0.0093616	9.9281e-05	0.01	5.2323e-05	0.0004758	2.8205e-05	0.93809	
0.00013182	0.020786	0.0014988	1.1313e-05	3.643e-05	0.0049896	0.0077869	1.3185e-07	0.01	6.0369e-05	0.00088817	0.0050989	0.01	3.109e-05	0.00049614	0.0010206	0.0093615	9.9506e-05	0.01	5.204e-05	0.00047449	2.7168e-05	0.93896	
0.00013214	0.020713	0.0013296	1.0767e-05	3.6302e-05	0.0049831	0.0077868	3.5564e-08	0.01	6.1374e-05	0.0008918	0.0050987	0.01	3.1287e-05	0.00049478	0.0010217	0.0093615	9.9756e-05	0.01	5.1765e-05	0.0004732	2.6162e-05	0.9399	
0.00013242	0.02064	0.0011113	1.0196e-05	3.6166e-05	0.0049765	0.0077867	2.273e-08	0.01	6.2362e-05	0.00089535	0.0050984	0.01	3.1477e-05	0.00049342	0.0010227	0.0093614	9.9989e-05	0.01	5.1477e-05	0.0004719	2.514e-05	0.94082	
0.00013267	0.020566	0.0008377	9.6001e-06	3.6022e-05	0.0049699	0.0077865	3.3372e-08	0.01	6.3334e-05	0.00089881	0.0050982	0.01	3.1662e-05	0.00049205	0.0010237	0.0093613	0.00010021	0.01	5.1177e-05	0.00047058	2.4102e-05	0.94172	
0.00013288	0.020491	0.00089369	8.9782e-06	3.587e-05	0.0049631	0.0077864	1.1081e-07	0.01	6.4288e-05	0.00090219	0.0050979	0.01	3.184e-05	0.00049067	0.0010246	0.0093613	0.00010041	0.01	5.0865e-05	0.00046926	2.3047e-05	0.94259	
0.00013315	0.020419	0.00079755	8.4017e-06	3.5731e-05	0.0049566	0.0077863	1.2852e-07	0.01	6.5269e-05	0.00090579	0.0050977	0.01	3.2024e-05	0.0004893	0.0010257	0.0093612	0.00010071	0.01	5.0539e-05	0.00046793	2.2024e-05	0.94354	
0.00013339	0.020346	0.00066479	7.8005e-06	3.5585e-05	0.0049501	0.0077862	1.4201e-07	0.01	6.6234e-05	0.0009093	0.0050975	0.01	3.2202e-05	0.00048793	0.0010266	0.0093612	0.00010101	0.01	5.0202e-05	0.00046659	2.0985e-05	0.94447	
0.00013369	0.020275	0.00059703	7.2426e-06	3.5452e-05	0.0049437	0.0077861	1.5457e-07	0.01	6.7226e-05	0.00091304	0.0050973	0.01	3.2385e-05	0.00048657	0.0010277	0.0093611	0.00010132	0.01	4.9873e-05	0.00046526	1.9977e-05	0.94547	
0.00013396	0.020204	0.00079543	6.6611e-06	3.5311e-05	0.0049373	0.007786	1.6291e-07	0.01	6.8201e-05	0.0009167	0.0050971	0.01	3.2562e-05	0.00048521	0.0010287	0.0093611	0.00010162	0.01	4.9531e-05	0.00046393	1.8953e-05	0.94646	
0.00013429	0.020134	0.0011197	6.1188e-06	3.5182e-05	0.0049311	0.0077859	1.7029e-07	0.01	6.9203e-05	0.00092057	0.005097	0.01	3.2744e-05	0.00048386	0.0010298	0.0093611	0.00010195	0.01	4.9197e-05	0.00046261	1.7959e-05	0.94751	
0.00013458	0.020065	0.0013841	5.5538e-06	3.5046e-05	0.0049248	0.0077858	1.7344e-07	0.01	7.0189e-05	0.00092436	0.0050968	0.01	3.292e-05	0.00048251	0.0010309	0.009361	0.00010226	0.01	4.8851e-05	0.00046128	1.6949e-05	0.94855	
0.00013484	0.019994	0.0015938	5.6707e-06	3.4903e-05	0.0049185	0.0077858	2.7937e-07	0.01	7.1158e-05	0.00092807	0.0050966	0.01	3.309e-05	0.00048114	0.0010319	0.009361	0.00010255	0.01	5.078e-05	0.00045995	1.6968e-05	0.94938	
0.00013506	0.019923	0.0017645	5.7737e-06	3.4753e-05	0.0049121	0.0077857	3.8003e-07	0.01	7.2113e-05	0.00093172	0.0050964	0.01	3.3255e-05	0.00047977	0.0010329	0.0093609	0.00010283	0.01	5.2695e-05	0.00045861	1.6979e-05	0.9502	
0.00013534	0.019854	0.0020233	5.8867e-06	3.4612e-05	0.0049058	0.0077856	4.8345e-07	0.01	7.3087e-05	0.00093553	0.0050963	0.01	3.3423e-05	0.00047841	0.001034	0.0093609	0.00010312	0.01	5.4629e-05	0.00045728	1.6995e-05	0.95107	
0.00013558	0.019784	0.0022479	5.9874e-06	3.4466e-05	0.0048995	0.0077855	5.8214e-07	0.01	7.4049e-05	0.00093929	0.0050961	0.01	3.3586e-05	0.00047704	0.001035	0.0093608	0.0001034	0.01	5.6552e-05	0.00045594	1.7003e-05	0.95194	
0.00013587	0.019716	0.0025691	6.0966e-06	3.4328e-05	0.0048934	0.0077854	6.8321e-07	0.01	7.5028e-05	0.00094321	0.0050959	0.01	3.3752e-05	0.00047569	0.0010361	0.0093608	0.0001037	0.01	5.8491e-05	0.00045461	1.7016e-05	0.95286	
0.00013619	0.019649	0.0030154	6.214e-06	3.4197e-05	0.0048874	0.0077854	7.8677e-07	0.01	7.6024e-05	0.00094727	0.0050958	0.01	3.392e-05	0.00047435	0.0010373	0.0093608	0.00010401	0.01	6.0447e-05	0.0004533	1.7032e-05	0.95382	
0.0001365	0.019582	0.003419	6.3197e-06	3.4061e-05	0.0048814	0.0077853	8.8573e-07	0.01	7.7009e-05	0.00095129	0.0050957	0.01	3.4084e-05	0.000473	0.0010384	0.0093607	0.00010432	0.01	6.2392e-05	0.00045198	1.7041e-05	0.95478	
0.00013677	0.019516	0.0039833	6.4342e-06	3.3933e-05	0.0048755	0.0077853	9.8745e-07	0.01	7.8011e-05	0.00095546	0.0050957	0.01	3.425e-05	0.00047164	0.0010395	0.0093607	0.00010463	0.01	6.4354e-05	0.00045067	1.7054e-05	0.95578	
0.00013709	0.019452	0.0047537	6.557e-06	3.3811e-05	0.0048697	0.0077853	1.0919e-06	0.01	7.903e-05	0.00095978	0.0050956	0.01	3.4418e-05	0.0004703	0.0010406	0.0093607	0.00010496	0.01	6.6333e-05	0.00044937	1.707e-05	0.95684	
0.00013738	0.019387	0.005462	6.6682e-06	3.3685e-05	0.0048639	0.0077852	1.1918e-06	0.01	8.0038e-05	0.00096406	0.0050956	0.01	3.4582e-05	0.00046895	0.0010417	0.0093607	0.00010528	0.01	6.8301e-05	0.00044806	1.708e-05	0.95789	
0.00013771	0.019324	0.0064273	6.7878e-06	3.3566e-05	0.0048583	0.0077852	1.2946e-06	0.01	8.1063e-05	0.00096849	0.0050956	0.01	3.4749e-05	0.00046761	0.0010429	0.0093606	0.00010562	0.01	7.0286e-05	0.00044677	1.7093e-05	0.95898	
0.00013808	0.019261	0.0077407	6.9162e-06	3.3454e-05	0.0048527	0.0077853	1.4005e-06	0.01	8.2104e-05	0.00097308	0.0050956	0.01	3.4917e-05	0.00046628	0.0010441	0.0093606	0.00010596	0.01	7.2288e-05	0.00044548	1.7109e-05	0.96013	
0.00013829	0.019199	0.0089535	7.0329e-06	3.3337e-05	0.0048472	0.0077853	1.5018e-06	0.01	8.3135e-05	0.00097762	0.0050956	0.01	3.5081e-05	0.00046496	0.0010454	0.0093606	0.0001063	0.01	7.4278e-05	0.00044419	1.7119e-05	0.96126	
0.00013854	0.019138	0.010624	7.1592e-06	3.3227e-05	0.0048417	0.0077853	1.6065e-06	0.01	8.4183e-05	0.00098232	0.0050957	0.01	3.5248e-05	0.00046365	0.0010467	0.0093606	0.00010665	0.01	7.6287e-05	0.00044291	1.7132e-05	0.96245	
0.00013882	0.019078	0.012931	7.2953e-06	3.3125e-05	0.0048364	0.0077853	1.7152e-06	0.01	8.525e-05	0.00098719	0.0050957	0.01	3.5417e-05	0.00046235	0.001048	0.0093606	0.00010702	0.01	7.8315e-05	0.00044164	1.7149e-05	0.96369	
0.00013909	0.01902	0.035494	7.4195e-06	3.3018e-05	0.0048313	0.0077854	1.8189e-06	0.01	8.6306e-05	0.00099223	0.0050959	0.01	3.5589e-05	0.00046105	0.0010494	0.0093606	0.00010738	0.01	8.0331e-05	0.00044036	1.7159e-05	0.96492	
0.00013933	0.018961	0.056583	7.532e-06	3.2906e-05	0.0048261	0.0077855	1.9178e-06	0.01	8.7351e-05	0.00099722	0.005096	0.01	3.5756e-05	0.00045974	0.0010507	0.0093606	0.00010772	0.01	8.2336e-05	0.00043908	1.7163e-05	0.96614	
0.00013962	0.018903	0.085904	7.6542e-06	3.2801e-05	0.0048211	0.0077855	2.0207e-06	0.01	8.8414e-05	0.0010024	0.0050961	0.01	3.5926e-05	0.00045845	0.001052	0.0093606	0.00010808	0.01	8.4359e-05	0.00043781	1.717e-05	0.96742	
0.00013988	0.018846	0.11341	7.7649e-06	3.2691e-05	0.004816	0.0077856	2.1188e-06	0.01	8.9467e-05	0.0010075	0.0050963	0.01	3.6092e-05	0.00045714	0.0010534	0.0093606	0.00010843	0.01	8.6372e-05	0.00043654	1.717e-05	0.96869	
0.00014012	0.018788	0.13927	7.8642e-06	3.2577e-05	0.0048109	0.0077857	2.2122e-06	0.01	9.051e-05	0.0010126	0.0050964	0.01	3.6253e-05	0.00045583	0.0010547	0.0093606	0.00010877	0.01	8.8374e-05	0.00043525	1.7164e-05	0.96995	
0.00014039	0.018731	0.17381	7.9724e-06	3.2469e-05	0.0048059	0.0077857	2.3092e-06	0.01	9.1569e-05	0.0010178	0.0050966	0.01	3.6417e-05	0.00045454	0.0010561	0.0093607	0.00010913	0.01	9.0393e-05	0.00043398	1.7161e-05	0.97126	
0.00014065	0.018674	0.20633	8.0691e-06	3.2357e-05	0.0048009	0.0077858	2.4016e-06	0.01	9.2618e-05	0.001023	0.0050967	0.01	3.6576e-05	0.00045323	0.0010574	0.0093607	0.00010947	0.01	9.2401e-05	0.0004327	1.7151e-05	0.97256	
0.00014094	0.018618	0.24974	8.1749e-06	3.2252e-05	0.004796	0.0077859	2.4976e-06	0.01	9.3684e-05	0.0010284	0.0050969	0.01	3.6737e-05	0.00045194	0.0010588	0.0093607	0.00010982	0.01	9.4427e-05	0.00043144	1.7144e-05	0.97392	
0.00014126	0.018564	0.30818	8.2904e-06	3.2152e-05	0.0047913	0.007786	2.5978e-06	0.01	9.4768e-05	0.0010339	0.0050972	0.01	3.6901e-05	0.00045065	0.0010602	0.0093607	0.00011019	0.01	9.647e-05	0.00043018	1.7141e-05	0.97532	
0.00014157	0.01851	0.3627	8.416e-06	3.2059e-05	0.0047865	0.0077862	2.6933e-06	0.01	9.587e-05	0.0010396	0.0050974	0.01	3.706e-05	0.00044936	0.0010617	0.0093607	0.00011055	0.01	9.8503e-05	0.00042891	1.7141e-05	0.97676	
0.00014185	0.018456	0.414	8.5299e-06	3.1962e-05	0.0047817	0.0077863	2.784e-06	0.01	9.6962e-05	0.0010453	0.0050977	0.01	3.7216e-05	0.00044807	0.0010631	0.0093607	0.0001109	0.01	0.00010053	0.00042764	1.7134e-05	0.97821	
0.00014212	0.018402	0.46229	8.6324e-06	3.186e-05	0.0047768	0.0077864	2.8699e-06	0.01	9.8043e-05	0.0010509	0.0050979	0.01	3.7366e-05	0.00044677	0.0010645	0.0093608	0.00011124	0.01	0.00010254	0.00042637	1.7121e-05	0.97965	
0.00014236	0.018349	0.50774	8.7198e-06	3.1765e-05	0.004772	0.0077865	2.9506e-06	0.01	9.9143e-05	0.0010567	0.0050982	0.01	3.7513e-05	0.00044546	0.0010658	0.0093608	0.0001116	0.01	0.00010457	0.00042511	1.7101e-05	0.98108	
0.00014258	0.018296	0.55055	8.7957e-06	3.1665e-05	0.0047671	0.0077867	3.0265e-06	0.01	0.00010023	0.0010624	0.0050985	0.01	3.7655e-05	0.00044415	0.0010672	0.0093608	0.00011195	0.01	0.00010659	0.00042384	1.7074e-05	0.98251	
0.00014284	0.018244	0.60763	8.8812e-06	3.1572e-05	0.0047623	0.0077868	3.1065e-06	0.01	0.00010134	0.0010683	0.0050988	0.01	3.78e-05	0.00044285	0.0010686	0.0093608	0.00011231	0.01	0.00010863	0.00042257	1.705e-05	0.98399	
0.00014313	0.018193	0.68436	8.977e-06	3.1485e-05	0.0047577	0.007787	3.1907e-06	0.01	0.00010247	0.0010744	0.0050991	0.01	3.7947e-05	0.00044156	0.00107	0.0093608	0.00011269	0.01	0.00011068	0.00042132	1.703e-05	0.98551	
0.00014341	0.018142	0.75662	9.0611e-06	3.1393e-05	0.004753	0.0077872	3.2702e-06	0.01	0.00010358	0.0010805	0.0050994	0.01	3.8089e-05	0.00044026	0.0010714	0.0093608	0.00011305	0.01	0.00011273	0.00042007	1.7003e-05	0.98703	
0.00014366	0.018091	0.8247	9.1336e-06	3.1297e-05	0.0047483	0.0077873	3.3448e-06	0.01	0.00010469	0.0010865	0.0050997	0.01	3.8227e-05	0.00043896	0.0010729	0.0093609	0.0001134	0.01	0.00011476	0.0004188	1.697e-05	0.98855	
0.00014389	0.01804	0.87891	9.2164e-06	3.1208e-05	0.0047437	0.0077875	3.4239e-06	0.01	0.00010581	0.0010927	0.0051001	0.01	3.8368e-05	0.00043765	0.0010743	0.0093609	0.00011377	0.01	0.00011682	0.00041755	1.694e-05	0.99011	
0.00014416	0.017991	0.89096	9.3098e-06	3.1124e-05	0.0047393	0.0077877	3.5076e-06	0.01	0.00010696	0.0010991	0.0051005	0.01	3.8511e-05	0.00043636	0.0010757	0.0093609	0.00011416	0.01	0.00011889	0.00041631	1.6913e-05	0.99173	
0.00014446	0.017943	0.90713	9.4139e-06	3.1047e-05	0.0047349	0.0077879	3.5961e-06	0.01	0.00010812	0.0011057	0.0051009	0.01	3.8656e-05	0.00043507	0.0010772	0.009361	0.00011456	0.01	0.00012098	0.00041507	1.6889e-05	0.99339	
0.00014474	0.017894	0.92232	9.5061e-06	3.0966e-05	0.0047306	0.0077881	3.6796e-06	0.01	0.00010927	0.0011122	0.0051013	0.01	3.8797e-05	0.00043378	0.0010786	0.009361	0.00011495	0.01	0.00012306	0.00041384	1.6859e-05	0.99505	
0.00014507	0.017847	0.92623	9.6101e-06	3.0891e-05	0.0047262	0.0077883	3.7574e-06	0.01	0.00011045	0.0011189	0.0051018	0.01	3.8934e-05	0.00043249	0.0010802	0.009361	0.00011532	0.01	0.00012513	0.00041259	1.6837e-05	0.99526	
0.00014543	0.017801	0.93157	9.7256e-06	3.0822e-05	0.0047219	0.0077885	3.8403e-06	0.01	0.00011164	0.0011259	0.0051022	0.01	3.9073e-05	0.00043122	0.0010817	0.0093611	0.00011572	0.01	0.00012722	0.00041136	1.6819e-05	0.9955	
0.00014577	0.017754	0.93659	9.8294e-06	3.0749e-05	0.0047176	0.0077888	3.9182e-06	0.01	0.00011283	0.0011327	0.0051027	0.01	3.9208e-05	0.00042994	0.0010833	0.0093611	0.0001161	0.01	0.0001293	0.00041011	1.6794e-05	0.99575	
0.00014615	0.017709	0.94335	9.9441e-06	3.0682e-05	0.0047135	0.007789	4.001e-06	0.01	0.00011403	0.0011398	0.0051032	0.01	3.9345e-05	0.00042867	0.0010848	0.0093612	0.00011649	0.01	0.0001314	0.00040888	1.6772e-05	0.99603	
0.00014656	0.017664	0.94469	1.007e-05	3.062e-05	0.0047094	0.0077893	4.0889e-06	0.01	0.00011526	0.0011471	0.0051038	0.01	3.9484e-05	0.00042741	0.0010865	0.0093612	0.00011691	0.01	0.00013352	0.00040766	1.6753e-05	0.99634	
0.00014696	0.017619	0.94594	1.0184e-05	3.0555e-05	0.0047053	0.0077896	4.1718e-06	0.01	0.00011647	0.0011543	0.0051043	0.01	3.9619e-05	0.00042615	0.0010881	0.0093613	0.00011731	0.01	0.00013563	0.00040643	1.6727e-05	0.99667	
0.00014739	0.017575	0.94773	1.031e-05	3.0495e-05	0.0047014	0.0077898	4.2599e-06	0.01	0.0001177	0.0011618	0.0051049	0.01	3.9757e-05	0.00042489	0.0010897	0.0093613	0.00011772	0.01	0.00013776	0.00040521	1.6705e-05	0.99703	
0.00014786	0.017532	0.95022	1.0447e-05	3.0441e-05	0.0046975	0.0077901	4.3534e-06	0.01	0.00011896	0.0011694	0.0051055	0.01	3.9897e-05	0.00042364	0.0010914	0.0093614	0.00011815	0.01	0.0001399	0.000404	1.6686e-05	0.99741	
0.00014836	0.01749	0.95364	1.0597e-05	3.0394e-05	0.0046937	0.0077905	4.4412e-06	0.01	0.00012024	0.0011773	0.0051061	0.01	4.0032e-05	0.0004224	0.0010932	0.0093615	0.00011858	0.01	0.00014204	0.00040279	1.6671e-05	0.99721	
0.00014885	0.017448	0.95687	1.0735e-05	3.0342e-05	0.0046898	0.0077908	4.524e-06	0.01	0.0001215	0.0011851	0.0051068	0.01	4.0164e-05	0.00042116	0.0010949	0.0093615	0.00011899	0.01	0.00014417	0.00040157	1.665e-05	0.99702	
0.00014932	0.017406	0.95991	1.0861e-05	3.0285e-05	0.0046859	0.0077911	4.6018e-06	0.01	0.00012276	0.0011929	0.0051074	0.01	4.0291e-05	0.00041991	0.0010966	0.0093616	0.00011939	0.01	0.00014628	0.00040034	1.6622e-05	0.99686	
0.00014982	0.017364	0.96032	1.1e-05	3.0235e-05	0.0046821	0.0077914	4.6852e-06	0.01	0.00012404	0.0012008	0.005108	0.01	4.042e-05	0.00041868	0.0010984	0.0093617	0.0001198	0.01	0.00014842	0.00039912	1.6598e-05	0.99671	
0.00015031	0.017322	0.96069	1.1127e-05	3.0181e-05	0.0046782	0.0077917	4.7637e-06	0.01	0.0001253	0.0012088	0.0051087	0.01	4.0546e-05	0.00041743	0.0011001	0.0093618	0.0001202	0.01	0.00015054	0.0003979	1.6567e-05	0.99659	
0.00015083	0.017282	0.96136	1.1266e-05	3.0132e-05	0.0046745	0.0077921	4.8478e-06	0.01	0.00012659	0.0012169	0.0051094	0.01	4.0673e-05	0.0004162	0.0011019	0.0093618	0.00012062	0.01	0.00015269	0.00039669	1.6539e-05	0.99649	
0.00015133	0.017241	0.96198	1.1393e-05	3.0079e-05	0.0046708	0.0077924	4.9269e-06	0.01	0.00012787	0.0012251	0.00511	0.01	4.0797e-05	0.00041496	0.0011037	0.0093619	0.00012103	0.01	0.00015483	0.00039547	1.6504e-05	0.99641	
0.00015187	0.017201	0.96295	1.1533e-05	3.0032e-05	0.0046672	0.0077927	5.0118e-06	0.01	0.00012917	0.0012334	0.0051107	0.01	4.0923e-05	0.00041373	0.0011055	0.009362	0.00012146	0.01	0.00015698	0.00039426	1.6473e-05	0.99635	
0.00015239	0.017161	0.96386	1.1662e-05	2.998e-05	0.0046636	0.0077931	5.0917e-06	0.01	0.00013046	0.0012417	0.0051114	0.01	4.1044e-05	0.00041249	0.0011073	0.0093621	0.00012187	0.01	0.00015913	0.00039305	1.6435e-05	0.99631	
0.00015288	0.017121	0.96521	1.1803e-05	2.9935e-05	0.00466	0.0077934	5.1775e-06	0.01	0.00013177	0.0012502	0.0051122	0.01	4.1168e-05	0.00041125	0.0011091	0.0093622	0.0001223	0.01	0.0001613	0.00039184	1.64e-05	0.9963	
0.00015335	0.017082	0.96647	1.1932e-05	2.9885e-05	0.0046565	0.0077938	5.2583e-06	0.01	0.00013307	0.0012587	0.0051129	0.01	4.1288e-05	0.00041	0.0011109	0.0093622	0.00012272	0.01	0.00016345	0.00039063	1.6358e-05	0.9963	
0.00015379	0.017042	0.96765	1.205e-05	2.9831e-05	0.0046529	0.0077941	5.3342e-06	0.01	0.00013436	0.0012671	0.0051136	0.01	4.1404e-05	0.00040875	0.0011126	0.0093623	0.00012313	0.01	0.0001656	0.00038941	1.6311e-05	0.99632	
0.00015427	0.017004	0.96931	1.218e-05	2.9782e-05	0.0046495	0.0077945	5.4158e-06	0.01	0.00013568	0.0012757	0.0051143	0.01	4.1522e-05	0.00040751	0.0011144	0.0093624	0.00012356	0.01	0.00016776	0.0003882	1.6265e-05	0.99637	
0.00015474	0.016965	0.97087	1.2298e-05	2.9729e-05	0.004646	0.0077949	5.4924e-06	0.01	0.00013698	0.0012843	0.0051151	0.01	4.1635e-05	0.00040626	0.0011162	0.0093625	0.00012397	0.01	0.00016992	0.00038699	1.6214e-05	0.99643	
0.00015518	0.016926	0.97235	1.2404e-05	2.9672e-05	0.0046425	0.0077952	5.564e-06	0.01	0.00013827	0.0012929	0.0051158	0.01	4.1745e-05	0.00040501	0.001118	0.0093626	0.00012437	0.01	0.00017206	0.00038577	1.6155e-05	0.9965	
0.0001556	0.016887	0.97373	1.2498e-05	2.9611e-05	0.0046391	0.0077956	5.6417e-06	0.01	0.00013955	0.0013014	0.0051165	0.01	4.1856e-05	0.00040375	0.0011197	0.0093626	0.00012479	0.01	0.00017423	0.00038456	1.6091e-05	0.9966	
0.00015606	0.016848	0.97565	1.2606e-05	2.9555e-05	0.0046358	0.0077959	5.7255e-06	0.01	0.00014085	0.0013101	0.0051173	0.01	4.197e-05	0.0004025	0.0011215	0.0093627	0.00012522	0.01	0.00017642	0.00038336	1.6029e-05	0.99672	
0.00015648	0.016811	0.97828	1.2726e-05	2.9505e-05	0.0046326	0.0077963	5.8157e-06	0.01	0.00014218	0.001319	0.005118	0.01	4.2087e-05	0.00040125	0.0011233	0.0093628	0.00012567	0.01	0.00017863	0.00038217	1.5972e-05	0.99612	
0.00015688	0.016773	0.98076	1.2835e-05	2.9451e-05	0.0046294	0.0077967	5.9007e-06	0.01	0.00014349	0.001328	0.0051188	0.01	4.2199e-05	0.00039999	0.0011251	0.0093629	0.00012611	0.01	0.00018083	0.00038097	1.5908e-05	0.99553	
0.00015726	0.016736	0.98415	1.2958e-05	2.9402e-05	0.0046264	0.0077971	5.9926e-06	0.01	0.00014483	0.0013371	0.0051196	0.01	4.2314e-05	0.00039873	0.0011268	0.009363	0.00012657	0.01	0.00018305	0.00037978	1.5847e-05	0.99498	
0.00015762	0.0167	0.98735	1.3068e-05	2.935e-05	0.0046233	0.0077975	6.0792e-06	0.01	0.00014616	0.0013462	0.0051204	0.01	4.2425e-05	0.00039746	0.0011286	0.009363	0.00012701	0.01	0.00018526	0.00037859	1.578e-05	0.99444	
0.00015802	0.016663	0.98798	1.3192e-05	2.9303e-05	0.0046203	0.0077979	6.1725e-06	0.01	0.00014751	0.0013556	0.0051213	0.01	4.2538e-05	0.0003962	0.0011303	0.0093631	0.00012747	0.01	0.00018749	0.0003774	1.5715e-05	0.99393	
0.00015839	0.016627	0.98858	1.3304e-05	2.9251e-05	0.0046173	0.0077983	6.2606e-06	0.01	0.00014885	0.0013649	0.0051221	0.01	4.2647e-05	0.00039493	0.0011321	0.0093632	0.00012792	0.01	0.00018971	0.00037621	1.5644e-05	0.99343	
0.00015881	0.016592	0.98943	1.343e-05	2.9206e-05	0.0046144	0.0077987	6.3555e-06	0.01	0.00015022	0.0013744	0.0051229	0.01	4.2758e-05	0.00039367	0.0011339	0.0093633	0.00012839	0.01	0.00019195	0.00037503	1.5576e-05	0.99297	
0.0001592	0.016556	0.99024	1.3544e-05	2.9156e-05	0.0046115	0.0077992	6.4452e-06	0.01	0.00015157	0.0013839	0.0051238	0.01	4.2865e-05	0.00039241	0.0011357	0.0093634	0.00012884	0.01	0.00019419	0.00037384	1.5502e-05	0.99251	
0.00015957	0.01652	0.99101	1.3645e-05	2.9101e-05	0.0046085	0.0077996	6.5296e-06	0.01	0.00015291	0.0013934	0.0051246	0.01	4.2967e-05	0.00039114	0.0011375	0.0093635	0.00012929	0.01	0.00019641	0.00037264	1.542e-05	0.99206	
0.00015992	0.016484	0.99173	1.3734e-05	2.9042e-05	0.0046055	0.0078	6.6088e-06	0.01	0.00015424	0.0014027	0.0051254	0.01	4.3066e-05	0.00038987	0.0011392	0.0093636	0.00012972	0.01	0.00019862	0.00037145	1.5332e-05	0.99163	
0.00016025	0.016448	0.99242	1.3811e-05	2.8979e-05	0.0046025	0.0078004	6.6828e-06	0.01	0.00015556	0.0014121	0.0051263	0.01	4.316e-05	0.00038859	0.001141	0.0093636	0.00013014	0.01	0.00020082	0.00037024	1.5238e-05	0.9912	
0.00016056	0.016413	0.99306	1.3798e-05	2.8922e-05	0.0045995	0.0078008	6.7514e-06	0.01	0.00015691	0.0014217	0.0051271	0.01	4.3249e-05	0.00038731	0.0011427	0.0093637	0.00013056	0.01	0.00020301	0.00036903	1.6208e-05	0.99065	
0.0001609	0.016379	0.99397	1.3801e-05	2.8871e-05	0.0045966	0.0078012	6.8271e-06	0.01	0.00015828	0.0014315	0.005128	0.01	4.3342e-05	0.00038603	0.0011445	0.0093638	0.00013098	0.01	0.00020522	0.00036783	1.7195e-05	0.99013	
0.00016129	0.016345	0.99405	1.3818e-05	2.8826e-05	0.0045938	0.0078017	6.9103e-06	0.01	0.00015967	0.0014417	0.0051289	0.01	4.3437e-05	0.00038477	0.0011463	0.0093639	0.00013143	0.01	0.00020745	0.00036664	1.8199e-05	0.98964	
0.00016166	0.016311	0.99411	1.3822e-05	2.8777e-05	0.004591	0.0078021	6.9881e-06	0.01	0.00016106	0.0014518	0.0051298	0.01	4.3527e-05	0.0003835	0.0011481	0.009364	0.00013186	0.01	0.00020968	0.00036544	1.9193e-05	0.98916	
0.00016207	0.016278	0.9943	1.3841e-05	2.8733e-05	0.0045883	0.0078026	7.0735e-06	0.01	0.00016247	0.0014621	0.0051308	0.01	4.3621e-05	0.00038224	0.0011499	0.0093641	0.00013232	0.01	0.00021193	0.00036425	2.0206e-05	0.98872	
0.00016245	0.016245	0.99447	1.3848e-05	2.8685e-05	0.0045856	0.0078031	7.1535e-06	0.01	0.00016387	0.0014724	0.0051317	0.01	4.371e-05	0.00038097	0.0011518	0.0093642	0.00013276	0.01	0.00021417	0.00036306	2.1209e-05	0.98828	
0.00016288	0.016213	0.99477	1.3869e-05	2.8643e-05	0.0045829	0.0078035	7.2411e-06	0.01	0.00016529	0.001483	0.0051327	0.01	4.3802e-05	0.00037971	0.0011537	0.0093643	0.00013321	0.01	0.00021643	0.00036187	2.223e-05	0.98788	
0.00016334	0.016181	0.99523	1.3904e-05	2.8606e-05	0.0045804	0.007804	7.336e-06	0.01	0.00016674	0.0014939	0.0051337	0.01	4.3896e-05	0.00037846	0.0011556	0.0093644	0.00013369	0.01	0.00021871	0.00036069	2.3268e-05	0.98751	
0.00016385	0.016151	0.99513	1.3952e-05	2.8575e-05	0.004578	0.0078046	7.4387e-06	0.01	0.00016822	0.001505	0.0051348	0.01	4.3993e-05	0.00037722	0.0011576	0.0093645	0.00013418	0.01	0.00022102	0.00035952	2.4323e-05	0.98718	
0.00016434	0.01612	0.99503	1.3989e-05	2.854e-05	0.0045756	0.0078051	7.5361e-06	0.01	0.00016968	0.0015161	0.0051358	0.01	4.4085e-05	0.00037597	0.0011595	0.0093646	0.00013466	0.01	0.00022332	0.00035835	2.537e-05	0.98686	
0.00016486	0.016089	0.99503	1.404e-05	2.851e-05	0.0045733	0.0078056	7.6415e-06	0.01	0.00017118	0.0015275	0.0051369	0.01	4.418e-05	0.00037474	0.0011615	0.0093647	0.00013516	0.01	0.00022564	0.00035718	2.6435e-05	0.98656	
0.00016537	0.016059	0.99502	1.4079e-05	2.8476e-05	0.004571	0.0078061	7.7416e-06	0.01	0.00017266	0.0015388	0.0051379	0.01	4.4271e-05	0.00037349	0.0011635	0.0093649	0.00013564	0.01	0.00022795	0.00035601	2.7492e-05	0.98628	
0.00016592	0.016029	0.99512	1.4132e-05	2.8447e-05	0.0045688	0.0078066	7.8496e-06	0.01	0.00017416	0.0015505	0.005139	0.01	4.4364e-05	0.00037226	0.0011655	0.009365	0.00013614	0.01	0.00023029	0.00035485	2.8567e-05	0.98603	
0.00016651	0.015999	0.99519	1.4172e-05	2.8415e-05	0.0045665	0.0078072	7.9521e-06	0.01	0.00017566	0.001562	0.0051401	0.01	4.4453e-05	0.00037103	0.0011676	0.0093651	0.00013664	0.01	0.00023261	0.00035368	2.9633e-05	0.98579	
0.00016707	0.015969	0.99525	1.42e-05	2.8377e-05	0.0045643	0.0078077	8.0493e-06	0.01	0.00017715	0.0015735	0.0051412	0.01	4.4538e-05	0.0003698	0.0011697	0.0093652	0.00013712	0.01	0.00023493	0.0003525	3.069e-05	0.98556	
0.00016768	0.01594	0.99541	1.4243e-05	2.8346e-05	0.0045621	0.0078083	8.1548e-06	0.01	0.00017866	0.0015853	0.0051423	0.01	4.4625e-05	0.00036858	0.0011718	0.0093654	0.00013762	0.01	0.00023727	0.00035134	3.1766e-05	0.98537	
0.00016827	0.015911	0.99557	1.4273e-05	2.831e-05	0.0045599	0.0078088	8.2549e-06	0.01	0.00018016	0.0015971	0.0051434	0.01	4.4709e-05	0.00036735	0.0011739	0.0093655	0.0001381	0.01	0.00023959	0.00035016	3.2834e-05	0.98518	
0.0001689	0.015882	0.99523	1.4317e-05	2.828e-05	0.0045579	0.0078094	8.3632e-06	0.01	0.00018169	0.0016091	0.0051445	0.01	4.4794e-05	0.00036613	0.0011761	0.0093656	0.00013861	0.01	0.00024195	0.000349	3.392e-05	0.98502	
0.00016957	0.015854	0.99503	1.4376e-05	2.8255e-05	0.0045559	0.0078099	8.4802e-06	0.01	0.00018324	0.0016215	0.0051457	0.01	4.4883e-05	0.00036492	0.0011782	0.0093658	0.00013913	0.01	0.00024432	0.00034785	3.5027e-05	0.9849	
0.00017022	0.015826	0.99481	1.4423e-05	2.8226e-05	0.0045539	0.0078105	8.5918e-06	0.01	0.00018479	0.0016338	0.0051469	0.01	4.4967e-05	0.0003637	0.0011804	0.0093659	0.00013964	0.01	0.00024669	0.00034668	3.6124e-05	0.98479	
0.00017085	0.015798	0.99458	1.4457e-05	2.8193e-05	0.0045521	0.0078111	8.6978e-06	0.01	0.00018632	0.001646	0.005148	0.01	4.5054e-05	0.00036248	0.0011826	0.0093661	0.00014014	0.01	0.00024905	0.00034552	3.7212e-05	0.98469	
0.00017153	0.01577	0.99446	1.4506e-05	2.8165e-05	0.0045503	0.0078116	8.8125e-06	0.01	0.00018788	0.0016585	0.0051492	0.01	4.5143e-05	0.00036127	0.0011848	0.0093662	0.00014066	0.01	0.00025143	0.00034436	3.8321e-05	0.98462	
0.00017217	0.015743	0.99433	1.4542e-05	2.8133e-05	0.0045485	0.0078122	8.9216e-06	0.01	0.00018943	0.001671	0.0051504	0.01	4.5228e-05	0.00036005	0.001187	0.0093664	0.00014117	0.01	0.0002538	0.0003432	3.942e-05	0.98456	
0.0001729	0.015716	0.99432	1.4593e-05	2.8106e-05	0.0045468	0.0078128	9.0397e-06	0.01	0.000191	0.0016838	0.0051516	0.01	4.5316e-05	0.00035882	0.0011892	0.0093665	0.00014169	0.01	0.00025619	0.00034204	4.0539e-05	0.98453	
0.0001736	0.015689	0.99429	1.4632e-05	2.8075e-05	0.0045451	0.0078134	9.1522e-06	0.01	0.00019257	0.0016966	0.0051528	0.01	4.54e-05	0.0003576	0.0011913	0.0093667	0.00014221	0.01	0.00025858	0.00034088	4.1649e-05	0.98451	
0.00017435	0.015662	0.99437	1.4685e-05	2.805e-05	0.0045435	0.007814	9.2739e-06	0.01	0.00019416	0.0017096	0.005154	0.01	4.5486e-05	0.00035637	0.0011935	0.0093668	0.00014274	0.01	0.00026099	0.00033973	4.278e-05	0.98453	
0.00017514	0.015636	0.99386	1.4754e-05	2.803e-05	0.0045421	0.0078146	9.4056e-06	0.01	0.00019579	0.0017082	0.0051553	0.01	4.5575e-05	0.00035516	0.0011958	0.009367	0.00014329	0.01	0.00026343	0.00033858	4.3939e-05	0.98271	
0.00017591	0.01561	0.99331	1.481e-05	2.8006e-05	0.0045406	0.0078153	9.5316e-06	0.01	0.0001974	0.0017067	0.0051566	0.01	4.566e-05	0.00035394	0.001198	0.0093671	0.00014383	0.01	0.00026585	0.00033743	4.5088e-05	0.98088	
0.00017666	0.015584	0.99275	1.4854e-05	2.7978e-05	0.004539	0.0078159	9.6518e-06	0.01	0.000199	0.0017052	0.0051578	0.01	4.574e-05	0.00035272	0.0012002	0.0093673	0.00014435	0.01	0.00026827	0.00033628	4.6228e-05	0.97904	
0.00017738	0.015558	0.99215	1.4886e-05	2.7946e-05	0.0045375	0.0078165	9.7664e-06	0.01	0.00020059	0.0017036	0.0051591	0.01	4.5817e-05	0.00035149	0.0012024	0.0093674	0.00014487	0.01	0.00027067	0.00033512	4.7359e-05	0.97719	
0.00017809	0.015532	0.99153	1.4905e-05	2.7909e-05	0.0045359	0.0078171	9.8754e-06	0.01	0.00020217	0.001702	0.0051603	0.01	4.5888e-05	0.00035026	0.0012046	0.0093676	0.00014538	0.01	0.00027306	0.00033395	4.8482e-05	0.97533	
0.00017877	0.015506	0.99087	1.4912e-05	2.7868e-05	0.0045343	0.0078177	9.979e-06	0.01	0.00020374	0.0017003	0.0051615	0.01	4.5956e-05	0.00034902	0.0012068	0.0093677	0.00014587	0.01	0.00027545	0.00033278	4.9595e-05	0.97347	
0.00017943	0.015479	0.99017	1.4907e-05	2.7823e-05	0.0045327	0.0078183	1.0077e-05	0.01	0.00020529	0.0016987	0.0051627	0.01	4.602e-05	0.00034778	0.001209	0.0093679	0.00014636	0.01	0.00027782	0.0003316	5.07e-05	0.97159	
0.00018013	0.015454	0.9897	1.4917e-05	2.7783e-05	0.0045312	0.0078189	1.0184e-05	0.01	0.00020688	0.0016971	0.005164	0.01	4.6086e-05	0.00034654	0.0012112	0.009368	0.00014686	0.01	0.00028022	0.00033044	5.1825e-05	0.96976	
0.00018088	0.015428	0.98941	1.4941e-05	2.7749e-05	0.0045298	0.0078195	1.0301e-05	0.01	0.00020849	0.0016957	0.0051652	0.01	4.6154e-05	0.00034532	0.0012134	0.0093682	0.00014738	0.01	0.00028264	0.00032927	5.2973e-05	0.96799	
0.00018168	0.015404	0.98928	1.498e-05	2.772e-05	0.0045285	0.0078202	1.0428e-05	0.01	0.00021014	0.0016945	0.0051666	0.01	4.6226e-05	0.0003441	0.0012157	0.0093683	0.00014792	0.01	0.00028509	0.00032812	5.4142e-05	0.96628	
0.00018251	0.01538	0.98929	1.5033e-05	2.7696e-05	0.0045273	0.0078208	1.0565e-05	0.01	0.00021181	0.0016934	0.0051679	0.01	4.63e-05	0.00034289	0.0012181	0.0093685	0.00014848	0.01	0.00028757	0.00032698	5.5333e-05	0.96461	
0.0001834	0.015357	0.98833	1.5101e-05	2.7678e-05	0.0045262	0.0078215	1.0711e-05	0.01	0.00021351	0.0016925	0.0051693	0.01	4.6376e-05	0.00034168	0.0012205	0.0093687	0.00014905	0.01	0.00029007	0.00032584	5.6546e-05	0.96299	
0.00018426	0.015333	0.98732	1.5156e-05	2.7655e-05	0.0045251	0.0078222	1.0852e-05	0.01	0.0002152	0.0016915	0.0051707	0.01	4.6448e-05	0.00034047	0.0012229	0.0093689	0.00014961	0.01	0.00029256	0.00032469	5.775e-05	0.96137	
0.00018516	0.01531	0.98661	1.5226e-05	2.7637e-05	0.0045241	0.0078229	1.1003e-05	0.01	0.00021692	0.0016907	0.0051721	0.01	4.6523e-05	0.00033927	0.0012253	0.009369	0.00015019	0.01	0.00029508	0.00032356	5.8976e-05	0.95979	
0.00018605	0.015287	0.98585	1.5283e-05	2.7616e-05	0.0045231	0.0078236	1.1149e-05	0.01	0.00021863	0.0016898	0.0051735	0.01	4.6593e-05	0.00033806	0.0012277	0.0093692	0.00015076	0.01	0.00029759	0.00032242	6.0194e-05	0.95821	
0.00018691	0.015264	0.98504	1.7906e-05	2.759e-05	0.004522	0.0078242	1.1288e-05	0.01	0.00022033	0.0016889	0.0051749	0.01	4.6659e-05	0.00033685	0.0012301	0.0093694	0.00015132	0.01	0.00030009	0.00032127	6.1402e-05	0.95661	
0.00018782	0.015242	0.9845	2.0647e-05	2.7569e-05	0.0045211	0.0078249	1.1439e-05	0.01	0.00022206	0.0016882	0.0051763	0.01	4.6728e-05	0.00033565	0.0012326	0.0093696	0.0001519	0.01	0.00030261	0.00032013	6.2634e-05	0.95507	
0.0001887	0.015219	0.98392	2.3359e-05	2.7544e-05	0.0045201	0.0078256	1.1583e-05	0.01	0.00022378	0.0016874	0.0051777	0.01	4.6793e-05	0.00033444	0.001235	0.0093698	0.00015247	0.01	0.00030513	0.00031898	6.3857e-05	0.95351	
0.00018957	0.015197	0.9833	2.6042e-05	2.7516e-05	0.0045191	0.0078263	1.1722e-05	0.01	0.00022548	0.0016866	0.0051791	0.01	4.6853e-05	0.00033323	0.0012374	0.0093699	0.00015302	0.01	0.00030763	0.00031784	6.5071e-05	0.95195	
0.00019048	0.015175	0.98292	2.8842e-05	2.7492e-05	0.0045182	0.007827	1.1872e-05	0.01	0.00022722	0.0016859	0.0051806	0.01	4.6916e-05	0.00033202	0.0012399	0.0093701	0.0001536	0.01	0.00031016	0.00031669	6.6308e-05	0.95044	
0.00019143	0.015153	0.98272	3.1767e-05	2.7473e-05	0.0045175	0.0078277	1.2032e-05	0.01	0.00022899	0.0016854	0.005182	0.01	4.6981e-05	0.00033082	0.0012424	0.0093703	0.00015419	0.01	0.00031272	0.00031556	6.7569e-05	0.94898	
0.00020367	0.015132	0.9825	3.466e-05	2.745e-05	0.0045167	0.0078285	1.2187e-05	0.01	0.00023074	0.0016848	0.0051835	0.01	4.7043e-05	0.00032962	0.0012449	0.0093705	0.00015477	0.01	0.00031527	0.00031442	6.882e-05	0.9475	
0.00021585	0.01511	0.98225	3.7524e-05	2.7423e-05	0.0045158	0.0078292	1.2336e-05	0.01	0.00023249	0.0016842	0.0051849	0.01	4.71e-05	0.00032841	0.0012474	0.0093707	0.00015534	0.01	0.0003178	0.00031327	7.0063e-05	0.94602	
0.00022832	0.015089	0.98219	4.0519e-05	2.7402e-05	0.0045151	0.0078299	1.2496e-05	0.01	0.00023427	0.0016837	0.0051864	0.01	4.7159e-05	0.00032721	0.0012499	0.0093709	0.00015593	0.01	0.00032037	0.00031213	7.133e-05	0.94459	
0.00024067	0.015068	0.98233	4.3651e-05	2.7385e-05	0.0045145	0.0078306	1.2669e-05	0.01	0.00023608	0.0016834	0.005188	0.01	4.7222e-05	0.000326	0.0012524	0.0093711	0.00015654	0.01	0.00032296	0.000311	7.2622e-05	0.94321	
0.00025296	0.015048	0.98243	4.6751e-05	2.7365e-05	0.0045139	0.0078314	1.2835e-05	0.01	0.00023787	0.0016831	0.0051895	0.01	4.728e-05	0.00032479	0.0012549	0.0093713	0.00015714	0.01	0.00032554	0.00030987	7.3905e-05	0.94182	
0.00026555	0.015028	0.98273	4.999e-05	2.735e-05	0.0045134	0.0078321	1.3013e-05	0.01	0.0002397	0.0016829	0.005191	0.01	4.734e-05	0.00032358	0.0012575	0.0093715	0.00015775	0.01	0.00032816	0.00030874	7.5213e-05	0.94048	
0.00027846	0.015008	0.98297	5.3196e-05	2.733e-05	0.0045128	0.0078329	1.3185e-05	0.01	0.00024152	0.0016826	0.0051926	0.01	4.7397e-05	0.00032239	0.0012601	0.0093717	0.00015836	0.01	0.00033076	0.0003076	7.6512e-05	0.93912	
0.0002913	0.014987	0.98318	5.6369e-05	2.7306e-05	0.0045122	0.0078336	1.3351e-05	0.01	0.00024333	0.0016824	0.0051941	0.01	4.7449e-05	0.00032119	0.0012627	0.0093719	0.00015895	0.01	0.00033334	0.00030646	7.7801e-05	0.93776	
0.00030446	0.014968	0.98359	5.9685e-05	2.7288e-05	0.0045118	0.0078344	1.3529e-05	0.01	0.00024517	0.0016822	0.0051957	0.01	4.7504e-05	0.00031999	0.0012653	0.0093721	0.00015956	0.01	0.00033596	0.00030533	7.9116e-05	0.93645	
0.00031756	0.014948	0.98397	6.2968e-05	2.7265e-05	0.0045113	0.0078352	1.3701e-05	0.01	0.00024699	0.0016821	0.0051972	0.01	4.7554e-05	0.00031879	0.0012679	0.0093723	0.00016017	0.01	0.00033857	0.00030419	8.0421e-05	0.93512	
0.00033059	0.014928	0.98432	6.6218e-05	2.7238e-05	0.0045107	0.0078359	1.3867e-05	0.01	0.00024881	0.0016819	0.0051988	0.01	4.7601e-05	0.00031759	0.0012705	0.0093725	0.00016076	0.01	0.00034116	0.00030305	8.1717e-05	0.93379	
0.00034395	0.014909	0.98489	6.9619e-05	2.7216e-05	0.0045103	0.0078367	1.4046e-05	0.01	0.00025066	0.0016818	0.0052003	0.01	4.765e-05	0.00031639	0.0012732	0.0093727	0.00016137	0.01	0.00034379	0.00030191	8.3039e-05	0.93251	
0.00035725	0.014889	0.98542	7.2985e-05	2.7191e-05	0.0045099	0.0078375	1.4219e-05	0.01	0.0002525	0.0016817	0.0052019	0.01	4.7695e-05	0.00031519	0.0012758	0.0093729	0.00016197	0.01	0.0003464	0.00030077	8.4352e-05	0.93121	
0.00037088	0.014871	0.98622	7.651e-05	2.717e-05	0.0045096	0.0078383	1.4404e-05	0.01	0.00025437	0.0016818	0.0052035	0.01	4.7742e-05	0.00031399	0.0012785	0.0093732	0.00016259	0.01	0.00034904	0.00029964	8.5692e-05	0.92997	
0.00038485	0.014852	0.98734	8.0199e-05	2.7155e-05	0.0045094	0.0078391	1.4603e-05	0.01	0.00025627	0.001682	0.0052051	0.01	4.7792e-05	0.00031281	0.0012813	0.0093734	0.00016323	0.01	0.00035172	0.00029851	8.7059e-05	0.92877	
0.00039876	0.014834	0.9884	8.3852e-05	2.7136e-05	0.0045091	0.0078399	1.4795e-05	0.01	0.00025817	0.0016821	0.0052068	0.01	4.7838e-05	0.00031161	0.001284	0.0093736	0.00016386	0.01	0.00035438	0.00029738	8.8417e-05	0.92757	
0.00041301	0.014816	0.98986	8.7676e-05	2.7121e-05	0.004509	0.0078407	1.5002e-05	0.01	0.0002601	0.0016824	0.0052084	0.01	4.7887e-05	0.00031043	0.0012868	0.0093738	0.0001645	0.01	0.00035708	0.00029626	8.9802e-05	0.92642	
0.00042762	0.014799	0.99186	9.1681e-05	2.7113e-05	0.0045089	0.0078415	1.5222e-05	0.01	0.00026206	0.0016829	0.0052101	0.01	4.7938e-05	0.00030925	0.0012896	0.0093741	0.00016517	0.01	0.0003598	0.00029514	9.1216e-05	0.92531	
0.00044259	0.014782	0.99221	9.5868e-05	2.7109e-05	0.004509	0.0078424	1.5456e-05	0.01	0.00026406	0.0016835	0.0052119	0.01	4.7992e-05	0.00030808	0.0012925	0.0093743	0.00016586	0.01	0.00036255	0.00029403	9.2658e-05	0.92426	
0.00045749	0.014765	0.99255	0.00010002	2.7101e-05	0.0045091	0.0078432	1.5684e-05	0.01	0.00026605	0.0016841	0.0052136	0.01	4.8042e-05	0.0003069	0.0012954	0.0093745	0.00016653	0.01	0.0003653	0.00029291	9.409e-05	0.92319	
0.00047275	0.014749	0.99306	0.00010435	2.7098e-05	0.0045092	0.0078441	1.5926e-05	0.01	0.00026807	0.0016848	0.0052154	0.01	4.8095e-05	0.00030573	0.0012983	0.0093748	0.00016723	0.01	0.00036807	0.0002918	9.555e-05	0.92218	
0.00048795	0.014732	0.99354	0.00010865	2.7091e-05	0.0045094	0.0078449	1.6162e-05	0.01	0.00027008	0.0016855	0.0052171	0.01	4.8143e-05	0.00030456	0.0013012	0.009375	0.00016791	0.01	0.00037083	0.00029069	9.7001e-05	0.92115	
0.00050307	0.014716	0.994	0.0001129	2.708e-05	0.0045095	0.0078458	1.6391e-05	0.01	0.00027208	0.0016861	0.0052189	0.01	4.8187e-05	0.00030338	0.0013041	0.0093753	0.00016859	0.01	0.00037359	0.00028957	9.8442e-05	0.92011	
0.00051858	0.0147	0.99466	0.00011736	2.7074e-05	0.0045097	0.0078466	1.6636e-05	0.01	0.00027412	0.0016869	0.0052206	0.01	4.8233e-05	0.00030221	0.001307	0.0093755	0.00016928	0.01	0.00037637	0.00028846	9.9913e-05	0.91912	
0.00053402	0.014683	0.99529	0.00012177	2.7064e-05	0.0045099	0.0078475	1.9609e-05	0.01	0.00027614	0.0016877	0.0052224	0.01	4.8276e-05	0.00030103	0.00131	0.0093758	0.00016997	0.01	0.00037914	0.00028734	0.00010137	0.91812	
0.00054984	0.014668	0.99616	0.00012639	2.7059e-05	0.0045102	0.0078484	2.2714e-05	0.01	0.0002782	0.0016886	0.0052242	0.01	4.8321e-05	0.00029986	0.0013129	0.009376	0.00017067	0.01	0.00038194	0.00028623	0.00010286	0.91717	
0.00056605	0.014653	0.99626	0.00013123	2.7059e-05	0.0045106	0.0078493	2.5959e-05	0.01	0.0002803	0.0016896	0.0052261	0.01	4.8369e-05	0.0002987	0.001316	0.0093763	0.00017139	0.01	0.00038478	0.00028512	0.00010439	0.91627	
0.00058219	0.014638	0.99636	0.00013602	2.7056e-05	0.004511	0.0078502	2.9175e-05	0.01	0.00028238	0.0016906	0.0052279	0.01	4.8412e-05	0.00029753	0.001319	0.0093765	0.00017211	0.01	0.0003876	0.00028401	0.0001059	0.91535	
0.00059826	0.014622	0.99645	0.00014076	2.7047e-05	0.0045113	0.0078511	3.2364e-05	0.01	0.00028446	0.0016916	0.0052297	0.01	4.8451e-05	0.00029636	0.001322	0.0093768	0.00017281	0.01	0.00039042	0.0002829	0.0001074	0.91443	
0.00061473	0.014608	0.99664	0.00014573	2.7044e-05	0.0045118	0.007852	3.5697e-05	0.01	0.00028657	0.0016927	0.0052316	0.01	4.8493e-05	0.00029519	0.0013251	0.0093771	0.00017353	0.01	0.00039326	0.00028179	0.00010893	0.91355	
0.00063163	0.014593	0.99694	0.00015094	2.7047e-05	0.0045124	0.0078529	3.63e-05	0.01	0.00028872	0.001694	0.0052334	0.01	4.8538e-05	0.00029403	0.0013282	0.0093773	0.00017427	0.01	0.00039614	0.00028069	0.0001105	0.91273	
0.00064845	0.014579	0.99724	0.0001561	2.7045e-05	0.0045129	0.0078538	3.6892e-05	0.01	0.00029085	0.0016953	0.0052353	0.01	4.8579e-05	0.00029287	0.0013313	0.0093776	0.00017501	0.01	0.00039901	0.00027958	0.00011205	0.91189	
0.00066518	0.014565	0.99751	0.00016121	2.7039e-05	0.0045134	0.0078547	3.7474e-05	0.01	0.00029298	0.0016964	0.0052372	0.01	4.8615e-05	0.0002917	0.0013343	0.0093778	0.00017573	0.01	0.00040186	0.00027847	0.00011359	0.91104	
0.00068237	0.01455	0.99743	0.00016625	2.7029e-05	0.0045141	0.0078556	3.8091e-05	0.01	0.00029508	0.0016976	0.0052391	0.01	4.8654e-05	0.00029054	0.0013375	0.0093781	0.00017647	0.01	0.00040475	0.00027737	0.00011513	0.91018	
0.00069947	0.014535	0.99734	0.00017123	2.7013e-05	0.0045147	0.0078565	3.8697e-05	0.01	0.00029718	0.0016987	0.0052409	0.01	4.8689e-05	0.00028937	0.0013406	0.0093784	0.0001772	0.01	0.00040763	0.00027626	0.00011664	0.9093	
0.00071702	0.014521	0.99734	0.00017647	2.7004e-05	0.0045154	0.0078574	3.9339e-05	0.01	0.00029931	0.0017	0.0052428	0.01	4.8727e-05	0.00028821	0.0013438	0.0093787	0.00017796	0.01	0.00041054	0.00027516	0.0001182	0.90847	
0.00073448	0.014507	0.99733	0.00018165	2.699e-05	0.0045161	0.0078584	3.997e-05	0.01	0.00030144	0.0017013	0.0052446	0.01	4.8761e-05	0.00028705	0.0013469	0.0093789	0.0001787	0.01	0.00041345	0.00027405	0.00011974	0.90763	
0.00075185	0.014493	0.99732	0.00018677	2.6971e-05	0.0045168	0.0078593	4.059e-05	0.01	0.00030354	0.0017025	0.0052465	0.01	4.879e-05	0.00028588	0.0013501	0.0093792	0.00017943	0.01	0.00041633	0.00027293	0.00012127	0.90678	
0.00076967	0.014479	0.99683	0.00019215	2.6958e-05	0.0045176	0.0078602	4.1245e-05	0.01	0.00030569	0.0017038	0.0052484	0.01	4.8822e-05	0.00028472	0.0013533	0.0093795	0.00018019	0.01	0.00041926	0.00027183	0.00012284	0.90597	
0.00078741	0.014465	0.99631	0.00019747	2.6941e-05	0.0045183	0.0078611	4.189e-05	0.01	0.00030783	0.0017051	0.0052503	0.01	4.885e-05	0.00028355	0.0013564	0.0093798	0.00018093	0.01	0.00042217	0.00027071	0.00012439	0.90516	
0.00080561	0.014452	0.99595	0.00020306	2.6929e-05	0.0045192	0.007862	4.2571e-05	0.01	0.00031	0.0017066	0.0052522	0.01	4.8881e-05	0.00028239	0.0013597	0.00938	0.00018169	0.01	0.00042511	0.00026961	0.00012598	0.90439	
0.00082431	0.014439	0.99573	0.00020893	2.6923e-05	0.0045202	0.007863	4.3292e-05	0.01	0.00031222	0.0017082	0.0052542	0.01	4.8915e-05	0.00028123	0.001363	0.0093803	0.00018248	0.01	0.0004281	0.00026851	0.0001276	0.90368	
0.00084351	0.014426	0.99562	0.00021511	2.6923e-05	0.0045213	0.007864	4.4055e-05	0.01	0.00031448	0.00171	0.0052562	0.01	4.8952e-05	0.00028009	0.0013663	0.0093806	0.00018329	0.01	0.00043112	0.00026742	0.00012926	0.90302	
0.00086262	0.014414	0.99549	0.00022121	2.6919e-05	0.0045224	0.0078649	4.4805e-05	0.01	0.00031673	0.0017118	0.0052582	0.01	4.8984e-05	0.00027894	0.0013697	0.0093809	0.00018409	0.01	0.00043413	0.00026632	0.00013091	0.90235	
0.00088161	0.014401	0.99536	0.00022725	2.691e-05	0.0045234	0.0078659	4.5543e-05	0.01	0.00031897	0.0017135	0.0052601	0.01	4.9013e-05	0.00027778	0.001373	0.0093812	0.00018488	0.01	0.00043712	0.00026522	0.00013255	0.90166	
0.0009005	0.014389	0.99521	0.00023322	2.6897e-05	0.0045244	0.0078669	4.6268e-05	0.01	0.00032119	0.0017152	0.0052621	0.01	4.9036e-05	0.00027662	0.0013763	0.0093815	0.00018566	0.01	0.0004401	0.00026412	0.00013417	0.90096	
0.00091928	0.014376	0.99505	0.00023911	2.6879e-05	0.0045254	0.0078678	4.6981e-05	0.01	0.00032339	0.0017168	0.0052641	0.01	4.9055e-05	0.00027545	0.0013796	0.0093818	0.00018642	0.01	0.00044307	0.000263	0.00013584	0.90032	
0.00093858	0.014364	0.995	0.00024531	2.6867e-05	0.0045265	0.0078688	4.7737e-05	0.01	0.00032564	0.0017186	0.0052661	0.01	4.9077e-05	0.00027429	0.0013829	0.0093821	0.0001872	0.01	0.00044608	0.0002619	0.00013755	0.89974	
0.00095778	0.014352	0.99494	0.00025144	2.6851e-05	0.0045276	0.0078698	4.8481e-05	0.01	0.00032787	0.0017203	0.005268	0.01	4.9095e-05	0.00027312	0.0013863	0.0093824	0.00018798	0.01	0.00044907	0.00026078	0.00013925	0.89913	
0.00097751	0.01434	0.99499	0.00025789	2.6841e-05	0.0045288	0.0078707	4.9268e-05	0.01	0.00033015	0.0017223	0.0052701	0.01	4.9116e-05	0.00027197	0.0013896	0.0093827	0.00018878	0.01	0.0004521	0.00025968	0.00014099	0.89859	
0.00099778	0.014329	0.99515	0.00026468	2.6837e-05	0.0045301	0.0078717	5.01e-05	0.01	0.00033248	0.0017243	0.0052721	0.01	4.9141e-05	0.00027081	0.0013931	0.009383	0.0001896	0.01	0.00045517	0.00025858	0.00014276	0.89809	
0.0010179	0.014317	0.9953	0.00027139	2.6828e-05	0.0045314	0.0078727	5.092e-05	0.01	0.00033479	0.0017264	0.0052742	0.01	4.9161e-05	0.00026966	0.0013965	0.0093833	0.00019042	0.01	0.00045823	0.00025748	0.00014453	0.89758	
0.0010387	0.014306	0.99557	0.00027845	2.6825e-05	0.0045328	0.0078738	5.1786e-05	0.01	0.00033715	0.0017286	0.0052763	0.01	4.9184e-05	0.00026851	0.0014	0.0093836	0.00019125	0.01	0.00046132	0.00025639	0.00014633	0.89713	
0.00106	0.014296	0.996	0.00028589	2.6828e-05	0.0045343	0.0078748	5.2702e-05	0.01	0.00033955	0.001731	0.0052784	0.01	4.9211e-05	0.00026737	0.0014036	0.0093839	0.00019212	0.01	0.00046446	0.0002553	0.00014818	0.89673	
0.0010811	0.014285	0.9964	0.00029323	2.6827e-05	0.0045358	0.0078758	5.3603e-05	0.01	0.00034194	0.0017333	0.0052805	0.01	4.9232e-05	0.00026622	0.0014071	0.0093843	0.00019297	0.01	0.00046758	0.0002542	0.00015001	0.89631	
0.0011021	0.014275	0.99676	0.00030046	2.682e-05	0.0045372	0.0078768	5.4485e-05	0.01	0.00034431	0.0017356	0.0052826	0.01	4.9249e-05	0.00026507	0.0014106	0.0093846	0.0001938	0.01	0.00047069	0.0002531	0.00015183	0.89587	
0.0011229	0.014264	0.99708	0.00030755	2.6807e-05	0.0045386	0.0078779	5.5347e-05	0.01	0.00034666	0.0017378	0.0052847	0.01	4.926e-05	0.00026391	0.0014141	0.0093849	0.0002037	0.01	0.00047377	0.00025199	0.00015363	0.89541	
0.0011416	0.014253	0.99737	0.00031449	2.6788e-05	0.00454	0.0078789	5.6185e-05	0.01	0.00034898	0.0017399	0.0052867	0.01	4.9266e-05	0.00026276	0.0014177	0.0093852	0.00021353	0.01	0.00047684	0.00025088	0.0001554	0.89492	
0.0011599	0.014243	0.99787	0.00032194	2.6777e-05	0.0045415	0.0078799	5.7092e-05	0.01	0.00035136	0.0017423	0.0052889	0.01	4.9277e-05	0.0002616	0.0014212	0.0093855	0.00022359	0.01	0.00047995	0.00024977	0.00015723	0.89451	
0.0011781	0.014232	0.99831	0.00032922	2.6761e-05	0.0045429	0.0078809	5.7973e-05	0.01	0.00035372	0.0017445	0.005291	0.01	4.9282e-05	0.00026043	0.0014248	0.0093858	0.00023358	0.01	0.00048305	0.00024866	0.00015904	0.89407	
0.001197	0.014223	0.99844	0.00033707	2.6754e-05	0.0045443	0.007882	5.8823e-05	0.01	0.00035616	0.0017471	0.0052931	0.01	4.9281e-05	0.00025928	0.0014284	0.0093862	0.0002435	0.01	0.00048612	0.00024754	0.00016092	0.89371	
0.0012156	0.014213	0.99855	0.00034473	2.6741e-05	0.0045459	0.007883	5.9747e-05	0.01	0.00035856	0.0017495	0.0052952	0.01	4.9286e-05	0.00025812	0.0014319	0.0093865	0.00025365	0.01	0.00048925	0.00024643	0.00016277	0.89332	
0.001234	0.014202	0.99864	0.00035222	2.6721e-05	0.0045474	0.007884	6.0645e-05	0.01	0.00036094	0.0017519	0.0052973	0.01	4.9285e-05	0.00025695	0.0014354	0.0093868	0.00026373	0.01	0.00049235	0.00024531	0.00016459	0.8929	
0.0012522	0.014192	0.99871	0.00035953	2.6695e-05	0.0045488	0.007885	6.1516e-05	0.01	0.00036328	0.0017541	0.0052994	0.01	4.9278e-05	0.00025577	0.0014389	0.0093871	0.00027374	0.01	0.00049544	0.00024419	0.0001664	0.89245	
0.0012702	0.014181	0.99877	0.00036667	2.6661e-05	0.0045502	0.007886	6.2361e-05	0.01	0.0003656	0.0017563	0.0053015	0.01	4.9265e-05	0.00025459	0.0014424	0.0093874	0.00028367	0.01	0.00049849	0.00024305	0.00016817	0.89197	
0.0012889	0.014171	0.99893	0.00037437	2.6638e-05	0.0045518	0.0078871	6.328e-05	0.01	0.000368	0.0017587	0.0053036	0.01	4.9258e-05	0.00025341	0.0014459	0.0093877	0.00029385	0.01	0.00050161	0.00024193	0.00017001	0.89158	
0.0013074	0.014161	0.99906	0.00038187	2.6607e-05	0.0045533	0.0078881	6.4171e-05	0.01	0.00037036	0.001761	0.0053057	0.01	4.9244e-05	0.00025223	0.0014495	0.009388	0.00030395	0.01	0.0005047	0.0002408	0.00017183	0.89115	
0.0013266	0.014152	0.99905	0.00038998	2.6587e-05	0.004555	0.0078892	6.5142e-05	0.01	0.0003728	0.0017636	0.0053079	0.01	4.9238e-05	0.00025106	0.0014531	0.0093884	0.00031431	0.01	0.00050785	0.00023968	0.00017371	0.8908	
0.0013467	0.014143	0.99888	0.00039874	2.6578e-05	0.0045568	0.0078902	6.62e-05	0.01	0.00037531	0.0017665	0.0053101	0.01	4.9238e-05	0.00024991	0.0014568	0.0093887	0.00032494	0.01	0.00051107	0.00023858	0.00017566	0.89054	
0.0013665	0.014134	0.9987	0.00040739	2.6561e-05	0.004558	0.0078913	6.7225e-05	0.01	0.0003778	0.0017693	0.0053123	0.01	5.0886e-05	0.00024874	0.0014605	0.009389	0.00033548	0.01	0.00051427	0.00023746	0.00017759	0.89024	
0.0013859	0.014126	0.99829	0.00041675	2.6554e-05	0.0045592	0.0078924	6.8248e-05	0.01	0.00038036	0.0017723	0.0053146	0.01	5.2532e-05	0.00024757	0.0014641	0.0093894	0.00034602	0.01	0.00051746	0.00023634	0.00017958	0.89003	
0.0014051	0.014117	0.99786	0.00042586	2.6541e-05	0.0045604	0.0078935	6.9269e-05	0.01	0.00038289	0.0017753	0.0053168	0.01	5.4176e-05	0.00024639	0.0014677	0.0093897	0.00035656	0.01	0.00052064	0.00023522	0.00018155	0.88979	
0.0014723	0.014083	0.99588	0.00046139	2.6442e-05	0.0045651	0.0078978	7.333e-05	0.01	0.00039287	0.0017866	0.0053256	0.01	6.0733e-05	0.00024172	0.0014825	0.009391	0.00039877	0.01	0.00053334	0.0002307	0.00018929	0.88866	
0.0014889	0.014075	0.9953	0.00047099	2.6424e-05	0.0045663	0.0078989	7.4309e-05	0.01	0.00039543	0.0017897	0.0053279	0.01	6.2358e-05	0.00024056	0.0014861	0.0093914	0.00040924	0.01	0.00053649	0.000233	0.00019129	0.88846	
0.0015062	0.014068	0.99362	0.00048138	2.6416e-05	0.0045676	0.0079	7.5378e-05	0.01	0.00039808	0.0017931	0.0053302	0.01	6.4009e-05	0.00023941	0.0014899	0.0093918	0.00041999	0.01	0.00053969	0.00023531	0.00019337	0.88834	
0.0015243	0.014061	0.99118	0.00049075	2.6419e-05	0.0045688	0.0079012	7.6413e-05	0.01	0.00040082	0.0017968	0.0053326	0.01	6.5649e-05	0.00023827	0.0014937	0.0093921	0.00043064	0.01	0.00054287	0.00023762	0.00019542	0.88819	
0.0015422	0.014055	0.99097	0.00049988	2.6415e-05	0.00457	0.0079023	7.7414e-05	0.01	0.00040352	0.0018003	0.005335	0.01	6.7277e-05	0.00023713	0.0014976	0.0093925	0.00044121	0.01	0.00054603	0.00023991	0.00019744	0.88801	
0.0015597	0.014049	0.99017	0.00050976	2.6421e-05	0.0045713	0.0079035	7.8508e-05	0.01	0.00040631	0.0018042	0.0053374	0.01	6.8932e-05	0.00023598	0.0015013	0.0093929	0.00045205	0.01	0.00054925	0.00024222	0.00019953	0.88791	
