
Loaded 'libv3/all-terms.bf' from /usr/local/lib/hyphy/TemplateBatchFiles/libv3/all-terms.bf
Loaded 'libv3/UtilityFunctions.bf' from /usr/local/lib/hyphy/TemplateBatchFiles/libv3/UtilityFunctions.bf
Loaded 'IOFunctions.bf' from /usr/local/lib/hyphy/TemplateBatchFiles/libv3/IOFunctions.bf
Already loaded 'libv3/UtilityFunctions.bf' from /usr/local/lib/hyphy/TemplateBatchFiles/libv3/UtilityFunctions.bf
Loaded 'convenience/regexp.bf' from /usr/local/lib/hyphy/TemplateBatchFiles/libv3/convenience/regexp.bf
Already loaded 'libv3/all-terms.bf' from /usr/local/lib/hyphy/TemplateBatchFiles/libv3/all-terms.bf
Already loaded 'libv3/IOFunctions.bf' from /usr/local/lib/hyphy/TemplateBatchFiles/libv3/IOFunctions.bf
Loaded 'libv3/models/codon/MG_REV.bf' from /usr/local/lib/hyphy/TemplateBatchFiles/libv3/models/codon/MG_REV.bf
Loaded '../codon.bf' from /usr/local/lib/hyphy/TemplateBatchFiles/libv3/models/codon.bf
Loaded '../tasks/genetic_code.bf' from /usr/local/lib/hyphy/TemplateBatchFiles/libv3/tasks/genetic_code.bf
Loaded 'libv3/convenience/matrix.bf' from /usr/local/lib/hyphy/TemplateBatchFiles/libv3/convenience/matrix.bf
Already loaded 'libv3/UtilityFunctions.bf' from /usr/local/lib/hyphy/TemplateBatchFiles/libv3/UtilityFunctions.bf
Already loaded 'libv3/all-terms.bf' from /usr/local/lib/hyphy/TemplateBatchFiles/libv3/all-terms.bf
Already loaded '../UtilityFunctions.bf' from /usr/local/lib/hyphy/TemplateBatchFiles/libv3/UtilityFunctions.bf
Loaded '../DNA.bf' from /usr/local/lib/hyphy/TemplateBatchFiles/libv3/models/DNA.bf
Loaded 'frequencies.bf' from /usr/local/lib/hyphy/TemplateBatchFiles/libv3/models/frequencies.bf
Already loaded '../all-terms.bf' from /usr/local/lib/hyphy/TemplateBatchFiles/libv3/all-terms.bf
Loaded 'parameters.bf' from /usr/local/lib/hyphy/TemplateBatchFiles/libv3/models/parameters.bf
Loaded 'GrabBag' from /usr/local/lib/hyphy/TemplateBatchFiles/Utility/GrabBag.bf
Overwritten previously defined function:'_sortStringsAux'
Already loaded 'libv3/all-terms.bf' from /usr/local/lib/hyphy/TemplateBatchFiles/libv3/all-terms.bf
Already loaded '../UtilityFunctions.bf' from /usr/local/lib/hyphy/TemplateBatchFiles/libv3/UtilityFunctions.bf
Loaded 'model_functions.bf' from /usr/local/lib/hyphy/TemplateBatchFiles/libv3/models/model_functions.bf
Already loaded 'DNA.bf' from /usr/local/lib/hyphy/TemplateBatchFiles/libv3/models/DNA.bf
Already loaded 'parameters.bf' from /usr/local/lib/hyphy/TemplateBatchFiles/libv3/models/parameters.bf
Already loaded 'frequencies.bf' from /usr/local/lib/hyphy/TemplateBatchFiles/libv3/models/frequencies.bf
Already loaded '../UtilityFunctions.bf' from /usr/local/lib/hyphy/TemplateBatchFiles/libv3/UtilityFunctions.bf
Already loaded '../convenience/regexp.bf' from /usr/local/lib/hyphy/TemplateBatchFiles/libv3/convenience/regexp.bf
Already loaded 'libv3/all-terms.bf' from /usr/local/lib/hyphy/TemplateBatchFiles/libv3/all-terms.bf
Already loaded '../parameters.bf' from /usr/local/lib/hyphy/TemplateBatchFiles/libv3/models/parameters.bf
Already loaded '../frequencies.bf' from /usr/local/lib/hyphy/TemplateBatchFiles/libv3/models/frequencies.bf
Already loaded '../../UtilityFunctions.bf' from /usr/local/lib/hyphy/TemplateBatchFiles/libv3/UtilityFunctions.bf
Loaded 'libv3/tasks/estimators.bf' from /usr/local/lib/hyphy/TemplateBatchFiles/libv3/tasks/estimators.bf
Already loaded '../models/model_functions.bf' from /usr/local/lib/hyphy/TemplateBatchFiles/libv3/models/model_functions.bf
Loaded '../models/DNA/GTR.bf' from /usr/local/lib/hyphy/TemplateBatchFiles/libv3/models/DNA/GTR.bf
Already loaded '../DNA.bf' from /usr/local/lib/hyphy/TemplateBatchFiles/libv3/models/DNA.bf
Already loaded '../parameters.bf' from /usr/local/lib/hyphy/TemplateBatchFiles/libv3/models/parameters.bf
Already loaded '../frequencies.bf' from /usr/local/lib/hyphy/TemplateBatchFiles/libv3/models/frequencies.bf
Already loaded '../../UtilityFunctions.bf' from /usr/local/lib/hyphy/TemplateBatchFiles/libv3/UtilityFunctions.bf
Already loaded 'libv3/all-terms.bf' from /usr/local/lib/hyphy/TemplateBatchFiles/libv3/all-terms.bf
Already loaded '../convenience/regexp.bf' from /usr/local/lib/hyphy/TemplateBatchFiles/libv3/convenience/regexp.bf
Already loaded 'libv3/all-terms.bf' from /usr/local/lib/hyphy/TemplateBatchFiles/libv3/all-terms.bf
Loaded 'libv3/tasks/alignments.bf' from /usr/local/lib/hyphy/TemplateBatchFiles/libv3/tasks/alignments.bf
Already loaded '../IOFunctions.bf' from /usr/local/lib/hyphy/TemplateBatchFiles/libv3/IOFunctions.bf
Already loaded '../all-terms.bf' from /usr/local/lib/hyphy/TemplateBatchFiles/libv3/all-terms.bf
Loaded 'libv3/tasks/trees.bf' from /usr/local/lib/hyphy/TemplateBatchFiles/libv3/tasks/trees.bf
Already loaded '../IOFunctions.bf' from /usr/local/lib/hyphy/TemplateBatchFiles/libv3/IOFunctions.bf
Already loaded '../all-terms.bf' from /usr/local/lib/hyphy/TemplateBatchFiles/libv3/all-terms.bf
Already loaded '../convenience/regexp.bf' from /usr/local/lib/hyphy/TemplateBatchFiles/libv3/convenience/regexp.bf
Already loaded '../UtilityFunctions.bf' from /usr/local/lib/hyphy/TemplateBatchFiles/libv3/UtilityFunctions.bf
Loaded 'TreeTools' from /usr/local/lib/hyphy/TemplateBatchFiles/TreeTools.ibf
Loaded 'modules/io_functions.ibf' from /usr/local/lib/hyphy/TemplateBatchFiles/SelectionAnalyses/modules/io_functions.ibf
Already loaded 'libv3/UtilityFunctions.bf' from /usr/local/lib/hyphy/TemplateBatchFiles/libv3/UtilityFunctions.bf
Already loaded 'libv3/IOFunctions.bf' from /usr/local/lib/hyphy/TemplateBatchFiles/libv3/IOFunctions.bf
Already loaded 'libv3/convenience/regexp.bf' from /usr/local/lib/hyphy/TemplateBatchFiles/libv3/convenience/regexp.bf
Already loaded 'libv3/all-terms.bf' from /usr/local/lib/hyphy/TemplateBatchFiles/libv3/all-terms.bf
Loaded 'modules/selection_lib.ibf' from /usr/local/lib/hyphy/TemplateBatchFiles/SelectionAnalyses/modules/selection_lib.ibf
Loaded 'libv3/models/codon/BS_REL.bf' from /usr/local/lib/hyphy/TemplateBatchFiles/libv3/models/codon/BS_REL.bf
Already loaded '../codon.bf' from /usr/local/lib/hyphy/TemplateBatchFiles/libv3/models/codon.bf
Already loaded '../DNA.bf' from /usr/local/lib/hyphy/TemplateBatchFiles/libv3/models/DNA.bf
Already loaded '../parameters.bf' from /usr/local/lib/hyphy/TemplateBatchFiles/libv3/models/parameters.bf
Already loaded '../frequencies.bf' from /usr/local/lib/hyphy/TemplateBatchFiles/libv3/models/frequencies.bf
Already loaded '../../UtilityFunctions.bf' from /usr/local/lib/hyphy/TemplateBatchFiles/libv3/UtilityFunctions.bf
Already loaded 'MG_REV.bf' from /usr/local/lib/hyphy/TemplateBatchFiles/libv3/models/codon/MG_REV.bf
Loaded '../../convenience/math.bf' from /usr/local/lib/hyphy/TemplateBatchFiles/libv3/convenience/math.bf
Already loaded 'libv3/UtilityFunctions.bf' from /usr/local/lib/hyphy/TemplateBatchFiles/libv3/UtilityFunctions.bf
Already loaded 'libv3/convenience/math.bf' from /usr/local/lib/hyphy/TemplateBatchFiles/libv3/convenience/math.bf
Loaded 'libv3/tasks/mpi.bf' from /usr/local/lib/hyphy/TemplateBatchFiles/libv3/tasks/mpi.bf
Already loaded '../all-terms.bf' from /usr/local/lib/hyphy/TemplateBatchFiles/libv3/all-terms.bf
Already loaded '../models/parameters.bf' from /usr/local/lib/hyphy/TemplateBatchFiles/libv3/models/parameters.bf
Variable 'NORMALIZE_SEQUENCE_NAMES' was not initialized prior to being used
Variable 'ASSUME_REVERSIBLE_MODELS' was not initialized prior to being used
Loaded 'modules/shared-load-file.bf' from /usr/local/lib/hyphy/TemplateBatchFiles/SelectionAnalyses/modules/shared-load-file.bf
Variable 'MARKDOWN_OUTPUT' was not initialized prior to being used
Already loaded 'libv3/convenience/matrix.bf' from /usr/local/lib/hyphy/TemplateBatchFiles/libv3/convenience/matrix.bf
Already loaded 'libv3/UtilityFunctions.bf' from /usr/local/lib/hyphy/TemplateBatchFiles/libv3/UtilityFunctions.bf
Variable 'SaKOisVM.skipCodeSelectionStep' was not initialized prior to being used
Row and/or column partition is empty. All the data will be used by default.
Variable 'NEXUS_FILE_TREE_MATRIX' was not initialized prior to being used
Variable 'utility.ToggleEnvVariable.cache' was not initialized prior to being used
Variable 'TREE_NODE_NAME_MAPPING' was not initialized prior to being used
Variable 'MEjlWwsa.PROMPT_FOR_FILE' was not initialized prior to being used
Variable 'END_OF_FILE' was not initialized prior to being used
Variable '_DO_TREE_REBALANCE_' was not initialized prior to being used
Variable '_KEEP_I_LABELS_' was not initialized prior to being used
Rooted topology. Removing one branch - the right root child has been promoted to be the new root
Variable 'INCLUDE_MODEL_SPECS' was not initialized prior to being used
Variable 'utility.ForEachPair.warn_non_rentrant' was not initialized prior to being used
Row and/or column partition is empty. All the data will be used by default.
Row and/or column partition is empty. All the data will be used by default.
Loaded 'modules/grid_compute.ibf' from /usr/local/lib/hyphy/TemplateBatchFiles/SelectionAnalyses/modules/grid_compute.ibf
Variable 'atwGxoVi.cache' was not initialized prior to being used
Row and/or column partition is empty. All the data will be used by default.
Variable 'COUNT_GAPS_IN_FREQUENCIES' was not initialized prior to being used
Variable 'bAoNRaXo.model_pi' was not initialized prior to being used
Model bAoNRaXo.model assigned to Gallus_gallus
Model bAoNRaXo.model assigned to Oxyura_jamaicensis
Model bAoNRaXo.model assigned to Cygnus_atratus
Model bAoNRaXo.model assigned to Anser_cygnoides
Model bAoNRaXo.model assigned to Node5
Model bAoNRaXo.model assigned to Node3
Model bAoNRaXo.model assigned to Aythya_fuligula
Model bAoNRaXo.model assigned to Anas_platyrhynchos
Model bAoNRaXo.model assigned to Node8
The tips of the tree:bAoNRaXo.tree_0 were matched with the species names from the data in the following numeric order (0-based) {0,2,1,3,4,5}

Pseudo-optimal path's cost 181 vs 267 for 1..k=> a 1.47514 x improvement
Partition 0 is ASSUMED to have a reversible model
Variable 'USE_LAST_RESULTS' was not initialized prior to being used
Variable 'bAoNRaXo.tree_0.Gallus_gallus.t' was not initialized prior to being used
models.generic.SetBranchLength: bAoNRaXo.tree_0.Gallus_gallus.t=213.1117237491529
Variable 'bAoNRaXo.tree_0.Oxyura_jamaicensis.t' was not initialized prior to being used
models.generic.SetBranchLength: bAoNRaXo.tree_0.Oxyura_jamaicensis.t=75.15485357391071
Variable 'bAoNRaXo.tree_0.Cygnus_atratus.t' was not initialized prior to being used
models.generic.SetBranchLength: bAoNRaXo.tree_0.Cygnus_atratus.t=54.05011850954507
Variable 'bAoNRaXo.tree_0.Anser_cygnoides.t' was not initialized prior to being used
models.generic.SetBranchLength: bAoNRaXo.tree_0.Anser_cygnoides.t=54.05011850954507
Variable 'bAoNRaXo.tree_0.Node5.t' was not initialized prior to being used
models.generic.SetBranchLength: bAoNRaXo.tree_0.Node5.t=21.10473506436564
Variable 'bAoNRaXo.tree_0.Node3.t' was not initialized prior to being used
models.generic.SetBranchLength: bAoNRaXo.tree_0.Node3.t=5.682893112186592
Variable 'bAoNRaXo.tree_0.Aythya_fuligula.t' was not initialized prior to being used
models.generic.SetBranchLength: bAoNRaXo.tree_0.Aythya_fuligula.t=41.20690128691304
Variable 'bAoNRaXo.tree_0.Anas_platyrhynchos.t' was not initialized prior to being used
models.generic.SetBranchLength: bAoNRaXo.tree_0.Anas_platyrhynchos.t=41.20690128691304
Variable 'bAoNRaXo.tree_0.Node8.t' was not initialized prior to being used
models.generic.SetBranchLength: bAoNRaXo.tree_0.Node8.t=39.63084542583808
Variable 'bAoNRaXo.bAoNRaXo.likelihoodFunction' was not initialized prior to being used
Variable 'SAVE_OPT_STATUS_TO' was not initialized prior to being used
Auto-benchmarked an optimal number (1) of threads.
Set GUI update interval to every 8196-th LF evaluation.
Optimization settings:
	OPTIMIZATION_METHOD = 4
	OPTIMIZATION_PRECISION = 0.001
	MAXIMUM_ITERATIONS_PER_VARIABLE = 5000

Initial parameter values

bAoNRaXo.model.theta_CT = 1
bAoNRaXo.model.theta_GT = 0.25
bAoNRaXo.model.theta_CG = 0.25
bAoNRaXo.model.theta_AC = 0.25
bAoNRaXo.model.theta_AT = 0.25
bAoNRaXo.tree_0.Gallus_gallus.t = 213.112
bAoNRaXo.tree_0.Oxyura_jamaicensis.t = 75.1549
bAoNRaXo.tree_0.Cygnus_atratus.t = 54.0501
bAoNRaXo.tree_0.Anser_cygnoides.t = 54.0501
bAoNRaXo.tree_0.Node5.t = 21.1047
bAoNRaXo.tree_0.Node3.t = 5.68289
bAoNRaXo.tree_0.Aythya_fuligula.t = 41.2069
bAoNRaXo.tree_0.Anas_platyrhynchos.t = 41.2069
bAoNRaXo.tree_0.Node8.t = 39.6308
Site 24 evaluated to a 0 probability in ComputeLLWithBranchCache
Optimization finished in 37 loop passes.
1830 likelihood evaluation calls and 9077 matrix exponentiations calls were made

Variable 'BRANCH_LENGTH_STENCIL' was not initialized prior to being used
Variable 'bAoNRaXo.option' was not initialized prior to being used
Variable 'relax.terms.json.nucleotide_gtr' was not initialized prior to being used
Variable 'Unknown' was not initialized prior to being used
Variable 'CsNlDueV.initial_value' was not initialized prior to being used
Variable 'HvIATEae.data_filter' was not initialized prior to being used
Row and/or column partition is empty. All the data will be used by default.
Auto-benchmarked an optimal number (3) of threads.
Set GUI update interval to every 2976-th LF evaluation.
Optimization settings:
	OPTIMIZATION_METHOD = 4
	OPTIMIZATION_PRECISION = 0.001
	MAXIMUM_ITERATIONS_PER_VARIABLE = 5000

Initial parameter values

frequencies._aux.CF3x4.p0_0 = 0.279676
frequencies._aux.CF3x4.p0_1 = 0.361631
frequencies._aux.CF3x4.p0_2 = 0.631682
frequencies._aux.CF3x4.p1_0 = 0.317746
frequencies._aux.CF3x4.p1_1 = 0.279438
frequencies._aux.CF3x4.p1_2 = 0.414634
frequencies._aux.CF3x4.p2_0 = 0.229017
frequencies._aux.CF3x4.p2_1 = 0.307932
frequencies._aux.CF3x4.p2_2 = 0.505618
Optimization finished in 7 loop passes.
296 likelihood evaluation calls and 0 matrix exponentiations calls were made

Variable 'HvIATEae.model_MGREV_pi' was not initialized prior to being used
Model HvIATEae.model_MGREV assigned to Gallus_gallus
Model HvIATEae.model_MGREV assigned to Oxyura_jamaicensis
Model HvIATEae.model_MGREV assigned to Cygnus_atratus
Model HvIATEae.model_MGREV assigned to Anser_cygnoides
Model HvIATEae.model_MGREV assigned to Node5
Model HvIATEae.model_MGREV assigned to Node3
Model HvIATEae.model_MGREV assigned to Aythya_fuligula
Model HvIATEae.model_MGREV assigned to Anas_platyrhynchos
Model HvIATEae.model_MGREV assigned to Node8
The tips of the tree:HvIATEae.tree_0 were matched with the species names from the data in the following numeric order (0-based) {0,2,1,3,4,5}

Pseudo-optimal path's cost 676 vs 868 for 1..k=> a 1.28402 x improvement
Partition 0 is ASSUMED to have a reversible model
Variable 'HvIATEae.HvIATEae.likelihoodFunction' was not initialized prior to being used
Variable 'HvIATEae.tree_0.Gallus_gallus.alpha' was not initialized prior to being used
Variable 'HvIATEae.tree_0.Oxyura_jamaicensis.alpha' was not initialized prior to being used
Variable 'HvIATEae.tree_0.Cygnus_atratus.alpha' was not initialized prior to being used
Variable 'HvIATEae.tree_0.Anser_cygnoides.alpha' was not initialized prior to being used
Variable 'HvIATEae.tree_0.Node5.alpha' was not initialized prior to being used
Variable 'HvIATEae.tree_0.Node3.alpha' was not initialized prior to being used
Variable 'HvIATEae.tree_0.Aythya_fuligula.alpha' was not initialized prior to being used
Variable 'HvIATEae.tree_0.Anas_platyrhynchos.alpha' was not initialized prior to being used
Variable 'HvIATEae.tree_0.Node8.alpha' was not initialized prior to being used
Site 13 evaluated to a 0 probability in ComputeTreeBlockByBranch
Site 81 evaluated to a 0 probability in ComputeTreeBlockByBranch
Site 13 evaluated to a 0 probability in ComputeTreeBlockByBranch
Site 63 evaluated to a 0 probability in ComputeTreeBlockByBranch
Site 84 evaluated to a 0 probability in ComputeTreeBlockByBranch
Site 13 evaluated to a 0 probability in ComputeTreeBlockByBranch
Auto-benchmarked an optimal number (2) of threads.
Set GUI update interval to every 634-th LF evaluation.
Initial guess for HvIATEae.tree_0.Node3.alpha is 1.03919e-06
Initial guess for HvIATEae.tree_0.Oxyura_jamaicensis.alpha is 0.000201781
Initial guess for HvIATEae.tree_0.Node5.alpha is 8.30039e-06
Initial guess for HvIATEae.tree_0.Cygnus_atratus.alpha is 2.62062e-05
Initial guess for HvIATEae.tree_0.Anser_cygnoides.alpha is 3.8287e-06
Initial guess for HvIATEae.tree_0.Node8.alpha is 2.17551e-05
Initial guess for HvIATEae.tree_0.Aythya_fuligula.alpha is 1.15071e-05
Initial guess for HvIATEae.tree_0.Anas_platyrhynchos.alpha is 7.66527e-06
Optimization settings:
	OPTIMIZATION_METHOD = 4
	OPTIMIZATION_PRECISION = 0.001
	MAXIMUM_ITERATIONS_PER_VARIABLE = 5000

Initial parameter values

HvIATEae.model_MGREV.theta_GT = 1
HvIATEae.model_MGREV.theta_CT = 1
HvIATEae.model_MGREV.theta_AC = 1
HvIATEae.model_MGREV.theta_CG = 1
HvIATEae.model_MGREV.theta_AT = 1
HvIATEae.model_MGREV.omega_0 = 1
HvIATEae.tree_0.Gallus_gallus.alpha = 0.1
HvIATEae.tree_0.Oxyura_jamaicensis.alpha = 0.000201781
HvIATEae.tree_0.Cygnus_atratus.alpha = 2.62062e-05
HvIATEae.tree_0.Anser_cygnoides.alpha = 3.8287e-06
HvIATEae.tree_0.Node5.alpha = 8.30039e-06
HvIATEae.tree_0.Node3.alpha = 1.03919e-06
HvIATEae.tree_0.Aythya_fuligula.alpha = 1.15071e-05
HvIATEae.tree_0.Anas_platyrhynchos.alpha = 7.66527e-06
HvIATEae.tree_0.Node8.alpha = 2.17551e-05
HvIATEae.model_MGREV.omega_1 = 1
Failing bound checks on HvIATEae.tree_0.Node3.beta =          10001.5055625299
Optimization finished in 22 loop passes.
1266 likelihood evaluation calls and 6001 matrix exponentiations calls were made

Row and/or column partition is empty. All the data will be used by default.
Auto-benchmarked an optimal number (2) of threads.
Set GUI update interval to every 5154-th LF evaluation.
Optimization settings:
	OPTIMIZATION_METHOD = 4
	OPTIMIZATION_PRECISION = 0.001
	MAXIMUM_ITERATIONS_PER_VARIABLE = 5000

Initial parameter values

frequencies._aux.CF3x4.p0_0 = 0.279676
frequencies._aux.CF3x4.p0_1 = 0.361631
frequencies._aux.CF3x4.p0_2 = 0.631682
frequencies._aux.CF3x4.p1_0 = 0.317746
frequencies._aux.CF3x4.p1_1 = 0.279438
frequencies._aux.CF3x4.p1_2 = 0.414634
frequencies._aux.CF3x4.p2_0 = 0.229017
frequencies._aux.CF3x4.p2_1 = 0.307932
frequencies._aux.CF3x4.p2_2 = 0.505618
Optimization finished in 7 loop passes.
295 likelihood evaluation calls and 0 matrix exponentiations calls were made

Variable 'HvIATEae.model_MGREV_pi' was not initialized prior to being used
Model HvIATEae.model_MGREV assigned to Gallus_gallus
Model HvIATEae.model_MGREV assigned to Oxyura_jamaicensis
Model HvIATEae.model_MGREV assigned to Cygnus_atratus
Model HvIATEae.model_MGREV assigned to Anser_cygnoides
Model HvIATEae.model_MGREV assigned to Node5
Model HvIATEae.model_MGREV assigned to Node3
Model HvIATEae.model_MGREV assigned to Aythya_fuligula
Model HvIATEae.model_MGREV assigned to Anas_platyrhynchos
Model HvIATEae.model_MGREV assigned to Node8
The tips of the tree:HvIATEae.tree_0 were matched with the species names from the data in the following numeric order (0-based) {0,2,1,3,4,5}

Pseudo-optimal path's cost 676 vs 868 for 1..k=> a 1.28402 x improvement
Partition 0 is ASSUMED to have a reversible model
Variable 'HvIATEae.tree_0.Aythya_fuligula.alpha' was not initialized prior to being used
Variable 'HvIATEae.tree_0.Node3.alpha' was not initialized prior to being used
Variable 'HvIATEae.tree_0.Anas_platyrhynchos.alpha' was not initialized prior to being used
Variable 'HvIATEae.tree_0.Node5.alpha' was not initialized prior to being used
Variable 'HvIATEae.tree_0.Anser_cygnoides.alpha' was not initialized prior to being used
Variable 'HvIATEae.tree_0.Cygnus_atratus.alpha' was not initialized prior to being used
Variable 'HvIATEae.tree_0.Gallus_gallus.alpha' was not initialized prior to being used
Variable 'HvIATEae.tree_0.Oxyura_jamaicensis.alpha' was not initialized prior to being used
Variable 'HvIATEae.tree_0.Node8.alpha' was not initialized prior to being used
Site 13 evaluated to a 0 probability in ComputeTreeBlockByBranch
Site 81 evaluated to a 0 probability in ComputeTreeBlockByBranch
Site 13 evaluated to a 0 probability in ComputeTreeBlockByBranch
Site 13 evaluated to a 0 probability in ComputeTreeBlockByBranch
Site 84 evaluated to a 0 probability in ComputeTreeBlockByBranch
Site 63 evaluated to a 0 probability in ComputeTreeBlockByBranch
Auto-benchmarked an optimal number (2) of threads.
Set GUI update interval to every 810-th LF evaluation.
Initial guess for HvIATEae.tree_0.Node3.alpha is 1.03919e-06
Initial guess for HvIATEae.tree_0.Oxyura_jamaicensis.alpha is 0.000201781
Initial guess for HvIATEae.tree_0.Node5.alpha is 8.30039e-06
Initial guess for HvIATEae.tree_0.Cygnus_atratus.alpha is 2.62062e-05
Initial guess for HvIATEae.tree_0.Anser_cygnoides.alpha is 3.8287e-06
Initial guess for HvIATEae.tree_0.Node8.alpha is 2.17551e-05
Initial guess for HvIATEae.tree_0.Aythya_fuligula.alpha is 1.15071e-05
Initial guess for HvIATEae.tree_0.Anas_platyrhynchos.alpha is 7.66527e-06
Optimization settings:
	OPTIMIZATION_METHOD = 4
	OPTIMIZATION_PRECISION = 0.001
	MAXIMUM_ITERATIONS_PER_VARIABLE = 5000

Initial parameter values

HvIATEae.model_MGREV.theta_CG = 1
HvIATEae.model_MGREV.theta_CT = 1
HvIATEae.model_MGREV.theta_GT = 1
HvIATEae.model_MGREV.theta_AT = 1
HvIATEae.model_MGREV.theta_AC = 1
HvIATEae.model_MGREV.omega_0 = 1
HvIATEae.tree_0.Gallus_gallus.alpha = 0.1
HvIATEae.tree_0.Oxyura_jamaicensis.alpha = 0.000201781
HvIATEae.tree_0.Cygnus_atratus.alpha = 2.62062e-05
HvIATEae.tree_0.Anser_cygnoides.alpha = 3.8287e-06
HvIATEae.tree_0.Node5.alpha = 8.30039e-06
HvIATEae.tree_0.Node3.alpha = 1.03919e-06
HvIATEae.tree_0.Aythya_fuligula.alpha = 1.15071e-05
HvIATEae.tree_0.Anas_platyrhynchos.alpha = 7.66527e-06
HvIATEae.tree_0.Node8.alpha = 2.17551e-05
HvIATEae.model_MGREV.omega_1 = 1
Failing bound checks on HvIATEae.tree_0.Node3.beta =          10001.5055625299
Optimization finished in 21 loop passes.
1204 likelihood evaluation calls and 5723 matrix exponentiations calls were made

Overwritten previously defined function:'roMZkOtm.rate_generator'
Overwritten previously defined function:'roMZkOtm.rate_generator'
Auto-benchmarked an optimal number (3) of threads.
Set GUI update interval to every 5050-th LF evaluation.
Optimization settings:
	OPTIMIZATION_METHOD = 4
	OPTIMIZATION_PRECISION = 0.001
	MAXIMUM_ITERATIONS_PER_VARIABLE = 5000

Initial parameter values

frequencies._aux.CF3x4.p0_0 = 0.279676
frequencies._aux.CF3x4.p0_1 = 0.361631
frequencies._aux.CF3x4.p0_2 = 0.631682
frequencies._aux.CF3x4.p1_0 = 0.317746
frequencies._aux.CF3x4.p1_1 = 0.279438
frequencies._aux.CF3x4.p1_2 = 0.414634
frequencies._aux.CF3x4.p2_0 = 0.229017
frequencies._aux.CF3x4.p2_1 = 0.307932
frequencies._aux.CF3x4.p2_2 = 0.505618
Optimization finished in 7 loop passes.
296 likelihood evaluation calls and 0 matrix exponentiations calls were made

Variable 'relax.test_pi' was not initialized prior to being used
Overwritten previously defined function:'roMZkOtm.rate_generator'
Overwritten previously defined function:'roMZkOtm.rate_generator'
Overwritten previously defined function:'roMZkOtm.rate_generator'
Auto-benchmarked an optimal number (3) of threads.
Set GUI update interval to every 5208-th LF evaluation.
Optimization settings:
	OPTIMIZATION_METHOD = 4
	OPTIMIZATION_PRECISION = 0.001
	MAXIMUM_ITERATIONS_PER_VARIABLE = 5000

Initial parameter values

frequencies._aux.CF3x4.p0_0 = 0.279676
frequencies._aux.CF3x4.p0_1 = 0.361631
frequencies._aux.CF3x4.p0_2 = 0.631682
frequencies._aux.CF3x4.p1_0 = 0.317746
frequencies._aux.CF3x4.p1_1 = 0.279438
frequencies._aux.CF3x4.p1_2 = 0.414634
frequencies._aux.CF3x4.p2_0 = 0.229017
frequencies._aux.CF3x4.p2_1 = 0.307932
frequencies._aux.CF3x4.p2_2 = 0.505618
Optimization finished in 7 loop passes.
296 likelihood evaluation calls and 0 matrix exponentiations calls were made

Variable 'relax.reference_pi' was not initialized prior to being used
No nodel was assigned to Gallus_gallus
No nodel was assigned to Oxyura_jamaicensis
No nodel was assigned to Cygnus_atratus
No nodel was assigned to Anser_cygnoides
No nodel was assigned to Node5
No nodel was assigned to Node3
No nodel was assigned to Aythya_fuligula
No nodel was assigned to Anas_platyrhynchos
No nodel was assigned to Node8
The tips of the tree:cCoN_miJ.tree_id_0 were matched with the species names from the data in the following numeric order (0-based) {0,2,1,3,4,5}

Pseudo-optimal path's cost 676 vs 868 for 1..k=> a 1.28402 x improvement
Partition 0 is ASSUMED to have a reversible model
relax.reference.theta_AC was already constrained in estimators.SetGlobals2
relax.reference.theta_AG was already constrained in estimators.SetGlobals2
relax.reference.theta_AT was already constrained in estimators.SetGlobals2
relax.reference.theta_CG was already constrained in estimators.SetGlobals2
relax.reference.theta_CT was already constrained in estimators.SetGlobals2
relax.reference.theta_GT was already constrained in estimators.SetGlobals2
relax.test.theta_AG was already constrained in estimators.SetGlobals2
Variable 'cCoN_miJ.tree_id_0.Gallus_gallus.t' was not initialized prior to being used
models.generic.SetBranchLength: cCoN_miJ.tree_id_0.Gallus_gallus.t=1.154958722889965
Variable 'cCoN_miJ.tree_id_0.Oxyura_jamaicensis.t' was not initialized prior to being used
models.generic.SetBranchLength: cCoN_miJ.tree_id_0.Oxyura_jamaicensis.t=0.1352698198793396
Variable 'cCoN_miJ.tree_id_0.Cygnus_atratus.t' was not initialized prior to being used
models.generic.SetBranchLength: cCoN_miJ.tree_id_0.Cygnus_atratus.t=0.01839704689471813
Variable 'cCoN_miJ.tree_id_0.Anser_cygnoides.t' was not initialized prior to being used
models.generic.SetBranchLength: cCoN_miJ.tree_id_0.Anser_cygnoides.t=0.05565923047662668
Variable 'cCoN_miJ.tree_id_0.Node5.t' was not initialized prior to being used
models.generic.SetBranchLength: cCoN_miJ.tree_id_0.Node5.t=0.0318322419763511
Variable 'cCoN_miJ.tree_id_0.Node3.t' was not initialized prior to being used
models.generic.SetBranchLength: cCoN_miJ.tree_id_0.Node3.t=0.03736795931333561
Variable 'cCoN_miJ.tree_id_0.Aythya_fuligula.t' was not initialized prior to being used
models.generic.SetBranchLength: cCoN_miJ.tree_id_0.Aythya_fuligula.t=0.03670204004511175
Variable 'cCoN_miJ.tree_id_0.Anas_platyrhynchos.t' was not initialized prior to being used
models.generic.SetBranchLength: cCoN_miJ.tree_id_0.Anas_platyrhynchos.t=0.05556267148374136
Variable 'cCoN_miJ.tree_id_0.Node8.t' was not initialized prior to being used
models.generic.SetBranchLength: cCoN_miJ.tree_id_0.Node8.t=0.08055001027038339
Variable 'cCoN_miJ.cCoN_miJ.likelihoodFunction' was not initialized prior to being used
Auto-benchmarked an optimal number (2) of threads.
Set GUI update interval to every 78-th LF evaluation.
Optimization settings:
	OPTIMIZATION_METHOD = 4
	OPTIMIZATION_PRECISION = 0.001
	MAXIMUM_ITERATIONS_PER_VARIABLE = 5000

Initial parameter values

relax.reference.omega3 = 7.27482
relax.reference.omega2 = 0.4601
relax.reference.bsrel_mixture_aux_0 = 0.45
relax.test.theta_GT = 0.274867
relax.reference.omega1 = 0.145496
relax.reference.bsrel_mixture_aux_1 = 0.818182
relax.test.theta_CT = 1.34693
relax.test.theta_AC = 0.136552
relax.test.theta_AT = 0.302085
relax.test.theta_CG = 0.313064
relax.K = 1
cCoN_miJ.tree_id_0.Gallus_gallus.t = 1.15496
cCoN_miJ.tree_id_0.Oxyura_jamaicensis.t = 0.13527
cCoN_miJ.tree_id_0.Cygnus_atratus.t = 0.018397
cCoN_miJ.tree_id_0.Anser_cygnoides.t = 0.0556592
cCoN_miJ.tree_id_0.Node5.t = 0.0318322
cCoN_miJ.tree_id_0.Node3.t = 0.037368
cCoN_miJ.tree_id_0.Aythya_fuligula.t = 0.036702
cCoN_miJ.tree_id_0.Anas_platyrhynchos.t = 0.0555627
cCoN_miJ.tree_id_0.Node8.t = 0.08055
Optimization finished in 22 loop passes.
2148 likelihood evaluation calls and 40047 matrix exponentiations calls were made

Variable 'MPI_NODE_COUNT' was not initialized prior to being used
No nodel was assigned to Gallus_gallus
No nodel was assigned to Oxyura_jamaicensis
No nodel was assigned to Cygnus_atratus
No nodel was assigned to Anser_cygnoides
No nodel was assigned to Node5
No nodel was assigned to Node3
No nodel was assigned to Aythya_fuligula
No nodel was assigned to Anas_platyrhynchos
No nodel was assigned to Node8
Likelihood function cleared because partition index '0' points to invalid components
The tips of the tree:cCoN_miJ.tree_id_0 were matched with the species names from the data in the following numeric order (0-based) {0,2,1,3,4,5}

Pseudo-optimal path's cost 676 vs 868 for 1..k=> a 1.28402 x improvement
Partition 0 is ASSUMED to have a reversible model
relax.reference.theta_AC was already constrained in estimators.SetGlobals2
relax.reference.theta_AG was already constrained in estimators.SetGlobals2
relax.reference.theta_AT was already constrained in estimators.SetGlobals2
relax.reference.theta_CG was already constrained in estimators.SetGlobals2
relax.reference.theta_CT was already constrained in estimators.SetGlobals2
relax.reference.theta_GT was already constrained in estimators.SetGlobals2
relax.test.bsrel_mixture_aux_0 was already constrained in estimators.SetGlobals2
relax.test.bsrel_mixture_aux_1 was already constrained in estimators.SetGlobals2
relax.test.theta_AG was already constrained in estimators.SetGlobals2
relax.test.omega1 was already constrained in estimators.SetGlobals2
relax.test.omega2 was already constrained in estimators.SetGlobals2
relax.test.omega3 was already constrained in estimators.SetGlobals2
Variable 'cCoN_miJ.tree_id_0.Gallus_gallus.t' was not initialized prior to being used
models.generic.SetBranchLength: cCoN_miJ.tree_id_0.Gallus_gallus.t=2.564813899744422
Variable 'cCoN_miJ.tree_id_0.Oxyura_jamaicensis.t' was not initialized prior to being used
models.generic.SetBranchLength: cCoN_miJ.tree_id_0.Oxyura_jamaicensis.t=0.288766934140543
Variable 'cCoN_miJ.tree_id_0.Cygnus_atratus.t' was not initialized prior to being used
models.generic.SetBranchLength: cCoN_miJ.tree_id_0.Cygnus_atratus.t=0.03887854962921466
Variable 'cCoN_miJ.tree_id_0.Anser_cygnoides.t' was not initialized prior to being used
models.generic.SetBranchLength: cCoN_miJ.tree_id_0.Anser_cygnoides.t=0.1166834580887916
Variable 'cCoN_miJ.tree_id_0.Node5.t' was not initialized prior to being used
models.generic.SetBranchLength: cCoN_miJ.tree_id_0.Node5.t=0.06735091094309031
Variable 'cCoN_miJ.tree_id_0.Node3.t' was not initialized prior to being used
models.generic.SetBranchLength: cCoN_miJ.tree_id_0.Node3.t=0.07856880941802548
Variable 'cCoN_miJ.tree_id_0.Aythya_fuligula.t' was not initialized prior to being used
models.generic.SetBranchLength: cCoN_miJ.tree_id_0.Aythya_fuligula.t=0.07743145920506581
Variable 'cCoN_miJ.tree_id_0.Anas_platyrhynchos.t' was not initialized prior to being used
models.generic.SetBranchLength: cCoN_miJ.tree_id_0.Anas_platyrhynchos.t=0.1168770352777407
Variable 'cCoN_miJ.tree_id_0.Node8.t' was not initialized prior to being used
models.generic.SetBranchLength: cCoN_miJ.tree_id_0.Node8.t=0.1713653003941362
Auto-benchmarked an optimal number (2) of threads.
Set GUI update interval to every 55-th LF evaluation.
Optimization settings:
	OPTIMIZATION_METHOD = 4
	OPTIMIZATION_PRECISION = 0.001
	MAXIMUM_ITERATIONS_PER_VARIABLE = 5000

Initial parameter values

relax.reference.omega3 = 1
relax.reference.omega2 = 0.461208
relax.reference.bsrel_mixture_aux_0 = 0.559556
relax.test.theta_GT = 0.272638
relax.reference.omega1 = 0
relax.reference.bsrel_mixture_aux_1 = 0.777154
relax.test.theta_CT = 1.32352
relax.test.theta_AC = 0.128751
relax.test.theta_AT = 0.28973
relax.test.theta_CG = 0.287141
relax.K = 1
cCoN_miJ.tree_id_0.Gallus_gallus.t = 2.56481
cCoN_miJ.tree_id_0.Oxyura_jamaicensis.t = 0.288767
cCoN_miJ.tree_id_0.Cygnus_atratus.t = 0.0388785
cCoN_miJ.tree_id_0.Anser_cygnoides.t = 0.116683
cCoN_miJ.tree_id_0.Node5.t = 0.0673509
cCoN_miJ.tree_id_0.Node3.t = 0.0785688
cCoN_miJ.tree_id_0.Aythya_fuligula.t = 0.0774315
cCoN_miJ.tree_id_0.Anas_platyrhynchos.t = 0.116877
cCoN_miJ.tree_id_0.Node8.t = 0.171365
Optimization finished in 22 loop passes.
2100 likelihood evaluation calls and 38322 matrix exponentiations calls were made

Variable 'vISKlOPc.cCoN_miJ.likelihoodFunction' was not initialized prior to being used
Auto-benchmarked an optimal number (2) of threads.
Set GUI update interval to every 48-th LF evaluation.
Optimization settings:
	OPTIMIZATION_METHOD = 4
	OPTIMIZATION_PRECISION = 0.001
	MAXIMUM_ITERATIONS_PER_VARIABLE = 5000

Initial parameter values

relax.reference.omega3 = 1.0043
relax.reference.omega2 = 0.846157
relax.reference.bsrel_mixture_aux_0 = 0.567104
relax.test.theta_GT = 0.271584
relax.reference.omega1 = 0
relax.reference.bsrel_mixture_aux_1 = 1
relax.test.theta_CT = 1.32438
relax.test.theta_AC = 0.129521
relax.test.theta_AT = 0.287882
relax.test.theta_CG = 0.285784
cCoN_miJ.tree_id_0.Gallus_gallus.t = 0.737612
cCoN_miJ.tree_id_0.Oxyura_jamaicensis.t = 0.0825115
cCoN_miJ.tree_id_0.Cygnus_atratus.t = 0.0111925
cCoN_miJ.tree_id_0.Anser_cygnoides.t = 0.0335481
cCoN_miJ.tree_id_0.Node5.t = 0.0200312
cCoN_miJ.tree_id_0.Node3.t = 0.0227548
cCoN_miJ.tree_id_0.Aythya_fuligula.t = 0.0223152
cCoN_miJ.tree_id_0.Anas_platyrhynchos.t = 0.0336422
cCoN_miJ.tree_id_0.Node8.t = 0.0483065
Optimization finished in 3 loop passes.
217 likelihood evaluation calls and 4491 matrix exponentiations calls were made

Variable 'USE_JSON_FOR_MATRIX' was not initialized prior to being used