
Loaded 'libv3/all-terms.bf' from /usr/local/lib/hyphy/TemplateBatchFiles/libv3/all-terms.bf
Loaded 'libv3/UtilityFunctions.bf' from /usr/local/lib/hyphy/TemplateBatchFiles/libv3/UtilityFunctions.bf
Loaded 'IOFunctions.bf' from /usr/local/lib/hyphy/TemplateBatchFiles/libv3/IOFunctions.bf
Already loaded 'libv3/UtilityFunctions.bf' from /usr/local/lib/hyphy/TemplateBatchFiles/libv3/UtilityFunctions.bf
Loaded 'convenience/regexp.bf' from /usr/local/lib/hyphy/TemplateBatchFiles/libv3/convenience/regexp.bf
Already loaded 'libv3/all-terms.bf' from /usr/local/lib/hyphy/TemplateBatchFiles/libv3/all-terms.bf
Already loaded 'libv3/IOFunctions.bf' from /usr/local/lib/hyphy/TemplateBatchFiles/libv3/IOFunctions.bf
Loaded 'libv3/models/codon/MG_REV.bf' from /usr/local/lib/hyphy/TemplateBatchFiles/libv3/models/codon/MG_REV.bf
Loaded '../codon.bf' from /usr/local/lib/hyphy/TemplateBatchFiles/libv3/models/codon.bf
Loaded '../tasks/genetic_code.bf' from /usr/local/lib/hyphy/TemplateBatchFiles/libv3/tasks/genetic_code.bf
Loaded 'libv3/convenience/matrix.bf' from /usr/local/lib/hyphy/TemplateBatchFiles/libv3/convenience/matrix.bf
Already loaded 'libv3/UtilityFunctions.bf' from /usr/local/lib/hyphy/TemplateBatchFiles/libv3/UtilityFunctions.bf
Already loaded 'libv3/all-terms.bf' from /usr/local/lib/hyphy/TemplateBatchFiles/libv3/all-terms.bf
Already loaded '../UtilityFunctions.bf' from /usr/local/lib/hyphy/TemplateBatchFiles/libv3/UtilityFunctions.bf
Loaded '../DNA.bf' from /usr/local/lib/hyphy/TemplateBatchFiles/libv3/models/DNA.bf
Loaded 'frequencies.bf' from /usr/local/lib/hyphy/TemplateBatchFiles/libv3/models/frequencies.bf
Already loaded '../all-terms.bf' from /usr/local/lib/hyphy/TemplateBatchFiles/libv3/all-terms.bf
Loaded 'parameters.bf' from /usr/local/lib/hyphy/TemplateBatchFiles/libv3/models/parameters.bf
Loaded 'GrabBag' from /usr/local/lib/hyphy/TemplateBatchFiles/Utility/GrabBag.bf
Overwritten previously defined function:'_sortStringsAux'
Already loaded 'libv3/all-terms.bf' from /usr/local/lib/hyphy/TemplateBatchFiles/libv3/all-terms.bf
Already loaded '../UtilityFunctions.bf' from /usr/local/lib/hyphy/TemplateBatchFiles/libv3/UtilityFunctions.bf
Loaded 'model_functions.bf' from /usr/local/lib/hyphy/TemplateBatchFiles/libv3/models/model_functions.bf
Already loaded 'DNA.bf' from /usr/local/lib/hyphy/TemplateBatchFiles/libv3/models/DNA.bf
Already loaded 'parameters.bf' from /usr/local/lib/hyphy/TemplateBatchFiles/libv3/models/parameters.bf
Already loaded 'frequencies.bf' from /usr/local/lib/hyphy/TemplateBatchFiles/libv3/models/frequencies.bf
Already loaded '../UtilityFunctions.bf' from /usr/local/lib/hyphy/TemplateBatchFiles/libv3/UtilityFunctions.bf
Already loaded '../convenience/regexp.bf' from /usr/local/lib/hyphy/TemplateBatchFiles/libv3/convenience/regexp.bf
Already loaded 'libv3/all-terms.bf' from /usr/local/lib/hyphy/TemplateBatchFiles/libv3/all-terms.bf
Already loaded '../parameters.bf' from /usr/local/lib/hyphy/TemplateBatchFiles/libv3/models/parameters.bf
Already loaded '../frequencies.bf' from /usr/local/lib/hyphy/TemplateBatchFiles/libv3/models/frequencies.bf
Already loaded '../../UtilityFunctions.bf' from /usr/local/lib/hyphy/TemplateBatchFiles/libv3/UtilityFunctions.bf
Loaded 'libv3/tasks/estimators.bf' from /usr/local/lib/hyphy/TemplateBatchFiles/libv3/tasks/estimators.bf
Already loaded '../models/model_functions.bf' from /usr/local/lib/hyphy/TemplateBatchFiles/libv3/models/model_functions.bf
Loaded '../models/DNA/GTR.bf' from /usr/local/lib/hyphy/TemplateBatchFiles/libv3/models/DNA/GTR.bf
Already loaded '../DNA.bf' from /usr/local/lib/hyphy/TemplateBatchFiles/libv3/models/DNA.bf
Already loaded '../parameters.bf' from /usr/local/lib/hyphy/TemplateBatchFiles/libv3/models/parameters.bf
Already loaded '../frequencies.bf' from /usr/local/lib/hyphy/TemplateBatchFiles/libv3/models/frequencies.bf
Already loaded '../../UtilityFunctions.bf' from /usr/local/lib/hyphy/TemplateBatchFiles/libv3/UtilityFunctions.bf
Already loaded 'libv3/all-terms.bf' from /usr/local/lib/hyphy/TemplateBatchFiles/libv3/all-terms.bf
Already loaded '../convenience/regexp.bf' from /usr/local/lib/hyphy/TemplateBatchFiles/libv3/convenience/regexp.bf
Already loaded 'libv3/all-terms.bf' from /usr/local/lib/hyphy/TemplateBatchFiles/libv3/all-terms.bf
Loaded 'libv3/tasks/alignments.bf' from /usr/local/lib/hyphy/TemplateBatchFiles/libv3/tasks/alignments.bf
Already loaded '../IOFunctions.bf' from /usr/local/lib/hyphy/TemplateBatchFiles/libv3/IOFunctions.bf
Already loaded '../all-terms.bf' from /usr/local/lib/hyphy/TemplateBatchFiles/libv3/all-terms.bf
Loaded 'libv3/tasks/trees.bf' from /usr/local/lib/hyphy/TemplateBatchFiles/libv3/tasks/trees.bf
Already loaded '../IOFunctions.bf' from /usr/local/lib/hyphy/TemplateBatchFiles/libv3/IOFunctions.bf
Already loaded '../all-terms.bf' from /usr/local/lib/hyphy/TemplateBatchFiles/libv3/all-terms.bf
Already loaded '../convenience/regexp.bf' from /usr/local/lib/hyphy/TemplateBatchFiles/libv3/convenience/regexp.bf
Already loaded '../UtilityFunctions.bf' from /usr/local/lib/hyphy/TemplateBatchFiles/libv3/UtilityFunctions.bf
Loaded 'TreeTools' from /usr/local/lib/hyphy/TemplateBatchFiles/TreeTools.ibf
Loaded 'modules/io_functions.ibf' from /usr/local/lib/hyphy/TemplateBatchFiles/SelectionAnalyses/modules/io_functions.ibf
Already loaded 'libv3/UtilityFunctions.bf' from /usr/local/lib/hyphy/TemplateBatchFiles/libv3/UtilityFunctions.bf
Already loaded 'libv3/IOFunctions.bf' from /usr/local/lib/hyphy/TemplateBatchFiles/libv3/IOFunctions.bf
Already loaded 'libv3/convenience/regexp.bf' from /usr/local/lib/hyphy/TemplateBatchFiles/libv3/convenience/regexp.bf
Already loaded 'libv3/all-terms.bf' from /usr/local/lib/hyphy/TemplateBatchFiles/libv3/all-terms.bf
Loaded 'modules/selection_lib.ibf' from /usr/local/lib/hyphy/TemplateBatchFiles/SelectionAnalyses/modules/selection_lib.ibf
Loaded 'libv3/models/codon/BS_REL.bf' from /usr/local/lib/hyphy/TemplateBatchFiles/libv3/models/codon/BS_REL.bf
Already loaded '../codon.bf' from /usr/local/lib/hyphy/TemplateBatchFiles/libv3/models/codon.bf
Already loaded '../DNA.bf' from /usr/local/lib/hyphy/TemplateBatchFiles/libv3/models/DNA.bf
Already loaded '../parameters.bf' from /usr/local/lib/hyphy/TemplateBatchFiles/libv3/models/parameters.bf
Already loaded '../frequencies.bf' from /usr/local/lib/hyphy/TemplateBatchFiles/libv3/models/frequencies.bf
Already loaded '../../UtilityFunctions.bf' from /usr/local/lib/hyphy/TemplateBatchFiles/libv3/UtilityFunctions.bf
Already loaded 'MG_REV.bf' from /usr/local/lib/hyphy/TemplateBatchFiles/libv3/models/codon/MG_REV.bf
Loaded '../../convenience/math.bf' from /usr/local/lib/hyphy/TemplateBatchFiles/libv3/convenience/math.bf
Already loaded 'libv3/UtilityFunctions.bf' from /usr/local/lib/hyphy/TemplateBatchFiles/libv3/UtilityFunctions.bf
Already loaded 'libv3/convenience/math.bf' from /usr/local/lib/hyphy/TemplateBatchFiles/libv3/convenience/math.bf
Loaded 'libv3/tasks/mpi.bf' from /usr/local/lib/hyphy/TemplateBatchFiles/libv3/tasks/mpi.bf
Already loaded '../all-terms.bf' from /usr/local/lib/hyphy/TemplateBatchFiles/libv3/all-terms.bf
Already loaded '../models/parameters.bf' from /usr/local/lib/hyphy/TemplateBatchFiles/libv3/models/parameters.bf
Variable 'NORMALIZE_SEQUENCE_NAMES' was not initialized prior to being used
Variable 'ASSUME_REVERSIBLE_MODELS' was not initialized prior to being used
Loaded 'modules/shared-load-file.bf' from /usr/local/lib/hyphy/TemplateBatchFiles/SelectionAnalyses/modules/shared-load-file.bf
Variable 'MARKDOWN_OUTPUT' was not initialized prior to being used
Already loaded 'libv3/convenience/matrix.bf' from /usr/local/lib/hyphy/TemplateBatchFiles/libv3/convenience/matrix.bf
Already loaded 'libv3/UtilityFunctions.bf' from /usr/local/lib/hyphy/TemplateBatchFiles/libv3/UtilityFunctions.bf
Variable 'ypmOaqbF.skipCodeSelectionStep' was not initialized prior to being used
Row and/or column partition is empty. All the data will be used by default.
Variable 'NEXUS_FILE_TREE_MATRIX' was not initialized prior to being used
Variable 'utility.ToggleEnvVariable.cache' was not initialized prior to being used
Variable 'TREE_NODE_NAME_MAPPING' was not initialized prior to being used
Variable 'DTaTUaDI.PROMPT_FOR_FILE' was not initialized prior to being used
Variable 'END_OF_FILE' was not initialized prior to being used
Variable '_DO_TREE_REBALANCE_' was not initialized prior to being used
Variable '_KEEP_I_LABELS_' was not initialized prior to being used
Rooted topology. Removing one branch - the right root child has been promoted to be the new root
Variable 'INCLUDE_MODEL_SPECS' was not initialized prior to being used
Variable 'utility.ForEachPair.warn_non_rentrant' was not initialized prior to being used
Row and/or column partition is empty. All the data will be used by default.
Row and/or column partition is empty. All the data will be used by default.
Loaded 'modules/grid_compute.ibf' from /usr/local/lib/hyphy/TemplateBatchFiles/SelectionAnalyses/modules/grid_compute.ibf
Variable 'runIWxxE.cache' was not initialized prior to being used
Row and/or column partition is empty. All the data will be used by default.
Variable 'COUNT_GAPS_IN_FREQUENCIES' was not initialized prior to being used
Variable 'uKMthBmD.model_pi' was not initialized prior to being used
Model uKMthBmD.model assigned to Phasianus_colchicus
Model uKMthBmD.model assigned to Oxyura_jamaicensis
Model uKMthBmD.model assigned to Cygnus_atratus
Model uKMthBmD.model assigned to Anser_cygnoides
Model uKMthBmD.model assigned to Node5
Model uKMthBmD.model assigned to Node3
Model uKMthBmD.model assigned to Aythya_fuligula
Model uKMthBmD.model assigned to Anas_platyrhynchos
Model uKMthBmD.model assigned to Node8
The tips of the tree:uKMthBmD.tree_0 were matched with the species names from the data in the following numeric order (0-based) {0,2,1,3,4,5}

Pseudo-optimal path's cost 184 vs 272 for 1..k=> a 1.47826 x improvement
Partition 0 is ASSUMED to have a reversible model
Variable 'USE_LAST_RESULTS' was not initialized prior to being used
Variable 'uKMthBmD.tree_0.Phasianus_colchicus.t' was not initialized prior to being used
models.generic.SetBranchLength: uKMthBmD.tree_0.Phasianus_colchicus.t=213.0533752483122
Variable 'uKMthBmD.tree_0.Oxyura_jamaicensis.t' was not initialized prior to being used
models.generic.SetBranchLength: uKMthBmD.tree_0.Oxyura_jamaicensis.t=75.13427670014802
Variable 'uKMthBmD.tree_0.Cygnus_atratus.t' was not initialized prior to being used
models.generic.SetBranchLength: uKMthBmD.tree_0.Cygnus_atratus.t=54.03531996477329
Variable 'uKMthBmD.tree_0.Anser_cygnoides.t' was not initialized prior to being used
models.generic.SetBranchLength: uKMthBmD.tree_0.Anser_cygnoides.t=54.03531996477329
Variable 'uKMthBmD.tree_0.Node5.t' was not initialized prior to being used
models.generic.SetBranchLength: uKMthBmD.tree_0.Node5.t=21.09895673537472
Variable 'uKMthBmD.tree_0.Node3.t' was not initialized prior to being used
models.generic.SetBranchLength: uKMthBmD.tree_0.Node3.t=5.681337175761791
Variable 'uKMthBmD.tree_0.Aythya_fuligula.t' was not initialized prior to being used
models.generic.SetBranchLength: uKMthBmD.tree_0.Aythya_fuligula.t=41.19561912527463
Variable 'uKMthBmD.tree_0.Anas_platyrhynchos.t' was not initialized prior to being used
models.generic.SetBranchLength: uKMthBmD.tree_0.Anas_platyrhynchos.t=41.19561912527463
Variable 'uKMthBmD.tree_0.Node8.t' was not initialized prior to being used
models.generic.SetBranchLength: uKMthBmD.tree_0.Node8.t=39.61999477728172
Variable 'uKMthBmD.uKMthBmD.likelihoodFunction' was not initialized prior to being used
Variable 'SAVE_OPT_STATUS_TO' was not initialized prior to being used
Auto-benchmarked an optimal number (1) of threads.
Set GUI update interval to every 9615-th LF evaluation.
Optimization settings:
	OPTIMIZATION_METHOD = 4
	OPTIMIZATION_PRECISION = 0.001
	MAXIMUM_ITERATIONS_PER_VARIABLE = 5000

Initial parameter values

uKMthBmD.model.theta_CT = 1
uKMthBmD.model.theta_GT = 0.25
uKMthBmD.model.theta_CG = 0.25
uKMthBmD.model.theta_AC = 0.25
uKMthBmD.model.theta_AT = 0.25
uKMthBmD.tree_0.Phasianus_colchicus.t = 213.053
uKMthBmD.tree_0.Oxyura_jamaicensis.t = 75.1343
uKMthBmD.tree_0.Cygnus_atratus.t = 54.0353
uKMthBmD.tree_0.Anser_cygnoides.t = 54.0353
uKMthBmD.tree_0.Node5.t = 21.099
uKMthBmD.tree_0.Node3.t = 5.68134
uKMthBmD.tree_0.Aythya_fuligula.t = 41.1956
uKMthBmD.tree_0.Anas_platyrhynchos.t = 41.1956
uKMthBmD.tree_0.Node8.t = 39.62
Site 26 evaluated to a 0 probability in ComputeLLWithBranchCache
Site 19 evaluated to a 0 probability in ComputeLLWithBranchCache
Optimization finished in 28 loop passes.
1537 likelihood evaluation calls and 7604 matrix exponentiations calls were made

Variable 'BRANCH_LENGTH_STENCIL' was not initialized prior to being used
Variable 'uKMthBmD.option' was not initialized prior to being used
Variable 'relax.terms.json.nucleotide_gtr' was not initialized prior to being used
Variable 'Unknown' was not initialized prior to being used
Variable 'GnLtAvBP.initial_value' was not initialized prior to being used
Variable 'NpZbzIEE.data_filter' was not initialized prior to being used
Row and/or column partition is empty. All the data will be used by default.
Auto-benchmarked an optimal number (2) of threads.
Set GUI update interval to every 4629-th LF evaluation.
Optimization settings:
	OPTIMIZATION_METHOD = 4
	OPTIMIZATION_PRECISION = 0.001
	MAXIMUM_ITERATIONS_PER_VARIABLE = 5000

Initial parameter values

frequencies._aux.CF3x4.p0_0 = 0.275779
frequencies._aux.CF3x4.p0_1 = 0.360927
frequencies._aux.CF3x4.p0_2 = 0.634715
frequencies._aux.CF3x4.p1_0 = 0.320144
frequencies._aux.CF3x4.p1_1 = 0.275132
frequencies._aux.CF3x4.p1_2 = 0.413625
frequencies._aux.CF3x4.p2_0 = 0.229017
frequencies._aux.CF3x4.p2_1 = 0.311042
frequencies._aux.CF3x4.p2_2 = 0.512415
Optimization finished in 7 loop passes.
249 likelihood evaluation calls and 0 matrix exponentiations calls were made

Variable 'NpZbzIEE.model_MGREV_pi' was not initialized prior to being used
Model NpZbzIEE.model_MGREV assigned to Phasianus_colchicus
Model NpZbzIEE.model_MGREV assigned to Oxyura_jamaicensis
Model NpZbzIEE.model_MGREV assigned to Cygnus_atratus
Model NpZbzIEE.model_MGREV assigned to Anser_cygnoides
Model NpZbzIEE.model_MGREV assigned to Node5
Model NpZbzIEE.model_MGREV assigned to Node3
Model NpZbzIEE.model_MGREV assigned to Aythya_fuligula
Model NpZbzIEE.model_MGREV assigned to Anas_platyrhynchos
Model NpZbzIEE.model_MGREV assigned to Node8
The tips of the tree:NpZbzIEE.tree_0 were matched with the species names from the data in the following numeric order (0-based) {0,2,1,3,4,5}

Pseudo-optimal path's cost 674 vs 874 for 1..k=> a 1.29674 x improvement
Partition 0 is ASSUMED to have a reversible model
Variable 'NpZbzIEE.NpZbzIEE.likelihoodFunction' was not initialized prior to being used
Variable 'NpZbzIEE.tree_0.Phasianus_colchicus.alpha' was not initialized prior to being used
Variable 'NpZbzIEE.tree_0.Oxyura_jamaicensis.alpha' was not initialized prior to being used
Variable 'NpZbzIEE.tree_0.Cygnus_atratus.alpha' was not initialized prior to being used
Variable 'NpZbzIEE.tree_0.Anser_cygnoides.alpha' was not initialized prior to being used
Variable 'NpZbzIEE.tree_0.Node5.alpha' was not initialized prior to being used
Variable 'NpZbzIEE.tree_0.Node3.alpha' was not initialized prior to being used
Variable 'NpZbzIEE.tree_0.Aythya_fuligula.alpha' was not initialized prior to being used
Variable 'NpZbzIEE.tree_0.Anas_platyrhynchos.alpha' was not initialized prior to being used
Variable 'NpZbzIEE.tree_0.Node8.alpha' was not initialized prior to being used
Site 28 evaluated to a 0 probability in ComputeTreeBlockByBranch
Site 28 evaluated to a 0 probability in ComputeTreeBlockByBranch
Site 60 evaluated to a 0 probability in ComputeTreeBlockByBranch
Site 57 evaluated to a 0 probability in ComputeTreeBlockByBranch
Site 28 evaluated to a 0 probability in ComputeTreeBlockByBranch
Site 41 evaluated to a 0 probability in ComputeTreeBlockByBranch
Site 36 evaluated to a 0 probability in ComputeTreeBlockByBranch
Site 60 evaluated to a 0 probability in ComputeTreeBlockByBranch
Site 59 evaluated to a 0 probability in ComputeTreeBlockByBranch
Site 28 evaluated to a 0 probability in ComputeTreeBlockByBranch
Site 68 evaluated to a 0 probability in ComputeTreeBlockByBranch
Site 74 evaluated to a 0 probability in ComputeTreeBlockByBranch
Site 28 evaluated to a 0 probability in ComputeTreeBlockByBranch
Site 47 evaluated to a 0 probability in ComputeTreeBlockByBranch
Site 48 evaluated to a 0 probability in ComputeTreeBlockByBranch
Auto-benchmarked an optimal number (4) of threads.
Set GUI update interval to every 1072-th LF evaluation.
Initial guess for NpZbzIEE.tree_0.Node3.alpha is 4.68582e-06
Initial guess for NpZbzIEE.tree_0.Oxyura_jamaicensis.alpha is 0.000215393
Initial guess for NpZbzIEE.tree_0.Node5.alpha is 7.02792e-06
Initial guess for NpZbzIEE.tree_0.Cygnus_atratus.alpha is 2.74787e-05
Initial guess for NpZbzIEE.tree_0.Anser_cygnoides.alpha is 3.83329e-06
Initial guess for NpZbzIEE.tree_0.Node8.alpha is 1.85327e-05
Initial guess for NpZbzIEE.tree_0.Aythya_fuligula.alpha is 1.15025e-05
Initial guess for NpZbzIEE.tree_0.Anas_platyrhynchos.alpha is 7.66757e-06
Optimization settings:
	OPTIMIZATION_METHOD = 4
	OPTIMIZATION_PRECISION = 0.001
	MAXIMUM_ITERATIONS_PER_VARIABLE = 5000

Initial parameter values

NpZbzIEE.model_MGREV.theta_GT = 1
NpZbzIEE.model_MGREV.theta_CT = 1
NpZbzIEE.model_MGREV.theta_AC = 1
NpZbzIEE.model_MGREV.theta_CG = 1
NpZbzIEE.model_MGREV.theta_AT = 1
NpZbzIEE.model_MGREV.omega_0 = 1
NpZbzIEE.tree_0.Phasianus_colchicus.alpha = 0.1
NpZbzIEE.tree_0.Oxyura_jamaicensis.alpha = 0.000215393
NpZbzIEE.tree_0.Cygnus_atratus.alpha = 2.74787e-05
NpZbzIEE.tree_0.Anser_cygnoides.alpha = 3.83329e-06
NpZbzIEE.tree_0.Node5.alpha = 7.02792e-06
NpZbzIEE.tree_0.Node3.alpha = 4.68582e-06
NpZbzIEE.tree_0.Aythya_fuligula.alpha = 1.15025e-05
NpZbzIEE.tree_0.Anas_platyrhynchos.alpha = 7.66757e-06
NpZbzIEE.tree_0.Node8.alpha = 1.85327e-05
NpZbzIEE.model_MGREV.omega_1 = 1
Failing bound checks on NpZbzIEE.tree_0.Anser_cygnoides.beta =         10002.05630535529
Optimization finished in 27 loop passes.
2016 likelihood evaluation calls and 9416 matrix exponentiations calls were made

Row and/or column partition is empty. All the data will be used by default.
Auto-benchmarked an optimal number (2) of threads.
Set GUI update interval to every 4587-th LF evaluation.
Optimization settings:
	OPTIMIZATION_METHOD = 4
	OPTIMIZATION_PRECISION = 0.001
	MAXIMUM_ITERATIONS_PER_VARIABLE = 5000

Initial parameter values

frequencies._aux.CF3x4.p0_0 = 0.275779
frequencies._aux.CF3x4.p0_1 = 0.360927
frequencies._aux.CF3x4.p0_2 = 0.634715
frequencies._aux.CF3x4.p1_0 = 0.320144
frequencies._aux.CF3x4.p1_1 = 0.275132
frequencies._aux.CF3x4.p1_2 = 0.413625
frequencies._aux.CF3x4.p2_0 = 0.229017
frequencies._aux.CF3x4.p2_1 = 0.311042
frequencies._aux.CF3x4.p2_2 = 0.512415
Optimization finished in 7 loop passes.
249 likelihood evaluation calls and 0 matrix exponentiations calls were made

Variable 'NpZbzIEE.model_MGREV_pi' was not initialized prior to being used
Model NpZbzIEE.model_MGREV assigned to Phasianus_colchicus
Model NpZbzIEE.model_MGREV assigned to Oxyura_jamaicensis
Model NpZbzIEE.model_MGREV assigned to Cygnus_atratus
Model NpZbzIEE.model_MGREV assigned to Anser_cygnoides
Model NpZbzIEE.model_MGREV assigned to Node5
Model NpZbzIEE.model_MGREV assigned to Node3
Model NpZbzIEE.model_MGREV assigned to Aythya_fuligula
Model NpZbzIEE.model_MGREV assigned to Anas_platyrhynchos
Model NpZbzIEE.model_MGREV assigned to Node8
The tips of the tree:NpZbzIEE.tree_0 were matched with the species names from the data in the following numeric order (0-based) {0,2,1,3,4,5}

Pseudo-optimal path's cost 674 vs 874 for 1..k=> a 1.29674 x improvement
Partition 0 is ASSUMED to have a reversible model
Variable 'NpZbzIEE.tree_0.Aythya_fuligula.alpha' was not initialized prior to being used
Variable 'NpZbzIEE.tree_0.Node3.alpha' was not initialized prior to being used
Variable 'NpZbzIEE.tree_0.Anas_platyrhynchos.alpha' was not initialized prior to being used
Variable 'NpZbzIEE.tree_0.Phasianus_colchicus.alpha' was not initialized prior to being used
Variable 'NpZbzIEE.tree_0.Node5.alpha' was not initialized prior to being used
Variable 'NpZbzIEE.tree_0.Anser_cygnoides.alpha' was not initialized prior to being used
Variable 'NpZbzIEE.tree_0.Oxyura_jamaicensis.alpha' was not initialized prior to being used
Variable 'NpZbzIEE.tree_0.Cygnus_atratus.alpha' was not initialized prior to being used
Variable 'NpZbzIEE.tree_0.Node8.alpha' was not initialized prior to being used
Site 28 evaluated to a 0 probability in ComputeTreeBlockByBranch
Site 60 evaluated to a 0 probability in ComputeTreeBlockByBranch
Site 28 evaluated to a 0 probability in ComputeTreeBlockByBranch
Site 57 evaluated to a 0 probability in ComputeTreeBlockByBranch
Site 41 evaluated to a 0 probability in ComputeTreeBlockByBranch
Site 28 evaluated to a 0 probability in ComputeTreeBlockByBranch
Site 36 evaluated to a 0 probability in ComputeTreeBlockByBranch
Site 59 evaluated to a 0 probability in ComputeTreeBlockByBranch
Site 60 evaluated to a 0 probability in ComputeTreeBlockByBranch
Site 28 evaluated to a 0 probability in ComputeTreeBlockByBranch
Site 68 evaluated to a 0 probability in ComputeTreeBlockByBranch
Site 74 evaluated to a 0 probability in ComputeTreeBlockByBranch
Site 28 evaluated to a 0 probability in ComputeTreeBlockByBranch
Site 47 evaluated to a 0 probability in ComputeTreeBlockByBranch
Site 48 evaluated to a 0 probability in ComputeTreeBlockByBranch
Site 41 evaluated to a 0 probability in ComputeTreeBlockByBranch
Site 28 evaluated to a 0 probability in ComputeTreeBlockByBranch
Site 96 evaluated to a 0 probability in ComputeTreeBlockByBranch
Site 79 evaluated to a 0 probability in ComputeTreeBlockByBranch
Site 42 evaluated to a 0 probability in ComputeTreeBlockByBranch
Site 57 evaluated to a 0 probability in ComputeTreeBlockByBranch
Auto-benchmarked an optimal number (5) of threads.
Set GUI update interval to every 1246-th LF evaluation.
Initial guess for NpZbzIEE.tree_0.Node3.alpha is 4.68582e-06
Initial guess for NpZbzIEE.tree_0.Oxyura_jamaicensis.alpha is 0.000215393
Initial guess for NpZbzIEE.tree_0.Node5.alpha is 7.02792e-06
Initial guess for NpZbzIEE.tree_0.Cygnus_atratus.alpha is 2.74787e-05
Initial guess for NpZbzIEE.tree_0.Anser_cygnoides.alpha is 3.83329e-06
Initial guess for NpZbzIEE.tree_0.Node8.alpha is 1.85327e-05
Initial guess for NpZbzIEE.tree_0.Aythya_fuligula.alpha is 1.15025e-05
Initial guess for NpZbzIEE.tree_0.Anas_platyrhynchos.alpha is 7.66757e-06
Optimization settings:
	OPTIMIZATION_METHOD = 4
	OPTIMIZATION_PRECISION = 0.001
	MAXIMUM_ITERATIONS_PER_VARIABLE = 5000

Initial parameter values

NpZbzIEE.model_MGREV.theta_CG = 1
NpZbzIEE.model_MGREV.theta_AT = 1
NpZbzIEE.model_MGREV.theta_AC = 1
NpZbzIEE.model_MGREV.theta_CT = 1
NpZbzIEE.model_MGREV.theta_GT = 1
NpZbzIEE.model_MGREV.omega_0 = 1
NpZbzIEE.tree_0.Phasianus_colchicus.alpha = 0.1
NpZbzIEE.tree_0.Oxyura_jamaicensis.alpha = 0.000215393
NpZbzIEE.tree_0.Cygnus_atratus.alpha = 2.74787e-05
NpZbzIEE.tree_0.Anser_cygnoides.alpha = 3.83329e-06
NpZbzIEE.tree_0.Node5.alpha = 7.02792e-06
NpZbzIEE.tree_0.Node3.alpha = 4.68582e-06
NpZbzIEE.tree_0.Aythya_fuligula.alpha = 1.15025e-05
NpZbzIEE.tree_0.Anas_platyrhynchos.alpha = 7.66757e-06
NpZbzIEE.tree_0.Node8.alpha = 1.85327e-05
NpZbzIEE.model_MGREV.omega_1 = 1
Failing bound checks on NpZbzIEE.tree_0.Anser_cygnoides.beta =         10002.05630534221
Optimization finished in 28 loop passes.
2084 likelihood evaluation calls and 9944 matrix exponentiations calls were made

Overwritten previously defined function:'ooLxhgRI.rate_generator'
Overwritten previously defined function:'ooLxhgRI.rate_generator'
Auto-benchmarked an optimal number (3) of threads.
Set GUI update interval to every 4347-th LF evaluation.
Optimization settings:
	OPTIMIZATION_METHOD = 4
	OPTIMIZATION_PRECISION = 0.001
	MAXIMUM_ITERATIONS_PER_VARIABLE = 5000

Initial parameter values

frequencies._aux.CF3x4.p0_0 = 0.275779
frequencies._aux.CF3x4.p0_1 = 0.360927
frequencies._aux.CF3x4.p0_2 = 0.634715
frequencies._aux.CF3x4.p1_0 = 0.320144
frequencies._aux.CF3x4.p1_1 = 0.275132
frequencies._aux.CF3x4.p1_2 = 0.413625
frequencies._aux.CF3x4.p2_0 = 0.229017
frequencies._aux.CF3x4.p2_1 = 0.311042
frequencies._aux.CF3x4.p2_2 = 0.512415
Optimization finished in 7 loop passes.
250 likelihood evaluation calls and 0 matrix exponentiations calls were made

Variable 'relax.test_pi' was not initialized prior to being used
Overwritten previously defined function:'ooLxhgRI.rate_generator'
Overwritten previously defined function:'ooLxhgRI.rate_generator'
Overwritten previously defined function:'ooLxhgRI.rate_generator'
Auto-benchmarked an optimal number (3) of threads.
Set GUI update interval to every 4545-th LF evaluation.
Optimization settings:
	OPTIMIZATION_METHOD = 4
	OPTIMIZATION_PRECISION = 0.001
	MAXIMUM_ITERATIONS_PER_VARIABLE = 5000

Initial parameter values

frequencies._aux.CF3x4.p0_0 = 0.275779
frequencies._aux.CF3x4.p0_1 = 0.360927
frequencies._aux.CF3x4.p0_2 = 0.634715
frequencies._aux.CF3x4.p1_0 = 0.320144
frequencies._aux.CF3x4.p1_1 = 0.275132
frequencies._aux.CF3x4.p1_2 = 0.413625
frequencies._aux.CF3x4.p2_0 = 0.229017
frequencies._aux.CF3x4.p2_1 = 0.311042
frequencies._aux.CF3x4.p2_2 = 0.512415
Optimization finished in 7 loop passes.
250 likelihood evaluation calls and 0 matrix exponentiations calls were made

Variable 'relax.reference_pi' was not initialized prior to being used
No nodel was assigned to Phasianus_colchicus
No nodel was assigned to Oxyura_jamaicensis
No nodel was assigned to Cygnus_atratus
No nodel was assigned to Anser_cygnoides
No nodel was assigned to Node5
No nodel was assigned to Node3
No nodel was assigned to Aythya_fuligula
No nodel was assigned to Anas_platyrhynchos
No nodel was assigned to Node8
The tips of the tree:eIwKDOpK.tree_id_0 were matched with the species names from the data in the following numeric order (0-based) {0,2,1,3,4,5}

Pseudo-optimal path's cost 674 vs 874 for 1..k=> a 1.29674 x improvement
Partition 0 is ASSUMED to have a reversible model
relax.reference.theta_AC was already constrained in estimators.SetGlobals2
relax.reference.theta_AG was already constrained in estimators.SetGlobals2
relax.reference.theta_AT was already constrained in estimators.SetGlobals2
relax.reference.theta_CG was already constrained in estimators.SetGlobals2
relax.reference.theta_CT was already constrained in estimators.SetGlobals2
relax.reference.theta_GT was already constrained in estimators.SetGlobals2
relax.test.theta_AG was already constrained in estimators.SetGlobals2
Variable 'eIwKDOpK.tree_id_0.Phasianus_colchicus.t' was not initialized prior to being used
models.generic.SetBranchLength: eIwKDOpK.tree_id_0.Phasianus_colchicus.t=1.186809226411163
Variable 'eIwKDOpK.tree_id_0.Oxyura_jamaicensis.t' was not initialized prior to being used
models.generic.SetBranchLength: eIwKDOpK.tree_id_0.Oxyura_jamaicensis.t=0.1325392761320256
Variable 'eIwKDOpK.tree_id_0.Cygnus_atratus.t' was not initialized prior to being used
models.generic.SetBranchLength: eIwKDOpK.tree_id_0.Cygnus_atratus.t=0.01780624883756657
Variable 'eIwKDOpK.tree_id_0.Anser_cygnoides.t' was not initialized prior to being used
models.generic.SetBranchLength: eIwKDOpK.tree_id_0.Anser_cygnoides.t=0.05390336594811566
Variable 'eIwKDOpK.tree_id_0.Node5.t' was not initialized prior to being used
models.generic.SetBranchLength: eIwKDOpK.tree_id_0.Node5.t=0.02959787764533182
Variable 'eIwKDOpK.tree_id_0.Node3.t' was not initialized prior to being used
models.generic.SetBranchLength: eIwKDOpK.tree_id_0.Node3.t=0.04027612953823764
Variable 'eIwKDOpK.tree_id_0.Aythya_fuligula.t' was not initialized prior to being used
models.generic.SetBranchLength: eIwKDOpK.tree_id_0.Aythya_fuligula.t=0.03556030275893588
Variable 'eIwKDOpK.tree_id_0.Anas_platyrhynchos.t' was not initialized prior to being used
models.generic.SetBranchLength: eIwKDOpK.tree_id_0.Anas_platyrhynchos.t=0.05384679814889648
Variable 'eIwKDOpK.tree_id_0.Node8.t' was not initialized prior to being used
models.generic.SetBranchLength: eIwKDOpK.tree_id_0.Node8.t=0.07470358771784912
Variable 'eIwKDOpK.eIwKDOpK.likelihoodFunction' was not initialized prior to being used
Auto-benchmarked an optimal number (5) of threads.
Set GUI update interval to every 114-th LF evaluation.
Optimization settings:
	OPTIMIZATION_METHOD = 4
	OPTIMIZATION_PRECISION = 0.001
	MAXIMUM_ITERATIONS_PER_VARIABLE = 5000

Initial parameter values

relax.reference.omega3 = 7.27482
relax.reference.omega2 = 0.4601
relax.reference.bsrel_mixture_aux_0 = 0.45
relax.test.theta_GT = 0.352469
relax.reference.omega1 = 0.145496
relax.reference.bsrel_mixture_aux_1 = 0.818182
relax.test.theta_CT = 1.28435
relax.test.theta_AC = 0.185207
relax.test.theta_AT = 0.312874
relax.test.theta_CG = 0.338845
relax.K = 1
eIwKDOpK.tree_id_0.Phasianus_colchicus.t = 1.18681
eIwKDOpK.tree_id_0.Oxyura_jamaicensis.t = 0.132539
eIwKDOpK.tree_id_0.Cygnus_atratus.t = 0.0178062
eIwKDOpK.tree_id_0.Anser_cygnoides.t = 0.0539034
eIwKDOpK.tree_id_0.Node5.t = 0.0295979
eIwKDOpK.tree_id_0.Node3.t = 0.0402761
eIwKDOpK.tree_id_0.Aythya_fuligula.t = 0.0355603
eIwKDOpK.tree_id_0.Anas_platyrhynchos.t = 0.0538468
eIwKDOpK.tree_id_0.Node8.t = 0.0747036
Optimization finished in 28 loop passes.
2727 likelihood evaluation calls and 47637 matrix exponentiations calls were made

Variable 'MPI_NODE_COUNT' was not initialized prior to being used
Variable 'KGacyMgn.eIwKDOpK.likelihoodFunction' was not initialized prior to being used
Auto-benchmarked an optimal number (5) of threads.
Set GUI update interval to every 116-th LF evaluation.
Optimization settings:
	OPTIMIZATION_METHOD = 4
	OPTIMIZATION_PRECISION = 0.001
	MAXIMUM_ITERATIONS_PER_VARIABLE = 5000

Initial parameter values

relax.reference.omega3 = 1
relax.reference.omega2 = 0.429137
relax.reference.bsrel_mixture_aux_0 = 0.46039
relax.test.theta_GT = 0.344579
relax.reference.omega1 = 0
relax.reference.bsrel_mixture_aux_1 = 0.965797
relax.test.theta_CT = 1.23902
relax.test.theta_AC = 0.177694
relax.test.theta_AT = 0.307876
relax.test.theta_CG = 0.323728
eIwKDOpK.tree_id_0.Phasianus_colchicus.t = 0.629973
eIwKDOpK.tree_id_0.Oxyura_jamaicensis.t = 0.0968341
eIwKDOpK.tree_id_0.Cygnus_atratus.t = 0.0129843
eIwKDOpK.tree_id_0.Anser_cygnoides.t = 0.0391015
eIwKDOpK.tree_id_0.Node5.t = 0.0219257
eIwKDOpK.tree_id_0.Node3.t = 0.0291542
eIwKDOpK.tree_id_0.Aythya_fuligula.t = 0.0259229
eIwKDOpK.tree_id_0.Anas_platyrhynchos.t = 0.0391915
eIwKDOpK.tree_id_0.Node8.t = 0.0544258
Optimization finished in 32 loop passes.
2594 likelihood evaluation calls and 51147 matrix exponentiations calls were made

Variable 'USE_JSON_FOR_MATRIX' was not initialized prior to being used