
Loaded 'libv3/all-terms.bf' from /usr/local/lib/hyphy/TemplateBatchFiles/libv3/all-terms.bf
Loaded 'libv3/UtilityFunctions.bf' from /usr/local/lib/hyphy/TemplateBatchFiles/libv3/UtilityFunctions.bf
Loaded 'IOFunctions.bf' from /usr/local/lib/hyphy/TemplateBatchFiles/libv3/IOFunctions.bf
Already loaded 'libv3/UtilityFunctions.bf' from /usr/local/lib/hyphy/TemplateBatchFiles/libv3/UtilityFunctions.bf
Loaded 'convenience/regexp.bf' from /usr/local/lib/hyphy/TemplateBatchFiles/libv3/convenience/regexp.bf
Already loaded 'libv3/all-terms.bf' from /usr/local/lib/hyphy/TemplateBatchFiles/libv3/all-terms.bf
Already loaded 'libv3/IOFunctions.bf' from /usr/local/lib/hyphy/TemplateBatchFiles/libv3/IOFunctions.bf
Loaded 'libv3/models/codon/MG_REV.bf' from /usr/local/lib/hyphy/TemplateBatchFiles/libv3/models/codon/MG_REV.bf
Loaded '../codon.bf' from /usr/local/lib/hyphy/TemplateBatchFiles/libv3/models/codon.bf
Loaded '../tasks/genetic_code.bf' from /usr/local/lib/hyphy/TemplateBatchFiles/libv3/tasks/genetic_code.bf
Loaded 'libv3/convenience/matrix.bf' from /usr/local/lib/hyphy/TemplateBatchFiles/libv3/convenience/matrix.bf
Already loaded 'libv3/UtilityFunctions.bf' from /usr/local/lib/hyphy/TemplateBatchFiles/libv3/UtilityFunctions.bf
Already loaded 'libv3/all-terms.bf' from /usr/local/lib/hyphy/TemplateBatchFiles/libv3/all-terms.bf
Already loaded '../UtilityFunctions.bf' from /usr/local/lib/hyphy/TemplateBatchFiles/libv3/UtilityFunctions.bf
Loaded '../DNA.bf' from /usr/local/lib/hyphy/TemplateBatchFiles/libv3/models/DNA.bf
Loaded 'frequencies.bf' from /usr/local/lib/hyphy/TemplateBatchFiles/libv3/models/frequencies.bf
Already loaded '../all-terms.bf' from /usr/local/lib/hyphy/TemplateBatchFiles/libv3/all-terms.bf
Loaded 'parameters.bf' from /usr/local/lib/hyphy/TemplateBatchFiles/libv3/models/parameters.bf
Loaded 'GrabBag' from /usr/local/lib/hyphy/TemplateBatchFiles/Utility/GrabBag.bf
Overwritten previously defined function:'_sortStringsAux'
Already loaded 'libv3/all-terms.bf' from /usr/local/lib/hyphy/TemplateBatchFiles/libv3/all-terms.bf
Already loaded '../UtilityFunctions.bf' from /usr/local/lib/hyphy/TemplateBatchFiles/libv3/UtilityFunctions.bf
Loaded 'model_functions.bf' from /usr/local/lib/hyphy/TemplateBatchFiles/libv3/models/model_functions.bf
Already loaded 'DNA.bf' from /usr/local/lib/hyphy/TemplateBatchFiles/libv3/models/DNA.bf
Already loaded 'parameters.bf' from /usr/local/lib/hyphy/TemplateBatchFiles/libv3/models/parameters.bf
Already loaded 'frequencies.bf' from /usr/local/lib/hyphy/TemplateBatchFiles/libv3/models/frequencies.bf
Already loaded '../UtilityFunctions.bf' from /usr/local/lib/hyphy/TemplateBatchFiles/libv3/UtilityFunctions.bf
Already loaded '../convenience/regexp.bf' from /usr/local/lib/hyphy/TemplateBatchFiles/libv3/convenience/regexp.bf
Already loaded 'libv3/all-terms.bf' from /usr/local/lib/hyphy/TemplateBatchFiles/libv3/all-terms.bf
Already loaded '../parameters.bf' from /usr/local/lib/hyphy/TemplateBatchFiles/libv3/models/parameters.bf
Already loaded '../frequencies.bf' from /usr/local/lib/hyphy/TemplateBatchFiles/libv3/models/frequencies.bf
Already loaded '../../UtilityFunctions.bf' from /usr/local/lib/hyphy/TemplateBatchFiles/libv3/UtilityFunctions.bf
Loaded 'libv3/tasks/estimators.bf' from /usr/local/lib/hyphy/TemplateBatchFiles/libv3/tasks/estimators.bf
Already loaded '../models/model_functions.bf' from /usr/local/lib/hyphy/TemplateBatchFiles/libv3/models/model_functions.bf
Loaded '../models/DNA/GTR.bf' from /usr/local/lib/hyphy/TemplateBatchFiles/libv3/models/DNA/GTR.bf
Already loaded '../DNA.bf' from /usr/local/lib/hyphy/TemplateBatchFiles/libv3/models/DNA.bf
Already loaded '../parameters.bf' from /usr/local/lib/hyphy/TemplateBatchFiles/libv3/models/parameters.bf
Already loaded '../frequencies.bf' from /usr/local/lib/hyphy/TemplateBatchFiles/libv3/models/frequencies.bf
Already loaded '../../UtilityFunctions.bf' from /usr/local/lib/hyphy/TemplateBatchFiles/libv3/UtilityFunctions.bf
Already loaded 'libv3/all-terms.bf' from /usr/local/lib/hyphy/TemplateBatchFiles/libv3/all-terms.bf
Already loaded '../convenience/regexp.bf' from /usr/local/lib/hyphy/TemplateBatchFiles/libv3/convenience/regexp.bf
Already loaded 'libv3/all-terms.bf' from /usr/local/lib/hyphy/TemplateBatchFiles/libv3/all-terms.bf
Loaded 'libv3/tasks/alignments.bf' from /usr/local/lib/hyphy/TemplateBatchFiles/libv3/tasks/alignments.bf
Already loaded '../IOFunctions.bf' from /usr/local/lib/hyphy/TemplateBatchFiles/libv3/IOFunctions.bf
Already loaded '../all-terms.bf' from /usr/local/lib/hyphy/TemplateBatchFiles/libv3/all-terms.bf
Loaded 'libv3/tasks/trees.bf' from /usr/local/lib/hyphy/TemplateBatchFiles/libv3/tasks/trees.bf
Already loaded '../IOFunctions.bf' from /usr/local/lib/hyphy/TemplateBatchFiles/libv3/IOFunctions.bf
Already loaded '../all-terms.bf' from /usr/local/lib/hyphy/TemplateBatchFiles/libv3/all-terms.bf
Already loaded '../convenience/regexp.bf' from /usr/local/lib/hyphy/TemplateBatchFiles/libv3/convenience/regexp.bf
Already loaded '../UtilityFunctions.bf' from /usr/local/lib/hyphy/TemplateBatchFiles/libv3/UtilityFunctions.bf
Loaded 'TreeTools' from /usr/local/lib/hyphy/TemplateBatchFiles/TreeTools.ibf
Loaded 'modules/io_functions.ibf' from /usr/local/lib/hyphy/TemplateBatchFiles/SelectionAnalyses/modules/io_functions.ibf
Already loaded 'libv3/UtilityFunctions.bf' from /usr/local/lib/hyphy/TemplateBatchFiles/libv3/UtilityFunctions.bf
Already loaded 'libv3/IOFunctions.bf' from /usr/local/lib/hyphy/TemplateBatchFiles/libv3/IOFunctions.bf
Already loaded 'libv3/convenience/regexp.bf' from /usr/local/lib/hyphy/TemplateBatchFiles/libv3/convenience/regexp.bf
Already loaded 'libv3/all-terms.bf' from /usr/local/lib/hyphy/TemplateBatchFiles/libv3/all-terms.bf
Loaded 'modules/selection_lib.ibf' from /usr/local/lib/hyphy/TemplateBatchFiles/SelectionAnalyses/modules/selection_lib.ibf
Loaded 'libv3/models/codon/BS_REL.bf' from /usr/local/lib/hyphy/TemplateBatchFiles/libv3/models/codon/BS_REL.bf
Already loaded '../codon.bf' from /usr/local/lib/hyphy/TemplateBatchFiles/libv3/models/codon.bf
Already loaded '../DNA.bf' from /usr/local/lib/hyphy/TemplateBatchFiles/libv3/models/DNA.bf
Already loaded '../parameters.bf' from /usr/local/lib/hyphy/TemplateBatchFiles/libv3/models/parameters.bf
Already loaded '../frequencies.bf' from /usr/local/lib/hyphy/TemplateBatchFiles/libv3/models/frequencies.bf
Already loaded '../../UtilityFunctions.bf' from /usr/local/lib/hyphy/TemplateBatchFiles/libv3/UtilityFunctions.bf
Already loaded 'MG_REV.bf' from /usr/local/lib/hyphy/TemplateBatchFiles/libv3/models/codon/MG_REV.bf
Loaded '../../convenience/math.bf' from /usr/local/lib/hyphy/TemplateBatchFiles/libv3/convenience/math.bf
Already loaded 'libv3/UtilityFunctions.bf' from /usr/local/lib/hyphy/TemplateBatchFiles/libv3/UtilityFunctions.bf
Already loaded 'libv3/convenience/math.bf' from /usr/local/lib/hyphy/TemplateBatchFiles/libv3/convenience/math.bf
Loaded 'libv3/tasks/mpi.bf' from /usr/local/lib/hyphy/TemplateBatchFiles/libv3/tasks/mpi.bf
Already loaded '../all-terms.bf' from /usr/local/lib/hyphy/TemplateBatchFiles/libv3/all-terms.bf
Already loaded '../models/parameters.bf' from /usr/local/lib/hyphy/TemplateBatchFiles/libv3/models/parameters.bf
Variable 'NORMALIZE_SEQUENCE_NAMES' was not initialized prior to being used
Variable 'ASSUME_REVERSIBLE_MODELS' was not initialized prior to being used
Loaded 'modules/shared-load-file.bf' from /usr/local/lib/hyphy/TemplateBatchFiles/SelectionAnalyses/modules/shared-load-file.bf
Variable 'MARKDOWN_OUTPUT' was not initialized prior to being used
Already loaded 'libv3/convenience/matrix.bf' from /usr/local/lib/hyphy/TemplateBatchFiles/libv3/convenience/matrix.bf
Already loaded 'libv3/UtilityFunctions.bf' from /usr/local/lib/hyphy/TemplateBatchFiles/libv3/UtilityFunctions.bf
Variable 'GYPiEII_.skipCodeSelectionStep' was not initialized prior to being used
Row and/or column partition is empty. All the data will be used by default.
Variable 'NEXUS_FILE_TREE_MATRIX' was not initialized prior to being used
Variable 'utility.ToggleEnvVariable.cache' was not initialized prior to being used
Variable 'TREE_NODE_NAME_MAPPING' was not initialized prior to being used
Variable 'J_ZXjvtJ.PROMPT_FOR_FILE' was not initialized prior to being used
Variable 'END_OF_FILE' was not initialized prior to being used
Variable '_DO_TREE_REBALANCE_' was not initialized prior to being used
Variable '_KEEP_I_LABELS_' was not initialized prior to being used
Rooted topology. Removing one branch - the right root child has been promoted to be the new root
Variable 'INCLUDE_MODEL_SPECS' was not initialized prior to being used
Variable 'utility.ForEachPair.warn_non_rentrant' was not initialized prior to being used
Row and/or column partition is empty. All the data will be used by default.
Row and/or column partition is empty. All the data will be used by default.
Loaded 'modules/grid_compute.ibf' from /usr/local/lib/hyphy/TemplateBatchFiles/SelectionAnalyses/modules/grid_compute.ibf
Variable 'pyqdnPmp.cache' was not initialized prior to being used
Row and/or column partition is empty. All the data will be used by default.
Variable 'COUNT_GAPS_IN_FREQUENCIES' was not initialized prior to being used
Variable 'kULWqGpW.model_pi' was not initialized prior to being used
Model kULWqGpW.model assigned to Numida_meleagris
Model kULWqGpW.model assigned to Oxyura_jamaicensis
Model kULWqGpW.model assigned to Cygnus_atratus
Model kULWqGpW.model assigned to Anser_cygnoides
Model kULWqGpW.model assigned to Node5
Model kULWqGpW.model assigned to Node3
Model kULWqGpW.model assigned to Aythya_fuligula
Model kULWqGpW.model assigned to Anas_platyrhynchos
Model kULWqGpW.model assigned to Node8
The tips of the tree:kULWqGpW.tree_0 were matched with the species names from the data in the following numeric order (0-based) {0,2,1,3,4,5}

Pseudo-optimal path's cost 196 vs 302 for 1..k=> a 1.54082 x improvement
Partition 0 is ASSUMED to have a reversible model
Variable 'USE_LAST_RESULTS' was not initialized prior to being used
Variable 'kULWqGpW.tree_0.Numida_meleagris.t' was not initialized prior to being used
models.generic.SetBranchLength: kULWqGpW.tree_0.Numida_meleagris.t=213.0802030720646
Variable 'kULWqGpW.tree_0.Oxyura_jamaicensis.t' was not initialized prior to being used
models.generic.SetBranchLength: kULWqGpW.tree_0.Oxyura_jamaicensis.t=75.14373765860842
Variable 'kULWqGpW.tree_0.Cygnus_atratus.t' was not initialized prior to being used
models.generic.SetBranchLength: kULWqGpW.tree_0.Cygnus_atratus.t=54.04212412846573
Variable 'kULWqGpW.tree_0.Anser_cygnoides.t' was not initialized prior to being used
models.generic.SetBranchLength: kULWqGpW.tree_0.Anser_cygnoides.t=54.04212412846573
Variable 'kULWqGpW.tree_0.Node5.t' was not initialized prior to being used
models.generic.SetBranchLength: kULWqGpW.tree_0.Node5.t=21.10161353014268
Variable 'kULWqGpW.tree_0.Node3.t' was not initialized prior to being used
models.generic.SetBranchLength: kULWqGpW.tree_0.Node3.t=5.682052573545333
Variable 'kULWqGpW.tree_0.Aythya_fuligula.t' was not initialized prior to being used
models.generic.SetBranchLength: kULWqGpW.tree_0.Aythya_fuligula.t=41.20080650523504
Variable 'kULWqGpW.tree_0.Anas_platyrhynchos.t' was not initialized prior to being used
models.generic.SetBranchLength: kULWqGpW.tree_0.Anas_platyrhynchos.t=41.20080650523504
Variable 'kULWqGpW.tree_0.Node8.t' was not initialized prior to being used
models.generic.SetBranchLength: kULWqGpW.tree_0.Node8.t=39.62498375356859
Variable 'kULWqGpW.kULWqGpW.likelihoodFunction' was not initialized prior to being used
Variable 'SAVE_OPT_STATUS_TO' was not initialized prior to being used
Auto-benchmarked an optimal number (1) of threads.
Set GUI update interval to every 7575-th LF evaluation.
Optimization settings:
	OPTIMIZATION_METHOD = 4
	OPTIMIZATION_PRECISION = 0.001
	MAXIMUM_ITERATIONS_PER_VARIABLE = 5000

Initial parameter values

kULWqGpW.model.theta_CT = 1
kULWqGpW.model.theta_GT = 0.25
kULWqGpW.model.theta_CG = 0.25
kULWqGpW.model.theta_AC = 0.25
kULWqGpW.model.theta_AT = 0.25
kULWqGpW.tree_0.Numida_meleagris.t = 213.08
kULWqGpW.tree_0.Oxyura_jamaicensis.t = 75.1437
kULWqGpW.tree_0.Cygnus_atratus.t = 54.0421
kULWqGpW.tree_0.Anser_cygnoides.t = 54.0421
kULWqGpW.tree_0.Node5.t = 21.1016
kULWqGpW.tree_0.Node3.t = 5.68205
kULWqGpW.tree_0.Aythya_fuligula.t = 41.2008
kULWqGpW.tree_0.Anas_platyrhynchos.t = 41.2008
kULWqGpW.tree_0.Node8.t = 39.625
Site 29 evaluated to a 0 probability in ComputeLLWithBranchCache
Site 18 evaluated to a 0 probability in ComputeLLWithBranchCache
Optimization finished in 37 loop passes.
1922 likelihood evaluation calls and 10013 matrix exponentiations calls were made

Variable 'BRANCH_LENGTH_STENCIL' was not initialized prior to being used
Variable 'kULWqGpW.option' was not initialized prior to being used
Variable 'relax.terms.json.nucleotide_gtr' was not initialized prior to being used
Variable 'Unknown' was not initialized prior to being used
Variable 'jKqFgXce.initial_value' was not initialized prior to being used
Variable 'DSxcUrPY.data_filter' was not initialized prior to being used
Row and/or column partition is empty. All the data will be used by default.
Auto-benchmarked an optimal number (2) of threads.
Set GUI update interval to every 3246-th LF evaluation.
Optimization settings:
	OPTIMIZATION_METHOD = 4
	OPTIMIZATION_PRECISION = 0.001
	MAXIMUM_ITERATIONS_PER_VARIABLE = 5000

Initial parameter values

frequencies._aux.CF3x4.p0_0 = 0.277878
frequencies._aux.CF3x4.p0_1 = 0.363221
frequencies._aux.CF3x4.p0_2 = 0.638201
frequencies._aux.CF3x4.p1_0 = 0.317146
frequencies._aux.CF3x4.p1_1 = 0.283582
frequencies._aux.CF3x4.p1_2 = 0.41299
frequencies._aux.CF3x4.p2_0 = 0.226918
frequencies._aux.CF3x4.p2_1 = 0.313687
frequencies._aux.CF3x4.p2_2 = 0.50904
Optimization finished in 6 loop passes.
180 likelihood evaluation calls and 0 matrix exponentiations calls were made

Variable 'DSxcUrPY.model_MGREV_pi' was not initialized prior to being used
Model DSxcUrPY.model_MGREV assigned to Numida_meleagris
Model DSxcUrPY.model_MGREV assigned to Oxyura_jamaicensis
Model DSxcUrPY.model_MGREV assigned to Cygnus_atratus
Model DSxcUrPY.model_MGREV assigned to Anser_cygnoides
Model DSxcUrPY.model_MGREV assigned to Node5
Model DSxcUrPY.model_MGREV assigned to Node3
Model DSxcUrPY.model_MGREV assigned to Aythya_fuligula
Model DSxcUrPY.model_MGREV assigned to Anas_platyrhynchos
Model DSxcUrPY.model_MGREV assigned to Node8
The tips of the tree:DSxcUrPY.tree_0 were matched with the species names from the data in the following numeric order (0-based) {0,2,1,3,4,5}

Pseudo-optimal path's cost 697 vs 913 for 1..k=> a 1.3099 x improvement
Partition 0 is ASSUMED to have a reversible model
Variable 'DSxcUrPY.DSxcUrPY.likelihoodFunction' was not initialized prior to being used
Variable 'DSxcUrPY.tree_0.Numida_meleagris.alpha' was not initialized prior to being used
Variable 'DSxcUrPY.tree_0.Oxyura_jamaicensis.alpha' was not initialized prior to being used
Variable 'DSxcUrPY.tree_0.Cygnus_atratus.alpha' was not initialized prior to being used
Variable 'DSxcUrPY.tree_0.Anser_cygnoides.alpha' was not initialized prior to being used
Variable 'DSxcUrPY.tree_0.Node5.alpha' was not initialized prior to being used
Variable 'DSxcUrPY.tree_0.Node3.alpha' was not initialized prior to being used
Variable 'DSxcUrPY.tree_0.Aythya_fuligula.alpha' was not initialized prior to being used
Variable 'DSxcUrPY.tree_0.Anas_platyrhynchos.alpha' was not initialized prior to being used
Variable 'DSxcUrPY.tree_0.Node8.alpha' was not initialized prior to being used
Site 14 evaluated to a 0 probability in ComputeTreeBlockByBranch
Site 86 evaluated to a 0 probability in ComputeTreeBlockByBranch
Site 14 evaluated to a 0 probability in ComputeTreeBlockByBranch
Auto-benchmarked an optimal number (1) of threads.
Set GUI update interval to every 385-th LF evaluation.
Initial guess for DSxcUrPY.tree_0.Node3.alpha is 5.48907e-06
Initial guess for DSxcUrPY.tree_0.Oxyura_jamaicensis.alpha is 0.000217409
Initial guess for DSxcUrPY.tree_0.Node5.alpha is 6.0937e-06
Initial guess for DSxcUrPY.tree_0.Cygnus_atratus.alpha is 2.84129e-05
Initial guess for DSxcUrPY.tree_0.Anser_cygnoides.alpha is 4.79221e-06
Initial guess for DSxcUrPY.tree_0.Node8.alpha is 1.80408e-05
Initial guess for DSxcUrPY.tree_0.Aythya_fuligula.alpha is 1.05436e-05
Initial guess for DSxcUrPY.tree_0.Anas_platyrhynchos.alpha is 7.62333e-06
Optimization settings:
	OPTIMIZATION_METHOD = 4
	OPTIMIZATION_PRECISION = 0.001
	MAXIMUM_ITERATIONS_PER_VARIABLE = 5000

Initial parameter values

DSxcUrPY.model_MGREV.theta_GT = 1
DSxcUrPY.model_MGREV.theta_CT = 1
DSxcUrPY.model_MGREV.theta_AC = 1
DSxcUrPY.model_MGREV.theta_CG = 1
DSxcUrPY.model_MGREV.theta_AT = 1
DSxcUrPY.model_MGREV.omega_0 = 1
DSxcUrPY.tree_0.Numida_meleagris.alpha = 0.1
DSxcUrPY.tree_0.Oxyura_jamaicensis.alpha = 0.000217409
DSxcUrPY.tree_0.Cygnus_atratus.alpha = 2.84129e-05
DSxcUrPY.tree_0.Anser_cygnoides.alpha = 4.79221e-06
DSxcUrPY.tree_0.Node5.alpha = 6.0937e-06
DSxcUrPY.tree_0.Node3.alpha = 5.48907e-06
DSxcUrPY.tree_0.Aythya_fuligula.alpha = 1.05436e-05
DSxcUrPY.tree_0.Anas_platyrhynchos.alpha = 7.62333e-06
DSxcUrPY.tree_0.Node8.alpha = 1.80408e-05
DSxcUrPY.model_MGREV.omega_1 = 1
Optimization finished in 25 loop passes.
1658 likelihood evaluation calls and 8318 matrix exponentiations calls were made

Row and/or column partition is empty. All the data will be used by default.
Auto-benchmarked an optimal number (4) of threads.
Set GUI update interval to every 2538-th LF evaluation.
Optimization settings:
	OPTIMIZATION_METHOD = 4
	OPTIMIZATION_PRECISION = 0.001
	MAXIMUM_ITERATIONS_PER_VARIABLE = 5000

Initial parameter values

frequencies._aux.CF3x4.p0_0 = 0.277878
frequencies._aux.CF3x4.p0_1 = 0.363221
frequencies._aux.CF3x4.p0_2 = 0.638201
frequencies._aux.CF3x4.p1_0 = 0.317146
frequencies._aux.CF3x4.p1_1 = 0.283582
frequencies._aux.CF3x4.p1_2 = 0.41299
frequencies._aux.CF3x4.p2_0 = 0.226918
frequencies._aux.CF3x4.p2_1 = 0.313687
frequencies._aux.CF3x4.p2_2 = 0.50904
Optimization finished in 6 loop passes.
182 likelihood evaluation calls and 0 matrix exponentiations calls were made

Variable 'DSxcUrPY.model_MGREV_pi' was not initialized prior to being used
Model DSxcUrPY.model_MGREV assigned to Numida_meleagris
Model DSxcUrPY.model_MGREV assigned to Oxyura_jamaicensis
Model DSxcUrPY.model_MGREV assigned to Cygnus_atratus
Model DSxcUrPY.model_MGREV assigned to Anser_cygnoides
Model DSxcUrPY.model_MGREV assigned to Node5
Model DSxcUrPY.model_MGREV assigned to Node3
Model DSxcUrPY.model_MGREV assigned to Aythya_fuligula
Model DSxcUrPY.model_MGREV assigned to Anas_platyrhynchos
Model DSxcUrPY.model_MGREV assigned to Node8
The tips of the tree:DSxcUrPY.tree_0 were matched with the species names from the data in the following numeric order (0-based) {0,2,1,3,4,5}

Pseudo-optimal path's cost 697 vs 913 for 1..k=> a 1.3099 x improvement
Partition 0 is ASSUMED to have a reversible model
Variable 'DSxcUrPY.tree_0.Aythya_fuligula.alpha' was not initialized prior to being used
Variable 'DSxcUrPY.tree_0.Node3.alpha' was not initialized prior to being used
Variable 'DSxcUrPY.tree_0.Anas_platyrhynchos.alpha' was not initialized prior to being used
Variable 'DSxcUrPY.tree_0.Numida_meleagris.alpha' was not initialized prior to being used
Variable 'DSxcUrPY.tree_0.Node5.alpha' was not initialized prior to being used
Variable 'DSxcUrPY.tree_0.Anser_cygnoides.alpha' was not initialized prior to being used
Variable 'DSxcUrPY.tree_0.Oxyura_jamaicensis.alpha' was not initialized prior to being used
Variable 'DSxcUrPY.tree_0.Cygnus_atratus.alpha' was not initialized prior to being used
Variable 'DSxcUrPY.tree_0.Node8.alpha' was not initialized prior to being used
Site 14 evaluated to a 0 probability in ComputeTreeBlockByBranch
Site 86 evaluated to a 0 probability in ComputeTreeBlockByBranch
Site 14 evaluated to a 0 probability in ComputeTreeBlockByBranch
Site 88 evaluated to a 0 probability in ComputeTreeBlockByBranch
Site 42 evaluated to a 0 probability in ComputeTreeBlockByBranch
Site 14 evaluated to a 0 probability in ComputeTreeBlockByBranch
Auto-benchmarked an optimal number (2) of threads.
Set GUI update interval to every 619-th LF evaluation.
Initial guess for DSxcUrPY.tree_0.Node3.alpha is 5.48907e-06
Initial guess for DSxcUrPY.tree_0.Oxyura_jamaicensis.alpha is 0.000217409
Initial guess for DSxcUrPY.tree_0.Node5.alpha is 6.0937e-06
Initial guess for DSxcUrPY.tree_0.Cygnus_atratus.alpha is 2.84129e-05
Initial guess for DSxcUrPY.tree_0.Anser_cygnoides.alpha is 4.79221e-06
Initial guess for DSxcUrPY.tree_0.Node8.alpha is 1.80408e-05
Initial guess for DSxcUrPY.tree_0.Aythya_fuligula.alpha is 1.05436e-05
Initial guess for DSxcUrPY.tree_0.Anas_platyrhynchos.alpha is 7.62333e-06
Optimization settings:
	OPTIMIZATION_METHOD = 4
	OPTIMIZATION_PRECISION = 0.001
	MAXIMUM_ITERATIONS_PER_VARIABLE = 5000

Initial parameter values

DSxcUrPY.model_MGREV.theta_CG = 1
DSxcUrPY.model_MGREV.theta_AT = 1
DSxcUrPY.model_MGREV.theta_AC = 1
DSxcUrPY.model_MGREV.theta_CT = 1
DSxcUrPY.model_MGREV.theta_GT = 1
DSxcUrPY.model_MGREV.omega_0 = 1
DSxcUrPY.tree_0.Numida_meleagris.alpha = 0.1
DSxcUrPY.tree_0.Oxyura_jamaicensis.alpha = 0.000217409
DSxcUrPY.tree_0.Cygnus_atratus.alpha = 2.84129e-05
DSxcUrPY.tree_0.Anser_cygnoides.alpha = 4.79221e-06
DSxcUrPY.tree_0.Node5.alpha = 6.0937e-06
DSxcUrPY.tree_0.Node3.alpha = 5.48907e-06
DSxcUrPY.tree_0.Aythya_fuligula.alpha = 1.05436e-05
DSxcUrPY.tree_0.Anas_platyrhynchos.alpha = 7.62333e-06
DSxcUrPY.tree_0.Node8.alpha = 1.80408e-05
DSxcUrPY.model_MGREV.omega_1 = 1
Optimization finished in 25 loop passes.
1856 likelihood evaluation calls and 9013 matrix exponentiations calls were made

Overwritten previously defined function:'PgSBNhoL.rate_generator'
Overwritten previously defined function:'PgSBNhoL.rate_generator'
Auto-benchmarked an optimal number (3) of threads.
Set GUI update interval to every 2994-th LF evaluation.
Optimization settings:
	OPTIMIZATION_METHOD = 4
	OPTIMIZATION_PRECISION = 0.001
	MAXIMUM_ITERATIONS_PER_VARIABLE = 5000

Initial parameter values

frequencies._aux.CF3x4.p0_0 = 0.277878
frequencies._aux.CF3x4.p0_1 = 0.363221
frequencies._aux.CF3x4.p0_2 = 0.638201
frequencies._aux.CF3x4.p1_0 = 0.317146
frequencies._aux.CF3x4.p1_1 = 0.283582
frequencies._aux.CF3x4.p1_2 = 0.41299
frequencies._aux.CF3x4.p2_0 = 0.226918
frequencies._aux.CF3x4.p2_1 = 0.313687
frequencies._aux.CF3x4.p2_2 = 0.50904
Optimization finished in 6 loop passes.
181 likelihood evaluation calls and 0 matrix exponentiations calls were made

Variable 'relax.test_pi' was not initialized prior to being used
Overwritten previously defined function:'PgSBNhoL.rate_generator'
Overwritten previously defined function:'PgSBNhoL.rate_generator'
Overwritten previously defined function:'PgSBNhoL.rate_generator'
Auto-benchmarked an optimal number (3) of threads.
Set GUI update interval to every 2500-th LF evaluation.
Optimization settings:
	OPTIMIZATION_METHOD = 4
	OPTIMIZATION_PRECISION = 0.001
	MAXIMUM_ITERATIONS_PER_VARIABLE = 5000

Initial parameter values

frequencies._aux.CF3x4.p0_0 = 0.277878
frequencies._aux.CF3x4.p0_1 = 0.363221
frequencies._aux.CF3x4.p0_2 = 0.638201
frequencies._aux.CF3x4.p1_0 = 0.317146
frequencies._aux.CF3x4.p1_1 = 0.283582
frequencies._aux.CF3x4.p1_2 = 0.41299
frequencies._aux.CF3x4.p2_0 = 0.226918
frequencies._aux.CF3x4.p2_1 = 0.313687
frequencies._aux.CF3x4.p2_2 = 0.50904
Optimization finished in 6 loop passes.
181 likelihood evaluation calls and 0 matrix exponentiations calls were made

Variable 'relax.reference_pi' was not initialized prior to being used
No nodel was assigned to Numida_meleagris
No nodel was assigned to Oxyura_jamaicensis
No nodel was assigned to Cygnus_atratus
No nodel was assigned to Anser_cygnoides
No nodel was assigned to Node5
No nodel was assigned to Node3
No nodel was assigned to Aythya_fuligula
No nodel was assigned to Anas_platyrhynchos
No nodel was assigned to Node8
The tips of the tree:FSkPfVYb.tree_id_0 were matched with the species names from the data in the following numeric order (0-based) {0,2,1,3,4,5}

Pseudo-optimal path's cost 697 vs 913 for 1..k=> a 1.3099 x improvement
Partition 0 is ASSUMED to have a reversible model
relax.reference.theta_AC was already constrained in estimators.SetGlobals2
relax.reference.theta_AG was already constrained in estimators.SetGlobals2
relax.reference.theta_AT was already constrained in estimators.SetGlobals2
relax.reference.theta_CG was already constrained in estimators.SetGlobals2
relax.reference.theta_CT was already constrained in estimators.SetGlobals2
relax.reference.theta_GT was already constrained in estimators.SetGlobals2
relax.test.theta_AG was already constrained in estimators.SetGlobals2
Variable 'FSkPfVYb.tree_id_0.Numida_meleagris.t' was not initialized prior to being used
models.generic.SetBranchLength: FSkPfVYb.tree_id_0.Numida_meleagris.t=1.218452629960012
Variable 'FSkPfVYb.tree_id_0.Oxyura_jamaicensis.t' was not initialized prior to being used
models.generic.SetBranchLength: FSkPfVYb.tree_id_0.Oxyura_jamaicensis.t=0.139678780117151
Variable 'FSkPfVYb.tree_id_0.Cygnus_atratus.t' was not initialized prior to being used
models.generic.SetBranchLength: FSkPfVYb.tree_id_0.Cygnus_atratus.t=0.01866935689031748
Variable 'FSkPfVYb.tree_id_0.Anser_cygnoides.t' was not initialized prior to being used
models.generic.SetBranchLength: FSkPfVYb.tree_id_0.Anser_cygnoides.t=0.05642643018390025
Variable 'FSkPfVYb.tree_id_0.Node5.t' was not initialized prior to being used
models.generic.SetBranchLength: FSkPfVYb.tree_id_0.Node5.t=0.03050681896506079
Variable 'FSkPfVYb.tree_id_0.Node3.t' was not initialized prior to being used
models.generic.SetBranchLength: FSkPfVYb.tree_id_0.Node3.t=0.03455444047830811
Variable 'FSkPfVYb.tree_id_0.Aythya_fuligula.t' was not initialized prior to being used
models.generic.SetBranchLength: FSkPfVYb.tree_id_0.Aythya_fuligula.t=0.03685131643255187
Variable 'FSkPfVYb.tree_id_0.Anas_platyrhynchos.t' was not initialized prior to being used
models.generic.SetBranchLength: FSkPfVYb.tree_id_0.Anas_platyrhynchos.t=0.05690019773404064
Variable 'FSkPfVYb.tree_id_0.Node8.t' was not initialized prior to being used
models.generic.SetBranchLength: FSkPfVYb.tree_id_0.Node8.t=0.0865389509090044
Variable 'FSkPfVYb.FSkPfVYb.likelihoodFunction' was not initialized prior to being used
Auto-benchmarked an optimal number (2) of threads.
Set GUI update interval to every 14-th LF evaluation.
Optimization settings:
	OPTIMIZATION_METHOD = 4
	OPTIMIZATION_PRECISION = 0.001
	MAXIMUM_ITERATIONS_PER_VARIABLE = 5000

Initial parameter values

relax.reference.omega3 = 7.27482
relax.reference.omega2 = 0.4601
relax.reference.bsrel_mixture_aux_0 = 0.45
relax.test.theta_GT = 0.314713
relax.reference.omega1 = 0.145496
relax.reference.bsrel_mixture_aux_1 = 0.818182
relax.test.theta_CT = 0.93288
relax.test.theta_AC = 0.250211
relax.test.theta_AT = 0.330732
relax.test.theta_CG = 0.432726
relax.K = 1
FSkPfVYb.tree_id_0.Numida_meleagris.t = 1.21845
FSkPfVYb.tree_id_0.Oxyura_jamaicensis.t = 0.139679
FSkPfVYb.tree_id_0.Cygnus_atratus.t = 0.0186694
FSkPfVYb.tree_id_0.Anser_cygnoides.t = 0.0564264
FSkPfVYb.tree_id_0.Node5.t = 0.0305068
FSkPfVYb.tree_id_0.Node3.t = 0.0345544
FSkPfVYb.tree_id_0.Aythya_fuligula.t = 0.0368513
FSkPfVYb.tree_id_0.Anas_platyrhynchos.t = 0.0569002
FSkPfVYb.tree_id_0.Node8.t = 0.086539
Optimization finished in 123 loop passes.
9725 likelihood evaluation calls and 187158 matrix exponentiations calls were made

Variable 'MPI_NODE_COUNT' was not initialized prior to being used
Variable 'igIciMur.FSkPfVYb.likelihoodFunction' was not initialized prior to being used
Auto-benchmarked an optimal number (2) of threads.
Set GUI update interval to every 48-th LF evaluation.
Optimization settings:
	OPTIMIZATION_METHOD = 4
	OPTIMIZATION_PRECISION = 0.001
	MAXIMUM_ITERATIONS_PER_VARIABLE = 5000

Initial parameter values

relax.reference.omega3 = 1
relax.reference.omega2 = 0
relax.reference.bsrel_mixture_aux_0 = 0.684488
relax.test.theta_GT = 0.304871
relax.reference.omega1 = 0.292951
relax.reference.bsrel_mixture_aux_1 = 0.929191
relax.test.theta_CT = 0.926466
relax.test.theta_AC = 0.244083
relax.test.theta_AT = 0.325363
relax.test.theta_CG = 0.425018
FSkPfVYb.tree_id_0.Numida_meleagris.t = 0.594016
FSkPfVYb.tree_id_0.Oxyura_jamaicensis.t = 0.107202
FSkPfVYb.tree_id_0.Cygnus_atratus.t = 0.0142795
FSkPfVYb.tree_id_0.Anser_cygnoides.t = 0.0429808
FSkPfVYb.tree_id_0.Node5.t = 0.0232945
FSkPfVYb.tree_id_0.Node3.t = 0.0264623
FSkPfVYb.tree_id_0.Aythya_fuligula.t = 0.0281305
FSkPfVYb.tree_id_0.Anas_platyrhynchos.t = 0.0434288
FSkPfVYb.tree_id_0.Node8.t = 0.0662413
Optimization finished in 13 loop passes.
1023 likelihood evaluation calls and 18498 matrix exponentiations calls were made

Variable 'USE_JSON_FOR_MATRIX' was not initialized prior to being used