
Loaded 'libv3/convenience/matrix.bf' from /usr/local/lib/hyphy/TemplateBatchFiles/libv3/convenience/matrix.bf
Loaded 'libv3/UtilityFunctions.bf' from /usr/local/lib/hyphy/TemplateBatchFiles/libv3/UtilityFunctions.bf
Loaded 'IOFunctions.bf' from /usr/local/lib/hyphy/TemplateBatchFiles/libv3/IOFunctions.bf
Already loaded 'libv3/UtilityFunctions.bf' from /usr/local/lib/hyphy/TemplateBatchFiles/libv3/UtilityFunctions.bf
Loaded 'convenience/regexp.bf' from /usr/local/lib/hyphy/TemplateBatchFiles/libv3/convenience/regexp.bf
Loaded 'libv3/all-terms.bf' from /usr/local/lib/hyphy/TemplateBatchFiles/libv3/all-terms.bf
Variable 'skipCodeSelectionStep' was not initialized prior to being used
Row and/or column partition is empty. All the data will be used by default.
Overwritten previously defined function:'GaussLaguerreQuardature'
Overwritten previously defined function:'GammaQuadWeight'
Variable 'SKIP_HARVEST_FREQ' was not initialized prior to being used
Variable '_WRAP_PASSTHROUGH_FLAG_' was not initialized prior to being used
Variable 'END_OF_FILE' was not initialized prior to being used
Variable '_DO_TREE_REBALANCE_' was not initialized prior to being used
Variable '_KEEP_I_LABELS_' was not initialized prior to being used
Model MG94customModel assigned to Ochotona_princeps
Ochotona_princeps has 2 parameters - branch length not assigned
Model MG94customModel assigned to Fukomys_damarensis
Fukomys_damarensis has 2 parameters - branch length not assigned
Model MG94customModel assigned to Cavia_porcellus
Cavia_porcellus has 2 parameters - branch length not assigned
Model MG94customModel assigned to Cavia_aperea
Cavia_aperea has 2 parameters - branch length not assigned
Model MG94customModel assigned to Node6
Node6 has 2 parameters - branch length not assigned
Model MG94customModel assigned to Octodon_degus
Octodon_degus has 2 parameters - branch length not assigned
Model MG94customModel assigned to Chinchilla_lanigera
Chinchilla_lanigera has 2 parameters - branch length not assigned
Model MG94customModel assigned to Node9
Node9 has 2 parameters - branch length not assigned
Model MG94customModel assigned to Node5
Node5 has 2 parameters - branch length not assigned
Model MG94customModel assigned to Node3
Node3 has 2 parameters - branch length not assigned
Model MG94customModel assigned to Sciurus_vulgaris
Sciurus_vulgaris has 2 parameters - branch length not assigned
Model MG94customModel assigned to Node2
Node2 has 2 parameters - branch length not assigned
Rooted tree. Removing one branch - the right root child has been promoted to be the new root
The tips of the tree:givenTree were matched with the species names from the data in the following numeric order (0-based) {0,5,1,2,4,3,6}

Pseudo-optimal path's cost 1173 vs 1385 for 1..k=> a 1.18073 x improvement
Partition 0 reversible model flag computed as 1
Variable 'theLnLik' was not initialized prior to being used
Variable 'SAVE_OPT_STATUS_TO' was not initialized prior to being used
Variable 'givenTree.Ochotona_princeps.nonSynRate' was not initialized prior to being used
Variable 'givenTree.Ochotona_princeps.synRate' was not initialized prior to being used
Variable 'givenTree.Fukomys_damarensis.nonSynRate' was not initialized prior to being used
Variable 'givenTree.Fukomys_damarensis.synRate' was not initialized prior to being used
Variable 'givenTree.Cavia_porcellus.nonSynRate' was not initialized prior to being used
Variable 'givenTree.Cavia_porcellus.synRate' was not initialized prior to being used
Variable 'givenTree.Cavia_aperea.nonSynRate' was not initialized prior to being used
Variable 'givenTree.Cavia_aperea.synRate' was not initialized prior to being used
Variable 'givenTree.Octodon_degus.nonSynRate' was not initialized prior to being used
Variable 'givenTree.Octodon_degus.synRate' was not initialized prior to being used
Variable 'givenTree.Chinchilla_lanigera.nonSynRate' was not initialized prior to being used
Variable 'givenTree.Chinchilla_lanigera.synRate' was not initialized prior to being used
Variable 'givenTree.Sciurus_vulgaris.nonSynRate' was not initialized prior to being used
Variable 'givenTree.Sciurus_vulgaris.synRate' was not initialized prior to being used
Variable 'givenTree.Node6.nonSynRate' was not initialized prior to being used
Variable 'givenTree.Node6.synRate' was not initialized prior to being used
Variable 'givenTree.Node9.nonSynRate' was not initialized prior to being used
Variable 'givenTree.Node9.synRate' was not initialized prior to being used
Variable 'givenTree.Node5.nonSynRate' was not initialized prior to being used
Variable 'givenTree.Node5.synRate' was not initialized prior to being used
Variable 'givenTree.Node3.nonSynRate' was not initialized prior to being used
Variable 'givenTree.Node3.synRate' was not initialized prior to being used
Site 3 evaluated to a 0 probability in ComputeTreeBlockByBranch
Site 3 evaluated to a 0 probability in ComputeTreeBlockByBranch
Site 80 evaluated to a 0 probability in ComputeTreeBlockByBranch
Site 3 evaluated to a 0 probability in ComputeTreeBlockByBranch
Site 46 evaluated to a 0 probability in ComputeTreeBlockByBranch
Site 90 evaluated to a 0 probability in ComputeTreeBlockByBranch
Site 3 evaluated to a 0 probability in ComputeTreeBlockByBranch
Site 114 evaluated to a 0 probability in ComputeTreeBlockByBranch
Site 111 evaluated to a 0 probability in ComputeTreeBlockByBranch
Site 118 evaluated to a 0 probability in ComputeTreeBlockByBranch
Site 3 evaluated to a 0 probability in ComputeTreeBlockByBranch
Site 66 evaluated to a 0 probability in ComputeTreeBlockByBranch
Site 127 evaluated to a 0 probability in ComputeTreeBlockByBranch
Site 67 evaluated to a 0 probability in ComputeTreeBlockByBranch
Site 121 evaluated to a 0 probability in ComputeTreeBlockByBranch
Site 3 evaluated to a 0 probability in ComputeTreeBlockByBranch
Site 90 evaluated to a 0 probability in ComputeTreeBlockByBranch
Site 123 evaluated to a 0 probability in ComputeTreeBlockByBranch
Site 5 evaluated to a 0 probability in ComputeTreeBlockByBranch
Site 122 evaluated to a 0 probability in ComputeTreeBlockByBranch
Site 8 evaluated to a 0 probability in ComputeTreeBlockByBranch
Auto-benchmarked an optimal number (5) of threads.
Set GUI update interval to every 473-th LF evaluation.
Initial guess for givenTree.Node3.nonSynRate is 0.0833905
Initial guess for givenTree.Node3.synRate is 0.0510488
Initial guess for givenTree.Fukomys_damarensis.nonSynRate is 0.103323
Initial guess for givenTree.Fukomys_damarensis.synRate is 0.102604
Initial guess for givenTree.Node5.nonSynRate is 0.0239108
Initial guess for givenTree.Node5.synRate is 0.00730549
Initial guess for givenTree.Node6.nonSynRate is 0.0719229
Initial guess for givenTree.Node6.synRate is 0.0313469
Initial guess for givenTree.Cavia_porcellus.nonSynRate is 0.0472302
Initial guess for givenTree.Cavia_porcellus.synRate is 0.0452068
Initial guess for givenTree.Cavia_aperea.nonSynRate is -0.000468268
Initial guess for givenTree.Cavia_aperea.synRate is -4.7358e-17
Initial guess for givenTree.Node9.nonSynRate is 0.000830889
Initial guess for givenTree.Node9.synRate is 0.00535895
Initial guess for givenTree.Octodon_degus.nonSynRate is 0.00293131
Initial guess for givenTree.Octodon_degus.synRate is -5.3815e-17
Initial guess for givenTree.Chinchilla_lanigera.nonSynRate is 0.0745584
Initial guess for givenTree.Chinchilla_lanigera.synRate is 0.0259732
Initial guess for givenTree.Sciurus_vulgaris.nonSynRate is 0.0302461
Initial guess for givenTree.Sciurus_vulgaris.synRate is 0.0148663
Optimization settings:
	OPTIMIZATION_METHOD = 4
	OPTIMIZATION_PRECISION = 0.001
	MAXIMUM_ITERATIONS_PER_VARIABLE = 5000

Initial parameter values

CT = 1
GT = 1
CG = 1
AC = 1
AT = 1
givenTree.Ochotona_princeps.synRate = 0.1
givenTree.Ochotona_princeps.nonSynRate = 0.1
givenTree.Fukomys_damarensis.synRate = 0.102604
givenTree.Fukomys_damarensis.nonSynRate = 0.103323
givenTree.Cavia_porcellus.synRate = 0.0452068
givenTree.Cavia_porcellus.nonSynRate = 0.0472302
givenTree.Cavia_aperea.synRate = 0
givenTree.Cavia_aperea.nonSynRate = 0
givenTree.Node6.synRate = 0.0313469
givenTree.Node6.nonSynRate = 0.0719229
givenTree.Octodon_degus.synRate = 0
givenTree.Octodon_degus.nonSynRate = 0.00293131
givenTree.Chinchilla_lanigera.synRate = 0.0259732
givenTree.Chinchilla_lanigera.nonSynRate = 0.0745584
givenTree.Node9.synRate = 0.00535895
givenTree.Node9.nonSynRate = 0.000830889
givenTree.Node5.synRate = 0.00730549
givenTree.Node5.nonSynRate = 0.0239108
givenTree.Node3.synRate = 0.0510488
givenTree.Node3.nonSynRate = 0.0833905
givenTree.Sciurus_vulgaris.synRate = 0.0148663
givenTree.Sciurus_vulgaris.nonSynRate = 0.0302461
Optimization finished in 20 loop passes.
2413 likelihood evaluation calls and 8919 matrix exponentiations calls were made

Variable 'lastDepth' was not initialized prior to being used
No nodel was assigned to Ochotona_princeps
Ochotona_princeps has 0 parameters - branch length not assigned
No nodel was assigned to Fukomys_damarensis
Fukomys_damarensis has 0 parameters - branch length not assigned
No nodel was assigned to Cavia_porcellus
Cavia_porcellus has 0 parameters - branch length not assigned
No nodel was assigned to Cavia_aperea
Cavia_aperea has 0 parameters - branch length not assigned
No nodel was assigned to Node6
Node6 has 0 parameters - branch length not assigned
No nodel was assigned to Octodon_degus
Octodon_degus has 0 parameters - branch length not assigned
No nodel was assigned to Chinchilla_lanigera
Chinchilla_lanigera has 0 parameters - branch length not assigned
No nodel was assigned to Node9
Node9 has 0 parameters - branch length not assigned
No nodel was assigned to Node5
Node5 has 0 parameters - branch length not assigned
No nodel was assigned to Node3
Node3 has 0 parameters - branch length not assigned
No nodel was assigned to Sciurus_vulgaris
Sciurus_vulgaris has 0 parameters - branch length not assigned
No nodel was assigned to Ochotona_princeps
Ochotona_princeps has 0 parameters - branch length not assigned
No nodel was assigned to Fukomys_damarensis
Fukomys_damarensis has 0 parameters - branch length not assigned
No nodel was assigned to Cavia_porcellus
Cavia_porcellus has 0 parameters - branch length not assigned
No nodel was assigned to Cavia_aperea
Cavia_aperea has 0 parameters - branch length not assigned
No nodel was assigned to Node6
Node6 has 0 parameters - branch length not assigned
No nodel was assigned to Octodon_degus
Octodon_degus has 0 parameters - branch length not assigned
No nodel was assigned to Chinchilla_lanigera
Chinchilla_lanigera has 0 parameters - branch length not assigned
No nodel was assigned to Node9
Node9 has 0 parameters - branch length not assigned
No nodel was assigned to Node5
Node5 has 0 parameters - branch length not assigned
No nodel was assigned to Node3
Node3 has 0 parameters - branch length not assigned
No nodel was assigned to Sciurus_vulgaris
Sciurus_vulgaris has 0 parameters - branch length not assigned
No nodel was assigned to Ochotona_princeps
Ochotona_princeps has 0 parameters - branch length not assigned
No nodel was assigned to Fukomys_damarensis
Fukomys_damarensis has 0 parameters - branch length not assigned
No nodel was assigned to Cavia_porcellus
Cavia_porcellus has 0 parameters - branch length not assigned
No nodel was assigned to Cavia_aperea
Cavia_aperea has 0 parameters - branch length not assigned
No nodel was assigned to Node6
Node6 has 0 parameters - branch length not assigned
No nodel was assigned to Octodon_degus
Octodon_degus has 0 parameters - branch length not assigned
No nodel was assigned to Chinchilla_lanigera
Chinchilla_lanigera has 0 parameters - branch length not assigned
No nodel was assigned to Node9
Node9 has 0 parameters - branch length not assigned
No nodel was assigned to Node5
Node5 has 0 parameters - branch length not assigned
No nodel was assigned to Node3
Node3 has 0 parameters - branch length not assigned
No nodel was assigned to Sciurus_vulgaris
Sciurus_vulgaris has 0 parameters - branch length not assigned
No nodel was assigned to Ochotona_princeps
Ochotona_princeps has 0 parameters - branch length not assigned
No nodel was assigned to Fukomys_damarensis
Fukomys_damarensis has 0 parameters - branch length not assigned
No nodel was assigned to Cavia_porcellus
Cavia_porcellus has 0 parameters - branch length not assigned
No nodel was assigned to Cavia_aperea
Cavia_aperea has 0 parameters - branch length not assigned
No nodel was assigned to Node6
Node6 has 0 parameters - branch length not assigned
No nodel was assigned to Octodon_degus
Octodon_degus has 0 parameters - branch length not assigned
No nodel was assigned to Chinchilla_lanigera
Chinchilla_lanigera has 0 parameters - branch length not assigned
No nodel was assigned to Node9
Node9 has 0 parameters - branch length not assigned
No nodel was assigned to Node5
Node5 has 0 parameters - branch length not assigned
No nodel was assigned to Node3
Node3 has 0 parameters - branch length not assigned
No nodel was assigned to Sciurus_vulgaris
Sciurus_vulgaris has 0 parameters - branch length not assigned
Variable 'nodeName' was not initialized prior to being used
Variable 'speciesIndex' was not initialized prior to being used
Row and/or column partition is empty. All the data will be used by default.
Model MG94customModel assigned to Ochotona_princeps
Model MG94customModel assigned to Fukomys_damarensis
One branch tree supplied - hopefully this IS what you meant to do.
Rooted tree. Removing one branch - the left root child has been promoted to be the new root
Partition 0 reversible model flag computed as 1
Variable 'twoLnLik' was not initialized prior to being used
Variable 't2.Fukomys_damarensis.nonSynRate' was not initialized prior to being used
Variable 't2.Fukomys_damarensis.synRate' was not initialized prior to being used
Auto-benchmarked an optimal number (3) of threads.
Set GUI update interval to every 9803-th LF evaluation.
Optimization settings:
	OPTIMIZATION_METHOD = 4
	OPTIMIZATION_PRECISION = 0.001
	MAXIMUM_ITERATIONS_PER_VARIABLE = 5000

Initial parameter values

t2.Fukomys_damarensis.nonSynRate = 0.1
t2.Fukomys_damarensis.synRate = 0.1
Optimization finished in 6 loop passes.
171 likelihood evaluation calls and 153 matrix exponentiations calls were made

Row and/or column partition is empty. All the data will be used by default.
Model MG94customModel assigned to Ochotona_princeps
Model MG94customModel assigned to Cavia_porcellus
One branch tree supplied - hopefully this IS what you meant to do.
Rooted tree. Removing one branch - the left root child has been promoted to be the new root
Partition 0 reversible model flag computed as 1
Variable 't2.Cavia_porcellus.nonSynRate' was not initialized prior to being used
Variable 't2.Cavia_porcellus.synRate' was not initialized prior to being used
Auto-benchmarked an optimal number (3) of threads.
Set GUI update interval to every 9803-th LF evaluation.
Optimization settings:
	OPTIMIZATION_METHOD = 4
	OPTIMIZATION_PRECISION = 0.001
	MAXIMUM_ITERATIONS_PER_VARIABLE = 5000

Initial parameter values

t2.Cavia_porcellus.nonSynRate = 0.1
t2.Cavia_porcellus.synRate = 0.1
Optimization finished in 6 loop passes.
175 likelihood evaluation calls and 155 matrix exponentiations calls were made

Row and/or column partition is empty. All the data will be used by default.
Model MG94customModel assigned to Ochotona_princeps
Model MG94customModel assigned to Cavia_aperea
One branch tree supplied - hopefully this IS what you meant to do.
Rooted tree. Removing one branch - the left root child has been promoted to be the new root
Partition 0 reversible model flag computed as 1
Variable 't2.Cavia_aperea.synRate' was not initialized prior to being used
Variable 't2.Cavia_aperea.nonSynRate' was not initialized prior to being used
Auto-benchmarked an optimal number (3) of threads.
Set GUI update interval to every 9803-th LF evaluation.
Optimization settings:
	OPTIMIZATION_METHOD = 4
	OPTIMIZATION_PRECISION = 0.001
	MAXIMUM_ITERATIONS_PER_VARIABLE = 5000

Initial parameter values

t2.Cavia_aperea.synRate = 0.1
t2.Cavia_aperea.nonSynRate = 0.1
Optimization finished in 6 loop passes.
193 likelihood evaluation calls and 175 matrix exponentiations calls were made

Row and/or column partition is empty. All the data will be used by default.
Model MG94customModel assigned to Ochotona_princeps
Model MG94customModel assigned to Octodon_degus
One branch tree supplied - hopefully this IS what you meant to do.
Rooted tree. Removing one branch - the left root child has been promoted to be the new root
Partition 0 reversible model flag computed as 1
Variable 't2.Octodon_degus.nonSynRate' was not initialized prior to being used
Variable 't2.Octodon_degus.synRate' was not initialized prior to being used
Auto-benchmarked an optimal number (3) of threads.
Set GUI update interval to every 9803-th LF evaluation.
Optimization settings:
	OPTIMIZATION_METHOD = 4
	OPTIMIZATION_PRECISION = 0.001
	MAXIMUM_ITERATIONS_PER_VARIABLE = 5000

Initial parameter values

t2.Octodon_degus.nonSynRate = 0.1
t2.Octodon_degus.synRate = 0.1
Optimization finished in 6 loop passes.
174 likelihood evaluation calls and 158 matrix exponentiations calls were made

Row and/or column partition is empty. All the data will be used by default.
Model MG94customModel assigned to Ochotona_princeps
Model MG94customModel assigned to Chinchilla_lanigera
One branch tree supplied - hopefully this IS what you meant to do.
Rooted tree. Removing one branch - the left root child has been promoted to be the new root
Partition 0 reversible model flag computed as 1
Variable 't2.Chinchilla_lanigera.synRate' was not initialized prior to being used
Variable 't2.Chinchilla_lanigera.nonSynRate' was not initialized prior to being used
Auto-benchmarked an optimal number (3) of threads.
Set GUI update interval to every 9803-th LF evaluation.
Optimization settings:
	OPTIMIZATION_METHOD = 4
	OPTIMIZATION_PRECISION = 0.001
	MAXIMUM_ITERATIONS_PER_VARIABLE = 5000

Initial parameter values

t2.Chinchilla_lanigera.synRate = 0.1
t2.Chinchilla_lanigera.nonSynRate = 0.1
Optimization finished in 6 loop passes.
198 likelihood evaluation calls and 180 matrix exponentiations calls were made

Row and/or column partition is empty. All the data will be used by default.
Model MG94customModel assigned to Ochotona_princeps
Model MG94customModel assigned to Sciurus_vulgaris
One branch tree supplied - hopefully this IS what you meant to do.
Rooted tree. Removing one branch - the left root child has been promoted to be the new root
Partition 0 reversible model flag computed as 1
Variable 't2.Sciurus_vulgaris.synRate' was not initialized prior to being used
Variable 't2.Sciurus_vulgaris.nonSynRate' was not initialized prior to being used
Auto-benchmarked an optimal number (3) of threads.
Set GUI update interval to every 9615-th LF evaluation.
Optimization settings:
	OPTIMIZATION_METHOD = 4
	OPTIMIZATION_PRECISION = 0.001
	MAXIMUM_ITERATIONS_PER_VARIABLE = 5000

Initial parameter values

t2.Sciurus_vulgaris.synRate = 0.1
t2.Sciurus_vulgaris.nonSynRate = 0.1
Optimization finished in 5 loop passes.
183 likelihood evaluation calls and 166 matrix exponentiations calls were made

Row and/or column partition is empty. All the data will be used by default.
Model MG94customModel assigned to Fukomys_damarensis
Model MG94customModel assigned to Cavia_porcellus
One branch tree supplied - hopefully this IS what you meant to do.
Rooted tree. Removing one branch - the left root child has been promoted to be the new root
Partition 0 reversible model flag computed as 1
Variable 't2.Cavia_porcellus.nonSynRate' was not initialized prior to being used
Variable 't2.Cavia_porcellus.synRate' was not initialized prior to being used
Auto-benchmarked an optimal number (3) of threads.
Set GUI update interval to every 9615-th LF evaluation.
Optimization settings:
	OPTIMIZATION_METHOD = 4
	OPTIMIZATION_PRECISION = 0.001
	MAXIMUM_ITERATIONS_PER_VARIABLE = 5000

Initial parameter values

t2.Cavia_porcellus.nonSynRate = 0.1
t2.Cavia_porcellus.synRate = 0.1
Optimization finished in 3 loop passes.
99 likelihood evaluation calls and 86 matrix exponentiations calls were made

Row and/or column partition is empty. All the data will be used by default.
Model MG94customModel assigned to Fukomys_damarensis
Model MG94customModel assigned to Cavia_aperea
One branch tree supplied - hopefully this IS what you meant to do.
Rooted tree. Removing one branch - the left root child has been promoted to be the new root
Partition 0 reversible model flag computed as 1
Variable 't2.Cavia_aperea.nonSynRate' was not initialized prior to being used
Variable 't2.Cavia_aperea.synRate' was not initialized prior to being used
Auto-benchmarked an optimal number (3) of threads.
Set GUI update interval to every 9433-th LF evaluation.
Optimization settings:
	OPTIMIZATION_METHOD = 4
	OPTIMIZATION_PRECISION = 0.001
	MAXIMUM_ITERATIONS_PER_VARIABLE = 5000

Initial parameter values

t2.Cavia_aperea.nonSynRate = 0.1
t2.Cavia_aperea.synRate = 0.1
Optimization finished in 6 loop passes.
148 likelihood evaluation calls and 133 matrix exponentiations calls were made

Row and/or column partition is empty. All the data will be used by default.
Model MG94customModel assigned to Fukomys_damarensis
Model MG94customModel assigned to Octodon_degus
One branch tree supplied - hopefully this IS what you meant to do.
Rooted tree. Removing one branch - the left root child has been promoted to be the new root
Partition 0 reversible model flag computed as 1
Variable 't2.Octodon_degus.nonSynRate' was not initialized prior to being used
Variable 't2.Octodon_degus.synRate' was not initialized prior to being used
Auto-benchmarked an optimal number (3) of threads.
Set GUI update interval to every 9803-th LF evaluation.
Optimization settings:
	OPTIMIZATION_METHOD = 4
	OPTIMIZATION_PRECISION = 0.001
	MAXIMUM_ITERATIONS_PER_VARIABLE = 5000

Initial parameter values

t2.Octodon_degus.nonSynRate = 0.1
t2.Octodon_degus.synRate = 0.1
Optimization finished in 5 loop passes.
157 likelihood evaluation calls and 143 matrix exponentiations calls were made

Row and/or column partition is empty. All the data will be used by default.
Model MG94customModel assigned to Fukomys_damarensis
Model MG94customModel assigned to Chinchilla_lanigera
One branch tree supplied - hopefully this IS what you meant to do.
Rooted tree. Removing one branch - the left root child has been promoted to be the new root
Partition 0 reversible model flag computed as 1
Variable 't2.Chinchilla_lanigera.synRate' was not initialized prior to being used
Variable 't2.Chinchilla_lanigera.nonSynRate' was not initialized prior to being used
Auto-benchmarked an optimal number (4) of threads.
Set GUI update interval to every 9803-th LF evaluation.
Optimization settings:
	OPTIMIZATION_METHOD = 4
	OPTIMIZATION_PRECISION = 0.001
	MAXIMUM_ITERATIONS_PER_VARIABLE = 5000

Initial parameter values

t2.Chinchilla_lanigera.synRate = 0.1
t2.Chinchilla_lanigera.nonSynRate = 0.1
Optimization finished in 6 loop passes.
182 likelihood evaluation calls and 167 matrix exponentiations calls were made

Row and/or column partition is empty. All the data will be used by default.
Model MG94customModel assigned to Fukomys_damarensis
Model MG94customModel assigned to Sciurus_vulgaris
One branch tree supplied - hopefully this IS what you meant to do.
Rooted tree. Removing one branch - the left root child has been promoted to be the new root
Partition 0 reversible model flag computed as 1
Variable 't2.Sciurus_vulgaris.nonSynRate' was not initialized prior to being used
Variable 't2.Sciurus_vulgaris.synRate' was not initialized prior to being used
Auto-benchmarked an optimal number (3) of threads.
Set GUI update interval to every 9803-th LF evaluation.
Optimization settings:
	OPTIMIZATION_METHOD = 4
	OPTIMIZATION_PRECISION = 0.001
	MAXIMUM_ITERATIONS_PER_VARIABLE = 5000

Initial parameter values

t2.Sciurus_vulgaris.nonSynRate = 0.1
t2.Sciurus_vulgaris.synRate = 0.1
Optimization finished in 5 loop passes.
183 likelihood evaluation calls and 168 matrix exponentiations calls were made

Row and/or column partition is empty. All the data will be used by default.
Model MG94customModel assigned to Cavia_porcellus
Model MG94customModel assigned to Cavia_aperea
One branch tree supplied - hopefully this IS what you meant to do.
Rooted tree. Removing one branch - the left root child has been promoted to be the new root
Partition 0 reversible model flag computed as 1
Variable 't2.Cavia_aperea.nonSynRate' was not initialized prior to being used
Variable 't2.Cavia_aperea.synRate' was not initialized prior to being used
Auto-benchmarked an optimal number (3) of threads.
Set GUI update interval to every 9803-th LF evaluation.
Optimization settings:
	OPTIMIZATION_METHOD = 4
	OPTIMIZATION_PRECISION = 0.001
	MAXIMUM_ITERATIONS_PER_VARIABLE = 5000

Initial parameter values

t2.Cavia_aperea.nonSynRate = 0.1
t2.Cavia_aperea.synRate = 0.1
Optimization finished in 6 loop passes.
150 likelihood evaluation calls and 135 matrix exponentiations calls were made

Row and/or column partition is empty. All the data will be used by default.
Model MG94customModel assigned to Cavia_porcellus
Model MG94customModel assigned to Octodon_degus
One branch tree supplied - hopefully this IS what you meant to do.
Rooted tree. Removing one branch - the left root child has been promoted to be the new root
Partition 0 reversible model flag computed as 1
Variable 't2.Octodon_degus.nonSynRate' was not initialized prior to being used
Variable 't2.Octodon_degus.synRate' was not initialized prior to being used
Auto-benchmarked an optimal number (5) of threads.
Set GUI update interval to every 10204-th LF evaluation.
Optimization settings:
	OPTIMIZATION_METHOD = 4
	OPTIMIZATION_PRECISION = 0.001
	MAXIMUM_ITERATIONS_PER_VARIABLE = 5000

Initial parameter values

t2.Octodon_degus.nonSynRate = 0.1
t2.Octodon_degus.synRate = 0.1
Optimization finished in 6 loop passes.
194 likelihood evaluation calls and 179 matrix exponentiations calls were made

Row and/or column partition is empty. All the data will be used by default.
Model MG94customModel assigned to Cavia_porcellus
Model MG94customModel assigned to Chinchilla_lanigera
One branch tree supplied - hopefully this IS what you meant to do.
Rooted tree. Removing one branch - the left root child has been promoted to be the new root
Partition 0 reversible model flag computed as 1
Variable 't2.Chinchilla_lanigera.synRate' was not initialized prior to being used
Variable 't2.Chinchilla_lanigera.nonSynRate' was not initialized prior to being used
Auto-benchmarked an optimal number (4) of threads.
Set GUI update interval to every 10000-th LF evaluation.
Optimization settings:
	OPTIMIZATION_METHOD = 4
	OPTIMIZATION_PRECISION = 0.001
	MAXIMUM_ITERATIONS_PER_VARIABLE = 5000

Initial parameter values

t2.Chinchilla_lanigera.synRate = 0.1
t2.Chinchilla_lanigera.nonSynRate = 0.1
Optimization finished in 6 loop passes.
197 likelihood evaluation calls and 181 matrix exponentiations calls were made

Row and/or column partition is empty. All the data will be used by default.
Model MG94customModel assigned to Cavia_porcellus
Model MG94customModel assigned to Sciurus_vulgaris
One branch tree supplied - hopefully this IS what you meant to do.
Rooted tree. Removing one branch - the left root child has been promoted to be the new root
Partition 0 reversible model flag computed as 1
Variable 't2.Sciurus_vulgaris.nonSynRate' was not initialized prior to being used
Variable 't2.Sciurus_vulgaris.synRate' was not initialized prior to being used
Auto-benchmarked an optimal number (5) of threads.
Set GUI update interval to every 10204-th LF evaluation.
Optimization settings:
	OPTIMIZATION_METHOD = 4
	OPTIMIZATION_PRECISION = 0.001
	MAXIMUM_ITERATIONS_PER_VARIABLE = 5000

Initial parameter values

t2.Sciurus_vulgaris.nonSynRate = 0.1
t2.Sciurus_vulgaris.synRate = 0.1
Optimization finished in 5 loop passes.
165 likelihood evaluation calls and 150 matrix exponentiations calls were made

Row and/or column partition is empty. All the data will be used by default.
Model MG94customModel assigned to Cavia_aperea
Model MG94customModel assigned to Octodon_degus
One branch tree supplied - hopefully this IS what you meant to do.
Rooted tree. Removing one branch - the left root child has been promoted to be the new root
Partition 0 reversible model flag computed as 1
Variable 't2.Octodon_degus.nonSynRate' was not initialized prior to being used
Variable 't2.Octodon_degus.synRate' was not initialized prior to being used
Auto-benchmarked an optimal number (3) of threads.
Set GUI update interval to every 9615-th LF evaluation.
Optimization settings:
	OPTIMIZATION_METHOD = 4
	OPTIMIZATION_PRECISION = 0.001
	MAXIMUM_ITERATIONS_PER_VARIABLE = 5000

Initial parameter values

t2.Octodon_degus.nonSynRate = 0.1
t2.Octodon_degus.synRate = 0.1
Optimization finished in 6 loop passes.
203 likelihood evaluation calls and 184 matrix exponentiations calls were made

Row and/or column partition is empty. All the data will be used by default.
Model MG94customModel assigned to Cavia_aperea
Model MG94customModel assigned to Chinchilla_lanigera
One branch tree supplied - hopefully this IS what you meant to do.
Rooted tree. Removing one branch - the left root child has been promoted to be the new root
Partition 0 reversible model flag computed as 1
Variable 't2.Chinchilla_lanigera.nonSynRate' was not initialized prior to being used
Variable 't2.Chinchilla_lanigera.synRate' was not initialized prior to being used
Auto-benchmarked an optimal number (3) of threads.
Set GUI update interval to every 10000-th LF evaluation.
Optimization settings:
	OPTIMIZATION_METHOD = 4
	OPTIMIZATION_PRECISION = 0.001
	MAXIMUM_ITERATIONS_PER_VARIABLE = 5000

Initial parameter values

t2.Chinchilla_lanigera.nonSynRate = 0.1
t2.Chinchilla_lanigera.synRate = 0.1
Optimization finished in 5 loop passes.
152 likelihood evaluation calls and 134 matrix exponentiations calls were made

Row and/or column partition is empty. All the data will be used by default.
Model MG94customModel assigned to Cavia_aperea
Model MG94customModel assigned to Sciurus_vulgaris
One branch tree supplied - hopefully this IS what you meant to do.
Rooted tree. Removing one branch - the left root child has been promoted to be the new root
Partition 0 reversible model flag computed as 1
Variable 't2.Sciurus_vulgaris.nonSynRate' was not initialized prior to being used
Variable 't2.Sciurus_vulgaris.synRate' was not initialized prior to being used
Auto-benchmarked an optimal number (5) of threads.
Set GUI update interval to every 10000-th LF evaluation.
Optimization settings:
	OPTIMIZATION_METHOD = 4
	OPTIMIZATION_PRECISION = 0.001
	MAXIMUM_ITERATIONS_PER_VARIABLE = 5000

Initial parameter values

t2.Sciurus_vulgaris.nonSynRate = 0.1
t2.Sciurus_vulgaris.synRate = 0.1
Optimization finished in 6 loop passes.
176 likelihood evaluation calls and 160 matrix exponentiations calls were made

Row and/or column partition is empty. All the data will be used by default.
Model MG94customModel assigned to Octodon_degus
Model MG94customModel assigned to Chinchilla_lanigera
One branch tree supplied - hopefully this IS what you meant to do.
Rooted tree. Removing one branch - the left root child has been promoted to be the new root
Partition 0 reversible model flag computed as 1
Variable 't2.Chinchilla_lanigera.nonSynRate' was not initialized prior to being used
Variable 't2.Chinchilla_lanigera.synRate' was not initialized prior to being used
Auto-benchmarked an optimal number (5) of threads.
Set GUI update interval to every 10204-th LF evaluation.
Optimization settings:
	OPTIMIZATION_METHOD = 4
	OPTIMIZATION_PRECISION = 0.001
	MAXIMUM_ITERATIONS_PER_VARIABLE = 5000

Initial parameter values

t2.Chinchilla_lanigera.nonSynRate = 0.1
t2.Chinchilla_lanigera.synRate = 0.1
Optimization finished in 6 loop passes.
175 likelihood evaluation calls and 159 matrix exponentiations calls were made

Row and/or column partition is empty. All the data will be used by default.
Model MG94customModel assigned to Octodon_degus
Model MG94customModel assigned to Sciurus_vulgaris
One branch tree supplied - hopefully this IS what you meant to do.
Rooted tree. Removing one branch - the left root child has been promoted to be the new root
Partition 0 reversible model flag computed as 1
Variable 't2.Sciurus_vulgaris.nonSynRate' was not initialized prior to being used
Variable 't2.Sciurus_vulgaris.synRate' was not initialized prior to being used
Auto-benchmarked an optimal number (3) of threads.
Set GUI update interval to every 9803-th LF evaluation.
Optimization settings:
	OPTIMIZATION_METHOD = 4
	OPTIMIZATION_PRECISION = 0.001
	MAXIMUM_ITERATIONS_PER_VARIABLE = 5000

Initial parameter values

t2.Sciurus_vulgaris.nonSynRate = 0.1
t2.Sciurus_vulgaris.synRate = 0.1
Optimization finished in 6 loop passes.
175 likelihood evaluation calls and 162 matrix exponentiations calls were made

Row and/or column partition is empty. All the data will be used by default.
Model MG94customModel assigned to Chinchilla_lanigera
Model MG94customModel assigned to Sciurus_vulgaris
One branch tree supplied - hopefully this IS what you meant to do.
Rooted tree. Removing one branch - the left root child has been promoted to be the new root
Partition 0 reversible model flag computed as 1
Auto-benchmarked an optimal number (3) of threads.
Set GUI update interval to every 872-th LF evaluation.
Optimization settings:
	OPTIMIZATION_METHOD = 4
	OPTIMIZATION_PRECISION = 0.001
	MAXIMUM_ITERATIONS_PER_VARIABLE = 5000

Initial parameter values

t2.Sciurus_vulgaris.nonSynRate = 0.1
t2.Sciurus_vulgaris.synRate = 0.1
Optimization finished in 6 loop passes.
183 likelihood evaluation calls and 165 matrix exponentiations calls were made
