
Loaded 'libv3/convenience/matrix.bf' from /usr/local/lib/hyphy/TemplateBatchFiles/libv3/convenience/matrix.bf
Loaded 'libv3/UtilityFunctions.bf' from /usr/local/lib/hyphy/TemplateBatchFiles/libv3/UtilityFunctions.bf
Loaded 'IOFunctions.bf' from /usr/local/lib/hyphy/TemplateBatchFiles/libv3/IOFunctions.bf
Already loaded 'libv3/UtilityFunctions.bf' from /usr/local/lib/hyphy/TemplateBatchFiles/libv3/UtilityFunctions.bf
Loaded 'convenience/regexp.bf' from /usr/local/lib/hyphy/TemplateBatchFiles/libv3/convenience/regexp.bf
Loaded 'libv3/all-terms.bf' from /usr/local/lib/hyphy/TemplateBatchFiles/libv3/all-terms.bf
Variable 'skipCodeSelectionStep' was not initialized prior to being used
Row and/or column partition is empty. All the data will be used by default.
Overwritten previously defined function:'GaussLaguerreQuardature'
Overwritten previously defined function:'GammaQuadWeight'
Variable 'SKIP_HARVEST_FREQ' was not initialized prior to being used
Variable '_WRAP_PASSTHROUGH_FLAG_' was not initialized prior to being used
Variable 'END_OF_FILE' was not initialized prior to being used
Variable '_DO_TREE_REBALANCE_' was not initialized prior to being used
Variable '_KEEP_I_LABELS_' was not initialized prior to being used
Model MG94customModel assigned to Cavia_porcellus
Cavia_porcellus has 2 parameters - branch length not assigned
Model MG94customModel assigned to Cavia_aperea
Cavia_aperea has 2 parameters - branch length not assigned
Model MG94customModel assigned to Sciurus_vulgaris
Sciurus_vulgaris has 2 parameters - branch length not assigned
Model MG94customModel assigned to Urocitellus_parryii
Urocitellus_parryii has 2 parameters - branch length not assigned
Model MG94customModel assigned to Spermophilus_dauricus
Spermophilus_dauricus has 2 parameters - branch length not assigned
Model MG94customModel assigned to Node6
Node6 has 2 parameters - branch length not assigned
Model MG94customModel assigned to Ictidomys_tridecemlineatus
Ictidomys_tridecemlineatus has 2 parameters - branch length not assigned
Model MG94customModel assigned to Marmota_marmota
Marmota_marmota has 2 parameters - branch length not assigned
Model MG94customModel assigned to Node9
Node9 has 2 parameters - branch length not assigned
Model MG94customModel assigned to Node5
Node5 has 2 parameters - branch length not assigned
Model MG94customModel assigned to Node3
Node3 has 2 parameters - branch length not assigned
The tips of the tree:givenTree were matched with the species names from the data in the following numeric order (0-based) {0,1,2,6,3,4,5}

Pseudo-optimal path's cost 1064 vs 1448 for 1..k=> a 1.3609 x improvement
Partition 0 reversible model flag computed as 1
Variable 'theLnLik' was not initialized prior to being used
Variable 'SAVE_OPT_STATUS_TO' was not initialized prior to being used
Variable 'givenTree.Cavia_porcellus.nonSynRate' was not initialized prior to being used
Variable 'givenTree.Cavia_porcellus.synRate' was not initialized prior to being used
Variable 'givenTree.Cavia_aperea.nonSynRate' was not initialized prior to being used
Variable 'givenTree.Cavia_aperea.synRate' was not initialized prior to being used
Variable 'givenTree.Sciurus_vulgaris.nonSynRate' was not initialized prior to being used
Variable 'givenTree.Sciurus_vulgaris.synRate' was not initialized prior to being used
Variable 'givenTree.Urocitellus_parryii.nonSynRate' was not initialized prior to being used
Variable 'givenTree.Urocitellus_parryii.synRate' was not initialized prior to being used
Variable 'givenTree.Spermophilus_dauricus.nonSynRate' was not initialized prior to being used
Variable 'givenTree.Spermophilus_dauricus.synRate' was not initialized prior to being used
Variable 'givenTree.Ictidomys_tridecemlineatus.nonSynRate' was not initialized prior to being used
Variable 'givenTree.Ictidomys_tridecemlineatus.synRate' was not initialized prior to being used
Variable 'givenTree.Marmota_marmota.nonSynRate' was not initialized prior to being used
Variable 'givenTree.Marmota_marmota.synRate' was not initialized prior to being used
Variable 'givenTree.Node6.nonSynRate' was not initialized prior to being used
Variable 'givenTree.Node6.synRate' was not initialized prior to being used
Variable 'givenTree.Node9.nonSynRate' was not initialized prior to being used
Variable 'givenTree.Node9.synRate' was not initialized prior to being used
Variable 'givenTree.Node5.nonSynRate' was not initialized prior to being used
Variable 'givenTree.Node5.synRate' was not initialized prior to being used
Variable 'givenTree.Node3.nonSynRate' was not initialized prior to being used
Variable 'givenTree.Node3.synRate' was not initialized prior to being used
Site 2 evaluated to a 0 probability in ComputeTreeBlockByBranch
Site 2 evaluated to a 0 probability in ComputeTreeBlockByBranch
Site 97 evaluated to a 0 probability in ComputeTreeBlockByBranch
Site 2 evaluated to a 0 probability in ComputeTreeBlockByBranch
Site 124 evaluated to a 0 probability in ComputeTreeBlockByBranch
Site 37 evaluated to a 0 probability in ComputeTreeBlockByBranch
Site 2 evaluated to a 0 probability in ComputeTreeBlockByBranch
Site 130 evaluated to a 0 probability in ComputeTreeBlockByBranch
Site 65 evaluated to a 0 probability in ComputeTreeBlockByBranch
Site 116 evaluated to a 0 probability in ComputeTreeBlockByBranch
Site 2 evaluated to a 0 probability in ComputeTreeBlockByBranch
Site 132 evaluated to a 0 probability in ComputeTreeBlockByBranch
Site 103 evaluated to a 0 probability in ComputeTreeBlockByBranch
Site 108 evaluated to a 0 probability in ComputeTreeBlockByBranch
Site 33 evaluated to a 0 probability in ComputeTreeBlockByBranch
Site 2 evaluated to a 0 probability in ComputeTreeBlockByBranch
Site 97 evaluated to a 0 probability in ComputeTreeBlockByBranch
Site 124 evaluated to a 0 probability in ComputeTreeBlockByBranch
Site 92 evaluated to a 0 probability in ComputeTreeBlockByBranch
Site 52 evaluated to a 0 probability in ComputeTreeBlockByBranch
Site 37 evaluated to a 0 probability in ComputeTreeBlockByBranch
Auto-benchmarked an optimal number (5) of threads.
Set GUI update interval to every 479-th LF evaluation.
Initial guess for givenTree.Cavia_aperea.nonSynRate is 0.00508726
Initial guess for givenTree.Cavia_aperea.synRate is 3.55618e-17
Initial guess for givenTree.Node3.nonSynRate is 0.221085
Initial guess for givenTree.Node3.synRate is 0.0923574
Initial guess for givenTree.Sciurus_vulgaris.nonSynRate is -0.00276152
Initial guess for givenTree.Sciurus_vulgaris.synRate is 1.00217e-16
Initial guess for givenTree.Node5.nonSynRate is 0.250316
Initial guess for givenTree.Node5.synRate is 0.256749
Initial guess for givenTree.Node6.nonSynRate is 0.00708454
Initial guess for givenTree.Node6.synRate is 0.00218415
Initial guess for givenTree.Urocitellus_parryii.nonSynRate is 0.0148642
Initial guess for givenTree.Urocitellus_parryii.synRate is 0.0302062
Initial guess for givenTree.Spermophilus_dauricus.nonSynRate is 0.0166968
Initial guess for givenTree.Spermophilus_dauricus.synRate is 0.00699265
Initial guess for givenTree.Node9.nonSynRate is -0.0081317
Initial guess for givenTree.Node9.synRate is -0.00211923
Initial guess for givenTree.Ictidomys_tridecemlineatus.nonSynRate is 0.0048817
Initial guess for givenTree.Ictidomys_tridecemlineatus.synRate is -0.00230877
Initial guess for givenTree.Marmota_marmota.nonSynRate is 0.00785763
Initial guess for givenTree.Marmota_marmota.synRate is 0.000273255
Optimization settings:
	OPTIMIZATION_METHOD = 4
	OPTIMIZATION_PRECISION = 0.001
	MAXIMUM_ITERATIONS_PER_VARIABLE = 5000

Initial parameter values

CT = 1
GT = 1
CG = 1
AC = 1
AT = 1
givenTree.Cavia_porcellus.synRate = 0.1
givenTree.Cavia_porcellus.nonSynRate = 0.1
givenTree.Cavia_aperea.synRate = 3.55618e-17
givenTree.Cavia_aperea.nonSynRate = 0.00508726
givenTree.Sciurus_vulgaris.synRate = 1.00217e-16
givenTree.Sciurus_vulgaris.nonSynRate = 0
givenTree.Urocitellus_parryii.synRate = 0.0302062
givenTree.Urocitellus_parryii.nonSynRate = 0.0148642
givenTree.Spermophilus_dauricus.synRate = 0.00699265
givenTree.Spermophilus_dauricus.nonSynRate = 0.0166968
givenTree.Node6.synRate = 0.00218415
givenTree.Node6.nonSynRate = 0.00708454
givenTree.Ictidomys_tridecemlineatus.synRate = 0
givenTree.Ictidomys_tridecemlineatus.nonSynRate = 0.0048817
givenTree.Marmota_marmota.synRate = 0.000273255
givenTree.Marmota_marmota.nonSynRate = 0.00785763
givenTree.Node9.synRate = 0
givenTree.Node9.nonSynRate = 0
givenTree.Node5.synRate = 0.256749
givenTree.Node5.nonSynRate = 0.250316
givenTree.Node3.synRate = 0.0923574
givenTree.Node3.nonSynRate = 0.221085
Site 129 evaluated to a 0 probability in ComputeTreeBlockByBranch
Site 129 evaluated to a 0 probability in ComputeLLWithBranchCache
Optimization finished in 20 loop passes.
2092 likelihood evaluation calls and 7689 matrix exponentiations calls were made

Variable 'lastDepth' was not initialized prior to being used
No nodel was assigned to Cavia_porcellus
Cavia_porcellus has 0 parameters - branch length not assigned
No nodel was assigned to Cavia_aperea
Cavia_aperea has 0 parameters - branch length not assigned
No nodel was assigned to Sciurus_vulgaris
Sciurus_vulgaris has 0 parameters - branch length not assigned
No nodel was assigned to Urocitellus_parryii
Urocitellus_parryii has 0 parameters - branch length not assigned
No nodel was assigned to Spermophilus_dauricus
Spermophilus_dauricus has 0 parameters - branch length not assigned
No nodel was assigned to Node6
Node6 has 0 parameters - branch length not assigned
No nodel was assigned to Ictidomys_tridecemlineatus
Ictidomys_tridecemlineatus has 0 parameters - branch length not assigned
No nodel was assigned to Marmota_marmota
Marmota_marmota has 0 parameters - branch length not assigned
No nodel was assigned to Node9
Node9 has 0 parameters - branch length not assigned
No nodel was assigned to Node5
Node5 has 0 parameters - branch length not assigned
No nodel was assigned to Node3
Node3 has 0 parameters - branch length not assigned
No nodel was assigned to Cavia_porcellus
Cavia_porcellus has 0 parameters - branch length not assigned
No nodel was assigned to Cavia_aperea
Cavia_aperea has 0 parameters - branch length not assigned
No nodel was assigned to Sciurus_vulgaris
Sciurus_vulgaris has 0 parameters - branch length not assigned
No nodel was assigned to Urocitellus_parryii
Urocitellus_parryii has 0 parameters - branch length not assigned
No nodel was assigned to Spermophilus_dauricus
Spermophilus_dauricus has 0 parameters - branch length not assigned
No nodel was assigned to Node6
Node6 has 0 parameters - branch length not assigned
No nodel was assigned to Ictidomys_tridecemlineatus
Ictidomys_tridecemlineatus has 0 parameters - branch length not assigned
No nodel was assigned to Marmota_marmota
Marmota_marmota has 0 parameters - branch length not assigned
No nodel was assigned to Node9
Node9 has 0 parameters - branch length not assigned
No nodel was assigned to Node5
Node5 has 0 parameters - branch length not assigned
No nodel was assigned to Node3
Node3 has 0 parameters - branch length not assigned
No nodel was assigned to Cavia_porcellus
Cavia_porcellus has 0 parameters - branch length not assigned
No nodel was assigned to Cavia_aperea
Cavia_aperea has 0 parameters - branch length not assigned
No nodel was assigned to Sciurus_vulgaris
Sciurus_vulgaris has 0 parameters - branch length not assigned
No nodel was assigned to Urocitellus_parryii
Urocitellus_parryii has 0 parameters - branch length not assigned
No nodel was assigned to Spermophilus_dauricus
Spermophilus_dauricus has 0 parameters - branch length not assigned
No nodel was assigned to Node6
Node6 has 0 parameters - branch length not assigned
No nodel was assigned to Ictidomys_tridecemlineatus
Ictidomys_tridecemlineatus has 0 parameters - branch length not assigned
No nodel was assigned to Marmota_marmota
Marmota_marmota has 0 parameters - branch length not assigned
No nodel was assigned to Node9
Node9 has 0 parameters - branch length not assigned
No nodel was assigned to Node5
Node5 has 0 parameters - branch length not assigned
No nodel was assigned to Node3
Node3 has 0 parameters - branch length not assigned
No nodel was assigned to Cavia_porcellus
Cavia_porcellus has 0 parameters - branch length not assigned
No nodel was assigned to Cavia_aperea
Cavia_aperea has 0 parameters - branch length not assigned
No nodel was assigned to Sciurus_vulgaris
Sciurus_vulgaris has 0 parameters - branch length not assigned
No nodel was assigned to Urocitellus_parryii
Urocitellus_parryii has 0 parameters - branch length not assigned
No nodel was assigned to Spermophilus_dauricus
Spermophilus_dauricus has 0 parameters - branch length not assigned
No nodel was assigned to Node6
Node6 has 0 parameters - branch length not assigned
No nodel was assigned to Ictidomys_tridecemlineatus
Ictidomys_tridecemlineatus has 0 parameters - branch length not assigned
No nodel was assigned to Marmota_marmota
Marmota_marmota has 0 parameters - branch length not assigned
No nodel was assigned to Node9
Node9 has 0 parameters - branch length not assigned
No nodel was assigned to Node5
Node5 has 0 parameters - branch length not assigned
No nodel was assigned to Node3
Node3 has 0 parameters - branch length not assigned
Variable 'nodeName' was not initialized prior to being used
Variable 'speciesIndex' was not initialized prior to being used
Row and/or column partition is empty. All the data will be used by default.
Model MG94customModel assigned to Cavia_porcellus
Model MG94customModel assigned to Cavia_aperea
One branch tree supplied - hopefully this IS what you meant to do.
Rooted tree. Removing one branch - the left root child has been promoted to be the new root
Partition 0 reversible model flag computed as 1
Variable 'twoLnLik' was not initialized prior to being used
Variable 't2.Cavia_aperea.nonSynRate' was not initialized prior to being used
Variable 't2.Cavia_aperea.synRate' was not initialized prior to being used
Auto-benchmarked an optimal number (4) of threads.
Set GUI update interval to every 9433-th LF evaluation.
Optimization settings:
	OPTIMIZATION_METHOD = 4
	OPTIMIZATION_PRECISION = 0.001
	MAXIMUM_ITERATIONS_PER_VARIABLE = 5000

Initial parameter values

t2.Cavia_aperea.nonSynRate = 0.1
t2.Cavia_aperea.synRate = 0.1
Optimization finished in 3 loop passes.
105 likelihood evaluation calls and 91 matrix exponentiations calls were made

Row and/or column partition is empty. All the data will be used by default.
Model MG94customModel assigned to Cavia_porcellus
Model MG94customModel assigned to Sciurus_vulgaris
One branch tree supplied - hopefully this IS what you meant to do.
Rooted tree. Removing one branch - the left root child has been promoted to be the new root
Partition 0 reversible model flag computed as 1
Variable 't2.Sciurus_vulgaris.nonSynRate' was not initialized prior to being used
Variable 't2.Sciurus_vulgaris.synRate' was not initialized prior to being used
Auto-benchmarked an optimal number (4) of threads.
Set GUI update interval to every 10204-th LF evaluation.
Optimization settings:
	OPTIMIZATION_METHOD = 4
	OPTIMIZATION_PRECISION = 0.001
	MAXIMUM_ITERATIONS_PER_VARIABLE = 5000

Initial parameter values

t2.Sciurus_vulgaris.nonSynRate = 0.1
t2.Sciurus_vulgaris.synRate = 0.1
Optimization finished in 6 loop passes.
190 likelihood evaluation calls and 174 matrix exponentiations calls were made

Row and/or column partition is empty. All the data will be used by default.
Model MG94customModel assigned to Cavia_porcellus
Model MG94customModel assigned to Urocitellus_parryii
One branch tree supplied - hopefully this IS what you meant to do.
Rooted tree. Removing one branch - the left root child has been promoted to be the new root
Partition 0 reversible model flag computed as 1
Variable 't2.Urocitellus_parryii.synRate' was not initialized prior to being used
Variable 't2.Urocitellus_parryii.nonSynRate' was not initialized prior to being used
Auto-benchmarked an optimal number (4) of threads.
Set GUI update interval to every 10000-th LF evaluation.
Optimization settings:
	OPTIMIZATION_METHOD = 4
	OPTIMIZATION_PRECISION = 0.001
	MAXIMUM_ITERATIONS_PER_VARIABLE = 5000

Initial parameter values

t2.Urocitellus_parryii.synRate = 0.1
t2.Urocitellus_parryii.nonSynRate = 0.1
Optimization finished in 6 loop passes.
185 likelihood evaluation calls and 165 matrix exponentiations calls were made

Row and/or column partition is empty. All the data will be used by default.
Model MG94customModel assigned to Cavia_porcellus
Model MG94customModel assigned to Spermophilus_dauricus
One branch tree supplied - hopefully this IS what you meant to do.
Rooted tree. Removing one branch - the left root child has been promoted to be the new root
Partition 0 reversible model flag computed as 1
Variable 't2.Spermophilus_dauricus.synRate' was not initialized prior to being used
Variable 't2.Spermophilus_dauricus.nonSynRate' was not initialized prior to being used
Auto-benchmarked an optimal number (5) of threads.
Set GUI update interval to every 10204-th LF evaluation.
Optimization settings:
	OPTIMIZATION_METHOD = 4
	OPTIMIZATION_PRECISION = 0.001
	MAXIMUM_ITERATIONS_PER_VARIABLE = 5000

Initial parameter values

t2.Spermophilus_dauricus.synRate = 0.1
t2.Spermophilus_dauricus.nonSynRate = 0.1
Optimization finished in 6 loop passes.
191 likelihood evaluation calls and 176 matrix exponentiations calls were made

Row and/or column partition is empty. All the data will be used by default.
Model MG94customModel assigned to Cavia_porcellus
Model MG94customModel assigned to Ictidomys_tridecemlineatus
One branch tree supplied - hopefully this IS what you meant to do.
Rooted tree. Removing one branch - the left root child has been promoted to be the new root
Partition 0 reversible model flag computed as 1
Variable 't2.Ictidomys_tridecemlineatus.synRate' was not initialized prior to being used
Variable 't2.Ictidomys_tridecemlineatus.nonSynRate' was not initialized prior to being used
Auto-benchmarked an optimal number (3) of threads.
Set GUI update interval to every 9433-th LF evaluation.
Optimization settings:
	OPTIMIZATION_METHOD = 4
	OPTIMIZATION_PRECISION = 0.001
	MAXIMUM_ITERATIONS_PER_VARIABLE = 5000

Initial parameter values

t2.Ictidomys_tridecemlineatus.synRate = 0.1
t2.Ictidomys_tridecemlineatus.nonSynRate = 0.1
Optimization finished in 6 loop passes.
216 likelihood evaluation calls and 200 matrix exponentiations calls were made

Row and/or column partition is empty. All the data will be used by default.
Model MG94customModel assigned to Cavia_porcellus
Model MG94customModel assigned to Marmota_marmota
One branch tree supplied - hopefully this IS what you meant to do.
Rooted tree. Removing one branch - the left root child has been promoted to be the new root
Partition 0 reversible model flag computed as 1
Variable 't2.Marmota_marmota.nonSynRate' was not initialized prior to being used
Variable 't2.Marmota_marmota.synRate' was not initialized prior to being used
Auto-benchmarked an optimal number (4) of threads.
Set GUI update interval to every 10000-th LF evaluation.
Optimization settings:
	OPTIMIZATION_METHOD = 4
	OPTIMIZATION_PRECISION = 0.001
	MAXIMUM_ITERATIONS_PER_VARIABLE = 5000

Initial parameter values

t2.Marmota_marmota.nonSynRate = 0.1
t2.Marmota_marmota.synRate = 0.1
Optimization finished in 6 loop passes.
195 likelihood evaluation calls and 179 matrix exponentiations calls were made

Row and/or column partition is empty. All the data will be used by default.
Model MG94customModel assigned to Cavia_aperea
Model MG94customModel assigned to Sciurus_vulgaris
One branch tree supplied - hopefully this IS what you meant to do.
Rooted tree. Removing one branch - the left root child has been promoted to be the new root
Partition 0 reversible model flag computed as 1
Variable 't2.Sciurus_vulgaris.nonSynRate' was not initialized prior to being used
Variable 't2.Sciurus_vulgaris.synRate' was not initialized prior to being used
Auto-benchmarked an optimal number (4) of threads.
Set GUI update interval to every 8928-th LF evaluation.
Optimization settings:
	OPTIMIZATION_METHOD = 4
	OPTIMIZATION_PRECISION = 0.001
	MAXIMUM_ITERATIONS_PER_VARIABLE = 5000

Initial parameter values

t2.Sciurus_vulgaris.nonSynRate = 0.1
t2.Sciurus_vulgaris.synRate = 0.1
Optimization finished in 6 loop passes.
172 likelihood evaluation calls and 156 matrix exponentiations calls were made

Row and/or column partition is empty. All the data will be used by default.
Model MG94customModel assigned to Cavia_aperea
Model MG94customModel assigned to Urocitellus_parryii
One branch tree supplied - hopefully this IS what you meant to do.
Rooted tree. Removing one branch - the left root child has been promoted to be the new root
Partition 0 reversible model flag computed as 1
Variable 't2.Urocitellus_parryii.synRate' was not initialized prior to being used
Variable 't2.Urocitellus_parryii.nonSynRate' was not initialized prior to being used
Auto-benchmarked an optimal number (5) of threads.
Set GUI update interval to every 9259-th LF evaluation.
Optimization settings:
	OPTIMIZATION_METHOD = 4
	OPTIMIZATION_PRECISION = 0.001
	MAXIMUM_ITERATIONS_PER_VARIABLE = 5000

Initial parameter values

t2.Urocitellus_parryii.synRate = 0.1
t2.Urocitellus_parryii.nonSynRate = 0.1
Optimization finished in 6 loop passes.
189 likelihood evaluation calls and 173 matrix exponentiations calls were made

Row and/or column partition is empty. All the data will be used by default.
Model MG94customModel assigned to Cavia_aperea
Model MG94customModel assigned to Spermophilus_dauricus
One branch tree supplied - hopefully this IS what you meant to do.
Rooted tree. Removing one branch - the left root child has been promoted to be the new root
Partition 0 reversible model flag computed as 1
Variable 't2.Spermophilus_dauricus.nonSynRate' was not initialized prior to being used
Variable 't2.Spermophilus_dauricus.synRate' was not initialized prior to being used
Auto-benchmarked an optimal number (4) of threads.
Set GUI update interval to every 8928-th LF evaluation.
Optimization settings:
	OPTIMIZATION_METHOD = 4
	OPTIMIZATION_PRECISION = 0.001
	MAXIMUM_ITERATIONS_PER_VARIABLE = 5000

Initial parameter values

t2.Spermophilus_dauricus.nonSynRate = 0.1
t2.Spermophilus_dauricus.synRate = 0.1
Optimization finished in 6 loop passes.
202 likelihood evaluation calls and 183 matrix exponentiations calls were made

Row and/or column partition is empty. All the data will be used by default.
Model MG94customModel assigned to Cavia_aperea
Model MG94customModel assigned to Ictidomys_tridecemlineatus
One branch tree supplied - hopefully this IS what you meant to do.
Rooted tree. Removing one branch - the left root child has been promoted to be the new root
Partition 0 reversible model flag computed as 1
Variable 't2.Ictidomys_tridecemlineatus.nonSynRate' was not initialized prior to being used
Variable 't2.Ictidomys_tridecemlineatus.synRate' was not initialized prior to being used
Auto-benchmarked an optimal number (2) of threads.
Set GUI update interval to every 8064-th LF evaluation.
Optimization settings:
	OPTIMIZATION_METHOD = 4
	OPTIMIZATION_PRECISION = 0.001
	MAXIMUM_ITERATIONS_PER_VARIABLE = 5000

Initial parameter values

t2.Ictidomys_tridecemlineatus.nonSynRate = 0.1
t2.Ictidomys_tridecemlineatus.synRate = 0.1
Optimization finished in 6 loop passes.
189 likelihood evaluation calls and 171 matrix exponentiations calls were made

Row and/or column partition is empty. All the data will be used by default.
Model MG94customModel assigned to Cavia_aperea
Model MG94customModel assigned to Marmota_marmota
One branch tree supplied - hopefully this IS what you meant to do.
Rooted tree. Removing one branch - the left root child has been promoted to be the new root
Partition 0 reversible model flag computed as 1
Variable 't2.Marmota_marmota.synRate' was not initialized prior to being used
Variable 't2.Marmota_marmota.nonSynRate' was not initialized prior to being used
Auto-benchmarked an optimal number (3) of threads.
Set GUI update interval to every 8928-th LF evaluation.
Optimization settings:
	OPTIMIZATION_METHOD = 4
	OPTIMIZATION_PRECISION = 0.001
	MAXIMUM_ITERATIONS_PER_VARIABLE = 5000

Initial parameter values

t2.Marmota_marmota.synRate = 0.1
t2.Marmota_marmota.nonSynRate = 0.1
Optimization finished in 6 loop passes.
222 likelihood evaluation calls and 205 matrix exponentiations calls were made

Row and/or column partition is empty. All the data will be used by default.
Model MG94customModel assigned to Sciurus_vulgaris
Model MG94customModel assigned to Urocitellus_parryii
One branch tree supplied - hopefully this IS what you meant to do.
Rooted tree. Removing one branch - the left root child has been promoted to be the new root
Partition 0 reversible model flag computed as 1
Variable 't2.Urocitellus_parryii.nonSynRate' was not initialized prior to being used
Variable 't2.Urocitellus_parryii.synRate' was not initialized prior to being used
Auto-benchmarked an optimal number (5) of threads.
Set GUI update interval to every 9090-th LF evaluation.
Optimization settings:
	OPTIMIZATION_METHOD = 4
	OPTIMIZATION_PRECISION = 0.001
	MAXIMUM_ITERATIONS_PER_VARIABLE = 5000

Initial parameter values

t2.Urocitellus_parryii.nonSynRate = 0.1
t2.Urocitellus_parryii.synRate = 0.1
Optimization finished in 6 loop passes.
167 likelihood evaluation calls and 149 matrix exponentiations calls were made

Row and/or column partition is empty. All the data will be used by default.
Model MG94customModel assigned to Sciurus_vulgaris
Model MG94customModel assigned to Spermophilus_dauricus
One branch tree supplied - hopefully this IS what you meant to do.
Rooted tree. Removing one branch - the left root child has been promoted to be the new root
Partition 0 reversible model flag computed as 1
Variable 't2.Spermophilus_dauricus.nonSynRate' was not initialized prior to being used
Variable 't2.Spermophilus_dauricus.synRate' was not initialized prior to being used
Auto-benchmarked an optimal number (4) of threads.
Set GUI update interval to every 9090-th LF evaluation.
Optimization settings:
	OPTIMIZATION_METHOD = 4
	OPTIMIZATION_PRECISION = 0.001
	MAXIMUM_ITERATIONS_PER_VARIABLE = 5000

Initial parameter values

t2.Spermophilus_dauricus.nonSynRate = 0.1
t2.Spermophilus_dauricus.synRate = 0.1
Optimization finished in 6 loop passes.
263 likelihood evaluation calls and 242 matrix exponentiations calls were made

Row and/or column partition is empty. All the data will be used by default.
Model MG94customModel assigned to Sciurus_vulgaris
Model MG94customModel assigned to Ictidomys_tridecemlineatus
One branch tree supplied - hopefully this IS what you meant to do.
Rooted tree. Removing one branch - the left root child has been promoted to be the new root
Partition 0 reversible model flag computed as 1
Variable 't2.Ictidomys_tridecemlineatus.synRate' was not initialized prior to being used
Variable 't2.Ictidomys_tridecemlineatus.nonSynRate' was not initialized prior to being used
Auto-benchmarked an optimal number (4) of threads.
Set GUI update interval to every 8771-th LF evaluation.
Optimization settings:
	OPTIMIZATION_METHOD = 4
	OPTIMIZATION_PRECISION = 0.001
	MAXIMUM_ITERATIONS_PER_VARIABLE = 5000

Initial parameter values

t2.Ictidomys_tridecemlineatus.synRate = 0.1
t2.Ictidomys_tridecemlineatus.nonSynRate = 0.1
Optimization finished in 6 loop passes.
198 likelihood evaluation calls and 179 matrix exponentiations calls were made

Row and/or column partition is empty. All the data will be used by default.
Model MG94customModel assigned to Sciurus_vulgaris
Model MG94customModel assigned to Marmota_marmota
One branch tree supplied - hopefully this IS what you meant to do.
Rooted tree. Removing one branch - the left root child has been promoted to be the new root
Partition 0 reversible model flag computed as 1
Variable 't2.Marmota_marmota.nonSynRate' was not initialized prior to being used
Variable 't2.Marmota_marmota.synRate' was not initialized prior to being used
Auto-benchmarked an optimal number (3) of threads.
Set GUI update interval to every 8620-th LF evaluation.
Optimization settings:
	OPTIMIZATION_METHOD = 4
	OPTIMIZATION_PRECISION = 0.001
	MAXIMUM_ITERATIONS_PER_VARIABLE = 5000

Initial parameter values

t2.Marmota_marmota.nonSynRate = 0.1
t2.Marmota_marmota.synRate = 0.1
Optimization finished in 6 loop passes.
211 likelihood evaluation calls and 193 matrix exponentiations calls were made

Row and/or column partition is empty. All the data will be used by default.
Model MG94customModel assigned to Urocitellus_parryii
Model MG94customModel assigned to Spermophilus_dauricus
One branch tree supplied - hopefully this IS what you meant to do.
Rooted tree. Removing one branch - the left root child has been promoted to be the new root
Partition 0 reversible model flag computed as 1
Variable 't2.Spermophilus_dauricus.nonSynRate' was not initialized prior to being used
Variable 't2.Spermophilus_dauricus.synRate' was not initialized prior to being used
Auto-benchmarked an optimal number (4) of threads.
Set GUI update interval to every 8928-th LF evaluation.
Optimization settings:
	OPTIMIZATION_METHOD = 4
	OPTIMIZATION_PRECISION = 0.001
	MAXIMUM_ITERATIONS_PER_VARIABLE = 5000

Initial parameter values

t2.Spermophilus_dauricus.nonSynRate = 0.1
t2.Spermophilus_dauricus.synRate = 0.1
Optimization finished in 5 loop passes.
162 likelihood evaluation calls and 147 matrix exponentiations calls were made

Row and/or column partition is empty. All the data will be used by default.
Model MG94customModel assigned to Urocitellus_parryii
Model MG94customModel assigned to Ictidomys_tridecemlineatus
One branch tree supplied - hopefully this IS what you meant to do.
Rooted tree. Removing one branch - the left root child has been promoted to be the new root
Partition 0 reversible model flag computed as 1
Variable 't2.Ictidomys_tridecemlineatus.nonSynRate' was not initialized prior to being used
Variable 't2.Ictidomys_tridecemlineatus.synRate' was not initialized prior to being used
Auto-benchmarked an optimal number (4) of threads.
Set GUI update interval to every 8928-th LF evaluation.
Optimization settings:
	OPTIMIZATION_METHOD = 4
	OPTIMIZATION_PRECISION = 0.001
	MAXIMUM_ITERATIONS_PER_VARIABLE = 5000

Initial parameter values

t2.Ictidomys_tridecemlineatus.nonSynRate = 0.1
t2.Ictidomys_tridecemlineatus.synRate = 0.1
Optimization finished in 5 loop passes.
92 likelihood evaluation calls and 84 matrix exponentiations calls were made

Row and/or column partition is empty. All the data will be used by default.
Model MG94customModel assigned to Urocitellus_parryii
Model MG94customModel assigned to Marmota_marmota
One branch tree supplied - hopefully this IS what you meant to do.
Rooted tree. Removing one branch - the left root child has been promoted to be the new root
Partition 0 reversible model flag computed as 1
Variable 't2.Marmota_marmota.nonSynRate' was not initialized prior to being used
Variable 't2.Marmota_marmota.synRate' was not initialized prior to being used
Auto-benchmarked an optimal number (4) of threads.
Set GUI update interval to every 8771-th LF evaluation.
Optimization settings:
	OPTIMIZATION_METHOD = 4
	OPTIMIZATION_PRECISION = 0.001
	MAXIMUM_ITERATIONS_PER_VARIABLE = 5000

Initial parameter values

t2.Marmota_marmota.nonSynRate = 0.1
t2.Marmota_marmota.synRate = 0.1
Optimization finished in 5 loop passes.
189 likelihood evaluation calls and 175 matrix exponentiations calls were made

Row and/or column partition is empty. All the data will be used by default.
Model MG94customModel assigned to Spermophilus_dauricus
Model MG94customModel assigned to Ictidomys_tridecemlineatus
One branch tree supplied - hopefully this IS what you meant to do.
Rooted tree. Removing one branch - the left root child has been promoted to be the new root
Partition 0 reversible model flag computed as 1
Variable 't2.Ictidomys_tridecemlineatus.nonSynRate' was not initialized prior to being used
Variable 't2.Ictidomys_tridecemlineatus.synRate' was not initialized prior to being used
Auto-benchmarked an optimal number (4) of threads.
Set GUI update interval to every 9090-th LF evaluation.
Optimization settings:
	OPTIMIZATION_METHOD = 4
	OPTIMIZATION_PRECISION = 0.001
	MAXIMUM_ITERATIONS_PER_VARIABLE = 5000

Initial parameter values

t2.Ictidomys_tridecemlineatus.nonSynRate = 0.1
t2.Ictidomys_tridecemlineatus.synRate = 0.1
Optimization finished in 5 loop passes.
185 likelihood evaluation calls and 169 matrix exponentiations calls were made

Row and/or column partition is empty. All the data will be used by default.
Model MG94customModel assigned to Spermophilus_dauricus
Model MG94customModel assigned to Marmota_marmota
One branch tree supplied - hopefully this IS what you meant to do.
Rooted tree. Removing one branch - the left root child has been promoted to be the new root
Partition 0 reversible model flag computed as 1
Variable 't2.Marmota_marmota.nonSynRate' was not initialized prior to being used
Variable 't2.Marmota_marmota.synRate' was not initialized prior to being used
Auto-benchmarked an optimal number (4) of threads.
Set GUI update interval to every 8620-th LF evaluation.
Optimization settings:
	OPTIMIZATION_METHOD = 4
	OPTIMIZATION_PRECISION = 0.001
	MAXIMUM_ITERATIONS_PER_VARIABLE = 5000

Initial parameter values

t2.Marmota_marmota.nonSynRate = 0.1
t2.Marmota_marmota.synRate = 0.1
Optimization finished in 5 loop passes.
154 likelihood evaluation calls and 140 matrix exponentiations calls were made

Row and/or column partition is empty. All the data will be used by default.
Model MG94customModel assigned to Ictidomys_tridecemlineatus
Model MG94customModel assigned to Marmota_marmota
One branch tree supplied - hopefully this IS what you meant to do.
Rooted tree. Removing one branch - the left root child has been promoted to be the new root
Partition 0 reversible model flag computed as 1
Auto-benchmarked an optimal number (5) of threads.
Set GUI update interval to every 1851-th LF evaluation.
Optimization settings:
	OPTIMIZATION_METHOD = 4
	OPTIMIZATION_PRECISION = 0.001
	MAXIMUM_ITERATIONS_PER_VARIABLE = 5000

Initial parameter values

t2.Marmota_marmota.nonSynRate = 0.1
t2.Marmota_marmota.synRate = 0.1
Optimization finished in 7 loop passes.
181 likelihood evaluation calls and 171 matrix exponentiations calls were made
