
Before deleting alignment gaps
      7    432

Cavia_porcellus                 ATG CAA GAT --- CCT TCA AGA AGA GTG CTT CTT TAC ACC AGT GTG CTG TGT GCA GGA ACC GGG CCC CTG GTG TAT TAC CTC ATA CAG AAA GGC TTG AGC AGG ACC GAG TAC TAC CAG ATG GCG CTG GAG CAG CTG CAT GGC CAC CCC GAG GCG CTG GAG GCG CTG GGC TCG CCC CTC CGT GTA CAC CAC CTG CCG ATG CTC AGC AGG GAC CAC TTT GTG GAC ATC ACT GAC GCC CGG CTG AAG ATT CCC ATC TCT GGG CCC AAG --- --- --- --- --- --- GCA AAG GGC CAT CTC CTC ACT CGG TCA ACC AGG AGC GCC CCC --- TTT AAG AGG TGG ACG CTT CAG GAA GTG GTG CTA GAG CTT GGG GAC GGA CAG CGG ATC CCC GTG TTC ACG CCT GGC GAG CAG GGG --- --- --- --- --- --- ACG 
Cavia_aperea                    ATG CAA GAT --- CCT TCA AGA AGA GTG CTT CTT TAC ACC AGT GTG CTG TGT GCA GGA ACC GGG CCC CTG GTG TAT TAC CTC ATA CAG AAA GGC TTG AGC AGG ACC GAG TAC TAC CAG ATG GCG CTG GAG CAG CTG CAT GGC CAC CCC GAG GCG CTG GAG GCG CTG GGC TCG CCC CTC CGT GTA CAC CAC CTG CCG ATG CTC AGC AGG GAC CAC TTT GTG GAC ATC ACT GAC GCC CGG CTG AAG ATT CCC ATC TCT GGG CCC AAG --- --- --- --- --- --- GCA AAG GGC CAT CTC CTC ACT CGG TCA ACC AGG AGC GCC CCC --- TTT AAG AGG TGG ACG CTT CAG GAA GTG GTG CTA GAG CTT GGG GAC GGA CAG CGG ATC CCC GTG TTC ACG CCT GGC GAG CGG GGG --- --- --- --- --- --- ACG 
Sciurus_vulgaris                ATG CCA GAG --- CCT CTG GGG AAA ATG TTC CTT TAT ACC AGT GTG TTG ATG GCA GGC ACC TGT CCT CTT TTT TAT TAC CTT GTA CAA AAA GGT TTT TCC AGG ACT TCA TTT TAT CAA ATG GCG TTG GAA CAG CTG CAT AGT CAC CCG GAG GCA CTG GAA GCT CTG GGC CCT CCC CTC CGA GTT CAC TAT CTC CAG GTC CCC AGC AAA CAC AAC TTT GTG GAC ATT ACC GTT GCC TGG TTG AAA ATT CCT GTT TCT GGA TCC AAG --- --- --- --- --- --- TCA GAG GGC CAT GTC TAC ACC AGA TCA ACC AGA GTT GCC CCC --- TTT CAG AGG TGG CAA CTT CAG GAG GTT GTC TTG GAG CTC AAG GAT GGC CAG AAG ATT CCC TTG TTC ATG GTC AGT GAG AAG AAT GGT GAT ATA GTA AAA AAG GAG 
Spermophilus_dauricus           ATG CCN NCA AAG CCT CTG GGA AAA ATG TTC CTT TAC ACC AGT ATG TTG AGG GCA GGG ACC TGT CCT CTT TTT TAT TAC CTT ATA CAA AAA GGT TTT TCC AGG GCT TCA TTT TAT CAA ATG GCA TTG GAG CAG CTA CAT AGT CAC CCT GAG GTA CTG GAA GCT CTC TGN GTA --- --- --- --- --- TTC CTC TCC ATG TTC ACT ACC TCC AGC CCC CCA GCA AGC ACA ACT TTG TGG --- ACA TTA CTG TTG CCT GGT TGN AAA TTC CTG TTT TTG GAT CCA AGT CAG AGG GCC ATC TCT ACA CCA GAT CAC CCA GAG TTG CCC TCT TTC AAA GGT GGC AAC TTC AGG AGG TTG TCT TGG AGC CCA AGG ATG GGC AGA AGA TTC --- CTG TGT TCG TGG TCA GAG AGA AGA TAT AGT AAA AAA --- ATG GAG 
Ictidomys_tridecemlineatus      ATG CCN NCA AAG CCT CTG GGA AAA ATG TTC CTT TAC ACC AGT GTG TTG AGG GCA GGG ACC TGT CCT CTT TTT TAT TAC CTT ATA CAA AAA GGT TTT CCC AGG GCT TCA TTT TAT CAA ATG GCG TTG GAG CAG CTA CAT AGT CAC CCT GAG GTA CTG GAA GCT CTC TGN GTA --- --- --- --- --- TTC CTC TCC ATG TTC ACT ACC TCC AGC CCC CCA GCA AAC ACA ACT TTG TGG --- ACA TTA CTG TTG CCT GGT TGN AAA TTC CTG TTT TTG GAT CCA AGT CAG AGG GCC ATC TCT ACA CCA GAT CAC CCA GAG TTG CCC TCT TTC AAA GGT GGC AAC TTC AGG AGG TTG TCT TGG AGT CCA AGG ATG GGC AGA AGA TTT --- CTG TGT TCG TGG TCA GAG AGA AGA TAT AGT AAA AAA --- ATG GAG 
Marmota_marmota                 ATG CCC AAA GCC TCT GGG AAA AAA ATG TTC CTT TAC ACC AGT GTG TTG AGG GCA GGG ACC TAT CCT CTT TTT TAT TAC CTT ATA CAA AAA GGT TTT TCC AGG GCT TCA TTT TAT CAA ATG CCG TTG GAG CAG CTA CAC AGT CAC CCT GAG GTA CTG GAA GCT CTC TGN GCA --- --- --- --- --- CTC CCC TCC ATG TTC ACT ACC TCC AGC CCC CCA GCA AGC ACA ACT TTG TGG --- ACA TTA CTG TTG CCT GGT TGN AAA TTC CTG TTT TTG GAT CCA AGT CAG AGG GCC ATC TCT ACA CCA GAT CAC CCA GAG TTG CCC TCT TTC AAA GGT GGC AAC TTC AGG AGG TTG TCT TGG AGC CCA AGG ATG GGC AGA AGA TTC --- CTG TGT TCG TGG TCA GAG AGA AGA TAC AGT AAA AAA --- ATG GAG 
Urocitellus_parryii             ATG CCN NCA AAG CCT CTG GGA AAA ATG TTC CTT TAC ACC AGT GTG TTG AGG GCA GGG TCC TGT CCT CTT TTT TAT TAC CTT ATA CAA AAA GGT TTT TCC AGG GCT TCA TTT TAT CAA ATG GCG TTG GAG CAG CTA CAT AGT CAC CCT GAG ATA CTG GAA GCT CTC TGN GTA --- --- --- --- --- TTC CTC TCC ATG TTC ACT ACC TCC AGC CCC CCA GCA AGC ACA ACT TTG TGG --- ACA TCA CTG TTG TCT GGT TGN AAA TTC CTG TTT TTG GAT CCA AGT CAG AGG GCC ATA TCT ACA CCA GAT CAC CCA GAG TTG TCC TCT TTC AAA GGT GGC AAC TTC AGG AGG TTG TCT TGG AGT CCA AGG ACG GGC AGA AGA TTC --- CTG TGT TTG TGG TCA GAG AGA AGA TAT AGT AAA AAA AAA ATG GAG 



After deleting gaps. 357 sites
      7    357

Cavia_porcellus                 ATG CCT TCA AGA AGA GTG CTT CTT TAC ACC AGT GTG CTG TGT GCA GGA ACC GGG CCC CTG GTG TAT TAC CTC ATA CAG AAA GGC TTG AGC AGG ACC GAG TAC TAC CAG ATG GCG CTG GAG CAG CTG CAT GGC CAC CCC GAG GCG CTG GAG GCG CTG TCG CAC CTG CCG ATG CTC AGC AGG GAC CAC TTT GTG GAC ATC ACT GAC GCC CGG AAG ATT CCC ATC TCT GGG AAG GCA AAG GGC CAT CTC CTC ACT CGG TCA ACC AGG AGC GCC CCC TTT AAG AGG TGG ACG CTT CAG GAA GTG GTG CTA GAG CTT GGG GAC GGA CAG CGG ATC GTG TTC ACG CCT GGC GAG CAG GGG ACG 
Cavia_aperea                    ATG CCT TCA AGA AGA GTG CTT CTT TAC ACC AGT GTG CTG TGT GCA GGA ACC GGG CCC CTG GTG TAT TAC CTC ATA CAG AAA GGC TTG AGC AGG ACC GAG TAC TAC CAG ATG GCG CTG GAG CAG CTG CAT GGC CAC CCC GAG GCG CTG GAG GCG CTG TCG CAC CTG CCG ATG CTC AGC AGG GAC CAC TTT GTG GAC ATC ACT GAC GCC CGG AAG ATT CCC ATC TCT GGG AAG GCA AAG GGC CAT CTC CTC ACT CGG TCA ACC AGG AGC GCC CCC TTT AAG AGG TGG ACG CTT CAG GAA GTG GTG CTA GAG CTT GGG GAC GGA CAG CGG ATC GTG TTC ACG CCT GGC GAG CGG GGG ACG 
Sciurus_vulgaris                ATG CCT CTG GGG AAA ATG TTC CTT TAT ACC AGT GTG TTG ATG GCA GGC ACC TGT CCT CTT TTT TAT TAC CTT GTA CAA AAA GGT TTT TCC AGG ACT TCA TTT TAT CAA ATG GCG TTG GAA CAG CTG CAT AGT CAC CCG GAG GCA CTG GAA GCT CTG CCT TAT CTC CAG GTC CCC AGC AAA CAC AAC TTT GTG GAC ATT ACC GTT GCC TGG AAA ATT CCT GTT TCT GGA AAG TCA GAG GGC CAT GTC TAC ACC AGA TCA ACC AGA GTT GCC CCC TTT CAG AGG TGG CAA CTT CAG GAG GTT GTC TTG GAG CTC AAG GAT GGC CAG AAG ATT TTG TTC ATG GTC AGT GAG AAG AAT GAG 
Spermophilus_dauricus           ATG CCT CTG GGA AAA ATG TTC CTT TAC ACC AGT ATG TTG AGG GCA GGG ACC TGT CCT CTT TTT TAT TAC CTT ATA CAA AAA GGT TTT TCC AGG GCT TCA TTT TAT CAA ATG GCA TTG GAG CAG CTA CAT AGT CAC CCT GAG GTA CTG GAA GCT CTC GTA TTC CTC TCC ATG TTC ACT ACC TCC AGC CCC CCA GCA AGC ACA ACT TTG TGG ACA TTA CTG TTG CCT GGT AAA AGT CAG AGG GCC ATC TCT ACA CCA GAT CAC CCA GAG TTG CCC TTC AAA GGT GGC AAC TTC AGG AGG TTG TCT TGG AGC CCA AGG ATG GGC AGA AGA TTC CTG TGT TCG TGG TCA GAG AGA AGA GAG 
Ictidomys_tridecemlineatus      ATG CCT CTG GGA AAA ATG TTC CTT TAC ACC AGT GTG TTG AGG GCA GGG ACC TGT CCT CTT TTT TAT TAC CTT ATA CAA AAA GGT TTT CCC AGG GCT TCA TTT TAT CAA ATG GCG TTG GAG CAG CTA CAT AGT CAC CCT GAG GTA CTG GAA GCT CTC GTA TTC CTC TCC ATG TTC ACT ACC TCC AGC CCC CCA GCA AAC ACA ACT TTG TGG ACA TTA CTG TTG CCT GGT AAA AGT CAG AGG GCC ATC TCT ACA CCA GAT CAC CCA GAG TTG CCC TTC AAA GGT GGC AAC TTC AGG AGG TTG TCT TGG AGT CCA AGG ATG GGC AGA AGA TTT CTG TGT TCG TGG TCA GAG AGA AGA GAG 
Marmota_marmota                 ATG TCT GGG AAA AAA ATG TTC CTT TAC ACC AGT GTG TTG AGG GCA GGG ACC TAT CCT CTT TTT TAT TAC CTT ATA CAA AAA GGT TTT TCC AGG GCT TCA TTT TAT CAA ATG CCG TTG GAG CAG CTA CAC AGT CAC CCT GAG GTA CTG GAA GCT CTC GCA CTC CCC TCC ATG TTC ACT ACC TCC AGC CCC CCA GCA AGC ACA ACT TTG TGG ACA TTA CTG TTG CCT GGT AAA AGT CAG AGG GCC ATC TCT ACA CCA GAT CAC CCA GAG TTG CCC TTC AAA GGT GGC AAC TTC AGG AGG TTG TCT TGG AGC CCA AGG ATG GGC AGA AGA TTC CTG TGT TCG TGG TCA GAG AGA AGA GAG 
Urocitellus_parryii             ATG CCT CTG GGA AAA ATG TTC CTT TAC ACC AGT GTG TTG AGG GCA GGG TCC TGT CCT CTT TTT TAT TAC CTT ATA CAA AAA GGT TTT TCC AGG GCT TCA TTT TAT CAA ATG GCG TTG GAG CAG CTA CAT AGT CAC CCT GAG ATA CTG GAA GCT CTC GTA TTC CTC TCC ATG TTC ACT ACC TCC AGC CCC CCA GCA AGC ACA ACT TTG TGG ACA TCA CTG TTG TCT GGT AAA AGT CAG AGG GCC ATA TCT ACA CCA GAT CAC CCA GAG TTG TCC TTC AAA GGT GGC AAC TTC AGG AGG TTG TCT TGG AGT CCA AGG ACG GGC AGA AGA TTC CTG TGT TTG TGG TCA GAG AGA AGA GAG 



Printing out site pattern counts


         7        339  P

Cavia_porcellus                 AAA AAG AAG AAG AAG ACC ACC ACC ACC ACG ACG ACG ACT AGA AGA AGC AGC AGC AGG AGG AGG AGG AGT ATA ATC ATC ATC ATG ATG ATT CAC CAC CAC CAG CAG CAG CAG CAG CAT CAT CCC CCC CCC CCC CCG CCT CCT CGG CGG CGG CTA CTC CTC CTC CTC CTG CTG CTG CTG CTG CTG CTT CTT CTT CTT GAA GAC GAC GAC GAC GAG GAG GAG GAG GAG GCA GCA GCC GCG GCG GCG GGA GGA GGC GGC GGC GGC GGG GGG GGG GGG GTG GTG GTG GTG GTG GTG GTG TAC TAC TAC TAC TAT TCA TCA TCG TCT TGG TGT TTC TTG TTT TTT 
Cavia_aperea                    ... ... ... ... ... ... ... ... ... ... ... ... ... ... ... ... ... ... ... ... ... ... ... ... ... ... ... ... ... ... ... ... ... ... ... ... ... .G. ... ... ... ... ... ... ... ... ... ... ... ... ... ... ... ... ... ... ... ... ... ... ... ... ... ... ... ... ... ... ... ... ... ... ... ... ... ... ... ... ... ... ... ... ... ... ... ... ... ... ... ... ... ... ... ... ... ... ... ... ... ... ... ... ... ... ... ... ... ... ... ... ... ... ... 
Sciurus_vulgaris                ... ..A ... C.. G.. ... ... ... ..T .T. CAA GA. ..C .A. G.G ... GTT TC. .AA ..A ... ... ... G.. ..T ..T G.T ... G.C ... A.. ... T.T ..A ... ... ... A.. ... ... ... ..G ..T ..T .A. ... GTC AA. A.A T.. T.G .C. ..T G.. TA. ..C ... ... ... ..T T.. ..C ... ... T.C ..G C.. ... ..T .TT ..A ..A ... ... TCA ... T.. ... ..A ... ..T ..C ..C A.T A.T ... ..T AA. AAT ..A T.T A.. ..C ... ... ..T T.. T.T ... ..T ..T .TT ... CTG ... C.T ... ... ATG ... ..T ... ... 
Spermophilus_dauricus           ... .CA ..A ..A C.. ... ... CA. G.T T.. .AC GA. ..A .A. G.. .CT GAG TC. .CC CCA ... G.T ... ... .G. T.. T.G ... ... T.A AG. ... TT. ..A AGA AG. ... AGA ... GCC ... ..T ..T .TG T.C ... TGG A.A .CA T.. TGG T.. ..T A.. TCT ..C ..A ..C ... ..T T.. .CA ... T.C T.C AGG TC. .CA ATG ACT ..A ... AGC ... TCA ... AGT TTG .TA ..A ..T ..C ..G A.T TCA A.G ..T A.. A.A ..T T.T A.. TCT A.. CCA T.. C.. T.T ... ... ..T .TT ... CTG GAT GTA C.. G.C A.G .GT ..T CCC ..C 
Ictidomys_tridecemlineatus      ... .CA ..A ..A C.. ... ... CA. G.T T.. .AC GA. ..A .A. G.. .CT GAG CC. .CC CCA ... G.T ... ... .A. T.T T.G ... ... T.A AG. ... TT. ..A AGA AG. ... AGA ... GCC ... ..T ..T .TG T.C ... TGG A.A .CA T.. TGG T.. ..T A.. TCT ..C ..A ..C ... ..T T.. .CA ... T.C T.C AGG TC. .CA ATG ACT ..A ... AGT ... TCA ... AGT TTG .TA ... ..T ..C ..G A.T TCA A.G ..T A.. A.A ..T T.T A.. TCT ... CCA T.. C.. T.T ... ... ..T .TT ... CTG GAT GTA C.. G.C A.G .GT ..T CCC ..C 
Marmota_marmota                 ... .CA ..A ..A C.. ... ... CA. G.T T.. .AC GA. ..A .A. .A. .CT GAG TC. .CC CCA ... G.T ... ... .G. T.. T.G ... ... T.A AG. ... .T. ..A AGA AG. ... AGA ..C GCC ... ..T ..T .TG T.C T.. TGG A.A .CA T.. TGG T.. ..T A.. TCT .CC ..A ..C ... ..T T.. .CA ... T.C T.C AGG TC. .CA ATG ACT ..A ... AGC ... TCA ... AGT TTG .TA C.. ..T ..C ..G A.T TCA A.G ..T A.. A.A ..T TAT A.. TCT ... CCA T.. C.. T.T ... ... ..T .TT ... GGG GAT G.A C.. G.C A.G .GT ..T CCC ..C 
Urocitellus_parryii             ... .CA ..A ..A C.. ... T.. CA. G.T TT. .AC GA. ..A .A. G.. .CT GAG TC. .CC CCA ... G.T ... ... .G. T.. T.G ... ... TCA AG. ... TT. ..A AGA AG. ... AGA ... GCC T.. ..T ..T .TG T.C ... TGG A.A .CA T.. TGG T.. ..T A.A TCT ..C ..A ..C ... ..T T.. .CA ... T.C T.C AGG TC. .CA ACG ACT ..A ... AGT ... TCA ... AGT TTG ATA ... ..T ..C ..G A.T TCA A.G ..T A.. A.A ..T T.T A.. TCT ... CCA T.. C.. T.T ... ... ..T .TT ... CTG GAT GTA ... G.C A.G .GT ..T CCC ..C 

    1    1    1    1    1    1    1    1    1    1    1    1    2    1    1
    1    1    1    1    1    1    1    1    1    1    1    1    2    1    1
    1    1    1    2    1    1    1    1    1    1    1    1    1    1    1
    1    1    1    1    1    1    1    1    1    1    1    1    1    1    1
    2    1    1    1    1    1    1    1    1    1    1    1    1    2    1
    1    1    2    1    1    1    1    1    1    1    1    1    1    1    1
    1    1    1    1    1    1    1    1    1    1    1    1    1    1    1
    1    1    1    1    1    1    1    1

CODONML (in paml version 4.9f, October 2017)  rodent_group2.aln
Model: free dN/dS Ratios for branches for branches, 
Codon frequency model: F3x4
ns =   7  ls = 119

Codon usage in sequences
--------------------------------------------------------------------------------------------------------------------------------------
Phe TTT   2   2   5   3   4   3 | Ser TCT   1   1   1   2   2   3 | Tyr TAT   1   1   4   2   2   3 | Cys TGT   1   1   1   2   2   1
    TTC   1   1   2   6   5   5 |     TCC   0   0   1   3   2   3 |     TAC   4   4   2   2   2   2 |     TGC   0   0   0   0   0   0
Leu TTA   0   0   0   1   1   1 |     TCA   2   2   3   2   2   2 | *** TAA   0   0   0   0   0   0 | *** TGA   0   0   0   0   0   0
    TTG   1   1   4   6   6   6 |     TCG   1   1   0   1   1   1 |     TAG   0   0   0   0   0   0 | Trp TGG   1   1   2   3   3   3
--------------------------------------------------------------------------------------------------------------------------------------
Leu CTT   4   4   4   3   3   3 | Pro CCT   2   2   4   4   4   3 | His CAT   2   2   2   1   1   0 | Arg CGT   0   0   0   0   0   0
    CTC   4   4   2   2   2   2 |     CCC   4   4   2   2   3   3 |     CAC   3   3   2   2   2   3 |     CGC   0   0   0   0   0   0
    CTA   1   1   0   1   1   1 |     CCA   0   0   0   4   4   4 | Gln CAA   0   0   3   2   2   2 |     CGA   0   0   0   0   0   0
    CTG   7   7   4   4   4   3 |     CCG   1   1   1   0   0   1 |     CAG   6   5   5   2   2   2 |     CGG   3   4   0   0   0   0
--------------------------------------------------------------------------------------------------------------------------------------
Ile ATT   1   1   3   0   0   0 | Thr ACT   2   2   1   2   2   2 | Asn AAT   0   0   1   0   0   0 | Ser AGT   1   1   3   3   4   3
    ATC   3   3   0   1   1   1 |     ACC   4   4   5   3   3   3 |     AAC   0   0   1   1   2   1 |     AGC   3   3   1   3   1   3
    ATA   1   1   0   1   1   1 |     ACA   0   0   0   3   3   3 | Lys AAA   1   1   4   4   4   5 | Arg AGA   2   2   2   4   4   4
Met ATG   3   3   5   6   5   5 |     ACG   3   3   0   0   0   0 |     AAG   4   4   4   0   0   0 |     AGG   4   4   2   6   6   6
--------------------------------------------------------------------------------------------------------------------------------------
Val GTT   0   0   4   0   0   0 | Ala GCT   0   0   1   2   2   2 | Asp GAT   0   0   1   1   1   1 | Gly GGT   0   0   1   3   3   3
    GTC   0   0   4   0   0   0 |     GCC   2   2   2   1   1   1 |     GAC   4   4   1   0   0   0 |     GGC   4   4   3   2   2   2
    GTA   0   0   1   2   2   1 |     GCA   2   2   2   3   2   3 | Glu GAA   1   1   2   1   1   1 |     GGA   2   2   1   1   1   0
    GTG   7   7   2   0   1   1 |     GCG   3   3   1   0   1   0 |     GAG   6   6   6   5   5   5 |     GGG   4   4   1   1   1   2
--------------------------------------------------------------------------------------------------------------------------------------

------------------------------------------------------
Phe TTT   3 | Ser TCT   3 | Tyr TAT   2 | Cys TGT   2
    TTC   6 |     TCC   5 |     TAC   2 |     TGC   0
Leu TTA   0 |     TCA   3 | *** TAA   0 | *** TGA   0
    TTG   7 |     TCG   0 |     TAG   0 | Trp TGG   3
------------------------------------------------------
Leu CTT   3 | Pro CCT   3 | His CAT   1 | Arg CGT   0
    CTC   2 |     CCC   1 |     CAC   2 |     CGC   0
    CTA   1 |     CCA   4 | Gln CAA   2 |     CGA   0
    CTG   4 |     CCG   0 |     CAG   2 |     CGG   0
------------------------------------------------------
Ile ATT   0 | Thr ACT   2 | Asn AAT   0 | Ser AGT   4
    ATC   0 |     ACC   2 |     AAC   1 |     AGC   2
    ATA   3 |     ACA   3 | Lys AAA   4 | Arg AGA   4
Met ATG   4 |     ACG   1 |     AAG   0 |     AGG   6
------------------------------------------------------
Val GTT   0 | Ala GCT   2 | Asp GAT   1 | Gly GGT   3
    GTC   0 |     GCC   1 |     GAC   0 |     GGC   2
    GTA   1 |     GCA   2 | Glu GAA   1 |     GGA   1
    GTG   1 |     GCG   1 |     GAG   5 |     GGG   1
------------------------------------------------------

Codon position x base (3x4) table for each sequence.

#1: Cavia_porcellus
position  1:    T:0.12605    C:0.31092    A:0.26891    G:0.29412
position  2:    T:0.29412    C:0.22689    A:0.26891    G:0.21008
position  3:    T:0.14286    C:0.30252    A:0.10084    G:0.45378
Average         T:0.18768    C:0.28011    A:0.21289    G:0.31933

#2: Cavia_aperea   
position  1:    T:0.12605    C:0.31092    A:0.26891    G:0.29412
position  2:    T:0.29412    C:0.22689    A:0.26050    G:0.21849
position  3:    T:0.14286    C:0.30252    A:0.10084    G:0.45378
Average         T:0.18768    C:0.28011    A:0.21008    G:0.32213

#3: Sciurus_vulgaris
position  1:    T:0.21008    C:0.24370    A:0.26891    G:0.27731
position  2:    T:0.33613    C:0.20168    A:0.31933    G:0.14286
position  3:    T:0.30252    C:0.23529    A:0.15126    G:0.31092
Average         T:0.28291    C:0.22689    A:0.24650    G:0.24370

#4: Spermophilus_dauricus
position  1:    T:0.27731    C:0.22689    A:0.31092    G:0.18487
position  2:    T:0.30252    C:0.26891    A:0.19328    G:0.23529
position  3:    T:0.23529    C:0.23529    A:0.24370    G:0.28571
Average         T:0.27171    C:0.24370    A:0.24930    G:0.23529

#5: Ictidomys_tridecemlineatus
position  1:    T:0.26891    C:0.23529    A:0.30252    G:0.19328
position  2:    T:0.30252    C:0.26891    A:0.20168    G:0.22689
position  3:    T:0.25210    C:0.21849    A:0.23529    G:0.29412
Average         T:0.27451    C:0.24090    A:0.24650    G:0.23810

#6: Marmota_marmota
position  1:    T:0.27731    C:0.22689    A:0.31092    G:0.18487
position  2:    T:0.27731    C:0.28571    A:0.21008    G:0.22689
position  3:    T:0.22689    C:0.24370    A:0.23529    G:0.29412
Average         T:0.26050    C:0.25210    A:0.25210    G:0.23529

#7: Urocitellus_parryii
position  1:    T:0.30252    C:0.21008    A:0.30252    G:0.18487
position  2:    T:0.29412    C:0.27731    A:0.19328    G:0.23529
position  3:    T:0.24370    C:0.21849    A:0.24370    G:0.29412
Average         T:0.28011    C:0.23529    A:0.24650    G:0.23810

Sums of codon usage counts
------------------------------------------------------------------------------
Phe F TTT      22 | Ser S TCT      13 | Tyr Y TAT      15 | Cys C TGT      10
      TTC      26 |       TCC      14 |       TAC      18 |       TGC       0
Leu L TTA       3 |       TCA      16 | *** * TAA       0 | *** * TGA       0
      TTG      31 |       TCG       5 |       TAG       0 | Trp W TGG      16
------------------------------------------------------------------------------
Leu L CTT      24 | Pro P CCT      22 | His H CAT       9 | Arg R CGT       0
      CTC      18 |       CCC      19 |       CAC      17 |       CGC       0
      CTA       6 |       CCA      16 | Gln Q CAA      11 |       CGA       0
      CTG      33 |       CCG       4 |       CAG      24 |       CGG       7
------------------------------------------------------------------------------
Ile I ATT       5 | Thr T ACT      13 | Asn N AAT       1 | Ser S AGT      19
      ATC       9 |       ACC      24 |       AAC       6 |       AGC      16
      ATA       8 |       ACA      12 | Lys K AAA      23 | Arg R AGA      22
Met M ATG      31 |       ACG       7 |       AAG      12 |       AGG      34
------------------------------------------------------------------------------
Val V GTT       4 | Ala A GCT       9 | Asp D GAT       5 | Gly G GGT      13
      GTC       4 |       GCC      10 |       GAC       9 |       GGC      19
      GTA       7 |       GCA      16 | Glu E GAA       8 |       GGA       8
      GTG      19 |       GCG       9 |       GAG      38 |       GGG      14
------------------------------------------------------------------------------


Codon position x base (3x4) table, overall

position  1:    T:0.22689    C:0.25210    A:0.29052    G:0.23049
position  2:    T:0.30012    C:0.25090    A:0.23529    G:0.21369
position  3:    T:0.22089    C:0.25090    A:0.18727    G:0.34094
Average         T:0.24930    C:0.25130    A:0.23770    G:0.26170

Codon frequencies under model, for use in evolver (TTT TTC TTA TTG ... GGG):
  0.01562371  0.01774649  0.01324619  0.02411485
  0.01306142  0.01483607  0.01107381  0.02016002
  0.01224899  0.01391325  0.00000000  0.00000000
  0.01112408  0.01263550  0.00000000  0.01716978
  0.01735968  0.01971833  0.01471799  0.02679428
  0.01451269  0.01648452  0.01230424  0.02240002
  0.01360999  0.01545917  0.01153890  0.02100672
  0.01236009  0.01403945  0.01047921  0.01907753
  0.02000496  0.02272302  0.01696073  0.03087722
  0.01672415  0.01899645  0.01417917  0.02581336
  0.01568389  0.01781485  0.01329721  0.02420774
  0.01424353  0.01617879  0.01207604  0.02198458
  0.01587170  0.01802818  0.01345644  0.02449763
  0.01326874  0.01507156  0.01124959  0.02048002
  0.01244342  0.01413410  0.01054985  0.01920614
  0.01130065  0.01283607  0.00958099  0.01744231


TREE #  1:  (1, 2, (3, ((7, 4), (5, 6))));   MP score: 168
lnL(ntime: 11  np: 23):  -1308.011577      +0.000000
   8..1     8..2     8..9     9..3     9..10   10..11   11..7    11..4    10..12   12..5    12..6  
 0.000004 0.008069 1.219831 0.221722 1.667506 0.000004 0.074306 0.022200 0.000004 0.029421 0.103070 2.922280 999.000000 999.000000 0.215422 0.288339 0.533757 18.604001 2.048841 0.248095 4.351046 0.563262 2.548202

Note: Branch length is defined as number of nucleotide substitutions per codon (not per neucleotide site).

tree length =  3.346138

(1: 0.000004, 2: 0.008069, (3: 0.221722, ((7: 0.074306, 4: 0.022200): 0.000004, (5: 0.029421, 6: 0.103070): 0.000004): 1.667506): 1.219831);

(Cavia_porcellus: 0.000004, Cavia_aperea: 0.008069, (Sciurus_vulgaris: 0.221722, ((Urocitellus_parryii: 0.074306, Spermophilus_dauricus: 0.022200): 0.000004, (Ictidomys_tridecemlineatus: 0.029421, Marmota_marmota: 0.103070): 0.000004): 1.667506): 1.219831);

Detailed output identifying parameters

kappa (ts/tv) =  2.92228

w (dN/dS) for branches:  999.00000 999.00000 0.21542 0.28834 0.53376 18.60400 2.04884 0.24810 4.35105 0.56326 2.54820

dN & dS for each branch

 branch          t       N       S   dN/dS      dN      dS  N*dN  S*dS

   8..1      0.000   258.0    99.0 999.0000  0.0000  0.0000   0.0   0.0
   8..2      0.008   258.0    99.0 999.0000  0.0037  0.0000   1.0   0.0
   8..9      1.220   258.0    99.0  0.2154  0.2023  0.9390  52.2  93.0
   9..3      0.222   258.0    99.0  0.2883  0.0439  0.1522  11.3  15.1
   9..10     1.668   258.0    99.0  0.5338  0.4474  0.8383 115.4  83.0
  10..11     0.000   258.0    99.0 18.6040  0.0000  0.0000   0.0   0.0
  11..7      0.074   258.0    99.0  2.0488  0.0289  0.0141   7.4   1.4
  11..4      0.022   258.0    99.0  0.2481  0.0040  0.0162   1.0   1.6
  10..12     0.000   258.0    99.0  4.3510  0.0000  0.0000   0.0   0.0
  12..5      0.029   258.0    99.0  0.5633  0.0081  0.0143   2.1   1.4
  12..6      0.103   258.0    99.0  2.5482  0.0413  0.0162  10.7   1.6

tree length for dN:       0.7796
tree length for dS:       1.9903

dS tree:
(Cavia_porcellus: 0.000000, Cavia_aperea: 0.000004, (Sciurus_vulgaris: 0.152159, ((Urocitellus_parryii: 0.014090, Spermophilus_dauricus: 0.016206): 0.000000, (Ictidomys_tridecemlineatus: 0.014330, Marmota_marmota: 0.016215): 0.000000): 0.838273): 0.938989);
dN tree:
(Cavia_porcellus: 0.000002, Cavia_aperea: 0.003721, (Sciurus_vulgaris: 0.043873, ((Urocitellus_parryii: 0.028867, Spermophilus_dauricus: 0.004021): 0.000002, (Ictidomys_tridecemlineatus: 0.008071, Marmota_marmota: 0.041320): 0.000002): 0.447434): 0.202279);

w ratios as labels for TreeView:
(Cavia_porcellus #999 , Cavia_aperea #999 , (Sciurus_vulgaris #0.288339 , ((Urocitellus_parryii #2.04884 , Spermophilus_dauricus #0.248095 ) #18.604 , (Ictidomys_tridecemlineatus #0.563262 , Marmota_marmota #2.5482 ) #4.35105 ) #0.533757 ) #0.215422 );


Time used:  0:40
