Tyto_alba_alba	Tauraco_erythrolophus	Picoides_pubescens	Nestor_notabilis	Merops_nubicus	Melopsittacus_undulatus	Leptosomus_discolor	Cuculus_canorus	Corythaeola_cristata	Colius_striatus	Chaetura_pelagica	Calypte_anna	Buceros_rhinoceros	Athene_cunicularia	Apaloderma_vittatum	Antrostomus_carolinensis	
0.0052547	0.00010476	0.00027768	6.7078e-05	0.0013065	7.7209e-05	0.00016549	4.0553e-06	0.00015242	1.0194e-05	6.0983e-05	4.544e-05	0.00033024	5.6106e-05	5.8454e-05	1.7338e-05	
0.0052249	0.00010389	0.00027439	6.619e-05	0.0012983	7.5098e-05	0.00015863	3.7369e-06	0.00014892	9.4345e-06	5.7874e-05	4.4175e-05	0.00032005	5.4431e-05	5.7704e-05	1.6606e-05	
0.0051977	0.00010312	0.0002718	6.5381e-05	0.0012911	7.304e-05	0.0001524	3.4722e-06	0.00014557	8.8422e-06	5.518e-05	4.3007e-05	0.00031121	5.2879e-05	5.7038e-05	1.594e-05	
0.0051699	0.00010232	0.00026905	6.4552e-05	0.0012837	7.0966e-05	0.00014601	3.1954e-06	0.00014218	8.2133e-06	5.239e-05	4.1816e-05	0.00030206	5.1297e-05	5.6352e-05	1.5258e-05	
0.0051415	0.0001015	0.00026616	6.3706e-05	0.0012761	6.8879e-05	0.00013949	2.912e-06	0.00013875	7.5509e-06	4.9513e-05	4.0603e-05	0.00029263	4.9688e-05	5.5648e-05	1.4562e-05	
0.0051125	0.00010067	0.00026312	6.2844e-05	0.0012682	6.6779e-05	0.00013284	2.6175e-06	0.00013529	6.8535e-06	4.6548e-05	3.9368e-05	0.00028291	4.8051e-05	5.4926e-05	1.3852e-05	
0.0050862	9.9923e-05	0.00026076	6.2058e-05	0.0012614	6.4732e-05	0.00012679	2.3732e-06	0.00013198	6.3116e-06	4.3983e-05	3.8231e-05	0.00027449	4.6537e-05	5.4287e-05	1.3206e-05	
0.0050592	9.9158e-05	0.00025825	6.1254e-05	0.0012544	6.267e-05	0.0001206	2.1177e-06	0.00012863	5.7363e-06	4.1326e-05	3.707e-05	0.00026592	4.4993e-05	5.3628e-05	1.2545e-05	
0.0050317	9.8373e-05	0.0002556	6.0434e-05	0.0012471	6.0595e-05	0.00011428	1.8521e-06	0.00012524	5.1303e-06	3.8588e-05	3.5888e-05	0.00025709	4.3423e-05	5.2952e-05	1.187e-05	
0.0050067	9.7677e-05	0.00025356	5.9685e-05	0.0012409	5.857e-05	0.00010852	1.6307e-06	0.00012199	4.6566e-06	3.6211e-05	3.4797e-05	0.00024943	4.1967e-05	4.9356e-05	1.1255e-05	
0.004984	9.7066e-05	0.00025205	5.9004e-05	0.0012356	5.6595e-05	0.00010327	1.4462e-06	0.00011888	4.296e-06	3.415e-05	3.379e-05	0.0002428	4.0618e-05	4.6107e-05	1.0693e-05	
0.0049609	9.6437e-05	0.00025044	5.8309e-05	0.0012301	5.4607e-05	9.7918e-05	1.2541e-06	0.00011573	3.915e-06	3.2022e-05	3.2764e-05	0.00023595	3.9245e-05	4.2794e-05	1.012e-05	
0.00494	9.5887e-05	0.0002493	5.7677e-05	0.0012255	5.2667e-05	9.3039e-05	1.0939e-06	0.00011271	3.6187e-06	3.0178e-05	3.1818e-05	0.00023005	3.7973e-05	3.98e-05	9.5979e-06	
0.0049187	9.532e-05	0.00024806	5.7031e-05	0.0012207	5.0715e-05	8.8054e-05	9.2712e-07	0.00010966	3.305e-06	2.8273e-05	3.0854e-05	0.00022394	3.6678e-05	3.6747e-05	9.0643e-06	
0.0048996	9.4828e-05	0.00024727	5.6445e-05	0.0012168	4.881e-05	8.3514e-05	7.8792e-07	0.00010674	3.0618e-06	2.6623e-05	2.9965e-05	0.00021869	3.5478e-05	3.3988e-05	8.5777e-06	
0.0048826	9.431e-05	0.0002469	5.5917e-05	0.0012137	4.6952e-05	7.9389e-05	6.7232e-07	0.00010374	2.8758e-06	2.5199e-05	2.9146e-05	0.00021421	3.4369e-05	3.1502e-05	8.135e-06	
0.0048678	9.3866e-05	0.00024694	5.5444e-05	0.0012114	4.514e-05	7.5643e-05	5.7631e-07	0.00010087	2.7358e-06	2.3975e-05	2.8395e-05	0.00021042	3.3344e-05	2.9262e-05	7.7325e-06	
0.0048524	9.3404e-05	0.00024687	5.4957e-05	0.0012089	4.3314e-05	7.1799e-05	4.7535e-07	9.7964e-05	2.5841e-06	2.27e-05	2.7625e-05	0.00020645	3.2298e-05	2.6968e-05	7.3197e-06	
0.0048391	9.0391e-05	0.00024202	5.4522e-05	0.0012072	4.1534e-05	6.831e-05	3.9139e-07	9.5189e-05	2.4715e-06	2.1604e-05	2.6919e-05	0.00020312	3.1331e-05	2.4908e-05	6.9445e-06	
0.0048278	8.7656e-05	0.00023812	5.4136e-05	0.0012063	3.9796e-05	6.5143e-05	3.2152e-07	9.2529e-05	2.3909e-06	2.0666e-05	2.6271e-05	0.00020037	3.0439e-05	2.3052e-05	6.6034e-06	
0.0048184	8.5175e-05	0.00023502	5.3796e-05	0.0012061	3.8102e-05	6.2271e-05	2.6336e-07	8.998e-05	2.3375e-06	1.9865e-05	2.5677e-05	0.00019813	2.9617e-05	2.1379e-05	6.2937e-06	
0.0048109	8.2923e-05	0.00023258	5.3501e-05	0.0011888	3.6448e-05	5.9672e-05	2.1493e-07	8.7537e-05	2.308e-06	1.9187e-05	2.5133e-05	0.00019637	2.8859e-05	1.9871e-05	6.0126e-06	
0.004803	8.0629e-05	0.00023002	5.3196e-05	0.001171	3.4784e-05	5.7007e-05	1.6386e-07	8.5067e-05	2.2718e-06	1.8478e-05	2.4577e-05	0.0001945	2.8085e-05	1.8332e-05	5.7246e-06	
0.0047969	7.8543e-05	0.00022804	5.2932e-05	0.0011552	3.3158e-05	5.4588e-05	1.2096e-07	8.2698e-05	2.2573e-06	1.7877e-05	2.4068e-05	0.00019307	2.7372e-05	1.6942e-05	5.4626e-06	
0.0047903	7.6411e-05	0.00022592	5.2656e-05	0.0011389	3.152e-05	5.2098e-05	7.5409e-08	8.0299e-05	2.2356e-06	1.7244e-05	2.3546e-05	0.00019151	2.6641e-05	1.5519e-05	5.1931e-06	
0.0047833	7.4237e-05	0.00022368	5.2371e-05	0.0011223	2.9871e-05	4.9544e-05	7.6596e-08	7.7875e-05	2.2074e-06	1.6583e-05	2.3012e-05	0.00018984	2.5895e-05	1.4065e-05	4.9168e-06	
0.0047781	7.2266e-05	0.00022199	5.2127e-05	0.0011075	2.8262e-05	4.7229e-05	7.9051e-08	7.5551e-05	2.2007e-06	1.6025e-05	2.2523e-05	0.00018861	2.5208e-05	1.2755e-05	4.6659e-06	
0.0047725	7.025e-05	0.00022018	5.1872e-05	0.0010922	2.664e-05	4.4846e-05	8.0273e-08	7.3198e-05	2.1869e-06	1.5436e-05	2.2022e-05	0.00018725	2.4504e-05	1.1413e-05	4.4078e-06	
0.0047664	6.8195e-05	0.00021825	5.1607e-05	0.0010766	2.5007e-05	4.2402e-05	8.0327e-08	7.0819e-05	2.1667e-06	1.482e-05	2.1509e-05	0.00018578	2.3785e-05	1.0043e-05	4.1431e-06	
0.0047621	6.6332e-05	0.00021683	5.1382e-05	0.0010628	2.3413e-05	4.0184e-05	8.1673e-08	6.8538e-05	2.1676e-06	1.43e-05	2.1041e-05	0.00018474	2.3123e-05	8.8071e-06	3.9025e-06	
0.0047597	6.4643e-05	0.00021585	5.1196e-05	0.0010504	2.1857e-05	3.8173e-05	8.4357e-08	6.6351e-05	2.1896e-06	1.3866e-05	2.0613e-05	0.00018409	2.2514e-05	7.6928e-06	3.6838e-06	
0.004759	6.3113e-05	0.00021529	5.1049e-05	0.0010395	2.0338e-05	3.6351e-05	8.8471e-08	6.4254e-05	2.234e-06	1.351e-05	2.0225e-05	0.00018383	2.1954e-05	6.6879e-06	3.4853e-06	
0.0047601	6.1726e-05	0.0002151	5.0937e-05	0.0010299	1.8854e-05	3.47e-05	9.4103e-08	6.2241e-05	2.3029e-06	1.3222e-05	1.9871e-05	0.00018395	2.144e-05	5.7795e-06	3.3048e-06	
0.0047607	6.0305e-05	0.00021481	5.0815e-05	0.0010199	1.7358e-05	3.2994e-05	9.8428e-08	6.0203e-05	2.3636e-06	1.2911e-05	1.9507e-05	0.00018395	2.0912e-05	4.8485e-06	3.1185e-06	
0.0047609	5.8852e-05	0.00021444	5.0683e-05	0.0010096	1.585e-05	3.1232e-05	1.0145e-07	5.8138e-05	2.4162e-06	1.2576e-05	1.9132e-05	0.00018384	2.0369e-05	3.8944e-06	2.9263e-06	
0.0047606	5.7369e-05	0.00021397	5.0541e-05	0.00099913	1.4332e-05	2.942e-05	1.0325e-07	5.605e-05	2.4617e-06	1.2218e-05	1.8747e-05	0.00018363	1.9814e-05	2.9198e-06	2.7287e-06	
0.0047621	5.6023e-05	0.00021388	5.0436e-05	0.00098983	1.2849e-05	2.7773e-05	1.0662e-07	5.4045e-05	2.5329e-06	1.1927e-05	1.8396e-05	0.0001838	1.9303e-05	2.0382e-06	2.5486e-06	
0.0047631	5.4646e-05	0.00021362	5.0276e-05	0.00098024	1.2801e-05	2.6072e-05	1.0867e-07	5.2014e-05	2.5957e-06	1.1613e-05	1.8035e-05	0.00018385	1.8778e-05	1.9549e-06	2.3628e-06	
0.0047659	5.3397e-05	0.00021372	5.0152e-05	0.00097179	1.2757e-05	2.4525e-05	1.1235e-07	5.0064e-05	2.6871e-06	1.1361e-05	1.7707e-05	0.00018427	1.8295e-05	1.8814e-06	2.1932e-06	
0.0047705	5.2266e-05	0.00020958	5.0063e-05	0.00096439	1.2718e-05	2.3118e-05	1.1778e-07	4.8191e-05	2.8127e-06	1.1166e-05	1.741e-05	0.00018508	1.7852e-05	1.8171e-06	2.0386e-06	
0.0047768	5.1242e-05	0.00020625	5.001e-05	0.00095796	1.2682e-05	2.1841e-05	1.2515e-07	4.6393e-05	2.7533e-06	1.1025e-05	1.7142e-05	0.00018629	1.7446e-05	1.7612e-06	1.8976e-06	
0.0047849	5.0318e-05	0.0002036	4.999e-05	0.00095242	1.2651e-05	2.0683e-05	1.3468e-07	4.4666e-05	2.7195e-06	1.0934e-05	1.6903e-05	0.00018792	1.7075e-05	1.7132e-06	1.7691e-06	
0.0047926	4.9372e-05	0.00020081	4.9962e-05	0.00094668	1.2614e-05	1.9484e-05	1.4285e-07	4.2917e-05	2.6785e-06	1.0825e-05	1.6655e-05	0.00018944	1.6693e-05	1.6616e-06	1.6364e-06	
0.0048022	4.8521e-05	0.00019863	4.9968e-05	0.00094182	1.2581e-05	1.8399e-05	1.5348e-07	4.124e-05	2.662e-06	1.0766e-05	1.6434e-05	0.00019141	1.6346e-05	1.6177e-06	1.5155e-06	
0.0048137	4.7754e-05	0.00019696	5.0009e-05	0.00093774	1.2553e-05	1.7415e-05	1.6688e-07	3.9628e-05	2.6684e-06	1.0755e-05	1.6239e-05	0.00019386	1.6029e-05	1.5807e-06	1.4052e-06	
0.0048247	4.6967e-05	0.00019518	5.004e-05	0.00093347	1.2518e-05	1.6391e-05	1.7867e-07	3.7995e-05	2.6672e-06	1.0724e-05	1.6034e-05	0.00019617	1.5702e-05	1.54e-06	1.2907e-06	
0.0048352	4.6158e-05	0.00019326	5.0061e-05	0.00092899	1.2477e-05	1.5325e-05	1.8886e-07	3.6338e-05	2.6583e-06	1.0673e-05	1.5821e-05	0.00019834	1.5363e-05	1.4955e-06	1.1718e-06	
0.0048451	4.5327e-05	0.00019121	5.0071e-05	0.0009243	1.243e-05	1.4216e-05	1.9743e-07	3.4657e-05	2.6414e-06	1.0602e-05	1.5598e-05	0.00020036	1.5013e-05	1.4471e-06	1.0484e-06	
0.0048572	4.4587e-05	0.00018778	5.012e-05	0.00089571	1.2388e-05	1.3222e-05	1.7512e-07	3.305e-05	2.6504e-06	9.557e-06	1.5406e-05	0.00019713	1.4697e-05	1.3545e-06	9.366e-07	
0.0048688	4.3827e-05	0.00018415	5.0159e-05	0.00086644	1.234e-05	1.2189e-05	1.5091e-07	3.142e-05	2.6517e-06	8.4703e-06	1.5204e-05	0.00019374	1.4369e-05	1.2574e-06	8.206e-07	
0.0048824	4.3147e-05	0.00018127	5.0234e-05	0.00084022	1.2296e-05	1.1251e-05	1.3096e-07	2.9857e-05	2.6773e-06	7.5304e-06	1.5028e-05	0.00019093	1.4073e-05	1.1707e-06	7.1463e-07	
0.0048955	4.2446e-05	0.00017822	5.0298e-05	0.00081328	1.2246e-05	1.0272e-05	1.0909e-07	2.827e-05	2.6945e-06	6.5483e-06	1.4842e-05	0.00018796	1.3765e-05	1.0793e-06	6.0569e-07	
0.0049107	4.182e-05	0.00017582	5.0398e-05	0.00078915	1.22e-05	9.3821e-06	9.0917e-08	2.6747e-05	2.737e-06	5.6977e-06	1.4681e-05	0.00018553	1.3487e-05	9.9759e-07	5.0589e-07	
0.0049281	4.1264e-05	0.00017398	5.0537e-05	0.00076757	1.2159e-05	8.5735e-06	7.581e-08	2.5285e-05	2.808e-06	4.9613e-06	1.4543e-05	0.00018359	1.3237e-05	9.2461e-07	4.1436e-07	
0.0049449	4.069e-05	0.00017201	5.0664e-05	0.00074543	1.2111e-05	7.729e-06	5.9133e-08	2.3802e-05	2.8697e-06	4.1918e-06	1.4397e-05	0.00018152	1.2976e-05	8.4756e-07	4.3442e-07	
0.0049641	4.0186e-05	0.00017056	5.0833e-05	0.00072576	1.2069e-05	6.9648e-06	4.5269e-08	2.2383e-05	2.9659e-06	3.5304e-06	1.4275e-05	0.00017994	1.2745e-05	7.7913e-07	4.5728e-07	
0.0049826	3.9659e-05	0.00016896	5.0987e-05	0.0007054	1.2019e-05	6.1589e-06	2.9671e-08	2.0937e-05	3.0487e-06	2.8308e-06	1.4142e-05	0.00017819	1.25e-05	7.0598e-07	4.7718e-07	
0.005	3.9106e-05	0.00016705	5.1125e-05	0.00068416	1.1963e-05	5.3047e-06	1.2058e-08	1.946e-05	3.1164e-06	2.031e-06	1.4704e-05	0.00017624	1.2241e-05	7.4712e-07	4.9377e-07	
0.0050163	3.8404e-05	0.00016487	5.1241e-05	0.00066179	1.1898e-05	4.3927e-06	1.0841e-08	1.9427e-05	3.1673e-06	1.9838e-06	1.5222e-05	0.00017403	1.1963e-05	7.8321e-07	5.0647e-07	
0.0050314	3.7664e-05	0.00016241	5.1338e-05	0.00063822	1.1824e-05	3.4208e-06	8.6755e-09	1.9376e-05	3.2021e-06	1.9168e-06	1.5716e-05	0.00017156	1.1668e-05	8.1436e-07	5.1568e-07	
0.0052056	3.6887e-05	0.00015968	5.1417e-05	0.00061341	1.1744e-05	3.4787e-06	1.5295e-08	1.9307e-05	3.2232e-06	1.8917e-06	1.6325e-05	0.00016885	1.1354e-05	8.4107e-07	5.1876e-07	
0.0053762	3.6082e-05	0.00015675	5.1483e-05	0.00058776	1.1656e-05	3.512e-06	2.0711e-08	1.9225e-05	3.2338e-06	1.8522e-06	1.6916e-05	0.00016595	1.1026e-05	8.641e-07	5.1907e-07	
0.005544	3.5256e-05	0.00015363	5.1538e-05	0.00056141	1.1562e-05	3.5224e-06	2.5013e-08	1.913e-05	3.2356e-06	1.7994e-06	1.7492e-05	0.00016289	1.0688e-05	8.8384e-07	5.1682e-07	
0.0057092	3.4407e-05	0.00015034	5.1583e-05	0.0005344	1.1462e-05	3.5105e-06	2.8233e-08	1.9023e-05	3.229e-06	1.7337e-06	1.8054e-05	0.00015967	1.0338e-05	9.0038e-07	5.1208e-07	
0.0058718	3.3536e-05	0.00014688	5.1617e-05	0.00050671	1.1356e-05	3.4766e-06	3.0381e-08	1.8904e-05	3.2142e-06	1.6553e-06	1.8602e-05	0.0001563	9.9768e-06	9.1379e-07	5.0486e-07	
0.0060319	3.2644e-05	0.00014323	5.1641e-05	0.00047834	1.1244e-05	3.4205e-06	3.1465e-08	1.8772e-05	3.1912e-06	1.564e-06	1.9137e-05	0.00015278	9.605e-06	9.2407e-07	4.9517e-07	
0.0062037	3.1838e-05	0.00014031	5.1701e-05	0.00045287	1.1136e-05	3.3797e-06	3.309e-08	1.8656e-05	2.8792e-06	1.4899e-06	1.972e-05	0.00014981	9.2628e-06	9.3868e-07	4.8766e-07	
0.0063876	3.1109e-05	0.00013796	5.1797e-05	0.00042994	1.1032e-05	3.3531e-06	3.528e-08	1.8554e-05	2.6366e-06	1.4308e-06	2.0353e-05	0.00014732	8.9476e-06	9.5765e-07	4.8216e-07	
0.0065688	3.0362e-05	0.00013549	5.1882e-05	0.00040644	1.0922e-05	3.3046e-06	3.6386e-08	1.844e-05	2.3773e-06	1.3596e-06	2.0972e-05	0.00014471	8.6222e-06	9.7344e-07	4.7423e-07	
0.0067475	2.9597e-05	0.00013289	5.1958e-05	0.00038245	1.0806e-05	3.235e-06	3.6449e-08	1.8314e-05	2.1028e-06	1.2768e-06	2.1577e-05	0.00014197	8.2875e-06	9.8624e-07	4.6396e-07	
0.0069393	2.8908e-05	0.00013084	5.2071e-05	0.0003609	1.0694e-05	3.1801e-06	3.7131e-08	1.8203e-05	1.8902e-06	1.2087e-06	2.2237e-05	0.00013974	7.9794e-06	1.0036e-06	4.5576e-07	
0.0071446	2.8286e-05	0.00012924	5.222e-05	0.00034151	1.0587e-05	3.1388e-06	3.8424e-08	1.8107e-05	1.7257e-06	1.1537e-06	2.2952e-05	0.00013792	7.6956e-06	1.0257e-06	4.4949e-07	
0.0073472	2.7649e-05	0.00012755	5.2359e-05	0.00032169	1.0473e-05	3.0765e-06	3.8664e-08	1.7999e-05	1.5502e-06	1.0875e-06	2.3654e-05	0.000136	7.403e-06	1.0447e-06	4.4118e-07	
0.0075467	2.6995e-05	0.00012574	5.2489e-05	0.00030138	1.0353e-05	2.9923e-06	3.7971e-08	1.7879e-05	1.3618e-06	1.1614e-06	2.3899e-05	0.00013396	7.1005e-06	1.0604e-06	4.3029e-07	
0.0077603	2.6404e-05	0.00012435	5.2655e-05	0.00028309	1.0237e-05	2.9213e-06	3.7894e-08	1.7773e-05	1.2154e-06	1.2492e-06	2.4177e-05	0.00013231	6.8214e-06	1.0809e-06	4.2129e-07	
0.0079707	2.5798e-05	0.00012286	5.281e-05	0.00026435	1.0115e-05	2.8287e-06	3.6728e-08	1.7654e-05	1.0579e-06	1.3248e-06	2.4444e-05	0.00013055	6.5328e-06	1.0981e-06	4.0987e-07	
0.0081964	2.5253e-05	0.00012176	5.3004e-05	0.00024752	9.9971e-06	2.7493e-06	3.619e-08	1.7551e-05	9.3634e-07	1.416e-06	2.4744e-05	0.00012917	6.267e-06	1.1203e-06	4.0034e-07	
0.0084379	2.4762e-05	0.00012098	5.3237e-05	0.00023236	9.8826e-06	2.6819e-06	3.6232e-08	1.746e-05	8.4252e-07	1.5242e-06	2.508e-05	0.00012813	6.0219e-06	1.1477e-06	3.9254e-07	
0.0086759	2.4258e-05	0.00012012	5.3459e-05	0.00021683	9.7622e-06	2.5932e-06	3.5192e-08	1.7358e-05	7.4057e-07	1.6195e-06	2.5404e-05	0.00012699	5.7679e-06	1.1717e-06	3.8236e-07	
0.0089306	2.3805e-05	0.00011957	5.3721e-05	0.00020284	9.6454e-06	2.5158e-06	3.472e-08	1.727e-05	6.6196e-07	1.7332e-06	2.5764e-05	0.00012618	5.5336e-06	1.2011e-06	3.7385e-07	
0.0092037	2.3401e-05	0.00011931	5.4026e-05	0.00019028	9.5322e-06	2.4499e-06	3.4828e-08	1.7195e-05	6.0253e-07	1.8682e-06	2.6164e-05	0.0001257	5.3182e-06	1.2362e-06	3.6701e-07	
0.009496	2.3042e-05	0.00011534	5.4375e-05	0.00017898	9.4225e-06	2.3943e-06	3.5493e-08	1.7134e-05	5.5829e-07	2.0265e-06	2.6604e-05	0.00012552	5.12e-06	1.2776e-06	3.6172e-07	
0.0098095	2.2724e-05	0.00011214	5.477e-05	0.00016884	9.3163e-06	2.349e-06	3.6766e-08	1.7086e-05	5.2696e-07	1.8792e-06	2.709e-05	0.00012566	4.9385e-06	1.3256e-06	3.58e-07	
0.010145	2.2446e-05	0.00010956	5.4322e-05	0.00015974	9.2143e-06	2.3137e-06	3.8692e-08	1.7051e-05	5.0662e-07	1.7549e-06	2.7622e-05	0.00012611	4.7726e-06	1.3808e-06	3.5583e-07	
0.010505	2.2203e-05	0.00010752	5.3922e-05	0.00015157	9.1155e-06	2.2875e-06	4.1302e-08	1.703e-05	4.9577e-07	1.6506e-06	2.8204e-05	0.00012688	4.6209e-06	1.3107e-06	3.551e-07	
0.01086	2.1951e-05	0.00010538	5.3511e-05	0.0001432	9.011e-06	2.2413e-06	4.2845e-08	1.6998e-05	4.8077e-07	1.5338e-06	2.8773e-05	0.00012756	4.4623e-06	1.2369e-06	3.5215e-07	
0.01124	2.1733e-05	0.00010368	5.3146e-05	0.00013567	8.9097e-06	2.2039e-06	4.5127e-08	1.6978e-05	4.7464e-07	1.4353e-06	2.9395e-05	0.00012857	4.3173e-06	1.1712e-06	3.5064e-07	
0.011647	2.1547e-05	0.00010237	5.2826e-05	0.00012891	8.8115e-06	2.1751e-06	4.8221e-08	1.6972e-05	4.7703e-07	1.3531e-06	3.0072e-05	0.00012992	4.1851e-06	1.1127e-06	3.5055e-07	
0.012083	2.1393e-05	0.0001014	5.2548e-05	0.00012286	8.7165e-06	2.1551e-06	5.2267e-08	1.6979e-05	4.8832e-07	1.2861e-06	3.081e-05	0.00013165	4.0654e-06	1.0611e-06	3.5196e-07	
0.01255	2.1267e-05	0.00010073	5.2311e-05	0.00011743	8.6245e-06	2.1432e-06	5.7362e-08	1.6998e-05	5.0893e-07	1.2326e-06	3.1612e-05	0.00013377	3.9572e-06	1.0157e-06	3.548e-07	
0.013009	2.1133e-05	9.998e-05	5.2063e-05	0.00011184	8.5266e-06	2.1107e-06	6.1257e-08	1.7006e-05	5.2493e-07	1.1672e-06	3.2396e-05	0.00013578	3.842e-06	9.6684e-07	3.5532e-07	
0.013463	2.099e-05	9.9165e-05	5.1805e-05	0.00010611	8.4231e-06	2.0584e-06	6.4012e-08	1.7003e-05	5.3671e-07	1.0905e-06	3.3165e-05	0.00013768	3.7202e-06	9.1462e-07	3.5361e-07	
0.01395	2.0877e-05	9.8638e-05	5.1588e-05	0.00010098	8.3226e-06	2.0146e-06	6.7941e-08	1.7014e-05	5.5868e-07	1.0271e-06	3.4003e-05	0.00014001	3.6099e-06	8.6848e-07	3.5343e-07	
0.014472	2.0792e-05	9.8379e-05	5.141e-05	9.6403e-05	8.2254e-06	1.9793e-06	7.3199e-08	1.7038e-05	5.923e-07	9.7576e-07	3.4915e-05	0.00014282	3.5107e-06	8.28e-07	3.548e-07	
0.015033	2.0736e-05	9.8387e-05	5.1272e-05	9.234e-05	8.1314e-06	1.953e-06	8.004e-08	1.7076e-05	6.4012e-07	9.3615e-07	3.591e-05	0.00014619	3.4225e-06	7.9296e-07	3.5785e-07	
0.015642	2.0711e-05	9.869e-05	5.1176e-05	8.8787e-05	8.0416e-06	1.938e-06	8.8982e-08	1.7132e-05	7.0726e-07	9.0926e-07	3.7006e-05	0.00015023	3.3461e-06	7.6364e-07	3.6298e-07	
0.016316	2.0728e-05	9.9404e-05	5.1136e-05	8.5827e-05	7.9582e-06	1.9422e-06	8.2672e-08	1.7214e-05	8.0774e-07	8.637e-07	3.8031e-05	0.0001553	3.2856e-06	7.4174e-07	3.6055e-07	
0.016556	2.0789e-05	0.00010063	5.1049e-05	8.3425e-05	7.851e-06	1.9687e-06	7.9249e-08	1.7323e-05	8.1902e-07	8.4281e-07	3.8212e-05	0.00015587	3.2733e-06	7.2737e-07	3.6174e-07	
0.016786	2.0831e-05	0.00010165	5.0936e-05	8.08e-05	7.735e-06	1.966e-06	7.3763e-08	1.7412e-05	8.2047e-07	8.0478e-07	3.8367e-05	0.00015619	3.2502e-06	7.078e-07	3.5935e-07	
0.017043	2.0458e-05	0.00010105	5.0035e-05	7.8661e-05	7.6277e-06	1.984e-06	7.0817e-08	1.7532e-05	7.4177e-07	7.8462e-07	3.8581e-05	0.00015269	3.2418e-06	6.9548e-07	3.6035e-07	
0.017322	2.0133e-05	0.00010077	4.9222e-05	7.6835e-05	7.5243e-06	2.0136e-06	6.9379e-08	1.7669e-05	6.8522e-07	7.7495e-07	3.884e-05	0.00014981	3.2432e-06	6.8753e-07	3.634e-07	
0.017622	1.9848e-05	0.00010075	4.8483e-05	7.5263e-05	7.4239e-06	2.0521e-06	6.915e-08	1.7822e-05	6.4464e-07	7.7358e-07	3.9139e-05	0.00014744	3.2529e-06	6.8316e-07	3.6815e-07	
0.017944	1.9598e-05	0.00010098	4.7809e-05	7.3915e-05	7.3262e-06	2.0989e-06	7.0054e-08	1.799e-05	6.1699e-07	7.7993e-07	3.9481e-05	0.00014551	3.2705e-06	6.8214e-07	3.745e-07	
0.018261	1.9338e-05	0.00010115	4.7119e-05	7.2493e-05	7.2226e-06	2.125e-06	6.975e-08	1.8146e-05	5.8418e-07	7.7559e-07	3.9809e-05	0.00014345	3.2819e-06	6.7819e-07	3.7849e-07	
0.018574	1.9069e-05	0.00010126	4.6414e-05	7.1003e-05	7.1135e-06	2.1312e-06	6.83e-08	1.829e-05	5.4657e-07	7.6105e-07	4.0127e-05	0.00014128	3.2874e-06	6.7145e-07	3.8022e-07	
0.018882	1.8791e-05	0.00010131	4.5695e-05	6.9446e-05	6.9987e-06	2.1175e-06	6.5703e-08	1.8422e-05	5.0409e-07	7.3632e-07	4.0434e-05	0.000139	3.287e-06	6.6194e-07	3.7971e-07	
0.019214	1.8547e-05	9.841e-05	4.504e-05	6.8108e-05	6.8867e-06	2.1123e-06	6.4237e-08	1.857e-05	4.7386e-07	7.1929e-07	4.0783e-05	0.00013715	3.2946e-06	6.5581e-07	3.8082e-07	
0.01954	1.8294e-05	9.5364e-05	4.437e-05	6.6698e-05	6.7688e-06	2.0866e-06	6.158e-08	1.8706e-05	4.387e-07	6.9169e-07	4.1119e-05	0.00014329	3.296e-06	6.4677e-07	3.7959e-07	
0.019861	1.803e-05	9.2161e-05	4.3683e-05	6.5215e-05	6.6452e-06	2.0402e-06	5.7727e-08	1.8829e-05	3.9851e-07	6.535e-07	4.1443e-05	0.00014921	3.2912e-06	6.3481e-07	3.7601e-07	
0.020206	1.78e-05	8.9576e-05	4.3058e-05	6.3942e-05	6.5241e-06	2.0022e-06	5.4952e-08	1.8968e-05	3.6934e-07	6.2267e-07	4.1811e-05	0.00015605	3.2943e-06	6.2613e-07	3.7404e-07	
0.020546	1.7562e-05	8.6871e-05	4.2419e-05	6.2605e-05	6.3975e-06	1.9444e-06	5.1055e-08	1.9095e-05	3.3587e-07	5.818e-07	4.2167e-05	0.00016268	3.2916e-06	6.147e-07	3.6984e-07	
0.020882	1.7314e-05	8.4044e-05	4.1767e-05	6.1205e-05	6.2653e-06	1.8667e-06	4.6033e-08	1.921e-05	2.9803e-07	5.3087e-07	4.2512e-05	0.0001691	3.2831e-06	6.0053e-07	3.6338e-07	
0.021213	1.7059e-05	8.1089e-05	4.1102e-05	5.974e-05	6.1275e-06	1.7693e-06	3.9879e-08	1.9315e-05	2.5574e-07	4.6984e-07	4.2845e-05	0.00017532	3.2686e-06	5.8361e-07	3.5468e-07	
0.021569	1.6835e-05	7.8705e-05	4.0496e-05	5.8478e-05	5.9923e-06	1.6798e-06	3.4736e-08	1.9434e-05	2.2353e-07	4.1577e-07	4.3223e-05	0.00018252	3.2622e-06	5.6991e-07	3.4758e-07	
0.021919	1.6602e-05	7.6194e-05	3.9875e-05	5.7147e-05	5.8513e-06	1.57e-06	2.8438e-08	1.9541e-05	1.8688e-07	3.5136e-07	4.3588e-05	0.00018946	3.2495e-06	5.5332e-07	3.3814e-07	
0.022294	1.6399e-05	7.4168e-05	3.9309e-05	5.6003e-05	5.7127e-06	1.467e-06	2.2967e-08	1.9664e-05	1.5846e-07	2.9271e-07	4.3999e-05	0.00019745	3.2445e-06	5.3973e-07	3.3017e-07	
0.022696	1.6225e-05	7.2559e-05	3.8796e-05	5.5039e-05	5.5764e-06	1.3705e-06	1.8173e-08	1.9801e-05	1.368e-07	2.3896e-07	4.4458e-05	0.00020667	3.2474e-06	5.2909e-07	3.2368e-07	
0.023127	1.5042e-05	7.1298e-05	3.5959e-05	5.4239e-05	5.4427e-06	1.2794e-06	1.3872e-08	1.9956e-05	1.2045e-07	1.8883e-07	4.4968e-05	0.00021725	3.258e-06	5.212e-07	3.1856e-07	
0.023588	1.3965e-05	7.0336e-05	3.3339e-05	5.3595e-05	5.3112e-06	1.1927e-06	9.9192e-09	2.0127e-05	1.0843e-07	1.4137e-07	4.5532e-05	0.00022939	3.2764e-06	5.1598e-07	3.1476e-07	
0.024083	1.2987e-05	6.9644e-05	3.0925e-05	5.3104e-05	5.1817e-06	1.1104e-06	6.2088e-09	2.0315e-05	1.0016e-07	9.5847e-08	4.6154e-05	0.00024336	3.303e-06	5.135e-07	3.1233e-07	
0.024572	1.1988e-05	7.2501e-05	2.847e-05	5.2551e-05	5.0467e-06	1.6319e-06	1.0482e-08	2.049e-05	8.883e-08	1.4529e-07	4.6748e-05	0.00025693	3.3236e-06	5.0779e-07	3.0766e-07	
0.025054	1.0968e-05	7.5235e-05	2.5976e-05	5.1944e-05	4.9062e-06	2.1283e-06	1.378e-08	2.0654e-05	7.4433e-08	1.8567e-07	4.7327e-05	0.00027011	3.3382e-06	4.9943e-07	3.0079e-07	
0.02557	1.0041e-05	7.8607e-05	2.3677e-05	5.1485e-05	4.7678e-06	2.663e-06	1.7368e-08	2.0834e-05	6.3344e-08	2.2817e-07	4.7966e-05	0.00028526	3.361e-06	4.9374e-07	2.9525e-07	
0.02608	9.0926e-06	8.1817e-05	2.1336e-05	5.0969e-05	4.6237e-06	3.1704e-06	1.9933e-08	2.1002e-05	4.9174e-08	2.6121e-07	4.8588e-05	0.00029993	3.3775e-06	4.8528e-07	2.8742e-07	
0.026582	8.1247e-06	8.4891e-05	1.8956e-05	5.0399e-05	4.4741e-06	3.6522e-06	2.1512e-08	2.1158e-05	3.2036e-08	2.851e-07	4.9197e-05	0.00031419	3.3882e-06	4.7419e-07	2.7741e-07	
0.027121	7.2445e-06	8.8679e-05	1.6763e-05	4.9975e-05	4.3265e-06	4.175e-06	2.3433e-08	2.1331e-05	1.7695e-08	3.1152e-07	4.9867e-05	0.00033059	3.407e-06	4.6571e-07	2.6868e-07	
0.027652	6.3434e-06	9.2286e-05	1.4528e-05	4.9493e-05	4.1731e-06	4.6697e-06	2.4321e-08	2.1491e-05	2.5872e-08	3.2838e-07	5.052e-05	0.00034646	3.4196e-06	4.5446e-07	2.5767e-07	
0.028175	5.4205e-06	9.5719e-05	1.2251e-05	4.8952e-05	4.0142e-06	5.1364e-06	2.4175e-08	2.1639e-05	3.1391e-08	3.3569e-07	5.1156e-05	0.00036182	3.4258e-06	4.4043e-07	2.4438e-07	
0.028691	4.4777e-06	9.9003e-05	9.9345e-06	4.8357e-05	3.8496e-06	5.5767e-06	2.3023e-08	2.1775e-05	3.434e-08	3.3369e-07	5.1777e-05	0.00037673	3.4259e-06	4.2372e-07	2.2886e-07	
0.029245	3.6224e-06	0.00010306	7.8041e-06	4.791e-05	3.6872e-06	6.0612e-06	2.2248e-08	2.1928e-05	3.8396e-08	3.3488e-07	5.2465e-05	0.00039393	3.4347e-06	4.0971e-07	2.1469e-07	
0.029842	2.8483e-06	0.00010349	5.8488e-06	4.7609e-05	3.527e-06	6.5963e-06	2.1853e-08	2.21e-05	4.3917e-08	3.4033e-07	5.2192e-05	0.00041382	3.4527e-06	3.9848e-07	2.0181e-07	
0.030485	2.1478e-06	0.00010421	4.0545e-06	4.7453e-05	3.3689e-06	7.1882e-06	2.1833e-08	2.2292e-05	5.1331e-08	3.4922e-07	5.1965e-05	0.00043687	3.4801e-06	3.8979e-07	1.901e-07	
0.031111	2.0939e-06	0.00010485	3.8659e-06	4.7229e-05	3.2015e-06	7.7443e-06	2.0716e-08	2.2459e-05	5.5649e-08	3.4779e-07	5.1722e-05	0.00045898	4.2963e-06	3.7812e-07	1.7599e-07	
0.031725	2.0345e-06	0.00010539	3.6694e-06	4.6939e-05	3.028e-06	8.2653e-06	1.8501e-08	2.2611e-05	5.6907e-08	3.3604e-07	5.1464e-05	0.00048022	5.0912e-06	3.6345e-07	1.5946e-07	
0.032388	1.985e-06	0.00010626	3.492e-06	4.6801e-05	2.857e-06	8.8495e-06	1.6702e-08	2.2785e-05	6.0413e-08	3.2831e-07	5.1254e-05	0.00050499	5.9537e-06	3.5149e-07	1.442e-07	
0.033038	1.9299e-06	0.00010703	3.3066e-06	4.6593e-05	2.6798e-06	9.3958e-06	1.38e-08	2.2943e-05	6.0748e-08	3.1009e-07	5.1027e-05	0.00052872	6.7925e-06	3.3648e-07	1.265e-07	
0.033673	1.8693e-06	0.0001077	3.1131e-06	4.6315e-05	2.4963e-06	9.9044e-06	9.7734e-09	2.3086e-05	5.8497e-08	2.8128e-07	5.0783e-05	0.00055146	7.6078e-06	3.1838e-07	1.0634e-07	
0.034369	1.8199e-06	0.00010877	2.941e-06	4.6215e-05	2.3164e-06	1.0493e-05	6.288e-09	2.3254e-05	5.9178e-08	2.581e-07	5.0596e-05	0.00057855	8.5053e-06	3.0362e-07	8.7798e-08	
0.035143	1.7829e-06	0.00011039	2.7913e-06	4.4835e-05	2.1409e-06	1.0549e-05	3.3062e-09	2.3455e-05	6.3821e-08	2.0655e-07	5.024e-05	0.00058569	9.5104e-06	2.9279e-07	7.1818e-08	
0.035891	1.739e-06	0.00011183	2.6321e-06	4.3328e-05	1.9583e-06	1.0563e-05	4.7923e-09	2.3634e-05	6.4628e-08	2.2711e-07	4.9576e-05	0.00059225	1.0476e-05	2.7838e-07	7.5968e-08	
0.036722	1.7066e-06	0.00011389	2.493e-06	4.2109e-05	1.7798e-06	1.0642e-05	6.3672e-09	2.3844e-05	6.9382e-08	2.5359e-07	4.9002e-05	0.00060063	1.1554e-05	2.6747e-07	8.0742e-08	
0.037521	1.667e-06	0.0001157	2.3439e-06	4.0759e-05	1.5939e-06	1.0676e-05	6.8326e-09	2.4033e-05	7.1251e-08	2.6776e-07	4.8393e-05	0.00060828	1.2584e-05	2.5283e-07	8.3027e-08	
0.038409	1.6386e-06	0.00011549	2.214e-06	3.968e-05	1.4121e-06	1.0777e-05	7.454e-09	2.4254e-05	7.7578e-08	2.8867e-07	4.7872e-05	0.00061801	1.3738e-05	2.4164e-07	8.6022e-08	
0.039396	1.6208e-06	0.00011569	2.1011e-06	3.8842e-05	1.234e-06	1.0947e-05	8.2796e-09	2.4508e-05	8.9304e-08	3.1731e-07	4.743e-05	0.00063027	1.5029e-05	2.3353e-07	8.9783e-08	
0.040351	1.5968e-06	0.00011575	1.9611e-06	3.7903e-05	1.2664e-06	1.1074e-05	8.0132e-09	2.4742e-05	9.6637e-08	3.3378e-07	4.6961e-05	0.00064165	1.6272e-05	2.2211e-07	9.1136e-08	
0.041413	1.5831e-06	0.00011624	1.8389e-06	3.719e-05	1.2988e-06	1.1273e-05	7.9765e-09	2.5011e-05	1.1045e-07	3.5884e-07	4.6568e-05	0.00065595	1.7664e-05	2.1364e-07	9.3311e-08	
0.042434	1.5627e-06	0.00011656	1.6867e-06	3.6366e-05	1.6438e-06	1.1423e-05	6.7898e-09	2.5256e-05	1.1902e-07	3.7054e-07	4.6143e-05	0.00066907	1.8994e-05	2.0163e-07	9.2921e-08	
0.04342	1.536e-06	0.00011673	1.5251e-06	3.544e-05	1.9799e-06	1.153e-05	4.483e-09	2.548e-05	1.2286e-07	3.6963e-07	4.569e-05	0.00068121	2.0271e-05	1.8623e-07	9.0067e-08	
0.044526	1.5204e-06	0.00011737	1.3843e-06	3.4751e-05	2.3269e-06	1.1716e-05	2.443e-09	2.5742e-05	1.343e-07	3.7868e-07	4.5318e-05	0.00069668	2.0585e-05	1.7404e-07	8.8213e-08	
0.045235	1.4948e-06	0.00011729	1.364e-06	3.5487e-05	2.5396e-06	1.1613e-05	2.3758e-09	2.5957e-05	1.9697e-07	4.6547e-07	4.4487e-05	0.00070601	2.176e-05	1.881e-07	1.005e-07	
0.046032	1.3372e-06	0.00011534	1.3521e-06	3.6472e-05	2.759e-06	1.1588e-05	2.1319e-09	2.6216e-05	2.1067e-07	5.7538e-07	4.3772e-05	0.00071809	2.3095e-05	2.059e-07	1.1461e-07	
0.046797	1.1675e-06	0.0001131	1.3346e-06	3.7387e-05	2.9702e-06	1.1516e-05	6.0722e-09	2.6451e-05	2.1809e-07	6.6686e-07	4.3015e-05	0.00072913	2.4368e-05	2.2e-07	1.2585e-07	
0.047533	1.1836e-06	0.00011053	1.3113e-06	3.8186e-05	3.1732e-06	1.1395e-05	8.7579e-09	2.6649e-05	2.1939e-07	7.4053e-07	4.2214e-05	0.00073919	2.5581e-05	2.3045e-07	1.3424e-07	
0.048361	1.2094e-06	0.0001088	1.2964e-06	3.9246e-05	3.3831e-06	1.1353e-05	1.2146e-08	2.6884e-05	1.8286e-07	6.8949e-07	4.1535e-05	0.00075219	2.5874e-05	2.4453e-07	1.4455e-07	
0.049151	1.2283e-06	0.00010676	1.2753e-06	4.017e-05	3.5842e-06	1.1258e-05	1.4142e-08	2.7095e-05	2.0707e-07	8.6433e-07	4.0784e-05	0.00076394	2.6139e-05	2.5461e-07	1.5174e-07	
0.050039	1.2573e-06	0.00010544	1.2623e-06	4.1374e-05	3.7924e-06	1.1241e-05	1.7e-08	2.7344e-05	1.9688e-07	8.7204e-07	4.0143e-05	0.00077902	2.6466e-05	2.6855e-07	1.6098e-07	
0.050291	1.296e-06	0.00010463	1.2563e-06	4.2867e-05	4.007e-06	1.1292e-05	2.0818e-08	2.7629e-05	1.955e-07	9.0142e-07	3.9591e-05	0.00079783	2.6854e-05	2.8624e-07	1.7213e-07	
0.050538	1.3299e-06	0.00010371	1.2463e-06	4.4267e-05	4.215e-06	1.1309e-05	2.3452e-08	2.7898e-05	1.8985e-07	9.1793e-07	3.9018e-05	0.00081573	2.7225e-05	3.0087e-07	1.8084e-07	
0.05078	1.3598e-06	0.0001027	1.2329e-06	4.5599e-05	4.4172e-06	1.1299e-05	2.5042e-08	2.8153e-05	1.8062e-07	9.2341e-07	3.8428e-05	0.00083304	2.7582e-05	3.1288e-07	1.8738e-07	
0.051019	1.3861e-06	0.00010162	1.2163e-06	4.687e-05	4.6136e-06	1.1263e-05	2.5615e-08	2.8396e-05	1.6796e-07	9.1825e-07	3.7825e-05	0.00084982	2.7927e-05	3.2235e-07	1.9182e-07	
0.051255	1.4087e-06	0.00010046	1.1964e-06	4.808e-05	4.8044e-06	1.12e-05	2.5184e-08	2.8625e-05	1.519e-07	9.0258e-07	3.7207e-05	0.00086611	2.826e-05	3.2931e-07	1.9417e-07	
0.051508	1.4368e-06	9.9612e-05	1.1803e-06	4.9472e-05	4.9979e-06	1.1176e-05	2.5114e-08	2.8876e-05	1.4067e-07	8.9567e-07	3.6644e-05	0.00088488	2.8633e-05	3.3808e-07	1.9718e-07	
0.051757	1.4611e-06	0.00010302	1.1609e-06	5.0796e-05	5.1856e-06	1.1125e-05	2.4009e-08	2.9113e-05	1.2598e-07	8.7785e-07	3.6065e-05	0.00090304	2.8992e-05	3.4378e-07	1.9804e-07	
0.052003	1.4814e-06	0.00010625	1.1381e-06	5.2053e-05	5.3674e-06	1.1047e-05	2.187e-08	2.9337e-05	1.078e-07	8.4911e-07	3.5472e-05	0.0009206	2.9338e-05	3.4688e-07	1.9674e-07	
0.052017	1.5076e-06	0.00011025	1.1191e-06	5.3505e-05	5.5522e-06	1.1008e-05	2.0092e-08	2.9582e-05	9.4095e-08	8.2925e-07	3.4932e-05	0.00094088	2.9725e-05	3.5187e-07	1.9616e-07	
0.052038	1.5399e-06	0.00011517	1.1037e-06	5.5167e-05	5.74e-06	1.1008e-05	1.8614e-08	2.985e-05	8.4014e-08	8.1903e-07	3.4443e-05	0.00096426	3.0155e-05	3.5882e-07	1.9628e-07	
0.052057	1.5681e-06	0.00011985	1.0851e-06	5.6756e-05	5.9219e-06	1.0981e-05	1.6126e-08	3.0104e-05	7.0778e-08	7.9808e-07	3.3939e-05	0.00098689	3.0571e-05	3.6315e-07	1.9426e-07	
0.052075	1.5927e-06	0.00012435	1.0633e-06	5.8279e-05	6.0982e-06	1.0928e-05	1.2657e-08	3.0345e-05	5.4514e-08	7.6684e-07	3.3424e-05	0.0010089	3.0975e-05	3.6496e-07	1.9015e-07	
0.052092	1.6136e-06	0.00012866	1.0384e-06	5.9738e-05	6.2689e-06	1.085e-05	2.1794e-08	3.0574e-05	3.5186e-08	7.2528e-07	3.2896e-05	0.0010303	3.1366e-05	3.6427e-07	1.8397e-07	
0.052108	1.6308e-06	0.00013279	1.0103e-06	6.1132e-05	6.4339e-06	1.0746e-05	2.979e-08	3.079e-05	4.8157e-08	6.7338e-07	3.2355e-05	0.0010511	3.1746e-05	3.6107e-07	1.757e-07	
0.05213	1.6539e-06	0.00013786	9.858e-07	6.2736e-05	6.6018e-06	1.068e-05	3.8989e-08	3.1027e-05	6.396e-08	6.2944e-07	3.1863e-05	0.001075	3.2168e-05	3.5974e-07	1.6808e-07	
0.05215	1.6731e-06	0.00014268	9.5796e-07	6.4265e-05	6.7639e-06	1.0587e-05	4.694e-08	3.1251e-05	7.6623e-08	9.0601e-07	3.1354e-05	0.0010982	3.2576e-05	3.5579e-07	1.5831e-07	
0.052169	1.6883e-06	0.00014729	9.2684e-07	6.5722e-05	6.9201e-06	1.0467e-05	5.3657e-08	3.1462e-05	8.6184e-08	1.1662e-06	3.0832e-05	0.0011206	3.297e-05	3.4923e-07	1.464e-07	
0.052187	1.6996e-06	0.00015167	8.9243e-07	6.7106e-05	7.0704e-06	1.032e-05	5.915e-08	3.1659e-05	9.267e-08	1.4104e-06	3.0296e-05	0.0011423	3.335e-05	3.4004e-07	1.3234e-07	
0.052211	1.7168e-06	0.00015705	8.6145e-07	6.8705e-05	7.2238e-06	1.0211e-05	6.5931e-08	3.1877e-05	1.0222e-07	1.6885e-06	2.9808e-05	0.001144	3.3774e-05	3.3271e-07	1.1891e-07	
0.052233	1.7301e-06	0.00016217	8.272e-07	7.0229e-05	7.3712e-06	1.0074e-05	7.1446e-08	3.2082e-05	1.0859e-07	1.9496e-06	2.9305e-05	0.0011454	3.4184e-05	3.2277e-07	1.0333e-07	
0.052254	1.7396e-06	0.00016708	7.898e-07	7.1683e-05	7.5129e-06	9.9117e-06	7.576e-08	3.2275e-05	1.1194e-07	2.1949e-06	2.8791e-05	0.0011466	3.4581e-05	3.103e-07	8.567e-08	
0.052297	1.7452e-06	0.00017177	7.4914e-07	7.3067e-05	7.6486e-06	9.7228e-06	7.9052e-08	3.2454e-05	1.1222e-07	2.424e-06	2.8262e-05	0.0011476	3.5142e-05	2.9524e-07	1.1213e-07	
0.052338	1.7471e-06	0.00017626	7.053e-07	7.4382e-05	7.7787e-06	9.5079e-06	8.1143e-08	3.2619e-05	1.0946e-07	2.6375e-06	2.7721e-05	0.0011484	3.5689e-05	2.7764e-07	1.3636e-07	
0.052379	1.7452e-06	0.00018055	6.5828e-07	7.563e-05	7.903e-06	9.2669e-06	8.2042e-08	3.2773e-05	1.0369e-07	2.8358e-06	2.7167e-05	0.001149	3.6222e-05	2.5748e-07	1.5839e-07	
0.052418	1.7395e-06	0.00018448	6.0806e-07	7.6812e-05	8.0216e-06	8.9999e-06	8.1751e-08	3.2913e-05	9.4868e-08	3.0191e-06	2.66e-05	0.0011494	3.6741e-05	3.2309e-07	1.7823e-07	
0.052455	1.73e-06	0.00018824	5.5464e-07	7.7928e-05	8.1345e-06	8.7067e-06	8.0272e-08	3.304e-05	8.2993e-08	3.1875e-06	2.6019e-05	0.0011495	3.7246e-05	3.8546e-07	1.9589e-07	
0.052492	1.7168e-06	0.00019183	4.9801e-07	7.8978e-05	8.2418e-06	8.3873e-06	7.76e-08	3.3155e-05	6.8027e-08	3.3412e-06	2.5426e-05	0.0011495	3.7737e-05	4.4459e-07	2.1136e-07	
0.052534	1.7097e-06	0.0001916	4.4508e-07	8.0239e-05	8.3521e-06	8.1074e-06	7.6213e-08	3.3291e-05	5.6305e-08	3.5279e-06	2.4884e-05	0.0011504	3.8279e-05	5.0959e-07	2.2804e-07	
0.052576	1.6988e-06	0.00019128	3.8898e-07	8.1431e-05	8.4567e-06	7.8016e-06	7.364e-08	3.3415e-05	4.1612e-08	3.6992e-06	2.433e-05	0.0011511	3.8807e-05	5.7123e-07	2.4251e-07	
0.052624	1.6939e-06	0.00019132	3.363e-07	8.2845e-05	8.5644e-06	7.5334e-06	7.2299e-08	3.3561e-05	2.9519e-08	3.9055e-06	2.3823e-05	0.0011528	3.9388e-05	6.3926e-07	2.5829e-07	
0.052697	1.6966e-06	0.00018737	2.7809e-07	8.45e-05	8.6555e-06	7.301e-06	7.2166e-08	3.2233e-05	1.9312e-08	4.1515e-06	2.3362e-05	0.0011555	3.9101e-05	7.1479e-07	2.7555e-07	
0.052778	1.7055e-06	0.00018421	2.2327e-07	8.6417e-05	8.7499e-06	7.1026e-06	7.325e-08	3.0959e-05	1.0372e-08	4.4427e-06	2.2943e-05	0.0011594	3.8855e-05	7.9849e-07	2.9448e-07	
0.052867	1.7206e-06	0.00018171	1.7144e-07	8.8619e-05	8.8475e-06	6.9364e-06	7.5585e-08	2.9737e-05	2.1233e-09	4.7849e-06	2.2564e-05	0.0011644	3.865e-05	8.9126e-07	3.1522e-07	
0.052954	1.7317e-06	0.00017906	1.9388e-07	9.0729e-05	8.9363e-06	6.7444e-06	7.6679e-08	2.8495e-05	2.4319e-09	5.1062e-06	2.2173e-05	0.0011691	3.8432e-05	9.7973e-07	3.3354e-07	
0.05304	1.7387e-06	0.00017625	2.1361e-07	9.2749e-05	9.0191e-06	6.5267e-06	7.6541e-08	2.7234e-05	1.3833e-08	5.407e-06	2.177e-05	0.0011736	3.8201e-05	1.064e-06	3.4946e-07	
0.053134	1.7518e-06	0.00017404	2.3413e-07	9.5057e-05	9.105e-06	6.3387e-06	7.761e-08	2.6022e-05	2.6689e-08	5.7604e-06	2.1404e-05	0.0011792	3.8008e-05	1.1575e-06	3.6717e-07	
0.053236	1.7711e-06	0.00017233	2.5558e-07	9.7677e-05	9.194e-06	6.1787e-06	7.9916e-08	2.4856e-05	4.1752e-08	5.5904e-06	2.1075e-05	0.0011862	3.7853e-05	1.2611e-06	3.8681e-07	
0.053337	1.7865e-06	0.00017051	2.7437e-07	0.00010021	9.2773e-06	5.9952e-06	8.1048e-08	2.3674e-05	5.3954e-08	5.4041e-06	2.0736e-05	0.0011928	3.7686e-05	1.3607e-06	4.0412e-07	
0.053448	1.8084e-06	0.00016916	2.9425e-07	0.00010309	9.3639e-06	5.8394e-06	8.3506e-08	2.2538e-05	6.9113e-08	5.2567e-06	2.0431e-05	0.0012009	3.7556e-05	1.4715e-06	4.2356e-07	
0.053557	1.8265e-06	0.00016771	3.1146e-07	0.00010587	9.4449e-06	5.6603e-06	8.4782e-08	2.1386e-05	8.1285e-08	6.0065e-06	2.0109e-05	0.0012086	3.7416e-05	1.578e-06	4.4064e-07	
0.053675	1.8512e-06	0.00016667	3.2985e-07	0.00010902	9.5291e-06	5.5077e-06	8.7433e-08	2.0278e-05	9.7088e-08	6.8703e-06	1.9819e-05	0.0012179	3.7312e-05	1.6967e-06	4.5997e-07	
0.053804	1.8827e-06	0.000166	3.4955e-07	0.00011258	9.6168e-06	5.3803e-06	9.155e-08	1.9213e-05	1.1749e-07	7.8656e-06	1.956e-05	0.0012289	3.7245e-05	1.829e-06	4.8171e-07	
0.053931	1.9103e-06	0.00016526	3.6654e-07	0.00011603	9.6987e-06	5.23e-06	9.4455e-08	1.8131e-05	1.3457e-07	8.8261e-06	1.9293e-05	0.0012396	3.7166e-05	1.9565e-06	5.0105e-07	
0.054069	1.9449e-06	0.00016487	3.8493e-07	0.00011992	9.7841e-06	5.1039e-06	9.8924e-08	1.7092e-05	1.5717e-07	9.9339e-06	1.9055e-05	0.0012521	3.7124e-05	2.0987e-06	5.2296e-07	
0.054218	1.9867e-06	0.0001648	4.0478e-07	0.00012428	9.8728e-06	5.0001e-06	1.0505e-07	1.609e-05	1.8648e-07	1.1207e-05	1.8844e-05	0.0012667	3.7116e-05	2.2567e-06	5.4751e-07	
0.054365	2.0244e-06	0.00016466	4.2187e-07	0.00012852	9.9559e-06	4.8738e-06	1.0992e-07	1.5073e-05	2.1199e-07	1.2438e-05	1.8625e-05	0.0012808	3.7097e-05	2.4094e-06	5.6959e-07	
0.05451	2.0583e-06	0.00016444	4.362e-07	0.00013264	1.0033e-05	4.7248e-06	1.1351e-07	1.4041e-05	2.3373e-07	1.3627e-05	1.8398e-05	0.0012945	3.7068e-05	2.5569e-06	5.892e-07	
0.054652	2.0878e-06	0.00016414	4.4765e-07	0.00013662	1.0104e-05	4.5517e-06	1.1576e-07	1.2991e-05	5.2157e-07	1.4769e-05	1.8161e-05	0.0013077	3.7025e-05	2.6984e-06	6.0617e-07	
0.054806	2.112e-06	0.00015958	4.6076e-07	0.00014112	1.0179e-05	4.4023e-06	1.1984e-07	1.1909e-05	8.976e-07	1.6094e-05	1.7952e-05	0.0013055	3.702e-05	2.858e-06	6.2609e-07	
0.054958	2.1322e-06	0.00015482	4.7109e-07	0.0001455	1.0249e-05	4.2302e-06	1.2265e-07	1.0811e-05	1.2537e-06	1.7373e-05	1.7735e-05	0.001303	3.7003e-05	3.012e-06	6.4349e-07	
0.055123	2.1595e-06	0.00015096	4.8301e-07	0.00015041	1.0321e-05	4.0792e-06	1.2728e-07	9.753e-06	1.7072e-06	1.885e-05	1.7544e-05	0.0013015	3.7022e-05	3.184e-06	6.6379e-07	
0.055284	2.1827e-06	0.00014689	4.9203e-07	0.00015516	1.0388e-05	3.9047e-06	1.3053e-07	8.6774e-06	2.134e-06	2.0271e-05	1.7344e-05	0.0012999	3.7028e-05	3.3497e-06	6.8141e-07	
0.055459	2.2133e-06	0.00014361	5.0276e-07	0.00016051	1.0458e-05	3.7509e-06	1.3577e-07	7.6406e-06	2.6814e-06	2.1917e-05	1.717e-05	0.0012993	3.707e-05	3.5352e-06	7.0217e-07	
0.055631	2.2399e-06	0.00014018	5.107e-07	0.00016571	1.0523e-05	3.5749e-06	1.3968e-07	6.5883e-06	3.2005e-06	2.3508e-05	1.6987e-05	0.0012984	3.7101e-05	3.7145e-06	7.2035e-07	
0.055615	2.2617e-06	0.00013745	5.2048e-07	0.00017156	1.0591e-05	3.4191e-06	1.3967e-07	5.5131e-06	3.87e-06	2.4998e-05	1.6786e-05	0.0012987	3.717e-05	3.9159e-06	8.893e-07	
0.055599	2.279e-06	0.00013456	5.273e-07	0.00017724	1.0654e-05	3.2399e-06	1.3823e-07	4.4201e-06	4.4992e-06	2.6428e-05	1.6576e-05	0.0012986	3.7226e-05	4.1099e-06	1.0529e-06	
0.055588	2.3041e-06	0.00013227	5.3602e-07	0.00018362	1.072e-05	3.0798e-06	1.3881e-07	3.3667e-06	5.3114e-06	2.8094e-05	1.6392e-05	0.0012997	3.732e-05	4.3277e-06	1.232e-06	
0.055584	2.3373e-06	0.00013048	5.4667e-07	0.00019078	1.079e-05	2.9369e-06	1.4142e-07	2.3503e-06	6.3573e-06	3.0027e-05	1.6234e-05	0.0013019	3.745e-05	4.5714e-06	1.4282e-06	
0.055578	2.3641e-06	0.00012856	5.5418e-07	0.0001977	1.0854e-05	2.7702e-06	1.4249e-07	2.3028e-06	7.3331e-06	3.1878e-05	1.6065e-05	0.0013037	3.7567e-05	4.8058e-06	1.6178e-06	
0.05557	2.3857e-06	0.00012649	5.5848e-07	0.00020437	1.0911e-05	2.5789e-06	1.4198e-07	2.2465e-06	8.2393e-06	3.3642e-05	1.5885e-05	0.0013052	3.7668e-05	5.0304e-06	1.8003e-06	
0.05556	2.4021e-06	0.00012424	5.5948e-07	0.00021078	1.0962e-05	2.3618e-06	1.3982e-07	2.18e-06	9.0776e-06	3.5359e-05	1.5694e-05	0.0013063	3.7753e-05	5.2449e-06	1.9758e-06	
0.055558	2.4281e-06	0.00012256	5.6307e-07	0.00021811	1.1017e-05	2.167e-06	1.4014e-07	2.1155e-06	1.02e-05	3.7404e-05	1.5532e-05	0.0013088	3.7882e-05	5.4905e-06	2.1716e-06	
0.055553	2.448e-06	0.00012069	5.6299e-07	0.00022509	1.1065e-05	1.9443e-06	1.3858e-07	2.0403e-06	1.1218e-05	3.9323e-05	1.5357e-05	0.0013107	3.7991e-05	5.7228e-06	2.3581e-06	
0.055415	2.4819e-06	0.0001144	5.6717e-07	0.00023346	1.1122e-05	1.7542e-06	1.4062e-07	1.9701e-06	1.1524e-05	3.9831e-05	1.5266e-05	0.0013145	3.8164e-05	6.0041e-06	2.3979e-06	
0.055294	2.5313e-06	0.00010989	5.7584e-07	0.00024352	1.1188e-05	1.5934e-06	1.4653e-07	1.9048e-06	1.2007e-05	4.0561e-05	1.5211e-05	0.0013203	3.8404e-05	6.3417e-06	2.4513e-06	
0.055189	2.5974e-06	0.00010669	5.8918e-07	0.00025559	1.1263e-05	1.4583e-06	1.5692e-07	1.8443e-06	1.2751e-05	4.1554e-05	1.5192e-05	0.0013285	3.8714e-05	6.746e-06	2.5195e-06	
0.0551	2.6824e-06	0.00010448	5.9507e-07	0.00027018	1.1308e-05	1.3475e-06	1.4983e-07	1.7889e-06	1.2973e-05	4.2421e-05	1.5151e-05	0.0013269	3.9104e-05	7.231e-06	2.5669e-06	
0.055006	2.7449e-06	0.00010197	5.9661e-07	0.00028387	1.1343e-05	1.2089e-06	1.402e-07	2.0579e-06	1.3153e-05	4.3191e-05	1.5094e-05	0.0013247	3.9462e-05	7.6855e-06	2.6074e-06	
0.054907	2.7978e-06	9.907e-05	5.9348e-07	0.00029653	1.137e-05	1.4955e-06	1.2766e-07	2.3111e-06	1.3288e-05	4.3856e-05	1.5019e-05	0.0013218	3.9787e-05	8.1078e-06	2.6404e-06	
0.054538	2.8679e-06	9.7119e-05	5.9482e-07	0.00031172	1.1405e-05	1.4736e-06	1.1955e-07	2.5779e-06	1.3542e-05	4.4773e-05	1.4979e-05	0.0013048	4.0188e-05	8.1985e-06	2.6868e-06	
0.054161	2.9316e-06	9.4992e-05	5.9268e-07	0.00032632	1.1433e-05	1.4293e-06	1.0961e-07	2.8326e-06	1.3766e-05	4.5624e-05	1.4928e-05	0.001287	4.0569e-05	8.2806e-06	2.7283e-06	
0.05381	3.0064e-06	9.3333e-05	5.9268e-07	0.00034266	1.1465e-05	1.3904e-06	1.0194e-07	3.0941e-06	1.4079e-05	4.6651e-05	1.4898e-05	0.0012717	4.0999e-05	8.382e-06	2.7783e-06	
0.053454	3.0759e-06	9.1564e-05	5.8968e-07	0.00035858	1.1491e-05	1.3315e-06	9.2833e-08	3.3449e-06	1.4368e-05	4.7627e-05	1.4861e-05	0.0012559	4.1414e-05	8.4769e-06	2.8244e-06	
0.053091	3.1405e-06	8.9685e-05	5.837e-07	0.00037409	1.1511e-05	1.2527e-06	8.2294e-08	3.5853e-06	1.4635e-05	4.8556e-05	1.4815e-05	0.0012394	4.1814e-05	8.5653e-06	2.8667e-06	
0.052754	3.216e-06	8.8217e-05	5.7971e-07	0.00039139	1.1535e-05	1.1784e-06	7.3738e-08	3.8321e-06	1.4997e-05	4.9666e-05	1.479e-05	0.0012254	4.2263e-05	8.6731e-06	2.9174e-06	
0.052413	3.2868e-06	8.6664e-05	5.7288e-07	0.00040832	1.1553e-05	1.0849e-06	6.3897e-08	4.0688e-06	1.5338e-05	5.0732e-05	1.4757e-05	0.0012108	4.2698e-05	8.7749e-06	2.9645e-06	
0.052095	3.3692e-06	8.5474e-05	5.6802e-07	0.00042719	1.1575e-05	9.9532e-07	5.5783e-08	4.3124e-06	1.5792e-05	5.1997e-05	1.4745e-05	0.0011984	4.3184e-05	8.8971e-06	3.0203e-06	
0.051773	3.4466e-06	8.4205e-05	5.603e-07	0.00044565	1.1592e-05	8.866e-07	4.6419e-08	4.5458e-06	1.622e-05	5.3212e-05	1.4725e-05	0.0011855	4.3657e-05	9.013e-06	3.0725e-06	
0.050198	3.5366e-06	8.3268e-05	5.5465e-07	0.00044834	1.1612e-05	7.8181e-07	3.8605e-08	4.7868e-06	1.6165e-05	5.4655e-05	1.4726e-05	0.0011747	4.4185e-05	9.151e-06	2.9426e-06	
0.048597	3.6211e-06	8.2247e-05	5.4598e-07	0.00045089	1.1626e-05	6.5731e-07	2.9505e-08	5.0169e-06	1.6093e-05	5.6035e-05	1.4719e-05	0.0011633	4.4696e-05	9.2817e-06	2.8076e-06	
0.047107	3.7186e-06	8.1522e-05	5.3929e-07	0.00045398	1.1645e-05	5.3552e-07	2.169e-08	5.2549e-06	1.6084e-05	5.7662e-05	1.4732e-05	0.0011538	4.5265e-05	9.4353e-06	2.6861e-06	
0.045718	3.8302e-06	7.6678e-05	5.3455e-07	0.00044934	1.1667e-05	4.1549e-07	1.4876e-08	5.5012e-06	1.6138e-05	5.9609e-05	1.4103e-05	0.0011458	4.5894e-05	9.6148e-06	2.5771e-06	
0.044424	3.9567e-06	7.2735e-05	5.3166e-07	0.00044534	1.1694e-05	2.9575e-07	8.7973e-09	5.7561e-06	1.6256e-05	6.1883e-05	1.3524e-05	0.0011393	4.6587e-05	9.8209e-06	2.4795e-06	
0.04311	4.0772e-06	6.8595e-05	5.2582e-07	0.00044116	1.1715e-05	4.2231e-07	1.2524e-08	5.9999e-06	1.6357e-05	6.4071e-05	1.2931e-05	0.0011325	4.7261e-05	1.0019e-05	2.3774e-06	
0.041884	4.2132e-06	6.5224e-05	5.2176e-07	0.00043758	1.1739e-05	5.4943e-07	1.6565e-08	6.2524e-06	1.6528e-05	6.6614e-05	1.2384e-05	0.0011269	4.8001e-05	1.0244e-05	2.2858e-06	
0.04064	4.3432e-06	6.1685e-05	5.1479e-07	0.00043385	1.1758e-05	6.5759e-07	1.9577e-08	6.4941e-06	1.668e-05	6.9067e-05	1.1825e-05	0.001121	4.8722e-05	1.0462e-05	2.1901e-06	
0.039381	4.4677e-06	5.7996e-05	5.0505e-07	0.00042998	1.1771e-05	7.4732e-07	2.1598e-08	6.7253e-06	1.6816e-05	7.1443e-05	1.1253e-05	0.0011149	4.9427e-05	1.0672e-05	2.0905e-06	
0.038206	4.6083e-06	5.4991e-05	4.9702e-07	0.00042668	1.1787e-05	8.3809e-07	2.3988e-08	6.9654e-06	1.6501e-05	7.4203e-05	1.0726e-05	0.00111	5.0199e-05	1.0911e-05	2.0009e-06	
0.037016	4.7433e-06	5.1855e-05	4.8623e-07	0.00042326	1.1798e-05	9.1032e-07	2.5377e-08	7.1951e-06	1.6164e-05	7.6877e-05	1.0188e-05	0.0011048	5.0955e-05	1.1142e-05	1.9076e-06	
0.035905	4.8955e-06	4.9304e-05	4.7709e-07	0.00042038	1.1813e-05	9.8415e-07	2.7187e-08	7.4339e-06	1.592e-05	7.9979e-05	9.6915e-06	0.0011008	5.1781e-05	1.1404e-05	1.8236e-06	
0.034778	5.0413e-06	4.6623e-05	4.6509e-07	0.00041736	1.1822e-05	1.0388e-06	2.795e-08	7.6617e-06	1.5655e-05	8.2974e-05	9.1829e-06	0.0010966	5.2588e-05	1.1658e-05	1.7357e-06	
0.033727	5.2053e-06	4.4447e-05	4.547e-07	0.00041486	1.1835e-05	1.0956e-06	2.9169e-08	7.8989e-06	1.547e-05	8.6445e-05	8.7137e-06	0.0010934	5.347e-05	1.1945e-05	1.6565e-06	
0.032745	5.3885e-06	4.268e-05	4.4577e-07	0.00041284	1.1851e-05	1.1544e-06	3.0855e-08	8.1457e-06	1.5354e-05	9.0447e-05	8.2799e-06	0.0010912	5.4429e-05	1.2267e-05	1.5852e-06	
0.031828	5.5931e-06	4.1264e-05	4.3833e-07	0.00041129	1.1872e-05	1.2164e-06	3.3095e-08	8.4027e-06	1.447e-05	9.5073e-05	7.88e-06	0.00109	5.5473e-05	1.2629e-05	1.5214e-06	
0.030973	5.8208e-06	4.0143e-05	4.3232e-07	0.00041019	1.1896e-05	1.2818e-06	3.5965e-08	8.6704e-06	1.3785e-05	0.00010042	7.5115e-06	0.0010898	5.6608e-05	1.3035e-05	1.4646e-06	
0.030175	6.0739e-06	3.9271e-05	4.2772e-07	0.00040952	1.1925e-05	1.3515e-06	3.9563e-08	8.9493e-06	1.3258e-05	0.00010658	7.1722e-06	0.0010906	5.784e-05	1.3489e-05	1.4142e-06	
0.029365	6.3188e-06	4.0782e-05	4.2028e-07	0.00040873	1.1947e-05	1.4015e-06	4.2041e-08	9.2167e-06	1.2697e-05	0.00011255	6.8233e-06	0.0010911	5.9046e-05	1.3924e-05	1.3604e-06	
0.028609	6.5901e-06	4.2651e-05	4.1416e-07	0.00040837	1.1973e-05	1.4556e-06	4.5298e-08	9.4954e-06	1.2265e-05	0.00011348	6.5028e-06	0.0010926	6.0353e-05	1.4409e-05	1.3126e-06	
0.027903	6.8903e-06	4.4951e-05	4.093e-07	0.00040842	1.2003e-05	1.5144e-06	4.9444e-08	9.7858e-06	1.1938e-05	0.00011464	6.2074e-06	0.0010951	6.1767e-05	1.495e-05	1.2705e-06	
0.027244	6.8435e-06	4.5065e-05	4.0578e-07	0.00040891	1.2038e-05	1.579e-06	5.4666e-08	1.0091e-05	1.1697e-05	0.00011605	5.9359e-06	0.0010986	6.3299e-05	1.5555e-05	1.2337e-06	
0.026577	6.7913e-06	4.5136e-05	3.9953e-07	0.00040929	1.2066e-05	1.6241e-06	5.8739e-08	1.0384e-05	1.1439e-05	0.0001174	5.6567e-06	0.0011019	6.4805e-05	1.6146e-05	1.194e-06	
0.025901	6.7336e-06	4.5164e-05	3.9057e-07	0.00040956	1.2089e-05	1.6497e-06	6.1665e-08	1.0667e-05	1.1162e-05	0.00011869	5.3697e-06	0.001105	6.6284e-05	1.6722e-05	1.1513e-06	
0.025272	6.6681e-06	4.5376e-05	3.8294e-07	0.00041027	1.2116e-05	1.6815e-06	6.5784e-08	1.0931e-05	9.7385e-06	0.00012026	5.1059e-06	0.0011091	6.6216e-05	1.6728e-05	1.1139e-06	
0.024633	6.5965e-06	4.5539e-05	3.7251e-07	0.00041086	1.2136e-05	1.6932e-06	6.868e-08	1.1184e-05	8.2317e-06	0.00012175	4.8339e-06	0.001113	6.6133e-05	1.6726e-05	1.0734e-06	
0.024037	6.5397e-06	4.5875e-05	3.6325e-07	0.00041188	1.2161e-05	1.7106e-06	7.2784e-08	1.145e-05	7.0504e-06	0.00012353	4.5828e-06	0.0011181	6.6098e-05	1.6748e-05	1.0377e-06	
0.02348	6.4977e-06	4.4539e-05	3.5517e-07	0.00041335	1.219e-05	1.7341e-06	7.8282e-08	1.1728e-05	6.1295e-06	0.00012287	4.3529e-06	0.0011243	6.6112e-05	1.6795e-05	1.0066e-06	
0.022961	6.4695e-06	4.3483e-05	3.4814e-07	0.00041528	1.2223e-05	1.7636e-06	8.5299e-08	1.2019e-05	5.4077e-06	0.00012241	4.141e-06	0.0011319	6.6174e-05	1.6865e-05	9.7974e-07	
0.022435	6.4361e-06	4.2365e-05	3.3844e-07	0.00041709	1.225e-05	1.7735e-06	9.1076e-08	1.23e-05	4.6485e-06	0.00012189	3.9225e-06	0.0011392	6.6222e-05	1.6929e-05	9.5011e-07	
0.021943	6.4164e-06	4.1495e-05	3.2975e-07	0.00041937	1.2281e-05	1.7894e-06	9.8539e-08	1.2593e-05	4.0533e-06	0.00012157	3.7208e-06	0.001148	6.4678e-05	1.7017e-05	9.2448e-07	
0.021445	6.391e-06	4.0561e-05	3.183e-07	0.00042152	1.2305e-05	1.7852e-06	1.0465e-07	1.2875e-05	3.4222e-06	0.0001212	3.5121e-06	0.0011564	6.3103e-05	1.7098e-05	8.9599e-07	
0.020939	6.3601e-06	3.9563e-05	3.0411e-07	0.00042354	1.2324e-05	1.7608e-06	1.0943e-07	1.3145e-05	2.7533e-06	0.00012077	3.2964e-06	0.0011644	6.1496e-05	1.7171e-05	8.6464e-07	
0.020467	6.343e-06	3.8797e-05	2.9094e-07	0.00042605	1.2347e-05	1.7428e-06	1.1606e-07	1.3429e-05	2.2309e-06	0.00012054	3.0972e-06	0.001174	6.0012e-05	1.7269e-05	8.3726e-07	
0.020027	6.3395e-06	3.4375e-05	2.7871e-07	0.00042909	1.2374e-05	1.7312e-06	1.2477e-07	1.3727e-05	1.8234e-06	0.00012048	2.9134e-06	0.00117	5.8642e-05	1.7396e-05	8.1364e-07	
0.019581	6.331e-06	2.977e-05	2.6385e-07	0.000432	1.2396e-05	1.7e-06	1.3214e-07	1.4014e-05	1.3937e-06	0.00012038	2.7235e-06	0.0011657	5.7248e-05	1.7514e-05	7.874e-07	
0.019165	6.3362e-06	2.6e-05	2.4985e-07	0.00043547	1.2421e-05	1.675e-06	1.1302e-07	1.4316e-05	1.058e-06	0.00012047	2.5481e-06	0.0011626	5.5961e-05	1.7661e-05	7.6474e-07	
0.018778	6.3551e-06	2.2913e-05	2.3663e-07	0.00043952	1.2451e-05	1.656e-06	9.7184e-08	1.4634e-05	7.9563e-07	0.00012074	2.386e-06	0.0011605	5.4776e-05	1.7837e-05	7.4547e-07	
0.018416	6.3879e-06	2.039e-05	2.241e-07	0.00044422	1.2485e-05	1.6427e-06	8.4082e-08	1.4968e-05	5.9059e-07	0.00012119	2.2363e-06	0.0011594	5.3684e-05	1.8045e-05	7.2944e-07	
0.018079	6.4351e-06	1.8332e-05	2.122e-07	0.00044961	1.2523e-05	1.6353e-06	7.3287e-08	1.5319e-05	4.3047e-07	0.00012185	2.0983e-06	0.0011594	5.2681e-05	1.8286e-05	7.1654e-07	
0.017766	6.4971e-06	1.6655e-05	2.0084e-07	0.00045578	1.2566e-05	1.6337e-06	6.4425e-08	1.5688e-05	3.0523e-07	0.00012271	1.971e-06	0.0011604	5.1762e-05	1.8564e-05	7.0667e-07	
0.017446	6.5527e-06	1.488e-05	1.8678e-07	0.00046172	1.2602e-05	1.6115e-06	5.4143e-08	1.6043e-05	1.6968e-07	0.00012352	1.8376e-06	0.0011611	5.0818e-05	1.8831e-05	6.9403e-07	
0.017156	6.6293e-06	1.2014e-05	1.74e-07	0.00046876	1.2645e-05	1.6018e-06	4.6267e-08	1.6425e-05	7.126e-08	0.00012463	1.7184e-06	0.0011631	4.9978e-05	1.8947e-05	6.8579e-07	
0.017131	6.6942e-06	8.8067e-06	1.578e-07	0.00047531	1.268e-05	1.5653e-06	3.6403e-08	1.6785e-05	6.2989e-08	0.0001256	1.5896e-06	0.0011646	4.9091e-05	1.9044e-05	6.7347e-07	
0.017104	6.7485e-06	5.2513e-06	1.3826e-07	0.00048143	1.2706e-05	1.5031e-06	2.456e-08	1.7125e-05	5.0416e-08	0.00012645	1.4517e-06	0.0011655	4.8161e-05	1.9126e-05	6.5728e-07	
0.017074	6.7607e-06	4.7474e-06	1.684e-07	0.00052588	1.2715e-05	1.4074e-06	2.6453e-08	1.916e-05	6.8158e-08	0.00012796	1.3502e-06	0.0011657	4.717e-05	1.918e-05	6.2948e-07	
0.017041	6.7604e-06	4.1565e-06	1.9447e-07	0.00056745	1.2715e-05	1.2822e-06	2.6806e-08	2.1133e-05	8.0521e-08	0.00012928	1.239e-06	0.0011652	4.6119e-05	1.9214e-05	5.9682e-07	
0.017006	6.7477e-06	3.4695e-06	2.1654e-07	0.00060635	1.2706e-05	1.1272e-06	2.5629e-08	2.3047e-05	8.7825e-08	0.00013043	1.1178e-06	0.001164	4.5007e-05	1.9229e-05	5.592e-07	
0.016968	6.7224e-06	2.7322e-06	2.3469e-07	0.00064272	1.2686e-05	1.3785e-06	2.2904e-08	2.4903e-05	9.0235e-08	0.00013142	9.8974e-07	0.0011621	4.383e-05	1.9225e-05	5.1646e-07	
0.016936	6.7209e-06	2.1996e-06	2.555e-07	0.00068561	1.2676e-05	1.6641e-06	2.1289e-08	2.6883e-05	9.8353e-08	0.00013279	8.765e-07	0.0011619	4.2797e-05	1.9262e-05	4.8049e-07	
0.016911	6.7435e-06	1.8182e-06	2.7942e-07	0.00073631	1.2675e-05	1.9914e-06	2.0667e-08	2.8997e-05	1.1355e-07	0.00013464	7.7659e-07	0.0011632	4.1897e-05	1.9341e-05	4.5061e-07	
0.016884	6.7553e-06	1.6143e-06	2.9953e-07	0.00078437	1.2666e-05	2.2839e-06	1.8703e-08	3.1058e-05	1.2371e-07	0.00013616	8.1157e-07	0.001164	4.095e-05	1.9535e-05	4.1645e-07	
0.016855	6.7567e-06	1.3734e-06	3.159e-07	0.00082998	1.2648e-05	2.5429e-06	1.5385e-08	3.3066e-05	1.2904e-07	0.00013753	8.4065e-07	0.0011643	3.9955e-05	1.9711e-05	3.7814e-07	
0.016832	6.7813e-06	1.2031e-06	3.3532e-07	0.00088356	1.2638e-05	2.8437e-06	1.2948e-08	3.5208e-05	1.4165e-07	0.00013935	8.7626e-07	0.0011662	3.9084e-05	1.9936e-05	3.4547e-07	
0.016806	6.7954e-06	9.9995e-07	3.5092e-07	0.0009344	1.2621e-05	3.1095e-06	9.209e-09	3.7295e-05	1.4917e-07	0.00014101	9.0583e-07	0.0011674	3.8169e-05	2.0143e-05	3.0994e-07	
0.016787	6.8332e-06	8.5585e-07	3.6983e-07	0.00099421	1.2612e-05	3.4218e-06	6.1836e-09	3.9522e-05	1.6502e-07	0.00014318	9.4235e-07	0.0011588	3.7369e-05	2.0403e-05	2.7949e-07	
0.016774	6.8965e-06	7.624e-07	3.9252e-07	0.0010121	1.2613e-05	3.7909e-06	3.6357e-09	4.1905e-05	1.4924e-07	0.00014597	9.8664e-07	0.0011524	3.6677e-05	2.0322e-05	2.5361e-07	
0.016758	6.9479e-06	6.444e-07	4.1121e-07	0.0010289	1.2605e-05	4.1211e-06	5.3261e-09	4.4217e-05	1.2776e-07	0.00014705	1.1096e-06	0.0011453	3.5946e-05	2.0225e-05	2.5152e-07	
0.016748	7.0216e-06	5.5907e-07	4.3319e-07	0.0010485	1.2605e-05	4.5014e-06	7.1194e-09	4.6671e-05	1.1416e-07	0.00014849	1.2466e-06	0.0011401	3.5305e-05	2.0166e-05	2.5161e-07	
0.016742	7.1171e-06	4.9727e-07	4.5843e-07	0.0010712	1.2612e-05	4.9336e-06	9.0733e-09	4.9266e-05	1.0618e-07	0.00015032	1.3984e-06	0.0011363	3.474e-05	2.0141e-05	2.5365e-07	
0.016741	6.9532e-06	4.5594e-07	4.8718e-07	0.0010972	1.2627e-05	5.4234e-06	1.1298e-08	5.2027e-05	1.0283e-07	0.0001526	1.5665e-06	0.0011339	3.4246e-05	1.9603e-05	2.5763e-07	
0.016745	6.8145e-06	4.2985e-07	5.1969e-07	0.0011271	1.2648e-05	5.9761e-06	1.391e-08	5.4943e-05	1.0366e-07	0.00015539	1.7524e-06	0.0011328	3.3814e-05	1.9135e-05	2.6354e-07	
0.016753	6.6989e-06	4.1719e-07	5.5629e-07	0.001133	1.2677e-05	6.5997e-06	1.7057e-08	5.8021e-05	1.0873e-07	0.00015877	1.958e-06	0.0011329	3.3442e-05	1.8728e-05	2.7145e-07	
0.01676	6.575e-06	3.9004e-07	5.8913e-07	0.0011386	1.2698e-05	7.1856e-06	1.9062e-08	6.1048e-05	1.1021e-07	0.00016199	2.1545e-06	0.0011327	3.3049e-05	1.8305e-05	2.7674e-07	
0.016771	6.4722e-06	3.7479e-07	6.2613e-07	0.0011453	1.2726e-05	7.8439e-06	2.1665e-08	6.4237e-05	1.1599e-07	0.00016586	2.3714e-06	0.0011179	3.2711e-05	1.7937e-05	2.8396e-07	
0.01678	6.3613e-06	3.4527e-07	6.5931e-07	0.0011517	1.2747e-05	8.4632e-06	2.3101e-08	6.7373e-05	1.181e-07	0.00016954	2.5789e-06	0.0011023	3.2354e-05	1.7554e-05	2.8857e-07	
0.016795	6.2712e-06	3.2944e-07	6.9711e-07	0.0011595	1.2774e-05	8.2517e-06	2.5264e-08	7.0684e-05	8.0098e-08	0.00016986	2.8113e-06	0.0010894	3.2049e-05	1.7223e-05	2.9528e-07	
0.016808	6.1732e-06	2.9957e-07	7.3104e-07	0.0011669	1.2795e-05	8.0084e-06	2.6241e-08	7.3939e-05	9.2969e-08	0.0001701	3.0339e-06	0.0010758	3.1727e-05	1.6878e-05	2.9936e-07	
0.016825	6.0922e-06	2.7751e-07	7.6876e-07	0.0011755	1.282e-05	7.8046e-06	2.776e-08	7.7346e-05	1.1042e-07	0.00017058	3.2765e-06	0.0010643	3.1447e-05	1.6575e-05	3.0501e-07	
0.016841	6.0047e-06	2.4275e-07	8.03e-07	0.0011838	1.2839e-05	7.5728e-06	2.8183e-08	8.071e-05	1.2425e-07	0.00017099	3.5109e-06	0.0010523	3.1154e-05	1.6261e-05	3.0826e-07	
0.016861	5.933e-06	2.143e-07	8.4103e-07	0.0011933	1.2863e-05	7.3774e-06	2.9129e-08	8.4224e-05	1.4326e-07	0.00017165	3.7656e-06	0.0010421	3.09e-05	1.5986e-05	3.1299e-07	
0.016884	5.8759e-06	1.9063e-07	8.8299e-07	0.0012042	1.2891e-05	7.2153e-06	3.0607e-08	8.7891e-05	1.6858e-07	0.00017255	4.0421e-06	0.0010335	3.0683e-05	1.5747e-05	3.1919e-07	
0.016907	5.8127e-06	1.5481e-07	9.2136e-07	0.0012148	1.2913e-05	7.026e-06	3.0974e-08	9.1513e-05	1.897e-07	0.00017338	4.3095e-06	0.0010246	3.0453e-05	1.5497e-05	3.2298e-07	
0.016928	5.743e-06	1.0649e-07	9.5608e-07	0.0012249	1.2929e-05	6.8086e-06	3.0209e-08	9.5087e-05	2.0661e-07	0.00017414	4.5677e-06	0.0010152	3.0209e-05	1.5236e-05	3.243e-07	
0.016954	5.6898e-06	6.384e-08	9.9568e-07	0.0012366	1.295e-05	6.6302e-06	3.0161e-08	9.884e-05	2.3176e-07	0.00017519	4.8518e-06	0.0010075	3.0007e-05	1.5013e-05	3.2752e-07	
0.016979	5.6278e-06	9.4325e-08	1.0307e-06	0.0012477	1.2963e-05	7.7188e-06	5.4836e-08	0.00010252	2.5107e-07	0.00017613	5.1226e-06	0.00099914	2.9785e-05	1.4769e-05	3.2781e-07	
0.017001	5.5567e-06	1.1188e-07	1.061e-06	0.0012581	1.2968e-05	8.7453e-06	7.6769e-08	0.00010612	2.647e-07	0.00017694	5.3799e-06	0.00099014	2.9542e-05	1.4508e-05	3.2516e-07	
0.01703	5.5073e-06	1.3537e-07	1.0984e-06	0.0012707	1.2982e-05	9.9276e-06	1.0558e-07	0.00010997	2.905e-07	0.00017815	5.6727e-06	0.00098329	2.9354e-05	1.4296e-05	3.2542e-07	
0.017038	5.4468e-06	3.7044e-07	1.1463e-06	0.0012825	1.3013e-05	1.1027e-05	1.3047e-07	0.00011371	3.087e-07	0.00018016	6.0564e-06	0.00097562	2.9785e-05	1.4058e-05	3.1991e-07	
0.017053	5.4098e-06	6.9494e-07	1.2038e-06	0.0012968	1.3055e-05	1.2317e-05	1.3365e-07	0.00011772	3.4309e-07	0.00018285	6.124e-06	0.00097011	2.964e-05	1.3223e-05	3.178e-07	
0.017065	5.362e-06	9.7419e-07	1.2551e-06	0.0013102	1.3087e-05	1.3518e-05	1.3451e-07	0.00012163	3.6888e-07	0.00018529	6.1799e-06	0.00096387	2.9471e-05	1.2333e-05	3.1232e-07	
0.017076	5.3031e-06	1.2118e-06	1.3002e-06	0.0013226	1.311e-05	1.4632e-05	1.3307e-07	0.00012544	3.8657e-07	0.00018749	6.2243e-06	0.00095686	2.9276e-05	1.1385e-05	3.0346e-07	
0.017084	5.233e-06	1.4107e-06	1.3393e-06	0.0013342	1.3123e-05	1.5663e-05	1.2931e-07	0.00012915	5.9637e-07	0.00018947	6.2573e-06	0.00096502	2.9056e-05	1.0375e-05	2.9117e-07	
0.01709	5.4866e-06	1.8134e-06	1.3719e-06	0.0014162	1.3127e-05	1.6588e-05	1.6111e-07	0.0001325	7.7117e-07	0.00019118	6.2758e-06	0.00097215	2.8806e-05	9.7608e-06	3.4623e-07	
0.017093	5.5127e-06	2.3784e-06	1.3984e-06	0.0015176	1.312e-05	1.7692e-05	2.0477e-07	0.00013613	8.2189e-07	0.00019089	6.3187e-06	0.00098173	2.8521e-05	9.2483e-06	4.1026e-07	
0.017094	5.5281e-06	2.8703e-06	1.4192e-06	0.001613	1.3105e-05	1.8712e-05	2.4296e-07	0.00013967	8.6052e-07	0.00019045	6.3501e-06	0.0009904	2.8208e-05	8.7004e-06	4.6884e-07	
0.0171	5.5669e-06	3.5693e-06	1.4491e-06	0.0017275	1.3099e-05	1.9931e-05	2.9602e-07	0.00014348	9.3109e-07	0.00018786	6.4378e-06	0.0010019	2.7959e-05	8.245e-06	4.7577e-07	
0.017113	5.6303e-06	4.5577e-06	1.4887e-06	0.001865	1.3105e-05	2.1382e-05	3.6933e-07	0.00014757	9.2673e-07	0.00018594	6.5515e-06	0.0010169	2.683e-05	7.8677e-06	4.8747e-07	
0.017064	5.5101e-06	4.8489e-06	1.5386e-06	0.0019106	1.312e-05	2.31e-05	3.8949e-07	0.00015203	9.46e-07	0.00018457	6.6924e-06	0.0010199	2.5845e-05	7.5584e-06	5.0408e-07	
0.017013	5.381e-06	5.1024e-06	1.5837e-06	0.0019545	1.3128e-05	2.474e-05	4.068e-07	0.00015642	9.5766e-07	0.00018307	6.8238e-06	0.0010225	2.4826e-05	7.2339e-06	5.1761e-07	
0.01696	5.2452e-06	5.3293e-06	1.625e-06	0.0019973	1.313e-05	2.6326e-05	4.2205e-07	0.00016075	9.6377e-07	0.0001815	6.9483e-06	0.0010249	2.3785e-05	6.8989e-06	5.2859e-07	
0.016913	5.1262e-06	5.6279e-06	1.6718e-06	0.002045	1.3136e-05	2.8073e-05	4.4229e-07	0.00016528	9.8356e-07	0.00018022	7.0887e-06	0.0010283	2.2822e-05	6.599e-06	5.4196e-07	
0.016864	5.001e-06	5.8986e-06	1.7149e-06	0.0020915	1.3136e-05	2.9765e-05	4.6041e-07	0.00016975	9.9778e-07	0.00017887	7.2221e-06	0.0010314	2.1838e-05	6.2894e-06	5.5279e-07	
0.016814	4.8696e-06	6.1421e-06	1.7542e-06	0.002137	1.313e-05	3.1403e-05	4.7645e-07	0.00017418	1.0065e-06	0.00017745	7.3486e-06	0.0010342	2.0833e-05	5.9701e-06	5.6109e-07	
0.016769	4.7539e-06	6.4613e-06	1.7991e-06	0.0021875	1.3128e-05	3.3206e-05	4.9769e-07	0.0001788	8.8456e-07	0.00017631	7.491e-06	0.0010381	1.9901e-05	5.6833e-06	5.7175e-07	
0.016723	4.6321e-06	6.7516e-06	1.8402e-06	0.0022368	1.312e-05	3.4953e-05	5.1676e-07	0.00018337	7.5303e-07	0.0001751	7.6264e-06	0.0010418	1.8949e-05	5.3874e-06	5.7987e-07	
0.016676	4.5049e-06	7.0163e-06	1.8694e-06	0.0022851	1.4393e-05	3.665e-05	5.3386e-07	0.00018789	6.126e-07	0.00017382	7.7554e-06	0.0010452	1.798e-05	5.0833e-06	5.856e-07	
0.016628	4.3721e-06	7.2557e-06	1.8951e-06	0.0023324	1.5657e-05	3.8298e-05	5.4903e-07	0.00019238	4.6298e-07	0.00017248	7.8782e-06	0.0010483	1.6992e-05	4.7709e-06	5.8893e-07	
0.016585	4.2545e-06	7.5747e-06	1.9262e-06	0.0023851	1.6949e-05	4.0116e-05	5.6962e-07	0.00019705	3.4518e-07	0.00017142	8.0171e-06	0.0010526	1.6075e-05	4.4896e-06	5.9462e-07	
0.016545	4.1512e-06	7.9854e-06	1.9629e-06	0.0024436	1.8272e-05	4.2122e-05	5.38e-07	0.00020193	2.5231e-07	0.00017062	7.7735e-06	0.0010579	1.5224e-05	4.2367e-06	6.0273e-07	
0.016505	4.0426e-06	8.3665e-06	1.996e-06	0.0025009	1.9585e-05	4.4073e-05	5.0407e-07	0.00020676	1.5268e-07	0.00016977	7.5224e-06	0.001063	1.4357e-05	3.9764e-06	6.0843e-07	
0.016469	3.9154e-06	8.8543e-06	2.035e-06	0.0025647	2.0929e-05	4.6229e-05	4.7708e-07	0.00021117	7.3864e-08	0.00016916	7.2933e-06	0.0010694	1.3553e-05	3.7429e-06	6.1668e-07	
0.016433	3.7827e-06	9.3061e-06	2.0702e-06	0.0026271	2.2262e-05	4.832e-05	4.4772e-07	0.00021554	7.4068e-08	0.00016848	7.0561e-06	0.0010754	1.2731e-05	3.5016e-06	6.2237e-07	
0.016395	3.644e-06	9.7231e-06	2.1016e-06	0.002688	2.3584e-05	5.0348e-05	4.1594e-07	0.00021986	7.1359e-08	0.00016775	6.811e-06	0.0010811	1.1892e-05	3.2525e-06	6.2552e-07	
0.016361	3.5204e-06	1.0256e-05	2.1391e-06	0.0027558	2.4939e-05	5.2591e-05	3.9045e-07	0.00022436	7.0848e-08	0.00016725	6.5868e-06	0.0010881	1.1113e-05	3.0285e-06	6.3123e-07	
0.016332	3.4105e-06	1.0924e-05	2.1826e-06	0.0028312	2.6325e-05	5.5063e-05	3.7025e-07	0.00022907	7.2411e-08	0.00016696	6.3819e-06	0.0010965	1.0389e-05	2.8268e-06	6.3947e-07	
0.016301	3.295e-06	1.1548e-05	2.2223e-06	0.0029048	2.77e-05	5.7465e-05	3.4797e-07	0.00023372	7.1077e-08	0.00016662	6.1695e-06	0.0011046	9.6495e-06	2.6181e-06	6.4515e-07	
0.016274	3.1925e-06	1.2325e-05	2.2683e-06	0.0029865	2.9108e-05	6.0111e-05	3.3044e-07	0.00023857	7.1822e-08	0.00016649	5.9753e-06	0.0011141	8.9617e-06	2.4301e-06	6.5339e-07	
0.016247	3.085e-06	1.3059e-05	2.3106e-06	0.0030666	3.0506e-05	6.2691e-05	3.1112e-07	0.00024338	6.9797e-08	0.00016631	5.7745e-06	0.0011233	8.2601e-06	2.2362e-06	6.5919e-07	
0.016223	2.99e-06	1.3974e-05	2.3596e-06	0.0031558	3.1938e-05	6.5539e-05	2.9616e-07	0.0002484	6.991e-08	0.00016635	5.5914e-06	0.0011342	7.6085e-06	2.0617e-06	6.677e-07	
0.016198	2.8902e-06	1.4842e-05	2.4049e-06	0.0032432	3.336e-05	6.8318e-05	2.7949e-07	0.00025337	6.7261e-08	0.00016633	5.4018e-06	0.0011448	6.9438e-06	1.8816e-06	6.7376e-07	
0.016173	2.7856e-06	1.5663e-05	2.4465e-06	0.0033289	3.4771e-05	7.1029e-05	2.611e-07	0.0002583	6.1845e-08	0.00016627	5.2057e-06	0.001155	6.2657e-06	1.6958e-06	6.7736e-07	
0.016151	2.6926e-06	1.6682e-05	2.4948e-06	0.003424	3.6217e-05	7.4017e-05	2.4662e-07	0.00026344	5.8383e-08	0.00016641	5.0261e-06	0.0011669	5.6343e-06	1.5279e-06	6.8362e-07	
0.016133	2.6104e-06	1.7935e-05	2.5502e-06	0.0035297	3.7698e-05	7.7307e-05	2.3559e-07	0.0002688	5.6676e-08	0.00016677	4.8622e-06	0.0011809	5.0461e-06	1.3761e-06	6.9257e-07	
0.016114	2.5232e-06	1.9121e-05	2.6014e-06	0.0036329	3.9167e-05	8.0509e-05	2.2286e-07	0.00027411	5.2151e-08	0.00016707	4.6914e-06	0.0011943	5.1268e-06	1.2186e-06	6.9892e-07	
0.016098	2.4466e-06	2.0585e-05	2.6602e-06	0.0037479	4.0673e-05	8.4045e-05	2.1338e-07	0.00027965	4.9338e-08	0.0001676	4.536e-06	0.0012099	5.2199e-06	1.0764e-06	7.0814e-07	
0.016086	2.38e-06	2.2391e-05	2.727e-06	0.0038759	4.2218e-05	8.795e-05	2.0687e-07	0.00028543	4.8091e-08	0.00016836	4.395e-06	0.0012282	5.326e-06	9.481e-07	7.2036e-07	
0.016078	2.3231e-06	2.4626e-05	2.8027e-06	0.0039015	4.3803e-05	9.2279e-05	2.0318e-07	0.00029148	4.8437e-08	0.00016938	4.2682e-06	0.0012494	5.4464e-06	8.3268e-07	7.3584e-07	
0.016068	2.2615e-06	2.6748e-05	2.874e-06	0.0039263	4.5376e-05	9.6493e-05	1.9793e-07	0.00029746	4.6014e-08	0.00017033	4.1349e-06	0.0012699	5.5591e-06	7.1237e-07	7.486e-07	
0.016063	2.2101e-06	2.9421e-05	2.9555e-06	0.0039547	4.6995e-05	0.00010121	1.9568e-07	0.00030374	4.5437e-08	0.00017159	4.0164e-06	0.001294	5.6883e-06	6.0494e-07	7.6518e-07	
0.016055	2.1512e-06	3.183e-05	3.0294e-06	0.0039813	4.8589e-05	0.00013719	1.9102e-07	0.00030989	4.1221e-08	0.0001727	3.8875e-06	0.0014851	5.8048e-06	4.8948e-07	7.7768e-07	
0.016046	2.0849e-06	5.1085e-05	3.0962e-06	0.0040065	5.0158e-05	0.00017159	1.8397e-07	0.0003159	3.4246e-08	0.00017367	3.7483e-06	0.0016643	5.9093e-06	3.6536e-07	7.8624e-07	
0.016035	2.2384e-06	8.4236e-05	3.1549e-06	0.0040301	5.17e-05	0.00020423	1.7418e-07	0.00032164	2.326e-08	0.00017449	3.5972e-06	0.0018305	6.0004e-06	2.8488e-07	7.9045e-07	
0.016022	2.3803e-06	0.00011404	3.2058e-06	0.0040521	5.3215e-05	0.0002361	1.6151e-07	0.00032723	3.3397e-08	0.00017516	3.4332e-06	0.001985	6.0782e-06	1.9746e-07	9.7481e-07	
0.016007	2.5115e-06	0.00013968	3.2493e-06	0.0040726	5.4704e-05	0.0004731	1.4592e-07	0.00033269	3.9745e-08	0.00017569	3.2571e-06	0.0021291	6.1434e-06	1.9511e-07	1.1487e-06	
0.015997	2.663e-06	0.00017266	3.3045e-06	0.0040966	5.6247e-05	0.00073969	1.3469e-07	0.00033848	4.899e-08	0.00017655	3.101e-06	0.0023008	6.2278e-06	1.9476e-07	1.3442e-06	
0.015991	2.8359e-06	0.00021453	3.3715e-06	0.004096	5.7842e-05	0.0010379	1.2681e-07	0.00034458	6.18e-08	0.00017775	2.9622e-06	0.0025037	6.331e-06	1.9616e-07	1.5626e-06	
0.015984	2.9994e-06	0.00025375	3.4322e-06	0.0040949	5.9417e-05	0.0013274	1.1698e-07	0.00035059	7.0888e-08	0.00017883	2.8146e-06	0.0026974	6.4236e-06	1.9467e-07	1.7723e-06	
0.015975	3.154e-06	0.0002906	3.4868e-06	0.0040933	6.0972e-05	0.0016088	1.0514e-07	0.0003565	7.638e-08	0.0001798	2.6583e-06	0.0028827	6.506e-06	1.9031e-07	1.9737e-06	
0.01597	3.3297e-06	0.0003367	3.5341e-06	0.0040934	6.249e-05	0.0016731	9.6283e-08	0.00036271	8.5507e-08	0.00018111	2.5179e-06	0.0030993	6.6065e-06	1.8755e-07	1.9897e-06	
0.015965	3.4975e-06	0.00038063	3.5763e-06	0.004093	6.3992e-05	0.0017359	8.5773e-08	0.00036886	9.1264e-08	0.00018233	2.3702e-06	0.0033086	6.6979e-06	1.8215e-07	2.0018e-06	
0.015963	3.6874e-06	0.00039045	3.629e-06	0.0040943	6.5542e-05	0.0018056	7.7754e-08	0.00037531	1.0092e-07	0.0001839	2.2367e-06	0.0035519	6.8073e-06	1.7831e-07	2.0212e-06	
0.01596	3.8684e-06	0.00039972	3.6763e-06	0.0040951	6.7074e-05	0.0018734	6.8103e-08	0.00038167	1.0698e-07	0.00018535	2.0958e-06	0.0037864	6.907e-06	1.7177e-07	2.0365e-06	
0.015961	4.0728e-06	0.0004113	3.7341e-06	0.0040975	6.8655e-05	0.0019486	6.0575e-08	0.00038835	1.1727e-07	0.00018718	1.9681e-06	0.004058	7.025e-06	1.6656e-07	2.0591e-06	
0.015966	4.3034e-06	0.00041338	3.8032e-06	0.0041016	7.0285e-05	0.0019647	5.4806e-08	0.00039536	1.3265e-07	0.00018944	1.8524e-06	0.004118	7.1624e-06	1.6273e-07	2.0893e-06	
0.015975	4.5688e-06	0.00041624	3.8836e-06	0.0041073	7.1966e-05	0.0019827	5.0436e-08	0.00039606	1.5407e-07	0.00019216	1.7473e-06	0.0041283	7.3193e-06	1.5998e-07	2.1272e-06	
0.015988	4.8649e-06	0.00041998	3.9755e-06	0.0041148	7.3696e-05	0.0020027	4.7217e-08	0.00039687	1.8283e-07	0.00019541	1.6515e-06	0.0041413	7.4962e-06	1.5819e-07	2.1728e-06	
0.016004	5.1936e-06	0.00042474	4.079e-06	0.0041239	7.5475e-05	0.0020249	4.4954e-08	0.00039779	2.2055e-07	0.00019923	1.5639e-06	0.0041571	7.6932e-06	1.5721e-07	2.2264e-06	
0.016024	5.5583e-06	0.00043073	4.1948e-06	0.0041349	7.7304e-05	0.0020495	4.3563e-08	0.00039881	2.6979e-07	0.00020371	1.4838e-06	0.0041762	7.9115e-06	1.5703e-07	2.2884e-06	
0.016043	5.9121e-06	0.00043642	4.3054e-06	0.0041455	7.9118e-05	0.0020735	4.1038e-08	0.0003998	3.1384e-07	0.00020803	1.3987e-06	0.0041944	8.1206e-06	1.5448e-07	2.3464e-06	
0.016061	6.2551e-06	0.00044183	4.4109e-06	0.0041556	8.0917e-05	0.002097	3.7362e-08	0.00040076	3.528e-07	0.00021219	1.3084e-06	0.004212	8.3203e-06	1.4952e-07	2.4006e-06	
0.016083	6.6382e-06	0.00044169	4.2903e-06	0.0041678	8.2775e-05	0.0020993	3.4772e-08	0.00040184	4.0566e-07	0.00021712	1.2261e-06	0.0042331	8.5435e-06	1.4558e-07	2.4644e-06	
0.016104	7.0085e-06	0.0004414	4.1638e-06	0.0041795	8.4616e-05	0.0021015	3.1006e-08	0.00040288	4.5247e-07	0.00022184	1.1385e-06	0.0042532	8.7563e-06	1.3917e-07	2.5238e-06	
0.01613	7.4193e-06	0.00044166	4.0502e-06	0.0041931	8.6508e-05	0.0021044	2.7953e-08	0.00040403	5.1467e-07	0.00022737	1.0576e-06	0.0042771	8.992e-06	1.3348e-07	2.5923e-06	
0.016159	7.8749e-06	0.0004425	3.9487e-06	0.0042089	8.8454e-05	0.0021082	2.5493e-08	0.00040529	4.9642e-07	0.0002338	9.8282e-07	0.0043052	9.2521e-06	1.2845e-07	2.6706e-06	
0.016192	8.3797e-06	0.00044395	3.8585e-06	0.0042271	9.0454e-05	0.0021128	2.3533e-08	0.00040666	4.8791e-07	0.0002413	9.1363e-07	0.004338	9.5382e-06	1.2399e-07	2.7594e-06	
0.016229	8.9407e-06	0.00044609	3.7793e-06	0.004248	9.2511e-05	0.0021184	2.2037e-08	0.00040816	4.8897e-07	0.00025007	8.4978e-07	0.0043765	9.8529e-06	1.2013e-07	2.8599e-06	
0.016266	9.4861e-06	0.00044806	3.6952e-06	0.0042682	9.4552e-05	0.0021237	1.9494e-08	0.00040962	4.8553e-07	0.00025852	7.8136e-07	0.0044137	1.0157e-05	1.1394e-07	2.9557e-06	
0.016301	1.0015e-05	0.00044985	3.606e-06	0.0042878	9.6575e-05	0.0021288	1.5861e-08	0.00041104	4.7725e-07	0.00026665	7.0812e-07	0.0044493	1.0449e-05	1.0534e-07	3.0466e-06	
0.016342	1.0616e-05	0.00045255	3.5302e-06	0.0042846	9.8669e-05	0.0021351	1.2885e-08	0.00041261	4.8092e-07	0.00027645	6.4157e-07	0.0044924	1.0777e-05	9.7783e-08	3.1526e-06	
0.016381	1.1189e-05	0.00045492	3.4472e-06	0.0042807	0.00010073	0.0021409	2.0752e-08	0.00041413	4.7807e-07	0.00028565	5.691e-07	0.0045329	1.1089e-05	8.7489e-08	4.1198e-06	
0.016427	1.1851e-05	0.00045847	3.3788e-06	0.0042789	0.00010288	0.0021482	3.0683e-08	0.00041581	4.8899e-07	0.00029701	5.0386e-07	0.0045828	1.1444e-05	7.8431e-08	4.3765e-06	
0.01647	1.248e-05	0.0004616	3.3031e-06	0.0042764	0.000105	0.0021549	3.8839e-08	0.00041743	4.9282e-07	0.0003076	4.3261e-07	0.0046294	1.178e-05	6.6598e-08	4.6194e-06	
0.016511	1.3073e-05	0.0004645	3.2193e-06	0.0042731	0.00010708	0.0021612	4.5185e-08	0.00041898	4.8901e-07	0.0003174	3.5484e-07	0.0046726	1.2095e-05	5.1791e-08	4.8478e-06	
0.016549	1.3808e-05	0.00046674	3.3887e-06	0.0042689	0.00010909	0.0021669	4.9544e-08	0.00042087	4.7699e-07	0.00032565	3.6873e-07	0.0047122	1.2388e-05	6.2399e-08	5.0581e-06	
0.016584	1.45e-05	0.00046858	3.5466e-06	0.0042638	0.00011107	0.002172	5.213e-08	0.00042268	5.8888e-07	0.00033323	3.7766e-07	0.0047487	1.2659e-05	7.0146e-08	5.2539e-06	
0.016628	1.5318e-05	0.0004717	3.5419e-06	0.0042613	0.00011316	0.0021787	5.7045e-08	0.0004247	7.6205e-07	0.0003429	3.8995e-07	0.0047571	1.2558e-05	7.929e-08	5.4875e-06	
0.016668	1.6082e-05	0.00047428	3.5286e-06	0.0042578	0.00011521	0.0021848	5.9943e-08	0.00042663	9.0637e-07	0.00035168	3.9691e-07	0.0047639	1.3239e-05	8.5342e-08	5.7033e-06	
0.016715	1.6983e-05	0.00047517	3.5296e-06	0.0042567	0.00011735	0.0021925	6.533e-08	0.00042878	1.1424e-06	0.00036287	4.0732e-07	0.0047747	1.4015e-05	8.0714e-08	5.9596e-06	
0.016759	1.7824e-05	0.00047565	3.5221e-06	0.0042546	0.00011945	0.0021996	6.8609e-08	0.00043082	1.3401e-06	0.00037302	4.1236e-07	0.0047838	1.4747e-05	7.3023e-08	6.1968e-06	
0.016801	1.8608e-05	0.00047558	3.5059e-06	0.0042515	0.0001215	0.0022059	6.9829e-08	0.00043278	1.5048e-06	0.00038224	4.1204e-07	0.0047914	1.5437e-05	9.7581e-08	6.4159e-06	
0.01685	1.9537e-05	0.00047651	3.5045e-06	0.0042509	0.00012366	0.002214	7.3686e-08	0.00043496	1.7617e-06	0.000385	4.1601e-07	0.0048031	1.6226e-05	1.2609e-07	6.6779e-06	
0.016908	2.0635e-05	0.00047855	3.4867e-06	0.0042528	0.00012561	0.0022241	8.0573e-08	0.00043737	2.1581e-06	0.00038873	4.2366e-07	0.0048197	1.7129e-05	1.5947e-07	6.989e-06	
0.016975	2.0948e-05	0.00048193	3.2902e-06	0.0042571	0.00012766	0.0022234	9.1196e-08	0.00044006	2.767e-06	0.00039365	4.3513e-07	0.004842	1.8158e-05	1.9876e-07	7.3571e-06	
0.017038	2.1232e-05	0.00048475	3.3582e-06	0.0042605	0.00012963	0.0022222	9.9206e-08	0.00044265	3.2825e-06	0.00039806	4.4115e-07	0.0048619	1.9132e-05	2.3309e-07	7.6998e-06	
0.017098	2.1491e-05	0.00048712	3.4178e-06	0.004263	0.00013156	0.0022206	1.0494e-07	0.00044515	3.7273e-06	0.00040208	4.4206e-07	0.0048799	2.0058e-05	2.6302e-07	8.0213e-06	
0.017168	2.1817e-05	0.00049093	3.4944e-06	0.0042489	0.00013359	0.0022203	1.1464e-07	0.00044789	3.8661e-06	0.00040736	4.4684e-07	0.0048786	2.1115e-05	2.9918e-07	8.4021e-06	
0.017168	2.1762e-05	0.00049101	3.589e-06	0.0041995	0.00013572	0.0022213	1.2916e-07	0.00045093	4.0943e-06	0.00040847	4.5599e-07	0.0048808	2.2321e-05	3.429e-07	8.8504e-06	
0.017175	2.1691e-05	0.00049209	3.6655e-06	0.0041586	0.00013765	0.0022235	1.4033e-07	0.0004538	4.4519e-06	0.00040936	4.5996e-07	0.0048866	2.3701e-05	3.9514e-07	9.2708e-06	
0.017179	2.1596e-05	0.00049276	4.3636e-06	0.0041145	0.0001395	0.0022253	2.1741e-07	0.00045652	4.7511e-06	0.00041094	4.6852e-07	0.0048909	2.5007e-05	4.413e-07	9.8045e-06	
0.017181	2.1479e-05	0.00049305	5.0247e-06	0.0040671	0.00014132	0.0022265	2.8535e-07	0.00045914	5.0029e-06	0.00041205	6.251e-07	0.0048938	2.6248e-05	4.8184e-07	1.0303e-05	
0.017188	2.1407e-05	0.00049427	5.7737e-06	0.0040273	0.00014323	0.0022289	3.7534e-07	0.000462	5.3813e-06	0.00041376	8.0044e-07	0.0049002	2.7644e-05	5.3032e-07	1.0881e-05	
0.017194	2.1315e-05	0.00049514	6.4862e-06	0.0039848	0.00014509	0.0022309	4.5563e-07	0.00046475	5.7071e-06	0.00041524	9.6449e-07	0.0049052	2.8977e-05	5.7326e-07	1.1426e-05	
0.017204	2.1267e-05	0.00049698	7.2924e-06	0.003949	0.00014704	0.0022341	5.6185e-07	0.00046775	6.1892e-06	0.00041736	1.1487e-06	0.0049137	3.0473e-05	6.2472e-07	1.2056e-05	
0.017213	2.12e-05	0.00049843	8.0592e-06	0.0039108	0.00014895	0.0022368	6.5663e-07	0.00047065	6.6053e-06	0.00041899	2.25e-06	0.0049208	3.1901e-05	6.7033e-07	1.2648e-05	
0.017219	2.1115e-05	0.00049952	8.7928e-06	0.0038703	0.00015083	0.0022391	1.4012e-06	0.00047345	6.9703e-06	0.00042041	3.3065e-06	0.0049279	3.327e-05	1.062e-06	1.321e-05	
0.017231	2.1075e-05	0.00050175	9.6266e-06	0.0038364	0.0001528	0.0022426	1.6252e-06	0.00047651	7.5159e-06	0.00042249	4.498e-06	0.0049351	3.4815e-05	1.1724e-06	1.3864e-05	
0.017249	2.1077e-05	0.00050523	1.0572e-05	0.003808	0.00015485	0.0022475	1.9233e-06	0.00047983	8.3202e-06	0.00042532	5.8399e-06	0.0049422	3.6554e-05	1.303e-06	1.462e-05	
0.017265	2.1061e-05	0.00050823	1.1473e-05	0.0037777	0.00015687	0.0022519	2.1918e-06	0.00048304	9.0208e-06	0.00042786	7.1216e-06	0.0049493	3.8215e-05	1.4234e-06	1.5335e-05	
0.017286	2.1087e-05	0.00051267	1.2496e-05	0.0037524	0.00015898	0.0022576	2.5492e-06	0.00048652	1.0052e-05	0.00043124	8.5658e-06	0.0049564	4.0085e-05	1.5661e-06	1.6163e-05	
0.017313	2.1157e-05	0.00051903	1.3657e-05	0.0037314	0.00016118	0.0022649	3.0277e-06	0.00049028	1.1579e-05	0.00043564	1.0196e-05	0.0049634	4.219e-05	1.7352e-06	1.7122e-05	
0.017338	2.1207e-05	0.00052457	1.476e-05	0.0037404	0.00016334	0.0022715	3.4544e-06	0.00049391	1.2891e-05	0.00043961	1.1747e-05	0.0049705	4.4195e-05	1.891e-06	1.8026e-05	
0.01736	2.2329e-05	0.00052904	1.5834e-05	0.0037483	0.00016545	0.0022774	3.8592e-06	0.00049732	1.4011e-05	0.00044316	1.3219e-05	0.0049776	4.61e-05	2.8463e-06	1.8874e-05	
