
Before deleting alignment gaps
     16    417

Colius_striatus                 ATG CCA GCT ACT CTA AGA AAA CTG CAG CAA ATG GCT GTT GTC ATG GGA CTG TTC AGC GGC GGG GGG TGC ATC GTG ATG TAT AAT CTT ATG CAA AAA GGC TTT GCC AGG ACC CAG TAT TAC CAG CAA GCT TTG GAG GAA CTC AAC AGC AAC CCC ACT GCC CTG GAA GCC TTG GGT GCC CCC CCT CTT AAA ATT CAC AAC ATC CAT CTG ACA GAT GGG AGC AAC CGT GTG GAC ACC GAA AGA GCG CAG ATC AAG TTA CCG GTA TCT GGA ACA AAA TCA TCA GGG TAC CTC TGC ATT AAC TCC AAG ATG GAC CAC TCC TGC CAG TGC TGG CGC CTT CAA GAT GTC ACC TTG AAA CTG GGA GAT GGT CAG AAT ATT CCT GTC TAC CAC TCC CAA GAG GAA AGC CTT GGT GTG CAA GAA GGC 
Melopsittacus_undulatus         ATG CCA GCT TCT CTA AGA AAA CTG CAG CAA ATG GCT ATT TTC ATG GGA CTG TTC AGC GGC GGG GGA TGC ATC GTG ATG TAT AAT CTT ATG CAA AAA GGT TTT GCC AGG ACC CAG TAT TAC CAG CAG GCT TTG GAG CAA CTG AAT AAC AGT CCT GAT GCC CTG GAA GCC CTG GGT GCC CCC CCT CTC AAG GTT CAC AAC ATC CGA CTG ACA GAT GGG AGT AAC CGT GTG GAC ACA GAA AGA GCA CAG ATA AAG TTA CCA GTA TCT GGA ACA AAA TCA GCG GGG TAC CTC TAC ATT AAC TCA GAG ATG GAC CAT TCC CGC CAA TGC TGG TGT CTT CAG GAT GTC ACC TTG AAA CTG CGG GAT GGG CAG AAT ATT CCT GTT TAC CAC TCC CCA GTG GAG AGC ATC GGT GTG CAA GAA GGC 
Calypte_anna                    ATG CCA GCT TCT CTA AGA AAA CTG CAG CAA ATG GCT GTT TTC ATG GGA CTG TTC AGT GGT GGG GGA TGC ATC CTG ATG TAT AAT CTT ATG CAA AAG GGT TTT GCC AGG ACC CAG TAT TAC CAG CAG GCA CTG GAG CAG CTG AAC AGC AGT CCT GAT GCC CTG GAA GCC CTG GGT GCC CCC CCA CTT AAG GTT CAC AAC ATC CGA CTG ACG GAT GGG AGT AAC CGT GTG GAC ACA GAG AGA GCA CAG ATA AAG TTA CCA GTA TCT GGA ACA AAA TCA GCA GGC TAT CTC TAT ATT AAC TCA GAG ATG GAC CAT GCC CGT CAA TGC TGG TGC CTC CAG GAT GTC ACC TTG AAA CTG CGG GAT GGT CAG AAT ATT CCA GTT TAC CAC TCC TCT GTG GAA AGC ATC AAT GTA CAA GAA GGC 
Athene_cunicularia              ATG CCA GCT TCT CTA AGA AAA CTG CAG CAA ATG GCT GTT TTC ATG GGA CTG TTC AGC GGC GGG GGA TGC ATC GTG ATG TAT AAT CTT ATG CAA AAA AGT TTT GCC AGG ACC CAG TAT TAC CAG CAG GCT TTA GAG CAA CTG AAC AGC CAT CCC GAT GCC CTG GAA GCC CTG GGT GCT CCC CCT CTC AAG GTT CAC AAC ATC CGA CTG ACA GAT GGG AGT AAT CGT GTG GAC ACA GAA AGA GCA CAG ATA AAG TTA CCG GTA TCC GGA ACA AAA TCA GCG GGG TAC CTC TAC ATT AAC TCA GAG ATG GAC CAT GCC CGC CAG TGC TGG TGC CTT CAG GAT GTC ACC TTA AAA CTG CGG GAT GGT CAG AAT ATT CCT GTT TAC CAC TCC CCG ATG GAA AGC ATT GGT GTG CAA GAA GGC 
Corythaeola_cristata            ATG CCA GCT TCT CTC AGA AAA CTG CAG CAA ATG GCT GTT TTC ATG GGA CTG TTC AGC AGC GGG GGA TGC ATC GTG ATG TAT AAT CTT ATG CAA AAA AGT TTT GCC AGG ACC CAG TAT TAC CAG CAG GCT TTG GAG CAA CTG AAC AGC AGT CCT GAT GCC CTG GAA GCC CTG GGT GCC CCC CCT CTC AAG GTT CAC AAC ATC CGC CTG ACG GAT TCG AGT AAT TGT GTG GAC ACA GAA AGA GCA CAG ATA AAG TTA CCC GTA TCT GGA ACA AAA TCA GCA GGG TAC CTC TAC ATT AAC TCA GAG ATG GAC CAC TCC CGT CAA TGC TGG TGC CTT CGC GAT GTC ACC TTG AAA CTG CGG GAT GGT CAG AAC ATT CCT GTT TAC CAC TCC TCA GTG GAA AGC ATC GGT GTG CAA GAA GGC 
Leptosomus_discolor             ATG CCA GCT TCT CTA AGA AAA CTG CAG CAA ATG GCT GTT TTC ATG GGA CTG TTC AGC GGT GGG GGA TGC ATC GTG ATG TAT AAT CTT ATG CAA AAA AGT TTT GCC AGG ACC CAG TAT TAT CAG CAG GCT TTG GAG CAG CTG AAC AGC AGT CCT GAT GCC CTG GAA GCC CTG GGT GCC CCC CCT CTT AAG GTT CAC AAC ATC CGA CTG ACA GAT GGG AGT AAT CAC GTG GAC ACA GAA AAA GCA CAG ATA AAG TTA CCA GTA TCT GGA ACA AAA TCA GCG GGT TAC CTC TAC ATT AAC TCG GAG ATG GAT CAC TCC CGT CAA TGC TGG TGC CTT CAG GAT GTC ACC TTG AAA CTA CGC AAT GGC CAG AGT ATT CCC GTT TAC CAC TCC CCA GTG GAA CGC ATT GGT GTG CAA GAA GGC 
Nestor_notabilis                ATG CCA GCT TCT CTA AGA AAA CTG CAG CAA ATG GCT GTT TTC ATG GGA CTG TTC AGC GGC GGG GGA TGC ATC GTG ATG TAT AGT CTT ATG CAA AAA GGC TTT GCC AGG ACC CAG TAC TAC CAG CAG GCT TTA GAG CAA CTG AAC AGC AAT CCT GAT GCC CTG GAA GCC CTG GGT GCC CCC CCT CTC AAA GTT CAC AAC ATC CGA CTG ACA GAT GGG AGT AAC CGT GTG GAC ACA GAA AGA GCA CAG ATA AAG TTA CCA GTA TCT GGA ACA AAA TCA GCA GGG TAC CTC TAC ATT AAC TCA GAG ATG GAC CAT TCC CGC CAA TGC TGG TGC CTT CAG GAT GTC ACC TTG AAA CTG CGG GAT GGG CAG AAT ATT CCC GTT TAC CAC TCC TCG GTG GAG CAC ATC AGT GTG CAA GAA GCC 
Chaetura_pelagica               ATG CCA GCT TCT CTA AGA AAA CTG CAG CAA ATG GCT GTT TTC ATG GGG CTG TTC AGC AGT GGG GGA TGC ATC TTG ATG TAT CAT CTT ATG CAA AAG AGT TTT GCC AGG ACC CAG TAT TAT CAG CAG GCA TTG GAG CAG TTG AAC AGC AAT CCC ACA GCC CTG GAT GCC CTT GGT GCC CCC CCA CTT AAG GTC CAT AAC ATC CGA CTG ACG GAT GGC AGC AAC CGT GTG GAC ACA GAA AGA GCA CAG ATA AAG CTA CCA GTG TCT GGA ACA AAA TCA GCA GGG TAC CTC TAC ATT AAC TCG GAG ATG GAC CAT TCC CGC CGA TGC TGG TGC CTT CAG GAT GTC ACC TTG AAA CTG CGG GAT GGT CAG AAT ATT CCA GTT TAC CAC TCC CCT GTG GGA AGC ACC AGT GTG CAA GAA GGC 
Antrostomus_carolinensis        ATG CCA GCT TCT CTA AGA AAA CTG CAG CAA ATG GCT GTT TTC ATG GGA CTC TTT AGC GGC GGG GGA TGC ATG GTG ATG TAT AAT CTT ATG CAA AAG AGT TTT GCC AGG ACC CAG TAT TAC CAG CAG GCT TTG GAG CAA TTG AAC AGC AAT CCT GAT GCC CTG GAA GCC CTG GGT GCT CCC CCT CTT AAG GTT CAC AAC ATC CGA CTG ACA GAT GGG AGC AAC CGT GTG GAC ACG GAA AGA GCA CAG ATA AAG TTA CCA GTA TCT GGA ACA AAA TCA GCG GGG TAC CTG TAT ATT AAC TCA GAG ATG GAC CAC TCC CAT CGA TGC TGG TGC CTT CAG GAT GTC ACC TTG AAA CTG CGA GAT GGC CAG AAT ATT CCA GTT TAC CAA GCC CCT GTG GAA AGC ATC AGT GTG CAA GAA GGC 
Tauraco_erythrolophus           ATG CCA GCT TCT CTC AGG AAA CTG CAG CAA ATG GCT GTT TTC ATG GGA CTG TTC AGC GGC GGG GGA TGC ATC GTG ATG TAT AAT CTT ATG CAA AAA AGC TTT GCC AGG ACC CAG TAC TAC CAG CAG GCT TTA GAG CAA CTG AAC AGC AGC CTT GAT GCC CTG GAA GCC CTG GGT GCC CCC CCT CTT AAG GTT CAC AAC ATC CGC CTG ACG GAT GGG AGT AAT CGT GTG GAC ACA GAA AGA GCA CAG ATA AAG TTG CCC GTA TCT GGA ACA AAA TCA GCG GGG TAC CTC TAC ATC AAC TCA GAG ATG GAC CAC TCC CAC CAA CGC TGG TGC CTT CGC GAT GTC ACC TTG AAA CTG CAG GAT GGT CAG AAT ATT CCT GTT TAC CAC TCC TCA GTG GAA GGC ACG GGT GTG CAA GAA GAC 
Apaloderma_vittatum             ATG CCA GCG TCT CTA AGA AAA CTG CAG CAA ATG GCT ATT TTC ATG GGG CTG TTC AGT GGC GGG GGA TGC ATC GTG ATG TAT AAC CTT ATG CAA AAA AGT TTT GCC AGG ACC CAG TAT TAC CAG CAG GCT TTG GAG CAA CTG AAC AGC AAT CCT GAT GCC CTG GAA GCC CTG GGT GCC CCT CCT CTT AAG GTT CAC AAC ATC CGA CTG ACA GAT GGG AGT AAT CGC GTG GAC ACA GAA AGA GCA CAG ATA AAG TTA CCG GTA TCT GGA ACA AAA TCG GCG GGG TAT CTC TGC ATC AAC TCA GAG ATG GAC CAC GCC CAT CAA TGC TGG TGC CTT CAG GAT GTC ACC TTG AAA CTG CAG AAT GGT CAG AAT ATT CCT GTT TAC CAC TCC TCA GCG AAA AGC ATT GGT GTG AGA GAA GAC 
Cuculus_canorus                 ATG GCA GCT TCT CTA AGA AAA CTG AAG CAA ATG GCT GTT TTC ATG GGG CTG TTC AGC ACT GGG GGA TGC ATC CTG ATG TAT AAT CTT ATG CAA AAG AGT TTT GCC AGG ACC CAG TAT TAT CAG CAG GCT TTG GAG CAA TTG AAC AGC AAT TCT GAT GCC CTG GAA GCT CTG GGT GCG CCC CCT CTT AAG GTT CAC AAC ATC CGA CTG ACG GAT GGG AGT AAC CGT GTG GAC ACA GAA AAA GCA CAG ATA AAG TTA CCA GTA TCT GGA ACG AAA TCA GCT GGG TAC CTC TAT ATT AAC TCA GAG ATG GAT CAC GCC CAT CAA CGC TGG TGC CTC CAG GAT GTC ACC TTG AAA CTG CGG GAT GGT CAG AAT ATT CCA GTT TAC CAT TCC CCA GTG GAA AGC ATC AGT GTG TCA GAA GCG 
Merops_nubicus                  ATG CCA GCT TCT CTA AGA AAG CTG CAG CAA ATG GCT GTT TTC ATG GGG CTG TTC AGC GGC GGG GGA TGC ATC GTG ATG TAT AAT CTT ATG CAA AAA AGT TTT GCC AGG ACC CAG TAT TAC CAG CAG GCT TTG GAG CAG CTG AAC AGC AAT GCT GAT GCC CTG GAA GCC CTG GGT GCC CCC CCT CTT AAG GTT CAC AAC ATC CGA CTG ACA GAT GGG AGT AAT CGT GTG GAC ACG GAG AGA GCA CAG ATA AAG TTA CCA GTA TCT GGA ACA AAA TCA GCA GGG TAC CTC TGC ATT AGC TCA GAG ATG GAC CAC TCC CAA CAA CGC TGG TGC CTT CAG GAT GTC ACC TTG AAG CTG CGG GAC GGT CAG AAT ATT CCT GTT TAC CCC TCC CCA GTG GAA AGC CCT GGT GTG CAA GAA AGC 
Picoides_pubescens              ATG CCA GCT TCT CTA AGG AAA CTG CAG CAA ATG GCT GTG TTC ATG GGG CTG TTC AGC GGC GGG GGA TGC ATC GTG ATG TAC AAT CTT ATG CAA AAA AGC TTT GCC CGG ACC CAG TAT TAT CAG CAG GCT CTG GAG CAA CTG CAC AGC AGC CCT GAT GCC CTA GAA GCC CTG GGT GCC CCC CCG CTC AAG GTT CAC AAC ATC CGG CTG ACA GAT GGG AGC AAT CGT GTG GAC ACA GAG AGA GCA CAG ATA AAA TTG CCA GTG TCT GGA GCA AAA TCG GCA GGC TAT CTC TAC ATT AAC TCT GAG ATG GAT CAT TCC CAT CAA CGC TGG TGC CTT CAG GAT GTC ACC TTG AAA CTG AAG GAT GGT CGG AGT ATT CCC GTT TAC CAC TCG CCA GCG GAA AGC ACT GGT GTG CAA GAA GGC 
Buceros_rhinoceros              ATG CCA CCT TCT CTA AGA AAA CTG CAG CAA ATG GCT GTT TTC ATG GGC CTG TTC AGC GGC GGG GGA TGC TTC GTG ATG TAT AAT CTT ATG CAA AAA GGC TTT GCC AAG ACC CAG TAT TAC CAG CAG GCT TTG GAG CAG CTG AAC AGC AGT CCT GAT GCC CTG GAA GCC CTG GGC GCG CCC CCT CTT AAG GTT CAC AAC ATC CGG CTG ACA GAT GGG AGT AAC CGC GTG GAC ACA GAA AGA GCA CAG ATA AAG TTA CCA GTA TCT GGA GCA AAA TCA GCG GGG TAC CTC CAC ATT AAC GCA GAG ATG GAC CAC TCC TGT CAA CGC TGG TGC CTT CAG GAT GTC ACC TTG AAA CTA CGG GAT GGT CAG AGC ATT CCT GTT TAC CAC TCC CCG GTG GAA AGC GTT GGT GTG --- --- --- 
Tyto_alba_alba                  ATG CCA GCT TCT CTA AGA AAA CTG CAG CAA ATG GCT GTT TTC ATG GGA CTG TTC AGC GGT GGG GGA TGC ATC GTG ATG TAT AAT CTT ATG CAA AAA GGT TTT GCC AGG ACC CAG TAT TAC CAG CAG GCT TTG GAG CAA CTG AAC AGC AGT CCT GAG GCC CTG GCA GCC CTG GGT GCT CCC CCT CTT AAG GTT CAC AAC ATC CGA CTG ACG GAT GGG AGC AAT CGC GTG GAC ACG GAA AGA GCA CAG ATA AAG TTA CCA GTA TCT GGA ACA AAA TCA TCG GGG TAC CTC TAC ATT AAC TCA GAG ATG GAC CAC TCC CGC CAA CGC TGG TGC CTT CAG GAT GTC ACC TTG AAA CTG CGG GAT GGT CAG AAT ATT CCT GTT TAC CAC TCC CCA GTG GAA AGC ACT GGT GTG CAA GAA GGC 



After deleting gaps. 408 sites
     16    408

Colius_striatus                 ATG CCA GCT ACT CTA AGA AAA CTG CAG CAA ATG GCT GTT GTC ATG GGA CTG TTC AGC GGC GGG GGG TGC ATC GTG ATG TAT AAT CTT ATG CAA AAA GGC TTT GCC AGG ACC CAG TAT TAC CAG CAA GCT TTG GAG GAA CTC AAC AGC AAC CCC ACT GCC CTG GAA GCC TTG GGT GCC CCC CCT CTT AAA ATT CAC AAC ATC CAT CTG ACA GAT GGG AGC AAC CGT GTG GAC ACC GAA AGA GCG CAG ATC AAG TTA CCG GTA TCT GGA ACA AAA TCA TCA GGG TAC CTC TGC ATT AAC TCC AAG ATG GAC CAC TCC TGC CAG TGC TGG CGC CTT CAA GAT GTC ACC TTG AAA CTG GGA GAT GGT CAG AAT ATT CCT GTC TAC CAC TCC CAA GAG GAA AGC CTT GGT GTG 
Melopsittacus_undulatus         ATG CCA GCT TCT CTA AGA AAA CTG CAG CAA ATG GCT ATT TTC ATG GGA CTG TTC AGC GGC GGG GGA TGC ATC GTG ATG TAT AAT CTT ATG CAA AAA GGT TTT GCC AGG ACC CAG TAT TAC CAG CAG GCT TTG GAG CAA CTG AAT AAC AGT CCT GAT GCC CTG GAA GCC CTG GGT GCC CCC CCT CTC AAG GTT CAC AAC ATC CGA CTG ACA GAT GGG AGT AAC CGT GTG GAC ACA GAA AGA GCA CAG ATA AAG TTA CCA GTA TCT GGA ACA AAA TCA GCG GGG TAC CTC TAC ATT AAC TCA GAG ATG GAC CAT TCC CGC CAA TGC TGG TGT CTT CAG GAT GTC ACC TTG AAA CTG CGG GAT GGG CAG AAT ATT CCT GTT TAC CAC TCC CCA GTG GAG AGC ATC GGT GTG 
Calypte_anna                    ATG CCA GCT TCT CTA AGA AAA CTG CAG CAA ATG GCT GTT TTC ATG GGA CTG TTC AGT GGT GGG GGA TGC ATC CTG ATG TAT AAT CTT ATG CAA AAG GGT TTT GCC AGG ACC CAG TAT TAC CAG CAG GCA CTG GAG CAG CTG AAC AGC AGT CCT GAT GCC CTG GAA GCC CTG GGT GCC CCC CCA CTT AAG GTT CAC AAC ATC CGA CTG ACG GAT GGG AGT AAC CGT GTG GAC ACA GAG AGA GCA CAG ATA AAG TTA CCA GTA TCT GGA ACA AAA TCA GCA GGC TAT CTC TAT ATT AAC TCA GAG ATG GAC CAT GCC CGT CAA TGC TGG TGC CTC CAG GAT GTC ACC TTG AAA CTG CGG GAT GGT CAG AAT ATT CCA GTT TAC CAC TCC TCT GTG GAA AGC ATC AAT GTA 
Athene_cunicularia              ATG CCA GCT TCT CTA AGA AAA CTG CAG CAA ATG GCT GTT TTC ATG GGA CTG TTC AGC GGC GGG GGA TGC ATC GTG ATG TAT AAT CTT ATG CAA AAA AGT TTT GCC AGG ACC CAG TAT TAC CAG CAG GCT TTA GAG CAA CTG AAC AGC CAT CCC GAT GCC CTG GAA GCC CTG GGT GCT CCC CCT CTC AAG GTT CAC AAC ATC CGA CTG ACA GAT GGG AGT AAT CGT GTG GAC ACA GAA AGA GCA CAG ATA AAG TTA CCG GTA TCC GGA ACA AAA TCA GCG GGG TAC CTC TAC ATT AAC TCA GAG ATG GAC CAT GCC CGC CAG TGC TGG TGC CTT CAG GAT GTC ACC TTA AAA CTG CGG GAT GGT CAG AAT ATT CCT GTT TAC CAC TCC CCG ATG GAA AGC ATT GGT GTG 
Corythaeola_cristata            ATG CCA GCT TCT CTC AGA AAA CTG CAG CAA ATG GCT GTT TTC ATG GGA CTG TTC AGC AGC GGG GGA TGC ATC GTG ATG TAT AAT CTT ATG CAA AAA AGT TTT GCC AGG ACC CAG TAT TAC CAG CAG GCT TTG GAG CAA CTG AAC AGC AGT CCT GAT GCC CTG GAA GCC CTG GGT GCC CCC CCT CTC AAG GTT CAC AAC ATC CGC CTG ACG GAT TCG AGT AAT TGT GTG GAC ACA GAA AGA GCA CAG ATA AAG TTA CCC GTA TCT GGA ACA AAA TCA GCA GGG TAC CTC TAC ATT AAC TCA GAG ATG GAC CAC TCC CGT CAA TGC TGG TGC CTT CGC GAT GTC ACC TTG AAA CTG CGG GAT GGT CAG AAC ATT CCT GTT TAC CAC TCC TCA GTG GAA AGC ATC GGT GTG 
Leptosomus_discolor             ATG CCA GCT TCT CTA AGA AAA CTG CAG CAA ATG GCT GTT TTC ATG GGA CTG TTC AGC GGT GGG GGA TGC ATC GTG ATG TAT AAT CTT ATG CAA AAA AGT TTT GCC AGG ACC CAG TAT TAT CAG CAG GCT TTG GAG CAG CTG AAC AGC AGT CCT GAT GCC CTG GAA GCC CTG GGT GCC CCC CCT CTT AAG GTT CAC AAC ATC CGA CTG ACA GAT GGG AGT AAT CAC GTG GAC ACA GAA AAA GCA CAG ATA AAG TTA CCA GTA TCT GGA ACA AAA TCA GCG GGT TAC CTC TAC ATT AAC TCG GAG ATG GAT CAC TCC CGT CAA TGC TGG TGC CTT CAG GAT GTC ACC TTG AAA CTA CGC AAT GGC CAG AGT ATT CCC GTT TAC CAC TCC CCA GTG GAA CGC ATT GGT GTG 
Nestor_notabilis                ATG CCA GCT TCT CTA AGA AAA CTG CAG CAA ATG GCT GTT TTC ATG GGA CTG TTC AGC GGC GGG GGA TGC ATC GTG ATG TAT AGT CTT ATG CAA AAA GGC TTT GCC AGG ACC CAG TAC TAC CAG CAG GCT TTA GAG CAA CTG AAC AGC AAT CCT GAT GCC CTG GAA GCC CTG GGT GCC CCC CCT CTC AAA GTT CAC AAC ATC CGA CTG ACA GAT GGG AGT AAC CGT GTG GAC ACA GAA AGA GCA CAG ATA AAG TTA CCA GTA TCT GGA ACA AAA TCA GCA GGG TAC CTC TAC ATT AAC TCA GAG ATG GAC CAT TCC CGC CAA TGC TGG TGC CTT CAG GAT GTC ACC TTG AAA CTG CGG GAT GGG CAG AAT ATT CCC GTT TAC CAC TCC TCG GTG GAG CAC ATC AGT GTG 
Chaetura_pelagica               ATG CCA GCT TCT CTA AGA AAA CTG CAG CAA ATG GCT GTT TTC ATG GGG CTG TTC AGC AGT GGG GGA TGC ATC TTG ATG TAT CAT CTT ATG CAA AAG AGT TTT GCC AGG ACC CAG TAT TAT CAG CAG GCA TTG GAG CAG TTG AAC AGC AAT CCC ACA GCC CTG GAT GCC CTT GGT GCC CCC CCA CTT AAG GTC CAT AAC ATC CGA CTG ACG GAT GGC AGC AAC CGT GTG GAC ACA GAA AGA GCA CAG ATA AAG CTA CCA GTG TCT GGA ACA AAA TCA GCA GGG TAC CTC TAC ATT AAC TCG GAG ATG GAC CAT TCC CGC CGA TGC TGG TGC CTT CAG GAT GTC ACC TTG AAA CTG CGG GAT GGT CAG AAT ATT CCA GTT TAC CAC TCC CCT GTG GGA AGC ACC AGT GTG 
Antrostomus_carolinensis        ATG CCA GCT TCT CTA AGA AAA CTG CAG CAA ATG GCT GTT TTC ATG GGA CTC TTT AGC GGC GGG GGA TGC ATG GTG ATG TAT AAT CTT ATG CAA AAG AGT TTT GCC AGG ACC CAG TAT TAC CAG CAG GCT TTG GAG CAA TTG AAC AGC AAT CCT GAT GCC CTG GAA GCC CTG GGT GCT CCC CCT CTT AAG GTT CAC AAC ATC CGA CTG ACA GAT GGG AGC AAC CGT GTG GAC ACG GAA AGA GCA CAG ATA AAG TTA CCA GTA TCT GGA ACA AAA TCA GCG GGG TAC CTG TAT ATT AAC TCA GAG ATG GAC CAC TCC CAT CGA TGC TGG TGC CTT CAG GAT GTC ACC TTG AAA CTG CGA GAT GGC CAG AAT ATT CCA GTT TAC CAA GCC CCT GTG GAA AGC ATC AGT GTG 
Tauraco_erythrolophus           ATG CCA GCT TCT CTC AGG AAA CTG CAG CAA ATG GCT GTT TTC ATG GGA CTG TTC AGC GGC GGG GGA TGC ATC GTG ATG TAT AAT CTT ATG CAA AAA AGC TTT GCC AGG ACC CAG TAC TAC CAG CAG GCT TTA GAG CAA CTG AAC AGC AGC CTT GAT GCC CTG GAA GCC CTG GGT GCC CCC CCT CTT AAG GTT CAC AAC ATC CGC CTG ACG GAT GGG AGT AAT CGT GTG GAC ACA GAA AGA GCA CAG ATA AAG TTG CCC GTA TCT GGA ACA AAA TCA GCG GGG TAC CTC TAC ATC AAC TCA GAG ATG GAC CAC TCC CAC CAA CGC TGG TGC CTT CGC GAT GTC ACC TTG AAA CTG CAG GAT GGT CAG AAT ATT CCT GTT TAC CAC TCC TCA GTG GAA GGC ACG GGT GTG 
Apaloderma_vittatum             ATG CCA GCG TCT CTA AGA AAA CTG CAG CAA ATG GCT ATT TTC ATG GGG CTG TTC AGT GGC GGG GGA TGC ATC GTG ATG TAT AAC CTT ATG CAA AAA AGT TTT GCC AGG ACC CAG TAT TAC CAG CAG GCT TTG GAG CAA CTG AAC AGC AAT CCT GAT GCC CTG GAA GCC CTG GGT GCC CCT CCT CTT AAG GTT CAC AAC ATC CGA CTG ACA GAT GGG AGT AAT CGC GTG GAC ACA GAA AGA GCA CAG ATA AAG TTA CCG GTA TCT GGA ACA AAA TCG GCG GGG TAT CTC TGC ATC AAC TCA GAG ATG GAC CAC GCC CAT CAA TGC TGG TGC CTT CAG GAT GTC ACC TTG AAA CTG CAG AAT GGT CAG AAT ATT CCT GTT TAC CAC TCC TCA GCG AAA AGC ATT GGT GTG 
Cuculus_canorus                 ATG GCA GCT TCT CTA AGA AAA CTG AAG CAA ATG GCT GTT TTC ATG GGG CTG TTC AGC ACT GGG GGA TGC ATC CTG ATG TAT AAT CTT ATG CAA AAG AGT TTT GCC AGG ACC CAG TAT TAT CAG CAG GCT TTG GAG CAA TTG AAC AGC AAT TCT GAT GCC CTG GAA GCT CTG GGT GCG CCC CCT CTT AAG GTT CAC AAC ATC CGA CTG ACG GAT GGG AGT AAC CGT GTG GAC ACA GAA AAA GCA CAG ATA AAG TTA CCA GTA TCT GGA ACG AAA TCA GCT GGG TAC CTC TAT ATT AAC TCA GAG ATG GAT CAC GCC CAT CAA CGC TGG TGC CTC CAG GAT GTC ACC TTG AAA CTG CGG GAT GGT CAG AAT ATT CCA GTT TAC CAT TCC CCA GTG GAA AGC ATC AGT GTG 
Merops_nubicus                  ATG CCA GCT TCT CTA AGA AAG CTG CAG CAA ATG GCT GTT TTC ATG GGG CTG TTC AGC GGC GGG GGA TGC ATC GTG ATG TAT AAT CTT ATG CAA AAA AGT TTT GCC AGG ACC CAG TAT TAC CAG CAG GCT TTG GAG CAG CTG AAC AGC AAT GCT GAT GCC CTG GAA GCC CTG GGT GCC CCC CCT CTT AAG GTT CAC AAC ATC CGA CTG ACA GAT GGG AGT AAT CGT GTG GAC ACG GAG AGA GCA CAG ATA AAG TTA CCA GTA TCT GGA ACA AAA TCA GCA GGG TAC CTC TGC ATT AGC TCA GAG ATG GAC CAC TCC CAA CAA CGC TGG TGC CTT CAG GAT GTC ACC TTG AAG CTG CGG GAC GGT CAG AAT ATT CCT GTT TAC CCC TCC CCA GTG GAA AGC CCT GGT GTG 
Picoides_pubescens              ATG CCA GCT TCT CTA AGG AAA CTG CAG CAA ATG GCT GTG TTC ATG GGG CTG TTC AGC GGC GGG GGA TGC ATC GTG ATG TAC AAT CTT ATG CAA AAA AGC TTT GCC CGG ACC CAG TAT TAT CAG CAG GCT CTG GAG CAA CTG CAC AGC AGC CCT GAT GCC CTA GAA GCC CTG GGT GCC CCC CCG CTC AAG GTT CAC AAC ATC CGG CTG ACA GAT GGG AGC AAT CGT GTG GAC ACA GAG AGA GCA CAG ATA AAA TTG CCA GTG TCT GGA GCA AAA TCG GCA GGC TAT CTC TAC ATT AAC TCT GAG ATG GAT CAT TCC CAT CAA CGC TGG TGC CTT CAG GAT GTC ACC TTG AAA CTG AAG GAT GGT CGG AGT ATT CCC GTT TAC CAC TCG CCA GCG GAA AGC ACT GGT GTG 
Buceros_rhinoceros              ATG CCA CCT TCT CTA AGA AAA CTG CAG CAA ATG GCT GTT TTC ATG GGC CTG TTC AGC GGC GGG GGA TGC TTC GTG ATG TAT AAT CTT ATG CAA AAA GGC TTT GCC AAG ACC CAG TAT TAC CAG CAG GCT TTG GAG CAG CTG AAC AGC AGT CCT GAT GCC CTG GAA GCC CTG GGC GCG CCC CCT CTT AAG GTT CAC AAC ATC CGG CTG ACA GAT GGG AGT AAC CGC GTG GAC ACA GAA AGA GCA CAG ATA AAG TTA CCA GTA TCT GGA GCA AAA TCA GCG GGG TAC CTC CAC ATT AAC GCA GAG ATG GAC CAC TCC TGT CAA CGC TGG TGC CTT CAG GAT GTC ACC TTG AAA CTA CGG GAT GGT CAG AGC ATT CCT GTT TAC CAC TCC CCG GTG GAA AGC GTT GGT GTG 
Tyto_alba_alba                  ATG CCA GCT TCT CTA AGA AAA CTG CAG CAA ATG GCT GTT TTC ATG GGA CTG TTC AGC GGT GGG GGA TGC ATC GTG ATG TAT AAT CTT ATG CAA AAA GGT TTT GCC AGG ACC CAG TAT TAC CAG CAG GCT TTG GAG CAA CTG AAC AGC AGT CCT GAG GCC CTG GCA GCC CTG GGT GCT CCC CCT CTT AAG GTT CAC AAC ATC CGA CTG ACG GAT GGG AGC AAT CGC GTG GAC ACG GAA AGA GCA CAG ATA AAG TTA CCA GTA TCT GGA ACA AAA TCA TCG GGG TAC CTC TAC ATT AAC TCA GAG ATG GAC CAC TCC CGC CAA CGC TGG TGC CTT CAG GAT GTC ACC TTG AAA CTG CGG GAT GGT CAG AAT ATT CCT GTT TAC CAC TCC CCA GTG GAA AGC ACT GGT GTG 



Printing out site pattern counts


        16        369  P

Colius_striatus                 AAA AAA AAA AAA AAC AAC AAC AAC AAC AAG AAG AAT AAT ACA ACA ACC ACC ACT ACT AGA AGA AGC AGC AGC AGC AGG ATC ATC ATC ATG ATT ATT ATT CAA CAA CAA CAA CAC CAC CAC CAG CAG CAG CAG CAT CCA CCC CCC CCG CCT CCT CGC CGT CTA CTC CTC CTG CTG CTG CTG CTT CTT CTT CTT GAA GAA GAA GAA GAC GAC GAG GAG GAT GAT GCC GCC GCC GCG GCT GCT GCT GGA GGA GGA GGC GGC GGG GGG GGG GGG GGT GGT GGT GTA GTC GTC GTC GTG GTG GTG GTT TAC TAC TAC TAT TAT TCA TCA TCC TCC TCC TCT TGC TGC TGC TGC TGG TTA TTC TTG TTG TTG TTT 
Melopsittacus_undulatus         ... ... ... ..G ... ... ... ..T .GT ... G.. ... ... ... ... ..A ... GA. T.. ... ... .A. ... ... ..T ... ..A ... ... ... ... ... G.. ... ..G ..G .C. ... ... ..T ..A ... ... ... .GA ... ... ..T ..A ... ... T.T ... ... ... ..G ... ... ... ... A.C ..C ... ... C.. ... ... ..G ... ... ... .T. ... ... ... ... ... ..A ... ... ... C.G ... ... ... ..T ..A ... ... ... ..G ... ... ... ... ..T T.. ... ... ... A.. ... ... ... ... ... G.G ... ..A ... ... ... C.. .A. ... ... ... ... ... C.. ... ... ... 
Calypte_anna                    ... ... ..G ..G ... ... ... ... .GT ... G.. ... ... ... ..G ..A ... GA. T.. ... ... ... ... ..T ..T ... ..A ... ... ... ... ... G.. ... ..G ..G TCT ... ... ..T ..A ... ... ... .GA ... ... ..T ..A ..A ..A T.. ... ... ... ..G ... ... ... ... A.C ... ..C ... C.G ... ..G ... ... ... ... .T. ... ... ... ... ... ..A ..A ... ... C.G ... ... ..T ..T ..A ..C ... ... ... AA. ... ... ... ..T T.. C.. ..A ... ... ... ... ..T ... ... G.. ... ..A G.. ... ... C.T .AT ... ... ... ... ... C.. C.. ... ... 
Athene_cunicularia              ... ... ... ..G ... ... ..T ... C.T ... G.. ... ... ... ... ..A ... GA. T.. ... ... ... ... ... ..T ... ..A ... ... ... ... ... G.. ... ..G ..G .CG ... ... ..T ... ... ... ... .GA ... ... ... ... ... ... T.. ... ... ... ..G ... ... ... ... A.. ..C ... ... C.. ... ... ... ... ... ... AT. ... ... ... ... ..T ..A ... ... ... C.G ... ... ... A.T ..A ... ... ... ... ... ... ... ... ..T T.. ... ... ... ... ... ... ... ... ... G.G ... ..A G.. ... ..C C.. .A. ... ... ... ... ... C.. ..A ..A ... 
Corythaeola_cristata            ... ... ... ..G ... ... ..T ... .GT ... G.. ..C ... ... ..G ..A ... GA. T.. ... ... ... ... ... ..T ... ..A ... ... ... ... ... G.. ... ..G .GC TC. ... ... ... ..A ... ... ... .GC ... ... ..T ..C ... ... T.. T.. ..C ... ..G ... ... ... ... A.C ..C ... ... C.. ... ... ... ... ... ... .T. ... ... ... ... ... ..A ... ... ... C.G ... ... A.. A.T ..A ... ... TC. ... ... ... ... ... ..T T.. ... ... ... ... ... ... ... ... ... G.. ... ..A ... ... ... C.T .A. ... ... ... ... ... C.. ... ... ... 
Leptosomus_discolor             ... ... ... ..G ... ... ..T ... .GT ... G.. .G. ... ... ... ..A ... GA. T.. .A. ... ... C.. ... ..T ... ..A ... ... ... ... ... G.. ... ..G ..G .C. ... ... ... ..A ... ... ... .GA ... ... ..T ..A ..C ... T.. .AC ... ... ..G ..A ... ... ... A.. ... ... ... C.G ... ... ... ... ..T ... .T. A.. ... ... ... ... ..A ... ... ... C.C ... ... ..T A.T ..A ..T ... ... ..C ... ... ... ... ..T T.. ... ... ... ... ... ..T ... ... ... G.G ... ..G ... ... ... C.T .A. ... ... ... ... ... C.. ... ... ... 
Nestor_notabilis                ... ... ... ... ... ... ... ... ..T ... G.. ... .G. ... ... ..A ... GA. T.. ... ... ... CA. ... ..T ... ..A ... ... ... ... ... G.. ... ..G ..G TCG ... ... ..T ..A ... ... ... .GA ... ... ..T ..A ..C ... T.. ... ... ... ..G ... ... ... ... A.C ..C ... ... C.. ... ... ..G ... ... ... .T. ... ... ... ... ... ..A ... ... ... C.G ... ... ... ... ..A ... ... ... ..G A.. ... ... ... ..T T.. ... ... ... ... ... ... ... ..C ... G.. ... ..A ... ... ... C.. .A. ... ... ... ... ... C.. ..A ... ... 
Chaetura_pelagica               ... ... ..G ..G ... ... ... ... ..T ... G.. ... C.. ... ..G ..A ... ..A T.. ... ... ... ... ... ... ... ..A ... ... ... ... ... G.C ... ..G ..G .CT ... ..T ..T .GA ... ... ... .GA ... ... ... ..A ..A ..A T.. ... ... ... T.G ... ... ... ... ACC ... ... ... C.G ..T ... .G. ... ... ... .T. ... ... ... ... ... ..A ..A ... ... C.G ... ..G A.T A.T ..A ... ... ..C ... A.. ... ..G ... ..T T.. T.. ... ... ... ... ..T ... ... ... G.. ... ..G ... ... ... C.. .A. ... ... ... C.. ... C.T ... ... ... 
Antrostomus_carolinensis        ... ... ..G ..G ... ... ... ... ..T ... G.. ... ... ... ... ..G ... GA. T.. ... ... ... ... ... ... ... ..A ... ..G ... ... ... G.. ... ..G ..G .CT ..A ... ... .GA ... ... ... .GA ... ... ..T ..A ..A ... T.. ... ... ..G T.G ... ..C ... ... A.C ... ... ... C.. ... ... ... ... ... ... .T. ... ... ... ... ..T ..A ... ... ... C.. ... ... ... A.T ..A ... ... ... ..C A.. ... ... ... ..T T.. ... ... ... ... ... ... ... ... ... G.G ... ..A ... G.. ... CAT .AT ... ... ... ... ..T C.. ... ... ... 
Tauraco_erythrolophus           ... ... ... ..G ... ... ..T ... .G. ... G.. ... ... ... ..G ..A ... GA. T.. ... ..G ... G.. ... ..T ... ..A ... ... ... ..C ... G.. ... ..G .GC TC. ... ... ... ..A ... ... ... .GC ... ... .TT ..C ... ... T.. ... ..C ... ..G ... ... ... ... ACG ... ... ... C.. ... ... ... ... ... ... .T. ... ... ... ... ... ..A ... ... ... CAG ... ... ... A.. ..A ... ... ... ... ... ... ... ... ..T T.. ... ... ... ... ... ... ... ..C ... G.G ... ..A ... ... ... CA. .A. C.. ... ... ..G ... C.. ..A ... ... 
Apaloderma_vittatum             ... ... ... ..G ... ... ..T ... ..T ... G.. ... ..C ... ... ..A ... GA. T.. ... ... ... ... ..T ..T ... ..A ... ... ... ..C ... G.. ... ..G ..G TC. ... ... ... ..A ... ... ... .GA ... ..T ..T ... ... ... T.. ..C ... ... ..G ... ... ... ... A.. ... ... ... C.. ... ... A.. ... ... ... .C. A.. ... ... ... ... ..A ... ..G ... CAG ... ..G ... A.T ..A ... ... ... ... ... ... ... ... ..T T.. ... ... ... A.. ... ... ..T ... ... G.G ..G ..A G.. ... ... CAT ... ... ... ... ... ... C.. ... ... ... 
Cuculus_canorus                 ... ... ..G ..G ... ... ... ... ..T ... G.. ... ... ..G ..G ..A ... GA. T.. .A. ... ... ... ... ..T ... ..A ... ... ... ... ... G.. ... ..G ..G .C. ..T ... ... ..A A.. ... ... .GA G.. ... T.T ..A ..A ... T.. ... ... ... T.G ... ... ... ... A.C ... ..C ... C.. ... ... ... ... ..T ... .T. ... ... ... ..T ..G ..A ... ... ... C.G ... ..G ACT A.T ..A ... ... ... ... A.. ... ... ... ..T T.. C.. ... ... ... ... ..T ... ... ... G.T ... ..A G.. ... ... CAT .AT C.. ... ... ... ... C.. ... ... ... 
Merops_nubicus                  ... ..G ... ..G ... .G. ..T ... ..T ... G.. ... ... ... ... ..G ... GA. T.. ... ... ... ... ... ..T ... ..A ... ... ... ... ... G.. ... ..G ..G .C. .C. ... ... ..A ... ... ... .GA ... ... G.T ..A ... ... T.. ... ... ... ..G ... ... ... ... .C. ... ... ... C.G ... ..G ... ... ... ... .T. ..C ... ... ... ... ..A ... ... ... C.G ... ..G ... A.T ..A ... ... ... ... ... ... ... ... ..T T.. ... ... ... ... ... ... ... ... ... G.. ... ..A ... ... ... CAA ... C.. ... ... ... ... C.. ... ... ... 
Picoides_pubescens              ... ... ... ..G ... ... ..T C.. .G. ..A G.. .G. ... G.. ... ..A ... GA. T.. ... ..G ... ... ... ... C.. ..A ... ... ... ... ... G.. ... ..G ..G .C. ... ... ..T ..A ... ... .G. .GG ... ... ..T ..A ..C ..G T.. ... ... ... ..G ... ... ..A ... AC. ..C ... ... C.. ... ..G ... ... ..T ... .C. ... ... ... ... ... ..A ... ... ... AAG ... ..G ... A.. ..A ..C ... ... ... ... ... ..G ... ..T T.. ... ... ... ..G ... ..T ..T ... ..C G.. ..G ..T ... ..G ... CAT .A. C.. ... ... ..G ... C.. C.. ... ... 
Buceros_rhinoceros              ... ... ... ..G ... ... ... ... .GT ... G.. .GC ... G.. ... ..A ... GA. T.. ... ... ... ... ... ..T .A. ..A ... T.. ... ... ... G.. ... ..G ..G .CG ... ... ... ..A ... ... ... .GG ... ... ..T ..A ... ... T.. ..C ... ... ..G ..A ... ... ... G.. ... ... ... C.G ... ... ... ... ... ... .T. ... ... ... ... ..G ..A ... C.. ... C.G ... ..C ... ... ..A ... ... ... ... ... ..C ... ... ..T T.. ... ... ... ... ... ... ... ... ... G.G ... G.A ... ... ... ..T CA. C.. ... ... ... ... C.. ... ... ... 
Tyto_alba_alba                  ... ... ... ..G ... ... ..T ... .GT ... G.. ... ... ... ..G ..G ... GAG T.. ... ... ... ... ... ... ... ..A ... ... ... ... ... G.. ... ..G ..G .C. ... ... ... ..A ... ... ... .GA ... ... ..T ..A ... ... T.. ..C ... ... ..G ... ... ... ... AC. ... ... ... C.. .C. ... ... ... ... ... .T. ... ... ... ... ..T ..A ... ... ... C.G ... ... ..T ..T ..A ... ... ... ... ... ... ... ... ..T T.. ... ... ... ... ... ... ... ... ... ..G ... ..A ... ... ... C.. .A. C.. ... ... ... ... C.. ... ... ... 

    1    2    1    1    1    1    1    1    1    1    1    1    1    1    1
    1    2    1    1    1    1    1    1    1    1    1    1    1    1    6
    1    1    1    2    1    1    1    1    1    1    1    1    3    1    1
    1    1    1    1    1    1    1    1    1    1    1    1    1    1    2
    1    1    1    1    1    1    1    1    1    1    1    1    1    2    2
    1    1    1    1    1    1    1    1    1    1    1    1    1    1    1
    1    1    1    1    1    1    1    1    1    1    1    1    1    1    1
    1    1    1    1    1    1    1    1    1    1    1    1    1    1    1
    1    1    1

CODONML (in paml version 4.9f, October 2017)  Birds_group3.aln
Model: free dN/dS Ratios for branches for branches, 
Codon frequency model: F3x4
ns =  16  ls = 136

Codon usage in sequences
--------------------------------------------------------------------------------------------------------------------------------------
Phe TTT   1   1   1   1   1   1 | Ser TCT   1   2   3   1   2   2 | Tyr TAT   2   2   4   2   2   3 | Cys TGT   0   1   0   0   1   0
    TTC   1   2   2   2   2   2 |     TCC   3   2   1   2   2   2 |     TAC   3   4   2   4   4   3 |     TGC   4   2   3   3   3   3
Leu TTA   1   1   1   3   1   1 |     TCA   2   2   2   2   3   1 | *** TAA   0   0   0   0   0   0 | *** TGA   0   0   0   0   0   0
    TTG   3   2   1   0   2   2 |     TCG   0   0   0   0   1   1 |     TAG   0   0   0   0   0   0 | Trp TGG   1   1   1   1   1   1
--------------------------------------------------------------------------------------------------------------------------------------
Leu CTT   4   2   2   2   2   3 | Pro CCT   2   3   1   2   3   2 | His CAT   1   1   1   2   0   0 | Arg CGT   1   1   2   1   1   1
    CTC   2   2   2   2   3   1 |     CCC   2   1   1   2   2   2 |     CAC   3   2   2   2   3   4 |     CGC   1   1   0   1   2   2
    CTA   1   1   1   1   0   2 |     CCA   1   3   4   1   1   3 | Gln CAA   5   4   3   3   4   3 |     CGA   0   1   1   1   0   1
    CTG   5   7   9   7   7   6 |     CCG   1   0   0   2   0   0 |     CAG   6   7   8   8   6   8 |     CGG   0   1   1   1   1   0
--------------------------------------------------------------------------------------------------------------------------------------
Ile ATT   3   3   2   3   2   3 | Thr ACT   2   0   0   0   0   0 | Asn AAT   2   3   3   3   2   3 | Ser AGT   0   2   3   2   3   4
    ATC   3   3   3   2   3   2 |     ACC   3   2   2   2   2   2 |     AAC   5   4   4   3   4   3 |     AGC   4   2   2   3   4   2
    ATA   0   1   1   1   1   1 |     ACA   2   3   2   3   2   3 | Lys AAA   5   4   3   4   4   5 | Arg AGA   2   2   2   2   2   1
Met ATG   6   6   6   7   6   6 |     ACG   0   0   1   0   1   0 |     AAG   2   2   3   2   2   2 |     AGG   1   1   1   1   1   1
--------------------------------------------------------------------------------------------------------------------------------------
Val GTT   1   2   3   3   3   3 | Ala GCT   3   3   2   4   3   3 | Asp GAT   3   4   4   4   4   4 | Gly GGT   3   3   4   3   3   4
    GTC   3   1   1   1   1   1 |     GCC   4   4   5   4   4   4 |     GAC   2   2   2   2   2   1 |     GGC   2   1   1   1   0   1
    GTA   1   1   2   1   1   1 |     GCA   0   1   3   1   2   1 | Glu GAA   4   2   2   3   3   3 |     GGA   3   3   3   3   3   3
    GTG   3   4   2   3   4   4 |     GCG   1   1   0   1   0   1 |     GAG   2   3   3   2   2   2 |     GGG   4   4   2   3   2   2
--------------------------------------------------------------------------------------------------------------------------------------

--------------------------------------------------------------------------------------------------------------------------------------
Phe TTT   1   1   2   1   1   1 | Ser TCT   2   2   2   2   2   3 | Tyr TAT   1   3   3   1   3   4 | Cys TGT   0   0   0   0   0   0
    TTC   2   2   1   2   2   2 |     TCC   2   2   1   2   1   1 |     TAC   5   3   3   5   2   2 |     TGC   3   3   3   2   4   2
Leu TTA   2   0   1   1   1   1 |     TCA   2   1   2   3   2   2 | *** TAA   0   0   0   0   0   0 | *** TGA   0   0   0   0   0   0
    TTG   1   4   3   2   2   3 |     TCG   1   1   0   0   1   0 |     TAG   0   0   0   0   0   0 | Trp TGG   1   1   1   1   1   1
--------------------------------------------------------------------------------------------------------------------------------------
Leu CTT   2   4   3   4   3   2 | Pro CCT   2   1   3   2   4   1 | His CAT   1   3   1   0   1   2 | Arg CGT   1   1   1   1   0   1
    CTC   2   1   1   2   1   2 |     CCC   2   2   1   2   0   1 |     CAC   3   1   2   4   3   2 |     CGC   1   1   0   3   1   1
    CTA   1   2   1   0   1   1 |     CCA   2   4   3   1   1   3 | Gln CAA   4   2   4   4   4   4 |     CGA   1   2   3   0   1   1
    CTG   7   5   6   7   7   7 |     CCG   0   0   0   0   1   0 |     CAG   7   8   7   7   8   6 |     CGG   1   1   0   0   0   1
--------------------------------------------------------------------------------------------------------------------------------------
Ile ATT   2   2   2   1   3   2 | Thr ACT   0   0   0   0   0   1 | Asn AAT   2   2   3   3   4   3 | Ser AGT   3   3   2   1   3   3
    ATC   3   2   2   3   3   3 |     ACC   2   3   2   2   2   2 |     AAC   4   4   4   3   4   4 |     AGC   2   4   4   4   2   3
    ATA   1   1   1   1   1   1 |     ACA   3   3   2   2   3   1 | Lys AAA   5   3   3   4   5   4 | Arg AGA   2   2   2   1   2   1
Met ATG   6   6   7   6   6   6 |     ACG   0   1   1   2   0   2 |     AAG   1   3   3   2   2   4 |     AGG   1   1   1   2   1   1
--------------------------------------------------------------------------------------------------------------------------------------
Val GTT   3   2   3   3   2   3 | Ala GCT   3   2   4   3   2   5 | Asp GAT   4   4   4   4   3   5 | Gly GGT   1   2   1   3   3   2
    GTC   1   2   1   1   1   1 |     GCC   4   4   4   4   5   3 |     GAC   2   2   2   2   2   1 |     GGC   2   1   2   2   1   0
    GTA   1   0   1   1   1   1 |     GCA   2   3   1   1   1   2 | Glu GAA   2   1   3   3   2   3 |     GGA   3   3   3   3   2   2
    GTG   4   4   4   4   3   3 |     GCG   0   0   1   1   3   1 |     GAG   3   2   2   2   2   2 |     GGG   4   3   3   3   4   4
--------------------------------------------------------------------------------------------------------------------------------------

------------------------------------------------------------------------------------------------------
Phe TTT   1   1   1   1 | Ser TCT   2   3   2   2 | Tyr TAT   2   3   2   2 | Cys TGT   0   0   1   0
    TTC   2   2   3   2 |     TCC   2   1   2   2 |     TAC   3   3   3   4 |     TGC   3   2   2   2
Leu TTA   1   0   1   1 |     TCA   2   0   1   2 | *** TAA   0   0   0   0 | *** TGA   0   0   0   0
    TTG   2   2   2   2 |     TCG   0   2   0   1 |     TAG   0   0   0   0 | Trp TGG   1   1   1   1
------------------------------------------------------------------------------------------------------
Leu CTT   3   2   3   3 | Pro CCT   3   1   4   3 | His CAT   0   2   0   0 | Arg CGT   1   1   0   0
    CTC   1   2   1   1 |     CCC   2   2   1   1 |     CAC   2   3   4   3 |     CGC   1   1   2   3
    CTA   1   2   2   1 |     CCA   3   3   2   3 | Gln CAA   4   4   3   4 |     CGA   1   0   0   1
    CTG   7   7   6   7 |     CCG   0   1   1   0 |     CAG   8   6   8   7 |     CGG   1   3   2   1
------------------------------------------------------------------------------------------------------
Ile ATT   2   2   2   2 | Thr ACT   0   1   0   1 | Asn AAT   4   2   1   3 | Ser AGT   2   1   2   1
    ATC   2   2   1   2 |     ACC   2   2   2   2 |     AAC   2   2   4   3 |     AGC   4   6   4   4
    ATA   1   1   1   1 |     ACA   2   2   2   1 | Lys AAA   2   5   4   4 | Arg AGA   2   1   2   2
Met ATG   6   6   6   6 |     ACG   1   0   0   2 |     AAG   4   2   3   2 |     AGG   1   1   0   1
------------------------------------------------------------------------------------------------------
Val GTT   3   2   4   3 | Ala GCT   4   3   2   4 | Asp GAT   3   5   4   3 | Gly GGT   3   3   2   5
    GTC   1   1   1   1 |     GCC   4   4   3   3 |     GAC   3   1   2   2 |     GGC   1   2   4   0
    GTA   1   0   1   1 |     GCA   2   3   3   2 | Glu GAA   2   2   3   2 |     GGA   2   2   2   3
    GTG   4   5   4   4 |     GCG   0   1   2   0 |     GAG   3   3   2   3 |     GGG   4   3   3   3
------------------------------------------------------------------------------------------------------

Codon position x base (3x4) table for each sequence.

#1: Colius_striatus
position  1:    T:0.16176    C:0.25735    A:0.29412    G:0.28676
position  2:    T:0.27941    C:0.19853    A:0.33088    G:0.19118
position  3:    T:0.21324    C:0.33088    A:0.19853    G:0.25735
Average         T:0.21814    C:0.26225    A:0.27451    G:0.24510

#2: Melopsittacus_undulatus
position  1:    T:0.16176    C:0.27206    A:0.27941    G:0.28676
position  2:    T:0.28676    C:0.19853    A:0.32353    G:0.19118
position  3:    T:0.24265    C:0.25735    A:0.21324    G:0.28676
Average         T:0.23039    C:0.24265    A:0.27206    G:0.25490

#3: Calypte_anna   
position  1:    T:0.15441    C:0.27941    A:0.27941    G:0.28676
position  2:    T:0.28676    C:0.19853    A:0.32353    G:0.19118
position  3:    T:0.25735    C:0.24265    A:0.22059    G:0.27941
Average         T:0.23284    C:0.24020    A:0.27451    G:0.25245

#4: Athene_cunicularia
position  1:    T:0.15441    C:0.27941    A:0.27941    G:0.28676
position  2:    T:0.28676    C:0.19853    A:0.32353    G:0.19118
position  3:    T:0.24265    C:0.26471    A:0.21324    G:0.27941
Average         T:0.22794    C:0.24755    A:0.27206    G:0.25245

#5: Corythaeola_cristata
position  1:    T:0.18382    C:0.25735    A:0.28676    G:0.27206
position  2:    T:0.28676    C:0.20588    A:0.30882    G:0.19853
position  3:    T:0.23529    C:0.30147    A:0.19853    G:0.26471
Average         T:0.23529    C:0.25490    A:0.26471    G:0.24510

#6: Leptosomus_discolor
position  1:    T:0.16176    C:0.27941    A:0.27941    G:0.27941
position  2:    T:0.28676    C:0.19853    A:0.32353    G:0.19118
position  3:    T:0.26471    C:0.25735    A:0.21324    G:0.26471
Average         T:0.23775    C:0.24510    A:0.27206    G:0.24510

#7: Nestor_notabilis
position  1:    T:0.16912    C:0.27206    A:0.27206    G:0.28676
position  2:    T:0.28676    C:0.19853    A:0.32353    G:0.19118
position  3:    T:0.20588    C:0.29412    A:0.22794    G:0.27206
Average         T:0.22059    C:0.25490    A:0.27451    G:0.25000

#8: Chaetura_pelagica
position  1:    T:0.16912    C:0.27941    A:0.29412    G:0.25735
position  2:    T:0.27941    C:0.21324    A:0.30147    G:0.20588
position  3:    T:0.23529    C:0.27206    A:0.19853    G:0.29412
Average         T:0.22794    C:0.25490    A:0.26471    G:0.25245

#9: Antrostomus_carolinensis
position  1:    T:0.16176    C:0.26471    A:0.28676    G:0.28676
position  2:    T:0.28676    C:0.19853    A:0.32353    G:0.19118
position  3:    T:0.25000    C:0.24265    A:0.22059    G:0.28676
Average         T:0.23284    C:0.23529    A:0.27696    G:0.25490

#10: Tauraco_erythrolophus
position  1:    T:0.16176    C:0.27206    A:0.27206    G:0.29412
position  2:    T:0.28676    C:0.19853    A:0.32353    G:0.19118
position  3:    T:0.21324    C:0.31618    A:0.18382    G:0.28676
Average         T:0.22059    C:0.26225    A:0.25980    G:0.25735

#11: Apaloderma_vittatum
position  1:    T:0.16176    C:0.26471    A:0.30147    G:0.27206
position  2:    T:0.27941    C:0.20588    A:0.33088    G:0.18382
position  3:    T:0.25000    C:0.25000    A:0.19853    G:0.30147
Average         T:0.23039    C:0.24020    A:0.27696    G:0.25245

#12: Cuculus_canorus
position  1:    T:0.16176    C:0.25735    A:0.30147    G:0.27941
position  2:    T:0.28676    C:0.20588    A:0.33824    G:0.16912
position  3:    T:0.27941    C:0.22059    A:0.19853    G:0.30147
Average         T:0.24265    C:0.22794    A:0.27941    G:0.25000

#13: Merops_nubicus 
position  1:    T:0.15441    C:0.27941    A:0.27206    G:0.29412
position  2:    T:0.27941    C:0.21324    A:0.30882    G:0.19853
position  3:    T:0.24265    C:0.25735    A:0.19118    G:0.30882
Average         T:0.22549    C:0.25000    A:0.25735    G:0.26716

#14: Picoides_pubescens
position  1:    T:0.14706    C:0.29412    A:0.26471    G:0.29412
position  2:    T:0.27206    C:0.21324    A:0.31618    G:0.19853
position  3:    T:0.23529    C:0.26471    A:0.18382    G:0.31618
Average         T:0.21814    C:0.25735    A:0.25490    G:0.26961

#15: Buceros_rhinoceros
position  1:    T:0.15441    C:0.28676    A:0.25000    G:0.30882
position  2:    T:0.28676    C:0.19853    A:0.31618    G:0.19853
position  3:    T:0.22059    C:0.28676    A:0.19853    G:0.29412
Average         T:0.22059    C:0.25735    A:0.25490    G:0.26716

#16: Tyto_alba_alba 
position  1:    T:0.16176    C:0.27941    A:0.27206    G:0.28676
position  2:    T:0.27941    C:0.21324    A:0.30882    G:0.19853
position  3:    T:0.24265    C:0.25735    A:0.20588    G:0.29412
Average         T:0.22794    C:0.25000    A:0.26225    G:0.25980

Sums of codon usage counts
------------------------------------------------------------------------------
Phe F TTT      17 | Ser S TCT      33 | Tyr Y TAT      39 | Cys C TGT       3
      TTC      31 |       TCC      28 |       TAC      53 |       TGC      44
Leu L TTA      17 |       TCA      29 | *** * TAA       0 | *** * TGA       0
      TTG      33 |       TCG       8 |       TAG       0 | Trp W TGG      16
------------------------------------------------------------------------------
Leu L CTT      44 | Pro P CCT      37 | His H CAT      15 | Arg R CGT      14
      CTC      26 |       CCC      24 |       CAC      43 |       CGC      21
      CTA      18 |       CCA      38 | Gln Q CAA      59 |       CGA      14
      CTG     107 |       CCG       6 |       CAG     115 |       CGG      14
------------------------------------------------------------------------------
Ile I ATT      36 | Thr T ACT       5 | Asn N AAT      43 | Ser S AGT      35
      ATC      39 |       ACC      34 |       AAC      57 |       AGC      54
      ATA      15 |       ACA      36 | Lys K AAA      64 | Arg R AGA      28
Met M ATG      98 |       ACG      11 |       AAG      39 |       AGG      16
------------------------------------------------------------------------------
Val V GTT      43 | Ala A GCT      50 | Asp D GAT      62 | Gly G GGT      45
      GTC      19 |       GCC      63 |       GAC      30 |       GGC      21
      GTA      15 |       GCA      28 | Glu E GAA      40 |       GGA      43
      GTG      59 |       GCG      13 |       GAG      38 |       GGG      51
------------------------------------------------------------------------------


Codon position x base (3x4) table, overall

position  1:    T:0.16131    C:0.27344    A:0.28033    G:0.28493
position  2:    T:0.28355    C:0.20358    A:0.32031    G:0.19256
position  3:    T:0.23943    C:0.26976    A:0.20404    G:0.28676
Average         T:0.22809    C:0.24893    A:0.26823    G:0.25475

Codon frequencies under model, for use in evolver (TTT TTC TTA TTG ... GGG):
  0.01130946  0.01274214  0.00963801  0.01354531
  0.00812008  0.00914873  0.00691999  0.00972540
  0.01277584  0.01439428  0.00000000  0.00000000
  0.00768017  0.00865309  0.00000000  0.00919851
  0.01917131  0.02159992  0.01633793  0.02296142
  0.01376481  0.01550853  0.01173048  0.01648607
  0.02165706  0.02440056  0.01845630  0.02593859
  0.01301909  0.01466834  0.01109496  0.01559292
  0.01965462  0.02214446  0.01674981  0.02354028
  0.01411183  0.01589951  0.01202620  0.01690169
  0.02220303  0.02501570  0.01892159  0.02659250
  0.01334730  0.01503813  0.01137467  0.01598602
  0.01997683  0.02250748  0.01702440  0.02392618
  0.01434317  0.01616015  0.01222335  0.01717877
  0.02256702  0.02542579  0.01923178  0.02702844
  0.01356611  0.01528466  0.01156114  0.01624809


TREE #  1:  ((((5, 10), 12), (((((14, 11), 1), 15), (13, 6)), ((2, 7), (4, 16)))), ((3, 8), 9));   MP score: 294
This is a rooted tree.  Please check!
check convergence..
lnL(ntime: 30  np: 61):  -2020.894562      +0.000000
  17..18   18..19   19..20   20..5    20..10   19..12   18..21   21..22   22..23   23..24   24..25   25..14   25..11   24..1    23..15   22..26   26..13   26..6    21..27   27..28   28..2    28..7    27..29   29..4    29..16   17..30   30..31   31..3    31..8    30..9  
 0.008893 0.000004 0.055415 0.051057 0.121137 0.214586 0.018503 0.000004 0.000004 0.000004 0.039854 0.287616 0.116560 0.337400 0.174303 0.001374 0.138774 0.126057 0.009455 0.054714 0.029994 0.102535 0.006080 0.101856 0.088749 0.035504 0.057783 0.101678 0.201844 0.129818 5.053418 999.000000 0.000100 0.195429 0.634961 0.276818 0.327824 0.000100 0.000100 0.000100 216.503413 0.473826 0.100870 0.388730 0.324812 0.410910 0.000100 0.471543 0.188597 0.000100 0.067916 0.458194 0.344017 0.000100 0.179448 0.467403 0.000100 0.055693 0.209855 0.232207 0.219658

Note: Branch length is defined as number of nucleotide substitutions per codon (not per neucleotide site).

tree length =  2.611554

((((5: 0.051057, 10: 0.121137): 0.055415, 12: 0.214586): 0.000004, (((((14: 0.287616, 11: 0.116560): 0.039854, 1: 0.337400): 0.000004, 15: 0.174303): 0.000004, (13: 0.138774, 6: 0.126057): 0.001374): 0.000004, ((2: 0.029994, 7: 0.102535): 0.054714, (4: 0.101856, 16: 0.088749): 0.006080): 0.009455): 0.018503): 0.008893, ((3: 0.101678, 8: 0.201844): 0.057783, 9: 0.129818): 0.035504);

((((Corythaeola_cristata: 0.051057, Tauraco_erythrolophus: 0.121137): 0.055415, Cuculus_canorus: 0.214586): 0.000004, (((((Picoides_pubescens: 0.287616, Apaloderma_vittatum: 0.116560): 0.039854, Colius_striatus: 0.337400): 0.000004, Buceros_rhinoceros: 0.174303): 0.000004, (Merops_nubicus: 0.138774, Leptosomus_discolor: 0.126057): 0.001374): 0.000004, ((Melopsittacus_undulatus: 0.029994, Nestor_notabilis: 0.102535): 0.054714, (Athene_cunicularia: 0.101856, Tyto_alba_alba: 0.088749): 0.006080): 0.009455): 0.018503): 0.008893, ((Calypte_anna: 0.101678, Chaetura_pelagica: 0.201844): 0.057783, Antrostomus_carolinensis: 0.129818): 0.035504);

Detailed output identifying parameters

kappa (ts/tv) =  5.05342

w (dN/dS) for branches:  999.00000 0.00010 0.19543 0.63496 0.27682 0.32782 0.00010 0.00010 0.00010 216.50341 0.47383 0.10087 0.38873 0.32481 0.41091 0.00010 0.47154 0.18860 0.00010 0.06792 0.45819 0.34402 0.00010 0.17945 0.46740 0.00010 0.05569 0.20986 0.23221 0.21966

dN & dS for each branch

 branch          t       N       S   dN/dS      dN      dS  N*dN  S*dS

  17..18     0.009   285.1   122.9 999.0000  0.0042  0.0000   1.2   0.0
  18..19     0.000   285.1   122.9  0.0001  0.0000  0.0000   0.0   0.0
  19..20     0.055   285.1   122.9  0.1954  0.0082  0.0422   2.4   5.2
  20..5      0.051   285.1   122.9  0.6350  0.0145  0.0228   4.1   2.8
  20..10     0.121   285.1   122.9  0.2768  0.0226  0.0816   6.4  10.0
  19..12     0.215   285.1   122.9  0.3278  0.0442  0.1349  12.6  16.6
  18..21     0.019   285.1   122.9  0.0001  0.0000  0.0205   0.0   2.5
  21..22     0.000   285.1   122.9  0.0001  0.0000  0.0000   0.0   0.0
  22..23     0.000   285.1   122.9  0.0001  0.0000  0.0000   0.0   0.0
  23..24     0.000   285.1   122.9 216.5034  0.0000  0.0000   0.0   0.0
  24..25     0.040   285.1   122.9  0.4738  0.0100  0.0210   2.8   2.6
  25..14     0.288   285.1   122.9  0.1009  0.0260  0.2580   7.4  31.7
  25..11     0.117   285.1   122.9  0.3887  0.0264  0.0678   7.5   8.3
  24..1      0.337   285.1   122.9  0.3248  0.0692  0.2130  19.7  26.2
  23..15     0.174   285.1   122.9  0.4109  0.0406  0.0988  11.6  12.1
  22..26     0.001   285.1   122.9  0.0001  0.0000  0.0015   0.0   0.2
  26..13     0.139   285.1   122.9  0.4715  0.0346  0.0733   9.9   9.0
  26..6      0.126   285.1   122.9  0.1886  0.0183  0.0971   5.2  11.9
  21..27     0.009   285.1   122.9  0.0001  0.0000  0.0105   0.0   1.3
  27..28     0.055   285.1   122.9  0.0679  0.0036  0.0523   1.0   6.4
  28..2      0.030   285.1   122.9  0.4582  0.0074  0.0161   2.1   2.0
  28..7      0.103   285.1   122.9  0.3440  0.0217  0.0631   6.2   7.8
  27..29     0.006   285.1   122.9  0.0001  0.0000  0.0067   0.0   0.8
  29..4      0.102   285.1   122.9  0.1794  0.0143  0.0796   4.1   9.8
  29..16     0.089   285.1   122.9  0.4674  0.0220  0.0471   6.3   5.8
  17..30     0.036   285.1   122.9  0.0001  0.0000  0.0393   0.0   4.8
  30..31     0.058   285.1   122.9  0.0557  0.0032  0.0566   0.9   7.0
  31..3      0.102   285.1   122.9  0.2099  0.0159  0.0757   4.5   9.3
  31..8      0.202   285.1   122.9  0.2322  0.0337  0.1452   9.6  17.8
  30..9      0.130   285.1   122.9  0.2197  0.0209  0.0952   6.0  11.7

tree length for dN:       0.4614
tree length for dS:       1.8200

dS tree:
((((Corythaeola_cristata: 0.022848, Tauraco_erythrolophus: 0.081642): 0.042201, Cuculus_canorus: 0.134900): 0.000004, (((((Picoides_pubescens: 0.257983, Apaloderma_vittatum: 0.067830): 0.021011, Colius_striatus: 0.212954): 0.000000, Buceros_rhinoceros: 0.098761): 0.000004, (Merops_nubicus: 0.073347, Leptosomus_discolor: 0.097057): 0.001521): 0.000004, ((Melopsittacus_undulatus: 0.016091, Nestor_notabilis: 0.063112): 0.052319, (Athene_cunicularia: 0.079599, Tyto_alba_alba: 0.047123): 0.006729): 0.010464): 0.020477): 0.000004, ((Calypte_anna: 0.075689, Chaetura_pelagica: 0.145188): 0.056642, Antrostomus_carolinensis: 0.095181): 0.039292);
dN tree:
((((Corythaeola_cristata: 0.014507, Tauraco_erythrolophus: 0.022600): 0.008247, Cuculus_canorus: 0.044224): 0.000000, (((((Picoides_pubescens: 0.026023, Apaloderma_vittatum: 0.026368): 0.009956, Colius_striatus: 0.069170): 0.000002, Buceros_rhinoceros: 0.040582): 0.000000, (Merops_nubicus: 0.034586, Leptosomus_discolor: 0.018305): 0.000000): 0.000000, ((Melopsittacus_undulatus: 0.007373, Nestor_notabilis: 0.021712): 0.003553, (Athene_cunicularia: 0.014284, Tyto_alba_alba: 0.022026): 0.000001): 0.000001): 0.000002): 0.004240, ((Calypte_anna: 0.015884, Chaetura_pelagica: 0.033714): 0.003155, Antrostomus_carolinensis: 0.020907): 0.000004);

w ratios as labels for TreeView:
((((Corythaeola_cristata #0.634961 , Tauraco_erythrolophus #0.276818 ) #0.195429 , Cuculus_canorus #0.327824 ) #0.0001 , (((((Picoides_pubescens #0.10087 , Apaloderma_vittatum #0.38873 ) #0.473826 , Colius_striatus #0.324812 ) #216.503 , Buceros_rhinoceros #0.41091 ) #0.0001 , (Merops_nubicus #0.471543 , Leptosomus_discolor #0.188597 ) #0.0001 ) #0.0001 , ((Melopsittacus_undulatus #0.458194 , Nestor_notabilis #0.344017 ) #0.0679155 , (Athene_cunicularia #0.179448 , Tyto_alba_alba #0.467403 ) #0.0001 ) #0.0001 ) #0.0001 ) #999 , ((Calypte_anna #0.209855 , Chaetura_pelagica #0.232207 ) #0.055693 , Antrostomus_carolinensis #0.219658 ) #0.000100009 );


Time used: 10:28
