
Loaded 'libv3/all-terms.bf' from /usr/local/lib/hyphy/TemplateBatchFiles/libv3/all-terms.bf
Loaded 'libv3/UtilityFunctions.bf' from /usr/local/lib/hyphy/TemplateBatchFiles/libv3/UtilityFunctions.bf
Loaded 'IOFunctions.bf' from /usr/local/lib/hyphy/TemplateBatchFiles/libv3/IOFunctions.bf
Already loaded 'libv3/UtilityFunctions.bf' from /usr/local/lib/hyphy/TemplateBatchFiles/libv3/UtilityFunctions.bf
Loaded 'convenience/regexp.bf' from /usr/local/lib/hyphy/TemplateBatchFiles/libv3/convenience/regexp.bf
Already loaded 'libv3/all-terms.bf' from /usr/local/lib/hyphy/TemplateBatchFiles/libv3/all-terms.bf
Already loaded 'libv3/IOFunctions.bf' from /usr/local/lib/hyphy/TemplateBatchFiles/libv3/IOFunctions.bf
Loaded 'libv3/models/codon/MG_REV.bf' from /usr/local/lib/hyphy/TemplateBatchFiles/libv3/models/codon/MG_REV.bf
Loaded '../codon.bf' from /usr/local/lib/hyphy/TemplateBatchFiles/libv3/models/codon.bf
Loaded '../tasks/genetic_code.bf' from /usr/local/lib/hyphy/TemplateBatchFiles/libv3/tasks/genetic_code.bf
Loaded 'libv3/convenience/matrix.bf' from /usr/local/lib/hyphy/TemplateBatchFiles/libv3/convenience/matrix.bf
Already loaded 'libv3/UtilityFunctions.bf' from /usr/local/lib/hyphy/TemplateBatchFiles/libv3/UtilityFunctions.bf
Already loaded 'libv3/all-terms.bf' from /usr/local/lib/hyphy/TemplateBatchFiles/libv3/all-terms.bf
Already loaded '../UtilityFunctions.bf' from /usr/local/lib/hyphy/TemplateBatchFiles/libv3/UtilityFunctions.bf
Loaded '../DNA.bf' from /usr/local/lib/hyphy/TemplateBatchFiles/libv3/models/DNA.bf
Loaded 'frequencies.bf' from /usr/local/lib/hyphy/TemplateBatchFiles/libv3/models/frequencies.bf
Already loaded '../all-terms.bf' from /usr/local/lib/hyphy/TemplateBatchFiles/libv3/all-terms.bf
Loaded 'parameters.bf' from /usr/local/lib/hyphy/TemplateBatchFiles/libv3/models/parameters.bf
Loaded 'GrabBag' from /usr/local/lib/hyphy/TemplateBatchFiles/Utility/GrabBag.bf
Overwritten previously defined function:'_sortStringsAux'
Already loaded 'libv3/all-terms.bf' from /usr/local/lib/hyphy/TemplateBatchFiles/libv3/all-terms.bf
Already loaded '../UtilityFunctions.bf' from /usr/local/lib/hyphy/TemplateBatchFiles/libv3/UtilityFunctions.bf
Loaded 'model_functions.bf' from /usr/local/lib/hyphy/TemplateBatchFiles/libv3/models/model_functions.bf
Already loaded 'DNA.bf' from /usr/local/lib/hyphy/TemplateBatchFiles/libv3/models/DNA.bf
Already loaded 'parameters.bf' from /usr/local/lib/hyphy/TemplateBatchFiles/libv3/models/parameters.bf
Already loaded 'frequencies.bf' from /usr/local/lib/hyphy/TemplateBatchFiles/libv3/models/frequencies.bf
Already loaded '../UtilityFunctions.bf' from /usr/local/lib/hyphy/TemplateBatchFiles/libv3/UtilityFunctions.bf
Already loaded '../convenience/regexp.bf' from /usr/local/lib/hyphy/TemplateBatchFiles/libv3/convenience/regexp.bf
Already loaded 'libv3/all-terms.bf' from /usr/local/lib/hyphy/TemplateBatchFiles/libv3/all-terms.bf
Already loaded '../parameters.bf' from /usr/local/lib/hyphy/TemplateBatchFiles/libv3/models/parameters.bf
Already loaded '../frequencies.bf' from /usr/local/lib/hyphy/TemplateBatchFiles/libv3/models/frequencies.bf
Already loaded '../../UtilityFunctions.bf' from /usr/local/lib/hyphy/TemplateBatchFiles/libv3/UtilityFunctions.bf
Loaded 'libv3/tasks/estimators.bf' from /usr/local/lib/hyphy/TemplateBatchFiles/libv3/tasks/estimators.bf
Already loaded '../models/model_functions.bf' from /usr/local/lib/hyphy/TemplateBatchFiles/libv3/models/model_functions.bf
Loaded '../models/DNA/GTR.bf' from /usr/local/lib/hyphy/TemplateBatchFiles/libv3/models/DNA/GTR.bf
Already loaded '../DNA.bf' from /usr/local/lib/hyphy/TemplateBatchFiles/libv3/models/DNA.bf
Already loaded '../parameters.bf' from /usr/local/lib/hyphy/TemplateBatchFiles/libv3/models/parameters.bf
Already loaded '../frequencies.bf' from /usr/local/lib/hyphy/TemplateBatchFiles/libv3/models/frequencies.bf
Already loaded '../../UtilityFunctions.bf' from /usr/local/lib/hyphy/TemplateBatchFiles/libv3/UtilityFunctions.bf
Already loaded 'libv3/all-terms.bf' from /usr/local/lib/hyphy/TemplateBatchFiles/libv3/all-terms.bf
Already loaded '../convenience/regexp.bf' from /usr/local/lib/hyphy/TemplateBatchFiles/libv3/convenience/regexp.bf
Already loaded 'libv3/all-terms.bf' from /usr/local/lib/hyphy/TemplateBatchFiles/libv3/all-terms.bf
Loaded 'libv3/tasks/alignments.bf' from /usr/local/lib/hyphy/TemplateBatchFiles/libv3/tasks/alignments.bf
Already loaded '../IOFunctions.bf' from /usr/local/lib/hyphy/TemplateBatchFiles/libv3/IOFunctions.bf
Already loaded '../all-terms.bf' from /usr/local/lib/hyphy/TemplateBatchFiles/libv3/all-terms.bf
Loaded 'libv3/tasks/trees.bf' from /usr/local/lib/hyphy/TemplateBatchFiles/libv3/tasks/trees.bf
Already loaded '../IOFunctions.bf' from /usr/local/lib/hyphy/TemplateBatchFiles/libv3/IOFunctions.bf
Already loaded '../all-terms.bf' from /usr/local/lib/hyphy/TemplateBatchFiles/libv3/all-terms.bf
Already loaded '../convenience/regexp.bf' from /usr/local/lib/hyphy/TemplateBatchFiles/libv3/convenience/regexp.bf
Already loaded '../UtilityFunctions.bf' from /usr/local/lib/hyphy/TemplateBatchFiles/libv3/UtilityFunctions.bf
Loaded 'TreeTools' from /usr/local/lib/hyphy/TemplateBatchFiles/TreeTools.ibf
Loaded 'modules/io_functions.ibf' from /usr/local/lib/hyphy/TemplateBatchFiles/SelectionAnalyses/modules/io_functions.ibf
Already loaded 'libv3/UtilityFunctions.bf' from /usr/local/lib/hyphy/TemplateBatchFiles/libv3/UtilityFunctions.bf
Already loaded 'libv3/IOFunctions.bf' from /usr/local/lib/hyphy/TemplateBatchFiles/libv3/IOFunctions.bf
Already loaded 'libv3/convenience/regexp.bf' from /usr/local/lib/hyphy/TemplateBatchFiles/libv3/convenience/regexp.bf
Already loaded 'libv3/all-terms.bf' from /usr/local/lib/hyphy/TemplateBatchFiles/libv3/all-terms.bf
Loaded 'modules/selection_lib.ibf' from /usr/local/lib/hyphy/TemplateBatchFiles/SelectionAnalyses/modules/selection_lib.ibf
Loaded 'libv3/models/codon/BS_REL.bf' from /usr/local/lib/hyphy/TemplateBatchFiles/libv3/models/codon/BS_REL.bf
Already loaded '../codon.bf' from /usr/local/lib/hyphy/TemplateBatchFiles/libv3/models/codon.bf
Already loaded '../DNA.bf' from /usr/local/lib/hyphy/TemplateBatchFiles/libv3/models/DNA.bf
Already loaded '../parameters.bf' from /usr/local/lib/hyphy/TemplateBatchFiles/libv3/models/parameters.bf
Already loaded '../frequencies.bf' from /usr/local/lib/hyphy/TemplateBatchFiles/libv3/models/frequencies.bf
Already loaded '../../UtilityFunctions.bf' from /usr/local/lib/hyphy/TemplateBatchFiles/libv3/UtilityFunctions.bf
Already loaded 'MG_REV.bf' from /usr/local/lib/hyphy/TemplateBatchFiles/libv3/models/codon/MG_REV.bf
Loaded '../../convenience/math.bf' from /usr/local/lib/hyphy/TemplateBatchFiles/libv3/convenience/math.bf
Already loaded 'libv3/UtilityFunctions.bf' from /usr/local/lib/hyphy/TemplateBatchFiles/libv3/UtilityFunctions.bf
Already loaded 'libv3/convenience/math.bf' from /usr/local/lib/hyphy/TemplateBatchFiles/libv3/convenience/math.bf
Loaded 'libv3/tasks/mpi.bf' from /usr/local/lib/hyphy/TemplateBatchFiles/libv3/tasks/mpi.bf
Already loaded '../all-terms.bf' from /usr/local/lib/hyphy/TemplateBatchFiles/libv3/all-terms.bf
Already loaded '../models/parameters.bf' from /usr/local/lib/hyphy/TemplateBatchFiles/libv3/models/parameters.bf
Variable 'NORMALIZE_SEQUENCE_NAMES' was not initialized prior to being used
Variable 'ASSUME_REVERSIBLE_MODELS' was not initialized prior to being used
Loaded 'modules/shared-load-file.bf' from /usr/local/lib/hyphy/TemplateBatchFiles/SelectionAnalyses/modules/shared-load-file.bf
Variable 'MARKDOWN_OUTPUT' was not initialized prior to being used
Already loaded 'libv3/convenience/matrix.bf' from /usr/local/lib/hyphy/TemplateBatchFiles/libv3/convenience/matrix.bf
Already loaded 'libv3/UtilityFunctions.bf' from /usr/local/lib/hyphy/TemplateBatchFiles/libv3/UtilityFunctions.bf
Variable 'nHCWlzoF.skipCodeSelectionStep' was not initialized prior to being used
Row and/or column partition is empty. All the data will be used by default.
Variable 'NEXUS_FILE_TREE_MATRIX' was not initialized prior to being used
Variable 'utility.ToggleEnvVariable.cache' was not initialized prior to being used
Variable 'TREE_NODE_NAME_MAPPING' was not initialized prior to being used
Variable 'NBTszKSb.PROMPT_FOR_FILE' was not initialized prior to being used
Variable 'END_OF_FILE' was not initialized prior to being used
Variable '_DO_TREE_REBALANCE_' was not initialized prior to being used
Variable '_KEEP_I_LABELS_' was not initialized prior to being used
Rooted topology. Removing one branch - the right root child has been promoted to be the new root
Variable 'INCLUDE_MODEL_SPECS' was not initialized prior to being used
Variable 'utility.ForEachPair.warn_non_rentrant' was not initialized prior to being used
Row and/or column partition is empty. All the data will be used by default.
Row and/or column partition is empty. All the data will be used by default.
Loaded 'modules/grid_compute.ibf' from /usr/local/lib/hyphy/TemplateBatchFiles/SelectionAnalyses/modules/grid_compute.ibf
Variable 'OSZSmrKH.cache' was not initialized prior to being used
Row and/or column partition is empty. All the data will be used by default.
Variable 'COUNT_GAPS_IN_FREQUENCIES' was not initialized prior to being used
Variable 'DrnunZGw.model_pi' was not initialized prior to being used
Model DrnunZGw.model assigned to Odontophorus_gujanensis
Model DrnunZGw.model assigned to Oxyura_jamaicensis
Model DrnunZGw.model assigned to Cygnus_atratus
Model DrnunZGw.model assigned to Anser_cygnoides
Model DrnunZGw.model assigned to Node5
Model DrnunZGw.model assigned to Node3
Model DrnunZGw.model assigned to Aythya_fuligula
Model DrnunZGw.model assigned to Anas_platyrhynchos
Model DrnunZGw.model assigned to Node8
The tips of the tree:DrnunZGw.tree_0 were matched with the species names from the data in the following numeric order (0-based) {0,2,1,3,4,5}

Pseudo-optimal path's cost 188 vs 274 for 1..k=> a 1.45745 x improvement
Partition 0 is ASSUMED to have a reversible model
Variable 'USE_LAST_RESULTS' was not initialized prior to being used
Variable 'DrnunZGw.tree_0.Odontophorus_gujanensis.t' was not initialized prior to being used
models.generic.SetBranchLength: DrnunZGw.tree_0.Odontophorus_gujanensis.t=213.1171201151474
Variable 'DrnunZGw.tree_0.Oxyura_jamaicensis.t' was not initialized prior to being used
models.generic.SetBranchLength: DrnunZGw.tree_0.Oxyura_jamaicensis.t=75.15675662780663
Variable 'DrnunZGw.tree_0.Cygnus_atratus.t' was not initialized prior to being used
models.generic.SetBranchLength: DrnunZGw.tree_0.Cygnus_atratus.t=54.05148715419958
Variable 'DrnunZGw.tree_0.Anser_cygnoides.t' was not initialized prior to being used
models.generic.SetBranchLength: DrnunZGw.tree_0.Anser_cygnoides.t=54.05148715419958
Variable 'DrnunZGw.tree_0.Node5.t' was not initialized prior to being used
models.generic.SetBranchLength: DrnunZGw.tree_0.Node5.t=21.10526947360705
Variable 'DrnunZGw.tree_0.Node3.t' was not initialized prior to being used
models.generic.SetBranchLength: DrnunZGw.tree_0.Node3.t=5.683037013097352
Variable 'DrnunZGw.tree_0.Aythya_fuligula.t' was not initialized prior to being used
models.generic.SetBranchLength: DrnunZGw.tree_0.Aythya_fuligula.t=41.20794471857852
Variable 'DrnunZGw.tree_0.Anas_platyrhynchos.t' was not initialized prior to being used
models.generic.SetBranchLength: DrnunZGw.tree_0.Anas_platyrhynchos.t=41.20794471857852
Variable 'DrnunZGw.tree_0.Node8.t' was not initialized prior to being used
models.generic.SetBranchLength: DrnunZGw.tree_0.Node8.t=39.63184894897997
Variable 'DrnunZGw.DrnunZGw.likelihoodFunction' was not initialized prior to being used
Variable 'SAVE_OPT_STATUS_TO' was not initialized prior to being used
Auto-benchmarked an optimal number (1) of threads.
Set GUI update interval to every 9433-th LF evaluation.
Optimization settings:
	OPTIMIZATION_METHOD = 4
	OPTIMIZATION_PRECISION = 0.001
	MAXIMUM_ITERATIONS_PER_VARIABLE = 5000

Initial parameter values

DrnunZGw.model.theta_CT = 1
DrnunZGw.model.theta_GT = 0.25
DrnunZGw.model.theta_CG = 0.25
DrnunZGw.model.theta_AC = 0.25
DrnunZGw.model.theta_AT = 0.25
DrnunZGw.tree_0.Odontophorus_gujanensis.t = 213.117
DrnunZGw.tree_0.Oxyura_jamaicensis.t = 75.1568
DrnunZGw.tree_0.Cygnus_atratus.t = 54.0515
DrnunZGw.tree_0.Anser_cygnoides.t = 54.0515
DrnunZGw.tree_0.Node5.t = 21.1053
DrnunZGw.tree_0.Node3.t = 5.68304
DrnunZGw.tree_0.Aythya_fuligula.t = 41.2079
DrnunZGw.tree_0.Anas_platyrhynchos.t = 41.2079
DrnunZGw.tree_0.Node8.t = 39.6318
Optimization finished in 21 loop passes.
1190 likelihood evaluation calls and 6048 matrix exponentiations calls were made

Variable 'BRANCH_LENGTH_STENCIL' was not initialized prior to being used
Variable 'DrnunZGw.option' was not initialized prior to being used
Variable 'relax.terms.json.nucleotide_gtr' was not initialized prior to being used
Variable 'Unknown' was not initialized prior to being used
Variable 'iPhOMtXv.initial_value' was not initialized prior to being used
Variable 'QGvjsvyX.data_filter' was not initialized prior to being used
Row and/or column partition is empty. All the data will be used by default.
Auto-benchmarked an optimal number (3) of threads.
Set GUI update interval to every 4629-th LF evaluation.
Optimization settings:
	OPTIMIZATION_METHOD = 4
	OPTIMIZATION_PRECISION = 0.001
	MAXIMUM_ITERATIONS_PER_VARIABLE = 5000

Initial parameter values

frequencies._aux.CF3x4.p0_0 = 0.279676
frequencies._aux.CF3x4.p0_1 = 0.36829
frequencies._aux.CF3x4.p0_2 = 0.640975
frequencies._aux.CF3x4.p1_0 = 0.320144
frequencies._aux.CF3x4.p1_1 = 0.283951
frequencies._aux.CF3x4.p1_2 = 0.413793
frequencies._aux.CF3x4.p2_0 = 0.227818
frequencies._aux.CF3x4.p2_1 = 0.312112
frequencies._aux.CF3x4.p2_2 = 0.503386
Optimization finished in 6 loop passes.
189 likelihood evaluation calls and 0 matrix exponentiations calls were made

Variable 'QGvjsvyX.model_MGREV_pi' was not initialized prior to being used
Model QGvjsvyX.model_MGREV assigned to Odontophorus_gujanensis
Model QGvjsvyX.model_MGREV assigned to Oxyura_jamaicensis
Model QGvjsvyX.model_MGREV assigned to Cygnus_atratus
Model QGvjsvyX.model_MGREV assigned to Anser_cygnoides
Model QGvjsvyX.model_MGREV assigned to Node5
Model QGvjsvyX.model_MGREV assigned to Node3
Model QGvjsvyX.model_MGREV assigned to Aythya_fuligula
Model QGvjsvyX.model_MGREV assigned to Anas_platyrhynchos
Model QGvjsvyX.model_MGREV assigned to Node8
The tips of the tree:QGvjsvyX.tree_0 were matched with the species names from the data in the following numeric order (0-based) {0,2,1,3,4,5}

Pseudo-optimal path's cost 693 vs 901 for 1..k=> a 1.30014 x improvement
Partition 0 is ASSUMED to have a reversible model
Variable 'QGvjsvyX.QGvjsvyX.likelihoodFunction' was not initialized prior to being used
Variable 'QGvjsvyX.tree_0.Odontophorus_gujanensis.alpha' was not initialized prior to being used
Variable 'QGvjsvyX.tree_0.Oxyura_jamaicensis.alpha' was not initialized prior to being used
Variable 'QGvjsvyX.tree_0.Cygnus_atratus.alpha' was not initialized prior to being used
Variable 'QGvjsvyX.tree_0.Anser_cygnoides.alpha' was not initialized prior to being used
Variable 'QGvjsvyX.tree_0.Node5.alpha' was not initialized prior to being used
Variable 'QGvjsvyX.tree_0.Node3.alpha' was not initialized prior to being used
Variable 'QGvjsvyX.tree_0.Aythya_fuligula.alpha' was not initialized prior to being used
Variable 'QGvjsvyX.tree_0.Anas_platyrhynchos.alpha' was not initialized prior to being used
Variable 'QGvjsvyX.tree_0.Node8.alpha' was not initialized prior to being used
Site 1 evaluated to a 0 probability in ComputeTreeBlockByBranch
Site 80 evaluated to a 0 probability in ComputeTreeBlockByBranch
Site 1 evaluated to a 0 probability in ComputeTreeBlockByBranch
Site 73 evaluated to a 0 probability in ComputeTreeBlockByBranch
Site 41 evaluated to a 0 probability in ComputeTreeBlockByBranch
Site 1 evaluated to a 0 probability in ComputeTreeBlockByBranch
Site 67 evaluated to a 0 probability in ComputeTreeBlockByBranch
Site 80 evaluated to a 0 probability in ComputeTreeBlockByBranch
Site 1 evaluated to a 0 probability in ComputeTreeBlockByBranch
Site 37 evaluated to a 0 probability in ComputeTreeBlockByBranch
Site 74 evaluated to a 0 probability in ComputeTreeBlockByBranch
Site 91 evaluated to a 0 probability in ComputeTreeBlockByBranch
Site 1 evaluated to a 0 probability in ComputeTreeBlockByBranch
Site 26 evaluated to a 0 probability in ComputeTreeBlockByBranch
Site 52 evaluated to a 0 probability in ComputeTreeBlockByBranch
Auto-benchmarked an optimal number (4) of threads.
Set GUI update interval to every 1133-th LF evaluation.
Initial guess for QGvjsvyX.tree_0.Node3.alpha is 2.96633e-06
Initial guess for QGvjsvyX.tree_0.Oxyura_jamaicensis.alpha is 0.000184438
Initial guess for QGvjsvyX.tree_0.Node5.alpha is 8.30043e-06
Initial guess for QGvjsvyX.tree_0.Cygnus_atratus.alpha is 2.62062e-05
Initial guess for QGvjsvyX.tree_0.Anser_cygnoides.alpha is 3.82873e-06
Initial guess for QGvjsvyX.tree_0.Node8.alpha is 1.9828e-05
Initial guess for QGvjsvyX.tree_0.Aythya_fuligula.alpha is 1.1507e-05
Initial guess for QGvjsvyX.tree_0.Anas_platyrhynchos.alpha is 6.70179e-06
Optimization settings:
	OPTIMIZATION_METHOD = 4
	OPTIMIZATION_PRECISION = 0.001
	MAXIMUM_ITERATIONS_PER_VARIABLE = 5000

Initial parameter values

QGvjsvyX.model_MGREV.theta_GT = 1
QGvjsvyX.model_MGREV.theta_CT = 1
QGvjsvyX.model_MGREV.theta_AC = 1
QGvjsvyX.model_MGREV.theta_CG = 1
QGvjsvyX.model_MGREV.theta_AT = 1
QGvjsvyX.model_MGREV.omega_0 = 1
QGvjsvyX.tree_0.Odontophorus_gujanensis.alpha = 0.1
QGvjsvyX.tree_0.Oxyura_jamaicensis.alpha = 0.000184438
QGvjsvyX.tree_0.Cygnus_atratus.alpha = 2.62062e-05
QGvjsvyX.tree_0.Anser_cygnoides.alpha = 3.82873e-06
QGvjsvyX.tree_0.Node5.alpha = 8.30043e-06
QGvjsvyX.tree_0.Node3.alpha = 2.96633e-06
QGvjsvyX.tree_0.Aythya_fuligula.alpha = 1.1507e-05
QGvjsvyX.tree_0.Anas_platyrhynchos.alpha = 6.70179e-06
QGvjsvyX.tree_0.Node8.alpha = 1.9828e-05
QGvjsvyX.model_MGREV.omega_1 = 1
Failing bound checks on QGvjsvyX.tree_0.Anser_cygnoides.beta =          10002.0557964974
Optimization finished in 23 loop passes.
1378 likelihood evaluation calls and 7111 matrix exponentiations calls were made

Row and/or column partition is empty. All the data will be used by default.
Auto-benchmarked an optimal number (2) of threads.
Set GUI update interval to every 4310-th LF evaluation.
Optimization settings:
	OPTIMIZATION_METHOD = 4
	OPTIMIZATION_PRECISION = 0.001
	MAXIMUM_ITERATIONS_PER_VARIABLE = 5000

Initial parameter values

frequencies._aux.CF3x4.p0_0 = 0.279676
frequencies._aux.CF3x4.p0_1 = 0.36829
frequencies._aux.CF3x4.p0_2 = 0.640975
frequencies._aux.CF3x4.p1_0 = 0.320144
frequencies._aux.CF3x4.p1_1 = 0.283951
frequencies._aux.CF3x4.p1_2 = 0.413793
frequencies._aux.CF3x4.p2_0 = 0.227818
frequencies._aux.CF3x4.p2_1 = 0.312112
frequencies._aux.CF3x4.p2_2 = 0.503386
Optimization finished in 6 loop passes.
188 likelihood evaluation calls and 0 matrix exponentiations calls were made

Variable 'QGvjsvyX.model_MGREV_pi' was not initialized prior to being used
Model QGvjsvyX.model_MGREV assigned to Odontophorus_gujanensis
Model QGvjsvyX.model_MGREV assigned to Oxyura_jamaicensis
Model QGvjsvyX.model_MGREV assigned to Cygnus_atratus
Model QGvjsvyX.model_MGREV assigned to Anser_cygnoides
Model QGvjsvyX.model_MGREV assigned to Node5
Model QGvjsvyX.model_MGREV assigned to Node3
Model QGvjsvyX.model_MGREV assigned to Aythya_fuligula
Model QGvjsvyX.model_MGREV assigned to Anas_platyrhynchos
Model QGvjsvyX.model_MGREV assigned to Node8
The tips of the tree:QGvjsvyX.tree_0 were matched with the species names from the data in the following numeric order (0-based) {0,2,1,3,4,5}

Pseudo-optimal path's cost 693 vs 901 for 1..k=> a 1.30014 x improvement
Partition 0 is ASSUMED to have a reversible model
Variable 'QGvjsvyX.tree_0.Aythya_fuligula.alpha' was not initialized prior to being used
Variable 'QGvjsvyX.tree_0.Node3.alpha' was not initialized prior to being used
Variable 'QGvjsvyX.tree_0.Anas_platyrhynchos.alpha' was not initialized prior to being used
Variable 'QGvjsvyX.tree_0.Odontophorus_gujanensis.alpha' was not initialized prior to being used
Variable 'QGvjsvyX.tree_0.Node5.alpha' was not initialized prior to being used
Variable 'QGvjsvyX.tree_0.Anser_cygnoides.alpha' was not initialized prior to being used
Variable 'QGvjsvyX.tree_0.Oxyura_jamaicensis.alpha' was not initialized prior to being used
Variable 'QGvjsvyX.tree_0.Cygnus_atratus.alpha' was not initialized prior to being used
Variable 'QGvjsvyX.tree_0.Node8.alpha' was not initialized prior to being used
Site 1 evaluated to a 0 probability in ComputeTreeBlockByBranch
Site 80 evaluated to a 0 probability in ComputeTreeBlockByBranch
Site 1 evaluated to a 0 probability in ComputeTreeBlockByBranch
Site 73 evaluated to a 0 probability in ComputeTreeBlockByBranch
Site 1 evaluated to a 0 probability in ComputeTreeBlockByBranch
Site 41 evaluated to a 0 probability in ComputeTreeBlockByBranch
Site 67 evaluated to a 0 probability in ComputeTreeBlockByBranch
Site 37 evaluated to a 0 probability in ComputeTreeBlockByBranch
Site 80 evaluated to a 0 probability in ComputeTreeBlockByBranch
Site 1 evaluated to a 0 probability in ComputeTreeBlockByBranch
Site 74 evaluated to a 0 probability in ComputeTreeBlockByBranch
Site 91 evaluated to a 0 probability in ComputeTreeBlockByBranch
Site 1 evaluated to a 0 probability in ComputeTreeBlockByBranch
Site 26 evaluated to a 0 probability in ComputeTreeBlockByBranch
Site 52 evaluated to a 0 probability in ComputeTreeBlockByBranch
Site 63 evaluated to a 0 probability in ComputeTreeBlockByBranch
Site 56 evaluated to a 0 probability in ComputeTreeBlockByBranch
Site 1 evaluated to a 0 probability in ComputeTreeBlockByBranch
Site 84 evaluated to a 0 probability in ComputeTreeBlockByBranch
Site 46 evaluated to a 0 probability in ComputeTreeBlockByBranch
Site 94 evaluated to a 0 probability in ComputeTreeBlockByBranch
Auto-benchmarked an optimal number (5) of threads.
Set GUI update interval to every 1222-th LF evaluation.
Initial guess for QGvjsvyX.tree_0.Node3.alpha is 2.96633e-06
Initial guess for QGvjsvyX.tree_0.Oxyura_jamaicensis.alpha is 0.000184438
Initial guess for QGvjsvyX.tree_0.Node5.alpha is 8.30043e-06
Initial guess for QGvjsvyX.tree_0.Cygnus_atratus.alpha is 2.62062e-05
Initial guess for QGvjsvyX.tree_0.Anser_cygnoides.alpha is 3.82873e-06
Initial guess for QGvjsvyX.tree_0.Node8.alpha is 1.9828e-05
Initial guess for QGvjsvyX.tree_0.Aythya_fuligula.alpha is 1.1507e-05
Initial guess for QGvjsvyX.tree_0.Anas_platyrhynchos.alpha is 6.70179e-06
Optimization settings:
	OPTIMIZATION_METHOD = 4
	OPTIMIZATION_PRECISION = 0.001
	MAXIMUM_ITERATIONS_PER_VARIABLE = 5000

Initial parameter values

QGvjsvyX.model_MGREV.theta_CG = 1
QGvjsvyX.model_MGREV.theta_AT = 1
QGvjsvyX.model_MGREV.theta_AC = 1
QGvjsvyX.model_MGREV.theta_CT = 1
QGvjsvyX.model_MGREV.theta_GT = 1
QGvjsvyX.model_MGREV.omega_0 = 1
QGvjsvyX.tree_0.Odontophorus_gujanensis.alpha = 0.1
QGvjsvyX.tree_0.Oxyura_jamaicensis.alpha = 0.000184438
QGvjsvyX.tree_0.Cygnus_atratus.alpha = 2.62062e-05
QGvjsvyX.tree_0.Anser_cygnoides.alpha = 3.82873e-06
QGvjsvyX.tree_0.Node5.alpha = 8.30043e-06
QGvjsvyX.tree_0.Node3.alpha = 2.96633e-06
QGvjsvyX.tree_0.Aythya_fuligula.alpha = 1.1507e-05
QGvjsvyX.tree_0.Anas_platyrhynchos.alpha = 6.70179e-06
QGvjsvyX.tree_0.Node8.alpha = 1.9828e-05
QGvjsvyX.model_MGREV.omega_1 = 1
Failing bound checks on QGvjsvyX.tree_0.Anser_cygnoides.beta =          10002.0557964974
Optimization finished in 22 loop passes.
1437 likelihood evaluation calls and 6894 matrix exponentiations calls were made

Overwritten previously defined function:'VvlQ_BBY.rate_generator'
Overwritten previously defined function:'VvlQ_BBY.rate_generator'
Auto-benchmarked an optimal number (2) of threads.
Set GUI update interval to every 4310-th LF evaluation.
Optimization settings:
	OPTIMIZATION_METHOD = 4
	OPTIMIZATION_PRECISION = 0.001
	MAXIMUM_ITERATIONS_PER_VARIABLE = 5000

Initial parameter values

frequencies._aux.CF3x4.p0_0 = 0.279676
frequencies._aux.CF3x4.p0_1 = 0.36829
frequencies._aux.CF3x4.p0_2 = 0.640975
frequencies._aux.CF3x4.p1_0 = 0.320144
frequencies._aux.CF3x4.p1_1 = 0.283951
frequencies._aux.CF3x4.p1_2 = 0.413793
frequencies._aux.CF3x4.p2_0 = 0.227818
frequencies._aux.CF3x4.p2_1 = 0.312112
frequencies._aux.CF3x4.p2_2 = 0.503386
Optimization finished in 6 loop passes.
188 likelihood evaluation calls and 0 matrix exponentiations calls were made

Variable 'relax.test_pi' was not initialized prior to being used
Overwritten previously defined function:'VvlQ_BBY.rate_generator'
Overwritten previously defined function:'VvlQ_BBY.rate_generator'
Overwritten previously defined function:'VvlQ_BBY.rate_generator'
Auto-benchmarked an optimal number (3) of threads.
Set GUI update interval to every 4587-th LF evaluation.
Optimization settings:
	OPTIMIZATION_METHOD = 4
	OPTIMIZATION_PRECISION = 0.001
	MAXIMUM_ITERATIONS_PER_VARIABLE = 5000

Initial parameter values

frequencies._aux.CF3x4.p0_0 = 0.279676
frequencies._aux.CF3x4.p0_1 = 0.36829
frequencies._aux.CF3x4.p0_2 = 0.640975
frequencies._aux.CF3x4.p1_0 = 0.320144
frequencies._aux.CF3x4.p1_1 = 0.283951
frequencies._aux.CF3x4.p1_2 = 0.413793
frequencies._aux.CF3x4.p2_0 = 0.227818
frequencies._aux.CF3x4.p2_1 = 0.312112
frequencies._aux.CF3x4.p2_2 = 0.503386
Optimization finished in 6 loop passes.
189 likelihood evaluation calls and 0 matrix exponentiations calls were made

Variable 'relax.reference_pi' was not initialized prior to being used
No nodel was assigned to Odontophorus_gujanensis
No nodel was assigned to Oxyura_jamaicensis
No nodel was assigned to Cygnus_atratus
No nodel was assigned to Anser_cygnoides
No nodel was assigned to Node5
No nodel was assigned to Node3
No nodel was assigned to Aythya_fuligula
No nodel was assigned to Anas_platyrhynchos
No nodel was assigned to Node8
The tips of the tree:SpVvSnRg.tree_id_0 were matched with the species names from the data in the following numeric order (0-based) {0,2,1,3,4,5}

Pseudo-optimal path's cost 693 vs 901 for 1..k=> a 1.30014 x improvement
Partition 0 is ASSUMED to have a reversible model
relax.reference.theta_AC was already constrained in estimators.SetGlobals2
relax.reference.theta_AG was already constrained in estimators.SetGlobals2
relax.reference.theta_AT was already constrained in estimators.SetGlobals2
relax.reference.theta_CG was already constrained in estimators.SetGlobals2
relax.reference.theta_CT was already constrained in estimators.SetGlobals2
relax.reference.theta_GT was already constrained in estimators.SetGlobals2
relax.test.theta_AG was already constrained in estimators.SetGlobals2
Variable 'SpVvSnRg.tree_id_0.Odontophorus_gujanensis.t' was not initialized prior to being used
models.generic.SetBranchLength: SpVvSnRg.tree_id_0.Odontophorus_gujanensis.t=1.342361901526542
Variable 'SpVvSnRg.tree_id_0.Oxyura_jamaicensis.t' was not initialized prior to being used
models.generic.SetBranchLength: SpVvSnRg.tree_id_0.Oxyura_jamaicensis.t=0.1737861718137075
Variable 'SpVvSnRg.tree_id_0.Cygnus_atratus.t' was not initialized prior to being used
models.generic.SetBranchLength: SpVvSnRg.tree_id_0.Cygnus_atratus.t=0.02335567916224098
Variable 'SpVvSnRg.tree_id_0.Anser_cygnoides.t' was not initialized prior to being used
models.generic.SetBranchLength: SpVvSnRg.tree_id_0.Anser_cygnoides.t=0.07069918541225066
Variable 'SpVvSnRg.tree_id_0.Node5.t' was not initialized prior to being used
models.generic.SetBranchLength: SpVvSnRg.tree_id_0.Node5.t=0.0403516398504675
Variable 'SpVvSnRg.tree_id_0.Node3.t' was not initialized prior to being used
models.generic.SetBranchLength: SpVvSnRg.tree_id_0.Node3.t=0.04382760636295783
Variable 'SpVvSnRg.tree_id_0.Aythya_fuligula.t' was not initialized prior to being used
models.generic.SetBranchLength: SpVvSnRg.tree_id_0.Aythya_fuligula.t=0.04607830166086841
Variable 'SpVvSnRg.tree_id_0.Anas_platyrhynchos.t' was not initialized prior to being used
models.generic.SetBranchLength: SpVvSnRg.tree_id_0.Anas_platyrhynchos.t=0.07193496742953377
Variable 'SpVvSnRg.tree_id_0.Node8.t' was not initialized prior to being used
models.generic.SetBranchLength: SpVvSnRg.tree_id_0.Node8.t=0.1089151303508012
Variable 'SpVvSnRg.SpVvSnRg.likelihoodFunction' was not initialized prior to being used
Auto-benchmarked an optimal number (5) of threads.
Set GUI update interval to every 111-th LF evaluation.
Optimization settings:
	OPTIMIZATION_METHOD = 4
	OPTIMIZATION_PRECISION = 0.001
	MAXIMUM_ITERATIONS_PER_VARIABLE = 5000

Initial parameter values

relax.reference.omega3 = 7.27482
relax.reference.omega2 = 0.4601
relax.reference.bsrel_mixture_aux_0 = 0.45
relax.test.theta_GT = 0.27525
relax.reference.omega1 = 0.145496
relax.reference.bsrel_mixture_aux_1 = 0.818182
relax.test.theta_CT = 0.734495
relax.test.theta_AC = 0.183607
relax.test.theta_AT = 0.209345
relax.test.theta_CG = 0.161341
relax.K = 1
SpVvSnRg.tree_id_0.Odontophorus_gujanensis.t = 1.34236
SpVvSnRg.tree_id_0.Oxyura_jamaicensis.t = 0.173786
SpVvSnRg.tree_id_0.Cygnus_atratus.t = 0.0233557
SpVvSnRg.tree_id_0.Anser_cygnoides.t = 0.0706992
SpVvSnRg.tree_id_0.Node5.t = 0.0403516
SpVvSnRg.tree_id_0.Node3.t = 0.0438276
SpVvSnRg.tree_id_0.Aythya_fuligula.t = 0.0460783
SpVvSnRg.tree_id_0.Anas_platyrhynchos.t = 0.071935
SpVvSnRg.tree_id_0.Node8.t = 0.108915
Optimization finished in 30 loop passes.
2641 likelihood evaluation calls and 50175 matrix exponentiations calls were made

Variable 'MPI_NODE_COUNT' was not initialized prior to being used
No nodel was assigned to Odontophorus_gujanensis
No nodel was assigned to Oxyura_jamaicensis
No nodel was assigned to Cygnus_atratus
No nodel was assigned to Anser_cygnoides
No nodel was assigned to Node5
No nodel was assigned to Node3
No nodel was assigned to Aythya_fuligula
No nodel was assigned to Anas_platyrhynchos
No nodel was assigned to Node8
Likelihood function cleared because partition index '0' points to invalid components
The tips of the tree:SpVvSnRg.tree_id_0 were matched with the species names from the data in the following numeric order (0-based) {0,2,1,3,4,5}

Pseudo-optimal path's cost 693 vs 901 for 1..k=> a 1.30014 x improvement
Partition 0 is ASSUMED to have a reversible model
relax.reference.theta_AC was already constrained in estimators.SetGlobals2
relax.reference.theta_AG was already constrained in estimators.SetGlobals2
relax.reference.theta_AT was already constrained in estimators.SetGlobals2
relax.reference.theta_CG was already constrained in estimators.SetGlobals2
relax.reference.theta_CT was already constrained in estimators.SetGlobals2
relax.reference.theta_GT was already constrained in estimators.SetGlobals2
relax.test.bsrel_mixture_aux_0 was already constrained in estimators.SetGlobals2
relax.test.bsrel_mixture_aux_1 was already constrained in estimators.SetGlobals2
relax.test.theta_AG was already constrained in estimators.SetGlobals2
relax.test.omega1 was already constrained in estimators.SetGlobals2
relax.test.omega2 was already constrained in estimators.SetGlobals2
relax.test.omega3 was already constrained in estimators.SetGlobals2
Variable 'SpVvSnRg.tree_id_0.Odontophorus_gujanensis.t' was not initialized prior to being used
models.generic.SetBranchLength: SpVvSnRg.tree_id_0.Odontophorus_gujanensis.t=2.691208224673781
Variable 'SpVvSnRg.tree_id_0.Oxyura_jamaicensis.t' was not initialized prior to being used
models.generic.SetBranchLength: SpVvSnRg.tree_id_0.Oxyura_jamaicensis.t=0.3485976037377541
Variable 'SpVvSnRg.tree_id_0.Cygnus_atratus.t' was not initialized prior to being used
models.generic.SetBranchLength: SpVvSnRg.tree_id_0.Cygnus_atratus.t=0.04369609998297783
Variable 'SpVvSnRg.tree_id_0.Anser_cygnoides.t' was not initialized prior to being used
models.generic.SetBranchLength: SpVvSnRg.tree_id_0.Anser_cygnoides.t=0.123872662448496
Variable 'SpVvSnRg.tree_id_0.Node5.t' was not initialized prior to being used
models.generic.SetBranchLength: SpVvSnRg.tree_id_0.Node5.t=0.07969476033784111
Variable 'SpVvSnRg.tree_id_0.Node3.t' was not initialized prior to being used
models.generic.SetBranchLength: SpVvSnRg.tree_id_0.Node3.t=0.08065431508368863
Variable 'SpVvSnRg.tree_id_0.Aythya_fuligula.t' was not initialized prior to being used
models.generic.SetBranchLength: SpVvSnRg.tree_id_0.Aythya_fuligula.t=0.08434744863900988
Variable 'SpVvSnRg.tree_id_0.Anas_platyrhynchos.t' was not initialized prior to being used
models.generic.SetBranchLength: SpVvSnRg.tree_id_0.Anas_platyrhynchos.t=0.1317320333780254
Variable 'SpVvSnRg.tree_id_0.Node8.t' was not initialized prior to being used
models.generic.SetBranchLength: SpVvSnRg.tree_id_0.Node8.t=0.2089178768607763
Auto-benchmarked an optimal number (5) of threads.
Set GUI update interval to every 94-th LF evaluation.
Optimization settings:
	OPTIMIZATION_METHOD = 4
	OPTIMIZATION_PRECISION = 0.001
	MAXIMUM_ITERATIONS_PER_VARIABLE = 5000

Initial parameter values

relax.reference.omega3 = 15.1837
relax.reference.omega2 = 0.297716
relax.reference.bsrel_mixture_aux_0 = 0.684311
relax.test.theta_GT = 0.280447
relax.reference.omega1 = 0.247646
relax.reference.bsrel_mixture_aux_1 = 0.971944
relax.test.theta_CT = 0.703792
relax.test.theta_AC = 0.146127
relax.test.theta_AT = 0.173749
relax.test.theta_CG = 0.157457
relax.K = 1
SpVvSnRg.tree_id_0.Odontophorus_gujanensis.t = 2.69121
SpVvSnRg.tree_id_0.Oxyura_jamaicensis.t = 0.348598
SpVvSnRg.tree_id_0.Cygnus_atratus.t = 0.0436961
SpVvSnRg.tree_id_0.Anser_cygnoides.t = 0.123873
SpVvSnRg.tree_id_0.Node5.t = 0.0796948
SpVvSnRg.tree_id_0.Node3.t = 0.0806543
SpVvSnRg.tree_id_0.Aythya_fuligula.t = 0.0843474
SpVvSnRg.tree_id_0.Anas_platyrhynchos.t = 0.131732
SpVvSnRg.tree_id_0.Node8.t = 0.208918
Optimization finished in 24 loop passes.
1964 likelihood evaluation calls and 36993 matrix exponentiations calls were made

Variable 'bKzbYeHj.SpVvSnRg.likelihoodFunction' was not initialized prior to being used
Auto-benchmarked an optimal number (5) of threads.
Set GUI update interval to every 113-th LF evaluation.
Optimization settings:
	OPTIMIZATION_METHOD = 4
	OPTIMIZATION_PRECISION = 0.001
	MAXIMUM_ITERATIONS_PER_VARIABLE = 5000

Initial parameter values

relax.reference.omega3 = 15.7366
relax.reference.omega2 = 0.468493
relax.reference.bsrel_mixture_aux_0 = 0.754286
relax.test.theta_GT = 0.281043
relax.reference.omega1 = 0.240361
relax.reference.bsrel_mixture_aux_1 = 0.966687
relax.test.theta_CT = 0.703905
relax.test.theta_AC = 0.141357
relax.test.theta_AT = 0.17108
relax.test.theta_CG = 0.157448
SpVvSnRg.tree_id_0.Odontophorus_gujanensis.t = 0.896355
SpVvSnRg.tree_id_0.Oxyura_jamaicensis.t = 0.111723
SpVvSnRg.tree_id_0.Cygnus_atratus.t = 0.0141061
SpVvSnRg.tree_id_0.Anser_cygnoides.t = 0.0403399
SpVvSnRg.tree_id_0.Node5.t = 0.0258827
SpVvSnRg.tree_id_0.Node3.t = 0.0261417
SpVvSnRg.tree_id_0.Aythya_fuligula.t = 0.0273026
SpVvSnRg.tree_id_0.Anas_platyrhynchos.t = 0.042736
SpVvSnRg.tree_id_0.Node8.t = 0.067059
Optimization finished in 3 loop passes.
245 likelihood evaluation calls and 5061 matrix exponentiations calls were made

Variable 'USE_JSON_FOR_MATRIX' was not initialized prior to being used