Pygoscelis_adeliae	Phalacrocorax_carbo	Phaethon_lepturus	Pelecanus_crispus	Nipponia_nippon	Haliaeetus_leucocephalus	Gavia_stellata	Fulmarus_glacialis	Falco_peregrinus	Falco_cherrug	Egretta_garzetta	Charadrius_vociferus	Calidris_pugnax	Buteo_japonicus	Aquila_chrysaetos_chrysaetos	Aptenodytes_forsteri	
0.00065647	2.3401e-05	1.6402e-05	0.00080137	0.0027403	0.00064572	0.00016284	0.00012836	0.01	0.01	0.00010355	2.4636e-05	0.00012914	0.00028579	0.00016396	0.0018417	
0.00064977	2.1549e-05	1.5768e-05	0.00080063	0.002715	0.00064346	0.00016199	0.00012357	0.01	0.01	0.0001004	2.4056e-05	0.00012695	0.00028346	0.00016242	0.0018337	
0.00064321	1.9828e-05	1.518e-05	0.00080005	0.0026909	0.00064122	0.00016125	0.00011906	0.01	0.01	9.7412e-05	2.3516e-05	0.00012521	0.00028117	0.00016092	0.0018259	
0.00063661	1.8073e-05	1.458e-05	0.00079942	0.0026665	0.00063897	0.00016048	0.00011447	0.01	0.01	9.4382e-05	2.2967e-05	0.00012337	0.00027887	0.00015942	0.001818	
0.00062996	1.6288e-05	1.397e-05	0.00079877	0.0026417	0.00063671	0.00015969	0.00010983	0.01	0.01	9.1314e-05	2.2407e-05	0.00012143	0.00027656	0.0001579	0.00181	
0.00062329	1.4474e-05	1.335e-05	0.00079808	0.0026167	0.00063445	0.00015888	0.00010511	0.01	0.01	8.8206e-05	2.1839e-05	0.00011939	0.00027424	0.00015637	0.001802	
0.00061675	1.2793e-05	1.2776e-05	0.00079754	0.002593	0.00063221	0.00015818	0.00010069	0.01	0.01	8.527e-05	2.1312e-05	0.00011779	0.00027195	0.00015489	0.0017942	
0.00061018	1.1079e-05	1.2191e-05	0.00079697	0.0025688	0.00062996	0.00015745	9.6192e-05	0.01	0.01	8.2291e-05	2.0776e-05	0.00011609	0.00026965	0.00015339	0.0017863	
0.00060357	9.3368e-06	1.1596e-05	0.00079637	0.0025445	0.0006277	0.00015669	9.1632e-05	0.01	0.01	7.9274e-05	2.023e-05	0.00011431	0.00026734	0.00015189	0.0017784	
0.00059709	7.7149e-06	1.1043e-05	0.00079591	0.0025212	0.00062547	0.00015604	8.7336e-05	0.01	0.01	7.6415e-05	1.9722e-05	0.0001129	0.00026507	0.00015042	0.0017707	
0.00059075	6.205e-06	1.053e-05	0.00078911	0.002499	0.00062325	0.00015549	8.3289e-05	0.01	0.01	7.3708e-05	1.9251e-05	0.00011182	0.00026283	0.00014901	0.001763	
0.00058437	4.6692e-06	1.0008e-05	0.00078223	0.0024766	0.00062103	0.00015491	7.9183e-05	0.01	0.01	7.0964e-05	1.8771e-05	0.00011067	0.00026058	0.00014758	0.0017554	
0.00057813	3.2392e-06	9.524e-06	0.00077578	0.0024552	0.00061883	0.00015442	7.5316e-05	0.01	0.01	6.8366e-05	1.8325e-05	0.0001098	0.00025837	0.00014619	0.0017479	
0.00057184	3.1288e-06	9.0309e-06	0.00076925	0.0024336	0.00061662	0.00015391	7.1392e-05	0.01	0.01	6.5732e-05	1.7871e-05	0.00010888	0.00025614	0.0001448	0.0017403	
0.00056569	3.0284e-06	8.5732e-06	0.00076312	0.002413	0.00061443	0.00015349	6.7695e-05	0.01	0.01	6.3238e-05	1.745e-05	0.00010822	0.00025395	0.00014344	0.0017329	
0.00055968	2.9382e-06	8.1501e-06	0.0007574	0.0023934	0.00061226	0.00015317	6.4223e-05	0.01	0.01	6.0882e-05	1.706e-05	0.0001078	0.00025179	0.00014213	0.0017257	
0.00055379	2.8574e-06	7.7592e-06	0.00075206	0.0023748	0.00061012	0.00015293	6.0962e-05	0.01	0.01	5.8656e-05	1.6701e-05	0.00010762	0.00024967	0.00014086	0.0017186	
0.00054787	2.7698e-06	7.3599e-06	0.00074664	0.002356	0.00060796	0.00015267	5.7645e-05	0.01	0.01	5.6396e-05	1.6333e-05	0.00010738	0.00024753	0.00013958	0.0017115	
0.00054207	2.6913e-06	6.9907e-06	0.00074158	0.0023382	0.00060583	0.00015249	5.4529e-05	0.01	0.01	5.4262e-05	1.5994e-05	0.00010423	0.00024543	0.00013834	0.0017045	
0.00053641	2.6214e-06	6.6496e-06	0.00073686	0.0023213	0.00060372	0.00015239	5.1601e-05	0.01	0.01	5.2245e-05	1.5682e-05	0.0001017	0.00024336	0.00013714	0.0016976	
0.00053087	2.5597e-06	6.3343e-06	0.00073247	0.0023053	0.00060163	0.00015237	4.8851e-05	0.01	0.01	5.0341e-05	1.5395e-05	9.9676e-05	0.00024133	0.00013598	0.0016909	
0.00052545	2.5059e-06	6.0432e-06	0.00072838	0.0022902	0.00059956	0.00015243	4.6267e-05	0.01	0.01	4.8543e-05	1.513e-05	9.8076e-05	0.00023932	0.00013486	0.0016844	
0.00052	2.4459e-06	5.7461e-06	0.00072424	0.0022749	0.00059749	0.00015247	4.3642e-05	0.01	0.01	4.6719e-05	1.486e-05	9.6395e-05	0.00023731	0.00013373	0.0016778	
0.00051467	2.3929e-06	5.4705e-06	0.00072037	0.0022604	0.00059543	0.00015259	4.1167e-05	0.01	0.01	4.499e-05	1.4612e-05	9.5064e-05	0.00023533	0.00013263	0.0016714	
0.00050929	2.3334e-06	5.1884e-06	0.00071643	0.0022457	0.00059336	0.00015269	4.1681e-05	0.01	0.01	4.3233e-05	1.4357e-05	9.3649e-05	0.00023334	0.00013153	0.0016649	
0.00050388	2.2677e-06	4.9007e-06	0.00071244	0.0022307	0.00059129	0.00015277	4.2174e-05	0.01	0.01	4.145e-05	1.4096e-05	9.216e-05	0.00023134	0.00013041	0.0016583	
0.00049859	2.2095e-06	4.6346e-06	0.00070874	0.0022166	0.00058924	0.00015294	4.2723e-05	0.01	0.01	3.9766e-05	1.3857e-05	9.1007e-05	0.00022937	0.00012933	0.0016519	
0.00049327	2.1447e-06	4.3624e-06	0.00070497	0.0022023	0.00058718	0.00015308	4.3247e-05	0.01	0.01	3.8053e-05	1.3612e-05	8.9777e-05	0.00022738	0.00012824	0.0016455	
0.00048791	2.0739e-06	4.0847e-06	0.00070114	0.0021878	0.00058511	0.0001532	4.3749e-05	0.01	0.01	3.6315e-05	1.3361e-05	8.8478e-05	0.00022539	0.00012714	0.001639	
0.00048267	2.0102e-06	3.8276e-06	0.00069759	0.0021741	0.00058307	0.00015341	4.4308e-05	0.01	0.01	3.4672e-05	1.3132e-05	8.7486e-05	0.00022343	0.00012608	0.0016327	
0.00047754	1.9532e-06	3.5898e-06	0.0006943	0.0021612	0.00058104	0.0001537	4.4927e-05	0.01	0.01	3.3119e-05	1.2921e-05	8.6757e-05	0.00022151	0.00012505	0.0016265	
0.00047253	1.9027e-06	3.3697e-06	0.00069125	0.0021491	0.00057904	0.00015407	4.5608e-05	0.01	0.01	3.1652e-05	1.2729e-05	8.6263e-05	0.00021961	0.00012406	0.0016204	
0.00046762	1.8579e-06	3.1653e-06	0.00068841	0.0021377	0.00057705	0.00015453	4.635e-05	0.01	0.01	3.0261e-05	1.2554e-05	8.5971e-05	0.00021774	0.0001231	0.0016145	
0.00046268	1.8068e-06	2.9558e-06	0.00068553	0.0021261	0.00057506	0.00015497	4.7065e-05	0.01	0.01	2.8845e-05	1.2373e-05	8.5627e-05	0.00021586	0.00012213	0.0016085	
0.0004577	1.7495e-06	2.7411e-06	0.00068259	0.0021143	0.00057305	0.00015539	4.7754e-05	0.01	0.01	2.7404e-05	1.2187e-05	8.5228e-05	0.00021397	0.00012115	0.0016025	
0.00045269	1.6863e-06	2.5216e-06	0.00067961	0.0021022	0.00057104	0.00015578	4.8419e-05	0.01	0.01	2.5941e-05	1.1997e-05	8.4782e-05	0.00021207	0.00012016	0.0015964	
0.00044778	1.6287e-06	2.3176e-06	0.00067685	0.002091	0.00056905	0.00015462	4.9146e-05	0.01	0.01	2.4553e-05	1.1822e-05	8.1254e-05	0.0002102	0.0001192	0.0015905	
0.00044284	1.5649e-06	2.1084e-06	0.00067403	0.0020794	0.00056706	0.00015342	4.9847e-05	0.01	0.01	2.314e-05	1.1643e-05	7.764e-05	0.00020832	0.00011823	0.0015845	
0.000438	1.5064e-06	1.9136e-06	0.00067142	0.0020686	0.00056508	0.00015235	5.0611e-05	0.01	0.01	2.18e-05	1.1479e-05	7.4683e-05	0.00020646	0.0001173	0.0015787	
0.00043326	1.4528e-06	1.7322e-06	0.00066901	0.0020585	0.00056312	0.00015141	5.1441e-05	0.01	0.01	2.0528e-05	1.133e-05	7.2271e-05	0.00020464	0.00011639	0.001573	
0.00042862	1.404e-06	1.5632e-06	0.00066679	0.0020491	0.00056117	0.00015057	5.2341e-05	0.01	0.01	1.932e-05	1.1194e-05	7.0312e-05	0.00020284	0.00011551	0.0015674	
0.00042408	1.3596e-06	1.4056e-06	0.00066475	0.0020403	0.00055925	0.00014984	5.3314e-05	0.01	0.01	1.8174e-05	1.1072e-05	6.8731e-05	0.00020107	0.00011467	0.0015619	
0.00041951	1.3096e-06	1.2442e-06	0.00066267	0.0020313	0.00055732	0.00014909	5.4259e-05	0.01	0.01	1.7008e-05	1.0947e-05	6.7073e-05	0.00019928	0.00011381	0.0015564	
0.00041504	1.2642e-06	1.0943e-06	0.00066078	0.002023	0.00055541	0.00014843	5.5285e-05	0.01	0.01	1.5904e-05	1.0834e-05	6.5761e-05	0.00019753	0.00011299	0.0015511	
0.00041066	1.2227e-06	9.5419e-07	0.00065905	0.0020153	0.00055351	0.00014788	5.6389e-05	0.01	0.01	1.4855e-05	1.0734e-05	6.4727e-05	0.00019581	0.00011219	0.0015458	
0.00040625	1.1755e-06	8.1026e-07	0.00065728	0.0020075	0.00055161	0.0001473	5.7463e-05	0.01	0.01	1.3786e-05	1.063e-05	6.3625e-05	0.00019407	0.00011139	0.0015405	
0.00040181	1.1224e-06	6.6241e-07	0.00065547	0.0019994	0.0005497	0.00014669	5.8507e-05	0.01	0.01	1.2697e-05	1.0522e-05	6.2453e-05	0.00019232	0.00011057	0.0015352	
0.00039733	1.0634e-06	5.1061e-07	0.00065362	0.0019912	0.00054779	0.00014606	5.9521e-05	0.01	0.01	1.1587e-05	1.0409e-05	6.1209e-05	0.00019056	0.00010975	0.0015298	
0.00039295	1.0088e-06	3.6904e-07	0.00065195	0.0019835	0.00054589	0.00014553	6.0619e-05	0.01	0.01	1.0535e-05	1.0309e-05	6.0242e-05	0.00018884	0.00010896	0.0015245	
0.00038854	9.4857e-07	2.2401e-07	0.00065023	0.0019758	0.00054399	0.00014498	6.169e-05	0.01	0.01	9.4648e-06	1.0205e-05	5.9219e-05	0.0001871	0.00010815	0.0015192	
0.00038422	8.9199e-07	8.8009e-08	0.00064868	0.0019686	0.0005421	0.00014451	6.2844e-05	0.01	0.01	8.4461e-06	1.0113e-05	5.8429e-05	0.00018538	0.00010738	0.0015141	
0.00037987	8.2965e-07	7.7177e-08	0.00064709	0.0019612	0.00054021	0.00014403	6.3966e-05	0.01	0.01	7.408e-06	1.0017e-05	5.758e-05	0.00018366	0.00010659	0.0015089	
0.00037561	7.7072e-07	6.6279e-08	0.00064565	0.0019545	0.00053833	0.00014362	6.5175e-05	0.01	0.01	6.4194e-06	9.9318e-06	5.694e-05	0.00018196	0.00010583	0.0015038	
0.00037144	7.1488e-07	5.5258e-08	0.00064437	0.0019483	0.00053647	0.0001433	6.6476e-05	0.01	0.01	5.4776e-06	9.858e-06	5.6485e-05	0.00018029	0.0001051	0.0014988	
0.00036724	6.5362e-07	4.2584e-08	0.00064305	0.001942	0.00053461	0.00014296	6.7746e-05	0.01	0.01	4.5189e-06	9.7806e-06	5.5987e-05	0.00017861	0.00010436	0.0014938	
0.00036313	5.956e-07	2.9807e-08	0.00064188	0.0019363	0.00053276	0.0001427	6.9117e-05	0.01	0.01	3.6079e-06	9.7147e-06	5.567e-05	0.00017696	0.00010365	0.0014889	
0.00035899	5.3193e-07	1.5337e-08	0.00064068	0.0019304	0.0005309	0.00014242	7.0453e-05	0.01	0.01	2.6783e-06	9.6446e-06	5.5306e-05	0.00017529	0.00010293	0.001484	
0.00035481	4.6275e-07	1.9249e-08	0.00063944	0.0019242	0.00052904	0.00014213	7.1756e-05	0.01	0.01	2.6624e-06	9.5708e-06	5.4897e-05	0.00017362	0.0001022	0.001479	
0.00035061	3.8782e-07	2.1608e-08	0.00063817	0.0019179	0.00052717	0.0001418	7.3023e-05	0.01	0.01	2.6371e-06	9.4926e-06	5.4438e-05	0.00017193	0.00010146	0.001474	
0.00034636	3.0713e-07	2.2415e-08	0.00063685	0.0019114	0.00052529	0.00014146	7.4254e-05	0.01	0.01	2.6025e-06	9.4102e-06	5.3927e-05	0.00017024	0.00010071	0.0014689	
0.00034208	3.602e-07	2.1691e-08	0.0006355	0.0019046	0.00052343	0.0001411	7.5454e-05	0.01	0.01	2.5588e-06	9.324e-06	5.3369e-05	0.00016857	9.9992e-05	0.0014638	
0.00033777	4.0793e-07	1.942e-08	0.00063411	0.0018977	0.00052157	0.00014071	7.662e-05	0.01	0.01	2.5058e-06	9.2335e-06	5.2758e-05	0.00016689	9.926e-05	0.0014587	
0.00033343	4.5037e-07	1.5604e-08	0.00063268	0.0018906	0.00051969	0.00014031	7.7752e-05	0.01	0.01	2.4435e-06	9.1388e-06	5.2094e-05	0.0001652	9.8518e-05	0.0014535	
0.00032905	4.8752e-07	3.0752e-08	0.00063122	0.0018832	0.00051781	0.00013988	7.8851e-05	0.01	0.01	2.372e-06	9.04e-06	5.1374e-05	0.0001635	9.7767e-05	0.0014482	
0.00032463	5.1943e-07	4.4209e-08	0.00062971	0.0018757	0.00051592	0.00013942	7.9917e-05	0.01	0.01	2.2913e-06	8.9369e-06	5.06e-05	0.00016179	9.7007e-05	0.001443	
0.00032018	5.4612e-07	5.598e-08	0.00062817	0.0018679	0.00051402	0.00013895	8.0951e-05	0.01	0.01	2.2014e-06	8.8297e-06	4.9768e-05	0.00016007	9.6237e-05	0.0014377	
0.00031583	5.7428e-07	6.7666e-08	0.00062679	0.0018608	0.00051214	0.00013856	8.208e-05	0.01	0.01	2.1154e-06	8.7344e-06	4.9147e-05	0.00015837	9.5495e-05	0.0014325	
0.00031156	6.0379e-07	7.9263e-08	0.00062555	0.0018543	0.00051028	0.00013826	8.3302e-05	0.01	0.01	2.0327e-06	8.6499e-06	4.8698e-05	0.0001567	9.4778e-05	0.0014274	
0.00030727	6.2803e-07	8.9152e-08	0.00062427	0.0018476	0.00050841	0.00013793	8.449e-05	0.01	0.01	1.9409e-06	8.5614e-06	4.8205e-05	0.00015502	9.4053e-05	0.0014223	
0.00030294	6.4716e-07	9.7376e-08	0.00062297	0.0018407	0.00050653	0.00013758	8.5648e-05	0.01	0.01	1.8403e-06	8.4693e-06	4.767e-05	0.00015334	9.3319e-05	0.0014171	
0.0002987	6.6802e-07	1.0562e-07	0.00062181	0.0018344	0.00050467	0.00013732	8.6908e-05	0.01	0.01	1.7433e-06	8.3884e-06	4.7307e-05	0.00015167	9.2612e-05	0.0014121	
0.00029455	6.9041e-07	1.1385e-07	0.0006208	0.0018287	0.00050283	0.00013713	8.8269e-05	0.01	0.01	1.6491e-06	8.3176e-06	4.7092e-05	0.00015003	9.193e-05	0.0014072	
0.00029037	7.0767e-07	1.204e-07	0.00061975	0.0018229	0.00050098	0.00013692	8.9597e-05	0.01	0.01	1.5461e-06	8.2433e-06	4.6842e-05	0.00014839	9.124e-05	0.0014022	
0.00028615	7.1961e-07	1.2522e-07	0.00061867	0.0018168	0.00049912	0.00013669	9.0891e-05	0.01	0.01	1.877e-06	8.1652e-06	4.655e-05	0.00014673	9.054e-05	0.0013972	
0.00028202	7.3315e-07	1.3006e-07	0.00061773	0.0018113	0.00049728	0.00013654	9.2288e-05	0.01	0.01	2.2207e-06	8.097e-06	4.6401e-05	0.00014509	8.9865e-05	0.0013923	
0.00027786	7.4136e-07	1.3317e-07	0.00061675	0.0018055	0.00049544	0.00013636	9.3648e-05	0.01	0.01	2.5532e-06	8.025e-06	4.6213e-05	0.00014345	8.9182e-05	0.0013874	
0.00027378	7.5151e-07	1.3637e-07	0.00061591	0.0018004	0.00049361	0.00013627	9.5122e-05	0.01	0.01	2.9003e-06	7.9633e-06	4.6171e-05	0.00014183	8.8524e-05	0.0013826	
0.00026979	7.6335e-07	1.3963e-07	0.00061521	0.0017959	0.0004918	0.00013624	9.6709e-05	0.01	0.01	3.2622e-06	7.9109e-06	4.6264e-05	0.00014024	8.7889e-05	0.0013779	
0.00026576	7.6984e-07	1.4114e-07	0.00061447	0.0017911	0.00048998	0.0001362	9.8257e-05	0.01	0.01	3.6123e-06	7.8548e-06	4.6319e-05	0.00013863	8.7246e-05	0.0013732	
0.00026181	7.7808e-07	1.4272e-07	0.00061385	0.0017869	0.00048818	0.00013622	9.9922e-05	0.01	0.01	3.9779e-06	7.8079e-06	4.6512e-05	0.00013705	8.6626e-05	0.0013686	
0.00025795	7.8843e-07	1.4444e-07	0.00061337	0.0017833	0.00048639	0.00013633	0.00010172	0.01	0.01	4.3614e-06	7.7705e-06	4.686e-05	0.00013549	8.603e-05	0.0013641	
0.00025416	8.0066e-07	1.4624e-07	0.00061302	0.0017802	0.00048462	0.00013474	0.00010364	0.01	0.01	4.7626e-06	7.3277e-06	4.7371e-05	0.00013395	8.5457e-05	0.0013597	
0.00025046	8.1516e-07	1.4822e-07	0.0006128	0.0017777	0.00048287	0.00013332	0.00010571	0.01	0.01	5.1843e-06	6.9165e-06	4.6611e-05	0.00013244	8.4908e-05	0.0013554	
0.00024683	8.32e-07	1.5038e-07	0.0006127	0.0017757	0.00048114	0.00013204	0.00010794	0.01	0.01	5.6275e-06	6.5343e-06	4.6048e-05	0.00013095	8.4382e-05	0.0013512	
0.00024328	8.5094e-07	1.5265e-07	0.00061273	0.0017743	0.00047942	0.00013091	0.00011031	0.01	0.01	6.0921e-06	6.1778e-06	4.5649e-05	0.00012948	8.3876e-05	0.0013472	
0.0002397	8.6463e-07	1.5322e-07	0.00061273	0.0017727	0.0004777	0.00012974	0.00011265	0.01	0.01	6.5445e-06	5.815e-06	4.5211e-05	0.000128	8.3364e-05	0.0013431	
0.00023619	8.8049e-07	1.539e-07	0.00061285	0.0017716	0.00047599	0.0001287	0.00011514	0.01	0.01	7.0193e-06	5.4764e-06	4.4925e-05	0.00012654	8.2872e-05	0.0013391	
0.00023275	8.9863e-07	1.5471e-07	0.00061309	0.001771	0.0004743	0.00012303	0.0001178	0.01	0.01	7.5181e-06	5.1607e-06	4.2472e-05	0.0001251	8.2401e-05	0.0013352	
0.00022938	9.1945e-07	1.5573e-07	0.00061347	0.001771	0.00047263	0.0001179	0.00012065	0.01	0.01	8.0438e-06	4.8672e-06	4.0488e-05	0.00012369	8.1951e-05	0.0013314	
0.00022608	9.4274e-07	1.5687e-07	0.00061396	0.0017715	0.00047097	0.00011322	0.00012368	0.01	0.01	8.5963e-06	4.5934e-06	3.8872e-05	0.00012229	8.1522e-05	0.0013277	
0.00022275	9.6049e-07	1.5626e-07	0.00061443	0.0017718	0.00046931	0.00010845	0.00012666	0.01	0.01	9.1344e-06	4.3138e-06	3.7169e-05	0.00012089	8.1084e-05	0.001324	
0.0002194	9.7294e-07	1.5395e-07	0.00061487	0.001772	0.00046763	0.00010358	0.00012959	0.01	0.01	9.6592e-06	4.0289e-06	3.5388e-05	0.00011948	8.0639e-05	0.0013203	
0.00021611	9.8825e-07	1.5184e-07	0.00061544	0.0017727	0.00046598	9.9174e-05	0.00013273	0.01	0.01	1.0214e-05	3.7639e-06	3.3954e-05	0.00011808	8.0215e-05	0.0013166	
0.0002129	1.0065e-06	1.4993e-07	0.00061614	0.001774	0.00046434	9.5183e-05	0.00013608	0.01	0.01	1.0799e-05	3.5175e-06	3.2807e-05	0.00011671	7.9811e-05	0.0013131	
0.00020975	1.0279e-06	1.482e-07	0.00061698	0.0017758	0.00046272	9.1572e-05	0.00013966	0.01	0.01	1.1418e-05	3.2884e-06	3.1901e-05	0.00011536	7.9428e-05	0.0013097	
0.00020667	1.0525e-06	1.4666e-07	0.00061797	0.0017781	0.00046111	8.8306e-05	0.00014349	0.01	0.01	1.2072e-05	3.0755e-06	3.1196e-05	0.00011403	7.9065e-05	0.0013064	
0.00020356	1.0714e-06	1.4336e-07	0.00061892	0.0017803	0.00045952	8.4961e-05	0.00014725	0.01	0.01	1.271e-05	2.8575e-06	3.0441e-05	0.00011273	7.8722e-05	0.001303	
0.00020052	1.0937e-06	1.4026e-07	0.00061606	0.0017831	0.00045795	8.1942e-05	0.00015127	0.01	0.01	1.3386e-05	2.6551e-06	2.9866e-05	0.00011144	7.8399e-05	0.0012997	
0.00019744	1.1104e-06	1.3539e-07	0.00061314	0.0017857	0.00045637	7.8849e-05	0.00015522	0.01	0.01	1.4044e-05	2.4477e-06	2.9246e-05	0.00011014	7.8067e-05	0.0012964	
0.00019443	1.1302e-06	1.3062e-07	0.00059736	0.0017888	0.00045481	7.6042e-05	0.0001551	0.01	0.01	1.474e-05	2.2542e-06	2.8777e-05	0.00010886	7.7755e-05	0.0012933	
0.00019148	1.1531e-06	1.2591e-07	0.00058251	0.0017924	0.00045326	7.3492e-05	0.00015508	0.01	0.01	1.5474e-05	2.0734e-06	2.8441e-05	0.0001076	7.746e-05	0.0012902	
0.00018859	1.1794e-06	1.2121e-07	0.00056856	0.0017966	0.00045173	7.1175e-05	0.00015516	0.01	0.01	1.6249e-05	1.9045e-06	2.8223e-05	0.00010635	7.7183e-05	0.0012872	
0.00018576	1.209e-06	1.1651e-07	0.00055544	0.0018014	0.00045021	6.9069e-05	0.00015533	0.01	0.01	1.7066e-05	1.7465e-06	2.8115e-05	0.00010513	7.6924e-05	0.0012843	
0.0001829	1.2329e-06	1.1008e-07	0.00054213	0.0018059	0.00044869	6.6914e-05	0.00015548	0.01	0.01	1.7865e-05	1.5845e-06	2.7975e-05	0.00010389	7.6657e-05	0.0012813	
0.00018001	1.2513e-06	1.0198e-07	0.00052866	0.0018103	0.00044716	6.4715e-05	0.00015559	0.01	0.01	1.8647e-05	1.4189e-06	2.7806e-05	0.00010265	7.6383e-05	0.0012783	
0.0001771	1.2643e-06	9.2201e-08	0.00051504	0.0018145	0.00044562	6.2473e-05	0.00015566	0.01	0.01	1.9414e-05	1.2497e-06	2.7609e-05	0.0001014	7.6102e-05	0.0012753	
0.00017425	1.281e-06	8.2465e-08	0.00050226	0.0018194	0.00044409	6.0445e-05	0.00015585	0.01	0.01	2.0227e-05	1.0917e-06	2.7524e-05	0.00010016	7.5839e-05	0.0012724	
0.00017137	1.292e-06	7.1016e-08	0.00048931	0.001824	0.00044256	5.8369e-05	0.00015599	0.01	0.01	2.1021e-05	9.2978e-07	2.7409e-05	9.8923e-05	7.5569e-05	0.0012695	
0.00016846	1.2973e-06	5.785e-08	0.00047618	0.0018284	0.00044102	5.6245e-05	0.00015611	0.01	0.01	2.1798e-05	9.4469e-07	2.7253e-05	9.7673e-05	7.5291e-05	0.0012665	
0.00016561	1.3064e-06	4.469e-08	0.00046387	0.0018334	0.0004395	5.4325e-05	0.00015632	0.01	0.01	2.2622e-05	9.6208e-07	2.7208e-05	9.6441e-05	7.5032e-05	0.0012636	
0.00016274	1.31e-06	2.9868e-08	0.00045141	0.0018383	0.00043797	5.2365e-05	0.00015651	0.01	0.01	2.3429e-05	9.7747e-07	2.7136e-05	9.5201e-05	7.4765e-05	0.0012607	
0.00015984	1.3081e-06	3.9275e-08	0.0004388	0.001843	0.00043644	5.0365e-05	0.00015666	0.01	0.01	2.4219e-05	9.9084e-07	2.9541e-05	9.3952e-05	7.4492e-05	0.0012577	
0.00015691	1.3006e-06	4.7083e-08	0.00042604	0.0018475	0.00043489	4.8324e-05	0.00015678	0.01	0.01	2.4993e-05	1.0022e-06	3.1846e-05	9.2696e-05	7.4211e-05	0.0012547	
0.00015405	1.2971e-06	5.4546e-08	0.00041407	0.0018526	0.00043337	4.6479e-05	0.00015701	0.01	0.01	2.5815e-05	1.0161e-06	3.4683e-05	9.1458e-05	7.3949e-05	0.0012518	
0.00015115	1.2878e-06	6.0371e-08	0.00040194	0.0018575	0.00043183	4.459e-05	0.0001572	0.01	0.01	2.6619e-05	1.0279e-06	3.7387e-05	9.0211e-05	7.368e-05	0.0012489	
0.00014831	1.2819e-06	6.5827e-08	0.00039054	0.001863	0.00043031	4.2872e-05	0.00015749	0.01	0.01	2.747e-05	1.042e-06	4.0679e-05	8.8981e-05	7.3427e-05	0.0012461	
0.00014553	1.2798e-06	7.1001e-08	0.00037984	0.001869	0.00042881	4.1319e-05	0.00015788	0.01	0.01	2.8374e-05	1.0587e-06	4.4727e-05	8.7768e-05	7.3192e-05	0.0012433	
0.0001428	1.2811e-06	7.5867e-08	0.00036979	0.0018757	0.00042732	3.9908e-05	0.00015838	0.01	0.01	2.9331e-05	1.078e-06	4.5444e-05	8.6572e-05	7.2973e-05	0.0012407	
0.00014012	1.2858e-06	8.0449e-08	0.00036034	0.001883	0.00042584	3.8628e-05	0.00015897	0.01	0.01	3.0343e-05	1.1e-06	4.6368e-05	8.5391e-05	7.2771e-05	0.0012381	
0.0001375	1.2943e-06	8.4836e-08	0.00035148	0.0018909	0.00042438	3.7472e-05	0.00015968	0.01	0.01	3.1417e-05	1.1248e-06	4.7548e-05	8.4228e-05	7.2587e-05	0.0012357	
0.00013492	1.3063e-06	8.8993e-08	0.00034316	0.0018994	0.00042291	3.6424e-05	0.00015684	0.01	0.01	3.2552e-05	1.1525e-06	4.9018e-05	8.3057e-05	7.2395e-05	0.0012333	
0.00013232	1.3128e-06	9.1514e-08	0.00033473	0.0019078	0.00042144	3.5353e-05	0.00015395	0.01	0.01	3.3668e-05	1.1781e-06	5.0419e-05	8.1877e-05	7.2197e-05	0.0012309	
0.00012977	1.3232e-06	9.3878e-08	0.00032684	0.0019168	0.00041998	3.4388e-05	0.00015126	0.01	0.01	3.4851e-05	1.2069e-06	5.2172e-05	8.0715e-05	7.2016e-05	0.0012286	
0.00012719	1.3279e-06	9.4565e-08	0.00031883	0.0019256	0.00041851	3.3397e-05	0.00014851	0.01	0.01	3.6012e-05	1.2334e-06	5.3834e-05	7.9543e-05	7.1827e-05	0.0012263	
0.00012459	1.327e-06	9.3616e-08	0.00031072	0.0019343	0.00041704	3.2385e-05	0.00014572	0.01	0.01	3.7152e-05	1.2578e-06	5.5421e-05	7.8364e-05	7.1632e-05	0.0012239	
0.00012204	1.3301e-06	9.2511e-08	0.00030313	0.0019436	0.00041558	3.1473e-05	0.00014312	0.01	0.01	3.8362e-05	1.2854e-06	5.74e-05	7.7202e-05	7.1454e-05	0.0012216	
0.00011947	1.3274e-06	8.9731e-08	0.00029542	0.0019527	0.00041412	3.0537e-05	0.00014046	0.01	0.01	3.9549e-05	1.3107e-06	5.9279e-05	7.6031e-05	7.1269e-05	0.0012193	
0.00011687	1.3189e-06	8.5273e-08	0.00028761	0.0019616	0.00041264	2.9577e-05	0.00013776	0.01	0.01	4.0713e-05	1.3338e-06	6.1061e-05	7.4851e-05	7.1076e-05	0.001217	
0.00011424	1.3056e-06	7.9171e-08	0.00027969	0.0019703	0.00041116	2.8595e-05	0.000135	0.01	0.01	4.1856e-05	1.3547e-06	6.2761e-05	7.3664e-05	7.0876e-05	0.0012146	
0.00011166	1.2958e-06	7.2852e-08	0.00027225	0.0019796	0.0004097	2.7706e-05	0.00013242	0.01	0.01	4.3067e-05	1.3787e-06	6.4859e-05	7.2491e-05	7.0693e-05	0.0012123	
0.00010913	1.2895e-06	6.6279e-08	0.00026526	0.0019897	0.00040825	2.69e-05	0.00013001	0.01	0.01	4.4349e-05	1.4059e-06	6.7437e-05	7.1334e-05	7.0525e-05	0.0012101	
0.00010664	1.2866e-06	5.9419e-08	0.0002587	0.0020004	0.00040681	2.6171e-05	0.00012776	0.01	0.01	4.5706e-05	1.4364e-06	7.0592e-05	7.0192e-05	7.0374e-05	0.001208	
0.00010413	1.278e-06	5.0897e-08	0.00025203	0.0020109	0.00040536	2.5423e-05	0.00012547	0.01	0.01	4.7038e-05	1.4645e-06	7.3595e-05	6.9042e-05	7.0215e-05	0.0012058	
0.00010159	1.2636e-06	4.0709e-08	0.00024527	0.0020211	0.00040391	2.4653e-05	0.00012312	0.01	0.01	4.8344e-05	1.4903e-06	7.645e-05	6.7883e-05	7.0048e-05	0.0012036	
9.9099e-05	1.2532e-06	3.0282e-08	0.00023894	0.0020322	0.00040247	2.3963e-05	0.00012094	0.01	0.01	4.9733e-05	1.5198e-06	7.9989e-05	6.674e-05	6.9899e-05	0.0012015	
9.6581e-05	1.2368e-06	4.3716e-08	0.0002325	0.0020429	0.00040103	2.3251e-05	0.0001187	0.01	0.01	5.1094e-05	1.5469e-06	8.3347e-05	6.5588e-05	6.9741e-05	0.0011994	
9.4038e-05	1.2147e-06	5.5474e-08	0.00022598	0.0020535	0.00039958	2.2521e-05	0.00011643	0.01	0.01	5.2431e-05	1.5716e-06	8.6555e-05	6.4428e-05	6.9577e-05	0.0011972	
9.1546e-05	1.1969e-06	6.7228e-08	0.0002199	0.0020648	0.00039814	2.1868e-05	0.00011432	0.01	0.01	5.3856e-05	1.6003e-06	9.0555e-05	6.3284e-05	6.9431e-05	0.0011951	
8.9105e-05	1.1834e-06	7.9107e-08	0.00021423	0.002077	0.00039672	2.1289e-05	0.00011237	0.01	0.01	5.538e-05	1.6334e-06	9.5567e-05	6.2158e-05	6.9303e-05	0.0011932	
8.6715e-05	1.1743e-06	9.122e-08	0.00020897	0.0020901	0.00039529	2.0776e-05	0.00011058	0.01	0.01	5.7008e-05	1.6101e-06	9.7733e-05	6.1023e-05	6.9166e-05	0.0011913	
8.4376e-05	1.1695e-06	1.0366e-07	0.00020407	0.0021041	0.00039388	2.0323e-05	0.00010894	0.01	0.01	5.8747e-05	1.5909e-06	0.00010049	5.9904e-05	6.9048e-05	0.0011895	
8.2005e-05	1.1582e-06	1.1416e-07	0.00019907	0.0021177	0.00039246	1.9849e-05	0.00010725	0.01	0.01	6.0444e-05	1.5689e-06	0.00010306	5.8775e-05	6.8921e-05	0.0011877	
7.9688e-05	1.1518e-06	1.2521e-07	0.00019444	0.0021324	0.00039105	1.9437e-05	0.00010571	0.01	0.01	6.2269e-05	1.5514e-06	0.00010638	5.7665e-05	6.8814e-05	0.001186	
7.7427e-05	1.1507e-06	1.3698e-07	0.00019018	0.0021482	0.00038967	1.9082e-05	0.00010432	0.01	0.01	6.4235e-05	1.5385e-06	0.00011072	5.6574e-05	6.8728e-05	0.0011845	
7.5132e-05	1.1428e-06	1.4669e-07	0.00018582	0.0021635	0.00038827	1.8708e-05	0.00010287	0.01	0.01	6.6149e-05	1.5226e-06	0.00011472	5.5472e-05	6.8632e-05	0.0011828	
7.2906e-05	1.142e-06	1.5768e-07	0.00018186	0.0021803	0.0003869	1.8398e-05	0.0001016	0.01	0.01	6.8245e-05	1.5124e-06	0.00012023	5.4394e-05	6.8562e-05	0.0011813	
7.078e-05	1.1328e-06	1.6616e-07	0.00017775	0.0021964	0.00038552	1.806e-05	0.00010009	0.01	0.01	7.0257e-05	1.4982e-06	0.00012509	5.33e-05	6.8477e-05	0.0011801	
7.1848e-05	1.1154e-06	1.723e-07	0.00017347	0.002212	0.00038412	1.7695e-05	9.849e-05	0.01	0.01	7.2196e-05	1.4801e-06	0.00012942	5.2192e-05	6.8378e-05	0.0011787	
7.2962e-05	1.1062e-06	1.7995e-07	0.00016964	0.002229	0.00038274	1.7399e-05	9.7095e-05	0.01	0.01	7.4337e-05	1.4683e-06	0.00013555	5.111e-05	6.8308e-05	0.0011774	
7.4123e-05	1.105e-06	1.8928e-07	0.00016621	0.0022477	0.0003814	1.7164e-05	9.5889e-05	0.01	0.01	7.67e-05	1.4628e-06	0.00014422	5.0053e-05	6.8267e-05	0.0011763	
7.533e-05	9.6514e-07	2.003e-07	0.00016313	0.0022681	0.00038007	1.6981e-05	9.4852e-05	0.01	0.01	7.9293e-05	1.4631e-06	0.00014706	4.902e-05	6.8253e-05	0.0011753	
7.6502e-05	8.1411e-07	2.0881e-07	0.00015992	0.0022877	0.00037874	1.6778e-05	9.3742e-05	0.01	0.01	8.1795e-05	1.4597e-06	0.00014956	4.7973e-05	6.8225e-05	0.0011743	
7.764e-05	6.5163e-07	2.1484e-07	0.0001566	0.0023068	0.00037738	1.6553e-05	9.2561e-05	0.01	0.01	8.4208e-05	1.4524e-06	0.00015175	4.6912e-05	6.8183e-05	0.0011732	
7.8743e-05	6.7581e-07	2.1838e-07	0.00015314	0.0023252	0.00037606	1.6307e-05	9.1306e-05	0.01	0.01	8.6575e-05	1.4414e-06	0.00015366	4.5874e-05	6.8168e-05	0.001172	
7.9761e-05	6.9229e-07	2.1933e-07	0.00014953	0.0023429	0.00037472	1.6035e-05	8.9966e-05	0.01	0.01	8.8846e-05	1.4261e-06	0.00016893	4.4821e-05	6.8138e-05	0.0011893	
8.0818e-05	7.1331e-07	2.2165e-07	0.00014625	0.0023621	0.0003734	1.5813e-05	8.8783e-05	0.01	0.01	9.1323e-05	1.416e-06	0.00018927	4.3789e-05	6.8133e-05	0.0012069	
8.191e-05	7.3815e-07	2.2506e-07	0.00014324	0.0023826	0.0003721	1.5631e-05	8.7731e-05	0.01	0.01	9.3994e-05	1.4104e-06	0.00019465	4.2775e-05	6.8149e-05	0.001225	
8.2975e-05	7.5683e-07	2.264e-07	0.00014016	0.0024027	0.00037079	1.5436e-05	8.6632e-05	0.01	0.01	9.6605e-05	1.402e-06	0.00019963	4.175e-05	6.8156e-05	0.0012429	
8.4017e-05	7.6995e-07	2.2585e-07	0.00013702	0.0024225	0.00036947	1.5231e-05	8.5496e-05	0.01	0.01	9.917e-05	1.3911e-06	0.00020435	4.0717e-05	6.8154e-05	0.0012607	
8.5038e-05	7.7765e-07	2.2347e-07	0.00013384	0.0024419	0.00036814	1.5016e-05	8.4326e-05	0.01	0.01	0.0001017	1.378e-06	0.00020883	3.9676e-05	6.8146e-05	0.0012785	
8.6037e-05	7.8004e-07	2.1927e-07	0.0001306	0.0024612	0.00036681	1.4791e-05	8.3123e-05	0.01	0.01	0.00010418	1.3627e-06	0.0002131	3.8627e-05	6.813e-05	0.0012962	
8.7059e-05	7.8435e-07	2.1556e-07	0.00012757	0.0024814	0.00036549	1.4597e-05	8.2016e-05	0.01	0.01	0.00010682	1.3504e-06	0.00021837	3.759e-05	6.813e-05	0.0013141	
8.8059e-05	7.8322e-07	2.1001e-07	0.00012449	0.0025013	0.00036416	1.4392e-05	8.0874e-05	0.01	0.01	0.00010941	1.3358e-06	0.00022337	3.6545e-05	6.8123e-05	0.001332	
8.9037e-05	7.7665e-07	2.0261e-07	0.00012136	0.002521	0.00036283	1.4178e-05	7.9698e-05	0.01	0.01	0.00011196	1.3189e-06	0.00022813	3.5492e-05	6.8108e-05	0.0013499	
9.0039e-05	7.7225e-07	1.9575e-07	0.00011844	0.0025417	0.00036151	1.3995e-05	7.862e-05	0.01	0.01	0.00011467	1.3052e-06	0.00023403	3.4451e-05	6.8109e-05	0.001368	
9.1066e-05	7.7e-07	1.8941e-07	0.0001157	0.0025635	0.0003602	1.3839e-05	7.7636e-05	0.01	0.01	0.00011754	1.2946e-06	0.00023481	3.3424e-05	6.8127e-05	0.0013864	
9.2072e-05	7.6233e-07	1.8123e-07	0.00011292	0.002585	0.00035888	1.3675e-05	7.6619e-05	0.01	0.01	0.00012037	1.2817e-06	0.0002355	3.2388e-05	6.8137e-05	0.0014048	
9.3056e-05	7.4942e-07	1.7129e-07	0.00011011	0.0026063	0.00035756	1.3502e-05	7.5573e-05	0.01	0.01	0.00012316	1.2667e-06	0.00023611	3.1344e-05	6.8141e-05	0.0014231	
9.4019e-05	7.3126e-07	1.5956e-07	0.00010725	0.0026273	0.00035623	1.3321e-05	7.4496e-05	0.01	0.01	0.00012592	1.2496e-06	0.00023664	3.0293e-05	6.8138e-05	0.0014413	
9.4961e-05	7.0782e-07	1.4605e-07	0.00010435	0.002648	0.0003549	1.3132e-05	7.3388e-05	0.01	0.01	0.00012863	1.2302e-06	0.00023709	2.9235e-05	6.8128e-05	0.0014595	
9.5927e-05	6.8636e-07	1.3298e-07	0.00010163	0.0026698	0.00035358	1.2969e-05	7.237e-05	0.01	0.01	0.0001315	1.2139e-06	0.00023789	2.8188e-05	6.8133e-05	0.0014779	
9.687e-05	6.5927e-07	1.1803e-07	9.8862e-05	0.0026912	0.00035224	1.2797e-05	7.1317e-05	0.01	0.01	0.00013433	1.1951e-06	0.00023859	2.7133e-05	6.8131e-05	0.0014963	
9.7787e-05	6.2635e-07	1.0113e-07	9.6037e-05	0.0027123	0.00035091	1.2614e-05	7.0224e-05	0.01	0.01	0.0001371	1.1738e-06	0.00023917	2.6069e-05	6.812e-05	0.0015146	
9.8678e-05	5.8716e-07	8.213e-08	9.314e-05	0.0027329	0.00034956	1.2418e-05	6.9083e-05	0.01	0.01	0.0001398	1.1497e-06	0.00023962	2.4994e-05	6.8099e-05	0.0015327	
9.9606e-05	5.5206e-07	6.4212e-08	8.1944e-05	0.002755	0.00034823	1.2259e-05	6.8068e-05	0.01	0.01	0.00014273	9.9378e-07	0.00024058	2.3937e-05	6.8101e-05	0.0015513	
0.0001005	5.099e-07	4.3976e-08	7.0407e-05	0.0027765	0.00034688	1.2083e-05	6.6993e-05	0.01	0.01	0.00014556	8.3095e-07	0.00024134	2.2868e-05	6.809e-05	0.0015697	
0.00010136	4.608e-07	2.1448e-08	5.8528e-05	0.0027974	0.00034553	1.1891e-05	6.5859e-05	0.01	0.01	0.00014831	6.6118e-07	0.00024191	2.1786e-05	6.8066e-05	0.001588	
0.00010219	4.0425e-07	2.1505e-08	4.6229e-05	0.0028176	0.00034416	1.168e-05	6.466e-05	0.01	0.01	0.00015096	6.4968e-07	0.00024226	2.193e-05	6.8022e-05	0.0016061	
0.00010299	3.4015e-07	1.9822e-08	3.3492e-05	0.0028372	0.00034278	1.145e-05	6.3392e-05	0.01	0.01	0.00015351	6.3516e-07	0.00024241	2.2065e-05	6.7964e-05	0.001624	
0.00010375	2.6832e-07	1.6391e-08	2.0293e-05	0.0028561	0.00034139	1.1199e-05	6.2054e-05	0.01	0.01	0.00015596	6.1757e-07	0.00024237	2.2191e-05	6.7892e-05	0.0016418	
0.00010447	2.983e-07	2.7443e-08	1.8284e-05	0.0028743	0.00033998	1.0926e-05	6.0643e-05	0.01	0.01	0.00015833	5.9685e-07	0.00024212	2.2309e-05	6.7806e-05	0.0016593	
0.00010516	3.2181e-07	3.6506e-08	1.6196e-05	0.0028918	0.00033856	1.0631e-05	5.9157e-05	0.01	0.01	0.0001606	5.7297e-07	0.00024168	2.2417e-05	6.7707e-05	0.0016768	
0.00010581	3.3888e-07	4.36e-08	1.4028e-05	0.0029087	0.00033712	1.0313e-05	5.7596e-05	0.01	0.01	0.00016278	5.459e-07	0.00024103	2.2517e-05	6.7593e-05	0.001694	
0.00010651	3.5874e-07	5.0916e-08	1.207e-05	0.0029273	0.00033571	9.2462e-06	5.6206e-05	0.01	0.01	0.00016282	5.239e-07	0.00024094	2.2623e-05	6.7507e-05	0.0017117	
0.00010718	3.7215e-07	5.6249e-08	1.0038e-05	0.0029453	0.00033428	8.117e-06	5.4745e-05	0.01	0.01	0.00016281	4.9884e-07	0.00024065	2.272e-05	6.7408e-05	0.0017293	
0.00010789	3.8838e-07	6.1832e-08	8.2001e-06	0.0029649	0.00033288	7.1501e-06	5.3444e-05	0.01	0.01	0.00016292	4.7736e-07	0.0002409	2.2823e-05	6.7335e-05	0.0017473	
0.00010865	4.0763e-07	6.7741e-08	6.5365e-06	0.0029863	0.0003315	6.3218e-06	5.229e-05	0.01	0.01	0.00016093	4.5916e-07	0.0002417	2.2932e-05	6.7288e-05	0.0017657	
0.00010945	4.3054e-07	7.4151e-08	5.0375e-06	0.0030097	0.00033015	5.6175e-06	5.1279e-05	0.01	0.01	0.00015915	4.4421e-07	0.00024317	2.3048e-05	6.7269e-05	0.0017847	
0.00011031	4.5746e-07	8.1163e-08	3.6861e-06	0.0030351	0.00032882	5.0184e-06	5.04e-05	0.01	0.01	0.00015757	4.3229e-07	0.00024546	2.317e-05	6.7278e-05	0.0018041	
0.00011113	4.7721e-07	8.599e-08	3.515e-06	0.0030596	0.00032747	4.9934e-06	4.9457e-05	0.01	0.01	0.0001559	4.1745e-07	0.00024742	2.3283e-05	6.7272e-05	0.0018234	
0.00011191	4.8998e-07	8.8677e-08	3.3315e-06	0.0030833	0.00032611	4.9572e-06	4.8452e-05	0.01	0.01	0.00015415	3.9971e-07	0.00024909	2.3387e-05	6.7252e-05	0.0018425	
0.00011274	5.0586e-07	9.1741e-08	3.1661e-06	0.0031089	0.00032477	4.9405e-06	4.7561e-05	0.01	0.01	0.00015257	3.8446e-07	0.0002515	2.3496e-05	6.7256e-05	0.001862	
0.00011361	5.2486e-07	9.5175e-08	3.017e-06	0.0031363	0.00032345	4.9423e-06	4.6773e-05	0.01	0.01	0.00015115	3.7146e-07	0.00025134	2.361e-05	6.7283e-05	0.0018819	
0.00011445	5.3809e-07	9.6774e-08	2.8599e-06	0.0031632	0.00032213	4.9369e-06	4.5949e-05	0.01	0.01	0.00014968	3.5634e-07	0.00025107	2.3717e-05	6.7301e-05	0.0019018	
0.00011532	5.5326e-07	9.8444e-08	2.7147e-06	0.0031917	0.00032081	4.9463e-06	4.5204e-05	0.01	0.01	0.00014834	3.4273e-07	0.00025119	2.3827e-05	6.7338e-05	0.001922	
0.00011617	5.6314e-07	9.8402e-08	2.5632e-06	0.0032198	0.00031949	4.9498e-06	4.4431e-05	0.01	0.01	0.00014696	3.2725e-07	0.00025123	2.3931e-05	6.7367e-05	0.0019422	
0.00011705	5.7456e-07	9.8316e-08	2.4217e-06	0.0032494	0.00031818	4.9669e-06	4.3727e-05	0.01	0.01	0.00014569	3.1298e-07	0.00025162	2.4037e-05	6.7413e-05	0.0019626	
0.00011796	5.8749e-07	9.8163e-08	2.2895e-06	0.0032805	0.00031689	4.9973e-06	4.309e-05	0.01	0.01	0.00014452	2.9982e-07	0.00025239	2.4146e-05	6.7476e-05	0.0019835	
0.00011885	5.9528e-07	9.634e-08	2.1515e-06	0.0033113	0.00031559	5.0223e-06	4.2427e-05	0.01	0.01	0.00014333	2.8489e-07	0.00025308	2.4249e-05	6.7531e-05	0.0020043	
0.00011977	6.0458e-07	9.443e-08	2.0222e-06	0.0033436	0.0003143	5.0607e-06	4.1827e-05	0.01	0.01	0.00014223	2.7096e-07	0.00025416	2.4354e-05	6.7604e-05	0.0020254	
0.00012071	6.1516e-07	9.2354e-08	1.9002e-06	0.0033775	0.00031302	5.1122e-06	4.1283e-05	0.01	0.01	0.00014122	2.5784e-07	0.00025566	2.4462e-05	6.7691e-05	0.0020468	
0.00012163	6.2058e-07	8.8615e-08	1.7727e-06	0.003411	0.00031174	5.1581e-06	4.0716e-05	0.01	0.01	0.00014019	2.4299e-07	0.00025706	2.4562e-05	6.7772e-05	0.0020682	
0.00012253	6.2082e-07	8.3208e-08	1.6396e-06	0.0034441	0.00031045	5.1986e-06	4.0124e-05	0.01	0.01	0.00013913	2.264e-07	0.00025837	2.4657e-05	6.7846e-05	0.0020895	
0.00012341	6.1568e-07	7.608e-08	1.5005e-06	0.0034768	0.00030915	5.233e-06	3.9505e-05	0.01	0.01	0.00013804	2.0798e-07	0.00025956	2.4745e-05	6.7913e-05	0.0021108	
0.00012432	6.123e-07	6.8888e-08	1.3695e-06	0.0035111	0.00030787	5.2818e-06	3.8948e-05	0.01	0.01	0.00013705	1.9053e-07	0.00025788	2.4836e-05	6.7996e-05	0.0021324	
0.0001252	6.0363e-07	6.0006e-08	1.2328e-06	0.0035451	0.00030657	5.3248e-06	3.8366e-05	0.01	0.01	0.00013603	1.713e-07	0.00025609	2.492e-05	6.8072e-05	0.0021539	
0.00012612	5.9656e-07	5.0986e-08	1.1035e-06	0.0035808	0.00030529	5.3822e-06	3.7842e-05	0.01	0.01	0.00013509	1.5291e-07	0.00025477	2.5007e-05	6.8165e-05	0.0021757	
0.00012701	5.8381e-07	4.0198e-08	9.6784e-07	0.0036159	0.00030401	5.4325e-06	3.7287e-05	0.01	0.01	0.00013413	1.326e-07	0.00025332	2.5087e-05	6.8249e-05	0.0021975	
0.00012793	5.7349e-07	2.9413e-08	8.4074e-07	0.0036531	0.00030273	5.5003e-06	3.68e-05	0.01	0.01	0.00013327	1.1337e-07	0.00025236	2.517e-05	6.8353e-05	0.0022197	
0.00012883	5.571e-07	3.9429e-08	7.0663e-07	0.0036895	0.00030145	5.5597e-06	3.6278e-05	0.01	0.01	0.00013237	9.2109e-08	0.00025126	2.5247e-05	6.8447e-05	0.0022418	
0.0001297	5.3422e-07	4.7548e-08	7.5021e-07	0.0037252	0.00030019	5.6094e-06	3.8048e-05	0.01	0.01	0.00013142	1.063e-07	0.00024992	2.5328e-05	6.8564e-05	0.0022637	
0.00013053	5.0506e-07	5.3831e-08	7.8824e-07	0.0037601	0.00029891	5.6505e-06	3.9759e-05	0.01	0.01	0.00013042	1.1857e-07	0.00024839	2.5401e-05	6.867e-05	0.0022854	
0.0001314	4.7864e-07	6.0054e-08	8.2968e-07	0.0037971	0.00029766	5.7098e-06	4.1615e-05	0.01	0.01	0.00012954	1.3151e-07	0.0002474	2.5478e-05	6.8796e-05	0.0023076	
0.00013231	4.5431e-07	6.6187e-08	8.7435e-07	0.0038363	0.00029641	5.7867e-06	4.3619e-05	0.01	0.01	0.00012875	1.4511e-07	0.00024685	2.556e-05	6.7629e-05	0.0023302	
0.0001332	4.2411e-07	7.0512e-08	9.1365e-07	0.0038747	0.00029516	5.8556e-06	4.5565e-05	0.01	0.01	0.00012792	1.5681e-07	0.00024617	2.5634e-05	6.6447e-05	0.0023527	
0.00013405	3.8808e-07	7.3046e-08	9.4764e-07	0.0039125	0.0002939	5.9166e-06	4.7456e-05	0.01	0.01	0.00012706	1.6663e-07	0.00024535	2.5701e-05	6.5251e-05	0.0023751	
0.00013488	3.4621e-07	7.3795e-08	9.7638e-07	0.0039497	0.00029263	5.9699e-06	4.9293e-05	0.01	0.01	0.00012616	1.746e-07	0.0002444	2.576e-05	6.4041e-05	0.0023974	
0.00013574	3.0644e-07	7.4466e-08	1.0084e-06	0.003989	0.00029137	6.041e-06	5.1278e-05	0.01	0.01	0.00012536	1.8325e-07	0.00024389	2.5823e-05	6.2871e-05	0.0024201	
0.00013658	2.6089e-07	7.3347e-08	1.0351e-06	0.0040276	0.00029011	6.1042e-06	5.3208e-05	0.01	0.01	0.00012453	1.9001e-07	0.00024326	2.5879e-05	6.1687e-05	0.0024426	
0.00013745	2.1699e-07	7.2105e-08	1.0651e-06	0.0040683	0.00028886	5.8832e-06	5.5289e-05	0.01	0.01	0.00012378	1.9745e-07	0.00023839	2.5939e-05	6.0541e-05	0.0024656	
0.00013836	1.7466e-07	7.0794e-08	1.0987e-06	0.0041114	0.00028762	5.69e-06	5.7541e-05	0.01	0.01	0.00012313	2.0569e-07	0.0002346	2.6002e-05	5.9434e-05	0.002489	
0.00013931	1.3351e-07	6.9405e-08	1.1363e-06	0.004157	0.0002864	5.5221e-06	5.998e-05	0.01	0.01	0.00012257	2.1481e-07	0.00023168	2.6069e-05	5.8364e-05	0.0025129	
0.00014024	1.7221e-07	6.6271e-08	1.1686e-06	0.0042019	0.00028519	5.3456e-06	6.2357e-05	0.01	0.01	0.00012198	2.2207e-07	0.00022856	2.614e-05	5.733e-05	0.0025367	
0.00014113	2.0563e-07	6.1397e-08	1.1957e-06	0.0042461	0.00028398	5.1602e-06	6.4675e-05	0.01	0.01	0.00012136	2.2747e-07	0.00022523	2.6204e-05	5.6284e-05	0.0025604	
0.00014207	2.3361e-07	5.4725e-08	1.2173e-06	0.0042895	0.00028275	4.9609e-06	6.7238e-05	0.01	0.01	0.0001207	2.3094e-07	0.00022166	2.6261e-05	5.5224e-05	0.0025845	
0.00014298	2.6211e-07	4.7892e-08	1.2424e-06	0.0043353	0.00028152	4.7864e-06	6.96e-05	0.01	0.01	0.00012013	2.3516e-07	0.00021887	2.631e-05	5.4152e-05	0.0026085	
0.00014387	2.8535e-07	3.9332e-08	1.2623e-06	0.0043804	0.00028028	4.6032e-06	7.1903e-05	0.01	0.01	0.00011953	2.3754e-07	0.00021588	2.6353e-05	5.3068e-05	0.0026324	
0.00014479	3.088e-07	3.0457e-08	1.2852e-06	0.0044277	0.00027904	4.4403e-06	7.4369e-05	0.01	0.01	0.000119	2.405e-07	0.00021354	2.6398e-05	5.2015e-05	0.0026567	
0.00014568	3.2711e-07	4.557e-08	1.3031e-06	0.0044744	0.00027781	4.2697e-06	7.6781e-05	0.01	0.01	0.00011844	2.4168e-07	0.00021103	2.6436e-05	5.0952e-05	0.0026809	
0.00014655	3.4037e-07	5.8943e-08	1.3162e-06	0.0045205	0.00027656	4.0917e-06	7.9143e-05	0.01	0.01	0.00011787	2.4113e-07	0.00020838	2.6468e-05	4.9877e-05	0.0027051	
0.00014745	3.5384e-07	7.2368e-08	1.3322e-06	0.0045689	0.00027532	3.933e-06	8.167e-05	0.01	0.01	0.00011736	2.4113e-07	0.0002063	2.6502e-05	4.8834e-05	0.0027296	
0.00014832	3.6246e-07	8.4108e-08	1.3437e-06	0.0046168	0.00027408	3.7682e-06	8.4154e-05	0.01	0.01	0.00011683	2.3947e-07	0.00020412	2.653e-05	4.7782e-05	0.002754	
0.00014924	3.7127e-07	9.5943e-08	1.3579e-06	0.0046669	0.00027285	3.6213e-06	8.6808e-05	0.01	0.01	0.00011637	2.3834e-07	0.00020243	2.656e-05	4.676e-05	0.0027788	
0.00015012	3.7525e-07	1.0609e-07	1.3677e-06	0.0047166	0.00027161	3.4684e-06	8.9418e-05	0.01	0.01	0.00011589	2.3558e-07	0.00020065	2.6585e-05	4.5729e-05	0.0028036	
0.00015105	3.7943e-07	1.1638e-07	1.3803e-06	0.0047685	0.00027039	3.3322e-06	9.2206e-05	0.01	0.01	0.00011548	2.3332e-07	0.00019104	2.6612e-05	4.4727e-05	0.0028288	
0.00015194	3.7865e-07	1.2492e-07	1.3883e-06	0.0048199	0.00026916	3.1897e-06	9.4944e-05	0.01	0.01	0.00011505	2.2938e-07	0.00018098	2.6632e-05	4.3716e-05	0.0028539	
0.00015287	3.7807e-07	1.3365e-07	1.3991e-06	0.0048737	0.00026793	3.0627e-06	9.7868e-05	0.01	0.01	0.00011468	2.2593e-07	0.00017279	2.6655e-05	4.2733e-05	0.0028794	
0.00015384	3.7768e-07	1.4261e-07	1.4128e-06	0.00493	0.00026672	2.95e-06	0.00010099	0.01	0.01	0.00011438	2.2294e-07	0.00016614	2.668e-05	4.1778e-05	0.0029053	
0.00015483	3.7749e-07	1.5185e-07	1.4295e-06	0.0049888	0.00026552	2.8505e-06	0.00010432	0.01	0.01	0.00011414	2.204e-07	0.00016074	2.6708e-05	4.0849e-05	0.0029316	
0.00015581	3.7234e-07	1.5932e-07	1.4414e-06	0.005047	0.00026432	2.7454e-06	0.00010759	0.01	0.01	0.00011388	2.1618e-07	0.00015508	2.6729e-05	3.9912e-05	0.0029579	
0.00015681	3.6736e-07	1.6711e-07	1.4564e-06	0.0051078	0.00026312	2.6528e-06	0.00011108	0.01	0.01	0.00011369	2.124e-07	0.00015049	2.6753e-05	3.9001e-05	0.0029846	
0.0001578	3.5743e-07	1.7312e-07	1.4667e-06	0.0051681	0.00026192	2.5547e-06	0.00011451	0.01	0.01	0.00011347	2.0695e-07	0.00014568	2.6771e-05	3.8081e-05	0.0030111	
0.00015876	3.4268e-07	1.7741e-07	1.4724e-06	0.0052278	0.00026071	2.4518e-06	0.00011789	0.01	0.01	0.00011324	1.9988e-07	0.00014066	2.6782e-05	3.7153e-05	0.0030377	
0.00015975	3.2807e-07	1.8204e-07	1.4811e-06	0.0052902	0.00025951	2.3607e-06	0.0001215	0.01	0.01	0.00011307	1.9323e-07	0.0001366	2.6796e-05	3.6251e-05	0.0030646	
0.00016073	3.0865e-07	1.8495e-07	1.4853e-06	0.0053521	0.0002583	2.2647e-06	0.00012505	0.01	0.01	0.00011288	1.8497e-07	0.00013236	2.6803e-05	3.534e-05	0.0030915	
0.00016173	2.8929e-07	1.8821e-07	1.4926e-06	0.0054168	0.00025711	2.1799e-06	0.00012884	0.01	0.01	0.00011275	1.7709e-07	0.00012894	2.6813e-05	3.4455e-05	0.0031188	
0.00016272	2.6501e-07	1.8969e-07	1.4951e-06	0.0054808	0.00025591	2.0899e-06	0.00013257	0.01	0.01	0.0001126	1.6755e-07	0.00012534	2.6817e-05	3.3561e-05	0.003146	
0.00016374	2.407e-07	1.9155e-07	1.5007e-06	0.0055477	0.00025472	2.0105e-06	0.00013655	0.01	0.01	0.00011252	1.5836e-07	0.00012245	2.6823e-05	3.2692e-05	0.0031737	
0.00016479	2.1602e-07	1.937e-07	1.5091e-06	0.0056175	0.00025354	1.9401e-06	0.00014078	0.01	0.01	0.00011249	1.494e-07	0.00012011	2.6831e-05	3.1845e-05	0.0032018	
0.00016587	1.9104e-07	1.9626e-07	1.5207e-06	0.0056905	0.00025237	1.8788e-06	0.00014529	0.01	0.01	0.00011253	1.4071e-07	0.00011825	2.6842e-05	3.1022e-05	0.0032303	
0.000167	1.6562e-07	1.9924e-07	1.5355e-06	0.0057667	0.00025121	1.8259e-06	0.0001501	0.01	0.01	0.00011263	1.3224e-07	0.00011681	2.6855e-05	3.0222e-05	0.0032593	
0.00016816	1.3961e-07	2.0268e-07	1.5536e-06	0.0058463	0.00025006	1.781e-06	0.00015524	0.01	0.01	0.00011279	1.2395e-07	0.00011571	2.6871e-05	2.9445e-05	0.0032888	
0.00016929	2.0813e-07	2.0429e-07	1.5669e-06	0.0059251	0.0002489	1.7317e-06	0.00016029	0.01	0.01	0.00011293	1.1404e-07	0.00011453	2.688e-05	2.8658e-05	0.0033182	
0.00017046	2.7859e-07	2.0628e-07	1.5832e-06	0.0060073	0.00024776	1.6895e-06	0.00016565	0.01	0.01	0.00011313	1.0421e-07	0.00011365	2.6892e-05	2.7893e-05	0.0033481	
0.00017167	3.5143e-07	2.0867e-07	1.6028e-06	0.006093	0.00024662	1.6542e-06	0.00017137	0.01	0.01	0.0001134	9.4416e-08	0.00011303	2.6906e-05	2.7148e-05	0.0033784	
0.00017291	4.2753e-07	2.1159e-07	1.626e-06	0.0061826	0.0002455	1.626e-06	0.00017746	0.01	0.01	0.00011373	8.47e-08	0.00011267	2.6922e-05	2.6424e-05	0.0034092	
0.00017413	4.98e-07	2.127e-07	1.6443e-06	0.0062714	0.00024436	1.5936e-06	0.00018347	0.01	0.01	0.00011404	7.3402e-08	0.00011225	2.6933e-05	2.5692e-05	0.0034399	
0.00017533	5.6268e-07	2.1197e-07	1.6577e-06	0.0063592	0.00024322	1.5568e-06	0.00018938	0.01	0.01	0.00011432	6.0488e-08	0.00011177	2.6936e-05	2.4951e-05	0.0034706	
0.00018273	1.2324e-06	2.0923e-07	1.6656e-06	0.0064459	0.00024207	1.5134e-06	0.00021484	0.01	0.01	0.00011458	7.7812e-08	0.00011116	2.6933e-05	2.4201e-05	0.0034893	
0.00019008	1.8841e-06	2.0455e-07	1.6681e-06	0.0065316	0.00024092	1.465e-06	0.00023987	0.01	0.01	0.00011481	9.3393e-08	0.00011047	2.6922e-05	2.344e-05	0.0035079	
0.00019758	2.5852e-06	2.0039e-07	1.6743e-06	0.0066211	0.00023977	1.4238e-06	0.00026651	0.01	0.01	0.00011511	1.0931e-07	0.00011004	2.6915e-05	2.2701e-05	0.0035269	
0.00020523	3.3428e-06	1.968e-07	1.6845e-06	0.0067147	0.00023864	1.3896e-06	0.00029495	0.01	0.01	0.00011548	1.2572e-07	0.00010986	2.691e-05	2.1983e-05	0.0035462	
0.00021304	4.1581e-06	1.9363e-07	1.6981e-06	0.0068125	0.00023751	1.3616e-06	0.00032519	0.01	0.01	0.00011591	1.4261e-07	0.0001099	2.6908e-05	2.1284e-05	0.0035658	
0.0002208	4.9559e-06	1.8868e-07	1.707e-06	0.0069093	0.00023638	1.3295e-06	0.00035504	0.01	0.01	0.00011632	1.5781e-07	0.00010989	2.6899e-05	2.0578e-05	0.0035854	
0.00022872	5.8153e-06	1.8413e-07	1.7194e-06	0.00692	0.00023526	1.3034e-06	0.00038677	0.01	0.01	0.00011681	1.7357e-07	0.0001074	2.6893e-05	1.989e-05	0.0036053	
0.00023659	6.6544e-06	1.7774e-07	1.7267e-06	0.0069304	0.00023413	1.273e-06	0.00041806	0.01	0.01	0.00011726	1.8757e-07	0.00010477	2.688e-05	1.9195e-05	0.0036252	
0.00024441	7.4741e-06	1.6951e-07	1.7291e-06	0.0069404	0.00023299	1.2384e-06	0.0004489	0.01	0.01	0.0001177	1.9982e-07	0.00010199	2.6861e-05	1.8491e-05	0.0036449	
0.00025239	8.3598e-06	1.6173e-07	1.7352e-06	0.0069517	0.00023187	1.2098e-06	0.00048175	0.01	0.01	0.0001182	2.1273e-07	9.9774e-05	2.6844e-05	1.7806e-05	0.003665	
0.00026054	9.3174e-06	1.5434e-07	1.7452e-06	0.0069643	0.00023075	1.187e-06	0.00051674	0.01	0.01	0.00011878	2.2634e-07	9.8022e-05	2.683e-05	1.714e-05	0.0036855	
0.00026864	1.0256e-05	1.452e-07	1.7505e-06	0.0069765	0.00022963	1.1603e-06	0.00055131	0.01	0.01	0.00011933	2.3825e-07	9.6179e-05	2.681e-05	1.6466e-05	0.0037059	
0.00027692	1.1271e-05	1.3642e-07	1.7596e-06	0.0069901	0.00022852	1.1391e-06	0.00058814	0.01	0.01	0.00011996	2.5098e-07	8.7074e-05	2.6792e-05	1.5811e-05	0.0037267	
0.00028537	1.2371e-05	1.2797e-07	1.7728e-06	0.0070051	0.00022742	1.1234e-06	0.00062739	0.01	0.01	0.00012067	2.6458e-07	7.9696e-05	2.6778e-05	1.5174e-05	0.0037478	
0.00029399	1.3564e-05	1.1979e-07	1.7901e-06	0.0070214	0.00022633	1.1129e-06	0.00066922	0.01	0.01	0.00012146	2.7915e-07	7.3728e-05	2.6766e-05	1.4554e-05	0.0037693	
0.00030281	1.4859e-05	1.1187e-07	1.8117e-06	0.0070392	0.00022523	1.1077e-06	0.00067756	0.01	0.01	0.00012234	2.9483e-07	6.8917e-05	2.6748e-05	1.3927e-05	0.0037912	
0.0003118	1.6259e-05	1.0405e-07	1.8374e-06	0.0070585	0.00022413	1.1073e-06	0.00068648	0.01	0.01	0.0001233	3.1158e-07	6.4996e-05	2.6732e-05	1.3315e-05	0.0038135	
0.00032075	1.7631e-05	9.4499e-08	1.8581e-06	0.0070774	0.00022304	1.103e-06	0.00069526	0.01	0.01	0.00012423	3.2649e-07	6.0891e-05	2.671e-05	1.2696e-05	0.0038357	
0.00032991	1.9122e-05	8.5113e-08	1.8833e-06	0.0070978	0.00022195	1.1041e-06	0.00069534	0.01	0.01	0.00012525	3.427e-07	5.7592e-05	2.6691e-05	1.2094e-05	0.0038329	
0.00033901	2.0578e-05	7.3943e-08	1.9033e-06	0.0071178	0.00022086	1.101e-06	0.00069535	0.01	0.01	0.00012625	3.5696e-07	5.411e-05	2.6665e-05	1.1485e-05	0.0038301	
0.00034806	2.2003e-05	6.1037e-08	1.9182e-06	0.0071374	0.00021975	1.0941e-06	0.0006953	0.01	0.01	0.00012721	3.6937e-07	5.0461e-05	2.6633e-05	1.0868e-05	0.0038272	
0.00035705	2.3394e-05	8.2514e-08	1.9278e-06	0.0073778	0.00021865	1.0831e-06	0.00069518	0.01	0.01	0.00012814	3.7984e-07	4.6606e-05	2.6593e-05	1.0243e-05	0.0038243	
0.00036599	2.4755e-05	1.0211e-07	1.9322e-06	0.0076158	0.00021753	1.068e-06	0.00069499	0.01	0.01	0.00012904	3.8844e-07	4.2547e-05	2.6547e-05	9.6102e-06	0.0038213	
0.00037488	2.6086e-05	1.1985e-07	1.9316e-06	0.0078516	0.0002164	1.0491e-06	0.00069474	0.01	0.01	0.00012992	3.9519e-07	3.8282e-05	2.6495e-05	8.9702e-06	0.0038183	
0.00038372	2.7391e-05	1.3576e-07	1.9259e-06	0.0080852	0.00021527	1.0263e-06	0.00069443	0.01	0.01	0.00013077	4.0012e-07	3.3805e-05	2.6436e-05	8.3229e-06	0.0038152	
0.00039273	2.8796e-05	1.5213e-07	1.924e-06	0.0083285	0.00021415	1.0079e-06	0.00069434	0.01	0.01	0.0001317	4.0601e-07	3.0126e-05	2.6379e-05	7.6906e-06	0.0038123	
0.00040192	3.0315e-05	1.6915e-07	1.926e-06	0.0085822	0.00021304	9.942e-07	0.00069447	0.01	0.01	0.00013271	4.13e-07	2.7135e-05	2.6324e-05	7.0734e-06	0.0038096	
0.00041107	3.1809e-05	1.8438e-07	1.9233e-06	0.0088341	0.00021192	9.7692e-07	0.00069455	0.01	0.01	0.0001337	4.1825e-07	2.4016e-05	2.6264e-05	6.4499e-06	0.0038068	
0.00042018	3.3276e-05	1.9781e-07	1.9158e-06	0.0090841	0.00021079	9.5609e-07	0.00069458	0.01	0.01	0.00013467	4.2175e-07	2.0765e-05	2.6197e-05	5.8199e-06	0.003804	
0.00042947	3.4857e-05	2.1185e-07	1.912e-06	0.0093443	0.00020968	9.3943e-07	0.00069482	0.01	0.01	0.00013572	4.2626e-07	1.8092e-05	2.6132e-05	5.2039e-06	0.0038013	
0.00043871	3.641e-05	2.2408e-07	1.9035e-06	0.0096025	0.00020855	9.1924e-07	0.00069501	0.01	0.01	0.00013674	4.2901e-07	1.5303e-05	2.6061e-05	4.5816e-06	0.0037986	
0.00044813	3.8084e-05	2.3697e-07	1.8985e-06	0.0098714	0.00020744	9.0311e-07	0.00069542	0.01	0.01	0.00013786	4.3279e-07	1.3012e-05	2.5993e-05	3.9729e-06	0.0037961	
0.00045775	3.9896e-05	2.5071e-07	1.8976e-06	0.010152	0.00020633	8.9125e-07	0.00069605	0.01	0.01	0.00013906	4.3774e-07	1.1151e-05	2.5926e-05	3.3785e-06	0.0037938	
0.00046756	4.0064e-05	2.6531e-07	1.9004e-06	0.010444	0.0002052	8.8328e-07	0.00069692	0.01	0.01	0.00014036	4.438e-07	9.6266e-06	2.5848e-05	3.3973e-06	0.0037916	
0.00047757	4.0274e-05	2.8094e-07	1.9072e-06	0.010749	0.00020408	8.7942e-07	0.00069802	0.01	0.01	0.00014177	4.5111e-07	8.3907e-06	2.5772e-05	3.4171e-06	0.0037896	
0.00048778	4.0527e-05	2.9757e-07	1.9178e-06	0.011067	0.00020297	8.7929e-07	0.00069934	0.01	0.01	0.00014328	4.5958e-07	7.3778e-06	2.5699e-05	3.4376e-06	0.0037878	
0.0004982	4.0822e-05	3.153e-07	1.9321e-06	0.011398	0.00020187	8.8288e-07	0.00070091	0.01	0.01	0.00014489	4.6923e-07	6.5481e-06	2.5628e-05	3.4588e-06	0.0037861	
0.00050883	4.1164e-05	3.3436e-07	1.9505e-06	0.011743	0.00020077	8.9057e-07	0.00069517	0.01	0.01	0.00014662	4.8027e-07	5.8775e-06	2.5559e-05	3.481e-06	0.0037846	
0.00051969	4.1556e-05	3.5486e-07	1.9732e-06	0.012103	0.00019969	9.0242e-07	0.00068985	0.01	0.01	0.00014847	4.9275e-07	5.3368e-06	2.5493e-05	3.5043e-06	0.0037833	
0.00053049	4.1933e-05	3.7341e-07	1.9911e-06	0.01246	0.0001986	9.1076e-07	0.00068444	0.01	0.01	0.0001503	5.034e-07	4.766e-06	2.542e-05	3.5233e-06	0.003782	
0.00054151	4.2359e-05	3.9336e-07	2.0129e-06	0.012832	0.00019752	9.2302e-07	0.00067941	0.01	0.01	0.00015224	5.154e-07	4.3008e-06	2.535e-05	3.543e-06	0.0037808	
0.00055248	4.277e-05	4.1133e-07	2.0299e-06	0.013202	0.00019643	9.3175e-07	0.00067429	0.01	0.01	0.00015415	5.2556e-07	3.8085e-06	2.5273e-05	3.5585e-06	0.0037796	
0.00056368	4.3234e-05	4.3095e-07	2.0513e-06	0.013272	0.00019535	9.4485e-07	0.00066956	0.01	0.01	0.0001562	5.3727e-07	3.4123e-06	2.5199e-05	3.5751e-06	0.0037785	
0.00057482	4.3682e-05	4.4849e-07	2.0676e-06	0.013341	0.00019426	9.5419e-07	0.00066477	0.01	0.01	0.0001582	5.4705e-07	2.989e-06	2.5119e-05	3.5873e-06	0.0037774	
0.00058619	4.4185e-05	4.6772e-07	2.0882e-06	0.013414	0.00019318	9.679e-07	0.00066034	0.01	0.01	0.00016035	5.5839e-07	2.6472e-06	2.5041e-05	3.6004e-06	0.0037765	
0.0005975	4.467e-05	4.8486e-07	2.1039e-06	0.013486	0.0001921	9.7789e-07	0.00065583	0.01	0.01	0.00016246	5.6781e-07	2.2818e-06	2.4956e-05	3.6093e-06	0.0037755	
0.00060905	4.5213e-05	5.0377e-07	2.1239e-06	0.013562	0.00019102	9.9228e-07	0.00065166	0.01	0.01	0.00016471	5.7881e-07	1.9858e-06	2.4874e-05	3.619e-06	0.0037747	
0.00062082	4.5812e-05	5.2438e-07	2.148e-06	0.01364	0.00018995	1.0109e-06	0.00064781	0.01	0.01	0.00016709	5.9129e-07	1.7438e-06	2.4793e-05	3.6295e-06	0.0037741	
0.00063254	4.6393e-05	5.4288e-07	2.1671e-06	0.013719	0.00018888	1.0257e-06	0.00064387	0.01	0.01	0.00016944	6.0184e-07	1.483e-06	2.4706e-05	3.6357e-06	0.0037734	
0.0006442	4.6957e-05	5.5927e-07	2.1811e-06	0.013796	0.00018779	1.0368e-06	0.00063985	0.01	0.01	0.00017175	6.1046e-07	1.203e-06	2.4613e-05	3.6376e-06	0.0037726	
0.00065609	4.7582e-05	5.7759e-07	2.1996e-06	0.013877	0.00018672	1.0525e-06	0.00063615	0.01	0.01	0.00017421	6.2075e-07	9.7434e-07	2.4522e-05	3.6403e-06	0.0037721	
0.00066794	4.8191e-05	5.9388e-07	2.2133e-06	0.013957	0.00018564	1.0647e-06	0.00063239	0.01	0.01	0.00017664	6.2919e-07	7.2984e-07	2.4425e-05	3.6389e-06	0.0037715	
0.00067974	4.8784e-05	6.0815e-07	2.2222e-06	0.014037	0.00018455	1.0733e-06	0.00062855	0.01	0.01	0.00017903	6.3578e-07	4.6909e-07	2.4322e-05	3.6333e-06	0.0037708	
0.00069178	4.9441e-05	6.2441e-07	2.2357e-06	0.01412	0.00018348	1.0866e-06	0.00062503	0.01	0.01	0.00018158	6.4406e-07	2.5352e-07	2.4221e-05	3.6287e-06	0.0037703	
0.00070377	5.0081e-05	6.3863e-07	2.2443e-06	0.014203	0.00018239	1.0963e-06	0.00062144	0.01	0.01	0.00018409	6.5042e-07	2.6088e-07	2.4114e-05	3.6198e-06	0.0037698	
0.000716	5.0784e-05	6.5476e-07	2.2571e-06	0.014289	0.00018131	1.1105e-06	0.00061813	0.01	0.01	0.00018676	6.5837e-07	2.734e-07	2.4009e-05	3.6117e-06	0.0037695	
0.00072817	5.1471e-05	6.6882e-07	2.2651e-06	0.014375	0.00018023	1.1211e-06	0.00061476	0.01	0.01	0.00018938	6.6444e-07	2.7787e-07	2.3897e-05	3.5994e-06	0.003769	
0.00074063	5.2139e-05	6.8081e-07	2.2682e-06	0.014459	0.00017914	1.128e-06	0.00061106	0.01	0.01	0.00019197	6.6864e-07	2.7427e-07	2.3779e-05	3.5828e-06	0.0037689	
0.00075304	5.279e-05	6.9074e-07	2.2664e-06	0.014543	0.00017804	1.1313e-06	0.00060729	0.01	0.01	0.00019452	6.7095e-07	2.6259e-07	2.3655e-05	3.562e-06	0.0037686	
0.00076539	5.3421e-05	6.9848e-07	2.2594e-06	0.014626	0.00017694	1.1307e-06	0.00060345	0.01	0.01	0.00019703	6.7121e-07	4.6476e-07	2.5383e-05	3.5357e-06	0.0037683	
0.00077798	5.4118e-05	7.0817e-07	2.2567e-06	0.014714	0.00017584	1.1347e-06	0.00059989	0.01	0.01	0.0001997	6.7309e-07	7.0708e-07	2.7132e-05	3.5101e-06	0.0037682	
0.00079052	5.4796e-05	7.158e-07	2.2492e-06	0.014801	0.00017474	1.135e-06	0.00059627	0.01	0.01	0.00020232	6.7309e-07	9.3367e-07	2.8872e-05	3.4803e-06	0.003768	
0.00080333	5.5546e-05	7.2555e-07	2.2463e-06	0.014891	0.00017365	1.1402e-06	0.00059295	0.01	0.01	0.00020512	6.7484e-07	1.2102e-06	3.0633e-05	3.4515e-06	0.003768	
0.0008164	5.6372e-05	7.3749e-07	2.248e-06	0.014986	0.00017256	1.1502e-06	0.00058992	0.01	0.01	0.0002081	6.7834e-07	1.5483e-06	3.2417e-05	3.4237e-06	0.0037682	
0.00082973	5.7273e-05	7.5149e-07	2.2538e-06	0.015085	0.00017148	1.1649e-06	0.00058714	0.01	0.01	0.00021126	6.8346e-07	1.5594e-06	3.4222e-05	3.3965e-06	0.0037686	
0.00084299	5.8152e-05	7.633e-07	2.2546e-06	0.015183	0.0001704	1.1757e-06	0.00058429	0.01	0.01	0.00021437	6.8662e-07	1.5587e-06	3.6017e-05	3.365e-06	0.0037688	
0.0008562	5.9012e-05	7.7304e-07	2.2505e-06	0.015281	0.00016931	1.1829e-06	0.00058139	0.01	0.01	0.00021744	6.8793e-07	1.5469e-06	3.7804e-05	3.3293e-06	0.0037691	
0.00086967	5.995e-05	7.8487e-07	2.2506e-06	0.015382	0.00016822	1.1948e-06	0.00057873	0.01	0.01	0.00022069	6.9084e-07	1.5554e-06	3.9612e-05	3.2942e-06	0.0037695	
0.00088308	6.0866e-05	7.945e-07	2.2457e-06	0.015483	0.00016713	1.2028e-06	0.00057601	0.01	0.01	0.00022389	6.918e-07	1.5521e-06	4.141e-05	3.2549e-06	0.0037699	
0.00089642	6.1759e-05	8.0194e-07	2.2356e-06	0.015583	0.00016604	1.2069e-06	0.00057323	0.01	0.01	0.00022705	6.908e-07	1.537e-06	4.32e-05	3.2112e-06	0.0037702	
0.00091003	6.2732e-05	8.1149e-07	2.2298e-06	0.015687	0.00016495	1.2158e-06	0.00057068	0.01	0.01	0.00023039	6.9142e-07	1.542e-06	4.501e-05	3.1681e-06	0.0037707	
0.00092357	6.3683e-05	8.1885e-07	2.2189e-06	0.015789	0.00016385	1.2208e-06	0.00056808	0.01	0.01	0.00023368	6.9008e-07	1.5353e-06	4.6812e-05	3.1208e-06	0.0037711	
0.00093706	6.4613e-05	8.2412e-07	2.2031e-06	0.015892	0.00016274	1.2221e-06	0.00056541	0.01	0.01	0.00023693	6.8688e-07	1.5175e-06	4.8605e-05	3.0692e-06	0.0037715	
0.00095049	6.5522e-05	8.2732e-07	2.1826e-06	0.015993	0.00016163	1.2199e-06	0.00056268	0.01	0.01	0.00024014	6.8182e-07	1.4888e-06	5.0389e-05	3.0135e-06	0.0037718	
0.00096419	6.6515e-05	8.3264e-07	2.1662e-06	0.016099	0.00016053	1.2223e-06	0.0005602	0.01	0.01	0.00024354	6.7837e-07	1.4801e-06	5.2195e-05	2.9584e-06	0.0037723	
0.00097816	6.7596e-05	8.4011e-07	2.1538e-06	0.016209	0.00015944	1.2294e-06	0.00055796	0.01	0.01	0.00024714	6.765e-07	1.491e-06	5.4023e-05	2.9039e-06	0.003773	
0.00099207	6.8655e-05	8.455e-07	2.1367e-06	0.016318	0.00015833	1.2329e-06	0.00055565	0.01	0.01	0.00025069	6.7278e-07	1.491e-06	5.5842e-05	2.8452e-06	0.0037736	
0.0010063	6.9813e-05	8.5326e-07	2.1239e-06	0.016433	0.00015724	1.2415e-06	0.00055359	0.01	0.01	0.00025447	6.7079e-07	1.5122e-06	5.7685e-05	2.7873e-06	0.0037744	
0.0010204	7.0944e-05	8.5881e-07	2.1062e-06	0.016546	0.00015614	1.2463e-06	0.00055147	0.01	0.01	0.00025819	6.6686e-07	1.5216e-06	5.9519e-05	2.7251e-06	0.0037752	
0.0010345	7.2049e-05	8.6215e-07	2.0834e-06	0.016658	0.00015503	1.2472e-06	0.00054928	0.01	0.01	0.00026186	6.6098e-07	1.5193e-06	6.1343e-05	2.6586e-06	0.0037759	
0.0010488	7.3256e-05	8.6788e-07	2.065e-06	0.016775	0.00015393	1.2532e-06	0.00054733	0.01	0.01	0.00026575	6.5681e-07	1.5384e-06	6.3191e-05	2.5928e-06	0.0037767	
0.0010635	7.4567e-05	8.7585e-07	2.0504e-06	0.016898	0.00015284	1.264e-06	0.0005456	0.01	0.01	0.00026548	6.542e-07	1.5783e-06	6.5062e-05	2.5275e-06	0.0037778	
0.0010781	7.5849e-05	8.8159e-07	2.0309e-06	0.017019	0.00015174	1.271e-06	0.0005438	0.01	0.01	0.00026517	6.4965e-07	1.6061e-06	6.6923e-05	2.4579e-06	0.0037787	
0.001093	7.724e-05	8.896e-07	2.0153e-06	0.017145	0.00015065	1.2829e-06	0.00054222	0.01	0.01	0.00026496	6.4663e-07	1.6557e-06	6.8808e-05	2.3888e-06	0.0037799	
0.0011078	7.8605e-05	8.955e-07	1.9949e-06	0.017271	0.00014955	1.291e-06	0.00054059	0.01	0.01	0.00026472	6.4169e-07	2.6038e-06	7.0684e-05	2.3155e-06	0.003781	
0.0011229	8.0091e-05	9.0389e-07	1.9786e-06	0.017402	0.00014846	1.3046e-06	0.00053917	0.01	0.01	0.00026458	6.3843e-07	3.764e-06	7.2585e-05	2.2428e-06	0.0037823	
0.001138	8.1549e-05	9.1016e-07	1.9577e-06	0.017532	0.00014736	1.3144e-06	0.00053771	0.01	0.01	0.00026442	6.3332e-07	4.8735e-06	7.4477e-05	2.1659e-06	0.0037835	
0.001153	8.298e-05	9.1431e-07	1.9319e-06	0.017661	0.00014626	1.3205e-06	0.00053619	0.01	0.01	0.00026423	6.2637e-07	5.9341e-06	7.636e-05	2.0849e-06	0.0037847	
0.0011683	8.2753e-05	9.2078e-07	1.91e-06	0.017795	0.00014516	1.3317e-06	0.00053488	0.01	0.01	0.00026414	6.2093e-07	7.2218e-06	7.8267e-05	2.0043e-06	0.0037861	
0.0011839	8.2583e-05	9.2961e-07	1.8917e-06	0.017935	0.00014407	1.348e-06	0.00053377	0.01	0.01	0.00026414	6.1696e-07	8.7854e-06	8.0199e-05	1.924e-06	0.0037876	
0.0011994	8.2395e-05	9.3618e-07	1.8684e-06	0.018074	0.00014297	1.3603e-06	0.0005326	0.01	0.01	0.00026411	6.1108e-07	1.0273e-05	8.2121e-05	1.8394e-06	0.0037891	
0.0012153	8.2267e-05	9.4534e-07	1.8492e-06	0.018219	0.00014188	1.3782e-06	0.00053164	0.01	0.01	0.00026418	6.0679e-07	1.21e-05	8.4068e-05	1.7553e-06	0.0037907	
0.0012315	8.2199e-05	9.5714e-07	1.8338e-06	0.018371	0.0001408	1.4019e-06	0.00053088	0.01	0.01	0.00026435	6.0409e-07	1.4342e-05	8.6043e-05	1.6716e-06	0.0037925	
0.001248	8.2188e-05	9.7166e-07	1.8222e-06	0.018529	0.00013973	1.4317e-06	0.00053032	0.01	0.01	0.00026462	6.0299e-07	1.4735e-05	8.8044e-05	1.5882e-06	0.0037945	
0.0012645	8.2163e-05	9.8402e-07	1.806e-06	0.018686	0.00013865	1.4576e-06	0.00052972	0.01	0.01	0.00026486	6.0005e-07	1.51e-05	9.0036e-05	1.5007e-06	0.0037965	
0.0012813	8.2193e-05	9.9894e-07	1.7932e-06	0.018849	0.00013757	1.4893e-06	0.0005293	0.01	0.01	0.0002652	5.9854e-07	1.5575e-05	9.2055e-05	1.4133e-06	0.0037986	
0.001298	8.2205e-05	1.0116e-06	1.7755e-06	0.019012	0.00013649	1.5169e-06	0.00052883	0.01	0.01	0.00026551	5.9511e-07	1.6015e-05	9.4063e-05	1.3216e-06	0.0038007	
0.0013147	8.2202e-05	1.022e-06	1.7532e-06	0.019172	0.00013902	1.5406e-06	0.00052831	0.01	0.01	0.0002658	5.8985e-07	1.6426e-05	9.6061e-05	1.2259e-06	0.0038027	
0.0013313	8.2182e-05	1.0301e-06	1.7259e-06	0.019332	0.00014154	1.5601e-06	0.00052774	0.01	0.01	0.00026605	5.8267e-07	1.6804e-05	9.8046e-05	1.3839e-06	0.0038047	
0.0013478	8.2144e-05	1.0359e-06	1.6936e-06	0.01949	0.00014406	1.5756e-06	0.00052711	0.01	0.01	0.00026628	5.7357e-07	1.7151e-05	0.00010002	1.5374e-06	0.0038066	
0.0013642	8.2088e-05	1.0394e-06	1.6565e-06	0.019646	0.00014656	1.587e-06	0.00052642	0.01	0.01	0.00026648	5.6254e-07	1.7466e-05	0.00010198	1.6864e-06	0.0038085	
0.001381	8.2091e-05	1.0457e-06	1.6231e-06	0.01981	0.00014909	1.6046e-06	0.00052594	0.01	0.01	0.00026677	5.5309e-07	1.7896e-05	0.00010398	1.8371e-06	0.0038105	
0.0013981	8.215e-05	1.0547e-06	1.5932e-06	0.01998	0.00015163	1.6282e-06	0.00052564	0.01	0.01	0.00026293	5.4503e-07	1.845e-05	0.00010599	1.9894e-06	0.0038127	
0.0014152	8.2192e-05	1.0613e-06	1.5583e-06	0.020149	0.00015416	1.6476e-06	0.00052529	0.01	0.01	0.00025903	5.3506e-07	1.8966e-05	0.000108	2.1371e-06	0.0038149	
0.0014321	8.2215e-05	1.0655e-06	1.5185e-06	0.020316	0.00015668	1.6628e-06	0.00052489	0.01	0.01	0.00025507	5.2318e-07	1.9445e-05	0.00011	2.2803e-06	0.003817	
0.0014494	8.2295e-05	1.0725e-06	1.482e-06	0.02049	0.00015922	1.6841e-06	0.00052467	0.01	0.01	0.00025133	5.1269e-07	1.911e-05	0.00011202	2.4252e-06	0.0038193	
0.0014667	8.2359e-05	1.0772e-06	1.4409e-06	0.020663	0.00016176	1.7015e-06	0.0005244	0.01	0.01	0.00024754	5.0037e-07	1.8745e-05	0.00011404	2.5657e-06	0.0038216	
0.0014843	8.2484e-05	1.0848e-06	1.4033e-06	0.020844	0.00016431	1.7257e-06	0.00052434	0.01	0.01	0.00024398	4.8954e-07	1.849e-05	0.00011608	2.7082e-06	0.003824	
0.0015018	8.2589e-05	1.0901e-06	1.3608e-06	0.021023	0.00016685	1.7455e-06	0.00052421	0.01	0.01	0.00024037	4.7678e-07	1.8203e-05	0.00011812	2.8461e-06	0.0038264	
0.0015197	8.2757e-05	1.0984e-06	1.3219e-06	0.02121	0.00016941	1.584e-06	0.00052429	0.01	0.01	0.00023697	4.6553e-07	1.802e-05	0.00012018	2.9863e-06	0.0038289	
0.001538	8.2989e-05	1.1099e-06	1.2865e-06	0.021406	0.00017196	1.4382e-06	0.00052458	0.01	0.01	0.00023379	4.5574e-07	1.7932e-05	0.00012223	3.1218e-06	0.0038316	
0.0015567	8.3282e-05	1.1244e-06	1.2541e-06	0.021611	0.00017453	1.3058e-06	0.00052506	0.01	0.01	0.0002308	4.4722e-07	1.7929e-05	0.00012431	3.2594e-06	0.0038346	
0.0015758	8.3643e-05	1.1422e-06	1.2249e-06	0.021825	0.00017712	1.1863e-06	0.00052576	0.01	0.01	0.000228	4.4008e-07	1.8018e-05	0.00012643	3.3997e-06	0.0038377	
0.0015953	8.4072e-05	1.1634e-06	1.1987e-06	0.022048	0.00017972	1.078e-06	0.00052666	0.01	0.01	0.00022538	4.342e-07	1.8199e-05	0.00012857	3.5426e-06	0.003841	
0.0016153	8.4574e-05	1.1881e-06	1.1754e-06	0.022282	0.00018235	9.8014e-07	0.00052777	0.01	0.01	0.00022294	4.2961e-07	1.8482e-05	0.00013075	3.6884e-06	0.0038445	
0.0016351	8.5051e-05	1.2101e-06	1.147e-06	0.022513	0.00018496	8.7678e-07	0.00052882	0.01	0.01	0.00022044	4.2303e-07	1.873e-05	0.00013291	3.8291e-06	0.0038479	
0.0016548	8.5499e-05	1.2291e-06	1.1132e-06	0.022741	0.00018756	9.3557e-07	0.00052979	0.01	0.01	0.00021788	4.143e-07	1.8939e-05	0.00013506	3.9642e-06	0.0038513	
0.0016751	8.6044e-05	1.2532e-06	1.084e-06	0.022983	0.00019001	8.9561e-07	0.00053103	0.01	0.01	0.00021554	4.0758e-07	1.9286e-05	0.00013707	5.1395e-06	0.0038549	
0.0016952	8.6552e-05	1.2738e-06	1.049e-06	0.02322	0.00019244	8.5028e-07	0.00053218	0.01	0.01	0.00021312	3.9852e-07	1.9582e-05	0.00013906	6.298e-06	0.0038584	
0.0017158	8.7153e-05	1.2992e-06	1.0179e-06	0.02347	0.00019489	8.1176e-07	0.00053359	0.01	0.01	0.0002109	3.9117e-07	2.0018e-05	0.00014108	7.495e-06	0.0038621	
0.001737	8.7851e-05	1.3296e-06	9.9057e-07	0.023734	0.00019737	7.7943e-07	0.00053528	0.01	0.01	0.00020886	3.8548e-07	2.0621e-05	0.00014315	8.732e-06	0.0038661	
0.0017587	8.8655e-05	1.3653e-06	9.668e-07	0.024012	0.00019986	7.5286e-07	0.00053726	0.01	0.01	0.00020699	3.8139e-07	2.1431e-05	0.00014525	1.0011e-05	0.0038703	
0.001781	8.958e-05	1.4072e-06	9.4688e-07	0.024306	0.00020239	7.3216e-07	0.00053955	0.01	0.01	0.0002053	3.7907e-07	2.2524e-05	0.0001474	1.1336e-05	0.0038748	
0.0018032	9.0463e-05	1.4455e-06	9.215e-07	0.024596	0.0002049	7.0691e-07	0.00054174	0.01	0.01	0.00020355	3.7456e-07	2.3521e-05	0.00014953	1.2644e-05	0.0038792	
0.0018252	9.1304e-05	1.48e-06	8.9049e-07	0.024881	0.0002074	6.7688e-07	0.00054382	0.01	0.01	0.00020174	3.678e-07	2.4426e-05	0.00015164	1.3934e-05	0.0038835	
0.0018478	9.2287e-05	1.5219e-06	8.642e-07	0.025185	0.00020993	6.5367e-07	0.00054627	0.01	0.01	0.00020012	3.6318e-07	2.4475e-05	0.0001538	1.5277e-05	0.003888	
0.0018703	9.3216e-05	1.5594e-06	1.0417e-06	0.025482	0.00021244	6.2678e-07	0.00054858	0.01	0.01	0.00019844	3.5615e-07	2.4468e-05	0.00015594	1.6599e-05	0.0038925	
0.0018934	9.4293e-05	1.6045e-06	1.2355e-06	0.025799	0.00021498	6.0616e-07	0.00055128	0.01	0.01	0.00019693	3.5116e-07	2.4617e-05	0.00015813	1.7975e-05	0.0038973	
0.0019163	9.5313e-05	1.6451e-06	1.419e-06	0.026109	0.00021751	5.8043e-07	0.00055382	0.01	0.01	0.00019536	3.4373e-07	2.4705e-05	0.00016029	1.9328e-05	0.0039019	
0.001939	9.6276e-05	1.6811e-06	1.5922e-06	0.026413	0.00022002	5.4941e-07	0.00055622	0.01	0.01	0.00019371	3.3439e-07	2.473e-05	0.00016244	2.0659e-05	0.0039064	
0.0019614	9.7182e-05	1.7125e-06	1.7552e-06	0.02671	0.00022252	5.1296e-07	0.00055848	0.01	0.01	0.00019199	3.2254e-07	2.4693e-05	0.00016456	2.1967e-05	0.0039109	
0.0019836	9.8031e-05	2.0695e-06	2.9473e-06	0.027	0.00022501	4.7089e-07	0.00056058	0.01	0.01	0.00019019	3.0812e-07	2.459e-05	0.00016666	2.3252e-05	0.0039151	
0.0020054	9.8818e-05	2.4076e-06	4.0881e-06	0.027281	0.00022747	5.2952e-07	0.00056252	0.01	0.01	0.00019192	3.5736e-07	2.4399e-05	0.00016874	2.4511e-05	0.0039193	
0.0020271	9.9547e-05	2.729e-06	5.1828e-06	0.027556	0.00022993	5.8156e-07	0.00056431	0.01	0.01	0.00019356	4.0286e-07	2.4135e-05	0.00017079	2.5745e-05	0.0039233	
0.002031	0.00010041	3.0887e-06	6.3843e-06	0.027848	0.00023241	6.4248e-07	0.00056645	0.01	0.01	0.0001954	4.5328e-07	2.4033e-05	0.00017289	2.7031e-05	0.0039277	
0.0020349	0.00010121	3.4323e-06	7.5418e-06	0.028134	0.00023487	6.9695e-07	0.00056844	0.01	0.01	0.00019715	5.0007e-07	2.3868e-05	0.00017497	2.8294e-05	0.003932	
0.0020387	0.00010197	3.761e-06	8.6585e-06	0.028415	0.00023732	7.453e-07	0.00057031	0.01	0.01	0.00019884	5.434e-07	2.364e-05	0.00017702	2.9536e-05	0.0039361	
0.0020427	0.00010286	4.1283e-06	9.8825e-06	0.028712	0.0002398	8.0265e-07	0.00057252	0.01	0.01	0.00020071	5.9169e-07	2.3567e-05	0.00017913	3.0828e-05	0.0039405	
0.0020469	0.00010389	4.5389e-06	1.1224e-05	0.029028	0.00024231	8.702e-07	0.00057509	0.01	0.01	0.00020278	6.455e-07	2.3637e-05	0.00018128	3.2173e-05	0.0039453	
0.0020514	0.00010508	4.9981e-06	1.2697e-05	0.029363	0.00024484	9.4948e-07	0.00057806	0.01	0.01	0.00020507	7.0548e-07	2.3858e-05	0.00018348	3.3573e-05	0.0039502	
0.0020558	0.0001062	5.4378e-06	1.4118e-05	0.029691	0.00024736	1.0213e-06	0.00058087	0.01	0.01	0.00020727	7.6142e-07	2.4018e-05	0.00018565	3.495e-05	0.0039551	
0.0020601	0.00010727	5.8608e-06	1.5494e-05	0.030013	0.00024986	1.0866e-06	0.00058356	0.01	0.01	0.0002094	8.1372e-07	2.4127e-05	0.00018781	3.6306e-05	0.0039599	
0.0020647	0.00010851	6.3367e-06	1.7012e-05	0.030356	0.0002524	1.1647e-06	0.00058665	0.01	0.01	0.00021175	8.7288e-07	2.3496e-05	0.00019002	3.7721e-05	0.0039649	
0.0020695	0.00010993	6.8701e-06	1.868e-05	0.03072	0.00025496	1.2571e-06	0.00059018	0.01	0.01	0.00021435	9.3927e-07	2.307e-05	0.00019228	3.9194e-05	0.0039703	
0.0020742	0.00011129	7.3817e-06	2.0291e-05	0.031077	0.00025756	2.0027e-06	0.00059355	0.01	0.01	0.00021685	1.0014e-06	2.2576e-05	0.00019459	4.073e-05	0.0039755	
0.0020788	0.00011256	7.8692e-06	2.184e-05	0.031426	0.00026013	2.7054e-06	0.00059673	0.01	0.01	0.00021926	1.4735e-06	2.1983e-05	0.00019688	4.2237e-05	0.0039807	
0.0020834	0.00011377	8.334e-06	2.333e-05	0.031769	0.00026269	3.3681e-06	0.00059975	0.01	0.01	0.00022157	1.9256e-06	2.1297e-05	0.00019914	4.3718e-05	0.0039857	
0.0020881	0.00011515	8.8551e-06	2.4967e-05	0.032131	0.00026528	4.154e-06	0.00060319	0.01	0.01	0.00022411	2.427e-06	2.0826e-05	0.00020145	4.526e-05	0.0039909	
0.0020928	0.00011646	9.3524e-06	2.6543e-05	0.032486	0.00026786	4.8957e-06	0.00060645	0.01	0.01	0.00022655	2.9074e-06	2.0274e-05	0.00020374	4.6776e-05	0.0039961	
0.0020977	0.00011796	9.9095e-06	2.8274e-05	0.032863	0.00027046	5.7506e-06	0.00061014	0.01	0.01	0.00022924	3.4407e-06	1.8076e-05	0.00020608	4.8353e-05	0.0040015	
0.0021025	0.00011937	1.0441e-05	2.994e-05	0.033231	0.00027305	6.5579e-06	0.00061366	0.01	0.01	0.00023183	3.9505e-06	1.7984e-05	0.0002084	4.9904e-05	0.0040069	
0.0021072	0.00012073	1.0953e-05	3.1605e-05	0.033594	0.00027563	7.3265e-06	0.00061703	0.01	0.01	0.00023433	4.4421e-06	1.7843e-05	0.0002107	5.1431e-05	0.0040121	
0.0021121	0.00012228	1.1528e-05	3.3268e-05	0.033978	0.00027823	8.2174e-06	0.00062085	0.01	0.01	0.00023708	4.9896e-06	1.7835e-05	0.00021305	5.3023e-05	0.0040176	
0.0021174	0.00012404	1.2175e-05	3.4929e-05	0.034386	0.00028087	9.2509e-06	0.00062517	0.01	0.01	0.00024012	5.5997e-06	1.7961e-05	0.00021545	5.4685e-05	0.0040234	
0.0021225	0.00012573	1.2794e-05	3.6588e-05	0.034785	0.00028349	1.0228e-05	0.0006293	0.01	0.01	0.00024304	6.1848e-06	1.8032e-05	0.00021784	5.6318e-05	0.0040291	
0.0021279	0.00012765	1.3491e-05	3.8246e-05	0.034884	0.00028614	1.1364e-05	0.00063395	0.01	0.01	0.00024627	6.8381e-06	1.8248e-05	0.00022027	5.8023e-05	0.0040351	
0.0021336	0.00012983	1.4278e-05	3.9903e-05	0.034882	0.00028883	1.2688e-05	0.00063918	0.01	0.01	0.00024982	7.5684e-06	1.8635e-05	0.00022277	5.9803e-05	0.0040414	
0.0021392	0.00013191	1.5029e-05	4.1557e-05	0.034878	0.00029149	1.3937e-05	0.00064418	0.01	0.01	0.00025325	8.2679e-06	1.8949e-05	0.00022524	6.1552e-05	0.0040476	
0.0021446	0.00013389	1.5746e-05	4.321e-05	0.034872	0.00029414	1.5115e-05	0.00064896	0.01	0.01	0.00025655	8.9377e-06	1.9194e-05	0.00022769	6.327e-05	0.0040536	
