Theropithecus_gelada	Saimiri_boliviensis	Rhinopithecus_roxellana	Rhinopithecus_bieti	Pongo_abelii	Piliocolobus_tephrosceles	Papio_anubis	Pan_troglodytes	Pan_paniscus	Mandrillus_leucophaeus	Macaca_nemestrina	Macaca_mulatta	Macaca_fascicularis	Homo_sapiens	Gorilla_gorilla	Colobus_angolensis	Chlorocebus_sabaeus	Cercocebus_atys	Cebus_imitator	Callithrix_jacchus	Aotus_nancymaae	
6.9465e-06	1.2615e-05	0.026313	1.5314e-05	9.4307e-07	0.00012945	1.0889e-06	0.01	0.01	1.677e-06	0.00050344	5.9299e-07	0.0087462	0.0068629	0.0090457	0.0030105	0.0051443	0.00038933	3.2589e-05	0.0001887	2.79e-05	
6.7951e-06	1.1903e-05	0.026359	9.824e-06	7.1153e-07	0.00012193	9.506e-07	0.01	0.01	1.4772e-06	0.00049922	4.4014e-07	0.0087454	0.0068612	0.0090363	0.0030121	0.0051426	0.00038605	3.1783e-05	0.00018677	2.6933e-05	
7.1024e-06	1.1397e-05	0.026407	6.3284e-06	7.1856e-07	0.0001148	9.8466e-07	0.01	0.01	1.5057e-06	0.00049498	4.4555e-07	0.0087446	0.0068595	0.0090269	0.0030139	0.005141	0.00038263	3.1246e-05	0.00018535	2.631e-05	
7.3678e-06	1.082e-05	0.026454	2.3651e-06	7.0977e-07	0.00011342	1.0045e-06	0.01	0.01	1.5262e-06	0.00049071	4.4054e-07	0.0087437	0.0068578	0.0090174	0.003014	0.0051393	0.00037917	3.0616e-05	0.00018375	2.5572e-05	
7.6306e-06	1.0242e-05	0.026478	1.3487e-06	6.1304e-07	0.00011204	1.0221e-06	0.01	0.01	1.4332e-06	0.00048649	3.7934e-07	0.0087429	0.0068561	0.009008	0.0030141	0.0051376	0.00037578	2.9985e-05	0.00017879	2.5176e-05	
7.8909e-06	8.9335e-06	0.0265	1.2295e-06	4.9131e-07	0.00011065	1.0376e-06	0.01	0.01	1.3303e-06	0.00048225	3.018e-07	0.0087421	0.0068544	0.0089985	0.0030142	0.005136	0.00037236	2.9757e-05	0.00017622	2.4173e-05	
8.1487e-06	8.2043e-06	0.026523	1.1759e-06	4.4848e-07	0.00010925	1.0509e-06	0.01	0.01	1.2556e-06	0.00047805	2.7548e-07	0.0087413	0.0068528	0.0089891	0.0030143	0.0051343	0.000369	2.8989e-05	0.00016897	2.3616e-05	
8.4039e-06	7.9285e-06	0.026546	1.4325e-06	3.8034e-07	0.00010785	1.062e-06	0.01	0.01	1.1684e-06	0.00047382	2.3267e-07	0.0087405	0.0068511	0.0089796	0.0030144	0.0051326	0.00036561	2.8768e-05	0.0001571	2.3627e-05	
8.6566e-06	7.7902e-06	0.026569	1.6509e-06	2.9292e-07	0.00010644	1.0709e-06	0.01	0.01	1.0719e-06	0.00046958	1.7728e-07	0.0087397	0.0068494	0.0089701	0.0030145	0.005131	0.0003622	2.8757e-05	0.00015309	2.3432e-05	
8.9068e-06	7.3402e-06	0.026606	1.6966e-06	3.2277e-07	0.00010503	1.0777e-06	0.01	0.01	1.1455e-06	0.00046531	1.9666e-07	0.0087388	0.0068477	0.0089606	0.0030146	0.0051293	0.00035875	2.8942e-05	0.0001505	2.3445e-05	
9.3804e-06	7.1581e-06	0.026645	1.8126e-06	4.1141e-07	0.00010372	1.1445e-06	0.01	0.01	1.2458e-06	0.00046108	2.5505e-07	0.008738	0.006846	0.0089511	0.0030149	0.0051276	0.00035537	2.8843e-05	0.00014486	2.3163e-05	
9.7955e-06	6.9432e-06	0.026683	1.8971e-06	4.8043e-07	0.00010236	1.1848e-06	0.01	0.01	1.3366e-06	0.00045683	3.0032e-07	0.0087372	0.0068443	0.0089415	0.0030151	0.0051259	0.00035195	2.8692e-05	0.00013869	2.281e-05	
9.8694e-06	6.8387e-06	0.026718	2.719e-06	4.8041e-07	0.00010097	1.1513e-06	0.01	0.01	1.3199e-06	0.00045262	3.0076e-07	0.0087365	0.0068427	0.008932	0.0030152	0.0051243	0.0003486	2.8023e-05	0.00013387	2.2634e-05	
1.0068e-05	6.7324e-06	0.026752	3.5357e-06	5.2461e-07	9.9653e-05	1.1698e-06	0.01	0.01	1.3188e-06	0.00044845	3.3086e-07	0.0087357	0.0068411	0.0089225	0.0030155	0.0051226	0.00034529	2.7354e-05	0.00012444	2.2133e-05	
1.0224e-05	6.6243e-06	0.026786	4.3471e-06	5.4962e-07	9.8308e-05	1.1709e-06	0.01	0.01	1.3094e-06	0.00044427	3.4801e-07	0.008735	0.0068395	0.0089129	0.0030157	0.0051209	0.00034197	2.6682e-05	0.00011436	2.1558e-05	
1.6163e-05	4.2238e-06	0.027441	1.7698e-05	7.9809e-08	7.3663e-05	2.1315e-06	0.01	0.01	5.1061e-07	0.00036354	3.8963e-08	0.0087203	0.0068082	0.0087294	0.0030223	0.0050886	0.00027787	1.3605e-05	9.1533e-05	8.4485e-06	
1.6466e-05	4.0551e-06	0.027478	1.7797e-05	5.3857e-08	7.2319e-05	2.1666e-06	0.01	0.01	4.5846e-07	0.00035929	2.1458e-08	0.0087196	0.0068065	0.0087196	0.0030226	0.0050868	0.00027452	1.2798e-05	9.0108e-05	7.6478e-06	
1.6766e-05	3.778e-06	0.027517	1.8099e-05	4.3745e-08	7.0969e-05	2.1996e-06	0.01	0.01	4.1829e-07	0.00035507	1.3623e-08	0.0087189	0.006805	0.0087098	0.0030229	0.0050851	0.00027122	1.1552e-05	8.9257e-05	7.2037e-06	
1.8803e-05	2.3772e-06	0.027829	3.0477e-05	1.5446e-07	6.1361e-05	2.3708e-06	0.01	0.01	2.069e-07	0.00033205	1.9983e-08	0.008715	0.0067949	0.0086411	0.003025	0.005073	0.0002493	5.558e-06	8.5134e-05	5.2021e-06	
1.9084e-05	1.9698e-06	0.027875	3.2862e-05	1.0445e-07	5.9966e-05	2.3867e-06	0.01	0.01	1.7162e-07	0.00033369	1.5339e-08	0.0087145	0.0067935	0.0086312	0.0030253	0.0050713	0.00024626	5.2319e-06	8.3733e-05	4.6484e-06	
1.9362e-05	1.9341e-06	0.02792	3.4873e-05	3.2719e-08	5.8565e-05	2.4004e-06	0.01	0.01	1.2946e-07	0.00033532	5.0723e-09	0.008714	0.0067922	0.0086213	0.0030255	0.0050695	0.00024319	4.8387e-06	8.2154e-05	4.0311e-06	
1.9639e-05	1.8216e-06	0.027967	3.8072e-05	2.747e-08	5.7159e-05	2.4121e-06	0.01	0.01	1.4679e-07	0.00033692	6.3595e-09	0.0087135	0.0067908	0.0086115	0.0030258	0.0050678	0.00024009	4.0712e-06	8.1477e-05	3.7579e-06	
1.9913e-05	1.7511e-06	0.028016	4.3053e-05	2.9748e-08	5.5746e-05	2.4215e-06	0.01	0.01	1.6903e-07	0.00033855	1.0063e-08	0.008713	0.0067894	0.0086019	0.0030261	0.0050661	0.00023704	3.5315e-06	8.1048e-05	3.5848e-06	
2.0184e-05	1.7104e-06	0.028068	5.0772e-05	4.0799e-08	5.4328e-05	2.4289e-06	0.01	0.01	1.9719e-07	0.00034019	1.8519e-08	0.0087126	0.0067881	0.0085928	0.0030263	0.0050645	0.00023403	3.1515e-06	8.0844e-05	3.4851e-06	
2.0453e-05	1.6953e-06	0.028121	6.2749e-05	6.7545e-08	5.2905e-05	2.4341e-06	0.01	0.01	2.3267e-07	0.00034186	3.7294e-08	0.0087122	0.0067868	0.0085839	0.0030266	0.005063	0.00023106	2.8861e-06	8.0854e-05	3.444e-06	
2.0719e-05	1.7059e-06	0.028137	6.9139e-05	6.6154e-08	5.1475e-05	2.4372e-06	0.01	0.01	2.2251e-07	0.00034354	3.7904e-08	0.0087118	0.0067856	0.0085755	0.0030269	0.0050616	0.00022815	2.708e-06	7.9666e-05	3.4663e-06	
2.0983e-05	1.7456e-06	0.028152	7.4558e-05	5.736e-08	5.004e-05	2.4381e-06	0.01	0.01	2.0757e-07	0.00034521	3.3724e-08	0.0087114	0.0067843	0.0085668	0.0030271	0.0050601	0.00022521	2.5981e-06	7.8947e-05	3.3353e-06	
2.1245e-05	1.8973e-06	0.028166	7.9147e-05	3.8174e-08	4.86e-05	2.4369e-06	0.01	0.01	1.8664e-07	0.00034686	2.2949e-08	0.008711	0.0067831	0.0085581	0.0030274	0.0050586	0.00022224	2.3568e-06	7.744e-05	3.3758e-06	
2.1504e-05	1.9987e-06	0.02818	8.303e-05	1.0564e-08	4.7153e-05	2.4335e-06	0.01	0.01	1.608e-07	0.0003485	6.813e-09	0.0087106	0.0067818	0.0085492	0.0030276	0.0050571	0.00021926	2.3505e-06	7.5398e-05	3.811e-06	
2.1761e-05	2.0148e-06	0.028197	8.4297e-05	9.8702e-09	4.5701e-05	2.4281e-06	0.01	0.01	1.9957e-07	0.00035012	6.989e-09	0.0087102	0.0067805	0.0085401	0.0030278	0.0050555	0.00021625	2.4267e-06	7.4445e-05	3.9901e-06	
2.2015e-05	2.029e-06	0.028215	8.4317e-05	1.2453e-08	4.4244e-05	2.4204e-06	0.01	0.01	2.4794e-07	0.00035175	9.7212e-09	0.0087098	0.0067792	0.0085314	0.0030281	0.005054	0.00021328	2.5005e-06	7.2366e-05	4.5316e-06	
2.2267e-05	2.0754e-06	0.028235	8.4802e-05	2.0567e-08	4.278e-05	2.4107e-06	0.01	0.01	3.1015e-07	0.00035341	1.7355e-08	0.0087095	0.006778	0.008523	0.0030283	0.0050526	0.00021037	2.6246e-06	7.0767e-05	5.3422e-06	
2.2517e-05	2.053e-06	0.028254	8.51e-05	1.303e-08	4.1311e-05	2.3988e-06	0.01	0.01	3.1249e-07	0.00035509	1.3397e-08	0.0087091	0.0067768	0.008515	0.0030285	0.0050512	0.00020749	2.9492e-06	7.0178e-05	5.7216e-06	
2.658e-06	4.9228e-06	0.031257	6.2098e-05	1.0203e-05	4.2911e-05	2.4099e-06	0.01	0.01	9.3681e-06	0.00053224	8.0039e-06	0.0086918	0.0066193	0.0074722	0.0023158	0.0048768	0.00029614	1.41e-05	0.0001405	1.712e-05	
2.7301e-06	4.824e-06	0.031282	6.0413e-05	1.0245e-05	4.3221e-05	2.4675e-06	0.01	0.01	9.3839e-06	0.00053318	8.0268e-06	0.0086916	0.006618	0.0074635	0.0023053	0.0048753	0.00029656	1.4045e-05	0.00014077	1.7033e-05	
2.7996e-06	4.7234e-06	0.031308	5.8723e-05	1.0285e-05	4.3524e-05	2.523e-06	0.01	0.01	9.3971e-06	0.00053411	8.0475e-06	0.0086915	0.0066166	0.0074546	0.0022949	0.0048739	0.00029699	1.3987e-05	0.00014103	1.6943e-05	
2.8663e-06	4.621e-06	0.031334	5.703e-05	1.032e-05	4.3822e-05	2.5765e-06	0.01	0.01	9.4078e-06	0.00053506	8.066e-06	0.0086913	0.0066153	0.0074461	0.0022844	0.0048725	0.0002974	1.3927e-05	0.00014128	1.6851e-05	
2.9302e-06	4.5167e-06	0.031359	5.5332e-05	1.0352e-05	4.4112e-05	2.6277e-06	0.01	0.01	9.4158e-06	0.00053603	8.0822e-06	0.0086912	0.006614	0.0074379	0.002274	0.0048711	0.00029781	1.3865e-05	0.00014153	1.6756e-05	
2.9915e-06	4.4105e-06	0.031385	5.363e-05	1.0381e-05	4.4397e-05	2.6769e-06	0.01	0.01	9.4213e-06	0.00053699	8.0961e-06	0.008691	0.0066127	0.0074296	0.0022635	0.0048698	0.00029822	1.3801e-05	0.00014177	1.6659e-05	
3.05e-06	4.3026e-06	0.031411	5.1924e-05	1.0407e-05	4.4674e-05	2.7239e-06	0.01	0.01	9.4243e-06	0.00053793	8.1078e-06	0.0086908	0.0066114	0.0074211	0.0022531	0.0048684	0.00029862	1.3734e-05	0.00014202	1.6559e-05	
3.1057e-06	4.1927e-06	0.031436	5.0214e-05	1.0429e-05	4.4946e-05	2.7689e-06	0.01	0.01	9.4247e-06	0.00053885	8.1173e-06	0.0086907	0.0066101	0.0074125	0.0022426	0.0048669	0.00029902	1.3666e-05	0.00014225	1.6456e-05	
3.1588e-06	4.081e-06	0.031462	4.8499e-05	1.0448e-05	4.521e-05	2.8117e-06	0.01	0.01	9.4225e-06	0.00053975	8.1245e-06	0.0086905	0.0066087	0.0074625	0.0022322	0.0048655	0.00029941	1.3595e-05	0.00014249	1.635e-05	
3.2091e-06	3.9675e-06	0.031488	4.6781e-05	1.0463e-05	4.5469e-05	2.8523e-06	0.01	0.01	9.4177e-06	0.00054063	8.1294e-06	0.0086904	0.0066074	0.0075122	0.0022217	0.004864	0.00029979	1.3522e-05	0.00014271	1.6242e-05	
3.2567e-06	3.8521e-06	0.031514	4.5058e-05	1.0476e-05	4.572e-05	2.8909e-06	0.01	0.01	9.4104e-06	0.00054154	8.1322e-06	0.0086902	0.006606	0.0075627	0.0022112	0.0048626	0.00030017	1.3447e-05	0.00014294	1.6131e-05	
3.3016e-06	3.7349e-06	0.03154	4.3331e-05	1.0484e-05	4.5965e-05	2.9273e-06	0.01	0.01	9.4006e-06	0.00054247	8.1326e-06	0.00869	0.0066047	0.007614	0.0022008	0.0048612	0.00030055	1.337e-05	0.00014316	1.6018e-05	
3.3437e-06	3.6158e-06	0.031565	4.16e-05	1.049e-05	4.6204e-05	2.9616e-06	0.01	0.01	9.3881e-06	0.00054339	8.1308e-06	0.0086899	0.0066034	0.007665	0.0021903	0.0048598	0.00030092	1.3291e-05	0.00014337	1.5902e-05	
3.3832e-06	3.4949e-06	0.031591	3.9864e-05	1.0492e-05	4.6436e-05	2.9938e-06	0.01	0.01	9.3731e-06	0.00054432	8.1268e-06	0.0086897	0.0066022	0.0077168	0.0021799	0.0048585	0.00030128	1.3209e-05	0.00014359	1.5783e-05	
3.4199e-06	3.3722e-06	0.031617	3.8125e-05	1.049e-05	4.6662e-05	3.0238e-06	0.01	0.01	9.3555e-06	0.00054524	8.1205e-06	0.0086895	0.0066009	0.0077683	0.0021694	0.0048572	0.00030164	1.3126e-05	0.00014379	1.5661e-05	
3.4538e-06	3.2476e-06	0.031643	3.6381e-05	1.0486e-05	4.6881e-05	3.0518e-06	0.01	0.01	9.3354e-06	0.00054619	8.112e-06	0.0086894	0.0065996	0.0078207	0.002159	0.0048559	0.000302	1.304e-05	0.000144	1.5537e-05	
3.4851e-06	3.1211e-06	0.031669	3.4633e-05	1.0478e-05	4.7094e-05	3.0776e-06	0.01	0.01	9.3127e-06	0.00054715	8.1012e-06	0.0086892	0.0065984	0.0078738	0.0021485	0.0048547	0.00030235	1.2952e-05	0.00014419	1.541e-05	
3.5136e-06	2.9928e-06	0.031695	3.288e-05	1.0466e-05	4.73e-05	3.1013e-06	0.01	0.01	9.2874e-06	0.00054814	8.0882e-06	0.008689	0.0065973	0.0079278	0.0021381	0.0048536	0.00030269	1.2862e-05	0.00014439	1.5281e-05	
3.5393e-06	2.8626e-06	0.031721	3.1124e-05	1.0451e-05	4.75e-05	3.1229e-06	0.01	0.01	9.2596e-06	0.00054916	8.0729e-06	0.0086889	0.0065962	0.0079826	0.0021276	0.0048526	0.00030303	1.277e-05	0.00014458	1.5149e-05	
3.5624e-06	2.7306e-06	0.031747	2.9363e-05	1.0433e-05	4.7693e-05	3.1423e-06	0.01	0.01	9.2292e-06	0.0005502	8.0554e-06	0.0086887	0.0065951	0.0080382	0.0021171	0.0048516	0.00030337	1.2675e-05	0.00014477	1.5014e-05	
3.5827e-06	2.5968e-06	0.031773	2.7598e-05	1.0412e-05	4.788e-05	3.1596e-06	0.01	0.01	9.1962e-06	0.00055123	8.0356e-06	0.0086885	0.006594	0.0080936	0.0021067	0.0048506	0.0003037	1.2578e-05	0.00014495	1.4876e-05	
3.6003e-06	2.4611e-06	0.031799	2.5829e-05	1.0387e-05	4.806e-05	3.1748e-06	0.01	0.01	9.1607e-06	0.00055223	8.0136e-06	0.0086883	0.0065929	0.0081487	0.0020962	0.0048496	0.00030402	1.248e-05	0.00014513	1.4736e-05	
3.6152e-06	2.3235e-06	0.031825	2.4056e-05	1.0358e-05	4.8234e-05	3.1879e-06	0.01	0.01	9.1226e-06	0.00055326	7.9894e-06	0.0086882	0.0065918	0.0082034	0.0020858	0.0048486	0.00030434	1.2379e-05	0.0001453	1.4593e-05	
3.6274e-06	2.1841e-06	0.031851	2.2278e-05	1.0327e-05	4.8401e-05	3.1988e-06	0.01	0.01	9.0819e-06	0.00055427	7.9628e-06	0.008688	0.0065906	0.0082578	0.0020753	0.0048476	0.00030466	1.2276e-05	0.00014547	1.4448e-05	
3.6368e-06	2.0429e-06	0.031877	2.0497e-05	1.0292e-05	4.8562e-05	3.2077e-06	0.01	0.01	9.0387e-06	0.00055531	7.9341e-06	0.0086878	0.0065895	0.0083131	0.0020649	0.0048467	0.00030496	1.217e-05	0.00014563	1.43e-05	
3.6435e-06	1.8998e-06	0.031903	1.8711e-05	1.0253e-05	4.8716e-05	3.2144e-06	0.01	0.01	8.9929e-06	0.00055637	7.9031e-06	0.0086876	0.0065884	0.0083693	0.0020544	0.0048459	0.00030527	1.2063e-05	0.00014579	1.4149e-05	
3.6475e-06	1.7548e-06	0.031929	1.692e-05	1.0212e-05	4.8864e-05	3.219e-06	0.01	0.01	8.9446e-06	0.00055745	7.8698e-06	0.0086875	0.0065874	0.0084263	0.0020439	0.0048451	0.00030557	1.1954e-05	0.00014595	1.3995e-05	
3.6487e-06	1.608e-06	0.031955	1.5126e-05	1.0166e-05	4.9005e-05	3.2214e-06	0.01	0.01	8.8937e-06	0.00055852	7.8343e-06	0.0086873	0.0065864	0.008483	0.0020335	0.0048443	0.00030586	1.1842e-05	0.0001461	1.3839e-05	
3.6472e-06	1.4594e-06	0.031981	1.3327e-05	1.0118e-05	4.9139e-05	3.2218e-06	0.01	0.01	8.8402e-06	0.00055961	7.7966e-06	0.0086871	0.0065854	0.0085407	0.002023	0.0048435	0.00030615	1.1728e-05	0.00014625	1.368e-05	
3.643e-06	1.3089e-06	0.032007	1.1524e-05	1.0066e-05	4.9268e-05	3.22e-06	0.01	0.01	8.7841e-06	0.00056073	7.7566e-06	0.0086869	0.0065844	0.0085992	0.0020126	0.0048429	0.00030643	1.1612e-05	0.0001464	1.3519e-05	
3.6361e-06	1.1565e-06	0.032033	9.7173e-06	1.0011e-05	4.9389e-05	3.2161e-06	0.01	0.01	8.7255e-06	0.00056187	7.7143e-06	0.0086868	0.0065835	0.0086586	0.0020021	0.0048423	0.00030671	1.1494e-05	0.00014654	1.3355e-05	
3.6264e-06	9.5573e-07	0.032061	8.5729e-06	9.9523e-06	4.9505e-05	3.2101e-06	0.01	0.01	8.6643e-06	0.00056304	7.6698e-06	0.0086866	0.0065826	0.0087189	0.0019916	0.0048418	0.00030699	1.1311e-05	0.00014667	1.3188e-05	
3.614e-06	8.119e-07	0.032091	7.8574e-06	9.8904e-06	4.9613e-05	3.2019e-06	0.01	0.01	8.6006e-06	0.00056424	7.6231e-06	0.0086864	0.0065818	0.0087801	0.0019812	0.0048413	0.00030725	1.1221e-05	0.0001468	1.3018e-05	
3.5989e-06	7.7661e-07	0.03212	6.9999e-06	9.8251e-06	4.9716e-05	3.1917e-06	0.01	0.01	8.5342e-06	0.00056541	7.5741e-06	0.0086862	0.0065809	0.0088411	0.0019707	0.0048409	0.00030752	1.1408e-05	0.00014693	1.2846e-05	
3.581e-06	7.2562e-07	0.032148	5.9778e-06	9.7564e-06	4.9811e-05	3.1793e-06	0.01	0.01	8.4654e-06	0.00056657	7.5228e-06	0.008686	0.00658	0.0089017	0.0019603	0.0048403	0.00030777	1.1529e-05	0.00014705	1.2671e-05	
3.5605e-06	5.8535e-07	0.032179	5.3378e-06	9.6843e-06	4.9901e-05	3.1647e-06	0.01	0.01	8.3939e-06	0.00056775	7.4693e-06	0.0086858	0.0065792	0.0089632	0.0019498	0.0048399	0.00030803	1.1448e-05	0.00014717	1.2494e-05	
2.1598e-06	1.7975e-08	0.033034	7.5447e-08	6.789e-06	5.002e-05	2.112e-06	0.01	0.01	5.7735e-06	0.00059709	5.401e-06	0.0086809	0.0065625	0.010615	0.0016881	0.0047829	0.00031269	7.5987e-06	0.00014876	7.1876e-06	
2.0684e-06	1.1668e-08	0.033077	7.3178e-08	6.6294e-06	4.994e-05	2.0422e-06	0.01	0.01	5.6353e-06	0.00059832	5.289e-06	0.0086807	0.006562	0.010686	0.0016777	0.0047664	0.00031281	7.3679e-06	0.00014877	6.9407e-06	
1.9741e-06	1.4631e-08	0.033119	5.9842e-08	6.4664e-06	4.9854e-05	1.9704e-06	0.01	0.01	5.4945e-06	0.00059954	5.1748e-06	0.0086805	0.0065616	0.010758	0.0016672	0.0047499	0.00031293	7.0209e-06	0.00014877	6.691e-06	
1.8772e-06	1.9134e-08	0.033163	5.3447e-08	6.3001e-06	4.9761e-05	1.8964e-06	0.01	0.01	5.3512e-06	0.00060078	5.0583e-06	0.0086803	0.0065611	0.01083	0.0016567	0.0047334	0.00031304	6.81e-06	0.00014877	6.4387e-06	
1.7775e-06	2.0562e-08	0.033206	1.1157e-07	6.1304e-06	4.9662e-05	1.8204e-06	0.01	0.01	5.2053e-06	0.000602	4.9395e-06	0.0086801	0.0065607	0.010902	0.0016462	0.004717	0.00031314	6.5607e-06	0.00014877	6.1837e-06	
1.6751e-06	1.8801e-08	0.033249	1.536e-07	5.9573e-06	4.9556e-05	1.7422e-06	0.01	0.01	5.0568e-06	0.00060321	4.8185e-06	0.0086799	0.0065602	0.010974	0.0016358	0.0047005	0.00031324	6.264e-06	0.00014876	5.926e-06	
1.57e-06	1.8429e-08	0.033293	2.2072e-07	5.7808e-06	4.9444e-05	1.6618e-06	0.01	0.01	4.9058e-06	0.00060444	4.6953e-06	0.0086797	0.0065597	0.011047	0.0016253	0.0046842	0.00031334	6.0923e-06	0.00014875	5.6656e-06	
1.4622e-06	1.4077e-08	0.033337	2.6921e-07	5.601e-06	4.9326e-05	1.5794e-06	0.01	0.01	4.7522e-06	0.00060565	4.5698e-06	0.0086795	0.0065593	0.011119	0.0016148	0.0046678	0.00031343	5.8674e-06	0.00014873	5.4026e-06	
1.3516e-06	6.2493e-09	0.03338	3.0441e-07	5.4178e-06	4.92e-05	1.4948e-06	0.01	0.01	4.596e-06	0.00060684	4.4421e-06	0.0086792	0.0065588	0.011191	0.0016043	0.0046513	0.00031351	6.0088e-06	0.00014871	5.1369e-06	
1.2383e-06	5.5312e-09	0.033425	3.6869e-07	5.2313e-06	4.9069e-05	1.4081e-06	0.01	0.01	4.4372e-06	0.00060806	4.3121e-06	0.008679	0.0065584	0.011265	0.0015938	0.004635	0.00031359	6.0729e-06	0.00014868	4.8685e-06	
1.1222e-06	2.1842e-09	0.03347	4.1295e-07	5.0413e-06	4.8931e-05	1.3193e-06	0.01	0.01	4.2759e-06	0.00060926	4.1798e-06	0.0086788	0.0065579	0.011337	0.0015834	0.0046187	0.00031367	6.1116e-06	0.00014865	4.5974e-06	
1.0034e-06	1.618e-09	0.033513	4.3841e-07	4.848e-06	4.8786e-05	1.2283e-06	0.01	0.01	4.112e-06	0.00061045	4.0453e-06	0.0086786	0.0065575	0.01141	0.0015729	0.0046023	0.00031374	6.0815e-06	0.00014862	4.3237e-06	
8.8194e-07	2.9441e-09	0.033559	4.957e-07	4.6514e-06	4.8635e-05	1.1352e-06	0.01	0.01	3.9456e-06	0.00061166	3.9086e-06	0.0086784	0.006557	0.011483	0.0015624	0.004586	0.0003138	5.9812e-06	0.00014858	4.0472e-06	
5.2008e-07	5.1964e-09	0.033605	5.4701e-07	4.4513e-06	4.8522e-05	1.1123e-06	0.01	0.01	3.8234e-06	0.00061286	3.7696e-06	0.0086782	0.0065566	0.011557	0.0015521	0.0045697	0.0003139	5.6822e-06	0.00014926	3.3726e-06	
3.0871e-07	7.9407e-09	0.03365	5.9234e-07	3.8545e-06	4.8385e-05	9.9377e-07	0.01	0.01	3.3685e-06	0.00061409	3.3489e-06	0.008678	0.0065562	0.011632	0.0015418	0.0045536	0.00031402	4.8712e-06	0.00014865	3.0009e-06	
6.9049e-08	1.2171e-08	0.033696	6.317e-07	3.0602e-06	4.8224e-05	8.3093e-07	0.01	0.01	2.9113e-06	0.0006153	2.7848e-06	0.0086778	0.0065558	0.011706	0.0015313	0.0045375	0.00031413	4.4107e-06	0.00014747	2.4597e-06	
3.75e-08	4.5316e-08	0.033742	6.6509e-07	2.1156e-06	4.8038e-05	6.3439e-07	0.01	0.01	2.4254e-06	0.00061649	2.1112e-06	0.0086776	0.0065554	0.01178	0.0015208	0.0045213	0.00031423	3.8604e-06	0.00014615	1.8229e-06	
4.2699e-08	2.2568e-07	0.033788	6.925e-07	8.6958e-07	4.7829e-05	3.7218e-07	0.01	0.01	1.8937e-06	0.00061767	1.2166e-06	0.0086773	0.0065549	0.011854	0.0015101	0.004505	0.00031432	3.1615e-06	0.00014449	1.7374e-06	
2.7915e-08	4.742e-07	0.033834	7.1394e-07	3.2694e-07	4.7659e-05	2.5902e-07	0.01	0.01	1.4797e-06	0.00061887	8.3639e-07	0.0086771	0.0065545	0.011929	0.0014997	0.0044889	0.00031443	2.673e-06	0.00014329	1.4349e-06	
1.882e-08	5.5514e-07	0.033882	7.7508e-07	7.8675e-08	4.7527e-05	2.0992e-07	0.01	0.01	1.1487e-06	0.00062009	6.6946e-07	0.008677	0.0065542	0.012005	0.0014895	0.0044729	0.00031456	2.336e-06	0.00014246	1.2336e-06	
4.0599e-09	6.2365e-07	0.033929	8.1263e-07	4.9181e-08	4.7372e-05	1.4063e-07	0.01	0.01	7.8564e-07	0.0006213	4.4364e-07	0.0086768	0.0065538	0.01208	0.0014793	0.0044569	0.00031468	1.9484e-06	0.0001415	9.9586e-07	
2.9334e-09	7.2326e-07	0.033976	8.2752e-07	9.4795e-09	4.7193e-05	5.5657e-08	0.01	0.01	3.9962e-07	0.00062249	1.7242e-07	0.0086766	0.0065534	0.012155	0.0014689	0.0044408	0.00031478	1.6826e-06	0.00013801	8.4628e-07	
9.308e-09	8.6447e-07	0.034021	8.2012e-07	5.4816e-09	4.7052e-05	4.8986e-08	0.01	0.01	3.5081e-07	0.00062366	1.4232e-07	0.0086764	0.0065529	0.01223	0.0014587	0.0044247	0.00031486	1.5006e-06	0.00013543	7.5238e-07	
5.0374e-09	9.5977e-07	0.03407	6.8045e-07	3.4492e-09	4.6887e-05	1.7981e-08	0.01	0.01	1.7931e-07	0.00062486	5.03e-08	0.0086763	0.0065526	0.012306	0.0014485	0.0044087	0.00031497	1.2304e-06	0.0001351	5.951e-07	
1.2378e-09	1.1e-06	0.034121	5.9885e-07	2.2496e-09	4.6759e-05	3.9767e-09	0.01	0.01	4.4007e-08	0.00062609	1.0547e-08	0.0086761	0.0065522	0.012383	0.0014385	0.0043929	0.0003151	1.044e-06	0.00013509	4.9174e-07	
1.3751e-09	1.2385e-06	0.034171	4.9048e-07	7.8168e-09	4.667e-05	3.1332e-09	0.01	0.01	2.5491e-08	0.00062729	6.5018e-09	0.008676	0.0065519	0.01246	0.0014286	0.004377	0.00031522	8.5526e-07	0.00013536	4.2514e-07	
6.1949e-09	1.298e-06	0.03422	3.5247e-07	5.3137e-08	4.6618e-05	1.045e-08	0.01	0.01	3.216e-08	0.00062848	1.4044e-08	0.0086758	0.0065515	0.012536	0.001419	0.004361	0.00031532	7.9173e-07	0.00013692	4.1638e-07	
6.9758e-09	1.7819e-06	0.034269	1.8138e-07	8.3297e-08	4.6543e-05	1.3222e-08	0.01	0.01	3.4863e-08	0.00062965	1.6449e-08	0.0086757	0.0065511	0.012612	0.0014093	0.0043451	0.00031541	7.106e-07	0.00013828	3.9955e-07	
8.0997e-09	1.9576e-06	0.03432	7.0309e-08	8.2462e-08	4.6444e-05	5.9477e-09	0.01	0.01	1.7301e-08	0.00063085	7.1556e-09	0.0086755	0.0065508	0.012689	0.0013995	0.0043292	0.00031552	6.6768e-07	0.00013964	3.7978e-07	
5.1319e-09	2.8051e-06	0.034369	6.4247e-08	7.3822e-08	4.6383e-05	9.3656e-09	0.01	0.01	2.1102e-08	0.00063202	1.058e-08	0.0086754	0.0065504	0.012766	0.0013899	0.0043133	0.00031561	5.9791e-07	0.00014681	3.4026e-07	
2.5818e-09	3.1218e-06	0.034421	6.5992e-08	2.8678e-08	4.6297e-05	4.1223e-09	0.01	0.01	9.1248e-09	0.00063323	4.4247e-09	0.0086753	0.0065501	0.012844	0.0013803	0.0042976	0.00031573	5.621e-07	0.00014935	3.2491e-07	
6.1724e-09	3.2086e-06	0.034472	5.8702e-08	2.9153e-08	4.6249e-05	7.2312e-09	0.01	0.01	1.1706e-08	0.00063441	7.4418e-09	0.0086751	0.0065497	0.012921	0.0013708	0.0042818	0.00031583	5.4574e-07	0.00015267	3.2466e-07	
3.5413e-08	3.3448e-06	0.03452	1.1555e-07	7.805e-08	4.6238e-05	3.711e-08	0.01	0.01	4.1614e-08	0.00063558	3.762e-08	0.008675	0.0065494	0.012998	0.0013615	0.0042659	0.00031592	5.4533e-07	0.00015692	3.3911e-07	
6.497e-08	4.9493e-06	0.035279	1.0798e-07	1.7119e-07	4.5791e-05	9.5026e-08	0.01	0.01	1.0375e-07	0.00065321	6.7824e-08	0.0086723	0.0065429	0.014232	0.0012155	0.0040124	0.00031641	1.4435e-07	0.00021891	1.0106e-07	
5.467e-08	4.9126e-06	0.035329	7.9483e-08	9.0509e-08	4.5734e-05	4.5512e-08	0.01	0.01	3.2808e-08	0.00065429	1.3217e-08	0.0086722	0.0065425	0.014311	0.0012065	0.0039967	0.00031643	1.259e-07	0.00022028	8.5928e-08	
3.9065e-08	5.1245e-06	0.035378	4.012e-08	9.3072e-08	4.5714e-05	4.5471e-08	0.01	0.01	2.4958e-08	0.00065536	7.0853e-09	0.0086721	0.0065421	0.014389	0.0011976	0.003981	0.00031643	9.3964e-08	0.00022137	6.3034e-08	
2.061e-08	5.1594e-06	0.035424	4.9013e-08	9.202e-08	4.5731e-05	4.3201e-08	0.01	0.01	4.1339e-08	0.0006564	1.2878e-08	0.0086719	0.0065417	0.014467	0.001189	0.0039653	0.00031642	7.6574e-08	0.00022334	5.1354e-08	
9.1221e-09	5.2431e-06	0.035472	6.5309e-08	1.1052e-07	4.5741e-05	5.0738e-08	0.01	0.01	6.0795e-08	0.00065747	2.6762e-08	0.0086718	0.0065413	0.014546	0.0011803	0.0039496	0.00031643	6.5239e-08	0.00022597	4.4532e-08	
1.2689e-08	5.3877e-06	0.035519	2.2068e-07	1.201e-07	4.5746e-05	5.3386e-08	0.01	0.01	7.6112e-08	0.00065853	3.8217e-08	0.0086716	0.006541	0.014624	0.0011716	0.0039339	0.00031642	5.8808e-08	0.00022635	4.2268e-08	
4.0595e-09	5.5067e-06	0.035569	2.6208e-07	9.6324e-08	4.5743e-05	3.7492e-08	0.01	0.01	6.5095e-08	0.00065961	3.3524e-08	0.0086715	0.0065406	0.014704	0.001163	0.0039184	0.00031644	4.7499e-08	0.00022658	3.4593e-08	
5.1757e-09	5.5309e-06	0.035617	2.9059e-07	6.2375e-08	4.5734e-05	1.5551e-08	0.01	0.01	5.0059e-08	0.00066067	2.3883e-08	0.0086714	0.0065402	0.014784	0.0011543	0.0039028	0.00031644	5.1242e-08	0.00022591	4.0904e-08	
2.8116e-09	5.6629e-06	0.035665	6.0714e-07	7.8444e-08	4.5718e-05	1.7087e-08	0.01	0.01	6.9591e-08	0.00066171	3.8463e-08	0.0086713	0.0065398	0.014863	0.0011456	0.0038872	0.00031643	3.8924e-08	0.00022616	3.1178e-08	
7.052e-09	5.8784e-06	0.035711	8.8543e-07	2.3969e-07	4.5696e-05	5.121e-08	0.01	0.01	2.2031e-07	0.00066274	1.6421e-07	0.0086712	0.0065394	0.014942	0.0011369	0.0038715	0.00031639	3.1158e-08	0.00022689	2.5721e-08	
7.228e-09	6.0623e-06	0.035758	1.1579e-06	3.9746e-07	4.5651e-05	7.4356e-08	0.01	0.01	3.6839e-07	0.00066375	2.8763e-07	0.008671	0.006539	0.01502	0.0011282	0.0038558	0.00031636	1.8947e-08	0.00022746	1.517e-08	
3.3449e-09	6.1974e-06	0.035804	1.4247e-06	5.5175e-07	4.5583e-05	8.8231e-08	0.01	0.01	5.1383e-07	0.00066477	4.0873e-07	0.0086709	0.0065386	0.015099	0.0011194	0.0038402	0.00031632	2.3784e-08	0.00022776	2.1397e-08	
6.8194e-09	6.3064e-06	0.035851	1.6856e-06	7.0257e-07	4.5493e-05	9.3853e-08	0.01	0.01	6.5663e-07	0.00066577	5.2751e-07	0.0086707	0.0065382	0.015178	0.0011105	0.0038245	0.00031627	2.5205e-08	0.00022792	2.3499e-08	
1.1089e-08	6.2381e-06	0.035898	1.9408e-06	8.4991e-07	4.5439e-05	1.1701e-07	0.01	0.01	7.9679e-07	0.00066677	6.4398e-07	0.0086706	0.0065378	0.015257	0.0011018	0.0038088	0.00031622	2.8386e-08	0.00022845	2.7475e-08	
3.9656e-09	6.2282e-06	0.035944	2.1902e-06	9.9377e-07	4.5421e-05	1.7285e-07	0.01	0.01	9.3431e-07	0.00066776	7.5812e-07	0.0086704	0.0065373	0.015336	0.0010932	0.0037932	0.00031616	1.5979e-08	0.00022946	1.4218e-08	
5.7919e-09	6.1819e-06	0.035991	2.4338e-06	1.1342e-06	4.5381e-05	2.1158e-07	0.01	0.01	1.0692e-06	0.00066875	8.6995e-07	0.0086703	0.0065369	0.015415	0.0010846	0.0037775	0.0003161	1.9402e-08	0.00023016	1.7975e-08	
2.6335e-08	6.0967e-06	0.036038	2.6717e-06	1.2711e-06	4.5318e-05	2.3601e-07	0.01	0.01	1.2014e-06	0.00066973	9.7945e-07	0.0086702	0.0065365	0.015494	0.0010759	0.0037619	0.00031603	5.1498e-08	0.00023057	5.4195e-08	
4.1597e-08	5.9873e-06	0.036084	2.9038e-06	1.4045e-06	4.5232e-05	2.4809e-07	0.01	0.01	1.331e-06	0.00067071	1.0866e-06	0.00867	0.0065361	0.015573	0.0010672	0.0037463	0.00031596	7.8213e-08	0.00023083	8.3906e-08	
3.6951e-08	5.94e-06	0.036131	3.1301e-06	1.5345e-06	4.5182e-05	2.9213e-07	0.01	0.01	1.458e-06	0.00067167	1.1915e-06	0.0086699	0.0065356	0.015652	0.0010586	0.0037306	0.00031588	7.8339e-08	0.00023154	8.3303e-08	
6.9467e-08	5.8586e-06	0.036178	3.3506e-06	1.6609e-06	4.511e-05	3.2011e-07	0.01	0.01	1.5823e-06	0.00067264	1.2941e-06	0.0086697	0.0065352	0.015731	0.00105	0.003715	0.0003158	1.2969e-07	0.00023199	1.4331e-07	
7.2158e-08	5.8395e-06	0.036225	3.5654e-06	1.7839e-06	4.5074e-05	3.9466e-07	0.01	0.01	1.704e-06	0.00067359	1.3943e-06	0.0086696	0.0065348	0.01581	0.0010415	0.0036994	0.00031571	2.081e-07	0.00023067	2.4086e-07	
4.4925e-07	1.0482e-06	0.038852	6.4905e-06	3.1991e-06	0.00012292	1.583e-07	0.01	0.01	4.3336e-06	0.00071676	3.3383e-06	0.0086599	0.0065072	0.020241	0.0010792	0.0028469	0.00030305	4.2291e-07	0.00014424	4.772e-07	
4.0491e-07	9.4127e-07	0.0389	6.3821e-06	3.1276e-06	0.0001231	1.237e-07	0.01	0.01	4.3076e-06	0.00071737	3.3087e-06	0.0086597	0.0065067	0.020323	0.0010805	0.0028315	0.00030268	3.7847e-07	0.0001365	4.2377e-07	
2.1569e-07	8.6584e-07	0.038949	6.268e-06	3.0526e-06	0.00012334	1.0876e-07	0.01	0.01	4.2789e-06	0.00071798	3.2769e-06	0.0086595	0.0065061	0.020405	0.0010819	0.0028161	0.0003023	1.9419e-07	0.00013031	2.0394e-07	
2.0411e-07	7.7016e-07	0.038998	6.1481e-06	2.9741e-06	0.00012354	8.5554e-08	0.01	0.01	4.2476e-06	0.00071858	3.2428e-06	0.0086593	0.0065055	0.020487	0.0010833	0.0028007	0.00030192	1.7305e-07	0.00012321	1.8017e-07	
2.0415e-07	7.0032e-07	0.039047	6.0224e-06	2.8921e-06	0.00012381	7.6698e-08	0.01	0.01	4.2137e-06	0.00071918	3.2063e-06	0.0086591	0.0065049	0.020569	0.0010847	0.0027854	0.00030153	1.5974e-07	0.00011742	1.6625e-07	
1.5152e-07	6.5154e-07	0.039096	5.8909e-06	2.8067e-06	0.00012413	7.8793e-08	0.01	0.01	4.1771e-06	0.00071977	3.1675e-06	0.0086589	0.0065044	0.020651	0.0010862	0.00277	0.00030114	1.5336e-07	0.00011275	1.6101e-07	
8.7976e-08	6.3555e-07	0.039145	5.7537e-06	2.7178e-06	0.00012442	7.3384e-08	0.01	0.01	4.1379e-06	0.00072035	3.1264e-06	0.0086587	0.0065038	0.020734	0.0010877	0.0027546	0.00030074	1.1356e-07	0.00010995	1.1911e-07	
9.1162e-08	6.0642e-07	0.039193	5.6107e-06	2.6254e-06	0.00012468	6.0194e-08	0.01	0.01	4.096e-06	0.00072093	3.083e-06	0.0086585	0.0065032	0.020816	0.0010891	0.0027393	0.00030034	1.2275e-07	0.00010664	1.331e-07	
6.4996e-08	5.9468e-07	0.039242	5.462e-06	2.5296e-06	0.000125	5.8999e-08	0.01	0.01	4.0516e-06	0.0007215	3.0372e-06	0.0086583	0.0065026	0.020898	0.0010907	0.0027239	0.00029993	1.0303e-07	0.00010414	1.1398e-07	
2.952e-08	5.7482e-07	0.039291	5.3074e-06	2.4302e-06	0.00012529	5.097e-08	0.01	0.01	4.0044e-06	0.00072206	2.9892e-06	0.0086581	0.006502	0.020981	0.0010921	0.0027086	0.00029951	7.6775e-08	0.00010138	8.689e-08	
3.0993e-08	5.4119e-07	0.03934	5.1471e-06	2.3274e-06	0.00012555	3.5494e-08	0.01	0.01	3.9547e-06	0.00072262	2.9388e-06	0.0086579	0.0065014	0.021063	0.0010936	0.0026932	0.0002991	8.7267e-08	9.8092e-05	1.0391e-07	
1.3707e-08	5.2509e-07	0.039389	4.9811e-06	2.2211e-06	0.00012587	3.0532e-08	0.01	0.01	3.9023e-06	0.00072318	2.8861e-06	0.0086577	0.0065009	0.021146	0.0010951	0.0026779	0.00029867	7.3477e-08	9.5618e-05	9.1472e-08	
1.6858e-08	4.9717e-07	0.039439	4.8092e-06	2.1114e-06	0.00012616	1.9484e-08	0.01	0.01	3.8472e-06	0.00072372	2.8311e-06	0.0086574	0.0065003	0.021228	0.0010966	0.0026625	0.00029824	9.5774e-08	9.2715e-05	1.282e-07	
2.3021e-08	4.8534e-07	0.039488	4.6316e-06	1.9982e-06	0.00012652	1.5596e-08	0.01	0.01	3.7896e-06	0.00072426	2.7738e-06	0.0086572	0.0064997	0.021311	0.0010981	0.0026472	0.00029781	9.1318e-08	9.0541e-05	1.2801e-07	
3.3293e-08	4.8596e-07	0.039537	4.4482e-06	1.8815e-06	0.00012695	1.628e-08	0.01	0.01	3.7292e-06	0.0007248	2.7141e-06	0.008657	0.0064991	0.021394	0.0010998	0.0026318	0.00029737	9.1878e-08	8.887e-05	1.3586e-07	
2.6015e-08	5.009e-07	0.039586	4.259e-06	1.7613e-06	0.00012745	2.1987e-08	0.01	0.01	3.6663e-06	0.00072533	2.6522e-06	0.0086568	0.0064985	0.021476	0.0011016	0.0026165	0.00029692	6.4148e-08	8.7656e-05	1.0914e-07	
1.4143e-08	5.082e-07	0.039635	4.0641e-06	1.6376e-06	0.00012791	2.2614e-08	0.01	0.01	3.6007e-06	0.00072585	2.5879e-06	0.0086566	0.0064979	0.021559	0.0011033	0.0026012	0.00029648	3.0856e-08	8.6294e-05	7.5728e-08	
2.0762e-08	5.0397e-07	0.039685	3.8634e-06	1.5105e-06	0.00012833	1.8213e-08	0.01	0.01	3.5325e-06	0.00072637	2.5213e-06	0.0086564	0.0064973	0.021642	0.0011049	0.0025859	0.00029602	2.9304e-08	8.4631e-05	8.5961e-08	
1.3003e-08	4.9776e-07	0.039734	3.6569e-06	1.3799e-06	0.00012883	1.8994e-08	0.01	0.01	3.4616e-06	0.00072688	2.4524e-06	0.0086562	0.0064967	0.021725	0.0011067	0.0025705	0.00029556	2.534e-08	8.3806e-05	7.3892e-08	
2.2544e-08	4.7962e-07	0.039783	3.4447e-06	1.2458e-06	0.00012929	1.4978e-08	0.01	0.01	3.3881e-06	0.00072738	2.3812e-06	0.0086559	0.006496	0.021808	0.0011084	0.0025552	0.0002951	4.2395e-08	8.275e-05	1.0354e-07	
3.829e-08	4.745e-07	0.039833	3.2266e-06	1.1083e-06	0.00012983	1.5475e-08	0.01	0.01	3.312e-06	0.00072788	2.3076e-06	0.0086557	0.0064954	0.021891	0.0011102	0.0025399	0.00029463	6.6702e-08	8.2002e-05	1.4949e-07	
3.453e-08	4.833e-07	0.039882	3.0028e-06	9.6722e-07	0.00013043	2.0762e-08	0.01	0.01	3.2332e-06	0.00072837	2.2318e-06	0.0086555	0.0064948	0.021974	0.0011121	0.0025246	0.00029415	6.6361e-08	8.1547e-05	1.5309e-07	
2.5146e-08	4.862e-07	0.039931	2.7413e-06	7.9282e-07	0.000131	2.2111e-08	0.01	0.01	3.1432e-06	0.00072884	2.1536e-06	0.0086553	0.0064942	0.022056	0.0011139	0.0025092	0.00029366	6.1275e-08	8.102e-05	1.4947e-07	
9.8448e-09	4.8185e-07	0.039978	2.4183e-06	5.5551e-07	0.00013154	1.8497e-08	0.01	0.01	3.0368e-06	0.0007293	2.0731e-06	0.0086551	0.0064935	0.022139	0.0011157	0.0024938	0.00029315	5.1365e-08	8.0391e-05	1.3849e-07	
1.1897e-08	4.6685e-07	0.040025	2.0252e-06	2.376e-07	0.00013204	9.6517e-09	0.01	0.01	2.9134e-06	0.00072973	1.9903e-06	0.0086548	0.0064929	0.02222	0.0011175	0.0024784	0.00029263	7.1741e-08	7.9584e-05	1.9263e-07	
1.5841e-08	4.643e-07	0.040074	1.7945e-06	9.9114e-08	0.00013261	6.0114e-09	0.01	0.01	2.8283e-06	0.0007302	1.9051e-06	0.0086546	0.0064922	0.022303	0.0011193	0.0024631	0.00029213	1.0053e-07	7.9045e-05	2.7335e-07	
1.5834e-08	4.9037e-07	0.040126	1.6629e-06	8.9058e-08	0.00013326	1.3052e-08	0.01	0.01	3.0344e-06	0.00073064	1.8177e-06	0.0086544	0.0064916	0.022386	0.0011213	0.0024477	0.00029161	1.0484e-07	7.9079e-05	2.9918e-07	
1.774e-08	4.6906e-07	0.040181	1.2143e-06	3.8931e-08	0.00013386	1.012e-08	0.01	0.01	3.0527e-06	0.00073111	1.7279e-06	0.0086542	0.006491	0.022399	0.0011232	0.0024325	0.00029112	1.1774e-07	7.8017e-05	3.4949e-07	
1.6785e-08	4.4579e-07	0.040239	9.3017e-07	1.5748e-08	0.00013455	4.9539e-09	0.01	0.01	3.0684e-06	0.00073161	1.6358e-06	0.0086539	0.0064904	0.022412	0.0011252	0.0024174	0.00029062	1.2824e-07	7.6951e-05	3.9687e-07	
1.1821e-08	4.4813e-07	0.040293	9.4938e-07	1.9124e-08	0.00013522	9.0403e-09	0.01	0.01	3.0813e-06	0.00073209	1.5414e-06	0.0086537	0.0064898	0.022425	0.0011271	0.0024022	0.00029012	1.1495e-07	7.6524e-05	3.962e-07	
8.9203e-09	4.2283e-07	0.040351	8.4122e-07	6.5963e-09	0.00013586	4.6283e-09	0.01	0.01	3.0917e-06	0.0007326	1.4447e-06	0.0086535	0.0064893	0.022439	0.0011291	0.0023872	0.00028962	1.2516e-07	7.5398e-05	4.5474e-07	
2.1347e-08	4.1032e-07	0.040406	9.5393e-07	9.026e-09	0.00013658	9.0767e-09	0.01	0.01	3.0993e-06	0.00073309	1.3456e-06	0.0086533	0.0064887	0.022453	0.0011311	0.0023721	0.0002891	1.4296e-07	7.4583e-05	5.4623e-07	
1.8399e-08	4.113e-07	0.040391	1.1469e-06	1.5136e-08	0.00013737	1.8644e-08	0.01	0.01	3.1043e-06	0.00073361	1.2443e-06	0.008653	0.0064882	0.022467	0.0011332	0.0023571	0.00028859	1.3046e-07	7.4072e-05	5.5768e-07	
1.7816e-08	3.6503e-07	0.040379	1.1722e-06	7.267e-09	0.00013813	1.6418e-08	0.01	0.01	3.1067e-06	0.00073416	1.1406e-06	0.0086528	0.0064877	0.022481	0.0011353	0.0023422	0.00028806	1.2831e-07	7.2083e-05	5.9889e-07	
4.5794e-08	3.3677e-07	0.040365	1.6575e-06	1.3525e-08	0.00013896	3.7394e-08	0.01	0.01	3.1064e-06	0.00073469	1.0346e-06	0.0086526	0.0064872	0.022496	0.0011374	0.0023273	0.00028754	1.3404e-07	7.0657e-05	6.7583e-07	
9.2363e-08	3.2045e-07	0.040352	2.451e-06	2.789e-08	0.00013988	8.5324e-08	0.01	0.01	3.1034e-06	0.00073524	9.2627e-07	0.0086523	0.0064868	0.022511	0.0011397	0.0023125	0.00028701	1.469e-07	6.9584e-05	7.9545e-07	
1.0069e-07	3.1433e-07	0.040342	3.6939e-06	5.9198e-08	0.00014089	1.9002e-07	0.01	0.01	3.0977e-06	0.00073583	8.1563e-07	0.0086521	0.0064864	0.022527	0.001142	0.0022979	0.00028647	1.6848e-07	6.8806e-05	9.7637e-07	
1.0618e-07	3.0129e-07	0.040333	4.1181e-06	6.1622e-08	0.00014185	2.9258e-07	0.01	0.01	3.0894e-06	0.00073644	7.0268e-07	0.0086519	0.006486	0.022543	0.0011443	0.0022833	0.00028593	1.8284e-07	6.8024e-05	1.1545e-06	
2.0954e-07	2.8169e-07	0.040324	4.4644e-06	5.4597e-08	0.00014277	3.6712e-07	0.01	0.01	3.0784e-06	0.00073704	5.874e-07	0.0086516	0.0064856	0.022559	0.0011466	0.0022687	0.00028538	1.9072e-07	6.7238e-05	1.3298e-06	
3.1013e-07	2.7204e-07	0.040317	5.0575e-06	4.3952e-08	0.00014377	4.3949e-07	0.01	0.01	3.0648e-06	0.00073766	2.7534e-07	0.0086514	0.0064853	0.022576	0.0011489	0.0022542	0.00028483	2.0778e-07	6.6447e-05	1.5024e-06	
4.0797e-07	2.5298e-07	0.040309	5.5809e-06	7.6424e-08	0.00014487	5.0971e-07	0.01	0.01	3.0485e-06	0.00073827	2.4233e-07	0.0086512	0.0064849	0.022592	0.0011514	0.0022396	0.00028427	2.1522e-07	6.5651e-05	1.6721e-06	
5.0303e-07	2.4326e-07	0.040303	6.421e-06	7.7731e-08	0.00014448	5.7777e-07	0.01	0.01	3.0295e-06	0.0007389	1.3766e-07	0.0086511	0.0064846	0.022609	0.0011554	0.0022252	0.0002837	2.3239e-07	6.4852e-05	1.839e-06	
5.9534e-07	2.2746e-07	0.040295	7.1578e-06	7.119e-08	0.00014405	6.4366e-07	0.01	0.01	3.0079e-06	0.00073951	1.3496e-07	0.0086508	0.0064842	0.022626	0.0011594	0.0022267	0.00028314	2.4244e-07	6.4048e-05	2.0031e-06	
6.8488e-07	2.2011e-07	0.040289	8.3269e-06	7.9277e-08	0.0001437	7.074e-07	0.01	0.01	2.9836e-06	0.00074015	9.9329e-08	0.0086507	0.0064839	0.022643	0.0011634	0.0022282	0.00028256	2.6322e-07	6.3239e-05	2.1645e-06	
7.7166e-07	2.0705e-07	0.040282	9.3113e-06	7.7195e-08	0.00014331	7.6899e-07	0.01	0.01	2.9567e-06	0.00074077	4.791e-08	0.0086505	0.0064836	0.022661	0.0011675	0.0022297	0.00028199	2.7657e-07	6.2427e-05	2.323e-06	
8.5567e-07	2.0177e-07	0.040277	1.0867e-05	9.0981e-08	0.00014299	8.2841e-07	0.01	0.01	2.9271e-06	0.00074142	2.6175e-08	0.0086503	0.0064833	0.022679	0.0011716	0.0022312	0.0002814	3.0198e-07	6.161e-05	2.4787e-06	
9.3692e-07	1.9088e-07	0.040271	1.226e-05	9.6538e-08	0.00014264	8.8568e-07	0.01	0.01	2.8948e-06	0.00074204	3.2215e-08	0.0086502	0.006483	0.022696	0.0011757	0.0022328	0.00028081	3.1925e-07	6.0788e-05	2.6316e-06	
1.0154e-06	1.7379e-07	0.040268	1.2698e-05	7.0975e-08	0.00014225	9.4078e-07	0.01	0.01	2.8599e-06	0.0007427	2.3514e-08	0.00865	0.0064828	0.022714	0.0011797	0.0022343	0.00028022	3.2813e-07	5.9963e-05	2.7818e-06	
1.0911e-06	1.6434e-07	0.040267	1.3447e-05	6.3922e-08	0.00014193	9.9373e-07	0.01	0.01	2.8223e-06	0.00074339	2.2117e-08	0.0086499	0.0064826	0.022733	0.0011839	0.0022359	0.00027962	3.497e-07	5.9133e-05	2.9291e-06	
1.1641e-06	1.615e-07	0.040267	1.4713e-05	7.1697e-08	0.00014169	1.0445e-06	0.01	0.01	2.782e-06	0.0007441	2.7054e-08	0.0086499	0.0064824	0.022753	0.0011881	0.0022376	0.00027902	3.8664e-07	5.8298e-05	3.0736e-06	
1.2343e-06	1.5355e-07	0.040267	1.5774e-05	6.9556e-08	0.00014141	1.0932e-06	0.01	0.01	2.7391e-06	0.0007448	2.7529e-08	0.0086498	0.0064822	0.022772	0.0011923	0.0022392	0.00027841	4.1425e-07	5.746e-05	3.2153e-06	
1.3017e-06	1.4e-07	0.040269	1.6049e-05	3.6851e-08	0.00014109	1.1396e-06	0.01	0.01	2.6935e-06	0.00074553	1.2537e-08	0.0086497	0.0064821	0.022792	0.0011965	0.0022409	0.00027779	4.323e-07	5.6617e-05	3.3543e-06	
1.3664e-06	1.3302e-07	0.040269	1.8756e-05	4.4769e-08	0.00014084	1.1839e-06	0.01	0.01	2.6452e-06	0.00074623	1.6171e-08	0.0086497	0.0064819	0.022812	0.0012007	0.0022425	0.00027717	4.669e-07	5.5769e-05	3.4904e-06	
1.4283e-06	1.3171e-07	0.04027	2.3016e-05	6.774e-08	0.00014066	1.2261e-06	0.01	0.01	2.5943e-06	0.00074697	8.5061e-09	0.0086497	0.0064818	0.022832	0.0012051	0.0022442	0.00027655	5.2213e-07	5.4917e-05	3.6237e-06	
1.4875e-06	1.2556e-07	0.040271	2.6851e-05	8.2227e-08	0.00014045	1.2661e-06	0.01	0.01	2.5407e-06	0.00074768	1.424e-08	0.0086496	0.0064816	0.022852	0.0012094	0.0022459	0.00027592	5.6572e-07	5.4061e-05	3.7543e-06	
1.5439e-06	1.2495e-07	0.04027	5.3256e-05	2.3593e-07	0.00014031	1.304e-06	0.01	0.01	2.4773e-06	0.00074838	6.7643e-08	0.0086496	0.0064815	0.022872	0.0012139	0.0022475	0.00027527	6.3427e-07	5.3201e-05	3.882e-06	
1.5975e-06	1.1939e-07	0.040271	6.281e-05	2.8716e-07	0.00014014	1.3396e-06	0.01	0.01	2.4401e-06	0.0007491	8.347e-08	0.0086496	0.0064814	0.022892	0.0012183	0.0022492	0.00027465	6.8894e-07	5.2336e-05	4.007e-06	
1.6483e-06	1.1906e-07	0.040274	7.7814e-05	4.0998e-07	0.00014003	1.3732e-06	0.01	0.01	2.4271e-06	0.00074986	1.2637e-07	0.0086496	0.0064813	0.022914	0.0012228	0.0022509	0.00027406	7.7292e-07	5.1467e-05	4.1291e-06	
1.6964e-06	1.1404e-07	0.040276	9.1339e-05	5.2928e-07	0.00013989	1.4045e-06	0.01	0.01	2.4051e-06	0.0007506	4.7767e-07	0.0086496	0.0064812	0.022935	0.0012272	0.0022526	0.00027344	8.4173e-07	5.0593e-05	4.2485e-06	
1.7418e-06	1.1406e-07	0.04028	0.00011258	6.4508e-07	0.00013982	1.4337e-06	0.01	0.01	2.4067e-06	0.00075136	6.0961e-07	0.0086497	0.0064811	0.022956	0.0012318	0.0022544	0.00027285	9.4588e-07	4.9715e-05	4.365e-06	
1.7844e-06	1.0924e-07	0.040287	0.00012025	7.5736e-07	0.00013971	1.4608e-06	0.01	0.01	2.4348e-06	0.00075216	6.4744e-07	0.0086497	0.006481	0.022977	0.0012363	0.0022562	0.00027229	1.0313e-06	4.8833e-05	4.4788e-06	
1.8242e-06	9.977e-08	0.040293	0.00012676	8.6614e-07	0.00013959	1.4857e-06	0.01	0.01	2.4603e-06	0.00075293	6.8289e-07	0.0086498	0.0064809	0.022998	0.0012408	0.0022579	0.00027172	1.1009e-06	4.7946e-05	4.5897e-06	
1.8612e-06	8.546e-08	0.040298	0.00013262	9.7141e-07	0.00013947	1.5084e-06	0.01	0.01	2.4831e-06	0.00075369	7.1596e-07	0.0086499	0.0064808	0.023019	0.0012453	0.0022597	0.00027115	1.1555e-06	4.7055e-05	4.6979e-06	
1.8955e-06	9.7391e-08	0.040305	0.00013456	1.0732e-06	0.00013935	1.529e-06	0.01	0.01	2.5032e-06	0.00075447	7.4665e-07	0.00865	0.0064807	0.02304	0.0012498	0.0022615	0.00027057	1.1767e-06	4.616e-05	4.8032e-06	
1.927e-06	1.047e-07	0.040312	0.00013614	1.1714e-06	0.00013922	1.5474e-06	0.01	0.01	2.5206e-06	0.00075524	7.7496e-07	0.0086501	0.0064806	0.023061	0.0012543	0.0022633	0.00026998	1.1857e-06	4.526e-05	4.9058e-06	
1.9558e-06	1.1744e-07	0.04032	0.00013895	1.2662e-06	0.00013908	1.5637e-06	0.01	0.01	2.5353e-06	0.00075603	8.0089e-07	0.0086502	0.0064806	0.023083	0.0012587	0.0022651	0.00026939	1.2202e-06	4.4356e-05	5.0055e-06	
1.9818e-06	1.3695e-07	0.04033	0.00014365	1.3574e-06	0.00013893	1.5778e-06	0.01	0.01	2.5474e-06	0.00075686	8.2444e-07	0.0086502	0.0064806	0.023105	0.0012632	0.0022669	0.0002688	1.2845e-06	4.3448e-05	5.1025e-06	
2.005e-06	1.5104e-07	0.040339	0.00014763	1.4451e-06	0.00013878	1.5898e-06	0.01	0.01	2.5568e-06	0.00075767	8.4561e-07	0.0086503	0.0064805	0.023128	0.0012677	0.0022688	0.0002682	1.3339e-06	4.2535e-05	5.1967e-06	
2.0255e-06	1.7296e-07	0.040351	0.00015393	1.5294e-06	0.00013863	1.5996e-06	0.01	0.01	2.5636e-06	0.0007585	8.644e-07	0.0086504	0.0064806	0.023151	0.0012721	0.0022706	0.00026759	1.4174e-06	4.1618e-05	5.2881e-06	
1.8899e-06	1.3009e-07	0.040602	0.00019274	2.4631e-06	0.00013454	1.3757e-06	0.01	0.01	2.1832e-06	0.00077493	7.6918e-07	0.0086516	0.0064835	0.023635	0.0013558	0.0023078	0.00025511	2.2616e-06	2.3361e-05	6.4929e-06	
1.8551e-06	1.0413e-07	0.040615	0.00020905	2.4772e-06	0.00013426	1.3423e-06	0.01	0.01	2.1364e-06	0.00077579	7.4037e-07	0.0086517	0.0064837	0.023661	0.0013601	0.0023098	0.0002544	2.2693e-06	2.2356e-05	6.5284e-06	
1.8176e-06	8.5888e-08	0.040629	0.00023461	2.4877e-06	0.00013398	1.3068e-06	0.01	0.01	2.087e-06	0.00077667	7.0918e-07	0.0086518	0.0064839	0.023688	0.0013645	0.0023118	0.00025368	2.3127e-06	2.1347e-05	6.561e-06	
1.7773e-06	5.8864e-08	0.040646	0.00024373	2.4948e-06	0.0001337	1.2691e-06	0.01	0.01	2.0348e-06	0.00077758	6.7561e-07	0.0086518	0.0064842	0.023716	0.0013688	0.0023138	0.00025296	2.3247e-06	2.0333e-05	6.5909e-06	
1.7342e-06	6.5362e-08	0.040661	0.00025145	2.4984e-06	0.0001334	1.2293e-06	0.01	0.01	1.9801e-06	0.00077848	6.3965e-07	0.0086519	0.0064844	0.023744	0.0013731	0.0023159	0.00025224	2.3159e-06	1.9316e-05	6.618e-06	
1.6884e-06	7.5769e-08	0.040679	0.00026362	2.4984e-06	0.00013311	1.1873e-06	0.01	0.01	1.9226e-06	0.0007794	6.0132e-07	0.0086519	0.0064847	0.023772	0.0013775	0.0023179	0.00025151	2.3422e-06	1.8293e-05	6.6422e-06	
1.6399e-06	8.1601e-08	0.040698	0.00026783	2.4949e-06	0.0001328	1.1432e-06	0.01	0.01	1.8624e-06	0.00078036	5.606e-07	0.008652	0.0064851	0.023801	0.0013818	0.0023201	0.00025077	2.3507e-06	1.7267e-05	6.6637e-06	
1.5885e-06	9.4307e-08	0.040717	0.00027158	2.488e-06	0.00013249	1.0969e-06	0.01	0.01	1.7996e-06	0.00078129	5.1751e-07	0.008652	0.0064854	0.02383	0.0013861	0.0023222	0.00025003	2.4059e-06	1.6236e-05	6.6824e-06	
1.5344e-06	1.2729e-07	0.040737	0.00027243	2.4775e-06	0.00013218	1.0484e-06	0.01	0.01	1.7341e-06	0.00078226	4.7203e-07	0.0086521	0.0064858	0.02386	0.0013904	0.0023243	0.00024929	2.3757e-06	1.52e-05	6.6983e-06	
1.4776e-06	1.5346e-07	0.04076	0.00027132	2.4635e-06	0.00013185	9.9779e-07	0.01	0.01	1.666e-06	0.00078325	4.2418e-07	0.0086521	0.0064862	0.02389	0.0013947	0.0023265	0.00024854	2.3274e-06	1.4161e-05	6.7114e-06	
1.418e-06	1.9082e-07	0.040782	0.00027474	2.446e-06	0.00013153	9.4501e-07	0.01	0.01	1.5951e-06	0.00078423	3.7394e-07	0.0086522	0.0064866	0.02392	0.001399	0.0023287	0.00024778	2.316e-06	1.3116e-05	6.7217e-06	
1.3556e-06	2.2056e-07	0.040805	0.00027542	2.425e-06	0.00013119	8.9007e-07	0.01	0.01	1.5216e-06	0.00078524	3.2133e-07	0.0086522	0.006487	0.023951	0.0014033	0.0023309	0.00024702	2.2874e-06	1.2068e-05	6.7292e-06	
1.2904e-06	2.6361e-07	0.040831	0.00027411	2.4005e-06	0.00013085	8.3297e-07	0.01	0.01	1.4454e-06	0.00078627	2.6633e-07	0.0086523	0.0064875	0.023982	0.0014076	0.0023332	0.00024626	2.294e-06	1.1015e-05	6.7339e-06	
1.2225e-06	3.2685e-07	0.040859	0.00027371	2.2123e-06	0.00013058	7.7372e-07	0.01	0.01	1.3914e-06	0.00078734	2.4951e-07	0.0086524	0.006488	0.024014	0.001412	0.0023355	0.00024551	2.3366e-06	1.0191e-05	6.8168e-06	
1.1518e-06	3.7998e-07	0.040886	0.00027299	1.9795e-06	0.00013028	7.123e-07	0.01	0.01	1.3258e-06	0.00078839	2.2326e-07	0.0086524	0.0064885	0.024046	0.0014163	0.0023378	0.00024476	2.3626e-06	9.2824e-06	6.8665e-06	
1.0784e-06	4.2375e-07	0.040912	0.00027193	1.6619e-06	0.00012994	6.4873e-07	0.01	0.01	1.2481e-06	0.00078942	1.8681e-07	0.0086525	0.0064889	0.024078	0.0014206	0.0023401	0.00024398	2.3722e-06	8.2809e-06	6.8839e-06	
1.0022e-06	4.8797e-07	0.040938	0.00027088	8.1787e-07	0.00012956	5.83e-07	0.01	0.01	1.1678e-06	0.00079044	1.4795e-07	0.0086525	0.0064894	0.02411	0.0014249	0.0023423	0.0002432	2.4195e-06	7.5126e-06	6.9854e-06	
9.2325e-07	5.3109e-07	0.040967	0.0002667	4.3554e-07	0.00012915	5.1511e-07	0.01	0.01	1.1088e-06	0.0007915	3.5291e-08	0.0086526	0.0064899	0.024142	0.001429	0.0023446	0.00024244	2.4328e-06	7.2955e-06	6.9709e-06	
3.0675e-07	1.3344e-06	0.041417	0.00027762	1.4886e-08	0.00012484	7.5405e-09	0.01	0.01	3.2557e-07	0.00080842	7.8071e-09	0.0086549	0.0064989	0.024668	0.0015003	0.0023821	0.00023046	2.9877e-06	4.6312e-06	7.7535e-06	
3.2455e-07	1.3968e-06	0.041448	0.00027628	2.3781e-08	0.00012475	1.304e-08	0.01	0.01	2.9961e-07	0.00080955	8.1464e-09	0.0086552	0.0064995	0.024703	0.0015052	0.0023845	0.00022975	3.0475e-06	4.4879e-06	7.8686e-06	
3.3148e-07	1.4461e-06	0.041477	0.00027454	2.6631e-08	0.00012464	1.4888e-08	0.01	0.01	2.6666e-07	0.00081065	4.2028e-09	0.0086554	0.0065002	0.024739	0.00151	0.002387	0.00022903	3.0879e-06	4.3153e-06	7.9469e-06	
3.5903e-07	1.5263e-06	0.041509	0.00027388	1.1105e-08	0.00012449	5.8875e-09	0.01	0.01	2.4183e-07	0.00081179	2.2268e-09	0.0086556	0.0065009	0.024774	0.0015147	0.0023894	0.00022834	3.1753e-06	4.2042e-06	8.1252e-06	
3.7476e-07	1.5917e-06	0.04154	0.00027288	1.5468e-08	0.0001244	8.1806e-09	0.01	0.01	2.1037e-07	0.00081291	5.9791e-09	0.0086558	0.0065016	0.02481	0.0015196	0.0023919	0.00022762	3.2415e-06	4.066e-06	8.2618e-06	
4.1456e-07	1.6434e-06	0.041575	0.00026887	1.3226e-08	0.00012428	2.043e-09	0.01	0.01	1.8611e-07	0.00080895	1.9994e-09	0.0086561	0.0065022	0.024846	0.0015243	0.0023944	0.00022693	3.2877e-06	3.8996e-06	8.3595e-06	
4.4101e-07	1.6818e-06	0.041609	0.00026439	3.6037e-08	0.00012423	2.3124e-09	0.01	0.01	1.5554e-07	0.00080496	3.4548e-09	0.0086564	0.0065029	0.024881	0.0015293	0.0023969	0.00022622	3.3143e-06	3.7082e-06	8.4228e-06	
4.5498e-07	1.7077e-06	0.041643	0.00025905	2.1949e-07	0.00012424	1.0605e-08	0.01	0.01	1.1848e-07	0.00080095	1.9006e-08	0.0086566	0.0065035	0.024915	0.0015343	0.0023994	0.0002255	3.3221e-06	3.4862e-06	8.4624e-06	
4.569e-07	1.7216e-06	0.041675	0.00025273	3.707e-07	0.00012422	1.5095e-08	0.01	0.01	1.3743e-07	0.00079692	1.4124e-07	0.0086568	0.0065041	0.02495	0.0015393	0.0024018	0.00022476	3.3113e-06	3.2322e-06	8.4667e-06	
2.2693e-07	6.0034e-07	0.042668	3.459e-05	1.7315e-07	0.00012106	7.1019e-08	0.01	0.01	3.3944e-07	0.00067534	1.7051e-06	0.0086652	0.0065293	0.025934	0.0016927	0.0024807	0.00020229	8.9472e-07	9.2897e-07	3.9004e-06	
2.0109e-07	5.5513e-07	0.04262	2.9884e-05	1.3914e-07	0.00012091	5.8341e-08	0.01	0.01	3.3617e-07	0.00067152	1.7211e-06	0.0086655	0.0065302	0.025966	0.0016977	0.0024833	0.00020158	8.1756e-07	7.6957e-07	3.7091e-06	
1.8905e-07	5.2495e-07	0.042575	2.6698e-05	1.2751e-07	0.00012082	5.5414e-08	0.01	0.01	3.3872e-07	0.00066774	1.7347e-06	0.0086657	0.0065311	0.025999	0.0017028	0.002486	0.00020088	7.6546e-07	6.0485e-07	3.5151e-06	
1.9033e-07	5.0901e-07	0.042531	2.4655e-05	6.6469e-08	0.0001207	2.9249e-08	0.01	0.01	3.4815e-07	0.000664	1.746e-06	0.008666	0.0065321	0.026032	0.0017078	0.0024888	0.00020021	7.36e-07	4.3482e-07	3.3182e-06	
1.829e-07	4.8525e-07	0.042487	2.2238e-05	7.1103e-08	0.00012064	3.3562e-08	0.01	0.01	3.5114e-07	0.00066024	1.7549e-06	0.0086662	0.0065331	0.026066	0.001713	0.0024915	0.00019952	6.9532e-07	2.4263e-07	3.0819e-06	
1.8888e-07	4.7493e-07	0.042445	2.0719e-05	4.833e-08	0.00012055	2.3275e-08	0.01	0.01	3.6149e-07	0.00065652	1.7615e-06	0.0086665	0.0065341	0.026099	0.0017181	0.0024943	0.00019885	6.7537e-07	8.7682e-08	2.9348e-06	
1.8611e-07	4.5707e-07	0.042402	1.8912e-05	6.7669e-08	0.00012052	3.5663e-08	0.01	0.01	3.6526e-07	0.00065277	1.7657e-06	0.0086667	0.0065351	0.026133	0.0017234	0.002497	0.00019816	6.4487e-07	7.1512e-08	2.7537e-06	
1.9701e-07	4.5172e-07	0.042361	1.7785e-05	6.0878e-08	0.00012046	3.2704e-08	0.01	0.01	3.7663e-07	0.00064907	1.7675e-06	0.008667	0.0065361	0.026168	0.0017286	0.0024998	0.0001975	6.3312e-07	5.8161e-08	2.6457e-06	
1.9895e-07	4.3917e-07	0.04232	1.6438e-05	4.385e-08	0.00012039	2.3839e-08	0.01	0.01	3.8134e-07	0.00064535	1.767e-06	0.0086673	0.0065371	0.026202	0.0017337	0.0025026	0.00019682	6.1151e-07	3.759e-08	2.5097e-06	
1.9199e-07	4.1914e-07	0.042278	1.4836e-05	6.6949e-08	0.00012394	3.8264e-08	0.01	0.01	3.7943e-07	0.0006416	1.7642e-06	0.0086675	0.0065381	0.026236	0.0017385	0.0025054	0.00019612	5.7955e-07	5.6342e-08	2.3416e-06	
1.9873e-07	4.1121e-07	0.042238	1.3833e-05	6.3123e-08	0.00012749	3.6431e-08	0.01	0.01	3.8511e-07	0.0006379	1.759e-06	0.0086678	0.0065391	0.02627	0.0017432	0.0025082	0.00019545	5.6553e-07	4.1337e-08	2.2408e-06	
1.9659e-07	3.9615e-07	0.042197	1.2635e-05	4.9336e-08	0.00013104	2.8642e-08	0.01	0.01	3.8415e-07	0.00063417	1.7514e-06	0.008668	0.0065401	0.026305	0.001748	0.0025109	0.00019476	5.4183e-07	6.8719e-08	2.1129e-06	
1.8547e-07	3.7384e-07	0.042155	1.1209e-05	2.7583e-08	0.00013458	1.6084e-08	0.01	0.01	3.7654e-07	0.00063042	1.7415e-06	0.0086683	0.0065411	0.026339	0.0017527	0.0025137	0.00019405	5.0816e-07	8.7479e-08	1.9562e-06	
1.6508e-07	3.44e-07	0.042113	9.5192e-06	3.7887e-08	0.00013812	2.2532e-08	0.01	0.01	3.6226e-07	0.00062665	1.7292e-06	0.0086685	0.0065421	0.026373	0.0017574	0.0025164	0.00019333	4.6403e-07	1.0077e-07	1.7966e-06	
1.5857e-07	3.267e-07	0.042073	8.452e-06	2.82e-08	0.00014166	1.6831e-08	0.01	0.01	3.5562e-07	0.00062292	1.7146e-06	0.0086688	0.0065431	0.026407	0.0017621	0.0025192	0.00019263	4.3851e-07	1.0858e-07	1.6342e-06	
1.4363e-07	3.0254e-07	0.042032	7.1879e-06	9.5008e-09	0.00014519	5.6747e-09	0.01	0.01	3.4249e-07	0.00061917	1.6976e-06	0.008669	0.0065441	0.026442	0.0017668	0.0025219	0.00019192	4.0366e-07	1.0795e-07	1.4404e-06	
1.1978e-07	2.712e-07	0.04199	5.6948e-06	1.1367e-08	0.00014872	6.8557e-09	0.01	0.01	3.228e-07	0.00061539	1.6783e-06	0.0086693	0.0065451	0.026476	0.0017716	0.0025247	0.00019119	3.5893e-07	9.886e-08	1.2115e-06	
1.0848e-07	2.512e-07	0.04195	4.741e-06	1.7357e-08	0.00015225	1.0516e-08	0.01	0.01	3.104e-07	0.00061166	1.6566e-06	0.0086695	0.0065461	0.026511	0.0017763	0.0025274	0.00019048	3.3091e-07	9.2171e-08	1.0597e-06	
1.0705e-07	2.4054e-07	0.041913	4.138e-06	8.4417e-09	0.00015577	5.0474e-09	0.01	0.01	3.0474e-07	0.00060797	1.6326e-06	0.0086697	0.0065472	0.026546	0.001781	0.0025303	0.00018979	3.1629e-07	8.756e-08	9.6206e-07	
9.8261e-08	2.2384e-07	0.041875	3.4166e-06	1.5104e-08	0.00015929	9.0046e-09	0.01	0.01	2.928e-07	0.00060425	1.6062e-06	0.00867	0.0065482	0.026582	0.0017857	0.002533	0.00018908	2.9371e-07	7.4659e-08	8.427e-07	
9.869e-08	2.1572e-07	0.041838	2.9647e-06	3.0618e-08	0.0001628	1.8181e-08	0.01	0.01	2.8743e-07	0.00060058	1.5774e-06	0.0086702	0.0065493	0.026618	0.0017904	0.0025359	0.0001884	2.8325e-07	6.3617e-08	7.6754e-07	
1.0839e-07	2.1982e-07	0.041804	2.6887e-06	2.6933e-08	0.00016631	1.5758e-08	0.01	0.01	2.8832e-07	0.00059694	1.5463e-06	0.0086705	0.0065504	0.026655	0.001795	0.0025388	0.00018773	2.2159e-07	5.3889e-08	7.2492e-07	
1.1065e-07	2.7176e-07	0.04177	2.3488e-06	6.1003e-08	0.00016982	3.5565e-08	0.01	0.01	2.8308e-07	0.00059329	1.5129e-06	0.0086707	0.0065515	0.026692	0.0017997	0.0025417	0.00018705	2.1552e-07	3.5843e-08	6.6648e-07	
1.2321e-07	2.7647e-07	0.041737	2.1455e-06	6.4835e-08	0.00017332	3.7458e-08	0.01	0.01	2.8407e-07	0.00058967	1.4771e-06	0.008671	0.0065527	0.026729	0.0018044	0.0025446	0.00018639	2.1903e-07	1.86e-08	6.3565e-07	
1.2499e-07	2.7546e-07	0.041604	1.0925e-06	2.0105e-08	0.0001873	8.5256e-09	0.01	0.01	2.4711e-07	0.00057509	1.3103e-06	0.0086719	0.0065572	0.026878	0.0018231	0.0025561	0.00018365	2.0913e-07	2.0361e-08	4.3626e-07	
1.1334e-07	2.6611e-07	0.04157	7.6238e-07	2.9803e-08	0.00019079	1.1786e-08	0.01	0.01	2.2757e-07	0.00057141	1.2627e-06	0.0086721	0.0065583	0.026915	0.0018277	0.002559	0.00018295	1.9631e-07	4.1496e-08	3.6714e-07	
1.1193e-07	2.655e-07	0.041538	5.5279e-07	2.1357e-08	0.00019427	5.5265e-09	0.01	0.01	2.1409e-07	0.00056778	1.2127e-06	0.0086724	0.0065594	0.026953	0.0018324	0.0025619	0.00018226	1.9232e-07	6.4343e-08	3.2363e-07	
1.0308e-07	2.59e-07	0.041505	2.975e-07	4.08e-08	0.00019775	9.2919e-09	0.01	0.01	1.9466e-07	0.00056412	1.1604e-06	0.0086726	0.0065606	0.026991	0.001837	0.0025648	0.00018156	1.8191e-07	7.8877e-08	2.6771e-07	
1.0366e-07	2.505e-07	0.041474	1.3255e-07	8.3715e-08	0.00020123	1.7696e-08	0.01	0.01	1.8074e-07	0.0005605	9.7937e-07	0.0086729	0.0065617	0.027029	0.0018417	0.0025677	0.00018088	1.691e-07	9.5781e-08	2.3249e-07	
1.1382e-07	2.4003e-07	0.041445	2.4367e-08	9.0319e-08	0.0002047	1.4762e-08	0.01	0.01	1.7164e-07	0.00055692	4.9594e-07	0.0086732	0.0065629	0.027069	0.0018463	0.0025707	0.00018021	1.539e-07	1.16e-07	2.1249e-07	
1.1644e-07	2.2756e-07	0.041416	1.0588e-08	8.6288e-08	0.00020817	6.9467e-09	0.01	0.01	1.5702e-07	0.00055332	4.4245e-07	0.0086735	0.0065641	0.027107	0.0018509	0.0025737	0.00017953	1.3631e-07	1.2734e-07	1.8333e-07	
1.116e-07	2.2329e-07	0.041386	1.7479e-08	7.8641e-08	0.00021164	1.0809e-08	0.01	0.01	1.3677e-07	0.0005497	3.6418e-07	0.0086738	0.0065653	0.027146	0.0018556	0.0025766	0.00017884	1.2653e-07	1.4261e-07	1.6701e-07	
1.1653e-07	2.2674e-07	0.041358	2.5664e-08	8.7813e-08	0.0002151	1.9777e-08	0.01	0.01	1.2113e-07	0.00054612	3.3684e-07	0.0086741	0.0065665	0.027186	0.0018602	0.0025796	0.00017817	1.2334e-07	1.626e-07	1.6091e-07	
1.3253e-07	2.3834e-07	0.041331	3.6878e-08	6.8044e-08	0.00021856	1.686e-08	0.01	0.01	1.0935e-07	0.00054257	2.3932e-07	0.0086744	0.0065678	0.027226	0.0018648	0.0025826	0.00017751	1.2639e-07	1.885e-07	1.6416e-07	
1.4033e-07	2.4411e-07	0.041304	3.8443e-08	9.9619e-08	0.00022201	3.6508e-08	0.01	0.01	9.2416e-08	0.00053901	1.0604e-07	0.0086748	0.006569	0.027266	0.0018694	0.0025856	0.00017684	1.2384e-07	2.0454e-07	1.5994e-07	
1.6111e-07	2.586e-07	0.041279	4.3871e-08	9.7959e-08	0.00022546	3.8191e-08	0.01	0.01	7.8869e-08	0.00053548	4.6726e-08	0.0086751	0.0065703	0.027307	0.001874	0.0025887	0.00017619	1.2756e-07	2.2724e-07	1.6501e-07	
1.7289e-07	2.6702e-07	0.041254	3.9491e-08	8.8105e-08	0.00022891	3.5456e-08	0.01	0.01	6.034e-08	0.00053888	4.4954e-08	0.0086755	0.0065716	0.027347	0.0018786	0.0025917	0.00017553	1.2565e-07	2.3983e-07	1.626e-07	
1.7609e-07	2.6951e-07	0.041227	2.5223e-08	6.6554e-08	0.00023236	2.6743e-08	0.01	0.01	7.9953e-08	0.00054226	3.6379e-08	0.0086758	0.0065728	0.027388	0.0018832	0.0025947	0.00017485	1.1813e-07	2.4245e-07	1.527e-07	
1.7082e-07	2.8089e-07	0.0412	4.5717e-08	3.1721e-08	0.0002358	1.1417e-08	0.01	0.01	9.4547e-08	0.00054562	2.0344e-08	0.0086761	0.0065741	0.027428	0.0018878	0.0025977	0.00017415	1.1674e-07	2.5188e-07	1.5191e-07	
1.5691e-07	2.8619e-07	0.041173	5.5656e-08	3.6934e-08	0.00023924	1.3953e-08	0.01	0.01	1.0422e-07	0.00054895	2.7293e-08	0.0086764	0.0065753	0.027468	0.0018924	0.0026007	0.00017344	1.0986e-07	2.5127e-07	1.4383e-07	
1.5539e-07	3.0081e-07	0.041147	7.2492e-08	5.38e-08	0.00024267	2.1489e-08	0.01	0.01	1.1702e-07	0.00055233	3.1808e-08	0.0086767	0.0065765	0.027508	0.001897	0.0026037	0.00017275	1.0871e-07	2.5746e-07	1.4429e-07	
1.6588e-07	3.2627e-07	0.041123	9.9593e-08	4.6545e-08	0.0002461	1.6768e-08	0.01	0.01	1.3359e-07	0.00055574	3.3888e-08	0.008677	0.0065778	0.02755	0.0019016	0.0026067	0.00017208	1.1315e-07	2.7078e-07	1.5337e-07	
1.6806e-07	3.4483e-07	0.041098	1.1425e-07	2.9896e-08	0.00024953	6.8425e-09	0.01	0.01	1.449e-07	0.00055913	3.3533e-08	0.0086773	0.0065791	0.027591	0.0019062	0.0026098	0.00017139	1.1224e-07	2.7393e-07	1.5519e-07	
1.6194e-07	3.5669e-07	0.041073	1.1677e-07	4.5811e-08	0.00025295	9.4066e-09	0.01	0.01	1.51e-07	0.0005625	3.0744e-08	0.0086776	0.0065803	0.027632	0.0019107	0.0026128	0.00017069	1.0593e-07	2.6691e-07	1.4974e-07	
1.6812e-07	3.8004e-07	0.041049	1.3052e-07	8.4194e-08	0.00025637	1.6309e-08	0.01	0.01	1.6107e-07	0.0005659	2.5521e-08	0.0086779	0.0065816	0.027674	0.0019153	0.0026158	0.00017001	1.0526e-07	2.6717e-07	1.5308e-07	
1.8804e-07	4.1724e-07	0.041028	1.5823e-07	8.8008e-08	0.00025979	3.1647e-08	0.01	0.01	1.7561e-07	0.00056935	1.7862e-08	0.0086782	0.006583	0.027717	0.0019199	0.0026189	0.00016935	1.1009e-07	2.7469e-07	1.657e-07	
2.2679e-07	4.4619e-07	0.041008	1.3291e-07	8.1178e-08	0.0002632	3.1284e-08	0.01	0.01	1.9537e-07	0.00057283	1.6688e-08	0.0086786	0.0065843	0.027759	0.0019244	0.0026221	0.0001687	1.0953e-07	2.7192e-07	1.7066e-07	
2.5399e-07	4.6728e-07	0.040988	9.316e-08	6.6272e-08	0.00026661	2.6669e-08	0.01	0.01	2.0928e-07	0.00057629	1.0335e-08	0.0086789	0.0065856	0.027801	0.001929	0.0026253	0.00016804	1.0356e-07	2.5885e-07	1.6805e-07	
2.7053e-07	5.0317e-07	0.040967	1.2534e-07	3.9509e-08	0.00027002	1.6216e-08	0.01	0.01	2.1743e-07	0.00057973	1.8983e-08	0.0086792	0.0065868	0.027843	0.0019335	0.0026284	0.00016737	1.0314e-07	2.5315e-07	1.7505e-07	
2.7692e-07	5.3055e-07	0.040945	1.4396e-07	5.1932e-08	0.00027343	2.4384e-08	0.01	0.01	2.1988e-07	0.00058314	2.2047e-08	0.0086795	0.0065881	0.027884	0.0019381	0.0026314	0.00016668	9.7421e-08	2.3729e-07	1.7443e-07	
3.0188e-07	5.7494e-07	0.040926	1.7889e-07	4.1582e-08	0.00027683	1.9899e-08	0.01	0.01	2.2756e-07	0.0005866	3.2827e-08	0.0086798	0.0065894	0.027927	0.0019426	0.0026346	0.00016601	9.7055e-08	2.2842e-07	1.8377e-07	
3.158e-07	6.0979e-07	0.041034	1.9754e-07	2.3868e-08	0.00028022	1.1261e-08	0.01	0.01	2.2946e-07	0.00059003	3.7053e-08	0.0086801	0.0065907	0.027969	0.0019471	0.0026377	0.00016532	9.1406e-08	3.5455e-07	1.8511e-07	
3.1915e-07	6.3576e-07	0.041141	2.0202e-07	3.5066e-08	0.00028362	1.7788e-08	0.01	0.01	2.2562e-07	0.00059344	1.0114e-07	0.0086804	0.006592	0.02801	0.0019517	0.0026408	0.00016462	8.0446e-08	4.6368e-07	1.7872e-07	
3.4196e-07	6.7962e-07	0.041252	2.2351e-07	2.6764e-08	0.00028701	1.3189e-08	0.01	0.01	2.27e-07	0.00059689	1.2008e-07	0.0086808	0.0065933	0.028053	0.0019562	0.0026439	0.00016394	7.462e-08	6.008e-07	1.8227e-07	
3.5367e-07	7.1396e-07	0.041362	2.3051e-07	5.1366e-08	0.00029039	2.6366e-08	0.01	0.01	2.2272e-07	0.00060032	3.0786e-07	0.0086811	0.0065946	0.028095	0.0019607	0.002647	0.00016324	6.3777e-08	7.1967e-07	1.7826e-07	
3.6255e-07	7.6708e-07	0.041373	2.5457e-07	7.2356e-08	0.00029377	3.7317e-08	0.01	0.01	2.2305e-07	0.00060379	4.9338e-07	0.0086814	0.0065959	0.028139	0.0019652	0.0026502	0.00016256	5.6962e-08	8.68e-07	1.8318e-07	
3.6861e-07	8.426e-07	0.041385	2.9695e-07	8.9734e-08	0.00029715	4.6041e-08	0.01	0.01	2.276e-07	0.00060729	6.7664e-07	0.0086817	0.0065973	0.028182	0.0019697	0.0026534	0.0001619	5.3158e-08	1.0507e-06	1.9695e-07	
3.7184e-07	9.4691e-07	0.041399	3.6357e-07	1.035e-07	0.00030053	5.2539e-08	0.01	0.01	2.3648e-07	0.00061082	8.5765e-07	0.008682	0.0065987	0.028227	0.0019743	0.0026567	0.00016125	5.1973e-08	1.2755e-06	2.2121e-07	
3.7225e-07	1.0378e-06	0.041413	4.1342e-07	1.1365e-07	0.0003039	5.681e-08	0.01	0.01	2.4014e-07	0.00061434	1.0364e-06	0.0086823	0.0066	0.028272	0.0019788	0.0026599	0.00016059	4.6676e-08	1.4778e-06	2.377e-07	
3.6983e-07	1.1163e-06	0.041426	4.4729e-07	1.202e-07	0.00030727	5.8855e-08	0.01	0.01	2.3859e-07	0.00061783	1.2129e-06	0.0086827	0.0066014	0.028316	0.0019833	0.0026631	0.00015992	3.7201e-08	1.6585e-06	2.4665e-07	
3.6459e-07	1.1806e-06	0.041441	5.0861e-07	1.2313e-07	0.00031064	5.8674e-08	0.01	0.01	2.416e-07	0.00062137	1.3871e-06	0.008683	0.0066028	0.02836	0.0019877	0.0026664	0.00015926	5.7058e-08	1.8176e-06	2.4793e-07	
3.5652e-07	1.2023e-06	0.041457	4.6741e-07	1.2245e-07	0.000314	5.6266e-08	0.01	0.01	2.4939e-07	0.00062493	1.5591e-06	0.0086833	0.0066042	0.02834	0.0019922	0.0026697	0.00015862	6.3896e-08	2.0244e-06	2.6082e-07	
3.4563e-07	1.2415e-06	0.041475	4.4782e-07	1.1816e-07	0.00031736	5.1632e-08	0.01	0.01	2.6126e-07	0.00062853	1.7288e-06	0.0086836	0.0066057	0.028322	0.0019967	0.002673	0.00015799	7.3733e-08	2.2767e-06	2.8408e-07	
3.3191e-07	1.2729e-06	0.041493	4.1469e-07	1.1025e-07	0.00032072	4.4772e-08	0.01	0.01	2.6831e-07	0.00063212	1.8963e-06	0.0086839	0.0066071	0.028302	0.0020012	0.0026763	0.00015735	7.9499e-08	2.5078e-06	3.0033e-07	
3.3192e-07	1.3224e-06	0.041511	4.0014e-07	1.1541e-07	0.00032407	4.4289e-08	0.01	0.01	2.7938e-07	0.00063573	1.8987e-06	0.0086842	0.0066086	0.028284	0.0020057	0.0026797	0.00015672	8.845e-08	2.7883e-06	3.2771e-07	
3.4575e-07	1.3936e-06	0.041532	4.0292e-07	1.3567e-07	0.00032742	5.0053e-08	0.01	0.01	2.9488e-07	0.00063937	1.7408e-06	0.0086846	0.0066101	0.028266	0.0020102	0.0026831	0.00015611	1.013e-07	3.1282e-06	3.6896e-07	
3.5146e-07	1.455e-06	0.041552	3.9254e-07	1.4613e-07	0.00033077	5.0889e-08	0.01	0.01	3.053e-07	0.000643	1.5497e-06	0.008685	0.0066116	0.028248	0.0020146	0.0026865	0.00015548	1.0967e-07	3.4412e-06	4.0162e-07	
3.7668e-07	1.5476e-06	0.041574	4.0553e-07	1.17e-07	0.00033411	3.0983e-08	0.01	0.01	3.2225e-07	0.00064667	9.8132e-07	0.0086854	0.0066132	0.02823	0.0020191	0.00269	0.00015487	1.2421e-07	3.8396e-06	4.5566e-07	
4.2864e-07	1.6827e-06	0.041597	4.4599e-07	2.0268e-08	0.00033745	2.3295e-08	0.01	0.01	3.4698e-07	0.00065038	7.3525e-07	0.0086858	0.0066147	0.028213	0.0020235	0.0026935	0.00015428	1.4708e-07	4.3488e-06	5.4039e-07	
4.6591e-07	1.7974e-06	0.04162	4.6749e-07	8.7399e-09	0.00034078	9.3578e-09	0.01	0.01	3.6488e-07	0.00065406	4.4008e-07	0.0086862	0.0066163	0.028196	0.002028	0.0026969	0.00015367	1.6322e-07	4.806e-06	6.0852e-07	
4.8968e-07	1.8942e-06	0.041642	4.7062e-07	1.3654e-08	0.00034412	1.1419e-08	0.01	0.01	3.7608e-07	0.00065772	4.1494e-07	0.0086866	0.0066178	0.028179	0.0020324	0.0027004	0.00015305	1.7298e-07	5.2153e-06	6.6152e-07	
5.4299e-07	2.0366e-06	0.041667	5.0269e-07	4.9975e-09	0.00034744	3.7897e-09	0.01	0.01	3.9537e-07	0.00066143	3.1787e-07	0.008687	0.0066194	0.028162	0.0020369	0.0027039	0.00015244	1.9166e-07	5.7428e-06	7.4829e-07	
5.8068e-07	2.1582e-06	0.04169	5.1557e-07	8.0135e-09	0.00035077	5.0785e-09	0.01	0.01	4.0777e-07	0.00066511	1.847e-07	0.0086874	0.006621	0.028146	0.0020413	0.0027074	0.00015545	2.0356e-07	6.2165e-06	8.1748e-07	
6.5539e-07	2.3346e-06	0.041715	5.6056e-07	1.5023e-08	0.00035409	8.6119e-09	0.01	0.01	4.2884e-07	0.00066883	1.2676e-07	0.0086879	0.0066226	0.028129	0.0020458	0.0027109	0.0001585	2.2567e-07	6.8268e-06	9.2846e-07	
7.113e-07	2.4864e-06	0.04174	5.8497e-07	1.6509e-08	0.00035741	8.8237e-09	0.01	0.01	4.428e-07	0.00067254	5.453e-08	0.0086883	0.0066242	0.028113	0.0020502	0.0027144	0.00016153	2.4048e-07	7.376e-06	1.0186e-06	
8.1438e-07	2.5007e-06	0.041767	6.4577e-07	2.4443e-08	0.00036073	1.2355e-08	0.01	0.01	4.6593e-07	0.00067628	2.3685e-08	0.0086888	0.0066259	0.028097	0.0020546	0.0027179	0.00016461	2.6753e-07	8.0819e-06	1.1603e-06	
8.943e-07	2.5011e-06	0.041793	6.8406e-07	1.0314e-07	0.00036404	5.0768e-08	0.01	0.01	7.2462e-07	0.00068	2.5147e-08	0.0086893	0.0066275	0.028081	0.002059	0.0027215	0.00016766	2.8667e-07	8.7186e-06	1.277e-06	
9.536e-07	2.4875e-06	0.041818	7.0086e-07	1.5856e-07	0.00036735	7.7268e-08	0.01	0.01	9.5943e-07	0.0006837	2.2268e-08	0.0086897	0.0066291	0.028065	0.0020635	0.002725	0.00017069	2.9821e-07	9.2908e-06	1.3713e-06	
9.9416e-07	2.4598e-06	0.041842	6.9659e-07	2.0046e-07	0.00037066	9.6625e-08	0.01	0.01	1.1719e-06	0.00068737	4.7929e-08	0.0086901	0.0066306	0.028048	0.0020679	0.0027285	0.0001737	3.0234e-07	9.8028e-06	1.4449e-06	
1.0173e-06	2.4175e-06	0.041866	6.7115e-07	5.7003e-07	0.00037396	2.7388e-07	0.01	0.01	1.3636e-06	0.00069103	6.3955e-08	0.0086906	0.0066322	0.028032	0.0020723	0.0027319	0.00017668	2.9913e-07	1.0259e-05	1.4993e-06	
1.0814e-06	2.4066e-06	0.041892	6.8082e-07	7.0517e-07	0.00037726	3.3747e-07	0.01	0.01	1.6052e-06	0.00069472	5.9554e-08	0.008691	0.0066338	0.028016	0.0020767	0.0027354	0.00017971	3.0702e-07	1.0857e-05	1.599e-06	
1.1256e-06	2.4567e-06	0.041917	1.0246e-06	1.8122e-06	0.00038055	8.6585e-07	0.01	0.01	1.8233e-06	0.0006984	1.0508e-07	0.0086914	0.0066354	0.027999	0.0020811	0.0027389	0.00018272	3.4095e-07	1.1366e-05	1.6726e-06	
1.2196e-06	2.5441e-06	0.041944	1.5645e-06	2.2324e-06	0.00038385	1.065e-06	0.01	0.01	2.0988e-06	0.00070211	1.1522e-07	0.0086919	0.006637	0.027984	0.0020855	0.0027424	0.00018577	3.933e-07	1.2033e-05	1.7988e-06	
1.3868e-06	2.6781e-06	0.041973	2.4112e-06	3.2067e-06	0.00038713	1.5269e-06	0.01	0.01	2.4456e-06	0.00070587	1.488e-07	0.0086923	0.0066387	0.027969	0.0020899	0.002746	0.00018887	4.7061e-07	1.2894e-05	1.9975e-06	
1.6683e-06	2.6789e-06	0.042004	2.689e-06	3.5677e-06	0.00039042	1.6956e-06	0.01	0.01	2.8809e-06	0.00070967	2.2852e-07	0.0086929	0.0066404	0.027954	0.0020943	0.0027496	0.00019202	5.8414e-07	1.3996e-05	2.2992e-06	
1.8998e-06	2.6656e-06	0.042035	2.9123e-06	3.8331e-06	0.0003937	1.8181e-06	0.01	0.01	3.2784e-06	0.00071345	2.9289e-07	0.0086934	0.0066421	0.02794	0.0020986	0.0027533	0.00019514	6.806e-07	1.4998e-05	2.5561e-06	
2.0887e-06	2.6383e-06	0.042064	3.0873e-06	4.0225e-06	0.00039698	1.9033e-06	0.01	0.01	3.641e-06	0.00071721	3.4383e-07	0.0086938	0.0066438	0.027925	0.002103	0.0027568	0.00019824	7.6166e-07	1.5908e-05	2.7735e-06	
2.405e-06	2.6418e-06	0.042024	3.3937e-06	4.4975e-06	0.00040026	1.8862e-06	0.01	0.01	4.0954e-06	0.000721	4.6833e-07	0.0086944	0.0066455	0.027911	0.0021074	0.0027605	0.00020139	8.799e-07	1.7068e-05	3.1021e-06	
2.668e-06	2.6321e-06	0.041983	3.6436e-06	4.8586e-06	0.00040353	2.1894e-06	0.01	0.01	4.5119e-06	0.00072478	5.6143e-07	0.0086949	0.0066472	0.027897	0.0021118	0.0027641	0.00020451	9.8077e-07	1.8128e-05	3.3843e-06	
3.0963e-06	2.6521e-06	0.041944	4.0499e-06	5.6389e-06	0.0004068	2.275e-06	0.01	0.01	5.0307e-06	0.0007286	7.6393e-07	0.0086954	0.0066489	0.027883	0.0021161	0.0027678	0.00020768	1.1256e-06	1.9467e-05	3.8019e-06	
4.1314e-05	2.423e-06	0.039745	3.464e-05	0.00010307	0.00060016	1.164e-05	0.01	0.01	4.0529e-05	0.00095599	2.36e-05	0.008729	0.0067538	0.027104	0.0023742	0.0029871	0.0003974	9.808e-06	0.00011569	3.6905e-05	
4.1756e-05	2.3466e-06	0.03971	3.4872e-05	0.00011656	0.00060323	1.3006e-05	0.01	0.01	4.0992e-05	0.00095957	2.3819e-05	0.0087295	0.0067554	0.027092	0.0023783	0.0029906	0.00040038	9.8549e-06	0.00011701	3.7292e-05	
4.2576e-05	2.3043e-06	0.039676	3.5417e-05	0.00012142	0.0006063	1.602e-05	0.01	0.01	4.1609e-05	0.00096319	2.4412e-05	0.0087301	0.0067571	0.02708	0.0023824	0.0029941	0.00040342	9.9789e-06	0.00011875	3.7935e-05	
4.3968e-05	2.2914e-06	0.039644	3.6369e-05	0.00012312	0.00060937	1.7124e-05	0.01	0.01	4.2411e-05	0.00096685	2.4498e-05	0.0087307	0.0067589	0.027068	0.0023865	0.0029976	0.0004065	1.0194e-05	0.00012101	3.8922e-05	
4.5358e-05	2.2658e-06	0.039611	3.7166e-05	0.00012481	0.00061243	1.8227e-05	0.01	0.01	4.3141e-05	0.0009705	2.4538e-05	0.0087312	0.0067606	0.027057	0.0023906	0.0030011	0.00040956	1.0372e-05	0.00012307	3.9779e-05	
4.6747e-05	2.2677e-06	0.03958	3.8439e-05	0.00012651	0.00061549	1.9329e-05	0.01	0.01	4.3868e-05	0.00097418	2.4824e-05	0.0087318	0.0067623	0.027045	0.0023947	0.0030047	0.00041262	1.0651e-05	0.00012568	4.104e-05	
4.8135e-05	2.2573e-06	0.039549	3.9531e-05	0.0001282	0.00061855	2.043e-05	0.01	0.01	4.453e-05	0.00097785	2.506e-05	0.0087324	0.006764	0.027034	0.0023988	0.0030083	0.00041565	1.089e-05	0.00012809	4.2146e-05	
4.9521e-05	2.2739e-06	0.03952	4.1215e-05	0.00012989	0.0006216	2.153e-05	0.01	0.01	4.538e-05	0.00098156	2.4926e-05	0.0087331	0.0067658	0.027024	0.0024028	0.0030119	0.00041874	1.1247e-05	0.00013112	4.3753e-05	
5.0905e-05	2.326e-06	0.039492	4.3765e-05	0.00013158	0.00062465	2.2629e-05	0.01	0.01	4.6457e-05	0.00098531	2.5003e-05	0.0087337	0.0067676	0.027014	0.0024069	0.0030156	0.00042187	1.1796e-05	0.00013197	4.4267e-05	
5.2289e-05	2.4121e-06	0.039466	4.7564e-05	0.00013327	0.0006277	2.3726e-05	0.01	0.01	4.7806e-05	0.00098911	2.5324e-05	0.0087344	0.0067695	0.027004	0.002411	0.0030193	0.00042506	1.2568e-05	0.00013316	4.5075e-05	
5.367e-05	2.5403e-06	0.039442	5.3201e-05	0.00013495	0.00063074	2.4823e-05	0.01	0.01	4.9154e-05	0.00099296	2.6063e-05	0.0087351	0.0067714	0.026995	0.002415	0.0030231	0.00042824	1.3644e-05	0.00013474	4.6287e-05	
5.5051e-05	2.7229e-06	0.03942	6.1579e-05	0.00013664	0.00063378	2.5918e-05	0.01	0.01	5.05e-05	0.00099685	2.6212e-05	0.0087359	0.0067733	0.026987	0.0024191	0.0030269	0.00043142	1.5141e-05	0.0001368	4.8065e-05	
5.643e-05	2.8821e-06	0.039397	6.8928e-05	0.00013832	0.00063682	2.7012e-05	0.01	0.01	5.1846e-05	0.0010007	2.8416e-05	0.0087366	0.0067752	0.026979	0.0024232	0.0030307	0.0004346	1.6474e-05	0.00013867	4.9623e-05	
5.7808e-05	3.0198e-06	0.039376	7.1156e-05	0.00014	0.00063986	2.8105e-05	0.01	0.01	5.319e-05	0.0010046	2.912e-05	0.0087374	0.0067771	0.02697	0.0024272	0.0030346	0.00043777	1.7662e-05	0.00014037	5.0986e-05	
5.9184e-05	3.2154e-06	0.039356	7.4557e-05	0.00014168	0.00064289	2.9197e-05	0.01	0.01	5.4532e-05	0.0010086	3.0636e-05	0.0087382	0.0067791	0.026962	0.0024313	0.0030385	0.00044094	1.9301e-05	0.00014023	5.2966e-05	
