
Loaded 'libv3/convenience/matrix.bf' from /usr/local/lib/hyphy/TemplateBatchFiles/libv3/convenience/matrix.bf
Loaded 'libv3/UtilityFunctions.bf' from /usr/local/lib/hyphy/TemplateBatchFiles/libv3/UtilityFunctions.bf
Loaded 'IOFunctions.bf' from /usr/local/lib/hyphy/TemplateBatchFiles/libv3/IOFunctions.bf
Already loaded 'libv3/UtilityFunctions.bf' from /usr/local/lib/hyphy/TemplateBatchFiles/libv3/UtilityFunctions.bf
Loaded 'convenience/regexp.bf' from /usr/local/lib/hyphy/TemplateBatchFiles/libv3/convenience/regexp.bf
Loaded 'libv3/all-terms.bf' from /usr/local/lib/hyphy/TemplateBatchFiles/libv3/all-terms.bf
Variable 'skipCodeSelectionStep' was not initialized prior to being used
Row and/or column partition is empty. All the data will be used by default.
Overwritten previously defined function:'GaussLaguerreQuardature'
Overwritten previously defined function:'GammaQuadWeight'
Variable 'SKIP_HARVEST_FREQ' was not initialized prior to being used
Variable '_WRAP_PASSTHROUGH_FLAG_' was not initialized prior to being used
Variable 'END_OF_FILE' was not initialized prior to being used
Variable '_DO_TREE_REBALANCE_' was not initialized prior to being used
Variable '_KEEP_I_LABELS_' was not initialized prior to being used
Model MG94customModel assigned to Suricata_suricatta
Suricata_suricatta has 2 parameters - branch length not assigned
Model MG94customModel assigned to Panthera_tigris
Panthera_tigris has 2 parameters - branch length not assigned
Model MG94customModel assigned to Panthera_pardus
Panthera_pardus has 2 parameters - branch length not assigned
Model MG94customModel assigned to Panthera_leo
Panthera_leo has 2 parameters - branch length not assigned
Model MG94customModel assigned to Node5
Node5 has 2 parameters - branch length not assigned
Model MG94customModel assigned to Node3
Node3 has 2 parameters - branch length not assigned
Model MG94customModel assigned to Lynx_canadensis
Lynx_canadensis has 2 parameters - branch length not assigned
Model MG94customModel assigned to Felis_catus
Felis_catus has 2 parameters - branch length not assigned
Model MG94customModel assigned to Node10
Node10 has 2 parameters - branch length not assigned
Model MG94customModel assigned to Puma_concolor
Puma_concolor has 2 parameters - branch length not assigned
Model MG94customModel assigned to Node9
Node9 has 2 parameters - branch length not assigned
Model MG94customModel assigned to Acinonyx_jubatus
Acinonyx_jubatus has 2 parameters - branch length not assigned
Model MG94customModel assigned to Node8
Node8 has 2 parameters - branch length not assigned
Model MG94customModel assigned to Node2
Node2 has 2 parameters - branch length not assigned
Rooted tree. Removing one branch - the right root child has been promoted to be the new root
The tips of the tree:givenTree were matched with the species names from the data in the following numeric order (0-based) {7,5,3,4,2,1,6,0}

Pseudo-optimal path's cost 1213 vs 1773 for 1..k=> a 1.46167 x improvement
Partition 0 reversible model flag computed as 1
Variable 'theLnLik' was not initialized prior to being used
Variable 'SAVE_OPT_STATUS_TO' was not initialized prior to being used
Variable 'givenTree.Suricata_suricatta.nonSynRate' was not initialized prior to being used
Variable 'givenTree.Suricata_suricatta.synRate' was not initialized prior to being used
Variable 'givenTree.Panthera_tigris.nonSynRate' was not initialized prior to being used
Variable 'givenTree.Panthera_tigris.synRate' was not initialized prior to being used
Variable 'givenTree.Panthera_pardus.nonSynRate' was not initialized prior to being used
Variable 'givenTree.Panthera_pardus.synRate' was not initialized prior to being used
Variable 'givenTree.Panthera_leo.nonSynRate' was not initialized prior to being used
Variable 'givenTree.Panthera_leo.synRate' was not initialized prior to being used
Variable 'givenTree.Lynx_canadensis.nonSynRate' was not initialized prior to being used
Variable 'givenTree.Lynx_canadensis.synRate' was not initialized prior to being used
Variable 'givenTree.Felis_catus.nonSynRate' was not initialized prior to being used
Variable 'givenTree.Felis_catus.synRate' was not initialized prior to being used
Variable 'givenTree.Puma_concolor.nonSynRate' was not initialized prior to being used
Variable 'givenTree.Puma_concolor.synRate' was not initialized prior to being used
Variable 'givenTree.Acinonyx_jubatus.nonSynRate' was not initialized prior to being used
Variable 'givenTree.Acinonyx_jubatus.synRate' was not initialized prior to being used
Variable 'givenTree.Node5.nonSynRate' was not initialized prior to being used
Variable 'givenTree.Node5.synRate' was not initialized prior to being used
Variable 'givenTree.Node3.nonSynRate' was not initialized prior to being used
Variable 'givenTree.Node3.synRate' was not initialized prior to being used
Variable 'givenTree.Node10.nonSynRate' was not initialized prior to being used
Variable 'givenTree.Node10.synRate' was not initialized prior to being used
Variable 'givenTree.Node9.nonSynRate' was not initialized prior to being used
Variable 'givenTree.Node9.synRate' was not initialized prior to being used
Variable 'givenTree.Node8.nonSynRate' was not initialized prior to being used
Variable 'givenTree.Node8.synRate' was not initialized prior to being used
Site 8 evaluated to a 0 probability in ComputeTreeBlockByBranch
Site 8 evaluated to a 0 probability in ComputeTreeBlockByBranch
Site 117 evaluated to a 0 probability in ComputeTreeBlockByBranch
Site 8 evaluated to a 0 probability in ComputeTreeBlockByBranch
Site 10 evaluated to a 0 probability in ComputeTreeBlockByBranch
Site 46 evaluated to a 0 probability in ComputeTreeBlockByBranch
Site 8 evaluated to a 0 probability in ComputeTreeBlockByBranch
Site 86 evaluated to a 0 probability in ComputeTreeBlockByBranch
Site 84 evaluated to a 0 probability in ComputeTreeBlockByBranch
Site 117 evaluated to a 0 probability in ComputeTreeBlockByBranch
Site 8 evaluated to a 0 probability in ComputeTreeBlockByBranch
Site 76 evaluated to a 0 probability in ComputeTreeBlockByBranch
Site 130 evaluated to a 0 probability in ComputeTreeBlockByBranch
Site 69 evaluated to a 0 probability in ComputeTreeBlockByBranch
Site 21 evaluated to a 0 probability in ComputeTreeBlockByBranch
Site 8 evaluated to a 0 probability in ComputeTreeBlockByBranch
Site 33 evaluated to a 0 probability in ComputeTreeBlockByBranch
Site 114 evaluated to a 0 probability in ComputeTreeBlockByBranch
Site 103 evaluated to a 0 probability in ComputeTreeBlockByBranch
Site 9 evaluated to a 0 probability in ComputeTreeBlockByBranch
Site 55 evaluated to a 0 probability in ComputeTreeBlockByBranch
Site 8 evaluated to a 0 probability in ComputeTreeBlockByBranch
Site 88 evaluated to a 0 probability in ComputeTreeBlockByBranch
Site 72 evaluated to a 0 probability in ComputeTreeBlockByBranch
Site 65 evaluated to a 0 probability in ComputeTreeBlockByBranch
Site 49 evaluated to a 0 probability in ComputeTreeBlockByBranch
Site 105 evaluated to a 0 probability in ComputeTreeBlockByBranch
Site 44 evaluated to a 0 probability in ComputeTreeBlockByBranch
Auto-benchmarked an optimal number (6) of threads.
Set GUI update interval to every 417-th LF evaluation.
Initial guess for givenTree.Node3.nonSynRate is 0.00784334
Initial guess for givenTree.Node3.synRate is 0.0236473
Initial guess for givenTree.Panthera_tigris.nonSynRate is 0.201634
Initial guess for givenTree.Panthera_tigris.synRate is 0.249
Initial guess for givenTree.Node5.nonSynRate is 0.000482279
Initial guess for givenTree.Node5.synRate is -0.000307129
Initial guess for givenTree.Panthera_pardus.nonSynRate is -0.000484812
Initial guess for givenTree.Panthera_pardus.synRate is 0.00255438
Initial guess for givenTree.Panthera_leo.nonSynRate is -1.6625e-05
Initial guess for givenTree.Panthera_leo.synRate is 0.0017504
Initial guess for givenTree.Node8.nonSynRate is -0.0134201
Initial guess for givenTree.Node8.synRate is -0.0369247
Initial guess for givenTree.Node9.nonSynRate is 0.0149635
Initial guess for givenTree.Node9.synRate is 0.0252415
Initial guess for givenTree.Node10.nonSynRate is -0.000773306
Initial guess for givenTree.Node10.synRate is -0.00124401
Initial guess for givenTree.Lynx_canadensis.nonSynRate is 1.5364e-05
Initial guess for givenTree.Lynx_canadensis.synRate is 0.000491779
Initial guess for givenTree.Felis_catus.nonSynRate is 0.000687177
Initial guess for givenTree.Felis_catus.synRate is 0.00376302
Initial guess for givenTree.Puma_concolor.nonSynRate is 0.00385996
Initial guess for givenTree.Puma_concolor.synRate is 0.000751761
Initial guess for givenTree.Acinonyx_jubatus.nonSynRate is 0.00302432
Initial guess for givenTree.Acinonyx_jubatus.synRate is 0.00349126
Optimization settings:
	OPTIMIZATION_METHOD = 4
	OPTIMIZATION_PRECISION = 0.001
	MAXIMUM_ITERATIONS_PER_VARIABLE = 5000

Initial parameter values

GT = 1
CT = 1
AC = 1
CG = 1
AT = 1
givenTree.Suricata_suricatta.synRate = 0.1
givenTree.Suricata_suricatta.nonSynRate = 0.1
givenTree.Panthera_tigris.synRate = 0.249
givenTree.Panthera_tigris.nonSynRate = 0.201634
givenTree.Panthera_pardus.synRate = 0.00255438
givenTree.Panthera_pardus.nonSynRate = 0
givenTree.Panthera_leo.synRate = 0.0017504
givenTree.Panthera_leo.nonSynRate = 0
givenTree.Node5.synRate = 0
givenTree.Node5.nonSynRate = 0.000482279
givenTree.Node3.synRate = 0.0236473
givenTree.Node3.nonSynRate = 0.00784334
givenTree.Lynx_canadensis.synRate = 0.000491779
givenTree.Lynx_canadensis.nonSynRate = 1.5364e-05
givenTree.Felis_catus.synRate = 0.00376302
givenTree.Felis_catus.nonSynRate = 0.000687177
givenTree.Node10.synRate = 0
givenTree.Node10.nonSynRate = 0
givenTree.Puma_concolor.synRate = 0.000751761
givenTree.Puma_concolor.nonSynRate = 0.00385996
givenTree.Node9.synRate = 0.0252415
givenTree.Node9.nonSynRate = 0.0149635
givenTree.Acinonyx_jubatus.synRate = 0.00349126
givenTree.Acinonyx_jubatus.nonSynRate = 0.00302432
givenTree.Node8.synRate = 0
givenTree.Node8.nonSynRate = 0
Site 107 evaluated to a 0 probability in ComputeTreeBlockByBranch
Site 107 evaluated to a 0 probability in ComputeTreeBlockByBranch
Site 107 evaluated to a 0 probability in ComputeTreeBlockByBranch
Site 107 evaluated to a 0 probability in ComputeTreeBlockByBranch
Site 107 evaluated to a 0 probability in ComputeTreeBlockByBranch
Site 107 evaluated to a 0 probability in ComputeTreeBlockByBranch
Site 107 evaluated to a 0 probability in ComputeTreeBlockByBranch
Site 107 evaluated to a 0 probability in ComputeTreeBlockByBranch
Site 107 evaluated to a 0 probability in ComputeTreeBlockByBranch
Site 107 evaluated to a 0 probability in ComputeTreeBlockByBranch
Site 107 evaluated to a 0 probability in ComputeTreeBlockByBranch
Site 107 evaluated to a 0 probability in ComputeTreeBlockByBranch
Site 107 evaluated to a 0 probability in ComputeTreeBlockByBranch
Site 107 evaluated to a 0 probability in ComputeTreeBlockByBranch
Site 107 evaluated to a 0 probability in ComputeTreeBlockByBranch
Site 107 evaluated to a 0 probability in ComputeTreeBlockByBranch
Site 107 evaluated to a 0 probability in ComputeTreeBlockByBranch
Site 107 evaluated to a 0 probability in ComputeTreeBlockByBranch
Site 107 evaluated to a 0 probability in ComputeTreeBlockByBranch
Site 107 evaluated to a 0 probability in ComputeTreeBlockByBranch
Site 107 evaluated to a 0 probability in ComputeTreeBlockByBranch
Site 107 evaluated to a 0 probability in ComputeTreeBlockByBranch
Site 107 evaluated to a 0 probability in ComputeTreeBlockByBranch
Site 107 evaluated to a 0 probability in ComputeTreeBlockByBranch
Site 107 evaluated to a 0 probability in ComputeTreeBlockByBranch
Site 107 evaluated to a 0 probability in ComputeTreeBlockByBranch
Site 107 evaluated to a 0 probability in ComputeTreeBlockByBranch
Site 107 evaluated to a 0 probability in ComputeTreeBlockByBranch
Site 107 evaluated to a 0 probability in ComputeTreeBlockByBranch
Site 107 evaluated to a 0 probability in ComputeTreeBlockByBranch
Site 107 evaluated to a 0 probability in ComputeTreeBlockByBranch
Site 107 evaluated to a 0 probability in ComputeLLWithBranchCache
Site 107 evaluated to a 0 probability in ComputeLLWithBranchCache
Site 107 evaluated to a 0 probability in ComputeLLWithBranchCache
Site 107 evaluated to a 0 probability in ComputeLLWithBranchCache
Site 107 evaluated to a 0 probability in ComputeLLWithBranchCache
Site 107 evaluated to a 0 probability in ComputeLLWithBranchCache
Site 107 evaluated to a 0 probability in ComputeTreeBlockByBranch
Site 107 evaluated to a 0 probability in ComputeLLWithBranchCache
Site 107 evaluated to a 0 probability in ComputeLLWithBranchCache
Site 107 evaluated to a 0 probability in ComputeLLWithBranchCache
Site 107 evaluated to a 0 probability in ComputeTreeBlockByBranch
Site 107 evaluated to a 0 probability in ComputeTreeBlockByBranch
Site 107 evaluated to a 0 probability in ComputeLLWithBranchCache
Site 107 evaluated to a 0 probability in ComputeLLWithBranchCache
Site 107 evaluated to a 0 probability in ComputeTreeBlockByBranch
Site 107 evaluated to a 0 probability in ComputeTreeBlockByBranch
Site 107 evaluated to a 0 probability in ComputeLLWithBranchCache
Site 107 evaluated to a 0 probability in ComputeLLWithBranchCache
Site 107 evaluated to a 0 probability in ComputeLLWithBranchCache
Site 107 evaluated to a 0 probability in ComputeLLWithBranchCache
Site 107 evaluated to a 0 probability in ComputeTreeBlockByBranch
Site 107 evaluated to a 0 probability in ComputeLLWithBranchCache
Site 107 evaluated to a 0 probability in ComputeLLWithBranchCache
Site 107 evaluated to a 0 probability in ComputeLLWithBranchCache
Site 107 evaluated to a 0 probability in ComputeLLWithBranchCache
Site 107 evaluated to a 0 probability in ComputeLLWithBranchCache
Site 107 evaluated to a 0 probability in ComputeTreeBlockByBranch
Site 107 evaluated to a 0 probability in ComputeLLWithBranchCache
Site 107 evaluated to a 0 probability in ComputeLLWithBranchCache
Site 107 evaluated to a 0 probability in ComputeLLWithBranchCache
Site 107 evaluated to a 0 probability in ComputeLLWithBranchCache
Site 107 evaluated to a 0 probability in ComputeLLWithBranchCache
Site 107 evaluated to a 0 probability in ComputeTreeBlockByBranch
Site 107 evaluated to a 0 probability in ComputeTreeBlockByBranch
Site 107 evaluated to a 0 probability in ComputeLLWithBranchCache
Site 107 evaluated to a 0 probability in ComputeLLWithBranchCache
Site 107 evaluated to a 0 probability in ComputeLLWithBranchCache
Site 107 evaluated to a 0 probability in ComputeLLWithBranchCache
Site 107 evaluated to a 0 probability in ComputeLLWithBranchCache
Site 107 evaluated to a 0 probability in ComputeLLWithBranchCache
Site 107 evaluated to a 0 probability in ComputeTreeBlockByBranch
Site 107 evaluated to a 0 probability in ComputeLLWithBranchCache
Site 107 evaluated to a 0 probability in ComputeLLWithBranchCache
Site 107 evaluated to a 0 probability in ComputeLLWithBranchCache
Site 107 evaluated to a 0 probability in ComputeTreeBlockByBranch
Site 107 evaluated to a 0 probability in ComputeTreeBlockByBranch
Site 107 evaluated to a 0 probability in ComputeLLWithBranchCache
Site 107 evaluated to a 0 probability in ComputeLLWithBranchCache
Site 107 evaluated to a 0 probability in ComputeLLWithBranchCache
Site 107 evaluated to a 0 probability in ComputeLLWithBranchCache
Site 107 evaluated to a 0 probability in ComputeLLWithBranchCache
Site 107 evaluated to a 0 probability in ComputeLLWithBranchCache
Optimization finished in 87 loop passes.
11030 likelihood evaluation calls and 44503 matrix exponentiations calls were made

Variable 'lastDepth' was not initialized prior to being used
No nodel was assigned to Suricata_suricatta
Suricata_suricatta has 0 parameters - branch length not assigned
No nodel was assigned to Panthera_tigris
Panthera_tigris has 0 parameters - branch length not assigned
No nodel was assigned to Panthera_pardus
Panthera_pardus has 0 parameters - branch length not assigned
No nodel was assigned to Panthera_leo
Panthera_leo has 0 parameters - branch length not assigned
No nodel was assigned to Node5
Node5 has 0 parameters - branch length not assigned
No nodel was assigned to Node3
Node3 has 0 parameters - branch length not assigned
No nodel was assigned to Lynx_canadensis
Lynx_canadensis has 0 parameters - branch length not assigned
No nodel was assigned to Felis_catus
Felis_catus has 0 parameters - branch length not assigned
No nodel was assigned to Node10
Node10 has 0 parameters - branch length not assigned
No nodel was assigned to Puma_concolor
Puma_concolor has 0 parameters - branch length not assigned
No nodel was assigned to Node9
Node9 has 0 parameters - branch length not assigned
No nodel was assigned to Acinonyx_jubatus
Acinonyx_jubatus has 0 parameters - branch length not assigned
No nodel was assigned to Node8
Node8 has 0 parameters - branch length not assigned
No nodel was assigned to Suricata_suricatta
Suricata_suricatta has 0 parameters - branch length not assigned
No nodel was assigned to Panthera_tigris
Panthera_tigris has 0 parameters - branch length not assigned
No nodel was assigned to Panthera_pardus
Panthera_pardus has 0 parameters - branch length not assigned
No nodel was assigned to Panthera_leo
Panthera_leo has 0 parameters - branch length not assigned
No nodel was assigned to Node5
Node5 has 0 parameters - branch length not assigned
No nodel was assigned to Node3
Node3 has 0 parameters - branch length not assigned
No nodel was assigned to Lynx_canadensis
Lynx_canadensis has 0 parameters - branch length not assigned
No nodel was assigned to Felis_catus
Felis_catus has 0 parameters - branch length not assigned
No nodel was assigned to Node10
Node10 has 0 parameters - branch length not assigned
No nodel was assigned to Puma_concolor
Puma_concolor has 0 parameters - branch length not assigned
No nodel was assigned to Node9
Node9 has 0 parameters - branch length not assigned
No nodel was assigned to Acinonyx_jubatus
Acinonyx_jubatus has 0 parameters - branch length not assigned
No nodel was assigned to Node8
Node8 has 0 parameters - branch length not assigned
No nodel was assigned to Suricata_suricatta
Suricata_suricatta has 0 parameters - branch length not assigned
No nodel was assigned to Panthera_tigris
Panthera_tigris has 0 parameters - branch length not assigned
No nodel was assigned to Panthera_pardus
Panthera_pardus has 0 parameters - branch length not assigned
No nodel was assigned to Panthera_leo
Panthera_leo has 0 parameters - branch length not assigned
No nodel was assigned to Node5
Node5 has 0 parameters - branch length not assigned
No nodel was assigned to Node3
Node3 has 0 parameters - branch length not assigned
No nodel was assigned to Lynx_canadensis
Lynx_canadensis has 0 parameters - branch length not assigned
No nodel was assigned to Felis_catus
Felis_catus has 0 parameters - branch length not assigned
No nodel was assigned to Node10
Node10 has 0 parameters - branch length not assigned
No nodel was assigned to Puma_concolor
Puma_concolor has 0 parameters - branch length not assigned
No nodel was assigned to Node9
Node9 has 0 parameters - branch length not assigned
No nodel was assigned to Acinonyx_jubatus
Acinonyx_jubatus has 0 parameters - branch length not assigned
No nodel was assigned to Node8
Node8 has 0 parameters - branch length not assigned
No nodel was assigned to Suricata_suricatta
Suricata_suricatta has 0 parameters - branch length not assigned
No nodel was assigned to Panthera_tigris
Panthera_tigris has 0 parameters - branch length not assigned
No nodel was assigned to Panthera_pardus
Panthera_pardus has 0 parameters - branch length not assigned
No nodel was assigned to Panthera_leo
Panthera_leo has 0 parameters - branch length not assigned
No nodel was assigned to Node5
Node5 has 0 parameters - branch length not assigned
No nodel was assigned to Node3
Node3 has 0 parameters - branch length not assigned
No nodel was assigned to Lynx_canadensis
Lynx_canadensis has 0 parameters - branch length not assigned
No nodel was assigned to Felis_catus
Felis_catus has 0 parameters - branch length not assigned
No nodel was assigned to Node10
Node10 has 0 parameters - branch length not assigned
No nodel was assigned to Puma_concolor
Puma_concolor has 0 parameters - branch length not assigned
No nodel was assigned to Node9
Node9 has 0 parameters - branch length not assigned
No nodel was assigned to Acinonyx_jubatus
Acinonyx_jubatus has 0 parameters - branch length not assigned
No nodel was assigned to Node8
Node8 has 0 parameters - branch length not assigned
Variable 'nodeName' was not initialized prior to being used
Variable 'speciesIndex' was not initialized prior to being used
Row and/or column partition is empty. All the data will be used by default.
Model MG94customModel assigned to Suricata_suricatta
Model MG94customModel assigned to Panthera_tigris
One branch tree supplied - hopefully this IS what you meant to do.
Rooted tree. Removing one branch - the left root child has been promoted to be the new root
Partition 0 reversible model flag computed as 1
Variable 'twoLnLik' was not initialized prior to being used
Variable 't2.Panthera_tigris.nonSynRate' was not initialized prior to being used
Variable 't2.Panthera_tigris.synRate' was not initialized prior to being used
Auto-benchmarked an optimal number (5) of threads.
Set GUI update interval to every 8620-th LF evaluation.
Optimization settings:
	OPTIMIZATION_METHOD = 4
	OPTIMIZATION_PRECISION = 0.001
	MAXIMUM_ITERATIONS_PER_VARIABLE = 5000

Initial parameter values

t2.Panthera_tigris.nonSynRate = 0.1
t2.Panthera_tigris.synRate = 0.1
Optimization finished in 6 loop passes.
193 likelihood evaluation calls and 177 matrix exponentiations calls were made

Row and/or column partition is empty. All the data will be used by default.
Model MG94customModel assigned to Suricata_suricatta
Model MG94customModel assigned to Panthera_pardus
One branch tree supplied - hopefully this IS what you meant to do.
Rooted tree. Removing one branch - the left root child has been promoted to be the new root
Partition 0 reversible model flag computed as 1
Variable 't2.Panthera_pardus.nonSynRate' was not initialized prior to being used
Variable 't2.Panthera_pardus.synRate' was not initialized prior to being used
Auto-benchmarked an optimal number (4) of threads.
Set GUI update interval to every 5617-th LF evaluation.
Optimization settings:
	OPTIMIZATION_METHOD = 4
	OPTIMIZATION_PRECISION = 0.001
	MAXIMUM_ITERATIONS_PER_VARIABLE = 5000

Initial parameter values

t2.Panthera_pardus.nonSynRate = 0.1
t2.Panthera_pardus.synRate = 0.1
Optimization finished in 6 loop passes.
173 likelihood evaluation calls and 155 matrix exponentiations calls were made

Row and/or column partition is empty. All the data will be used by default.
Model MG94customModel assigned to Suricata_suricatta
Model MG94customModel assigned to Panthera_leo
One branch tree supplied - hopefully this IS what you meant to do.
Rooted tree. Removing one branch - the left root child has been promoted to be the new root
Partition 0 reversible model flag computed as 1
Variable 't2.Panthera_leo.synRate' was not initialized prior to being used
Variable 't2.Panthera_leo.nonSynRate' was not initialized prior to being used
Auto-benchmarked an optimal number (4) of threads.
Set GUI update interval to every 8771-th LF evaluation.
Optimization settings:
	OPTIMIZATION_METHOD = 4
	OPTIMIZATION_PRECISION = 0.001
	MAXIMUM_ITERATIONS_PER_VARIABLE = 5000

Initial parameter values

t2.Panthera_leo.synRate = 0.1
t2.Panthera_leo.nonSynRate = 0.1
Optimization finished in 6 loop passes.
189 likelihood evaluation calls and 174 matrix exponentiations calls were made

Row and/or column partition is empty. All the data will be used by default.
Model MG94customModel assigned to Suricata_suricatta
Model MG94customModel assigned to Lynx_canadensis
One branch tree supplied - hopefully this IS what you meant to do.
Rooted tree. Removing one branch - the left root child has been promoted to be the new root
Partition 0 reversible model flag computed as 1
Variable 't2.Lynx_canadensis.nonSynRate' was not initialized prior to being used
Variable 't2.Lynx_canadensis.synRate' was not initialized prior to being used
Auto-benchmarked an optimal number (4) of threads.
Set GUI update interval to every 8771-th LF evaluation.
Optimization settings:
	OPTIMIZATION_METHOD = 4
	OPTIMIZATION_PRECISION = 0.001
	MAXIMUM_ITERATIONS_PER_VARIABLE = 5000

Initial parameter values

t2.Lynx_canadensis.nonSynRate = 0.1
t2.Lynx_canadensis.synRate = 0.1
Optimization finished in 6 loop passes.
181 likelihood evaluation calls and 166 matrix exponentiations calls were made

Row and/or column partition is empty. All the data will be used by default.
Model MG94customModel assigned to Suricata_suricatta
Model MG94customModel assigned to Felis_catus
One branch tree supplied - hopefully this IS what you meant to do.
Rooted tree. Removing one branch - the left root child has been promoted to be the new root
Partition 0 reversible model flag computed as 1
Variable 't2.Felis_catus.synRate' was not initialized prior to being used
Variable 't2.Felis_catus.nonSynRate' was not initialized prior to being used
Auto-benchmarked an optimal number (3) of threads.
Set GUI update interval to every 8333-th LF evaluation.
Optimization settings:
	OPTIMIZATION_METHOD = 4
	OPTIMIZATION_PRECISION = 0.001
	MAXIMUM_ITERATIONS_PER_VARIABLE = 5000

Initial parameter values

t2.Felis_catus.synRate = 0.1
t2.Felis_catus.nonSynRate = 0.1
Optimization finished in 6 loop passes.
167 likelihood evaluation calls and 149 matrix exponentiations calls were made

Row and/or column partition is empty. All the data will be used by default.
Model MG94customModel assigned to Suricata_suricatta
Model MG94customModel assigned to Puma_concolor
One branch tree supplied - hopefully this IS what you meant to do.
Rooted tree. Removing one branch - the left root child has been promoted to be the new root
Partition 0 reversible model flag computed as 1
Variable 't2.Puma_concolor.nonSynRate' was not initialized prior to being used
Variable 't2.Puma_concolor.synRate' was not initialized prior to being used
Auto-benchmarked an optimal number (4) of threads.
Set GUI update interval to every 8620-th LF evaluation.
Optimization settings:
	OPTIMIZATION_METHOD = 4
	OPTIMIZATION_PRECISION = 0.001
	MAXIMUM_ITERATIONS_PER_VARIABLE = 5000

Initial parameter values

t2.Puma_concolor.nonSynRate = 0.1
t2.Puma_concolor.synRate = 0.1
Optimization finished in 6 loop passes.
190 likelihood evaluation calls and 172 matrix exponentiations calls were made

Row and/or column partition is empty. All the data will be used by default.
Model MG94customModel assigned to Suricata_suricatta
Model MG94customModel assigned to Acinonyx_jubatus
One branch tree supplied - hopefully this IS what you meant to do.
Rooted tree. Removing one branch - the left root child has been promoted to be the new root
Partition 0 reversible model flag computed as 1
Variable 't2.Acinonyx_jubatus.nonSynRate' was not initialized prior to being used
Variable 't2.Acinonyx_jubatus.synRate' was not initialized prior to being used
Auto-benchmarked an optimal number (5) of threads.
Set GUI update interval to every 8620-th LF evaluation.
Optimization settings:
	OPTIMIZATION_METHOD = 4
	OPTIMIZATION_PRECISION = 0.001
	MAXIMUM_ITERATIONS_PER_VARIABLE = 5000

Initial parameter values

t2.Acinonyx_jubatus.nonSynRate = 0.1
t2.Acinonyx_jubatus.synRate = 0.1
Optimization finished in 6 loop passes.
175 likelihood evaluation calls and 156 matrix exponentiations calls were made

Row and/or column partition is empty. All the data will be used by default.
Model MG94customModel assigned to Panthera_tigris
Model MG94customModel assigned to Panthera_pardus
One branch tree supplied - hopefully this IS what you meant to do.
Rooted tree. Removing one branch - the left root child has been promoted to be the new root
Partition 0 reversible model flag computed as 1
Variable 't2.Panthera_pardus.nonSynRate' was not initialized prior to being used
Variable 't2.Panthera_pardus.synRate' was not initialized prior to being used
Auto-benchmarked an optimal number (4) of threads.
Set GUI update interval to every 8333-th LF evaluation.
Optimization settings:
	OPTIMIZATION_METHOD = 4
	OPTIMIZATION_PRECISION = 0.001
	MAXIMUM_ITERATIONS_PER_VARIABLE = 5000

Initial parameter values

t2.Panthera_pardus.nonSynRate = 0.1
t2.Panthera_pardus.synRate = 0.1
Optimization finished in 5 loop passes.
158 likelihood evaluation calls and 143 matrix exponentiations calls were made

Row and/or column partition is empty. All the data will be used by default.
Model MG94customModel assigned to Panthera_tigris
Model MG94customModel assigned to Panthera_leo
One branch tree supplied - hopefully this IS what you meant to do.
Rooted tree. Removing one branch - the left root child has been promoted to be the new root
Partition 0 reversible model flag computed as 1
Variable 't2.Panthera_leo.nonSynRate' was not initialized prior to being used
Variable 't2.Panthera_leo.synRate' was not initialized prior to being used
Auto-benchmarked an optimal number (5) of threads.
Set GUI update interval to every 8474-th LF evaluation.
Optimization settings:
	OPTIMIZATION_METHOD = 4
	OPTIMIZATION_PRECISION = 0.001
	MAXIMUM_ITERATIONS_PER_VARIABLE = 5000

Initial parameter values

t2.Panthera_leo.nonSynRate = 0.1
t2.Panthera_leo.synRate = 0.1
Optimization finished in 3 loop passes.
120 likelihood evaluation calls and 110 matrix exponentiations calls were made

Row and/or column partition is empty. All the data will be used by default.
Model MG94customModel assigned to Panthera_tigris
Model MG94customModel assigned to Lynx_canadensis
One branch tree supplied - hopefully this IS what you meant to do.
Rooted tree. Removing one branch - the left root child has been promoted to be the new root
Partition 0 reversible model flag computed as 1
Variable 't2.Lynx_canadensis.nonSynRate' was not initialized prior to being used
Variable 't2.Lynx_canadensis.synRate' was not initialized prior to being used
Auto-benchmarked an optimal number (4) of threads.
Set GUI update interval to every 8333-th LF evaluation.
Optimization settings:
	OPTIMIZATION_METHOD = 4
	OPTIMIZATION_PRECISION = 0.001
	MAXIMUM_ITERATIONS_PER_VARIABLE = 5000

Initial parameter values

t2.Lynx_canadensis.nonSynRate = 0.1
t2.Lynx_canadensis.synRate = 0.1
Optimization finished in 3 loop passes.
115 likelihood evaluation calls and 104 matrix exponentiations calls were made

Row and/or column partition is empty. All the data will be used by default.
Model MG94customModel assigned to Panthera_tigris
Model MG94customModel assigned to Felis_catus
One branch tree supplied - hopefully this IS what you meant to do.
Rooted tree. Removing one branch - the left root child has been promoted to be the new root
Partition 0 reversible model flag computed as 1
Variable 't2.Felis_catus.nonSynRate' was not initialized prior to being used
Variable 't2.Felis_catus.synRate' was not initialized prior to being used
Auto-benchmarked an optimal number (3) of threads.
Set GUI update interval to every 8333-th LF evaluation.
Optimization settings:
	OPTIMIZATION_METHOD = 4
	OPTIMIZATION_PRECISION = 0.001
	MAXIMUM_ITERATIONS_PER_VARIABLE = 5000

Initial parameter values

t2.Felis_catus.nonSynRate = 0.1
t2.Felis_catus.synRate = 0.1
Optimization finished in 3 loop passes.
122 likelihood evaluation calls and 112 matrix exponentiations calls were made

Row and/or column partition is empty. All the data will be used by default.
Model MG94customModel assigned to Panthera_tigris
Model MG94customModel assigned to Puma_concolor
One branch tree supplied - hopefully this IS what you meant to do.
Rooted tree. Removing one branch - the left root child has been promoted to be the new root
Partition 0 reversible model flag computed as 1
Variable 't2.Puma_concolor.nonSynRate' was not initialized prior to being used
Variable 't2.Puma_concolor.synRate' was not initialized prior to being used
Auto-benchmarked an optimal number (3) of threads.
Set GUI update interval to every 8333-th LF evaluation.
Optimization settings:
	OPTIMIZATION_METHOD = 4
	OPTIMIZATION_PRECISION = 0.001
	MAXIMUM_ITERATIONS_PER_VARIABLE = 5000

Initial parameter values

t2.Puma_concolor.nonSynRate = 0.1
t2.Puma_concolor.synRate = 0.1
Optimization finished in 3 loop passes.
121 likelihood evaluation calls and 111 matrix exponentiations calls were made

Row and/or column partition is empty. All the data will be used by default.
Model MG94customModel assigned to Panthera_tigris
Model MG94customModel assigned to Acinonyx_jubatus
One branch tree supplied - hopefully this IS what you meant to do.
Rooted tree. Removing one branch - the left root child has been promoted to be the new root
Partition 0 reversible model flag computed as 1
Variable 't2.Acinonyx_jubatus.nonSynRate' was not initialized prior to being used
Variable 't2.Acinonyx_jubatus.synRate' was not initialized prior to being used
Auto-benchmarked an optimal number (3) of threads.
Set GUI update interval to every 8474-th LF evaluation.
Optimization settings:
	OPTIMIZATION_METHOD = 4
	OPTIMIZATION_PRECISION = 0.001
	MAXIMUM_ITERATIONS_PER_VARIABLE = 5000

Initial parameter values

t2.Acinonyx_jubatus.nonSynRate = 0.1
t2.Acinonyx_jubatus.synRate = 0.1
Optimization finished in 3 loop passes.
121 likelihood evaluation calls and 110 matrix exponentiations calls were made

Row and/or column partition is empty. All the data will be used by default.
Model MG94customModel assigned to Panthera_pardus
Model MG94customModel assigned to Panthera_leo
One branch tree supplied - hopefully this IS what you meant to do.
Rooted tree. Removing one branch - the left root child has been promoted to be the new root
Partition 0 reversible model flag computed as 1
Variable 't2.Panthera_leo.synRate' was not initialized prior to being used
Variable 't2.Panthera_leo.nonSynRate' was not initialized prior to being used
Auto-benchmarked an optimal number (4) of threads.
Set GUI update interval to every 7812-th LF evaluation.
Optimization settings:
	OPTIMIZATION_METHOD = 4
	OPTIMIZATION_PRECISION = 0.001
	MAXIMUM_ITERATIONS_PER_VARIABLE = 5000

Initial parameter values

t2.Panthera_leo.synRate = 0.1
t2.Panthera_leo.nonSynRate = 0.1
Optimization finished in 5 loop passes.
164 likelihood evaluation calls and 146 matrix exponentiations calls were made

Row and/or column partition is empty. All the data will be used by default.
Model MG94customModel assigned to Panthera_pardus
Model MG94customModel assigned to Lynx_canadensis
One branch tree supplied - hopefully this IS what you meant to do.
Rooted tree. Removing one branch - the left root child has been promoted to be the new root
Partition 0 reversible model flag computed as 1
Variable 't2.Lynx_canadensis.nonSynRate' was not initialized prior to being used
Variable 't2.Lynx_canadensis.synRate' was not initialized prior to being used
Auto-benchmarked an optimal number (5) of threads.
Set GUI update interval to every 7936-th LF evaluation.
Optimization settings:
	OPTIMIZATION_METHOD = 4
	OPTIMIZATION_PRECISION = 0.001
	MAXIMUM_ITERATIONS_PER_VARIABLE = 5000

Initial parameter values

t2.Lynx_canadensis.nonSynRate = 0.1
t2.Lynx_canadensis.synRate = 0.1
Optimization finished in 5 loop passes.
164 likelihood evaluation calls and 147 matrix exponentiations calls were made

Row and/or column partition is empty. All the data will be used by default.
Model MG94customModel assigned to Panthera_pardus
Model MG94customModel assigned to Felis_catus
One branch tree supplied - hopefully this IS what you meant to do.
Rooted tree. Removing one branch - the left root child has been promoted to be the new root
Partition 0 reversible model flag computed as 1
Variable 't2.Felis_catus.nonSynRate' was not initialized prior to being used
Variable 't2.Felis_catus.synRate' was not initialized prior to being used
Auto-benchmarked an optimal number (4) of threads.
Set GUI update interval to every 8064-th LF evaluation.
Optimization settings:
	OPTIMIZATION_METHOD = 4
	OPTIMIZATION_PRECISION = 0.001
	MAXIMUM_ITERATIONS_PER_VARIABLE = 5000

Initial parameter values

t2.Felis_catus.nonSynRate = 0.1
t2.Felis_catus.synRate = 0.1
Optimization finished in 5 loop passes.
173 likelihood evaluation calls and 153 matrix exponentiations calls were made

Row and/or column partition is empty. All the data will be used by default.
Model MG94customModel assigned to Panthera_pardus
Model MG94customModel assigned to Puma_concolor
One branch tree supplied - hopefully this IS what you meant to do.
Rooted tree. Removing one branch - the left root child has been promoted to be the new root
Partition 0 reversible model flag computed as 1
Variable 't2.Puma_concolor.nonSynRate' was not initialized prior to being used
Variable 't2.Puma_concolor.synRate' was not initialized prior to being used
Auto-benchmarked an optimal number (4) of threads.
Set GUI update interval to every 8474-th LF evaluation.
Optimization settings:
	OPTIMIZATION_METHOD = 4
	OPTIMIZATION_PRECISION = 0.001
	MAXIMUM_ITERATIONS_PER_VARIABLE = 5000

Initial parameter values

t2.Puma_concolor.nonSynRate = 0.1
t2.Puma_concolor.synRate = 0.1
Optimization finished in 5 loop passes.
160 likelihood evaluation calls and 144 matrix exponentiations calls were made

Row and/or column partition is empty. All the data will be used by default.
Model MG94customModel assigned to Panthera_pardus
Model MG94customModel assigned to Acinonyx_jubatus
One branch tree supplied - hopefully this IS what you meant to do.
Rooted tree. Removing one branch - the left root child has been promoted to be the new root
Partition 0 reversible model flag computed as 1
Variable 't2.Acinonyx_jubatus.nonSynRate' was not initialized prior to being used
Variable 't2.Acinonyx_jubatus.synRate' was not initialized prior to being used
Auto-benchmarked an optimal number (5) of threads.
Set GUI update interval to every 8620-th LF evaluation.
Optimization settings:
	OPTIMIZATION_METHOD = 4
	OPTIMIZATION_PRECISION = 0.001
	MAXIMUM_ITERATIONS_PER_VARIABLE = 5000

Initial parameter values

t2.Acinonyx_jubatus.nonSynRate = 0.1
t2.Acinonyx_jubatus.synRate = 0.1
Optimization finished in 5 loop passes.
182 likelihood evaluation calls and 166 matrix exponentiations calls were made

Row and/or column partition is empty. All the data will be used by default.
Model MG94customModel assigned to Panthera_leo
Model MG94customModel assigned to Lynx_canadensis
One branch tree supplied - hopefully this IS what you meant to do.
Rooted tree. Removing one branch - the left root child has been promoted to be the new root
Partition 0 reversible model flag computed as 1
Variable 't2.Lynx_canadensis.nonSynRate' was not initialized prior to being used
Variable 't2.Lynx_canadensis.synRate' was not initialized prior to being used
Auto-benchmarked an optimal number (3) of threads.
Set GUI update interval to every 7692-th LF evaluation.
Optimization settings:
	OPTIMIZATION_METHOD = 4
	OPTIMIZATION_PRECISION = 0.001
	MAXIMUM_ITERATIONS_PER_VARIABLE = 5000

Initial parameter values

t2.Lynx_canadensis.nonSynRate = 0.1
t2.Lynx_canadensis.synRate = 0.1
Optimization finished in 6 loop passes.
122 likelihood evaluation calls and 101 matrix exponentiations calls were made

Row and/or column partition is empty. All the data will be used by default.
Model MG94customModel assigned to Panthera_leo
Model MG94customModel assigned to Felis_catus
One branch tree supplied - hopefully this IS what you meant to do.
Rooted tree. Removing one branch - the left root child has been promoted to be the new root
Partition 0 reversible model flag computed as 1
Variable 't2.Felis_catus.nonSynRate' was not initialized prior to being used
Variable 't2.Felis_catus.synRate' was not initialized prior to being used
Auto-benchmarked an optimal number (5) of threads.
Set GUI update interval to every 8064-th LF evaluation.
Optimization settings:
	OPTIMIZATION_METHOD = 4
	OPTIMIZATION_PRECISION = 0.001
	MAXIMUM_ITERATIONS_PER_VARIABLE = 5000

Initial parameter values

t2.Felis_catus.nonSynRate = 0.1
t2.Felis_catus.synRate = 0.1
Optimization finished in 3 loop passes.
109 likelihood evaluation calls and 99 matrix exponentiations calls were made

Row and/or column partition is empty. All the data will be used by default.
Model MG94customModel assigned to Panthera_leo
Model MG94customModel assigned to Puma_concolor
One branch tree supplied - hopefully this IS what you meant to do.
Rooted tree. Removing one branch - the left root child has been promoted to be the new root
Partition 0 reversible model flag computed as 1
Variable 't2.Puma_concolor.nonSynRate' was not initialized prior to being used
Variable 't2.Puma_concolor.synRate' was not initialized prior to being used
Auto-benchmarked an optimal number (5) of threads.
Set GUI update interval to every 8620-th LF evaluation.
Optimization settings:
	OPTIMIZATION_METHOD = 4
	OPTIMIZATION_PRECISION = 0.001
	MAXIMUM_ITERATIONS_PER_VARIABLE = 5000

Initial parameter values

t2.Puma_concolor.nonSynRate = 0.1
t2.Puma_concolor.synRate = 0.1
Optimization finished in 3 loop passes.
129 likelihood evaluation calls and 118 matrix exponentiations calls were made

Row and/or column partition is empty. All the data will be used by default.
Model MG94customModel assigned to Panthera_leo
Model MG94customModel assigned to Acinonyx_jubatus
One branch tree supplied - hopefully this IS what you meant to do.
Rooted tree. Removing one branch - the left root child has been promoted to be the new root
Partition 0 reversible model flag computed as 1
Variable 't2.Acinonyx_jubatus.nonSynRate' was not initialized prior to being used
Variable 't2.Acinonyx_jubatus.synRate' was not initialized prior to being used
Auto-benchmarked an optimal number (3) of threads.
Set GUI update interval to every 8474-th LF evaluation.
Optimization settings:
	OPTIMIZATION_METHOD = 4
	OPTIMIZATION_PRECISION = 0.001
	MAXIMUM_ITERATIONS_PER_VARIABLE = 5000

Initial parameter values

t2.Acinonyx_jubatus.nonSynRate = 0.1
t2.Acinonyx_jubatus.synRate = 0.1
Optimization finished in 5 loop passes.
193 likelihood evaluation calls and 178 matrix exponentiations calls were made

Row and/or column partition is empty. All the data will be used by default.
Model MG94customModel assigned to Lynx_canadensis
Model MG94customModel assigned to Felis_catus
One branch tree supplied - hopefully this IS what you meant to do.
Rooted tree. Removing one branch - the left root child has been promoted to be the new root
Partition 0 reversible model flag computed as 1
Variable 't2.Felis_catus.nonSynRate' was not initialized prior to being used
Variable 't2.Felis_catus.synRate' was not initialized prior to being used
Auto-benchmarked an optimal number (5) of threads.
Set GUI update interval to every 7936-th LF evaluation.
Optimization settings:
	OPTIMIZATION_METHOD = 4
	OPTIMIZATION_PRECISION = 0.001
	MAXIMUM_ITERATIONS_PER_VARIABLE = 5000

Initial parameter values

t2.Felis_catus.nonSynRate = 0.1
t2.Felis_catus.synRate = 0.1
Optimization finished in 6 loop passes.
126 likelihood evaluation calls and 105 matrix exponentiations calls were made

Row and/or column partition is empty. All the data will be used by default.
Model MG94customModel assigned to Lynx_canadensis
Model MG94customModel assigned to Puma_concolor
One branch tree supplied - hopefully this IS what you meant to do.
Rooted tree. Removing one branch - the left root child has been promoted to be the new root
Partition 0 reversible model flag computed as 1
Variable 't2.Puma_concolor.nonSynRate' was not initialized prior to being used
Variable 't2.Puma_concolor.synRate' was not initialized prior to being used
Auto-benchmarked an optimal number (4) of threads.
Set GUI update interval to every 8474-th LF evaluation.
Optimization settings:
	OPTIMIZATION_METHOD = 4
	OPTIMIZATION_PRECISION = 0.001
	MAXIMUM_ITERATIONS_PER_VARIABLE = 5000

Initial parameter values

t2.Puma_concolor.nonSynRate = 0.1
t2.Puma_concolor.synRate = 0.1
Optimization finished in 5 loop passes.
168 likelihood evaluation calls and 149 matrix exponentiations calls were made

Row and/or column partition is empty. All the data will be used by default.
Model MG94customModel assigned to Lynx_canadensis
Model MG94customModel assigned to Acinonyx_jubatus
One branch tree supplied - hopefully this IS what you meant to do.
Rooted tree. Removing one branch - the left root child has been promoted to be the new root
Partition 0 reversible model flag computed as 1
Variable 't2.Acinonyx_jubatus.nonSynRate' was not initialized prior to being used
Variable 't2.Acinonyx_jubatus.synRate' was not initialized prior to being used
Auto-benchmarked an optimal number (5) of threads.
Set GUI update interval to every 8620-th LF evaluation.
Optimization settings:
	OPTIMIZATION_METHOD = 4
	OPTIMIZATION_PRECISION = 0.001
	MAXIMUM_ITERATIONS_PER_VARIABLE = 5000

Initial parameter values

t2.Acinonyx_jubatus.nonSynRate = 0.1
t2.Acinonyx_jubatus.synRate = 0.1
Optimization finished in 5 loop passes.
197 likelihood evaluation calls and 184 matrix exponentiations calls were made

Row and/or column partition is empty. All the data will be used by default.
Model MG94customModel assigned to Felis_catus
Model MG94customModel assigned to Puma_concolor
One branch tree supplied - hopefully this IS what you meant to do.
Rooted tree. Removing one branch - the left root child has been promoted to be the new root
Partition 0 reversible model flag computed as 1
Variable 't2.Puma_concolor.nonSynRate' was not initialized prior to being used
Variable 't2.Puma_concolor.synRate' was not initialized prior to being used
Auto-benchmarked an optimal number (4) of threads.
Set GUI update interval to every 8474-th LF evaluation.
Optimization settings:
	OPTIMIZATION_METHOD = 4
	OPTIMIZATION_PRECISION = 0.001
	MAXIMUM_ITERATIONS_PER_VARIABLE = 5000

Initial parameter values

t2.Puma_concolor.nonSynRate = 0.1
t2.Puma_concolor.synRate = 0.1
Optimization finished in 3 loop passes.
124 likelihood evaluation calls and 113 matrix exponentiations calls were made

Row and/or column partition is empty. All the data will be used by default.
Model MG94customModel assigned to Felis_catus
Model MG94customModel assigned to Acinonyx_jubatus
One branch tree supplied - hopefully this IS what you meant to do.
Rooted tree. Removing one branch - the left root child has been promoted to be the new root
Partition 0 reversible model flag computed as 1
Variable 't2.Acinonyx_jubatus.nonSynRate' was not initialized prior to being used
Variable 't2.Acinonyx_jubatus.synRate' was not initialized prior to being used
Auto-benchmarked an optimal number (5) of threads.
Set GUI update interval to every 8620-th LF evaluation.
Optimization settings:
	OPTIMIZATION_METHOD = 4
	OPTIMIZATION_PRECISION = 0.001
	MAXIMUM_ITERATIONS_PER_VARIABLE = 5000

Initial parameter values

t2.Acinonyx_jubatus.nonSynRate = 0.1
t2.Acinonyx_jubatus.synRate = 0.1
Optimization finished in 5 loop passes.
193 likelihood evaluation calls and 179 matrix exponentiations calls were made

Row and/or column partition is empty. All the data will be used by default.
Model MG94customModel assigned to Puma_concolor
Model MG94customModel assigned to Acinonyx_jubatus
One branch tree supplied - hopefully this IS what you meant to do.
Rooted tree. Removing one branch - the left root child has been promoted to be the new root
Partition 0 reversible model flag computed as 1
Auto-benchmarked an optimal number (3) of threads.
Set GUI update interval to every 739-th LF evaluation.
Optimization settings:
	OPTIMIZATION_METHOD = 4
	OPTIMIZATION_PRECISION = 0.001
	MAXIMUM_ITERATIONS_PER_VARIABLE = 5000

Initial parameter values

t2.Acinonyx_jubatus.nonSynRate = 0.1
t2.Acinonyx_jubatus.synRate = 0.1
Optimization finished in 6 loop passes.
169 likelihood evaluation calls and 153 matrix exponentiations calls were made
