Urocitellus_parryii	Spermophilus_dauricus	Sciurus_vulgaris	Oryctolagus_cuniculus	Octodon_degus	Ochotona_princeps	Marmota_marmota	Ictidomys_tridecemlineatus	Heterocephalus_glaber	Fukomys_damarensis	Chinchilla_lanigera	Cavia_porcellus	Cavia_aperea	Castor_canadensis	
0.00010424	0.00041672	2.8501e-05	1.8285e-06	3.0262e-05	0.00094036	5.0988e-05	0.00061389	1.4939e-05	0.00010182	0.00016831	0.01	0.036229	4.9165e-07	
0.00010274	0.00040951	2.7775e-05	1.5388e-06	2.932e-05	0.00093762	4.6964e-05	0.0006118	1.4229e-05	9.7616e-05	0.00016563	0.01	0.036243	4.0466e-07	
0.00010129	0.00040237	2.7121e-05	1.3502e-06	2.8504e-05	0.00093604	4.3171e-05	0.00060975	1.3638e-05	9.3753e-05	0.00016316	0.01	0.036257	3.8459e-07	
9.9824e-05	0.0003952	2.645e-05	1.1417e-06	2.7658e-05	0.00093419	3.9319e-05	0.00060768	1.3022e-05	8.9804e-05	0.00016064	0.01	0.036272	3.5542e-07	
9.8342e-05	0.000388	2.5747e-05	1.0354e-06	2.6774e-05	0.00093439	3.5392e-05	0.0006056	1.2374e-05	8.5749e-05	0.00015806	0.01	0.036286	3.125e-07	
9.684e-05	0.00038077	2.5014e-05	9.1027e-07	2.6039e-05	0.00093419	3.1372e-05	0.00060351	1.1632e-05	8.1213e-05	0.00015574	0.01	0.0363	2.4597e-07	
9.5336e-05	0.00037352	2.4378e-05	8.4242e-07	2.5436e-05	0.0009354	2.7347e-05	0.00060141	1.1039e-05	7.7162e-05	0.00015367	0.01	0.036315	1.7887e-07	
9.383e-05	0.00036628	2.3702e-05	7.5806e-07	2.4789e-05	0.00093612	2.3317e-05	0.00059931	1.0397e-05	7.2941e-05	0.00015152	0.01	0.03633	1.112e-07	
9.2297e-05	0.00035898	2.3128e-05	7.1926e-07	2.2805e-05	0.00093854	2.286e-05	0.00059719	9.6542e-06	6.8223e-05	0.00014972	0.01	0.036345	1.0428e-07	
8.6774e-05	0.00033067	2.0631e-05	5.0581e-07	1.636e-05	0.00094564	9.8977e-06	0.00058918	7.3436e-06	5.1574e-05	0.00014347	0.01	0.036407	3.6952e-08	
8.54e-05	0.00032359	1.9969e-05	4.3594e-07	1.6192e-05	0.00094684	9.1078e-06	0.00058718	6.712e-06	4.7215e-05	0.0001418	0.01	0.036422	5.8074e-09	
8.4001e-05	0.00031647	1.9269e-05	3.4778e-07	1.6e-05	0.00094749	8.2831e-06	0.00058516	6.0243e-06	4.266e-05	0.00014005	0.01	0.036437	2.7922e-09	
8.2669e-05	0.00030944	1.8671e-05	3.0425e-07	1.5248e-05	0.00094985	7.5289e-06	0.00058319	5.4893e-06	3.8644e-05	0.00013853	0.01	0.036453	3.6573e-09	
8.1312e-05	0.00030237	1.8033e-05	2.4781e-07	1.4643e-05	0.00095156	6.7527e-06	0.0005812	5.0746e-06	3.5106e-05	0.00013723	0.01	0.036469	2.7591e-09	
8.002e-05	0.0002954	1.7488e-05	2.2088e-07	1.3902e-05	0.00095516	4.2565e-06	0.00057926	4.7569e-06	3.2012e-05	0.00013554	0.01	0.036485	5.6988e-09	
7.8703e-05	0.00028838	1.691e-05	1.8519e-07	1.2982e-05	0.00095807	1.6763e-06	0.00057731	4.5264e-06	2.9422e-05	0.00013342	0.01	0.036501	6.3253e-09	
7.7362e-05	0.00028132	1.6298e-05	1.3915e-07	1.2241e-05	0.00096033	1.2959e-06	0.00057533	4.2659e-06	2.664e-05	0.00013157	0.01	0.036517	4.8102e-09	
7.5996e-05	0.00027422	1.565e-05	8.081e-08	1.1444e-05	0.000962	1.323e-06	0.00057333	4.3056e-06	2.3615e-05	0.00012963	0.01	0.036534	7.4508e-10	
7.4695e-05	0.00026721	1.3872e-05	5.359e-08	1.08e-05	0.0009592	1.3554e-06	0.00057138	4.3816e-06	2.0951e-05	0.00012794	0.01	0.03655	1.8948e-10	
7.3455e-05	0.0002603	1.2336e-05	3.9941e-08	1.028e-05	0.00095812	1.3932e-06	0.00056948	4.4933e-06	1.8597e-05	0.00012647	0.01	0.036568	1.4227e-10	
7.2273e-05	0.00025348	1.101e-05	3.376e-08	9.8628e-06	0.00095863	1.4367e-06	0.00056764	4.6472e-06	1.6517e-05	0.0001252	0.01	0.036585	3.6073e-10	
7.1148e-05	0.00024675	9.8662e-06	3.2327e-08	8.5343e-06	0.00096079	1.4863e-06	0.00056585	4.8527e-06	1.468e-05	0.00012412	0.01	0.036602	1.8571e-09	
7.0078e-05	0.00024012	8.9224e-06	2.1402e-08	7.1105e-06	0.00096584	1.5424e-06	0.0005641	5.0375e-06	1.275e-05	0.00012298	0.01	0.036619	1.5317e-09	
6.906e-05	0.00023357	8.1105e-06	1.6147e-08	5.1962e-06	0.00097375	1.6056e-06	0.00056241	5.2861e-06	1.1072e-05	0.00012131	0.01	0.036637	4.0421e-09	
6.8021e-05	0.00022698	7.2553e-06	8.2799e-09	4.9176e-06	0.00098063	1.655e-06	0.00056069	5.4784e-06	1.085e-05	0.00011949	0.01	0.036654	4.529e-09	
6.7034e-05	0.00022048	6.6183e-06	5.9054e-09	4.591e-06	0.00098274	1.7116e-06	0.00055903	5.6502e-06	1.0595e-05	0.00012015	0.01	0.036672	2.5312e-09	
6.6091e-05	0.00021406	6.0633e-06	4.824e-09	4.3244e-06	0.00098654	1.7747e-06	0.00055741	5.8713e-06	1.0388e-05	0.00012095	0.01	0.036689	3.5487e-09	
6.5132e-05	0.0002076	5.4448e-06	8.3457e-09	4.1076e-06	0.00098826	1.8246e-06	0.00055577	6.1515e-06	1.0227e-05	0.0001219	0.01	0.036707	2.937e-09	
6.4156e-05	0.00020111	4.7984e-06	1.0209e-08	3.8741e-06	0.00098954	1.8615e-06	0.00055412	6.412e-06	1.004e-05	0.0001228	0.01	0.036725	6.2341e-10	
6.3223e-05	0.00019469	4.2328e-06	1.411e-08	3.6838e-06	0.00099232	1.9046e-06	0.00055251	6.738e-06	9.8957e-06	0.00012385	0.01	0.036743	2.1015e-10	
6.2334e-05	0.00018835	3.7397e-06	2.196e-08	3.5313e-06	0.00098977	1.9546e-06	0.00055094	6.7833e-06	9.7956e-06	0.00012507	0.01	0.036762	1.5861e-10	
6.1486e-05	0.00018209	3.3136e-06	2.4535e-08	3.4114e-06	0.00098395	2.012e-06	0.00054942	6.8629e-06	9.7365e-06	0.00012646	0.01	0.036781	3.1556e-10	
6.0679e-05	0.00017591	2.9437e-06	3.1517e-08	3.3215e-06	0.00098043	2.0776e-06	0.00054794	6.9824e-06	9.7188e-06	0.00012618	0.01	0.0368	1.4072e-09	
5.9855e-05	0.00016969	2.8849e-06	3.5709e-08	3.2198e-06	0.00097621	2.1291e-06	0.00054645	7.0863e-06	9.6755e-06	0.00012584	0.01	0.036819	1.1296e-09	
5.9073e-05	0.00016354	2.8407e-06	4.6022e-08	3.1457e-06	0.00097416	2.1897e-06	0.000545	7.0072e-06	9.6777e-06	0.00012564	0.01	0.036839	2.8244e-09	
5.8274e-05	0.00015736	2.7895e-06	5.2931e-08	3.06e-06	0.00097153	2.236e-06	0.00054353	6.913e-06	9.6534e-06	0.00012539	0.01	0.036858	2.8321e-09	
5.7458e-05	0.00015115	2.7308e-06	5.5878e-08	2.9625e-06	0.0009778	2.2679e-06	0.00054204	7.1658e-06	9.5862e-06	0.00012509	0.01	0.036877	1.1524e-09	
5.6684e-05	0.00014501	2.6872e-06	6.6669e-08	2.8915e-06	0.00097839	2.309e-06	0.0005406	7.3636e-06	9.4338e-06	0.00012492	0.01	0.036897	1.6233e-09	
5.5892e-05	0.00013883	2.6368e-06	7.3753e-08	2.8093e-06	0.00097846	2.3357e-06	0.00053914	7.5411e-06	9.2541e-06	0.0001247	0.01	0.036916	7.2013e-10	
5.5141e-05	0.00013273	2.5999e-06	9.1116e-08	2.7516e-06	0.00097298	2.3719e-06	0.00053772	7.5164e-06	9.1226e-06	0.00012462	0.01	0.036936	1.2778e-09	
5.4372e-05	0.00013281	2.5564e-06	1.0362e-07	2.6832e-06	0.00096665	2.3935e-06	0.00053629	7.4774e-06	8.964e-06	0.00012448	0.01	0.036956	5.448e-10	
5.3642e-05	0.0001329	2.5271e-06	1.0663e-07	2.3927e-06	0.00095487	2.4249e-06	0.0005349	7.1948e-06	8.861e-06	0.00012449	0.01	0.036976	1.0151e-09	
5.2896e-05	0.00013297	2.4914e-06	1.0717e-07	2.0887e-06	0.00094142	2.4416e-06	0.00053349	6.8849e-06	8.7316e-06	0.00012445	0.01	0.036996	2.5925e-10	
5.2188e-05	0.00013306	2.4715e-06	1.1742e-07	1.7613e-06	0.00093286	2.4681e-06	0.00053213	6.5459e-06	8.5753e-06	0.00012436	0.01	0.037016	2.4044e-10	
5.1517e-05	0.00013316	2.4633e-06	1.409e-07	1.4935e-06	0.00092723	2.5045e-06	0.00053081	6.2842e-06	8.4614e-06	0.0001244	0.01	0.037036	8.4301e-10	
5.0831e-05	0.00013323	2.449e-06	1.5832e-07	1.2053e-06	0.00092074	2.5263e-06	0.00052947	5.9971e-06	8.3214e-06	0.00012439	0.01	0.037056	2.8046e-10	
5.018e-05	0.00013332	2.4464e-06	1.9512e-07	9.6948e-07	0.00091667	2.5582e-06	0.00052817	5.7776e-06	8.2229e-06	0.00012451	0.01	0.037077	4.084e-10	
4.9513e-05	0.00013339	2.4571e-06	2.6837e-07	7.1461e-07	0.00091454	2.5753e-06	0.00052686	5.535e-06	8.0983e-06	0.00012458	0.01	0.037097	1.8898e-09	
4.8832e-05	0.00013343	2.455e-06	4.3078e-07	4.3618e-07	0.00091462	2.5775e-06	0.00052553	5.2671e-06	7.9464e-06	0.00012458	0.01	0.037118	1.841e-09	
4.8134e-05	0.00013345	2.4467e-06	5.6134e-07	4.0442e-07	0.00091418	2.565e-06	0.00052418	5.3209e-06	7.7499e-06	0.00012451	0.01	0.037139	2.594e-10	
4.7421e-05	0.00013345	2.4322e-06	6.6601e-07	3.6677e-07	0.00091321	2.5377e-06	0.00052281	5.9461e-06	7.51e-06	0.00012439	0.01	0.037159	1.6715e-10	
4.6744e-05	0.00013347	2.4296e-06	8.7789e-07	3.376e-07	0.00091395	2.5206e-06	0.00052149	6.1355e-06	7.3208e-06	0.00012441	0.01	0.03718	4.6221e-10	
4.6052e-05	0.00013346	2.4208e-06	1.0488e-06	3.0288e-07	0.00091417	2.4888e-06	0.00052014	6.3051e-06	7.1053e-06	0.00012438	0.01	0.037201	3.7263e-09	
4.5344e-05	0.00013342	2.406e-06	1.1862e-06	2.6245e-07	0.00091386	2.4424e-06	0.00051878	6.4561e-06	6.8633e-06	0.00012429	0.01	0.037222	4.8092e-09	
4.4621e-05	0.00013337	2.3718e-06	1.29e-06	2.2995e-07	0.00091275	2.3812e-06	0.0005174	6.6614e-06	6.6638e-06	0.00012434	0.01	0.037243	3.9627e-09	
4.394e-05	0.00013333	2.3505e-06	1.3427e-06	2.0414e-07	0.00090885	2.3302e-06	0.00051606	6.9331e-06	6.5038e-06	0.00012268	0.01	0.037264	7.943e-09	
4.3244e-05	0.00013326	2.2996e-06	1.3468e-06	1.8389e-07	0.00090781	2.2645e-06	0.00051471	7.2873e-06	6.3809e-06	0.00012124	0.01	0.037286	9.0918e-09	
4.2534e-05	0.00013318	2.2424e-06	1.3406e-06	2.0969e-07	0.00090625	2.1847e-06	0.00051333	7.7627e-06	6.3075e-06	0.00011929	0.01	0.037307	7.9899e-09	
4.1853e-05	0.0001331	2.1997e-06	1.3244e-06	2.3124e-07	0.00090416	2.1124e-06	0.000512	8.2059e-06	6.2138e-06	0.00011727	0.01	0.037328	1.2646e-08	
4.1162e-05	0.00013301	2.1522e-06	1.2994e-06	2.488e-07	0.00090164	2.5915e-06	0.00051065	8.6218e-06	6.101e-06	0.00011519	0.01	0.037349	1.4683e-08	
4.0497e-05	0.00013292	2.1203e-06	1.2506e-06	2.6251e-07	0.00089712	3.0994e-06	0.00050934	9.0132e-06	5.9695e-06	0.00011304	0.01	0.03737	1.6083e-08	
3.9824e-05	0.00013282	2.0847e-06	1.1933e-06	2.7282e-07	0.0008922	3.5914e-06	0.00050801	9.4032e-06	5.829e-06	0.00011084	0.01	0.037391	1.5559e-08	
3.9143e-05	0.00013269	2.0455e-06	1.1271e-06	2.7979e-07	0.0008869	4.068e-06	0.00050667	9.7764e-06	5.6726e-06	0.0001086	0.01	0.037412	1.3098e-08	
3.8483e-05	0.00013257	2.0168e-06	1.0477e-06	2.8346e-07	0.00088085	4.5691e-06	0.00050537	1.0133e-05	5.5004e-06	0.00010631	0.01	0.037433	1.5952e-08	
3.7821e-05	0.00013244	1.9866e-06	9.675e-07	2.8493e-07	0.00087481	5.0622e-06	0.00050406	1.0489e-05	5.3192e-06	0.00010401	0.01	0.037454	1.817e-08	
3.7157e-05	0.0001323	1.9548e-06	8.8648e-07	2.842e-07	0.00086876	5.5471e-06	0.00050274	1.0843e-05	5.1289e-06	0.00010171	0.01	0.037475	1.9752e-08	
3.649e-05	0.00013214	1.9214e-06	8.0465e-07	2.8127e-07	0.00086271	6.024e-06	0.00050143	1.1196e-05	4.9297e-06	9.9407e-05	0.01	0.037496	2.0698e-08	
3.582e-05	0.00013197	1.8864e-06	7.2201e-07	2.7614e-07	0.00085665	6.4927e-06	0.00050011	1.1548e-05	4.7215e-06	9.7101e-05	0.01	0.037517	2.1007e-08	
3.5149e-05	0.00013179	1.8499e-06	6.3857e-07	2.6881e-07	0.0008506	6.9535e-06	0.00049879	1.1899e-05	4.5043e-06	9.4791e-05	0.01	0.037538	2.0681e-08	
3.4474e-05	0.00013159	1.8117e-06	5.5433e-07	2.5929e-07	0.00084454	7.4061e-06	0.00049746	1.2248e-05	4.278e-06	9.2477e-05	0.01	0.037559	1.9718e-08	
3.3797e-05	0.00013138	1.772e-06	4.6927e-07	2.4756e-07	0.00083847	7.8506e-06	0.00049614	1.2595e-05	4.0428e-06	9.0159e-05	0.01	0.03758	1.8119e-08	
3.3118e-05	0.00013115	1.7307e-06	3.8342e-07	2.3364e-07	0.00083241	8.2871e-06	0.00049481	1.2942e-05	3.7986e-06	8.7838e-05	0.01	0.037601	1.5883e-08	
3.2436e-05	0.00013091	1.6878e-06	2.9675e-07	2.1752e-07	0.00082634	8.7155e-06	0.00049347	1.3287e-05	3.5454e-06	8.5514e-05	0.01	0.037622	1.3012e-08	
3.1752e-05	0.00013066	1.6434e-06	2.0928e-07	1.992e-07	0.00082027	9.1358e-06	0.00049214	1.3631e-05	3.2832e-06	8.3185e-05	0.01	0.037643	9.504e-09	
3.1065e-05	0.0001304	1.5973e-06	1.2101e-07	1.7869e-07	0.0008142	9.5481e-06	0.0004908	1.3974e-05	3.0119e-06	8.0854e-05	0.01	0.037665	5.36e-09	
3.0376e-05	0.00013012	1.5497e-06	3.1924e-08	1.5597e-07	0.00080812	9.9523e-06	0.00048946	1.4315e-05	2.7317e-06	7.8518e-05	0.01	0.037686	5.7976e-10	
2.9675e-05	0.00012982	1.497e-06	2.1454e-08	1.2918e-07	0.00080105	1.0335e-05	0.0004881	1.4631e-05	2.4308e-06	7.6104e-05	0.01	0.037707	1.842e-10	
2.9002e-05	0.00012953	1.4535e-06	1.5982e-08	1.0632e-07	0.00079628	1.0755e-05	0.00048679	1.5035e-05	2.1592e-06	7.3931e-05	0.01	0.037728	9.7977e-11	
2.8361e-05	0.00012926	1.4254e-06	1.6158e-08	1.2759e-07	0.00078475	1.1221e-05	0.00048551	1.5309e-05	2.2017e-06	7.1568e-05	0.01	0.037749	8.4745e-11	
2.7749e-05	0.000129	1.4111e-06	1.2458e-08	1.4479e-07	0.00076493	1.1736e-05	0.00048427	1.5554e-05	2.2249e-06	6.9094e-05	0.01	0.037771	1.2946e-10	
2.7159e-05	0.00012874	1.4028e-06	1.0519e-08	1.6457e-07	0.00074997	1.2288e-05	0.00048307	1.5859e-05	2.2581e-06	6.6832e-05	0.01	0.037792	1.5538e-10	
2.659e-05	0.00012849	1.4005e-06	1.1058e-08	1.8095e-07	0.00070173	1.288e-05	0.0004819	1.6149e-05	2.2774e-06	6.4514e-05	0.01	0.037814	1.9466e-10	
2.6038e-05	0.00012825	1.4031e-06	1.2641e-08	1.9962e-07	0.00066365	1.3509e-05	0.00048075	1.6038e-05	2.3059e-06	6.2375e-05	0.01	0.037835	2.8225e-10	
2.5503e-05	0.00012801	1.4105e-06	1.5494e-08	2.2075e-07	0.00063338	1.4177e-05	0.00047963	1.5963e-05	2.3419e-06	6.0394e-05	0.01	0.037857	5.5365e-10	
2.4984e-05	0.00012778	1.4227e-06	2.0162e-08	2.4469e-07	0.00060931	1.4884e-05	0.00047853	1.525e-05	2.3861e-06	5.8562e-05	0.01	0.037879	1.5183e-09	
2.4463e-05	0.00012753	1.4333e-06	2.3941e-08	2.6644e-07	0.00058525	1.5585e-05	0.00047743	1.4535e-05	2.4211e-06	5.6726e-05	0.01	0.037901	1.843e-09	
2.3939e-05	0.00012727	1.4423e-06	2.6831e-08	2.86e-07	0.00056121	1.6277e-05	0.00047633	1.382e-05	2.447e-06	5.4886e-05	0.01	0.037924	1.5279e-09	
2.3412e-05	0.000127	1.4497e-06	2.8833e-08	3.0337e-07	0.00053718	1.6961e-05	0.00047523	1.3104e-05	2.4637e-06	5.3041e-05	0.01	0.037946	5.7286e-10	
2.2901e-05	0.00012673	1.4619e-06	2.9945e-08	3.2394e-07	0.00051317	1.7689e-05	0.00047415	1.2492e-05	2.4884e-06	5.1335e-05	0.01	0.037968	3.2472e-10	
2.2406e-05	0.00012646	1.4792e-06	3.0169e-08	3.4811e-07	0.00048917	1.8462e-05	0.0004731	1.1969e-05	2.5212e-06	4.9757e-05	0.01	0.037991	3.2364e-10	
2.1904e-05	0.00012618	1.4917e-06	2.9505e-08	3.6869e-07	0.00046518	1.9215e-05	0.00047203	1.1426e-05	2.5408e-06	4.8144e-05	0.01	0.038014	2.4851e-09	
2.1394e-05	0.00012588	1.5009e-06	2.7951e-08	3.8564e-07	0.00044121	1.9947e-05	0.00047096	1.098e-05	2.5757e-06	4.6493e-05	0.01	0.038036	3.3643e-09	
2.0901e-05	0.00012559	1.5154e-06	2.5509e-08	4.0667e-07	0.00041725	2.0729e-05	0.00046991	1.0605e-05	2.6201e-06	4.4973e-05	0.01	0.038059	1.0452e-09	
2.0423e-05	0.0001253	1.5355e-06	2.2179e-08	4.2403e-07	0.0003933	2.1564e-05	0.00046889	1.0214e-05	2.6508e-06	4.3417e-05	0.01	0.038082	4.1773e-10	
1.996e-05	0.00012501	1.4262e-06	1.7959e-08	4.4571e-07	0.00036937	2.2455e-05	0.0004679	9.8847e-06	2.6912e-06	4.1984e-05	0.01	0.038105	2.4726e-10	
1.9512e-05	0.00012473	1.3273e-06	1.2851e-08	4.7221e-07	0.00034546	2.3406e-05	0.00046693	9.6102e-06	2.7416e-06	4.0667e-05	0.01	0.038128	2.1674e-10	
1.9079e-05	0.00012446	1.2383e-06	6.8538e-09	5.0435e-07	0.00032156	2.4425e-05	0.000466	9.385e-06	2.8034e-06	3.9462e-05	0.01	0.038152	2.9219e-10	
1.8639e-05	0.00012417	1.1445e-06	9.808e-09	5.3207e-07	0.00029545	2.5414e-05	0.00046504	9.1452e-06	2.8502e-06	3.8219e-05	0.01	0.038175	2.5403e-09	
1.8215e-05	0.00012388	1.0613e-06	6.2371e-09	5.6667e-07	0.00027602	2.6481e-05	0.00046412	8.9546e-06	2.9106e-06	3.7092e-05	0.01	0.038199	1.0765e-08	
1.7807e-05	0.00012361	9.8767e-07	4.0945e-09	6.0924e-07	0.00020395	2.7633e-05	0.00046323	8.8069e-06	2.9856e-06	3.6075e-05	0.01	0.038223	1.2217e-08	
1.7414e-05	0.00012334	9.2256e-07	2.6341e-09	6.609e-07	0.00014879	2.8876e-05	0.00046238	8.6965e-06	3.0758e-06	3.5156e-05	0.01	0.038247	1.3031e-08	
1.7037e-05	0.00012308	8.6519e-07	1.5132e-09	7.2324e-07	0.00010652	3.0217e-05	0.00046155	8.0823e-06	3.1852e-06	3.433e-05	0.01	0.038271	2.2112e-08	
1.6675e-05	0.00012283	8.1504e-07	4.917e-10	7.9847e-07	7.4294e-05	3.1667e-05	0.00046075	7.5717e-06	3.3131e-06	3.3591e-05	0.01	0.038296	2.345e-08	
1.6304e-05	0.00012256	7.605e-07	9.7002e-10	8.6649e-07	3.8201e-05	3.3072e-05	0.00045994	7.0295e-06	3.4227e-06	3.2818e-05	0.01	0.038321	2.1864e-08	
1.5924e-05	0.00012227	7.0038e-07	3.3373e-09	9.267e-07	2.825e-05	3.4425e-05	0.00045911	6.4438e-06	3.5127e-06	3.2004e-05	0.01	0.038345	1.6619e-08	
1.5562e-05	0.00012199	6.5028e-07	2.3435e-09	9.7812e-07	2.1675e-05	3.5915e-05	0.00045832	5.6572e-06	4.2039e-06	3.1134e-05	0.01	0.03837	3.2972e-09	
1.5218e-05	0.00012172	6.0823e-07	1.9052e-09	9.5096e-07	1.7139e-05	3.7556e-05	0.00045757	5.0803e-06	4.3641e-06	3.0382e-05	0.01	0.038394	1.4534e-09	
1.4892e-05	0.00012147	5.7331e-07	1.8247e-09	9.3568e-07	1.4012e-05	3.9359e-05	0.00045686	4.6311e-06	4.5568e-06	2.973e-05	0.01	0.038419	2.0822e-09	
1.4583e-05	0.00012123	5.4525e-07	2.0899e-09	9.1351e-07	1.1884e-05	4.134e-05	0.00045618	4.1403e-06	4.7255e-06	2.9037e-05	0.01	0.038444	8.2227e-10	
1.429e-05	0.000121	5.2297e-07	2.8132e-09	9.0278e-07	1.0434e-05	4.352e-05	0.00045172	3.7652e-06	4.9354e-06	2.8438e-05	0.01	0.03847	1.136e-09	
1.3987e-05	0.00012075	4.9658e-07	1.1286e-08	8.8541e-07	8.7135e-06	4.5623e-05	0.00044722	3.3553e-06	5.1211e-06	2.7801e-05	0.01	0.038495	1.6189e-10	
1.3675e-05	0.00012048	4.6605e-07	1.7104e-08	8.6131e-07	6.753e-06	4.7651e-05	0.0004427	3.3317e-06	5.2697e-06	2.7125e-05	0.01	0.03852	8.9799e-11	
1.338e-05	0.00012023	4.4107e-07	1.6151e-08	8.484e-07	5.4217e-06	4.9881e-05	0.00043826	3.1521e-06	5.459e-06	2.6542e-05	0.01	0.038546	7.5962e-11	
1.3074e-05	0.00011994	4.1197e-07	3.0027e-08	8.2892e-07	3.8428e-06	5.2032e-05	0.00043379	2.9533e-06	5.6238e-06	2.592e-05	0.01	0.038571	3.2115e-10	
1.276e-05	0.00011964	3.7831e-07	3.9017e-08	8.0275e-07	3.6092e-06	5.4105e-05	0.00042929	2.7338e-06	5.7644e-06	2.526e-05	0.01	0.038597	2.7021e-09	
1.2436e-05	0.00011932	3.5054e-07	3.8157e-08	6.7074e-07	3.4934e-06	5.6103e-05	0.00042476	2.5659e-06	5.9414e-06	2.4692e-05	0.01	0.038622	2.8497e-09	
1.2103e-05	0.00011897	3.1886e-07	3.542e-08	5.2644e-07	3.3286e-06	5.8029e-05	0.00042021	2.3801e-06	6.0937e-06	2.4086e-05	0.01	0.038648	1.3065e-09	
1.1786e-05	0.00011863	2.9382e-07	2.2148e-08	5.2966e-07	3.2992e-06	6.015e-05	0.00041573	2.175e-06	6.2211e-06	2.3441e-05	0.01	0.038674	1.9021e-09	
1.1484e-05	0.00011831	2.7302e-07	1.5663e-08	5.2733e-07	3.357e-06	6.2485e-05	0.00041135	1.9492e-06	6.3241e-06	2.2757e-05	0.01	0.038699	7.0463e-10	
1.1173e-05	0.00011797	2.4758e-07	1.99e-08	5.3283e-07	3.3515e-06	6.4738e-05	0.00040693	1.7749e-06	6.4635e-06	2.2162e-05	0.01	0.038725	1.5501e-09	
8.1831e-06	0.00011442	2.3295e-07	4.553e-08	8.0531e-07	5.5639e-06	0.00011949	0.00035596	5.5539e-07	9.2887e-06	1.6748e-05	0.01	0.039075	3.0429e-08	
7.9865e-06	0.00011415	2.4138e-07	4.2078e-08	8.3328e-07	5.5306e-06	0.00012526	0.00035231	4.9891e-07	9.543e-06	1.6425e-05	0.01	0.039102	2.443e-08	
7.7822e-06	0.00011386	2.4668e-07	3.6598e-08	8.5455e-07	5.4433e-06	0.00013086	0.00034864	4.3483e-07	9.7679e-06	1.6074e-05	0.01	0.03913	1.5423e-08	
7.57e-06	0.00011877	2.4872e-07	2.7888e-08	8.692e-07	5.2938e-06	0.00013627	0.00034494	4.5604e-07	9.9452e-06	1.5695e-05	0.01	0.039157	2.7419e-09	
7.3682e-06	0.00012375	2.5584e-07	2.7997e-08	8.7735e-07	4.8324e-06	0.00014221	0.00034131	4.7199e-07	1.0094e-05	1.5288e-05	0.01	0.039185	7.5471e-10	
7.1756e-06	0.00012879	2.6557e-07	1.8145e-08	8.957e-07	4.5384e-06	0.00014869	0.00033774	4.9668e-07	1.0288e-05	1.4937e-05	0.01	0.039213	6.238e-10	
6.9762e-06	0.00013379	2.7228e-07	2.2287e-08	9.0802e-07	4.1805e-06	0.00015499	0.00033415	5.164e-07	1.0456e-05	1.4561e-05	0.01	0.03924	3.176e-09	
6.7704e-06	0.00013877	2.7617e-07	2.4412e-08	9.148e-07	3.7679e-06	0.00016114	0.00033055	5.3163e-07	1.06e-05	1.4164e-05	0.01	0.039268	4.0531e-09	
6.5724e-06	0.0001438	2.8229e-07	2.9901e-08	9.3063e-07	3.4832e-06	0.00016778	0.000327	5.5484e-07	1.0785e-05	1.3814e-05	0.01	0.039296	1.979e-09	
6.3681e-06	0.0001488	3.307e-07	3.3001e-08	9.4092e-07	3.1419e-06	0.00017427	0.00032343	5.7345e-07	1.0946e-05	1.3443e-05	0.01	0.039324	3.2723e-09	
6.1577e-06	0.00015377	3.7539e-07	3.3992e-08	9.4578e-07	2.7507e-06	0.00018061	0.00031984	5.8758e-07	1.1083e-05	1.305e-05	0.01	0.039351	3.5121e-09	
5.9548e-06	0.00015879	4.2577e-07	3.869e-08	9.5969e-07	2.4752e-06	0.00018746	0.00031631	6.0992e-07	1.1262e-05	1.2704e-05	0.01	0.039379	7.2979e-10	
5.7457e-06	0.00016378	4.7222e-07	4.1093e-08	9.6808e-07	2.1567e-06	0.00019415	0.00031276	6.2761e-07	1.1416e-05	1.2337e-05	0.01	0.039407	9.7103e-10	
5.5304e-06	0.00016875	5.1482e-07	4.1256e-08	9.7093e-07	1.7915e-06	0.00020068	0.00030919	6.4068e-07	1.1546e-05	1.1949e-05	0.01	0.039435	3.466e-10	
5.3228e-06	0.00017377	5.6361e-07	4.5593e-08	9.8328e-07	1.5322e-06	0.00020775	0.00030568	6.6257e-07	1.1719e-05	1.1606e-05	0.01	0.039464	3.5136e-10	
5.1237e-06	0.00017885	6.0371e-07	4.6168e-08	9.8917e-07	1.6117e-06	0.00021547	0.00030223	6.789e-07	1.1864e-05	1.1239e-05	0.01	0.039492	2.106e-09	
4.9178e-06	0.0001839	6.3938e-07	4.4036e-08	9.8858e-07	1.6591e-06	0.00022297	0.00029876	6.897e-07	1.1981e-05	1.0848e-05	0.01	0.03952	2.7299e-09	
4.7205e-06	0.00018902	6.8245e-07	4.7471e-08	9.994e-07	1.4975e-06	0.00023118	0.00029535	7.113e-07	1.215e-05	1.0509e-05	0.01	0.039548	1.291e-09	
4.5317e-06	0.0001942	7.361e-07	4.2309e-08	1.0461e-06	1.4526e-06	0.00023352	0.00029201	7.2266e-07	1.2242e-05	9.5386e-06	0.01	0.039577	1.9424e-09	
4.3511e-06	0.00019945	7.9972e-07	4.2394e-08	1.0305e-06	1.4625e-06	0.00023615	0.00028873	6.8392e-07	1.25e-05	8.9436e-06	0.01	0.039606	7.5001e-10	
4.1636e-06	0.00020467	8.5739e-07	7.1026e-08	1.0065e-06	1.4348e-06	0.00023867	0.00028543	6.3823e-07	1.2725e-05	9.1085e-06	0.01	0.039635	1.6508e-09	
3.9839e-06	0.00020996	9.2917e-07	8.0205e-08	9.7523e-07	1.4846e-06	0.00024149	0.00028219	6.6959e-07	1.2819e-05	9.2528e-06	0.01	0.039663	8.7842e-10	
3.7975e-06	0.00021521	9.9484e-07	8.5567e-08	9.3672e-07	1.5029e-06	0.0002442	0.00027893	6.9478e-07	1.2884e-05	9.3775e-06	0.01	0.039692	2.5008e-09	
3.6187e-06	0.00022053	1.0725e-06	1.0067e-07	9.109e-07	1.5785e-06	0.00024721	0.00027573	6.6354e-07	1.3004e-05	9.5382e-06	0.01	0.039721	2.109e-09	
3.4332e-06	0.00022581	1.1438e-06	1.1268e-07	8.7813e-07	1.6199e-06	0.00025012	0.00027251	6.2588e-07	1.3095e-05	9.6789e-06	0.01	0.039749	6.9991e-09	
3.2411e-06	0.00023106	1.2089e-06	1.2022e-07	8.3826e-07	1.6293e-06	0.00025291	0.00026926	5.7815e-07	1.475e-05	9.7997e-06	0.01	0.039778	8.9515e-09	
3.0423e-06	0.00023627	1.268e-06	1.2363e-07	7.9345e-07	1.6068e-06	0.00025559	0.00026599	5.2331e-07	1.6327e-05	9.9007e-06	0.01	0.039806	8.4864e-09	
2.851e-06	0.00024155	1.288e-06	1.1825e-07	7.4126e-07	1.8086e-06	0.00025859	0.00026278	4.6097e-07	1.7828e-05	9.9822e-06	0.01	0.039835	5.2461e-09	
2.6531e-06	0.0002468	1.3029e-06	1.0857e-07	6.8139e-07	1.9685e-06	0.00026147	0.00025955	4.1686e-07	1.9638e-05	1.0044e-05	0.01	0.039863	1.3687e-09	
2.4623e-06	0.00025211	1.3261e-06	1.0783e-07	6.3484e-07	2.2231e-06	0.00026467	0.00025638	3.8406e-07	2.1687e-05	1.014e-05	0.01	0.039892	1.064e-09	
2.265e-06	0.00025739	1.3443e-06	1.033e-07	5.8121e-07	2.4303e-06	0.00026775	0.00025319	3.4554e-07	2.3643e-05	1.0217e-05	0.01	0.039921	4.0706e-09	
2.3434e-06	0.00026263	1.3575e-06	9.4757e-08	5.2022e-07	2.5929e-06	0.00027072	0.00024997	3.0103e-07	2.5507e-05	1.0274e-05	0.01	0.039949	4.9242e-09	
2.4251e-06	0.00026795	1.3635e-06	1.1644e-07	4.5156e-07	2.7e-06	0.00027403	0.00024681	2.502e-07	2.7282e-05	1.0312e-05	0.01	0.039977	4.4744e-09	
2.5102e-06	0.00027333	1.3794e-06	1.6401e-07	4.5647e-07	2.5605e-06	0.00027769	0.00024371	2.4498e-07	2.836e-05	1.023e-05	0.01	0.040006	1.2498e-09	
2.59e-06	0.00027869	1.3904e-06	2.0163e-07	4.5617e-07	2.3782e-06	0.00028123	0.00024059	2.357e-07	2.9378e-05	1.0129e-05	0.01	0.040034	1.6641e-09	
2.6732e-06	0.00028411	1.4098e-06	2.7436e-07	4.6279e-07	2.28e-06	0.00028514	0.00023753	2.3175e-07	3.0547e-05	1.0062e-05	0.01	0.040063	2.1827e-10	
2.7511e-06	0.0002895	1.4242e-06	3.3285e-07	4.6421e-07	2.1434e-06	0.00028892	0.00023445	2.2387e-07	3.1654e-05	9.9758e-06	0.01	0.040091	1.1299e-10	
2.8236e-06	0.00029485	1.4336e-06	3.7945e-07	4.6045e-07	1.9666e-06	0.00029257	0.00023134	2.1201e-07	3.2699e-05	9.8707e-06	0.01	0.040119	4.77e-10	
2.8996e-06	0.00030027	1.4515e-06	3.8754e-07	4.6356e-07	1.8707e-06	0.0002966	0.00022829	2.0526e-07	3.3901e-05	9.7995e-06	0.01	0.040148	2.0039e-10	
2.9792e-06	0.00030577	1.4784e-06	3.6635e-07	4.7372e-07	1.8419e-06	0.00030104	0.0002253	2.0325e-07	3.5277e-05	9.7616e-06	0.01	0.040177	3.6707e-10	
3.0533e-06	0.00031123	1.5001e-06	3.3738e-07	4.7861e-07	1.7801e-06	0.00030534	0.00022228	1.9747e-07	3.6583e-05	9.705e-06	0.01	0.040205	2.7132e-09	
3.122e-06	0.00031665	1.5165e-06	2.9949e-07	4.7827e-07	1.6845e-06	0.00030949	0.00021924	1.8789e-07	3.7819e-05	9.6295e-06	0.01	0.040234	3.8011e-09	
3.1945e-06	0.00032215	1.5428e-06	2.8348e-07	4.6475e-07	1.6516e-06	0.00031407	0.00021626	1.7419e-07	3.8975e-05	1.0189e-05	0.01	0.040262	2.526e-09	
3.2615e-06	0.00032761	1.5638e-06	2.6079e-07	4.4585e-07	1.5867e-06	0.00031851	0.00021326	1.5654e-07	4.0065e-05	1.072e-05	0.01	0.040291	5.9996e-09	
3.3323e-06	0.00033314	1.5943e-06	2.5397e-07	4.3426e-07	1.5782e-06	0.00032339	0.00021031	1.4385e-07	4.1325e-05	1.132e-05	0.01	0.040319	6.268e-09	
3.3977e-06	0.00033864	1.6191e-06	2.4162e-07	4.174e-07	1.5386e-06	0.00032811	0.00020734	1.2738e-07	4.2515e-05	1.1888e-05	0.01	0.040348	1.9765e-08	
3.4669e-06	0.00034422	1.6383e-06	2.2323e-07	3.952e-07	1.4672e-06	0.00033332	0.00020443	1.0703e-07	4.3637e-05	1.2426e-05	0.01	0.040376	2.6926e-08	
3.5306e-06	0.00034976	1.6522e-06	1.9807e-07	3.6757e-07	1.3632e-06	0.00033835	0.00020149	8.2672e-08	4.4695e-05	1.2934e-05	0.01	0.040405	2.9621e-08	
3.5912e-06	0.00035528	1.6646e-06	1.6498e-07	3.3434e-07	1.2247e-06	0.00034338	0.00019855	5.4127e-08	4.5688e-05	1.3413e-05	0.01	0.040433	3.0077e-08	
3.6461e-06	0.00036077	1.6426e-06	1.5252e-07	3.0912e-07	1.166e-06	0.00034824	0.00019559	3.1081e-08	4.685e-05	1.3363e-05	0.01	0.040462	2.6257e-08	
3.7052e-06	0.00036634	1.6133e-06	1.3413e-07	2.7851e-07	1.0816e-06	0.00034902	0.00019268	3.2955e-08	4.7887e-05	1.3293e-05	0.01	0.04049	3.9992e-08	
4.3419e-06	0.0004557	1.5359e-06	1.9896e-08	1.2072e-07	6.2073e-07	0.00036444	0.00014678	2.6861e-07	6.1045e-05	1.6623e-05	0.01	0.040947	6.0343e-08	
4.3625e-06	0.0004613	1.5324e-06	2.1447e-08	1.5354e-07	5.632e-07	0.00036232	0.00014395	2.7266e-07	6.1826e-05	1.7138e-05	0.01	0.040977	7.9356e-08	
4.3876e-06	0.00046699	1.5381e-06	2.6867e-08	1.5098e-07	5.3836e-07	0.00036049	0.00014117	2.8481e-07	6.1392e-05	1.7735e-05	0.01	0.041006	8.6256e-08	
4.4069e-06	0.00047263	1.5606e-06	3.9176e-08	1.4439e-07	5.4674e-07	0.00035856	0.00013836	2.9256e-07	6.0899e-05	1.8299e-05	0.01	0.041036	8.468e-08	
4.4205e-06	0.00047824	1.5779e-06	4.7798e-08	2.0448e-07	5.3235e-07	0.00035653	0.00013554	2.9602e-07	6.0347e-05	1.8828e-05	0.01	0.041065	7.6549e-08	
4.4386e-06	0.00048393	1.6048e-06	6.6261e-08	2.7745e-07	5.4677e-07	0.00034866	0.00013277	3.0582e-07	5.9933e-05	1.9436e-05	0.01	0.041095	6.7791e-08	
4.451e-06	0.00048958	1.623e-06	7.7348e-08	3.4288e-07	7.9359e-07	0.00034054	0.00012997	3.1121e-07	5.9462e-05	2.0009e-05	0.01	0.041125	5.8404e-08	
4.4678e-06	0.00049532	1.635e-06	8.4428e-08	4.0113e-07	9.9868e-07	0.00033315	0.00012723	3.1224e-07	5.8933e-05	2.0548e-05	0.01	0.041154	4.8388e-08	
4.4788e-06	0.00050102	1.6654e-06	7.9273e-08	4.5246e-07	1.3396e-06	0.00032552	0.00012447	3.0892e-07	5.8346e-05	2.1054e-05	0.01	0.041184	3.7744e-08	
4.4842e-06	0.00050667	1.6894e-06	1.0423e-07	4.9906e-07	1.6134e-06	0.00031765	0.00012168	3.9499e-07	5.7651e-05	2.1527e-05	0.01	0.041213	2.6472e-08	
4.494e-06	0.00051242	1.7118e-06	1.2832e-07	5.4349e-07	1.8777e-06	0.00031048	0.00011895	4.7945e-07	5.6947e-05	2.1994e-05	0.01	0.041243	1.4571e-08	
4.5083e-06	0.00051825	1.7327e-06	1.5154e-07	5.8575e-07	2.1322e-06	0.00030395	0.00011626	5.623e-07	5.6236e-05	2.2455e-05	0.01	0.041272	2.042e-09	
4.5168e-06	0.00052403	1.7519e-06	1.7389e-07	6.2585e-07	2.3771e-06	0.00029721	0.00011356	6.4353e-07	5.5516e-05	2.2911e-05	0.01	0.041302	3.4244e-10	
4.5297e-06	0.00052991	1.7696e-06	1.9538e-07	6.6378e-07	2.6123e-06	0.00029107	0.0001109	7.2315e-07	5.4788e-05	2.3361e-05	0.01	0.041331	1.0905e-10	
4.547e-06	0.00053588	1.7857e-06	2.1599e-07	6.9954e-07	2.8378e-06	0.00028548	0.00010829	8.0116e-07	5.4052e-05	2.3807e-05	0.01	0.041361	5.9735e-11	
4.5587e-06	0.0005418	1.8001e-06	2.3574e-07	7.3313e-07	3.0536e-06	0.00027971	0.00010565	8.7756e-07	5.3308e-05	2.4246e-05	0.01	0.04139	8.185e-11	
4.5746e-06	0.00054782	1.813e-06	2.5463e-07	7.6455e-07	3.2598e-06	0.00027445	0.00010307	9.5234e-07	5.2556e-05	2.468e-05	0.01	0.04142	1.5732e-10	
4.585e-06	0.00055379	1.8243e-06	2.7264e-07	7.9381e-07	3.4564e-06	0.00026903	0.00010046	1.0255e-06	5.1796e-05	2.5109e-05	0.01	0.04145	1.0782e-09	
4.4068e-06	0.00066863	1.7372e-06	4.5003e-07	9.3774e-07	5.3531e-06	0.00017937	5.1834e-05	2.1095e-06	3.5807e-05	3.2215e-05	0.01	0.042017	2.8185e-09	
4.3747e-06	0.00067471	1.7168e-06	4.5068e-07	9.2364e-07	5.3562e-06	0.00017512	4.9299e-05	2.1504e-06	3.4884e-05	3.2535e-05	0.01	0.042047	2.1955e-09	
4.3371e-06	0.00068075	1.6947e-06	4.5048e-07	9.0737e-07	5.3497e-06	0.00017072	4.9264e-05	2.1898e-06	3.3953e-05	3.2849e-05	0.01	0.042077	3.5625e-10	
4.2942e-06	0.00068675	1.671e-06	4.494e-07	8.8893e-07	5.3335e-06	0.00016619	4.9221e-05	2.2275e-06	3.3014e-05	3.3157e-05	0.01	0.042107	3.183e-10	
4.255e-06	0.00069284	1.6458e-06	4.4746e-07	8.6832e-07	5.3077e-06	0.00016203	4.9184e-05	2.2636e-06	3.2066e-05	3.346e-05	0.01	0.042137	8.7225e-10	
4.2105e-06	0.00069889	1.619e-06	4.4465e-07	8.4554e-07	5.2721e-06	0.00015776	4.9139e-05	2.2981e-06	3.1111e-05	3.3758e-05	0.01	0.042167	3.2433e-10	
4.1696e-06	0.00070503	1.5906e-06	4.4097e-07	8.206e-07	5.2269e-06	0.00015383	4.91e-05	2.3309e-06	3.0147e-05	3.405e-05	0.01	0.042198	3.6056e-10	
4.1321e-06	0.00071125	1.5605e-06	4.3642e-07	7.9349e-07	5.1721e-06	0.00015021	4.9069e-05	2.3622e-06	2.9176e-05	3.4337e-05	0.01	0.042228	1.0993e-09	
4.0893e-06	0.00071743	1.5289e-06	4.3101e-07	7.6421e-07	5.1076e-06	0.0001465	4.9028e-05	2.3919e-06	2.8196e-05	3.4618e-05	0.01	0.042258	6.7181e-10	
4.0503e-06	0.0007237	1.4958e-06	4.2472e-07	7.3276e-07	5.0334e-06	0.0001431	4.8995e-05	2.4199e-06	2.7208e-05	3.4894e-05	0.01	0.042288	1.5925e-09	
4.0152e-06	0.00073007	1.461e-06	4.1757e-07	6.9914e-07	4.9495e-06	0.00014	4.897e-05	2.4464e-06	2.6212e-05	3.5164e-05	0.01	0.042319	1.0304e-09	
3.9839e-06	0.00073654	1.4246e-06	4.0956e-07	6.6336e-07	4.856e-06	0.00013718	4.8951e-05	2.4712e-06	2.5208e-05	3.5429e-05	0.01	0.042349	2.1661e-09	
3.9471e-06	0.00074297	1.3867e-06	4.0067e-07	6.254e-07	4.7528e-06	0.00013426	4.8924e-05	2.4944e-06	2.4195e-05	3.5688e-05	0.01	0.042379	2.122e-09	
3.9142e-06	0.00074949	1.3471e-06	3.9092e-07	5.8528e-07	4.6399e-06	0.00013161	4.8905e-05	2.516e-06	2.3175e-05	3.5942e-05	0.01	0.04241	3.1748e-10	
3.8758e-06	0.00075597	1.306e-06	3.803e-07	5.4299e-07	4.5173e-06	0.00012887	4.8876e-05	2.536e-06	2.2146e-05	3.619e-05	0.01	0.04244	1.9566e-10	
3.8319e-06	0.00076241	1.2633e-06	3.6881e-07	4.9854e-07	4.3851e-06	0.00012603	4.8839e-05	2.5544e-06	2.1109e-05	3.6433e-05	0.01	0.042471	8.7883e-10	
3.7919e-06	0.00076895	1.219e-06	3.5646e-07	4.5191e-07	4.2433e-06	0.00012345	4.8809e-05	2.5711e-06	2.0064e-05	3.6671e-05	0.01	0.042501	1.678e-10	
3.7464e-06	0.00077544	1.1731e-06	3.4323e-07	4.0311e-07	4.0917e-06	0.00012078	4.8771e-05	2.5863e-06	1.9011e-05	3.6903e-05	0.01	0.042532	1.9803e-10	
3.7048e-06	0.00078204	1.1256e-06	3.2914e-07	3.5215e-07	3.9305e-06	0.00011837	4.874e-05	2.5999e-06	1.7949e-05	3.713e-05	0.01	0.042562	8.0325e-10	
3.6673e-06	0.00078875	1.0765e-06	3.1418e-07	2.9902e-07	3.7596e-06	0.00011619	4.8717e-05	2.6118e-06	1.688e-05	3.7351e-05	0.01	0.042593	2.3926e-10	
3.3741e-06	0.00079556	1.0258e-06	2.9836e-07	2.4372e-07	3.5791e-06	0.00011422	4.8703e-05	2.6221e-06	1.5802e-05	3.7567e-05	0.01	0.042623	2.6736e-10	
3.0921e-06	0.00080249	9.7356e-07	2.8166e-07	1.8625e-07	3.3888e-06	0.00011247	4.8696e-05	2.6308e-06	1.4717e-05	3.7777e-05	0.01	0.042654	1.2782e-09	
2.8024e-06	0.00080936	9.0818e-07	2.5686e-07	1.3966e-07	3.1337e-06	0.00011063	4.868e-05	2.6619e-06	1.3766e-05	3.7166e-05	0.01	0.042685	9.959e-10	
2.5236e-06	0.00081635	8.5332e-07	2.4911e-07	1.0105e-07	2.9884e-06	0.00010899	4.8672e-05	2.7172e-06	1.2934e-05	3.6649e-05	0.01	0.042716	2.5699e-09	
2.2371e-06	0.00082329	7.9259e-07	2.3557e-07	1.1139e-07	2.8029e-06	0.00010728	4.8655e-05	2.7619e-06	1.2052e-05	3.6089e-05	0.01	0.042747	2.5745e-09	
1.9611e-06	0.00083035	7.2247e-07	2.3951e-07	1.1787e-07	2.7581e-06	0.00010575	4.8646e-05	2.7965e-06	1.1118e-05	3.5488e-05	0.01	0.042779	8.9678e-10	
1.695e-06	0.00083751	6.3035e-07	2.3723e-07	1.2717e-07	2.6581e-06	0.00010439	4.8645e-05	2.8562e-06	1.03e-05	3.4981e-05	0.01	0.04281	1.6e-09	
1.4215e-06	0.00084463	5.3106e-07	2.3162e-07	1.3254e-07	2.5141e-06	0.00010296	4.8635e-05	2.9052e-06	9.4328e-06	3.4437e-05	0.01	0.042842	9.2043e-10	
1.4296e-06	0.0008517	4.5017e-07	2.0608e-07	1.4092e-07	2.069e-06	0.00010147	4.8616e-05	2.9815e-06	8.6713e-06	3.398e-05	0.01	0.042874	1.878e-09	
1.4329e-06	0.00085872	3.5929e-07	1.6312e-07	1.4529e-07	2.002e-06	9.9913e-05	4.8587e-05	3.0461e-06	7.8637e-06	3.3487e-05	0.01	0.042905	1.3717e-09	
1.4374e-06	0.00086585	2.5978e-07	1.0845e-07	1.457e-07	1.8981e-06	9.8525e-05	4.8567e-05	3.0995e-06	7.0092e-06	3.2957e-05	0.01	0.042937	4.4608e-09	
1.4371e-06	0.00087294	1.7388e-07	8.0939e-08	1.4919e-07	1.8621e-06	9.707e-05	4.8537e-05	3.1352e-06	6.0378e-06	3.2513e-05	0.01	0.042969	4.7547e-09	
1.4322e-06	0.00087997	1.5577e-07	4.4476e-08	2.2887e-07	1.7842e-06	9.5549e-05	4.8499e-05	3.1418e-06	5.9168e-06	3.198e-05	0.01	0.043001	2.9615e-09	
1.4283e-06	0.00088713	1.4883e-07	3.8894e-08	3.0071e-07	1.6058e-06	9.4194e-05	4.8468e-05	3.1382e-06	5.7713e-06	3.141e-05	0.01	0.043033	5.2014e-09	
1.4256e-06	0.0008944	1.3813e-07	3.2427e-08	3.6503e-07	1.4176e-06	9.2994e-05	4.8445e-05	3.1244e-06	5.6014e-06	3.08e-05	0.01	0.043065	5.3261e-09	
1.4181e-06	0.00090161	1.297e-07	1.0541e-08	4.4412e-07	1.3095e-06	9.1734e-05	4.8413e-05	3.1345e-06	5.4669e-06	3.0281e-05	0.01	0.043097	2.6607e-09	
1.4075e-06	0.00090883	1.1963e-07	8.587e-09	5.1506e-07	1.162e-06	9.0466e-05	4.8377e-05	3.1345e-06	5.3086e-06	2.9725e-05	0.01	0.043129	4.5308e-09	
1.3979e-06	0.00091616	1.1123e-07	8.4856e-09	5.7819e-07	1.0765e-06	8.9347e-05	4.8348e-05	3.1244e-06	5.1261e-06	2.9131e-05	0.01	0.043161	1.7469e-08	
1.3893e-06	0.00092361	1.0428e-07	2.8913e-09	6.5714e-07	1.0433e-06	8.8366e-05	4.8327e-05	3.1382e-06	4.9782e-06	2.8625e-05	0.01	0.043193	2.2503e-08	
1.3817e-06	0.00093118	9.4241e-08	3.091e-09	7.276e-07	9.7711e-07	8.7517e-05	4.8314e-05	3.1419e-06	4.8068e-06	2.8082e-05	0.01	0.043225	2.5171e-08	
1.3752e-06	0.00093887	8.5627e-08	4.0506e-09	7.843e-07	9.5676e-07	8.6791e-05	4.831e-05	3.1162e-06	5.1021e-06	2.7442e-05	0.01	0.043258	2.7204e-08	
1.3697e-06	0.00094669	7.815e-08	6.2002e-09	8.5694e-07	9.7845e-07	8.6183e-05	4.8313e-05	3.1171e-06	5.019e-06	2.689e-05	0.01	0.043291	2.4295e-08	
1.3595e-06	0.00095446	8.2049e-08	6.253e-09	9.0366e-07	9.4881e-07	8.5527e-05	4.8307e-05	3.0224e-06	5.0723e-06	2.6101e-05	0.01	0.043325	3.5837e-08	
1.3447e-06	0.00096217	8.3406e-08	5.0133e-09	9.4291e-07	8.9015e-07	8.482e-05	4.8291e-05	2.9144e-06	5.1035e-06	2.5268e-05	0.01	0.043358	4.1201e-08	
1.3309e-06	0.00097001	8.5606e-08	4.955e-09	9.9646e-07	8.7355e-07	8.423e-05	4.8284e-05	2.8382e-06	5.1645e-06	2.4539e-05	0.01	0.043392	4.0411e-08	
1.3124e-06	0.0009778	8.5289e-08	3.349e-09	1.0421e-06	8.3028e-07	8.3592e-05	4.8268e-05	2.7499e-06	5.2031e-06	2.3769e-05	0.01	0.043425	3.7079e-08	
1.2949e-06	0.00098572	8.2116e-08	6.6944e-09	1.0801e-06	7.5554e-07	8.3066e-05	4.826e-05	2.6489e-06	5.2193e-06	2.2957e-05	0.01	0.043459	3.0922e-08	
1.2783e-06	0.00099376	7.986e-08	5.5893e-09	1.133e-06	7.2273e-07	8.2648e-05	4.8259e-05	2.5777e-06	5.2656e-06	2.2245e-05	0.01	0.043493	1.5459e-08	
1.2626e-06	0.0010019	7.4581e-08	1.162e-08	1.1778e-06	6.5743e-07	8.2335e-05	4.8267e-05	2.4951e-06	5.2896e-06	2.1493e-05	0.01	0.043527	1.6495e-08	
1.2478e-06	0.0010102	7.0156e-08	1.1539e-08	1.239e-06	6.2984e-07	8.2125e-05	4.8282e-05	2.4393e-06	5.3439e-06	2.0835e-05	0.01	0.043561	1.3352e-08	
1.2338e-06	0.0010187	6.6437e-08	1.3724e-08	1.3192e-06	6.3469e-07	8.2015e-05	4.8306e-05	2.4069e-06	5.4296e-06	2.0263e-05	0.01	0.043596	4.266e-09	
1.2153e-06	0.0010271	6.3906e-08	1.029e-08	1.3899e-06	6.8036e-07	8.1861e-05	4.832e-05	2.3648e-06	5.492e-06	1.9655e-05	0.01	0.04363	3.5717e-09	
1.1921e-06	0.0010354	7.1899e-08	3.6181e-09	1.4271e-06	6.7901e-07	8.1663e-05	4.8325e-05	2.3474e-06	5.5975e-06	1.8757e-05	0.01	0.043665	4.9045e-10	
1.1697e-06	0.0010439	7.6685e-08	3.6935e-09	1.4542e-06	6.4824e-07	8.1565e-05	4.8338e-05	2.3146e-06	6.7891e-06	1.8971e-05	0.01	0.0437	2.6156e-10	
1.1481e-06	0.0010525	7.8474e-08	1.0752e-08	1.4732e-06	5.8612e-07	8.1566e-05	4.8359e-05	2.2723e-06	7.9213e-06	1.9158e-05	0.01	0.043736	1.0858e-09	
1.122e-06	0.001061	7.7648e-08	1.5984e-08	1.4843e-06	4.9564e-07	8.1524e-05	4.8371e-05	2.2568e-06	9.2857e-06	1.9318e-05	0.01	0.043771	6.4512e-10	
1.0912e-06	0.0010695	7.9662e-08	1.5099e-08	1.5104e-06	4.5362e-07	8.1438e-05	4.8374e-05	2.2673e-06	9.6758e-06	1.9533e-05	0.01	0.043807	1.6208e-09	
1.0613e-06	0.0010782	8.2697e-08	6.8289e-09	1.5072e-06	4.4097e-07	8.1451e-05	4.8385e-05	2.2993e-06	1.0137e-05	2.0852e-05	0.01	0.043842	8.756e-10	
1.032e-06	0.0010869	8.2714e-08	7.4181e-09	1.4961e-06	4.0138e-07	8.1564e-05	4.8404e-05	2.3221e-06	1.0563e-05	2.2113e-05	0.01	0.043877	2.5561e-09	
9.9811e-07	0.0010956	8.0199e-08	6.6859e-09	1.4771e-06	3.3831e-07	8.1632e-05	4.8413e-05	2.3357e-06	1.0954e-05	2.3318e-05	0.01	0.043913	2.5669e-09	
9.6491e-07	0.0011045	7.4864e-08	1.4586e-08	1.4502e-06	2.4638e-07	8.1801e-05	4.8431e-05	2.3405e-06	1.1313e-05	2.4468e-05	0.01	0.043948	9.0484e-10	
9.2719e-07	0.0011133	8.1081e-08	1.8335e-08	1.4152e-06	2.5906e-07	8.1925e-05	4.8439e-05	2.3362e-06	1.1638e-05	2.5565e-05	0.01	0.043983	1.4596e-09	
8.9006e-07	0.0011223	8.1222e-08	1.8584e-08	1.3717e-06	4.0023e-07	8.215e-05	4.8456e-05	2.3571e-06	1.206e-05	2.6607e-05	0.01	0.044018	6.117e-10	
8.4841e-07	0.0011311	7.8838e-08	3.758e-08	1.3197e-06	5.0704e-07	8.2331e-05	4.8463e-05	2.3688e-06	1.2446e-05	2.7599e-05	0.01	0.044053	1.6247e-09	
8.073e-07	0.0011402	7.7454e-08	5.57e-08	1.2579e-06	6.0399e-07	8.2613e-05	4.8478e-05	2.4027e-06	1.291e-05	2.8529e-05	0.01	0.044088	9.125e-10	
7.6168e-07	0.0011492	7.6832e-08	7.2945e-08	1.2129e-06	6.911e-07	8.285e-05	4.8484e-05	2.3326e-06	1.3464e-05	2.9585e-05	0.01	0.044123	1.9905e-09	
7.1156e-07	0.0011581	7.3742e-08	8.9313e-08	1.1596e-06	7.6835e-07	8.3043e-05	4.8481e-05	2.2512e-06	1.3978e-05	3.059e-05	0.01	0.044158	1.5837e-09	
6.5691e-07	0.0011669	7.1449e-08	1.0481e-07	1.1218e-06	8.3575e-07	8.3192e-05	4.8469e-05	2.1955e-06	1.4577e-05	3.173e-05	0.01	0.044194	3.6885e-09	
5.9776e-07	0.0011758	6.986e-08	1.1942e-07	1.0976e-06	8.9331e-07	8.3297e-05	4.8448e-05	2.162e-06	1.527e-05	3.302e-05	0.01	0.04423	3.3815e-09	
5.3407e-07	0.0011845	8.0551e-08	1.3317e-07	1.0661e-06	9.4101e-07	8.3358e-05	4.8418e-05	2.1193e-06	1.5919e-05	3.4251e-05	0.01	0.044265	9.2613e-10	
4.7094e-07	0.0011934	9.2512e-08	1.4603e-07	1.0473e-06	9.7886e-07	8.3519e-05	4.8395e-05	2.0971e-06	1.6668e-05	3.5641e-05	0.01	0.044302	8.3995e-10	
4.0826e-07	0.0012025	1.0601e-07	1.5802e-07	1.0407e-06	1.0069e-06	8.3781e-05	4.8381e-05	2.0941e-06	1.7529e-05	3.721e-05	0.01	0.044338	2.7199e-09	
4.5486e-07	0.0012114	1.216e-07	1.6914e-07	1.0458e-06	1.025e-06	8.3998e-05	4.8357e-05	2.1103e-06	1.8516e-05	3.8978e-05	0.01	0.044375	2.4355e-09	
5.0137e-07	0.0012206	1.3411e-07	1.7937e-07	1.0442e-06	1.0333e-06	8.4319e-05	4.8341e-05	2.118e-06	1.9449e-05	4.067e-05	0.01	0.044412	4.3844e-10	
5.4357e-07	0.0012296	1.4375e-07	1.8874e-07	1.0357e-06	1.0318e-06	8.4594e-05	4.8316e-05	2.1171e-06	2.0327e-05	4.229e-05	0.01	0.044449	4.6212e-10	
7.0397e-07	0.001267	2.0154e-07	2.2398e-07	1.0462e-06	9.2365e-07	8.6458e-05	4.8262e-05	1.7699e-06	2.5825e-05	4.9747e-05	0.01	0.044598	1.3616e-09	
7.3762e-07	0.0012764	2.3322e-07	2.0944e-07	1.06e-06	9.0903e-07	8.6963e-05	4.8243e-05	1.7103e-06	2.7414e-05	5.1882e-05	0.01	0.044636	2.7489e-09	
7.6688e-07	0.0012858	2.6121e-07	1.8854e-07	1.0668e-06	8.6759e-07	8.7421e-05	4.8215e-05	1.641e-06	2.8923e-05	5.3927e-05	0.01	0.044674	2.9761e-09	
7.9631e-07	0.0012953	2.9399e-07	1.8322e-07	1.0864e-06	8.6712e-07	8.7991e-05	4.8194e-05	1.5934e-06	3.0646e-05	5.4388e-05	0.01	0.044712	9.6988e-10	
8.2133e-07	0.0013047	3.2288e-07	1.7284e-07	1.099e-06	8.4034e-07	8.8512e-05	4.8165e-05	1.5369e-06	3.2283e-05	5.4808e-05	0.01	0.044751	1.6139e-09	
8.4654e-07	0.0013143	3.477e-07	1.5695e-07	1.1045e-06	7.8682e-07	8.9149e-05	4.8143e-05	1.4708e-06	3.3837e-05	5.5187e-05	0.01	0.044789	8.6514e-10	
8.7201e-07	0.0013241	3.8162e-07	1.1204e-07	1.103e-06	7.9623e-07	8.9906e-05	4.813e-05	1.3948e-06	3.5309e-05	5.5527e-05	0.01	0.044827	1.8848e-09	
8.9306e-07	0.0013338	4.2523e-07	9.0502e-08	1.0944e-06	8.479e-07	9.0612e-05	4.8107e-05	1.3105e-06	3.6672e-05	5.5826e-05	0.01	0.044864	1.1763e-09	
9.1439e-07	0.0013436	4.6376e-07	6.2232e-08	1.0788e-06	8.7295e-07	9.1443e-05	4.8092e-05	1.2154e-06	3.7962e-05	5.6087e-05	0.01	0.044902	3.5406e-09	
9.3129e-07	0.0013534	4.9794e-07	6.4745e-08	1.0561e-06	8.6935e-07	9.2221e-05	4.8068e-05	1.1089e-06	3.918e-05	5.6309e-05	0.01	0.04494	5.2664e-09	
9.4376e-07	0.0013632	5.3938e-07	5.5352e-08	1.0458e-06	9.0788e-07	9.2948e-05	4.8035e-05	1.0283e-06	4.0585e-05	5.6625e-05	0.01	0.044978	4.4464e-09	
9.5182e-07	0.0013729	5.8917e-07	2.4982e-08	1.0475e-06	9.9448e-07	9.3623e-05	4.7993e-05	9.6866e-07	4.2199e-05	5.7041e-05	0.01	0.045016	6.5206e-10	
9.6015e-07	0.0013827	6.3244e-07	2.2911e-08	1.0423e-06	1.0479e-06	9.4423e-05	4.7959e-05	9.003e-07	4.3729e-05	5.7414e-05	0.01	0.045055	3.7606e-10	
9.6405e-07	0.0013925	6.8716e-07	1.1573e-08	1.0301e-06	1.1652e-06	9.517e-05	4.7915e-05	8.2273e-07	4.5176e-05	5.7748e-05	0.01	0.045093	1.0614e-09	
9.6823e-07	0.0014024	7.3628e-07	1.2429e-08	1.011e-06	1.2435e-06	9.6047e-05	4.788e-05	7.3554e-07	4.6545e-05	5.8041e-05	0.01	0.045131	4.9967e-10	
9.6798e-07	0.0014123	7.9524e-07	1.5954e-08	1.0039e-06	1.3959e-06	9.6868e-05	4.7835e-05	6.6923e-07	4.8123e-05	5.8433e-05	0.01	0.04517	9.4696e-10	
9.6803e-07	0.0014223	8.2853e-07	1.6952e-08	9.0123e-07	1.4924e-06	9.7824e-05	4.7799e-05	6.1977e-07	4.9936e-05	5.8934e-05	0.01	0.045209	2.1587e-10	
9.6837e-07	0.0014325	8.7396e-07	1.4014e-08	8.195e-07	1.4821e-06	9.8922e-05	4.777e-05	5.8408e-07	5.2012e-05	5.9546e-05	0.01	0.045248	1.038e-10	
9.6428e-07	0.0014427	9.1417e-07	2.2785e-08	7.2833e-07	1.437e-06	9.9961e-05	4.7732e-05	5.4186e-07	5.3985e-05	6.0112e-05	0.01	0.045288	3.7212e-10	
9.5696e-07	0.0014528	9.5279e-07	3.0671e-08	6.273e-07	1.3821e-06	0.00010099	4.7689e-05	4.9282e-07	5.5858e-05	6.0634e-05	0.01	0.045327	3.1671e-09	
9.4641e-07	0.0014629	9.898e-07	3.7671e-08	5.1593e-07	1.3174e-06	0.00010202	4.7642e-05	4.3664e-07	5.7636e-05	6.1112e-05	0.01	0.045366	4.5792e-09	
9.3263e-07	0.0014731	1.0252e-06	4.3785e-08	3.938e-07	1.2429e-06	0.00010304	4.759e-05	3.7299e-07	5.9321e-05	6.1547e-05	0.01	0.045405	4.0627e-09	
1.1323e-06	0.0014831	1.0556e-06	4.6917e-08	3.9696e-07	1.1362e-06	0.000104	4.7528e-05	3.9217e-07	6.0885e-05	6.1934e-05	0.01	0.045444	1.4928e-09	
1.3257e-06	0.0014931	1.0948e-06	5.6611e-08	3.4411e-07	1.0833e-06	0.0001049	4.7458e-05	4.2214e-07	6.2693e-05	6.2429e-05	0.01	0.045483	1.8024e-09	
1.5129e-06	0.0015031	1.1439e-06	5.4872e-08	3.018e-07	1.0786e-06	0.00010575	4.7379e-05	4.0758e-07	6.4806e-05	6.3037e-05	0.01	0.045523	2.9829e-10	
1.7064e-06	0.0015132	1.176e-06	4.9961e-08	2.5331e-07	1.044e-06	0.00010674	4.7307e-05	3.8799e-07	6.6814e-05	6.36e-05	0.01	0.045563	2.4685e-10	
1.8936e-06	0.0015232	1.2176e-06	5.072e-08	2.1403e-07	1.054e-06	0.00010767	4.7227e-05	3.7651e-07	6.9117e-05	6.428e-05	0.01	0.045603	8.9014e-10	
2.0874e-06	0.0015335	1.2529e-06	4.847e-08	1.6897e-07	1.0411e-06	0.00010875	4.7154e-05	3.6e-07	7.1333e-05	6.4913e-05	0.01	0.045643	3.3686e-10	
2.2882e-06	0.0015439	1.2979e-06	5.1671e-08	1.1727e-07	1.0727e-06	0.00010998	4.7089e-05	3.5134e-07	7.3895e-05	6.5486e-05	0.01	0.045683	5.1819e-10	
2.4966e-06	0.0015544	1.3539e-06	6.2676e-08	7.4223e-08	1.1545e-06	0.00011137	4.7032e-05	3.4967e-07	7.6824e-05	6.6179e-05	0.01	0.045723	2.4712e-09	
2.6982e-06	0.0015649	1.4041e-06	6.9871e-08	7.8328e-08	1.206e-06	0.0001127	4.6966e-05	3.4348e-07	7.9616e-05	6.6817e-05	0.01	0.045763	2.7104e-09	
2.9075e-06	0.0015756	1.4664e-06	6.7238e-08	8.4213e-08	1.1139e-06	0.0001142	4.6908e-05	3.4409e-07	8.2803e-05	6.7581e-05	0.01	0.045804	8.5289e-10	
3.125e-06	0.0015864	1.509e-06	8.0873e-08	8.6521e-08	1.1838e-06	0.00011588	4.6857e-05	3.4023e-07	8.5843e-05	6.8295e-05	0.01	0.045845	1.4104e-09	
3.3511e-06	0.0015974	1.5346e-06	9.0085e-08	9.8953e-08	1.2074e-06	0.00011777	4.6814e-05	3.0282e-07	9.1033e-05	6.8191e-05	0.01	0.045886	8.9457e-10	
3.57e-06	0.0016084	1.5736e-06	1.1347e-07	1.0756e-07	1.3029e-06	0.00011957	4.6762e-05	2.6375e-07	9.622e-05	6.8046e-05	0.01	0.045927	2.2281e-09	
3.782e-06	0.0016193	1.6064e-06	1.288e-07	1.1136e-07	2.029e-06	0.0001213	4.6701e-05	2.8507e-07	0.00010085	7.024e-05	0.01	0.045967	1.9947e-09	
4.0027e-06	0.0016303	1.6547e-06	1.6647e-07	1.114e-07	2.2758e-06	0.00012323	4.6648e-05	3.0168e-07	0.00010527	7.2339e-05	0.01	0.046008	5.4808e-09	
4.2163e-06	0.0016413	1.7152e-06	2.4127e-07	1.1385e-07	2.6533e-06	0.00012508	4.6586e-05	3.26e-07	0.0001103	7.4711e-05	0.01	0.046049	3.0162e-08	
4.4228e-06	0.0016523	1.7688e-06	3.0654e-07	1.1254e-07	2.9664e-06	0.00012686	4.6515e-05	3.4539e-07	0.00011511	7.6983e-05	0.01	0.04609	4.8428e-08	
6.7785e-06	0.0017934	2.5277e-06	5.0195e-07	1.0369e-07	8.5251e-06	0.00014844	4.5098e-05	8.3707e-07	0.00013678	0.00010989	0.01	0.046636	9.349e-08	
6.9467e-06	0.0018044	2.5724e-06	5.075e-07	9.7196e-08	8.8519e-06	0.0001502	4.4964e-05	8.6409e-07	0.0001384	0.00011108	0.01	0.046678	8.9075e-08	
7.1199e-06	0.0018155	2.613e-06	5.0905e-07	8.7738e-08	9.1387e-06	0.0001521	4.4834e-05	8.8714e-07	0.00013997	0.00011224	0.01	0.04672	8.0274e-08	
7.2882e-06	0.0018265	2.6497e-06	5.0673e-07	1.382e-07	9.3879e-06	0.00015396	4.4697e-05	9.0635e-07	0.00014148	0.00011336	0.01	0.046762	6.6222e-08	
7.4615e-06	0.0018377	2.6948e-06	5.1682e-07	1.9433e-07	9.7562e-06	0.00015597	4.4564e-05	9.3359e-07	0.00014318	0.0001146	0.01	0.046804	1.917e-08	
7.64e-06	0.001849	2.7487e-06	5.411e-07	2.5715e-07	1.0266e-05	0.00015812	4.4434e-05	9.6953e-07	0.00014507	0.00011597	0.01	0.046847	6.5816e-09	
7.8134e-06	0.0018603	2.8123e-06	5.8511e-07	3.2807e-07	1.0955e-05	0.00016023	4.4297e-05	1.0154e-06	0.00014716	0.00011748	0.01	0.046889	3.2149e-09	
7.9927e-06	0.0018717	2.8708e-06	6.2225e-07	3.9408e-07	1.1581e-05	0.0001625	4.4164e-05	1.0565e-06	0.00014919	0.00011894	0.01	0.046933	5.9255e-09	
8.1666e-06	0.001883	2.9697e-06	6.4008e-07	4.6977e-07	1.1909e-05	0.00016472	4.4024e-05	1.1091e-06	0.00015145	0.00012055	0.01	0.046976	5.1902e-09	
8.3354e-06	0.0018944	3.0636e-06	6.5301e-07	5.4032e-07	1.2192e-05	0.0001669	4.3878e-05	1.1568e-06	0.00015365	0.00012213	0.01	0.047019	1.5692e-08	
8.51e-06	0.0019058	3.1703e-06	6.8359e-07	6.2144e-07	1.262e-05	0.00016924	4.3734e-05	1.2168e-06	0.00015608	0.00012385	0.01	0.047063	1.7547e-08	
8.6793e-06	0.0019172	3.2719e-06	7.0841e-07	6.9717e-07	1.2999e-05	0.00017153	4.3584e-05	1.2716e-06	0.00015844	0.00012554	0.01	0.047107	5.7673e-08	
8.8435e-06	0.0019286	3.3683e-06	7.2781e-07	7.6757e-07	1.3329e-05	0.00017378	4.3428e-05	1.3213e-06	0.00016074	0.00012718	0.01	0.047151	8.6622e-08	
9.0139e-06	0.0019401	3.4631e-06	7.4635e-07	8.3582e-07	1.365e-05	0.00017621	4.3275e-05	1.3694e-06	0.00016303	0.00012881	0.01	0.047194	1.1496e-07	
9.1912e-06	0.0019518	3.5564e-06	7.6404e-07	9.0193e-07	1.3962e-05	0.00017883	4.3127e-05	1.4158e-06	0.00016531	0.00013044	0.01	0.047238	1.4269e-07	
9.3625e-06	0.0019634	3.6482e-06	7.8087e-07	9.6589e-07	1.4264e-05	0.00018139	4.2971e-05	1.4607e-06	0.00016759	0.00013207	0.01	0.047282	1.698e-07	
9.5421e-06	0.0019752	3.7385e-06	7.9685e-07	1.0277e-06	1.4557e-05	0.00018418	4.282e-05	1.5039e-06	0.00016986	0.00013369	0.01	0.047326	1.9631e-07	
9.715e-06	0.0019869	3.8273e-06	8.1197e-07	1.0874e-06	1.484e-05	0.00018689	4.2662e-05	1.5455e-06	0.00017212	0.00013531	0.01	0.047369	2.222e-07	
9.8977e-06	0.0019988	3.9145e-06	8.2624e-07	1.1449e-06	1.5115e-05	0.00018988	4.251e-05	1.5855e-06	0.00017438	0.00013692	0.01	0.047413	2.4749e-07	
1.0091e-05	0.0020109	4.0002e-06	8.3965e-07	1.2003e-06	1.5379e-05	0.00019317	4.2365e-05	1.6238e-06	0.00017663	0.00013853	0.01	0.047457	2.7216e-07	
1.0276e-05	0.002023	4.0844e-06	8.5221e-07	1.2536e-06	1.5635e-05	0.00019635	4.2212e-05	1.6606e-06	0.00017888	0.00014014	0.01	0.047501	2.9622e-07	
1.0454e-05	0.0020349	4.1671e-06	8.6391e-07	1.3047e-06	1.5881e-05	0.00019941	4.2049e-05	1.6957e-06	0.00018112	0.00014174	0.01	0.047545	3.1967e-07	
1.0643e-05	0.0020471	4.2482e-06	8.7475e-07	1.3536e-06	1.6117e-05	0.0002028	4.1894e-05	1.7292e-06	0.00018335	0.00014334	0.01	0.047589	3.4251e-07	
1.0823e-05	0.0020592	4.3278e-06	8.8475e-07	1.4005e-06	1.6344e-05	0.00020607	4.1729e-05	1.761e-06	0.00018557	0.00014493	0.01	0.047633	3.6474e-07	
1.1145e-05	0.0020619	4.4059e-06	8.9388e-07	1.4451e-06	1.6562e-05	0.00020697	4.181e-05	1.7913e-06	0.00018779	0.00014652	0.01	0.047677	3.8636e-07	
1.1457e-05	0.0020645	4.4825e-06	9.0216e-07	1.4877e-06	1.6771e-05	0.00020779	4.1882e-05	1.8199e-06	0.00019	0.00014811	0.01	0.047721	4.0737e-07	
1.1761e-05	0.0020671	4.5575e-06	9.0959e-07	1.5281e-06	1.697e-05	0.00020855	4.1945e-05	1.8469e-06	0.00019221	0.00014969	0.01	0.047765	4.2777e-07	
1.208e-05	0.0020698	4.631e-06	9.1616e-07	1.5663e-06	1.7159e-05	0.00020948	4.2015e-05	1.8723e-06	0.00019441	0.00015127	0.01	0.04781	4.4756e-07	
1.2396e-05	0.0020725	4.703e-06	9.2187e-07	1.6024e-06	1.734e-05	0.00021041	4.208e-05	1.896e-06	0.0001966	0.00015284	0.01	0.047854	4.6674e-07	
1.2709e-05	0.0020752	4.7735e-06	9.2673e-07	1.6364e-06	1.7511e-05	0.00021133	4.2141e-05	1.9182e-06	0.00019879	0.00015441	0.01	0.047898	4.853e-07	
1.3019e-05	0.0020779	4.8425e-06	9.3074e-07	1.6682e-06	1.7672e-05	0.00021225	4.2196e-05	1.9387e-06	0.00020097	0.00015598	0.01	0.047942	5.0326e-07	
1.3326e-05	0.0020805	4.9099e-06	9.3389e-07	1.6979e-06	1.7824e-05	0.00021316	4.2247e-05	1.9576e-06	0.00020314	0.00015754	0.01	0.047987	5.2061e-07	
1.363e-05	0.0020832	4.9758e-06	9.3618e-07	1.7255e-06	1.7967e-05	0.00021406	4.2293e-05	1.9748e-06	0.00020531	0.00015909	0.01	0.048031	5.3734e-07	
1.3932e-05	0.0020859	5.0402e-06	9.3762e-07	1.7509e-06	1.8101e-05	0.00021495	4.2335e-05	1.9905e-06	0.00020747	0.00016065	0.01	0.048075	5.5347e-07	
1.423e-05	0.0020885	5.103e-06	9.3821e-07	1.7741e-06	1.8225e-05	0.00021584	4.2371e-05	2.0045e-06	0.00020962	0.0001622	0.01	0.04812	5.6898e-07	
1.4526e-05	0.0020912	5.1643e-06	9.3794e-07	1.7952e-06	1.8339e-05	0.00021673	4.2403e-05	2.0169e-06	0.00021177	0.00016374	0.01	0.048164	5.8389e-07	
1.4819e-05	0.0020938	5.2241e-06	9.3681e-07	1.8142e-06	1.8444e-05	0.0002176	4.2429e-05	2.0277e-06	0.00021391	0.00016528	0.01	0.048209	5.9818e-07	
1.5109e-05	0.0020964	5.2824e-06	9.3483e-07	1.831e-06	1.854e-05	0.00021847	4.2451e-05	2.0368e-06	0.00021605	0.00016682	0.01	0.048253	6.1186e-07	
1.5396e-05	0.0020991	5.3392e-06	9.32e-07	1.8457e-06	1.8627e-05	0.00021933	4.2468e-05	2.0444e-06	0.00021817	0.00016835	0.01	0.048298	6.2494e-07	
1.568e-05	0.0021017	5.3944e-06	9.2831e-07	1.8583e-06	1.8704e-05	0.00022019	4.2481e-05	2.0503e-06	0.0002203	0.00016988	0.01	0.048342	6.374e-07	
1.5961e-05	0.0021043	5.4481e-06	9.2376e-07	1.8687e-06	1.8772e-05	0.00022104	4.2488e-05	2.0546e-06	0.00022241	0.0001714	0.01	0.048387	6.4925e-07	
1.624e-05	0.0021069	5.5003e-06	9.1836e-07	1.8769e-06	1.883e-05	0.00022188	4.2491e-05	2.0572e-06	0.00022452	0.00017293	0.01	0.048432	6.605e-07	
1.6515e-05	0.0021095	5.551e-06	9.1211e-07	1.883e-06	1.8879e-05	0.00022272	4.2489e-05	2.0583e-06	0.00022662	0.00017444	0.01	0.048477	6.7113e-07	
1.6788e-05	0.0021121	5.6002e-06	9.05e-07	1.887e-06	1.8919e-05	0.00022355	4.2482e-05	2.0577e-06	0.00022872	0.00017595	0.01	0.048521	6.8115e-07	
1.7058e-05	0.0021147	5.6478e-06	8.9703e-07	1.8888e-06	1.8949e-05	0.00022438	4.2471e-05	2.0555e-06	0.00023081	0.00017746	0.01	0.048566	6.9056e-07	
1.7325e-05	0.0021173	5.6939e-06	8.8821e-07	1.8885e-06	1.897e-05	0.00022519	4.2454e-05	2.0517e-06	0.00023289	0.00017897	0.01	0.048611	6.9936e-07	
1.7589e-05	0.0021198	5.7385e-06	8.7854e-07	1.8861e-06	1.8981e-05	0.000226	4.2433e-05	2.0462e-06	0.00023497	0.00018047	0.01	0.048656	7.0755e-07	
1.785e-05	0.0021224	5.7815e-06	8.68e-07	1.8815e-06	1.8983e-05	0.00022681	4.2407e-05	2.0392e-06	0.00023704	0.00018196	0.01	0.048701	7.1513e-07	
1.8108e-05	0.0021249	5.8231e-06	8.5662e-07	1.8748e-06	1.8976e-05	0.00022761	4.2376e-05	2.0305e-06	0.0002391	0.00018346	0.01	0.048746	7.221e-07	
1.8363e-05	0.0021275	5.8631e-06	8.4438e-07	1.8659e-06	1.8959e-05	0.0002284	4.234e-05	2.0202e-06	0.00024116	0.00018494	0.01	0.04879	7.2846e-07	
1.8616e-05	0.00213	5.9016e-06	8.3128e-07	1.8549e-06	1.8933e-05	0.00022918	4.23e-05	2.0083e-06	0.00024321	0.00018643	0.01	0.048835	7.3421e-07	
1.8865e-05	0.0021326	5.9385e-06	8.1733e-07	1.8417e-06	1.8898e-05	0.00022996	4.2254e-05	1.9947e-06	0.00024526	0.00018791	0.01	0.04888	7.3935e-07	
1.9131e-05	0.0021352	5.974e-06	8.0252e-07	1.8264e-06	1.8853e-05	0.00023093	4.2216e-05	1.9795e-06	0.00024729	0.00018938	0.01	0.048926	7.4388e-07	
1.9388e-05	0.0021378	6.0079e-06	7.8686e-07	1.809e-06	1.8799e-05	0.00023182	4.2169e-05	1.9627e-06	0.00024933	0.00019085	0.01	0.048971	7.478e-07	
1.9635e-05	0.0021404	6.0403e-06	7.7034e-07	1.7894e-06	1.8735e-05	0.00023264	4.2113e-05	1.9443e-06	0.00025135	0.00019232	0.01	0.049016	7.5111e-07	
1.9898e-05	0.002143	6.0712e-06	7.5297e-07	1.7676e-06	1.8662e-05	0.00023365	4.2064e-05	1.9243e-06	0.00025337	0.00019379	0.01	0.049061	7.5381e-07	
1.9722e-05	0.0021458	6.1005e-06	7.3474e-07	1.7438e-06	1.858e-05	0.00023486	4.2022e-05	1.9026e-06	0.00025538	0.00019525	0.01	0.049106	7.559e-07	
1.9536e-05	0.0021485	6.1284e-06	7.1566e-07	1.7177e-06	1.8488e-05	0.00023599	4.1971e-05	1.8793e-06	0.00025739	0.0001967	0.01	0.049151	7.5738e-07	
1.9342e-05	0.0021512	6.1547e-06	6.9572e-07	1.6896e-06	1.8387e-05	0.00023705	4.1912e-05	1.8544e-06	0.00025939	0.00019815	0.01	0.049197	7.5824e-07	
1.9138e-05	0.0021538	6.1795e-06	6.7493e-07	1.6593e-06	1.8276e-05	0.00023803	4.1843e-05	1.8279e-06	0.00026138	0.0001996	0.01	0.049242	7.585e-07	
1.8925e-05	0.0021564	6.2028e-06	6.5328e-07	1.6269e-06	1.8156e-05	0.00023894	4.1766e-05	1.7997e-06	0.00026337	0.00020104	0.01	0.049287	7.5815e-07	
1.8728e-05	0.0021591	6.2245e-06	6.3078e-07	1.5923e-06	1.8027e-05	0.00024004	4.1696e-05	1.77e-06	0.00026535	0.00020248	0.01	0.049333	7.5719e-07	
1.8521e-05	0.0021618	6.2447e-06	6.0742e-07	1.5555e-06	1.7889e-05	0.00024107	4.1616e-05	1.7386e-06	0.00026733	0.00020392	0.01	0.049378	7.5562e-07	
1.8329e-05	0.0021645	6.2634e-06	5.832e-07	1.5167e-06	1.7741e-05	0.0002423	4.1544e-05	1.7055e-06	0.00026929	0.00020535	0.01	0.049424	7.5343e-07	
1.8152e-05	0.0021674	6.2806e-06	5.5813e-07	1.4757e-06	1.7583e-05	0.00024374	4.1479e-05	1.6709e-06	0.00027126	0.00020678	0.01	0.049469	7.5064e-07	
1.7966e-05	0.0021702	6.2963e-06	5.322e-07	1.4325e-06	1.7416e-05	0.0002451	4.1405e-05	1.6346e-06	0.00027321	0.0002082	0.01	0.049515	7.4724e-07	
1.7794e-05	0.0021732	6.3104e-06	5.0542e-07	1.3872e-06	1.724e-05	0.00024668	4.1338e-05	1.5967e-06	0.00027516	0.00020962	0.01	0.04956	7.4322e-07	
1.7635e-05	0.0021762	6.323e-06	4.7779e-07	1.3398e-06	1.7055e-05	0.0002485	4.1278e-05	1.5572e-06	0.0002771	0.00021104	0.01	0.049606	7.386e-07	
1.7491e-05	0.0021794	6.3341e-06	4.4929e-07	1.2902e-06	1.686e-05	0.00025056	4.1225e-05	1.5161e-06	0.00027904	0.00021245	0.01	0.049652	7.3336e-07	
1.7337e-05	0.0021825	6.3437e-06	4.1995e-07	1.2385e-06	1.6655e-05	0.00025251	4.3145e-05	1.4734e-06	0.00028097	0.00021386	0.01	0.049697	7.2752e-07	
1.7175e-05	0.0021855	6.3517e-06	3.8974e-07	1.1846e-06	1.6442e-05	0.00025439	4.505e-05	1.429e-06	0.00028289	0.00021526	0.01	0.049743	7.2107e-07	
1.7026e-05	0.0021887	6.3583e-06	3.5868e-07	1.1286e-06	1.6219e-05	0.0002565	4.6986e-05	1.383e-06	0.00028481	0.00021666	0.01	0.049789	7.14e-07	
1.6869e-05	0.0021918	6.3633e-06	3.2677e-07	1.0704e-06	1.5986e-05	0.00025852	4.8908e-05	1.3354e-06	0.00028672	0.00021805	0.01	0.049834	7.0633e-07	
1.6723e-05	0.0021951	6.3668e-06	2.94e-07	1.0101e-06	1.5744e-05	0.00026079	5.0859e-05	1.2861e-06	0.00028862	0.00021944	0.01	0.04988	6.9804e-07	
1.6571e-05	0.0021982	6.3687e-06	2.6037e-07	9.477e-07	1.5493e-05	0.00026297	5.2796e-05	1.2352e-06	0.00029052	0.00022083	0.01	0.049926	6.8915e-07	
1.6429e-05	0.0022015	6.3692e-06	2.2589e-07	8.8312e-07	1.5233e-05	0.00026539	5.4761e-05	1.1828e-06	0.00029241	0.00022222	0.01	0.049972	6.7964e-07	
1.6298e-05	0.0022049	6.3681e-06	1.9055e-07	8.164e-07	1.4963e-05	0.00026806	5.6755e-05	1.1286e-06	0.0002943	0.00022359	0.01	0.050018	6.6952e-07	
1.7078e-05	0.0022083	6.3655e-06	1.5436e-07	7.4753e-07	1.4683e-05	0.00027064	5.8736e-05	1.0729e-06	0.00029617	0.00022497	0.01	0.050064	6.588e-07	
1.7848e-05	0.0022116	6.3614e-06	1.1731e-07	6.7652e-07	1.4394e-05	0.00027317	6.0706e-05	1.0155e-06	0.00029805	0.00022634	0.01	0.05011	6.4746e-07	
1.8641e-05	0.002215	6.3698e-06	7.9406e-08	6.1488e-07	1.4096e-05	0.00027589	6.2698e-05	9.6909e-07	0.00030016	0.00022787	0.01	0.050156	6.7813e-07	
1.9426e-05	0.0022183	6.3736e-06	3.6733e-08	5.4868e-07	1.3756e-05	0.00027856	6.4681e-05	9.1838e-07	0.00030221	0.00022936	0.01	0.050203	6.9769e-07	
6.2361e-05	0.0024104	3.5348e-06	1.3447e-08	1.5015e-05	0.00036501	0.00042896	0.00017905	1.7836e-07	0.00082394	0.00023775	0.01	0.053246	2.0647e-07	
6.303e-05	0.0024135	3.463e-06	1.6049e-08	1.6046e-05	0.00037942	0.0004316	0.00018087	1.9412e-07	0.00082716	0.00023674	0.01	0.053299	1.4699e-07	
6.3682e-05	0.0024166	3.3827e-06	1.6577e-08	1.7005e-05	0.00039212	0.00043412	0.00018266	2.0581e-07	0.00083018	0.00023566	0.01	0.053351	4.5684e-08	
6.4374e-05	0.0024197	3.3471e-06	2.3399e-08	1.7894e-05	0.00039808	0.00043697	0.0001845	2.0423e-07	0.00084197	0.00023448	0.01	0.053404	3.1195e-08	
6.5049e-05	0.0024228	3.3035e-06	2.6857e-08	1.8682e-05	0.00043174	0.00043971	0.00018631	2.7248e-07	0.00085249	0.00023682	0.01	0.053456	5.3588e-09	
6.5763e-05	0.002426	3.2747e-06	3.5505e-08	1.9658e-05	0.00048061	0.00044279	0.00018817	3.5951e-07	0.00086449	0.00023949	0.01	0.053509	1.6272e-09	
6.6461e-05	0.0024292	3.2388e-06	4.102e-08	2.0564e-05	0.00052381	0.00044575	0.00019	4.3754e-07	0.00087596	0.00024204	0.01	0.053562	2.078e-09	
6.7199e-05	0.0024325	3.242e-06	4.3054e-08	2.1405e-05	0.00055884	0.00044908	0.00019188	5.0707e-07	0.00088693	0.00024447	0.01	0.053614	7.5761e-09	
6.792e-05	0.0024357	3.2599e-06	5.0954e-08	2.2449e-05	0.00060979	0.00045227	0.00019373	5.995e-07	0.00088965	0.00024725	0.01	0.053583	9.0446e-09	
6.8683e-05	0.0024391	3.2703e-06	5.5552e-08	2.3418e-05	0.00065481	0.00045585	0.00019563	6.822e-07	0.00089216	0.00024991	0.01	0.053552	8.0892e-09	
6.9489e-05	0.0024426	3.2954e-06	4.9507e-08	2.4386e-05	0.00072255	0.00045986	0.00019756	7.633e-07	0.00089466	0.00025256	0.01	0.053521	6.4959e-09	
7.0277e-05	0.002446	3.4699e-06	3.8916e-08	2.5353e-05	0.0007764	0.00046371	0.00019948	8.4278e-07	0.00089716	0.0002552	0.01	0.053489	1.7985e-09	
7.1109e-05	0.0024496	3.6766e-06	3.483e-08	2.6318e-05	0.00085488	0.000468	0.00020144	9.2065e-07	0.00089966	0.00025785	0.01	0.053458	1.3153e-09	
7.1987e-05	0.0024532	3.8667e-06	2.7786e-08	2.7282e-05	0.00092398	0.00047276	0.00020343	9.9691e-07	0.00090215	0.00026049	0.01	0.053427	1.9228e-10	
7.2913e-05	0.002457	4.0344e-06	1.739e-08	2.8246e-05	0.00098433	0.00047804	0.00020547	1.0716e-06	0.00090464	0.00026313	0.01	0.053396	1.1067e-10	
7.3889e-05	0.002461	4.2368e-06	1.3033e-08	2.9208e-05	0.0010073	0.00047876	0.00020755	1.1446e-06	0.00090712	0.00026577	0.01	0.053364	1.6576e-10	
7.4916e-05	0.002465	4.4155e-06	6.1583e-09	3.0168e-05	0.0010273	0.00047974	0.00020967	1.216e-06	0.0009096	0.0002684	0.01	0.053333	1.0716e-09	
7.5923e-05	0.002469	4.7013e-06	3.7488e-09	3.1128e-05	0.0010358	0.00048062	0.00021177	1.2858e-06	0.00091207	0.00027103	0.01	0.053302	5.1794e-10	
7.6983e-05	0.0024732	5.0363e-06	2.6823e-09	3.2086e-05	0.0010376	0.00048177	0.00021392	1.354e-06	0.00091454	0.00027366	0.01	0.053271	1.1488e-09	
7.8098e-05	0.0024774	5.4384e-06	2.5123e-09	3.3043e-05	0.0010349	0.0004832	0.0002161	1.4206e-06	0.000917	0.00027628	0.01	0.05324	2.2534e-10	
7.9271e-05	0.0024818	5.9245e-06	2.8943e-09	3.3999e-05	0.001034	0.00048491	0.00021834	1.4856e-06	0.00091946	0.0002789	0.01	0.053209	8.9362e-11	
8.0503e-05	0.0024863	6.4898e-06	3.9877e-09	3.4954e-05	0.0010348	0.00048693	0.00022061	1.549e-06	0.00092191	0.00028152	0.01	0.053178	7.2501e-11	
8.1733e-05	0.0024908	6.7631e-06	7.6448e-09	3.5907e-05	0.0010395	0.00048895	0.00022289	1.6108e-06	0.00092436	0.00028414	0.01	0.053147	1.7274e-10	
8.2961e-05	0.0024953	7.0863e-06	1.4658e-08	3.686e-05	0.0010471	0.00049096	0.00022516	1.6709e-06	0.00092681	0.00028675	0.01	0.053116	6.9178e-10	
8.4188e-05	0.0024998	7.466e-06	2.8952e-08	3.7811e-05	0.0010483	0.00049296	0.00022743	1.7295e-06	0.00092925	0.00028936	0.01	0.053085	4.2331e-09	
8.5477e-05	0.0025045	7.9226e-06	5.9851e-08	3.8761e-05	0.001045	0.00049529	0.00022974	1.7864e-06	0.00093169	0.00029196	0.01	0.053055	4.8485e-09	
8.683e-05	0.0025092	8.4555e-06	1.1962e-07	3.9709e-05	0.0010435	0.00049795	0.0002321	1.8418e-06	0.00093412	0.00029457	0.01	0.053024	2.8677e-09	
8.8251e-05	0.0025141	9.076e-06	2.3534e-07	4.0657e-05	0.0010437	0.00050097	0.00023451	1.8955e-06	0.00093655	0.00029717	0.01	0.052993	4.4569e-09	
8.9743e-05	0.0025192	9.8039e-06	4.6125e-07	4.1532e-05	0.0010457	0.00050438	0.00023697	2.2205e-06	0.00093778	0.00029964	0.01	0.052962	3.5732e-09	
9.1308e-05	0.0025243	1.0654e-05	9.0031e-07	4.2331e-05	0.0010498	0.0005082	0.00023947	2.6408e-06	0.0009396	0.00030195	0.01	0.052931	6.7249e-09	
9.2845e-05	0.0025294	1.146e-05	1.2562e-06	4.3068e-05	0.0010531	0.00051187	0.00024196	3.0264e-06	0.00094123	0.00030414	0.01	0.0529	3.9828e-08	
9.4356e-05	0.0025345	1.2205e-05	1.5406e-06	4.3994e-05	0.0010557	0.0005154	0.00024442	3.5194e-06	0.00094342	0.00030668	0.01	0.052869	3.6017e-07	
9.5941e-05	0.0025397	1.3069e-05	2.0888e-06	4.5147e-05	0.0010603	0.00051935	0.00024693	4.1478e-06	0.00094619	0.00030958	0.01	0.052839	6.8019e-07	
