
Loaded 'libv3/all-terms.bf' from /usr/local/lib/hyphy/TemplateBatchFiles/libv3/all-terms.bf
Loaded 'libv3/UtilityFunctions.bf' from /usr/local/lib/hyphy/TemplateBatchFiles/libv3/UtilityFunctions.bf
Loaded 'IOFunctions.bf' from /usr/local/lib/hyphy/TemplateBatchFiles/libv3/IOFunctions.bf
Already loaded 'libv3/UtilityFunctions.bf' from /usr/local/lib/hyphy/TemplateBatchFiles/libv3/UtilityFunctions.bf
Loaded 'convenience/regexp.bf' from /usr/local/lib/hyphy/TemplateBatchFiles/libv3/convenience/regexp.bf
Already loaded 'libv3/all-terms.bf' from /usr/local/lib/hyphy/TemplateBatchFiles/libv3/all-terms.bf
Already loaded 'libv3/IOFunctions.bf' from /usr/local/lib/hyphy/TemplateBatchFiles/libv3/IOFunctions.bf
Loaded 'libv3/models/codon/MG_REV.bf' from /usr/local/lib/hyphy/TemplateBatchFiles/libv3/models/codon/MG_REV.bf
Loaded '../codon.bf' from /usr/local/lib/hyphy/TemplateBatchFiles/libv3/models/codon.bf
Loaded '../tasks/genetic_code.bf' from /usr/local/lib/hyphy/TemplateBatchFiles/libv3/tasks/genetic_code.bf
Loaded 'libv3/convenience/matrix.bf' from /usr/local/lib/hyphy/TemplateBatchFiles/libv3/convenience/matrix.bf
Already loaded 'libv3/UtilityFunctions.bf' from /usr/local/lib/hyphy/TemplateBatchFiles/libv3/UtilityFunctions.bf
Already loaded 'libv3/all-terms.bf' from /usr/local/lib/hyphy/TemplateBatchFiles/libv3/all-terms.bf
Already loaded '../UtilityFunctions.bf' from /usr/local/lib/hyphy/TemplateBatchFiles/libv3/UtilityFunctions.bf
Loaded '../DNA.bf' from /usr/local/lib/hyphy/TemplateBatchFiles/libv3/models/DNA.bf
Loaded 'frequencies.bf' from /usr/local/lib/hyphy/TemplateBatchFiles/libv3/models/frequencies.bf
Already loaded '../all-terms.bf' from /usr/local/lib/hyphy/TemplateBatchFiles/libv3/all-terms.bf
Loaded 'parameters.bf' from /usr/local/lib/hyphy/TemplateBatchFiles/libv3/models/parameters.bf
Loaded 'GrabBag' from /usr/local/lib/hyphy/TemplateBatchFiles/Utility/GrabBag.bf
Overwritten previously defined function:'_sortStringsAux'
Already loaded 'libv3/all-terms.bf' from /usr/local/lib/hyphy/TemplateBatchFiles/libv3/all-terms.bf
Already loaded '../UtilityFunctions.bf' from /usr/local/lib/hyphy/TemplateBatchFiles/libv3/UtilityFunctions.bf
Loaded 'model_functions.bf' from /usr/local/lib/hyphy/TemplateBatchFiles/libv3/models/model_functions.bf
Already loaded 'DNA.bf' from /usr/local/lib/hyphy/TemplateBatchFiles/libv3/models/DNA.bf
Already loaded 'parameters.bf' from /usr/local/lib/hyphy/TemplateBatchFiles/libv3/models/parameters.bf
Already loaded 'frequencies.bf' from /usr/local/lib/hyphy/TemplateBatchFiles/libv3/models/frequencies.bf
Already loaded '../UtilityFunctions.bf' from /usr/local/lib/hyphy/TemplateBatchFiles/libv3/UtilityFunctions.bf
Already loaded '../convenience/regexp.bf' from /usr/local/lib/hyphy/TemplateBatchFiles/libv3/convenience/regexp.bf
Already loaded 'libv3/all-terms.bf' from /usr/local/lib/hyphy/TemplateBatchFiles/libv3/all-terms.bf
Already loaded '../parameters.bf' from /usr/local/lib/hyphy/TemplateBatchFiles/libv3/models/parameters.bf
Already loaded '../frequencies.bf' from /usr/local/lib/hyphy/TemplateBatchFiles/libv3/models/frequencies.bf
Already loaded '../../UtilityFunctions.bf' from /usr/local/lib/hyphy/TemplateBatchFiles/libv3/UtilityFunctions.bf
Loaded 'libv3/tasks/estimators.bf' from /usr/local/lib/hyphy/TemplateBatchFiles/libv3/tasks/estimators.bf
Already loaded '../models/model_functions.bf' from /usr/local/lib/hyphy/TemplateBatchFiles/libv3/models/model_functions.bf
Loaded '../models/DNA/GTR.bf' from /usr/local/lib/hyphy/TemplateBatchFiles/libv3/models/DNA/GTR.bf
Already loaded '../DNA.bf' from /usr/local/lib/hyphy/TemplateBatchFiles/libv3/models/DNA.bf
Already loaded '../parameters.bf' from /usr/local/lib/hyphy/TemplateBatchFiles/libv3/models/parameters.bf
Already loaded '../frequencies.bf' from /usr/local/lib/hyphy/TemplateBatchFiles/libv3/models/frequencies.bf
Already loaded '../../UtilityFunctions.bf' from /usr/local/lib/hyphy/TemplateBatchFiles/libv3/UtilityFunctions.bf
Already loaded 'libv3/all-terms.bf' from /usr/local/lib/hyphy/TemplateBatchFiles/libv3/all-terms.bf
Already loaded '../convenience/regexp.bf' from /usr/local/lib/hyphy/TemplateBatchFiles/libv3/convenience/regexp.bf
Already loaded 'libv3/all-terms.bf' from /usr/local/lib/hyphy/TemplateBatchFiles/libv3/all-terms.bf
Loaded 'libv3/tasks/alignments.bf' from /usr/local/lib/hyphy/TemplateBatchFiles/libv3/tasks/alignments.bf
Already loaded '../IOFunctions.bf' from /usr/local/lib/hyphy/TemplateBatchFiles/libv3/IOFunctions.bf
Already loaded '../all-terms.bf' from /usr/local/lib/hyphy/TemplateBatchFiles/libv3/all-terms.bf
Loaded 'libv3/tasks/trees.bf' from /usr/local/lib/hyphy/TemplateBatchFiles/libv3/tasks/trees.bf
Already loaded '../IOFunctions.bf' from /usr/local/lib/hyphy/TemplateBatchFiles/libv3/IOFunctions.bf
Already loaded '../all-terms.bf' from /usr/local/lib/hyphy/TemplateBatchFiles/libv3/all-terms.bf
Already loaded '../convenience/regexp.bf' from /usr/local/lib/hyphy/TemplateBatchFiles/libv3/convenience/regexp.bf
Already loaded '../UtilityFunctions.bf' from /usr/local/lib/hyphy/TemplateBatchFiles/libv3/UtilityFunctions.bf
Loaded 'TreeTools' from /usr/local/lib/hyphy/TemplateBatchFiles/TreeTools.ibf
Loaded 'modules/io_functions.ibf' from /usr/local/lib/hyphy/TemplateBatchFiles/SelectionAnalyses/modules/io_functions.ibf
Already loaded 'libv3/UtilityFunctions.bf' from /usr/local/lib/hyphy/TemplateBatchFiles/libv3/UtilityFunctions.bf
Already loaded 'libv3/IOFunctions.bf' from /usr/local/lib/hyphy/TemplateBatchFiles/libv3/IOFunctions.bf
Already loaded 'libv3/convenience/regexp.bf' from /usr/local/lib/hyphy/TemplateBatchFiles/libv3/convenience/regexp.bf
Already loaded 'libv3/all-terms.bf' from /usr/local/lib/hyphy/TemplateBatchFiles/libv3/all-terms.bf
Loaded 'modules/selection_lib.ibf' from /usr/local/lib/hyphy/TemplateBatchFiles/SelectionAnalyses/modules/selection_lib.ibf
Loaded 'libv3/models/codon/BS_REL.bf' from /usr/local/lib/hyphy/TemplateBatchFiles/libv3/models/codon/BS_REL.bf
Already loaded '../codon.bf' from /usr/local/lib/hyphy/TemplateBatchFiles/libv3/models/codon.bf
Already loaded '../DNA.bf' from /usr/local/lib/hyphy/TemplateBatchFiles/libv3/models/DNA.bf
Already loaded '../parameters.bf' from /usr/local/lib/hyphy/TemplateBatchFiles/libv3/models/parameters.bf
Already loaded '../frequencies.bf' from /usr/local/lib/hyphy/TemplateBatchFiles/libv3/models/frequencies.bf
Already loaded '../../UtilityFunctions.bf' from /usr/local/lib/hyphy/TemplateBatchFiles/libv3/UtilityFunctions.bf
Already loaded 'MG_REV.bf' from /usr/local/lib/hyphy/TemplateBatchFiles/libv3/models/codon/MG_REV.bf
Loaded '../../convenience/math.bf' from /usr/local/lib/hyphy/TemplateBatchFiles/libv3/convenience/math.bf
Already loaded 'libv3/UtilityFunctions.bf' from /usr/local/lib/hyphy/TemplateBatchFiles/libv3/UtilityFunctions.bf
Already loaded 'libv3/convenience/math.bf' from /usr/local/lib/hyphy/TemplateBatchFiles/libv3/convenience/math.bf
Loaded 'libv3/tasks/mpi.bf' from /usr/local/lib/hyphy/TemplateBatchFiles/libv3/tasks/mpi.bf
Already loaded '../all-terms.bf' from /usr/local/lib/hyphy/TemplateBatchFiles/libv3/all-terms.bf
Already loaded '../models/parameters.bf' from /usr/local/lib/hyphy/TemplateBatchFiles/libv3/models/parameters.bf
Variable 'NORMALIZE_SEQUENCE_NAMES' was not initialized prior to being used
Variable 'ASSUME_REVERSIBLE_MODELS' was not initialized prior to being used
Loaded 'modules/shared-load-file.bf' from /usr/local/lib/hyphy/TemplateBatchFiles/SelectionAnalyses/modules/shared-load-file.bf
Variable 'MARKDOWN_OUTPUT' was not initialized prior to being used
Already loaded 'libv3/convenience/matrix.bf' from /usr/local/lib/hyphy/TemplateBatchFiles/libv3/convenience/matrix.bf
Already loaded 'libv3/UtilityFunctions.bf' from /usr/local/lib/hyphy/TemplateBatchFiles/libv3/UtilityFunctions.bf
Variable 'cmnhaypX.skipCodeSelectionStep' was not initialized prior to being used
Row and/or column partition is empty. All the data will be used by default.
Variable 'NEXUS_FILE_TREE_MATRIX' was not initialized prior to being used
Variable 'utility.ToggleEnvVariable.cache' was not initialized prior to being used
Variable 'TREE_NODE_NAME_MAPPING' was not initialized prior to being used
Variable 'pmmVcmUS.PROMPT_FOR_FILE' was not initialized prior to being used
Variable 'END_OF_FILE' was not initialized prior to being used
Variable '_DO_TREE_REBALANCE_' was not initialized prior to being used
Variable '_KEEP_I_LABELS_' was not initialized prior to being used
Rooted topology. Removing one branch - the left root child has been promoted to be the new root
Variable 'INCLUDE_MODEL_SPECS' was not initialized prior to being used
Variable 'utility.ForEachPair.warn_non_rentrant' was not initialized prior to being used
Row and/or column partition is empty. All the data will be used by default.
Row and/or column partition is empty. All the data will be used by default.
Loaded 'modules/grid_compute.ibf' from /usr/local/lib/hyphy/TemplateBatchFiles/SelectionAnalyses/modules/grid_compute.ibf
Variable 'rzsCxFXf.cache' was not initialized prior to being used
Row and/or column partition is empty. All the data will be used by default.
Variable 'COUNT_GAPS_IN_FREQUENCIES' was not initialized prior to being used
Variable 'pJkhhMRi.model_pi' was not initialized prior to being used
Model pJkhhMRi.model assigned to Oryctolagus_cuniculus
Model pJkhhMRi.model assigned to Ochotona_princeps
Model pJkhhMRi.model assigned to Node2
Model pJkhhMRi.model assigned to Heterocephalus_glaber
Model pJkhhMRi.model assigned to Octodon_degus
Model pJkhhMRi.model assigned to Chinchilla_lanigera
Model pJkhhMRi.model assigned to Node8
Model pJkhhMRi.model assigned to Node6
Model pJkhhMRi.model assigned to Rattus_norvegicus
Model pJkhhMRi.model assigned to Mus_musculus
Model pJkhhMRi.model assigned to Mus_caroli
Model pJkhhMRi.model assigned to Node18
Model pJkhhMRi.model assigned to Mus_pahari
Model pJkhhMRi.model assigned to Node17
Model pJkhhMRi.model assigned to Node15
Model pJkhhMRi.model assigned to Cricetulus_griseus
Model pJkhhMRi.model assigned to Peromyscus_maniculatus
Model pJkhhMRi.model assigned to Peromyscus_leucopus
Model pJkhhMRi.model assigned to Node24
Model pJkhhMRi.model assigned to Node22
Model pJkhhMRi.model assigned to Node14
Model pJkhhMRi.model assigned to Nannospalax_galili
Model pJkhhMRi.model assigned to Node13
Model pJkhhMRi.model assigned to Jaculus_jaculus
Model pJkhhMRi.model assigned to Node12
Model pJkhhMRi.model assigned to Ictidomys_tridecemlineatus
Model pJkhhMRi.model assigned to Node11
Model pJkhhMRi.model assigned to Node5
Model pJkhhMRi.model assigned to Propithecus_coquereli
Model pJkhhMRi.model assigned to Microcebus_murinus
Model pJkhhMRi.model assigned to Node32
Model pJkhhMRi.model assigned to Aotus_nancymaae
Model pJkhhMRi.model assigned to Saimiri_boliviensis
Model pJkhhMRi.model assigned to Node37
Model pJkhhMRi.model assigned to Mandrillus_leucophaeus
Model pJkhhMRi.model assigned to Cercocebus_atys
Model pJkhhMRi.model assigned to Node45
Model pJkhhMRi.model assigned to Papio_anubis
Model pJkhhMRi.model assigned to Node44
Model pJkhhMRi.model assigned to Macaca_mulatta
Model pJkhhMRi.model assigned to Macaca_fascicularis
Model pJkhhMRi.model assigned to Node49
Model pJkhhMRi.model assigned to Node43
Model pJkhhMRi.model assigned to Chlorocebus_sabaeus
Model pJkhhMRi.model assigned to Node42
Model pJkhhMRi.model assigned to Rhinopithecus_roxellana
Model pJkhhMRi.model assigned to Colobus_angolensis
Model pJkhhMRi.model assigned to Node53
Model pJkhhMRi.model assigned to Node41
Model pJkhhMRi.model assigned to Gorilla_gorilla
Model pJkhhMRi.model assigned to Homo_sapiens
Model pJkhhMRi.model assigned to Node57
Model pJkhhMRi.model assigned to Pongo_abelii
Model pJkhhMRi.model assigned to Node56
Model pJkhhMRi.model assigned to Node40
Model pJkhhMRi.model assigned to Node36
Model pJkhhMRi.model assigned to Carlito_syrichta
Model pJkhhMRi.model assigned to Node35
Model pJkhhMRi.model assigned to Node31
Model pJkhhMRi.model assigned to Tupaia_glis
Model pJkhhMRi.model assigned to Node30
The tips of the tree:pJkhhMRi.tree_0 were matched with the species names from the data in the following numeric order (0-based) {15,16,13,12,11,5,2,3,4,8,6,7,10,9,14,0,1,30,29,25,23,24,21,22,20,19,18,27,26,28,31,17}

Pseudo-optimal path's cost 28951 vs 71805 for 1..k=> a 2.48023 x improvement
Partition 0 is ASSUMED to have a reversible model
Variable 'USE_LAST_RESULTS' was not initialized prior to being used
Variable 'pJkhhMRi.tree_0.Oryctolagus_cuniculus.t' was not initialized prior to being used
models.generic.SetBranchLength: pJkhhMRi.tree_0.Oryctolagus_cuniculus.t=136.1193595700364
Variable 'pJkhhMRi.tree_0.Ochotona_princeps.t' was not initialized prior to being used
models.generic.SetBranchLength: pJkhhMRi.tree_0.Ochotona_princeps.t=136.1193595700364
Variable 'pJkhhMRi.tree_0.Node2.t' was not initialized prior to being used
models.generic.SetBranchLength: pJkhhMRi.tree_0.Node2.t=81.28899053393559
Variable 'pJkhhMRi.tree_0.Heterocephalus_glaber.t' was not initialized prior to being used
models.generic.SetBranchLength: pJkhhMRi.tree_0.Heterocephalus_glaber.t=114.7601945433787
Variable 'pJkhhMRi.tree_0.Octodon_degus.t' was not initialized prior to being used
models.generic.SetBranchLength: pJkhhMRi.tree_0.Octodon_degus.t=86.96081267160211
Variable 'pJkhhMRi.tree_0.Chinchilla_lanigera.t' was not initialized prior to being used
models.generic.SetBranchLength: pJkhhMRi.tree_0.Chinchilla_lanigera.t=86.96081267160211
Variable 'pJkhhMRi.tree_0.Node8.t' was not initialized prior to being used
models.generic.SetBranchLength: pJkhhMRi.tree_0.Node8.t=27.79938187177664
Variable 'pJkhhMRi.tree_0.Node6.t' was not initialized prior to being used
models.generic.SetBranchLength: pJkhhMRi.tree_0.Node6.t=78.12817635367077
Variable 'pJkhhMRi.tree_0.Rattus_norvegicus.t' was not initialized prior to being used
models.generic.SetBranchLength: pJkhhMRi.tree_0.Rattus_norvegicus.t=55.28432905733329
Variable 'pJkhhMRi.tree_0.Mus_musculus.t' was not initialized prior to being used
models.generic.SetBranchLength: pJkhhMRi.tree_0.Mus_musculus.t=19.61949144568397
Variable 'pJkhhMRi.tree_0.Mus_caroli.t' was not initialized prior to being used
models.generic.SetBranchLength: pJkhhMRi.tree_0.Mus_caroli.t=19.61949144568397
Variable 'pJkhhMRi.tree_0.Node18.t' was not initialized prior to being used
models.generic.SetBranchLength: pJkhhMRi.tree_0.Node18.t=2.324474333611113
Variable 'pJkhhMRi.tree_0.Mus_pahari.t' was not initialized prior to being used
models.generic.SetBranchLength: pJkhhMRi.tree_0.Mus_pahari.t=21.94396577929509
Variable 'pJkhhMRi.tree_0.Node17.t' was not initialized prior to being used
models.generic.SetBranchLength: pJkhhMRi.tree_0.Node17.t=33.3403632780382
Variable 'pJkhhMRi.tree_0.Node15.t' was not initialized prior to being used
models.generic.SetBranchLength: pJkhhMRi.tree_0.Node15.t=31.16899748437112
Variable 'pJkhhMRi.tree_0.Cricetulus_griseus.t' was not initialized prior to being used
models.generic.SetBranchLength: pJkhhMRi.tree_0.Cricetulus_griseus.t=76.22716807733245
Variable 'pJkhhMRi.tree_0.Peromyscus_maniculatus.t' was not initialized prior to being used
models.generic.SetBranchLength: pJkhhMRi.tree_0.Peromyscus_maniculatus.t=21.13088562073728
Variable 'pJkhhMRi.tree_0.Peromyscus_leucopus.t' was not initialized prior to being used
models.generic.SetBranchLength: pJkhhMRi.tree_0.Peromyscus_leucopus.t=21.13088562073728
Variable 'pJkhhMRi.tree_0.Node24.t' was not initialized prior to being used
models.generic.SetBranchLength: pJkhhMRi.tree_0.Node24.t=55.09628245659518
Variable 'pJkhhMRi.tree_0.Node22.t' was not initialized prior to being used
models.generic.SetBranchLength: pJkhhMRi.tree_0.Node22.t=10.2261584908397
Variable 'pJkhhMRi.tree_0.Node14.t' was not initialized prior to being used
models.generic.SetBranchLength: pJkhhMRi.tree_0.Node14.t=33.36407627957425
Variable 'pJkhhMRi.tree_0.Nannospalax_galili.t' was not initialized prior to being used
models.generic.SetBranchLength: pJkhhMRi.tree_0.Nannospalax_galili.t=119.8174028477464
Variable 'pJkhhMRi.tree_0.Node13.t' was not initialized prior to being used
models.generic.SetBranchLength: pJkhhMRi.tree_0.Node13.t=25.23228993426862
Variable 'pJkhhMRi.tree_0.Jaculus_jaculus.t' was not initialized prior to being used
models.generic.SetBranchLength: pJkhhMRi.tree_0.Jaculus_jaculus.t=145.0496927820151
Variable 'pJkhhMRi.tree_0.Node12.t' was not initialized prior to being used
models.generic.SetBranchLength: pJkhhMRi.tree_0.Node12.t=41.66697649834358
Variable 'pJkhhMRi.tree_0.Ictidomys_tridecemlineatus.t' was not initialized prior to being used
models.generic.SetBranchLength: pJkhhMRi.tree_0.Ictidomys_tridecemlineatus.t=186.7166692803586
Variable 'pJkhhMRi.tree_0.Node11.t' was not initialized prior to being used
models.generic.SetBranchLength: pJkhhMRi.tree_0.Node11.t=6.171701590223124
Variable 'pJkhhMRi.tree_0.Node5.t' was not initialized prior to being used
models.generic.SetBranchLength: pJkhhMRi.tree_0.Node5.t=24.51997920692248
Variable 'pJkhhMRi.tree_0.Propithecus_coquereli.t' was not initialized prior to being used
models.generic.SetBranchLength: pJkhhMRi.tree_0.Propithecus_coquereli.t=100.0022065383059
Variable 'pJkhhMRi.tree_0.Microcebus_murinus.t' was not initialized prior to being used
models.generic.SetBranchLength: pJkhhMRi.tree_0.Microcebus_murinus.t=100.0022065383059
Variable 'pJkhhMRi.tree_0.Node32.t' was not initialized prior to being used
models.generic.SetBranchLength: pJkhhMRi.tree_0.Node32.t=95.42756276466939
Variable 'pJkhhMRi.tree_0.Aotus_nancymaae.t' was not initialized prior to being used
models.generic.SetBranchLength: pJkhhMRi.tree_0.Aotus_nancymaae.t=52.09136122533055
Variable 'pJkhhMRi.tree_0.Saimiri_boliviensis.t' was not initialized prior to being used
models.generic.SetBranchLength: pJkhhMRi.tree_0.Saimiri_boliviensis.t=52.09136122533055
Variable 'pJkhhMRi.tree_0.Node37.t' was not initialized prior to being used
models.generic.SetBranchLength: pJkhhMRi.tree_0.Node37.t=62.1204831796681
Variable 'pJkhhMRi.tree_0.Mandrillus_leucophaeus.t' was not initialized prior to being used
models.generic.SetBranchLength: pJkhhMRi.tree_0.Mandrillus_leucophaeus.t=12.14968903682606
Variable 'pJkhhMRi.tree_0.Cercocebus_atys.t' was not initialized prior to being used
models.generic.SetBranchLength: pJkhhMRi.tree_0.Cercocebus_atys.t=12.14968903682606
Variable 'pJkhhMRi.tree_0.Node45.t' was not initialized prior to being used
models.generic.SetBranchLength: pJkhhMRi.tree_0.Node45.t=20.67034166313653
Variable 'pJkhhMRi.tree_0.Papio_anubis.t' was not initialized prior to being used
models.generic.SetBranchLength: pJkhhMRi.tree_0.Papio_anubis.t=32.82003069996259
Variable 'pJkhhMRi.tree_0.Node44.t' was not initialized prior to being used
models.generic.SetBranchLength: pJkhhMRi.tree_0.Node44.t=2.646776669351821e-10
Variable 'pJkhhMRi.tree_0.Macaca_mulatta.t' was not initialized prior to being used
models.generic.SetBranchLength: pJkhhMRi.tree_0.Macaca_mulatta.t=9.756112631463742
Variable 'pJkhhMRi.tree_0.Macaca_fascicularis.t' was not initialized prior to being used
models.generic.SetBranchLength: pJkhhMRi.tree_0.Macaca_fascicularis.t=9.756112631463742
Variable 'pJkhhMRi.tree_0.Node49.t' was not initialized prior to being used
models.generic.SetBranchLength: pJkhhMRi.tree_0.Node49.t=23.06391806849885
Variable 'pJkhhMRi.tree_0.Node43.t' was not initialized prior to being used
models.generic.SetBranchLength: pJkhhMRi.tree_0.Node43.t=3.572012586481773
Variable 'pJkhhMRi.tree_0.Chlorocebus_sabaeus.t' was not initialized prior to being used
models.generic.SetBranchLength: pJkhhMRi.tree_0.Chlorocebus_sabaeus.t=36.39204328644436
Variable 'pJkhhMRi.tree_0.Node42.t' was not initialized prior to being used
models.generic.SetBranchLength: pJkhhMRi.tree_0.Node42.t=15.0144598703
Variable 'pJkhhMRi.tree_0.Rhinopithecus_roxellana.t' was not initialized prior to being used
models.generic.SetBranchLength: pJkhhMRi.tree_0.Rhinopithecus_roxellana.t=37.11494890199132
Variable 'pJkhhMRi.tree_0.Colobus_angolensis.t' was not initialized prior to being used
models.generic.SetBranchLength: pJkhhMRi.tree_0.Colobus_angolensis.t=37.11494890199132
Variable 'pJkhhMRi.tree_0.Node53.t' was not initialized prior to being used
models.generic.SetBranchLength: pJkhhMRi.tree_0.Node53.t=14.29155425475305
Variable 'pJkhhMRi.tree_0.Node41.t' was not initialized prior to being used
models.generic.SetBranchLength: pJkhhMRi.tree_0.Node41.t=26.51869604959318
Variable 'pJkhhMRi.tree_0.Gorilla_gorilla.t' was not initialized prior to being used
models.generic.SetBranchLength: pJkhhMRi.tree_0.Gorilla_gorilla.t=23.98798977444302
Variable 'pJkhhMRi.tree_0.Homo_sapiens.t' was not initialized prior to being used
models.generic.SetBranchLength: pJkhhMRi.tree_0.Homo_sapiens.t=23.98798977444302
Variable 'pJkhhMRi.tree_0.Node57.t' was not initialized prior to being used
models.generic.SetBranchLength: pJkhhMRi.tree_0.Node57.t=17.73094223529024
Variable 'pJkhhMRi.tree_0.Pongo_abelii.t' was not initialized prior to being used
models.generic.SetBranchLength: pJkhhMRi.tree_0.Pongo_abelii.t=41.71893200973325
Variable 'pJkhhMRi.tree_0.Node56.t' was not initialized prior to being used
models.generic.SetBranchLength: pJkhhMRi.tree_0.Node56.t=36.20626722307205
Variable 'pJkhhMRi.tree_0.Node40.t' was not initialized prior to being used
models.generic.SetBranchLength: pJkhhMRi.tree_0.Node40.t=36.28664519866111
Variable 'pJkhhMRi.tree_0.Node36.t' was not initialized prior to being used
models.generic.SetBranchLength: pJkhhMRi.tree_0.Node36.t=63.28378448303356
Variable 'pJkhhMRi.tree_0.Carlito_syrichta.t' was not initialized prior to being used
models.generic.SetBranchLength: pJkhhMRi.tree_0.Carlito_syrichta.t=177.4956289145
Variable 'pJkhhMRi.tree_0.Node35.t' was not initialized prior to being used
models.generic.SetBranchLength: pJkhhMRi.tree_0.Node35.t=17.93414038847535
Variable 'pJkhhMRi.tree_0.Node31.t' was not initialized prior to being used
models.generic.SetBranchLength: pJkhhMRi.tree_0.Node31.t=21.87643692512838
Variable 'pJkhhMRi.tree_0.Tupaia_glis.t' was not initialized prior to being used
models.generic.SetBranchLength: pJkhhMRi.tree_0.Tupaia_glis.t=217.3062062016359
Variable 'pJkhhMRi.tree_0.Node30.t' was not initialized prior to being used
models.generic.SetBranchLength: pJkhhMRi.tree_0.Node30.t=20.43571062843609
Variable 'pJkhhMRi.pJkhhMRi.likelihoodFunction' was not initialized prior to being used
Variable 'SAVE_OPT_STATUS_TO' was not initialized prior to being used
Auto-benchmarked an optimal number (1) of threads.
Set GUI update interval to every 282-th LF evaluation.
Optimization settings:
	OPTIMIZATION_METHOD = 4
	OPTIMIZATION_PRECISION = 0.001
	MAXIMUM_ITERATIONS_PER_VARIABLE = 5000

Initial parameter values

pJkhhMRi.model.theta_GT = 0.25
pJkhhMRi.model.theta_CT = 1
pJkhhMRi.model.theta_AC = 0.25
pJkhhMRi.model.theta_CG = 0.25
pJkhhMRi.model.theta_AT = 0.25
pJkhhMRi.tree_0.Oryctolagus_cuniculus.t = 136.119
pJkhhMRi.tree_0.Ochotona_princeps.t = 136.119
pJkhhMRi.tree_0.Node2.t = 81.289
pJkhhMRi.tree_0.Heterocephalus_glaber.t = 114.76
pJkhhMRi.tree_0.Octodon_degus.t = 86.9608
pJkhhMRi.tree_0.Chinchilla_lanigera.t = 86.9608
pJkhhMRi.tree_0.Node8.t = 27.7994
pJkhhMRi.tree_0.Node6.t = 78.1282
pJkhhMRi.tree_0.Rattus_norvegicus.t = 55.2843
pJkhhMRi.tree_0.Mus_musculus.t = 19.6195
pJkhhMRi.tree_0.Mus_caroli.t = 19.6195
pJkhhMRi.tree_0.Node18.t = 2.32447
pJkhhMRi.tree_0.Mus_pahari.t = 21.944
pJkhhMRi.tree_0.Node17.t = 33.3404
pJkhhMRi.tree_0.Node15.t = 31.169
pJkhhMRi.tree_0.Cricetulus_griseus.t = 76.2272
pJkhhMRi.tree_0.Peromyscus_maniculatus.t = 21.1309
pJkhhMRi.tree_0.Peromyscus_leucopus.t = 21.1309
pJkhhMRi.tree_0.Node24.t = 55.0963
pJkhhMRi.tree_0.Node22.t = 10.2262
pJkhhMRi.tree_0.Node14.t = 33.3641
pJkhhMRi.tree_0.Nannospalax_galili.t = 119.817
pJkhhMRi.tree_0.Node13.t = 25.2323
pJkhhMRi.tree_0.Jaculus_jaculus.t = 145.05
pJkhhMRi.tree_0.Node12.t = 41.667
pJkhhMRi.tree_0.Ictidomys_tridecemlineatus.t = 186.717
pJkhhMRi.tree_0.Node11.t = 6.1717
pJkhhMRi.tree_0.Node5.t = 24.52
pJkhhMRi.tree_0.Propithecus_coquereli.t = 100.002
pJkhhMRi.tree_0.Microcebus_murinus.t = 100.002
pJkhhMRi.tree_0.Node32.t = 95.4276
pJkhhMRi.tree_0.Aotus_nancymaae.t = 52.0914
pJkhhMRi.tree_0.Saimiri_boliviensis.t = 52.0914
pJkhhMRi.tree_0.Node37.t = 62.1205
pJkhhMRi.tree_0.Mandrillus_leucophaeus.t = 12.1497
pJkhhMRi.tree_0.Cercocebus_atys.t = 12.1497
pJkhhMRi.tree_0.Node45.t = 20.6703
pJkhhMRi.tree_0.Papio_anubis.t = 32.82
pJkhhMRi.tree_0.Node44.t = 2.64678e-10
pJkhhMRi.tree_0.Macaca_mulatta.t = 9.75611
pJkhhMRi.tree_0.Macaca_fascicularis.t = 9.75611
pJkhhMRi.tree_0.Node49.t = 23.0639
pJkhhMRi.tree_0.Node43.t = 3.57201
pJkhhMRi.tree_0.Chlorocebus_sabaeus.t = 36.392
pJkhhMRi.tree_0.Node42.t = 15.0145
pJkhhMRi.tree_0.Rhinopithecus_roxellana.t = 37.1149
pJkhhMRi.tree_0.Colobus_angolensis.t = 37.1149
pJkhhMRi.tree_0.Node53.t = 14.2916
pJkhhMRi.tree_0.Node41.t = 26.5187
pJkhhMRi.tree_0.Gorilla_gorilla.t = 23.988
pJkhhMRi.tree_0.Homo_sapiens.t = 23.988
pJkhhMRi.tree_0.Node57.t = 17.7309
pJkhhMRi.tree_0.Pongo_abelii.t = 41.7189
pJkhhMRi.tree_0.Node56.t = 36.2063
pJkhhMRi.tree_0.Node40.t = 36.2866
pJkhhMRi.tree_0.Node36.t = 63.2838
pJkhhMRi.tree_0.Carlito_syrichta.t = 177.496
pJkhhMRi.tree_0.Node35.t = 17.9341
pJkhhMRi.tree_0.Node31.t = 21.8764
pJkhhMRi.tree_0.Tupaia_glis.t = 217.306
pJkhhMRi.tree_0.Node30.t = 20.4357
Optimization finished in 41 loop passes.
6746 likelihood evaluation calls and 59089 matrix exponentiations calls were made

Variable 'BRANCH_LENGTH_STENCIL' was not initialized prior to being used
Variable 'pJkhhMRi.option' was not initialized prior to being used
Variable 'relax.terms.json.nucleotide_gtr' was not initialized prior to being used
Variable 'Unknown' was not initialized prior to being used
Variable 'K_boFhct.initial_value' was not initialized prior to being used
Variable 'izAPQfZo.data_filter' was not initialized prior to being used
Row and/or column partition is empty. All the data will be used by default.
Auto-benchmarked an optimal number (3) of threads.
Set GUI update interval to every 3030-th LF evaluation.
Optimization settings:
	OPTIMIZATION_METHOD = 4
	OPTIMIZATION_PRECISION = 0.001
	MAXIMUM_ITERATIONS_PER_VARIABLE = 5000

Initial parameter values

frequencies._aux.CF3x4.p0_0 = 0.318532
frequencies._aux.CF3x4.p0_1 = 0.319939
frequencies._aux.CF3x4.p0_2 = 0.768424
frequencies._aux.CF3x4.p1_0 = 0.441418
frequencies._aux.CF3x4.p1_1 = 0.332922
frequencies._aux.CF3x4.p1_2 = 0.325013
frequencies._aux.CF3x4.p2_0 = 0.182322
frequencies._aux.CF3x4.p2_1 = 0.32937
frequencies._aux.CF3x4.p2_2 = 0.654904
Optimization finished in 7 loop passes.
314 likelihood evaluation calls and 0 matrix exponentiations calls were made

Variable 'izAPQfZo.model_MGREV_pi' was not initialized prior to being used
Model izAPQfZo.model_MGREV assigned to Oryctolagus_cuniculus
Model izAPQfZo.model_MGREV assigned to Ochotona_princeps
Model izAPQfZo.model_MGREV assigned to Node2
Model izAPQfZo.model_MGREV assigned to Heterocephalus_glaber
Model izAPQfZo.model_MGREV assigned to Octodon_degus
Model izAPQfZo.model_MGREV assigned to Chinchilla_lanigera
Model izAPQfZo.model_MGREV assigned to Node8
Model izAPQfZo.model_MGREV assigned to Node6
Model izAPQfZo.model_MGREV assigned to Rattus_norvegicus
Model izAPQfZo.model_MGREV assigned to Mus_musculus
Model izAPQfZo.model_MGREV assigned to Mus_caroli
Model izAPQfZo.model_MGREV assigned to Node18
Model izAPQfZo.model_MGREV assigned to Mus_pahari
Model izAPQfZo.model_MGREV assigned to Node17
Model izAPQfZo.model_MGREV assigned to Node15
Model izAPQfZo.model_MGREV assigned to Cricetulus_griseus
Model izAPQfZo.model_MGREV assigned to Peromyscus_maniculatus
Model izAPQfZo.model_MGREV assigned to Peromyscus_leucopus
Model izAPQfZo.model_MGREV assigned to Node24
Model izAPQfZo.model_MGREV assigned to Node22
Model izAPQfZo.model_MGREV assigned to Node14
Model izAPQfZo.model_MGREV assigned to Nannospalax_galili
Model izAPQfZo.model_MGREV assigned to Node13
Model izAPQfZo.model_MGREV assigned to Jaculus_jaculus
Model izAPQfZo.model_MGREV assigned to Node12
Model izAPQfZo.model_MGREV assigned to Ictidomys_tridecemlineatus
Model izAPQfZo.model_MGREV assigned to Node11
Model izAPQfZo.model_MGREV assigned to Node5
Model izAPQfZo.model_MGREV assigned to Propithecus_coquereli
Model izAPQfZo.model_MGREV assigned to Microcebus_murinus
Model izAPQfZo.model_MGREV assigned to Node32
Model izAPQfZo.model_MGREV assigned to Aotus_nancymaae
Model izAPQfZo.model_MGREV assigned to Saimiri_boliviensis
Model izAPQfZo.model_MGREV assigned to Node37
Model izAPQfZo.model_MGREV assigned to Mandrillus_leucophaeus
Model izAPQfZo.model_MGREV assigned to Cercocebus_atys
Model izAPQfZo.model_MGREV assigned to Node45
Model izAPQfZo.model_MGREV assigned to Papio_anubis
Model izAPQfZo.model_MGREV assigned to Node44
Model izAPQfZo.model_MGREV assigned to Macaca_mulatta
Model izAPQfZo.model_MGREV assigned to Macaca_fascicularis
Model izAPQfZo.model_MGREV assigned to Node49
Model izAPQfZo.model_MGREV assigned to Node43
Model izAPQfZo.model_MGREV assigned to Chlorocebus_sabaeus
Model izAPQfZo.model_MGREV assigned to Node42
Model izAPQfZo.model_MGREV assigned to Rhinopithecus_roxellana
Model izAPQfZo.model_MGREV assigned to Colobus_angolensis
Model izAPQfZo.model_MGREV assigned to Node53
Model izAPQfZo.model_MGREV assigned to Node41
Model izAPQfZo.model_MGREV assigned to Gorilla_gorilla
Model izAPQfZo.model_MGREV assigned to Homo_sapiens
Model izAPQfZo.model_MGREV assigned to Node57
Model izAPQfZo.model_MGREV assigned to Pongo_abelii
Model izAPQfZo.model_MGREV assigned to Node56
Model izAPQfZo.model_MGREV assigned to Node40
Model izAPQfZo.model_MGREV assigned to Node36
Model izAPQfZo.model_MGREV assigned to Carlito_syrichta
Model izAPQfZo.model_MGREV assigned to Node35
Model izAPQfZo.model_MGREV assigned to Node31
Model izAPQfZo.model_MGREV assigned to Tupaia_glis
Model izAPQfZo.model_MGREV assigned to Node30
The tips of the tree:izAPQfZo.tree_0 were matched with the species names from the data in the following numeric order (0-based) {15,16,13,12,11,5,2,3,4,8,6,7,10,9,14,0,1,30,29,25,23,24,21,22,20,19,18,27,26,28,31,17}

Pseudo-optimal path's cost 40493 vs 87453 for 1..k=> a 2.15971 x improvement
Partition 0 is ASSUMED to have a reversible model
Variable 'izAPQfZo.izAPQfZo.likelihoodFunction' was not initialized prior to being used
Variable 'izAPQfZo.tree_0.Oryctolagus_cuniculus.alpha' was not initialized prior to being used
Variable 'izAPQfZo.tree_0.Ochotona_princeps.alpha' was not initialized prior to being used
Variable 'izAPQfZo.tree_0.Node2.alpha' was not initialized prior to being used
Variable 'izAPQfZo.tree_0.Heterocephalus_glaber.alpha' was not initialized prior to being used
Variable 'izAPQfZo.tree_0.Octodon_degus.alpha' was not initialized prior to being used
Variable 'izAPQfZo.tree_0.Chinchilla_lanigera.alpha' was not initialized prior to being used
Variable 'izAPQfZo.tree_0.Node8.alpha' was not initialized prior to being used
Variable 'izAPQfZo.tree_0.Node6.alpha' was not initialized prior to being used
Variable 'izAPQfZo.tree_0.Rattus_norvegicus.alpha' was not initialized prior to being used
Variable 'izAPQfZo.tree_0.Mus_musculus.alpha' was not initialized prior to being used
Variable 'izAPQfZo.tree_0.Mus_caroli.alpha' was not initialized prior to being used
Variable 'izAPQfZo.tree_0.Node18.alpha' was not initialized prior to being used
Variable 'izAPQfZo.tree_0.Mus_pahari.alpha' was not initialized prior to being used
Variable 'izAPQfZo.tree_0.Node17.alpha' was not initialized prior to being used
Variable 'izAPQfZo.tree_0.Node15.alpha' was not initialized prior to being used
Variable 'izAPQfZo.tree_0.Cricetulus_griseus.alpha' was not initialized prior to being used
Variable 'izAPQfZo.tree_0.Peromyscus_maniculatus.alpha' was not initialized prior to being used
Variable 'izAPQfZo.tree_0.Peromyscus_leucopus.alpha' was not initialized prior to being used
Variable 'izAPQfZo.tree_0.Node24.alpha' was not initialized prior to being used
Variable 'izAPQfZo.tree_0.Node22.alpha' was not initialized prior to being used
Variable 'izAPQfZo.tree_0.Node14.alpha' was not initialized prior to being used
Variable 'izAPQfZo.tree_0.Nannospalax_galili.alpha' was not initialized prior to being used
Variable 'izAPQfZo.tree_0.Node13.alpha' was not initialized prior to being used
Variable 'izAPQfZo.tree_0.Jaculus_jaculus.alpha' was not initialized prior to being used
Variable 'izAPQfZo.tree_0.Node12.alpha' was not initialized prior to being used
Variable 'izAPQfZo.tree_0.Ictidomys_tridecemlineatus.alpha' was not initialized prior to being used
Variable 'izAPQfZo.tree_0.Node11.alpha' was not initialized prior to being used
Variable 'izAPQfZo.tree_0.Node5.alpha' was not initialized prior to being used
Variable 'izAPQfZo.tree_0.Propithecus_coquereli.alpha' was not initialized prior to being used
Variable 'izAPQfZo.tree_0.Microcebus_murinus.alpha' was not initialized prior to being used
Variable 'izAPQfZo.tree_0.Node32.alpha' was not initialized prior to being used
Variable 'izAPQfZo.tree_0.Aotus_nancymaae.alpha' was not initialized prior to being used
Variable 'izAPQfZo.tree_0.Saimiri_boliviensis.alpha' was not initialized prior to being used
Variable 'izAPQfZo.tree_0.Node37.alpha' was not initialized prior to being used
Variable 'izAPQfZo.tree_0.Mandrillus_leucophaeus.alpha' was not initialized prior to being used
Variable 'izAPQfZo.tree_0.Cercocebus_atys.alpha' was not initialized prior to being used
Variable 'izAPQfZo.tree_0.Node45.alpha' was not initialized prior to being used
Variable 'izAPQfZo.tree_0.Papio_anubis.alpha' was not initialized prior to being used
Variable 'izAPQfZo.tree_0.Node44.alpha' was not initialized prior to being used
Variable 'izAPQfZo.tree_0.Macaca_mulatta.alpha' was not initialized prior to being used
Variable 'izAPQfZo.tree_0.Macaca_fascicularis.alpha' was not initialized prior to being used
Variable 'izAPQfZo.tree_0.Node49.alpha' was not initialized prior to being used
Variable 'izAPQfZo.tree_0.Node43.alpha' was not initialized prior to being used
Variable 'izAPQfZo.tree_0.Chlorocebus_sabaeus.alpha' was not initialized prior to being used
Variable 'izAPQfZo.tree_0.Node42.alpha' was not initialized prior to being used
Variable 'izAPQfZo.tree_0.Rhinopithecus_roxellana.alpha' was not initialized prior to being used
Variable 'izAPQfZo.tree_0.Colobus_angolensis.alpha' was not initialized prior to being used
Variable 'izAPQfZo.tree_0.Node53.alpha' was not initialized prior to being used
Variable 'izAPQfZo.tree_0.Node41.alpha' was not initialized prior to being used
Variable 'izAPQfZo.tree_0.Gorilla_gorilla.alpha' was not initialized prior to being used
Variable 'izAPQfZo.tree_0.Homo_sapiens.alpha' was not initialized prior to being used
Variable 'izAPQfZo.tree_0.Node57.alpha' was not initialized prior to being used
Variable 'izAPQfZo.tree_0.Pongo_abelii.alpha' was not initialized prior to being used
Variable 'izAPQfZo.tree_0.Node56.alpha' was not initialized prior to being used
Variable 'izAPQfZo.tree_0.Node40.alpha' was not initialized prior to being used
Variable 'izAPQfZo.tree_0.Node36.alpha' was not initialized prior to being used
Variable 'izAPQfZo.tree_0.Carlito_syrichta.alpha' was not initialized prior to being used
Variable 'izAPQfZo.tree_0.Node35.alpha' was not initialized prior to being used
Variable 'izAPQfZo.tree_0.Node31.alpha' was not initialized prior to being used
Variable 'izAPQfZo.tree_0.Tupaia_glis.alpha' was not initialized prior to being used
Variable 'izAPQfZo.tree_0.Node30.alpha' was not initialized prior to being used
Site 1454 evaluated to a 0 probability in ComputeTreeBlockByBranch
Site 1454 evaluated to a 0 probability in ComputeTreeBlockByBranch
Site 939 evaluated to a 0 probability in ComputeTreeBlockByBranch
Site 800 evaluated to a 0 probability in ComputeTreeBlockByBranch
Site 872 evaluated to a 0 probability in ComputeTreeBlockByBranch
Site 1454 evaluated to a 0 probability in ComputeTreeBlockByBranch
Site 515 evaluated to a 0 probability in ComputeTreeBlockByBranch
Site 939 evaluated to a 0 probability in ComputeTreeBlockByBranch
Site 1454 evaluated to a 0 probability in ComputeTreeBlockByBranch
Site 689 evaluated to a 0 probability in ComputeTreeBlockByBranch
Auto-benchmarked an optimal number (3) of threads.
Set GUI update interval to every 22-th LF evaluation.
Initial guess for izAPQfZo.tree_0.Oryctolagus_cuniculus.alpha is 3.01037e-06
Initial guess for izAPQfZo.tree_0.Ochotona_princeps.alpha is 3.45095e-06
Initial guess for izAPQfZo.tree_0.Node5.alpha is 1.70598e-06
Initial guess for izAPQfZo.tree_0.Node6.alpha is 1.69977e-07
Initial guess for izAPQfZo.tree_0.Heterocephalus_glaber.alpha is 3.1373e-06
Initial guess for izAPQfZo.tree_0.Node8.alpha is 1.01569e-06
Initial guess for izAPQfZo.tree_0.Octodon_degus.alpha is 3.14138e-06
Initial guess for izAPQfZo.tree_0.Chinchilla_lanigera.alpha is 3.07894e-06
Initial guess for izAPQfZo.tree_0.Node11.alpha is 4.44423e-08
Initial guess for izAPQfZo.tree_0.Node12.alpha is -2.72359e-07
Initial guess for izAPQfZo.tree_0.Node13.alpha is 1.35039e-06
Initial guess for izAPQfZo.tree_0.Node14.alpha is 4.18116e-07
Initial guess for izAPQfZo.tree_0.Node15.alpha is 1.36051e-06
Initial guess for izAPQfZo.tree_0.Rattus_norvegicus.alpha is 2.54329e-06
Initial guess for izAPQfZo.tree_0.Node17.alpha is 1.15335e-06
Initial guess for izAPQfZo.tree_0.Node18.alpha is 9.41385e-07
Initial guess for izAPQfZo.tree_0.Mus_musculus.alpha is 8.32774e-07
Initial guess for izAPQfZo.tree_0.Mus_caroli.alpha is 1.02168e-06
Initial guess for izAPQfZo.tree_0.Mus_pahari.alpha is 1.74994e-06
Initial guess for izAPQfZo.tree_0.Node22.alpha is 8.88994e-07
Initial guess for izAPQfZo.tree_0.Cricetulus_griseus.alpha is 2.7747e-06
Initial guess for izAPQfZo.tree_0.Node24.alpha is 4.0896e-07
Initial guess for izAPQfZo.tree_0.Peromyscus_maniculatus.alpha is 8.78611e-07
Initial guess for izAPQfZo.tree_0.Peromyscus_leucopus.alpha is 5.46874e-07
Initial guess for izAPQfZo.tree_0.Nannospalax_galili.alpha is 4.36085e-06
Initial guess for izAPQfZo.tree_0.Jaculus_jaculus.alpha is 4.20937e-06
Initial guess for izAPQfZo.tree_0.Ictidomys_tridecemlineatus.alpha is 4.24297e-06
Initial guess for izAPQfZo.tree_0.Node30.alpha is 2.01981e-06
Initial guess for izAPQfZo.tree_0.Node31.alpha is 1.83206e-07
Initial guess for izAPQfZo.tree_0.Node32.alpha is 9.38309e-07
Initial guess for izAPQfZo.tree_0.Propithecus_coquereli.alpha is 2.07963e-06
Initial guess for izAPQfZo.tree_0.Microcebus_murinus.alpha is 1.96528e-06
Initial guess for izAPQfZo.tree_0.Node35.alpha is 1.46103e-06
Initial guess for izAPQfZo.tree_0.Node36.alpha is 1.65865e-07
Initial guess for izAPQfZo.tree_0.Node37.alpha is 1.20605e-06
Initial guess for izAPQfZo.tree_0.Aotus_nancymaae.alpha is 1.32364e-06
Initial guess for izAPQfZo.tree_0.Saimiri_boliviensis.alpha is 1.16398e-06
Initial guess for izAPQfZo.tree_0.Node40.alpha is 8.24731e-07
Initial guess for izAPQfZo.tree_0.Node41.alpha is 6.63865e-07
Initial guess for izAPQfZo.tree_0.Node42.alpha is 5.0643e-07
Initial guess for izAPQfZo.tree_0.Node43.alpha is 6.3832e-08
Initial guess for izAPQfZo.tree_0.Node44.alpha is 2.47444e-07
Initial guess for izAPQfZo.tree_0.Node45.alpha is 4.45611e-08
Initial guess for izAPQfZo.tree_0.Mandrillus_leucophaeus.alpha is 3.91415e-07
Initial guess for izAPQfZo.tree_0.Cercocebus_atys.alpha is 3.30843e-07
Initial guess for izAPQfZo.tree_0.Papio_anubis.alpha is 4.11731e-07
Initial guess for izAPQfZo.tree_0.Node49.alpha is 9.58018e-08
Initial guess for izAPQfZo.tree_0.Macaca_mulatta.alpha is 1.18455e-07
Initial guess for izAPQfZo.tree_0.Macaca_fascicularis.alpha is 7.67502e-08
Initial guess for izAPQfZo.tree_0.Chlorocebus_sabaeus.alpha is 7.79652e-07
Initial guess for izAPQfZo.tree_0.Node53.alpha is 4.11518e-07
Initial guess for izAPQfZo.tree_0.Rhinopithecus_roxellana.alpha is 4.01923e-07
Initial guess for izAPQfZo.tree_0.Colobus_angolensis.alpha is 6.72808e-07
Initial guess for izAPQfZo.tree_0.Node56.alpha is 3.19666e-07
Initial guess for izAPQfZo.tree_0.Node57.alpha is 5.47377e-07
Initial guess for izAPQfZo.tree_0.Gorilla_gorilla.alpha is 3.25844e-07
Initial guess for izAPQfZo.tree_0.Homo_sapiens.alpha is 5.33058e-07
Initial guess for izAPQfZo.tree_0.Pongo_abelii.alpha is 8.37577e-07
Initial guess for izAPQfZo.tree_0.Carlito_syrichta.alpha is 3.95764e-06
Initial guess for izAPQfZo.tree_0.Tupaia_glis.alpha is 4.32414e-06
Optimization settings:
	OPTIMIZATION_METHOD = 4
	OPTIMIZATION_PRECISION = 0.001
	MAXIMUM_ITERATIONS_PER_VARIABLE = 5000

Initial parameter values

izAPQfZo.model_MGREV.theta_GT = 1
izAPQfZo.model_MGREV.theta_CT = 1
izAPQfZo.model_MGREV.theta_AC = 1
izAPQfZo.model_MGREV.theta_CG = 1
izAPQfZo.model_MGREV.theta_AT = 1
izAPQfZo.model_MGREV.omega_0 = 1
izAPQfZo.model_MGREV.omega_1 = 1
izAPQfZo.tree_0.Oryctolagus_cuniculus.alpha = 3.01037e-06
izAPQfZo.tree_0.Ochotona_princeps.alpha = 3.45095e-06
izAPQfZo.tree_0.Node2.alpha = 0.1
izAPQfZo.tree_0.Heterocephalus_glaber.alpha = 3.1373e-06
izAPQfZo.tree_0.Octodon_degus.alpha = 3.14138e-06
izAPQfZo.tree_0.Chinchilla_lanigera.alpha = 3.07894e-06
izAPQfZo.tree_0.Node8.alpha = 1.01569e-06
izAPQfZo.tree_0.Node6.alpha = 1.69977e-07
izAPQfZo.tree_0.Rattus_norvegicus.alpha = 2.54329e-06
izAPQfZo.tree_0.Mus_musculus.alpha = 8.32774e-07
izAPQfZo.tree_0.Mus_caroli.alpha = 1.02168e-06
izAPQfZo.tree_0.Node18.alpha = 9.41385e-07
izAPQfZo.tree_0.Mus_pahari.alpha = 1.74994e-06
izAPQfZo.tree_0.Node17.alpha = 1.15335e-06
izAPQfZo.tree_0.Node15.alpha = 1.36051e-06
izAPQfZo.tree_0.Cricetulus_griseus.alpha = 2.7747e-06
izAPQfZo.tree_0.Peromyscus_maniculatus.alpha = 8.78611e-07
izAPQfZo.tree_0.Peromyscus_leucopus.alpha = 5.46874e-07
izAPQfZo.tree_0.Node24.alpha = 4.0896e-07
izAPQfZo.tree_0.Node22.alpha = 8.88994e-07
izAPQfZo.tree_0.Node14.alpha = 4.18116e-07
izAPQfZo.tree_0.Nannospalax_galili.alpha = 4.36085e-06
izAPQfZo.tree_0.Node13.alpha = 1.35039e-06
izAPQfZo.tree_0.Jaculus_jaculus.alpha = 4.20937e-06
izAPQfZo.tree_0.Node12.alpha = 0
izAPQfZo.tree_0.Ictidomys_tridecemlineatus.alpha = 4.24297e-06
izAPQfZo.tree_0.Node11.alpha = 4.44423e-08
izAPQfZo.tree_0.Node5.alpha = 1.70598e-06
izAPQfZo.tree_0.Propithecus_coquereli.alpha = 2.07963e-06
izAPQfZo.tree_0.Microcebus_murinus.alpha = 1.96528e-06
izAPQfZo.tree_0.Node32.alpha = 9.38309e-07
izAPQfZo.tree_0.Aotus_nancymaae.alpha = 1.32364e-06
izAPQfZo.tree_0.Saimiri_boliviensis.alpha = 1.16398e-06
izAPQfZo.tree_0.Node37.alpha = 1.20605e-06
izAPQfZo.tree_0.Mandrillus_leucophaeus.alpha = 3.91415e-07
izAPQfZo.tree_0.Cercocebus_atys.alpha = 3.30843e-07
izAPQfZo.tree_0.Node45.alpha = 4.45611e-08
izAPQfZo.tree_0.Papio_anubis.alpha = 4.11731e-07
izAPQfZo.tree_0.Node44.alpha = 2.47444e-07
izAPQfZo.tree_0.Macaca_mulatta.alpha = 1.18455e-07
izAPQfZo.tree_0.Macaca_fascicularis.alpha = 7.67502e-08
izAPQfZo.tree_0.Node49.alpha = 9.58018e-08
izAPQfZo.tree_0.Node43.alpha = 6.3832e-08
izAPQfZo.tree_0.Chlorocebus_sabaeus.alpha = 7.79652e-07
izAPQfZo.tree_0.Node42.alpha = 5.0643e-07
izAPQfZo.tree_0.Rhinopithecus_roxellana.alpha = 4.01923e-07
izAPQfZo.tree_0.Colobus_angolensis.alpha = 6.72808e-07
izAPQfZo.tree_0.Node53.alpha = 4.11518e-07
izAPQfZo.tree_0.Node41.alpha = 6.63865e-07
izAPQfZo.tree_0.Gorilla_gorilla.alpha = 3.25844e-07
izAPQfZo.tree_0.Homo_sapiens.alpha = 5.33058e-07
izAPQfZo.tree_0.Node57.alpha = 5.47377e-07
izAPQfZo.tree_0.Pongo_abelii.alpha = 8.37577e-07
izAPQfZo.tree_0.Node56.alpha = 3.19666e-07
izAPQfZo.tree_0.Node40.alpha = 8.24731e-07
izAPQfZo.tree_0.Node36.alpha = 1.65865e-07
izAPQfZo.tree_0.Carlito_syrichta.alpha = 3.95764e-06
izAPQfZo.tree_0.Node35.alpha = 1.46103e-06
izAPQfZo.tree_0.Node31.alpha = 1.83206e-07
izAPQfZo.tree_0.Tupaia_glis.alpha = 4.32414e-06
izAPQfZo.tree_0.Node30.alpha = 2.01981e-06
Failing bound checks on izAPQfZo.tree_0.Node12.beta =         10000.00299814162
Optimization finished in 28 loop passes.
7162 likelihood evaluation calls and 60299 matrix exponentiations calls were made

Row and/or column partition is empty. All the data will be used by default.
Auto-benchmarked an optimal number (1) of threads.
Set GUI update interval to every 3048-th LF evaluation.
Optimization settings:
	OPTIMIZATION_METHOD = 4
	OPTIMIZATION_PRECISION = 0.001
	MAXIMUM_ITERATIONS_PER_VARIABLE = 5000

Initial parameter values

frequencies._aux.CF3x4.p0_0 = 0.318532
frequencies._aux.CF3x4.p0_1 = 0.319939
frequencies._aux.CF3x4.p0_2 = 0.768424
frequencies._aux.CF3x4.p1_0 = 0.441418
frequencies._aux.CF3x4.p1_1 = 0.332922
frequencies._aux.CF3x4.p1_2 = 0.325013
frequencies._aux.CF3x4.p2_0 = 0.182322
frequencies._aux.CF3x4.p2_1 = 0.32937
frequencies._aux.CF3x4.p2_2 = 0.654904
Optimization finished in 7 loop passes.
312 likelihood evaluation calls and 0 matrix exponentiations calls were made

Variable 'izAPQfZo.model_MGREV_pi' was not initialized prior to being used
Model izAPQfZo.model_MGREV assigned to Oryctolagus_cuniculus
Model izAPQfZo.model_MGREV assigned to Ochotona_princeps
Model izAPQfZo.model_MGREV assigned to Node2
Model izAPQfZo.model_MGREV assigned to Heterocephalus_glaber
Model izAPQfZo.model_MGREV assigned to Octodon_degus
Model izAPQfZo.model_MGREV assigned to Chinchilla_lanigera
Model izAPQfZo.model_MGREV assigned to Node8
Model izAPQfZo.model_MGREV assigned to Node6
Model izAPQfZo.model_MGREV assigned to Rattus_norvegicus
Model izAPQfZo.model_MGREV assigned to Mus_musculus
Model izAPQfZo.model_MGREV assigned to Mus_caroli
Model izAPQfZo.model_MGREV assigned to Node18
Model izAPQfZo.model_MGREV assigned to Mus_pahari
Model izAPQfZo.model_MGREV assigned to Node17
Model izAPQfZo.model_MGREV assigned to Node15
Model izAPQfZo.model_MGREV assigned to Cricetulus_griseus
Model izAPQfZo.model_MGREV assigned to Peromyscus_maniculatus
Model izAPQfZo.model_MGREV assigned to Peromyscus_leucopus
Model izAPQfZo.model_MGREV assigned to Node24
Model izAPQfZo.model_MGREV assigned to Node22
Model izAPQfZo.model_MGREV assigned to Node14
Model izAPQfZo.model_MGREV assigned to Nannospalax_galili
Model izAPQfZo.model_MGREV assigned to Node13
Model izAPQfZo.model_MGREV assigned to Jaculus_jaculus
Model izAPQfZo.model_MGREV assigned to Node12
Model izAPQfZo.model_MGREV assigned to Ictidomys_tridecemlineatus
Model izAPQfZo.model_MGREV assigned to Node11
Model izAPQfZo.model_MGREV assigned to Node5
Model izAPQfZo.model_MGREV assigned to Propithecus_coquereli
Model izAPQfZo.model_MGREV assigned to Microcebus_murinus
Model izAPQfZo.model_MGREV assigned to Node32
Model izAPQfZo.model_MGREV assigned to Aotus_nancymaae
Model izAPQfZo.model_MGREV assigned to Saimiri_boliviensis
Model izAPQfZo.model_MGREV assigned to Node37
Model izAPQfZo.model_MGREV assigned to Mandrillus_leucophaeus
Model izAPQfZo.model_MGREV assigned to Cercocebus_atys
Model izAPQfZo.model_MGREV assigned to Node45
Model izAPQfZo.model_MGREV assigned to Papio_anubis
Model izAPQfZo.model_MGREV assigned to Node44
Model izAPQfZo.model_MGREV assigned to Macaca_mulatta
Model izAPQfZo.model_MGREV assigned to Macaca_fascicularis
Model izAPQfZo.model_MGREV assigned to Node49
Model izAPQfZo.model_MGREV assigned to Node43
Model izAPQfZo.model_MGREV assigned to Chlorocebus_sabaeus
Model izAPQfZo.model_MGREV assigned to Node42
Model izAPQfZo.model_MGREV assigned to Rhinopithecus_roxellana
Model izAPQfZo.model_MGREV assigned to Colobus_angolensis
Model izAPQfZo.model_MGREV assigned to Node53
Model izAPQfZo.model_MGREV assigned to Node41
Model izAPQfZo.model_MGREV assigned to Gorilla_gorilla
Model izAPQfZo.model_MGREV assigned to Homo_sapiens
Model izAPQfZo.model_MGREV assigned to Node57
Model izAPQfZo.model_MGREV assigned to Pongo_abelii
Model izAPQfZo.model_MGREV assigned to Node56
Model izAPQfZo.model_MGREV assigned to Node40
Model izAPQfZo.model_MGREV assigned to Node36
Model izAPQfZo.model_MGREV assigned to Carlito_syrichta
Model izAPQfZo.model_MGREV assigned to Node35
Model izAPQfZo.model_MGREV assigned to Node31
Model izAPQfZo.model_MGREV assigned to Tupaia_glis
Model izAPQfZo.model_MGREV assigned to Node30
The tips of the tree:izAPQfZo.tree_0 were matched with the species names from the data in the following numeric order (0-based) {15,16,13,12,11,5,2,3,4,8,6,7,10,9,14,0,1,30,29,25,23,24,21,22,20,19,18,27,26,28,31,17}

Pseudo-optimal path's cost 40493 vs 87453 for 1..k=> a 2.15971 x improvement
Partition 0 is ASSUMED to have a reversible model
Variable 'izAPQfZo.tree_0.Node31.alpha' was not initialized prior to being used
Variable 'izAPQfZo.tree_0.Node35.alpha' was not initialized prior to being used
Variable 'izAPQfZo.tree_0.Tupaia_glis.alpha' was not initialized prior to being used
Variable 'izAPQfZo.tree_0.Carlito_syrichta.alpha' was not initialized prior to being used
Variable 'izAPQfZo.tree_0.Node36.alpha' was not initialized prior to being used
Variable 'izAPQfZo.tree_0.Heterocephalus_glaber.alpha' was not initialized prior to being used
Variable 'izAPQfZo.tree_0.Node40.alpha' was not initialized prior to being used
Variable 'izAPQfZo.tree_0.Node22.alpha' was not initialized prior to being used
Variable 'izAPQfZo.tree_0.Node56.alpha' was not initialized prior to being used
Variable 'izAPQfZo.tree_0.Octodon_degus.alpha' was not initialized prior to being used
Variable 'izAPQfZo.tree_0.Pongo_abelii.alpha' was not initialized prior to being used
Variable 'izAPQfZo.tree_0.Node57.alpha' was not initialized prior to being used
Variable 'izAPQfZo.tree_0.Homo_sapiens.alpha' was not initialized prior to being used
Variable 'izAPQfZo.tree_0.Node18.alpha' was not initialized prior to being used
Variable 'izAPQfZo.tree_0.Gorilla_gorilla.alpha' was not initialized prior to being used
Variable 'izAPQfZo.tree_0.Node15.alpha' was not initialized prior to being used
Variable 'izAPQfZo.tree_0.Node41.alpha' was not initialized prior to being used
Variable 'izAPQfZo.tree_0.Node53.alpha' was not initialized prior to being used
Variable 'izAPQfZo.tree_0.Node24.alpha' was not initialized prior to being used
Variable 'izAPQfZo.tree_0.Colobus_angolensis.alpha' was not initialized prior to being used
Variable 'izAPQfZo.tree_0.Node2.alpha' was not initialized prior to being used
Variable 'izAPQfZo.tree_0.Rhinopithecus_roxellana.alpha' was not initialized prior to being used
Variable 'izAPQfZo.tree_0.Mus_caroli.alpha' was not initialized prior to being used
Variable 'izAPQfZo.tree_0.Node42.alpha' was not initialized prior to being used
Variable 'izAPQfZo.tree_0.Mus_pahari.alpha' was not initialized prior to being used
Variable 'izAPQfZo.tree_0.Chlorocebus_sabaeus.alpha' was not initialized prior to being used
Variable 'izAPQfZo.tree_0.Node43.alpha' was not initialized prior to being used
Variable 'izAPQfZo.tree_0.Node49.alpha' was not initialized prior to being used
Variable 'izAPQfZo.tree_0.Macaca_fascicularis.alpha' was not initialized prior to being used
Variable 'izAPQfZo.tree_0.Node17.alpha' was not initialized prior to being used
Variable 'izAPQfZo.tree_0.Macaca_mulatta.alpha' was not initialized prior to being used
Variable 'izAPQfZo.tree_0.Ochotona_princeps.alpha' was not initialized prior to being used
Variable 'izAPQfZo.tree_0.Node44.alpha' was not initialized prior to being used
Variable 'izAPQfZo.tree_0.Cricetulus_griseus.alpha' was not initialized prior to being used
Variable 'izAPQfZo.tree_0.Papio_anubis.alpha' was not initialized prior to being used
Variable 'izAPQfZo.tree_0.Mus_musculus.alpha' was not initialized prior to being used
Variable 'izAPQfZo.tree_0.Node14.alpha' was not initialized prior to being used
Variable 'izAPQfZo.tree_0.Node45.alpha' was not initialized prior to being used
Variable 'izAPQfZo.tree_0.Oryctolagus_cuniculus.alpha' was not initialized prior to being used
Variable 'izAPQfZo.tree_0.Cercocebus_atys.alpha' was not initialized prior to being used
Variable 'izAPQfZo.tree_0.Rattus_norvegicus.alpha' was not initialized prior to being used
Variable 'izAPQfZo.tree_0.Mandrillus_leucophaeus.alpha' was not initialized prior to being used
Variable 'izAPQfZo.tree_0.Node37.alpha' was not initialized prior to being used
Variable 'izAPQfZo.tree_0.Node8.alpha' was not initialized prior to being used
Variable 'izAPQfZo.tree_0.Saimiri_boliviensis.alpha' was not initialized prior to being used
Variable 'izAPQfZo.tree_0.Aotus_nancymaae.alpha' was not initialized prior to being used
Variable 'izAPQfZo.tree_0.Peromyscus_maniculatus.alpha' was not initialized prior to being used
Variable 'izAPQfZo.tree_0.Node32.alpha' was not initialized prior to being used
Variable 'izAPQfZo.tree_0.Microcebus_murinus.alpha' was not initialized prior to being used
Variable 'izAPQfZo.tree_0.Propithecus_coquereli.alpha' was not initialized prior to being used
Variable 'izAPQfZo.tree_0.Node6.alpha' was not initialized prior to being used
Variable 'izAPQfZo.tree_0.Node5.alpha' was not initialized prior to being used
Variable 'izAPQfZo.tree_0.Node11.alpha' was not initialized prior to being used
Variable 'izAPQfZo.tree_0.Chinchilla_lanigera.alpha' was not initialized prior to being used
Variable 'izAPQfZo.tree_0.Ictidomys_tridecemlineatus.alpha' was not initialized prior to being used
Variable 'izAPQfZo.tree_0.Node12.alpha' was not initialized prior to being used
Variable 'izAPQfZo.tree_0.Peromyscus_leucopus.alpha' was not initialized prior to being used
Variable 'izAPQfZo.tree_0.Jaculus_jaculus.alpha' was not initialized prior to being used
Variable 'izAPQfZo.tree_0.Node13.alpha' was not initialized prior to being used
Variable 'izAPQfZo.tree_0.Nannospalax_galili.alpha' was not initialized prior to being used
Variable 'izAPQfZo.tree_0.Node30.alpha' was not initialized prior to being used
Site 1454 evaluated to a 0 probability in ComputeTreeBlockByBranch
Site 1454 evaluated to a 0 probability in ComputeTreeBlockByBranch
Site 939 evaluated to a 0 probability in ComputeTreeBlockByBranch
Site 1454 evaluated to a 0 probability in ComputeTreeBlockByBranch
Site 800 evaluated to a 0 probability in ComputeTreeBlockByBranch
Site 872 evaluated to a 0 probability in ComputeTreeBlockByBranch
Auto-benchmarked an optimal number (2) of threads.
Set GUI update interval to every 19-th LF evaluation.
Initial guess for izAPQfZo.tree_0.Oryctolagus_cuniculus.alpha is 3.01037e-06
Initial guess for izAPQfZo.tree_0.Ochotona_princeps.alpha is 3.45095e-06
Initial guess for izAPQfZo.tree_0.Node5.alpha is 1.70598e-06
Initial guess for izAPQfZo.tree_0.Node6.alpha is 1.69977e-07
Initial guess for izAPQfZo.tree_0.Heterocephalus_glaber.alpha is 3.1373e-06
Initial guess for izAPQfZo.tree_0.Node8.alpha is 1.01569e-06
Initial guess for izAPQfZo.tree_0.Octodon_degus.alpha is 3.14138e-06
Initial guess for izAPQfZo.tree_0.Chinchilla_lanigera.alpha is 3.07894e-06
Initial guess for izAPQfZo.tree_0.Node11.alpha is 4.44423e-08
Initial guess for izAPQfZo.tree_0.Node12.alpha is -2.72359e-07
Initial guess for izAPQfZo.tree_0.Node13.alpha is 1.35039e-06
Initial guess for izAPQfZo.tree_0.Node14.alpha is 4.18116e-07
Initial guess for izAPQfZo.tree_0.Node15.alpha is 1.36051e-06
Initial guess for izAPQfZo.tree_0.Rattus_norvegicus.alpha is 2.54329e-06
Initial guess for izAPQfZo.tree_0.Node17.alpha is 1.15335e-06
Initial guess for izAPQfZo.tree_0.Node18.alpha is 9.41385e-07
Initial guess for izAPQfZo.tree_0.Mus_musculus.alpha is 8.32774e-07
Initial guess for izAPQfZo.tree_0.Mus_caroli.alpha is 1.02168e-06
Initial guess for izAPQfZo.tree_0.Mus_pahari.alpha is 1.74994e-06
Initial guess for izAPQfZo.tree_0.Node22.alpha is 8.88994e-07
Initial guess for izAPQfZo.tree_0.Cricetulus_griseus.alpha is 2.7747e-06
Initial guess for izAPQfZo.tree_0.Node24.alpha is 4.0896e-07
Initial guess for izAPQfZo.tree_0.Peromyscus_maniculatus.alpha is 8.78611e-07
Initial guess for izAPQfZo.tree_0.Peromyscus_leucopus.alpha is 5.46874e-07
Initial guess for izAPQfZo.tree_0.Nannospalax_galili.alpha is 4.36085e-06
Initial guess for izAPQfZo.tree_0.Jaculus_jaculus.alpha is 4.20937e-06
Initial guess for izAPQfZo.tree_0.Ictidomys_tridecemlineatus.alpha is 4.24297e-06
Initial guess for izAPQfZo.tree_0.Node30.alpha is 2.01981e-06
Initial guess for izAPQfZo.tree_0.Node31.alpha is 1.83206e-07
Initial guess for izAPQfZo.tree_0.Node32.alpha is 9.38309e-07
Initial guess for izAPQfZo.tree_0.Propithecus_coquereli.alpha is 2.07963e-06
Initial guess for izAPQfZo.tree_0.Microcebus_murinus.alpha is 1.96528e-06
Initial guess for izAPQfZo.tree_0.Node35.alpha is 1.46103e-06
Initial guess for izAPQfZo.tree_0.Node36.alpha is 1.65865e-07
Initial guess for izAPQfZo.tree_0.Node37.alpha is 1.20605e-06
Initial guess for izAPQfZo.tree_0.Aotus_nancymaae.alpha is 1.32364e-06
Initial guess for izAPQfZo.tree_0.Saimiri_boliviensis.alpha is 1.16398e-06
Initial guess for izAPQfZo.tree_0.Node40.alpha is 8.24731e-07
Initial guess for izAPQfZo.tree_0.Node41.alpha is 6.63865e-07
Initial guess for izAPQfZo.tree_0.Node42.alpha is 5.0643e-07
Initial guess for izAPQfZo.tree_0.Node43.alpha is 6.3832e-08
Initial guess for izAPQfZo.tree_0.Node44.alpha is 2.47444e-07
Initial guess for izAPQfZo.tree_0.Node45.alpha is 4.45611e-08
Initial guess for izAPQfZo.tree_0.Mandrillus_leucophaeus.alpha is 3.91415e-07
Initial guess for izAPQfZo.tree_0.Cercocebus_atys.alpha is 3.30843e-07
Initial guess for izAPQfZo.tree_0.Papio_anubis.alpha is 4.11731e-07
Initial guess for izAPQfZo.tree_0.Node49.alpha is 9.58018e-08
Initial guess for izAPQfZo.tree_0.Macaca_mulatta.alpha is 1.18455e-07
Initial guess for izAPQfZo.tree_0.Macaca_fascicularis.alpha is 7.67502e-08
Initial guess for izAPQfZo.tree_0.Chlorocebus_sabaeus.alpha is 7.79652e-07
Initial guess for izAPQfZo.tree_0.Node53.alpha is 4.11518e-07
Initial guess for izAPQfZo.tree_0.Rhinopithecus_roxellana.alpha is 4.01923e-07
Initial guess for izAPQfZo.tree_0.Colobus_angolensis.alpha is 6.72808e-07
Initial guess for izAPQfZo.tree_0.Node56.alpha is 3.19666e-07
Initial guess for izAPQfZo.tree_0.Node57.alpha is 5.47377e-07
Initial guess for izAPQfZo.tree_0.Gorilla_gorilla.alpha is 3.25844e-07
Initial guess for izAPQfZo.tree_0.Homo_sapiens.alpha is 5.33058e-07
Initial guess for izAPQfZo.tree_0.Pongo_abelii.alpha is 8.37577e-07
Initial guess for izAPQfZo.tree_0.Carlito_syrichta.alpha is 3.95764e-06
Initial guess for izAPQfZo.tree_0.Tupaia_glis.alpha is 4.32414e-06
Optimization settings:
	OPTIMIZATION_METHOD = 4
	OPTIMIZATION_PRECISION = 0.001
	MAXIMUM_ITERATIONS_PER_VARIABLE = 5000

Initial parameter values

izAPQfZo.model_MGREV.theta_AC = 1
izAPQfZo.model_MGREV.theta_AT = 1
izAPQfZo.model_MGREV.theta_GT = 1
izAPQfZo.model_MGREV.theta_CG = 1
izAPQfZo.model_MGREV.theta_CT = 1
izAPQfZo.model_MGREV.omega_0 = 1
izAPQfZo.model_MGREV.omega_1 = 1
izAPQfZo.tree_0.Oryctolagus_cuniculus.alpha = 3.01037e-06
izAPQfZo.tree_0.Ochotona_princeps.alpha = 3.45095e-06
izAPQfZo.tree_0.Node2.alpha = 0.1
izAPQfZo.tree_0.Heterocephalus_glaber.alpha = 3.1373e-06
izAPQfZo.tree_0.Octodon_degus.alpha = 3.14138e-06
izAPQfZo.tree_0.Chinchilla_lanigera.alpha = 3.07894e-06
izAPQfZo.tree_0.Node8.alpha = 1.01569e-06
izAPQfZo.tree_0.Node6.alpha = 1.69977e-07
izAPQfZo.tree_0.Rattus_norvegicus.alpha = 2.54329e-06
izAPQfZo.tree_0.Mus_musculus.alpha = 8.32774e-07
izAPQfZo.tree_0.Mus_caroli.alpha = 1.02168e-06
izAPQfZo.tree_0.Node18.alpha = 9.41385e-07
izAPQfZo.tree_0.Mus_pahari.alpha = 1.74994e-06
izAPQfZo.tree_0.Node17.alpha = 1.15335e-06
izAPQfZo.tree_0.Node15.alpha = 1.36051e-06
izAPQfZo.tree_0.Cricetulus_griseus.alpha = 2.7747e-06
izAPQfZo.tree_0.Peromyscus_maniculatus.alpha = 8.78611e-07
izAPQfZo.tree_0.Peromyscus_leucopus.alpha = 5.46874e-07
izAPQfZo.tree_0.Node24.alpha = 4.0896e-07
izAPQfZo.tree_0.Node22.alpha = 8.88994e-07
izAPQfZo.tree_0.Node14.alpha = 4.18116e-07
izAPQfZo.tree_0.Nannospalax_galili.alpha = 4.36085e-06
izAPQfZo.tree_0.Node13.alpha = 1.35039e-06
izAPQfZo.tree_0.Jaculus_jaculus.alpha = 4.20937e-06
izAPQfZo.tree_0.Node12.alpha = 0
izAPQfZo.tree_0.Ictidomys_tridecemlineatus.alpha = 4.24297e-06
izAPQfZo.tree_0.Node11.alpha = 4.44423e-08
izAPQfZo.tree_0.Node5.alpha = 1.70598e-06
izAPQfZo.tree_0.Propithecus_coquereli.alpha = 2.07963e-06
izAPQfZo.tree_0.Microcebus_murinus.alpha = 1.96528e-06
izAPQfZo.tree_0.Node32.alpha = 9.38309e-07
izAPQfZo.tree_0.Aotus_nancymaae.alpha = 1.32364e-06
izAPQfZo.tree_0.Saimiri_boliviensis.alpha = 1.16398e-06
izAPQfZo.tree_0.Node37.alpha = 1.20605e-06
izAPQfZo.tree_0.Mandrillus_leucophaeus.alpha = 3.91415e-07
izAPQfZo.tree_0.Cercocebus_atys.alpha = 3.30843e-07
izAPQfZo.tree_0.Node45.alpha = 4.45611e-08
izAPQfZo.tree_0.Papio_anubis.alpha = 4.11731e-07
izAPQfZo.tree_0.Node44.alpha = 2.47444e-07
izAPQfZo.tree_0.Macaca_mulatta.alpha = 1.18455e-07
izAPQfZo.tree_0.Macaca_fascicularis.alpha = 7.67502e-08
izAPQfZo.tree_0.Node49.alpha = 9.58018e-08
izAPQfZo.tree_0.Node43.alpha = 6.3832e-08
izAPQfZo.tree_0.Chlorocebus_sabaeus.alpha = 7.79652e-07
izAPQfZo.tree_0.Node42.alpha = 5.0643e-07
izAPQfZo.tree_0.Rhinopithecus_roxellana.alpha = 4.01923e-07
izAPQfZo.tree_0.Colobus_angolensis.alpha = 6.72808e-07
izAPQfZo.tree_0.Node53.alpha = 4.11518e-07
izAPQfZo.tree_0.Node41.alpha = 6.63865e-07
izAPQfZo.tree_0.Gorilla_gorilla.alpha = 3.25844e-07
izAPQfZo.tree_0.Homo_sapiens.alpha = 5.33058e-07
izAPQfZo.tree_0.Node57.alpha = 5.47377e-07
izAPQfZo.tree_0.Pongo_abelii.alpha = 8.37577e-07
izAPQfZo.tree_0.Node56.alpha = 3.19666e-07
izAPQfZo.tree_0.Node40.alpha = 8.24731e-07
izAPQfZo.tree_0.Node36.alpha = 1.65865e-07
izAPQfZo.tree_0.Carlito_syrichta.alpha = 3.95764e-06
izAPQfZo.tree_0.Node35.alpha = 1.46103e-06
izAPQfZo.tree_0.Node31.alpha = 1.83206e-07
izAPQfZo.tree_0.Tupaia_glis.alpha = 4.32414e-06
izAPQfZo.tree_0.Node30.alpha = 2.01981e-06
Failing bound checks on izAPQfZo.tree_0.Node12.beta =         10000.00299814396
Optimization finished in 38 loop passes.
6940 likelihood evaluation calls and 68266 matrix exponentiations calls were made

Overwritten previously defined function:'uasyBRRa.rate_generator'
Overwritten previously defined function:'uasyBRRa.rate_generator'
Auto-benchmarked an optimal number (2) of threads.
Set GUI update interval to every 3164-th LF evaluation.
Optimization settings:
	OPTIMIZATION_METHOD = 4
	OPTIMIZATION_PRECISION = 0.001
	MAXIMUM_ITERATIONS_PER_VARIABLE = 5000

Initial parameter values

frequencies._aux.CF3x4.p0_0 = 0.318532
frequencies._aux.CF3x4.p0_1 = 0.319939
frequencies._aux.CF3x4.p0_2 = 0.768424
frequencies._aux.CF3x4.p1_0 = 0.441418
frequencies._aux.CF3x4.p1_1 = 0.332922
frequencies._aux.CF3x4.p1_2 = 0.325013
frequencies._aux.CF3x4.p2_0 = 0.182322
frequencies._aux.CF3x4.p2_1 = 0.32937
frequencies._aux.CF3x4.p2_2 = 0.654904
Optimization finished in 7 loop passes.
313 likelihood evaluation calls and 0 matrix exponentiations calls were made

Variable 'relax.test_pi' was not initialized prior to being used
Overwritten previously defined function:'uasyBRRa.rate_generator'
Overwritten previously defined function:'uasyBRRa.rate_generator'
Overwritten previously defined function:'uasyBRRa.rate_generator'
Auto-benchmarked an optimal number (3) of threads.
Set GUI update interval to every 3289-th LF evaluation.
Optimization settings:
	OPTIMIZATION_METHOD = 4
	OPTIMIZATION_PRECISION = 0.001
	MAXIMUM_ITERATIONS_PER_VARIABLE = 5000

Initial parameter values

frequencies._aux.CF3x4.p0_0 = 0.318532
frequencies._aux.CF3x4.p0_1 = 0.319939
frequencies._aux.CF3x4.p0_2 = 0.768424
frequencies._aux.CF3x4.p1_0 = 0.441418
frequencies._aux.CF3x4.p1_1 = 0.332922
frequencies._aux.CF3x4.p1_2 = 0.325013
frequencies._aux.CF3x4.p2_0 = 0.182322
frequencies._aux.CF3x4.p2_1 = 0.32937
frequencies._aux.CF3x4.p2_2 = 0.654904
Optimization finished in 7 loop passes.
314 likelihood evaluation calls and 0 matrix exponentiations calls were made

Variable 'relax.reference_pi' was not initialized prior to being used
No nodel was assigned to Oryctolagus_cuniculus
No nodel was assigned to Ochotona_princeps
No nodel was assigned to Node2
No nodel was assigned to Heterocephalus_glaber
No nodel was assigned to Octodon_degus
No nodel was assigned to Chinchilla_lanigera
No nodel was assigned to Node8
No nodel was assigned to Node6
No nodel was assigned to Rattus_norvegicus
No nodel was assigned to Mus_musculus
No nodel was assigned to Mus_caroli
No nodel was assigned to Node18
No nodel was assigned to Mus_pahari
No nodel was assigned to Node17
No nodel was assigned to Node15
No nodel was assigned to Cricetulus_griseus
No nodel was assigned to Peromyscus_maniculatus
No nodel was assigned to Peromyscus_leucopus
No nodel was assigned to Node24
No nodel was assigned to Node22
No nodel was assigned to Node14
No nodel was assigned to Nannospalax_galili
No nodel was assigned to Node13
No nodel was assigned to Jaculus_jaculus
No nodel was assigned to Node12
No nodel was assigned to Ictidomys_tridecemlineatus
No nodel was assigned to Node11
No nodel was assigned to Node5
No nodel was assigned to Propithecus_coquereli
No nodel was assigned to Microcebus_murinus
No nodel was assigned to Node32
No nodel was assigned to Aotus_nancymaae
No nodel was assigned to Saimiri_boliviensis
No nodel was assigned to Node37
No nodel was assigned to Mandrillus_leucophaeus
No nodel was assigned to Cercocebus_atys
No nodel was assigned to Node45
No nodel was assigned to Papio_anubis
No nodel was assigned to Node44
No nodel was assigned to Macaca_mulatta
No nodel was assigned to Macaca_fascicularis
No nodel was assigned to Node49
No nodel was assigned to Node43
No nodel was assigned to Chlorocebus_sabaeus
No nodel was assigned to Node42
No nodel was assigned to Rhinopithecus_roxellana
No nodel was assigned to Colobus_angolensis
No nodel was assigned to Node53
No nodel was assigned to Node41
No nodel was assigned to Gorilla_gorilla
No nodel was assigned to Homo_sapiens
No nodel was assigned to Node57
No nodel was assigned to Pongo_abelii
No nodel was assigned to Node56
No nodel was assigned to Node40
No nodel was assigned to Node36
No nodel was assigned to Carlito_syrichta
No nodel was assigned to Node35
No nodel was assigned to Node31
No nodel was assigned to Tupaia_glis
No nodel was assigned to Node30
The tips of the tree:eikImnIe.tree_id_0 were matched with the species names from the data in the following numeric order (0-based) {15,16,13,12,11,5,2,3,4,8,6,7,10,9,14,0,1,30,29,25,23,24,21,22,20,19,18,27,26,28,31,17}

Pseudo-optimal path's cost 40493 vs 87453 for 1..k=> a 2.15971 x improvement
Partition 0 is ASSUMED to have a reversible model
relax.reference.theta_AC was already constrained in estimators.SetGlobals2
relax.reference.theta_AG was already constrained in estimators.SetGlobals2
relax.reference.theta_AT was already constrained in estimators.SetGlobals2
relax.reference.theta_CG was already constrained in estimators.SetGlobals2
relax.reference.theta_CT was already constrained in estimators.SetGlobals2
relax.reference.theta_GT was already constrained in estimators.SetGlobals2
relax.test.theta_AG was already constrained in estimators.SetGlobals2
Variable 'eikImnIe.tree_id_0.Oryctolagus_cuniculus.t' was not initialized prior to being used
models.generic.SetBranchLength: eikImnIe.tree_id_0.Oryctolagus_cuniculus.t=0.2085223831679691
Variable 'eikImnIe.tree_id_0.Ochotona_princeps.t' was not initialized prior to being used
models.generic.SetBranchLength: eikImnIe.tree_id_0.Ochotona_princeps.t=0.2366721481577246
Variable 'eikImnIe.tree_id_0.Node2.t' was not initialized prior to being used
models.generic.SetBranchLength: eikImnIe.tree_id_0.Node2.t=0.2078817391516567
Variable 'eikImnIe.tree_id_0.Heterocephalus_glaber.t' was not initialized prior to being used
models.generic.SetBranchLength: eikImnIe.tree_id_0.Heterocephalus_glaber.t=0.2047714624804421
Variable 'eikImnIe.tree_id_0.Octodon_degus.t' was not initialized prior to being used
models.generic.SetBranchLength: eikImnIe.tree_id_0.Octodon_degus.t=0.2078390419652533
Variable 'eikImnIe.tree_id_0.Chinchilla_lanigera.t' was not initialized prior to being used
models.generic.SetBranchLength: eikImnIe.tree_id_0.Chinchilla_lanigera.t=0.2040247915557103
Variable 'eikImnIe.tree_id_0.Node8.t' was not initialized prior to being used
models.generic.SetBranchLength: eikImnIe.tree_id_0.Node8.t=0.03848452845586623
Variable 'eikImnIe.tree_id_0.Node6.t' was not initialized prior to being used
models.generic.SetBranchLength: eikImnIe.tree_id_0.Node6.t=0.1016600569458928
Variable 'eikImnIe.tree_id_0.Rattus_norvegicus.t' was not initialized prior to being used
models.generic.SetBranchLength: eikImnIe.tree_id_0.Rattus_norvegicus.t=0.1835436872318088
Variable 'eikImnIe.tree_id_0.Mus_musculus.t' was not initialized prior to being used
models.generic.SetBranchLength: eikImnIe.tree_id_0.Mus_musculus.t=0.05481328846374364
Variable 'eikImnIe.tree_id_0.Mus_caroli.t' was not initialized prior to being used
models.generic.SetBranchLength: eikImnIe.tree_id_0.Mus_caroli.t=0.06194758587993367
Variable 'eikImnIe.tree_id_0.Node18.t' was not initialized prior to being used
models.generic.SetBranchLength: eikImnIe.tree_id_0.Node18.t=0.07697284259260909
Variable 'eikImnIe.tree_id_0.Mus_pahari.t' was not initialized prior to being used
models.generic.SetBranchLength: eikImnIe.tree_id_0.Mus_pahari.t=0.1066384085648783
Variable 'eikImnIe.tree_id_0.Node17.t' was not initialized prior to being used
models.generic.SetBranchLength: eikImnIe.tree_id_0.Node17.t=0.07292582782584045
Variable 'eikImnIe.tree_id_0.Node15.t' was not initialized prior to being used
models.generic.SetBranchLength: eikImnIe.tree_id_0.Node15.t=0.1228484980439527
Variable 'eikImnIe.tree_id_0.Cricetulus_griseus.t' was not initialized prior to being used
models.generic.SetBranchLength: eikImnIe.tree_id_0.Cricetulus_griseus.t=0.196944073417854
Variable 'eikImnIe.tree_id_0.Peromyscus_maniculatus.t' was not initialized prior to being used
models.generic.SetBranchLength: eikImnIe.tree_id_0.Peromyscus_maniculatus.t=0.05924223184502006
Variable 'eikImnIe.tree_id_0.Peromyscus_leucopus.t' was not initialized prior to being used
models.generic.SetBranchLength: eikImnIe.tree_id_0.Peromyscus_leucopus.t=0.02858268711241672
Variable 'eikImnIe.tree_id_0.Node24.t' was not initialized prior to being used
models.generic.SetBranchLength: eikImnIe.tree_id_0.Node24.t=0.1320519842388535
Variable 'eikImnIe.tree_id_0.Node22.t' was not initialized prior to being used
models.generic.SetBranchLength: eikImnIe.tree_id_0.Node22.t=0.05575443722868991
Variable 'eikImnIe.tree_id_0.Node14.t' was not initialized prior to being used
models.generic.SetBranchLength: eikImnIe.tree_id_0.Node14.t=0.1553999448617443
Variable 'eikImnIe.tree_id_0.Nannospalax_galili.t' was not initialized prior to being used
models.generic.SetBranchLength: eikImnIe.tree_id_0.Nannospalax_galili.t=0.313366928567629
Variable 'eikImnIe.tree_id_0.Node13.t' was not initialized prior to being used
models.generic.SetBranchLength: eikImnIe.tree_id_0.Node13.t=0.07308237545708159
Variable 'eikImnIe.tree_id_0.Jaculus_jaculus.t' was not initialized prior to being used
models.generic.SetBranchLength: eikImnIe.tree_id_0.Jaculus_jaculus.t=0.3261858439562612
Variable 'eikImnIe.tree_id_0.Node12.t' was not initialized prior to being used
models.generic.SetBranchLength: eikImnIe.tree_id_0.Node12.t=0.1159882135951746
Variable 'eikImnIe.tree_id_0.Ictidomys_tridecemlineatus.t' was not initialized prior to being used
models.generic.SetBranchLength: eikImnIe.tree_id_0.Ictidomys_tridecemlineatus.t=0.2897331233348278
Variable 'eikImnIe.tree_id_0.Node11.t' was not initialized prior to being used
models.generic.SetBranchLength: eikImnIe.tree_id_0.Node11.t=0.01399953909713752
Variable 'eikImnIe.tree_id_0.Node5.t' was not initialized prior to being used
models.generic.SetBranchLength: eikImnIe.tree_id_0.Node5.t=0.05902754070381518
Variable 'eikImnIe.tree_id_0.Propithecus_coquereli.t' was not initialized prior to being used
models.generic.SetBranchLength: eikImnIe.tree_id_0.Propithecus_coquereli.t=0.1327406672211055
Variable 'eikImnIe.tree_id_0.Microcebus_murinus.t' was not initialized prior to being used
models.generic.SetBranchLength: eikImnIe.tree_id_0.Microcebus_murinus.t=0.1195599116900047
Variable 'eikImnIe.tree_id_0.Node32.t' was not initialized prior to being used
models.generic.SetBranchLength: eikImnIe.tree_id_0.Node32.t=0.1283755697883312
Variable 'eikImnIe.tree_id_0.Aotus_nancymaae.t' was not initialized prior to being used
models.generic.SetBranchLength: eikImnIe.tree_id_0.Aotus_nancymaae.t=0.07256245650646811
Variable 'eikImnIe.tree_id_0.Saimiri_boliviensis.t' was not initialized prior to being used
models.generic.SetBranchLength: eikImnIe.tree_id_0.Saimiri_boliviensis.t=0.07874249956873965
Variable 'eikImnIe.tree_id_0.Node37.t' was not initialized prior to being used
models.generic.SetBranchLength: eikImnIe.tree_id_0.Node37.t=0.05821556372360698
Variable 'eikImnIe.tree_id_0.Mandrillus_leucophaeus.t' was not initialized prior to being used
models.generic.SetBranchLength: eikImnIe.tree_id_0.Mandrillus_leucophaeus.t=0.02765248995701561
Variable 'eikImnIe.tree_id_0.Cercocebus_atys.t' was not initialized prior to being used
models.generic.SetBranchLength: eikImnIe.tree_id_0.Cercocebus_atys.t=0.01487397515834937
Variable 'eikImnIe.tree_id_0.Node45.t' was not initialized prior to being used
models.generic.SetBranchLength: eikImnIe.tree_id_0.Node45.t=0.009954105986582206
Variable 'eikImnIe.tree_id_0.Papio_anubis.t' was not initialized prior to being used
models.generic.SetBranchLength: eikImnIe.tree_id_0.Papio_anubis.t=0.02386709002778683
Variable 'eikImnIe.tree_id_0.Node44.t' was not initialized prior to being used
models.generic.SetBranchLength: eikImnIe.tree_id_0.Node44.t=0.00346772971599967
Variable 'eikImnIe.tree_id_0.Macaca_mulatta.t' was not initialized prior to being used
models.generic.SetBranchLength: eikImnIe.tree_id_0.Macaca_mulatta.t=0.006862977127130241
Variable 'eikImnIe.tree_id_0.Macaca_fascicularis.t' was not initialized prior to being used
models.generic.SetBranchLength: eikImnIe.tree_id_0.Macaca_fascicularis.t=0.00455937698018629
Variable 'eikImnIe.tree_id_0.Node49.t' was not initialized prior to being used
models.generic.SetBranchLength: eikImnIe.tree_id_0.Node49.t=0.02543720850978543
Variable 'eikImnIe.tree_id_0.Node43.t' was not initialized prior to being used
models.generic.SetBranchLength: eikImnIe.tree_id_0.Node43.t=0.02047077721601324
Variable 'eikImnIe.tree_id_0.Chlorocebus_sabaeus.t' was not initialized prior to being used
models.generic.SetBranchLength: eikImnIe.tree_id_0.Chlorocebus_sabaeus.t=0.0419050836262807
Variable 'eikImnIe.tree_id_0.Node42.t' was not initialized prior to being used
models.generic.SetBranchLength: eikImnIe.tree_id_0.Node42.t=0.0120981306093979
Variable 'eikImnIe.tree_id_0.Rhinopithecus_roxellana.t' was not initialized prior to being used
models.generic.SetBranchLength: eikImnIe.tree_id_0.Rhinopithecus_roxellana.t=0.02352971776414855
Variable 'eikImnIe.tree_id_0.Colobus_angolensis.t' was not initialized prior to being used
models.generic.SetBranchLength: eikImnIe.tree_id_0.Colobus_angolensis.t=0.04001258802546047
Variable 'eikImnIe.tree_id_0.Node53.t' was not initialized prior to being used
models.generic.SetBranchLength: eikImnIe.tree_id_0.Node53.t=0.01344744038739788
Variable 'eikImnIe.tree_id_0.Node41.t' was not initialized prior to being used
models.generic.SetBranchLength: eikImnIe.tree_id_0.Node41.t=0.04551914129864097
Variable 'eikImnIe.tree_id_0.Gorilla_gorilla.t' was not initialized prior to being used
models.generic.SetBranchLength: eikImnIe.tree_id_0.Gorilla_gorilla.t=0.01690242325183317
Variable 'eikImnIe.tree_id_0.Homo_sapiens.t' was not initialized prior to being used
models.generic.SetBranchLength: eikImnIe.tree_id_0.Homo_sapiens.t=0.03357490623316657
Variable 'eikImnIe.tree_id_0.Node57.t' was not initialized prior to being used
models.generic.SetBranchLength: eikImnIe.tree_id_0.Node57.t=0.02250799915859271
Variable 'eikImnIe.tree_id_0.Pongo_abelii.t' was not initialized prior to being used
models.generic.SetBranchLength: eikImnIe.tree_id_0.Pongo_abelii.t=0.0488040275626253
Variable 'eikImnIe.tree_id_0.Node56.t' was not initialized prior to being used
models.generic.SetBranchLength: eikImnIe.tree_id_0.Node56.t=0.02910063816946751
Variable 'eikImnIe.tree_id_0.Node40.t' was not initialized prior to being used
models.generic.SetBranchLength: eikImnIe.tree_id_0.Node40.t=0.04302428584728034
Variable 'eikImnIe.tree_id_0.Node36.t' was not initialized prior to being used
models.generic.SetBranchLength: eikImnIe.tree_id_0.Node36.t=0.08610037450071716
Variable 'eikImnIe.tree_id_0.Carlito_syrichta.t' was not initialized prior to being used
models.generic.SetBranchLength: eikImnIe.tree_id_0.Carlito_syrichta.t=0.2715534470446169
Variable 'eikImnIe.tree_id_0.Node35.t' was not initialized prior to being used
models.generic.SetBranchLength: eikImnIe.tree_id_0.Node35.t=0.03421400416617113
Variable 'eikImnIe.tree_id_0.Node31.t' was not initialized prior to being used
models.generic.SetBranchLength: eikImnIe.tree_id_0.Node31.t=0.04341409246968523
Variable 'eikImnIe.tree_id_0.Tupaia_glis.t' was not initialized prior to being used
models.generic.SetBranchLength: eikImnIe.tree_id_0.Tupaia_glis.t=0.3264399152820209
Variable 'eikImnIe.tree_id_0.Node30.t' was not initialized prior to being used
models.generic.SetBranchLength: eikImnIe.tree_id_0.Node30.t=0.02206005272534921
Variable 'eikImnIe.eikImnIe.likelihoodFunction' was not initialized prior to being used
Auto-benchmarked an optimal number (3) of threads.
Set GUI update interval to every 6-th LF evaluation.
Optimization settings:
	OPTIMIZATION_METHOD = 4
	OPTIMIZATION_PRECISION = 0.001
	MAXIMUM_ITERATIONS_PER_VARIABLE = 5000

Initial parameter values

relax.test.theta_CG = 0.282561
relax.test.theta_CT = 1.46582
relax.test.theta_AT = 0.416466
relax.test.theta_AC = 0.424845
relax.test.theta_GT = 0.427922
relax.reference.omega2 = 0.4601
relax.reference.omega3 = 7.27482
relax.reference.bsrel_mixture_aux_1 = 0.818182
relax.reference.bsrel_mixture_aux_0 = 0.45
relax.reference.omega1 = 0.145496
relax.K = 1
eikImnIe.tree_id_0.Oryctolagus_cuniculus.t = 0.208522
eikImnIe.tree_id_0.Ochotona_princeps.t = 0.236672
eikImnIe.tree_id_0.Node2.t = 0.207882
eikImnIe.tree_id_0.Heterocephalus_glaber.t = 0.204771
eikImnIe.tree_id_0.Octodon_degus.t = 0.207839
eikImnIe.tree_id_0.Chinchilla_lanigera.t = 0.204025
eikImnIe.tree_id_0.Node8.t = 0.0384845
eikImnIe.tree_id_0.Node6.t = 0.10166
eikImnIe.tree_id_0.Rattus_norvegicus.t = 0.183544
eikImnIe.tree_id_0.Mus_musculus.t = 0.0548133
eikImnIe.tree_id_0.Mus_caroli.t = 0.0619476
eikImnIe.tree_id_0.Node18.t = 0.0769728
eikImnIe.tree_id_0.Mus_pahari.t = 0.106638
eikImnIe.tree_id_0.Node17.t = 0.0729258
eikImnIe.tree_id_0.Node15.t = 0.122848
eikImnIe.tree_id_0.Cricetulus_griseus.t = 0.196944
eikImnIe.tree_id_0.Peromyscus_maniculatus.t = 0.0592422
eikImnIe.tree_id_0.Peromyscus_leucopus.t = 0.0285827
eikImnIe.tree_id_0.Node24.t = 0.132052
eikImnIe.tree_id_0.Node22.t = 0.0557544
eikImnIe.tree_id_0.Node14.t = 0.1554
eikImnIe.tree_id_0.Nannospalax_galili.t = 0.313367
eikImnIe.tree_id_0.Node13.t = 0.0730824
eikImnIe.tree_id_0.Jaculus_jaculus.t = 0.326186
eikImnIe.tree_id_0.Node12.t = 0.115988
eikImnIe.tree_id_0.Ictidomys_tridecemlineatus.t = 0.289733
eikImnIe.tree_id_0.Node11.t = 0.0139995
eikImnIe.tree_id_0.Node5.t = 0.0590275
eikImnIe.tree_id_0.Propithecus_coquereli.t = 0.132741
eikImnIe.tree_id_0.Microcebus_murinus.t = 0.11956
eikImnIe.tree_id_0.Node32.t = 0.128376
eikImnIe.tree_id_0.Aotus_nancymaae.t = 0.0725625
eikImnIe.tree_id_0.Saimiri_boliviensis.t = 0.0787425
eikImnIe.tree_id_0.Node37.t = 0.0582156
eikImnIe.tree_id_0.Mandrillus_leucophaeus.t = 0.0276525
eikImnIe.tree_id_0.Cercocebus_atys.t = 0.014874
eikImnIe.tree_id_0.Node45.t = 0.00995411
eikImnIe.tree_id_0.Papio_anubis.t = 0.0238671
eikImnIe.tree_id_0.Node44.t = 0.00346773
eikImnIe.tree_id_0.Macaca_mulatta.t = 0.00686298
eikImnIe.tree_id_0.Macaca_fascicularis.t = 0.00455938
eikImnIe.tree_id_0.Node49.t = 0.0254372
eikImnIe.tree_id_0.Node43.t = 0.0204708
eikImnIe.tree_id_0.Chlorocebus_sabaeus.t = 0.0419051
eikImnIe.tree_id_0.Node42.t = 0.0120981
eikImnIe.tree_id_0.Rhinopithecus_roxellana.t = 0.0235297
eikImnIe.tree_id_0.Colobus_angolensis.t = 0.0400126
eikImnIe.tree_id_0.Node53.t = 0.0134474
eikImnIe.tree_id_0.Node41.t = 0.0455191
eikImnIe.tree_id_0.Gorilla_gorilla.t = 0.0169024
eikImnIe.tree_id_0.Homo_sapiens.t = 0.0335749
eikImnIe.tree_id_0.Node57.t = 0.022508
eikImnIe.tree_id_0.Pongo_abelii.t = 0.048804
eikImnIe.tree_id_0.Node56.t = 0.0291006
eikImnIe.tree_id_0.Node40.t = 0.0430243
eikImnIe.tree_id_0.Node36.t = 0.0861004
eikImnIe.tree_id_0.Carlito_syrichta.t = 0.271553
eikImnIe.tree_id_0.Node35.t = 0.034214
eikImnIe.tree_id_0.Node31.t = 0.0434141
eikImnIe.tree_id_0.Tupaia_glis.t = 0.32644
eikImnIe.tree_id_0.Node30.t = 0.0220601
Optimization finished in 68 loop passes.
14502 likelihood evaluation calls and 666420 matrix exponentiations calls were made

Variable 'MPI_NODE_COUNT' was not initialized prior to being used
Variable 'QBjFUyCe.eikImnIe.likelihoodFunction' was not initialized prior to being used
Auto-benchmarked an optimal number (2) of threads.
Set GUI update interval to every 5-th LF evaluation.
Optimization settings:
	OPTIMIZATION_METHOD = 4
	OPTIMIZATION_PRECISION = 0.001
	MAXIMUM_ITERATIONS_PER_VARIABLE = 5000

Initial parameter values

relax.test.theta_CT = 1.45694
relax.test.theta_GT = 0.423075
relax.test.theta_CG = 0.269669
relax.test.theta_AC = 0.417002
relax.test.theta_AT = 0.413617
relax.reference.bsrel_mixture_aux_0 = 0.899529
relax.reference.omega2 = 0.273784
relax.reference.omega3 = 15.0432
relax.reference.bsrel_mixture_aux_1 = 0.989208
relax.reference.omega1 = 0
eikImnIe.tree_id_0.Oryctolagus_cuniculus.t = 0.237895
eikImnIe.tree_id_0.Ochotona_princeps.t = 0.267561
eikImnIe.tree_id_0.Node2.t = 0.232621
eikImnIe.tree_id_0.Heterocephalus_glaber.t = 0.227898
eikImnIe.tree_id_0.Octodon_degus.t = 0.238047
eikImnIe.tree_id_0.Chinchilla_lanigera.t = 0.232862
eikImnIe.tree_id_0.Node8.t = 0.0418669
eikImnIe.tree_id_0.Node6.t = 0.115696
eikImnIe.tree_id_0.Rattus_norvegicus.t = 0.211447
eikImnIe.tree_id_0.Mus_musculus.t = 0.0623988
eikImnIe.tree_id_0.Mus_caroli.t = 0.0705528
eikImnIe.tree_id_0.Node18.t = 0.087321
eikImnIe.tree_id_0.Mus_pahari.t = 0.122841
eikImnIe.tree_id_0.Node17.t = 0.0824548
eikImnIe.tree_id_0.Node15.t = 0.141252
eikImnIe.tree_id_0.Cricetulus_griseus.t = 0.222015
eikImnIe.tree_id_0.Peromyscus_maniculatus.t = 0.0672261
eikImnIe.tree_id_0.Peromyscus_leucopus.t = 0.0320802
eikImnIe.tree_id_0.Node24.t = 0.152469
eikImnIe.tree_id_0.Node22.t = 0.0620773
eikImnIe.tree_id_0.Node14.t = 0.178163
eikImnIe.tree_id_0.Nannospalax_galili.t = 0.352025
eikImnIe.tree_id_0.Node13.t = 0.0830341
eikImnIe.tree_id_0.Jaculus_jaculus.t = 0.370294
eikImnIe.tree_id_0.Node12.t = 0.128784
eikImnIe.tree_id_0.Ictidomys_tridecemlineatus.t = 0.327345
eikImnIe.tree_id_0.Node11.t = 0.0171307
eikImnIe.tree_id_0.Node5.t = 0.0602018
eikImnIe.tree_id_0.Propithecus_coquereli.t = 0.129378
eikImnIe.tree_id_0.Microcebus_murinus.t = 0.118072
eikImnIe.tree_id_0.Node32.t = 0.127148
eikImnIe.tree_id_0.Aotus_nancymaae.t = 0.0713612
eikImnIe.tree_id_0.Saimiri_boliviensis.t = 0.0775068
eikImnIe.tree_id_0.Node37.t = 0.056531
eikImnIe.tree_id_0.Mandrillus_leucophaeus.t = 0.0269789
eikImnIe.tree_id_0.Cercocebus_atys.t = 0.0145078
eikImnIe.tree_id_0.Node45.t = 0.00990597
eikImnIe.tree_id_0.Papio_anubis.t = 0.023039
eikImnIe.tree_id_0.Node44.t = 0.00337563
eikImnIe.tree_id_0.Macaca_mulatta.t = 0.00667616
eikImnIe.tree_id_0.Macaca_fascicularis.t = 0.0044335
eikImnIe.tree_id_0.Node49.t = 0.0250681
eikImnIe.tree_id_0.Node43.t = 0.0197545
eikImnIe.tree_id_0.Chlorocebus_sabaeus.t = 0.0410632
eikImnIe.tree_id_0.Node42.t = 0.0118147
eikImnIe.tree_id_0.Rhinopithecus_roxellana.t = 0.0230063
eikImnIe.tree_id_0.Colobus_angolensis.t = 0.038973
eikImnIe.tree_id_0.Node53.t = 0.0131213
eikImnIe.tree_id_0.Node41.t = 0.044333
eikImnIe.tree_id_0.Gorilla_gorilla.t = 0.01641
eikImnIe.tree_id_0.Homo_sapiens.t = 0.0325105
eikImnIe.tree_id_0.Node57.t = 0.0218975
eikImnIe.tree_id_0.Pongo_abelii.t = 0.0473645
eikImnIe.tree_id_0.Node56.t = 0.0284812
eikImnIe.tree_id_0.Node40.t = 0.0423028
eikImnIe.tree_id_0.Node36.t = 0.0836192
eikImnIe.tree_id_0.Carlito_syrichta.t = 0.268502
eikImnIe.tree_id_0.Node35.t = 0.0311207
eikImnIe.tree_id_0.Node31.t = 0.044904
eikImnIe.tree_id_0.Tupaia_glis.t = 0.363989
eikImnIe.tree_id_0.Node30.t = 0.0239158
Optimization finished in 58 loop passes.
8948 likelihood evaluation calls and 436485 matrix exponentiations calls were made

Variable 'USE_JSON_FOR_MATRIX' was not initialized prior to being used