
Loaded 'libv3/all-terms.bf' from /usr/local/lib/hyphy/TemplateBatchFiles/libv3/all-terms.bf
Loaded 'libv3/UtilityFunctions.bf' from /usr/local/lib/hyphy/TemplateBatchFiles/libv3/UtilityFunctions.bf
Loaded 'IOFunctions.bf' from /usr/local/lib/hyphy/TemplateBatchFiles/libv3/IOFunctions.bf
Already loaded 'libv3/UtilityFunctions.bf' from /usr/local/lib/hyphy/TemplateBatchFiles/libv3/UtilityFunctions.bf
Loaded 'convenience/regexp.bf' from /usr/local/lib/hyphy/TemplateBatchFiles/libv3/convenience/regexp.bf
Already loaded 'libv3/all-terms.bf' from /usr/local/lib/hyphy/TemplateBatchFiles/libv3/all-terms.bf
Already loaded 'libv3/IOFunctions.bf' from /usr/local/lib/hyphy/TemplateBatchFiles/libv3/IOFunctions.bf
Loaded 'libv3/models/codon/MG_REV.bf' from /usr/local/lib/hyphy/TemplateBatchFiles/libv3/models/codon/MG_REV.bf
Loaded '../codon.bf' from /usr/local/lib/hyphy/TemplateBatchFiles/libv3/models/codon.bf
Loaded '../tasks/genetic_code.bf' from /usr/local/lib/hyphy/TemplateBatchFiles/libv3/tasks/genetic_code.bf
Loaded 'libv3/convenience/matrix.bf' from /usr/local/lib/hyphy/TemplateBatchFiles/libv3/convenience/matrix.bf
Already loaded 'libv3/UtilityFunctions.bf' from /usr/local/lib/hyphy/TemplateBatchFiles/libv3/UtilityFunctions.bf
Already loaded 'libv3/all-terms.bf' from /usr/local/lib/hyphy/TemplateBatchFiles/libv3/all-terms.bf
Already loaded '../UtilityFunctions.bf' from /usr/local/lib/hyphy/TemplateBatchFiles/libv3/UtilityFunctions.bf
Loaded '../DNA.bf' from /usr/local/lib/hyphy/TemplateBatchFiles/libv3/models/DNA.bf
Loaded 'frequencies.bf' from /usr/local/lib/hyphy/TemplateBatchFiles/libv3/models/frequencies.bf
Already loaded '../all-terms.bf' from /usr/local/lib/hyphy/TemplateBatchFiles/libv3/all-terms.bf
Loaded 'parameters.bf' from /usr/local/lib/hyphy/TemplateBatchFiles/libv3/models/parameters.bf
Loaded 'GrabBag' from /usr/local/lib/hyphy/TemplateBatchFiles/Utility/GrabBag.bf
Overwritten previously defined function:'_sortStringsAux'
Already loaded 'libv3/all-terms.bf' from /usr/local/lib/hyphy/TemplateBatchFiles/libv3/all-terms.bf
Already loaded '../UtilityFunctions.bf' from /usr/local/lib/hyphy/TemplateBatchFiles/libv3/UtilityFunctions.bf
Loaded 'model_functions.bf' from /usr/local/lib/hyphy/TemplateBatchFiles/libv3/models/model_functions.bf
Already loaded 'DNA.bf' from /usr/local/lib/hyphy/TemplateBatchFiles/libv3/models/DNA.bf
Already loaded 'parameters.bf' from /usr/local/lib/hyphy/TemplateBatchFiles/libv3/models/parameters.bf
Already loaded 'frequencies.bf' from /usr/local/lib/hyphy/TemplateBatchFiles/libv3/models/frequencies.bf
Already loaded '../UtilityFunctions.bf' from /usr/local/lib/hyphy/TemplateBatchFiles/libv3/UtilityFunctions.bf
Already loaded '../convenience/regexp.bf' from /usr/local/lib/hyphy/TemplateBatchFiles/libv3/convenience/regexp.bf
Already loaded 'libv3/all-terms.bf' from /usr/local/lib/hyphy/TemplateBatchFiles/libv3/all-terms.bf
Already loaded '../parameters.bf' from /usr/local/lib/hyphy/TemplateBatchFiles/libv3/models/parameters.bf
Already loaded '../frequencies.bf' from /usr/local/lib/hyphy/TemplateBatchFiles/libv3/models/frequencies.bf
Already loaded '../../UtilityFunctions.bf' from /usr/local/lib/hyphy/TemplateBatchFiles/libv3/UtilityFunctions.bf
Loaded 'libv3/tasks/estimators.bf' from /usr/local/lib/hyphy/TemplateBatchFiles/libv3/tasks/estimators.bf
Already loaded '../models/model_functions.bf' from /usr/local/lib/hyphy/TemplateBatchFiles/libv3/models/model_functions.bf
Loaded '../models/DNA/GTR.bf' from /usr/local/lib/hyphy/TemplateBatchFiles/libv3/models/DNA/GTR.bf
Already loaded '../DNA.bf' from /usr/local/lib/hyphy/TemplateBatchFiles/libv3/models/DNA.bf
Already loaded '../parameters.bf' from /usr/local/lib/hyphy/TemplateBatchFiles/libv3/models/parameters.bf
Already loaded '../frequencies.bf' from /usr/local/lib/hyphy/TemplateBatchFiles/libv3/models/frequencies.bf
Already loaded '../../UtilityFunctions.bf' from /usr/local/lib/hyphy/TemplateBatchFiles/libv3/UtilityFunctions.bf
Already loaded 'libv3/all-terms.bf' from /usr/local/lib/hyphy/TemplateBatchFiles/libv3/all-terms.bf
Already loaded '../convenience/regexp.bf' from /usr/local/lib/hyphy/TemplateBatchFiles/libv3/convenience/regexp.bf
Already loaded 'libv3/all-terms.bf' from /usr/local/lib/hyphy/TemplateBatchFiles/libv3/all-terms.bf
Loaded 'libv3/tasks/alignments.bf' from /usr/local/lib/hyphy/TemplateBatchFiles/libv3/tasks/alignments.bf
Already loaded '../IOFunctions.bf' from /usr/local/lib/hyphy/TemplateBatchFiles/libv3/IOFunctions.bf
Already loaded '../all-terms.bf' from /usr/local/lib/hyphy/TemplateBatchFiles/libv3/all-terms.bf
Loaded 'libv3/tasks/trees.bf' from /usr/local/lib/hyphy/TemplateBatchFiles/libv3/tasks/trees.bf
Already loaded '../IOFunctions.bf' from /usr/local/lib/hyphy/TemplateBatchFiles/libv3/IOFunctions.bf
Already loaded '../all-terms.bf' from /usr/local/lib/hyphy/TemplateBatchFiles/libv3/all-terms.bf
Already loaded '../convenience/regexp.bf' from /usr/local/lib/hyphy/TemplateBatchFiles/libv3/convenience/regexp.bf
Already loaded '../UtilityFunctions.bf' from /usr/local/lib/hyphy/TemplateBatchFiles/libv3/UtilityFunctions.bf
Loaded 'TreeTools' from /usr/local/lib/hyphy/TemplateBatchFiles/TreeTools.ibf
Loaded 'modules/io_functions.ibf' from /usr/local/lib/hyphy/TemplateBatchFiles/SelectionAnalyses/modules/io_functions.ibf
Already loaded 'libv3/UtilityFunctions.bf' from /usr/local/lib/hyphy/TemplateBatchFiles/libv3/UtilityFunctions.bf
Already loaded 'libv3/IOFunctions.bf' from /usr/local/lib/hyphy/TemplateBatchFiles/libv3/IOFunctions.bf
Already loaded 'libv3/convenience/regexp.bf' from /usr/local/lib/hyphy/TemplateBatchFiles/libv3/convenience/regexp.bf
Already loaded 'libv3/all-terms.bf' from /usr/local/lib/hyphy/TemplateBatchFiles/libv3/all-terms.bf
Loaded 'modules/selection_lib.ibf' from /usr/local/lib/hyphy/TemplateBatchFiles/SelectionAnalyses/modules/selection_lib.ibf
Loaded 'libv3/models/codon/BS_REL.bf' from /usr/local/lib/hyphy/TemplateBatchFiles/libv3/models/codon/BS_REL.bf
Already loaded '../codon.bf' from /usr/local/lib/hyphy/TemplateBatchFiles/libv3/models/codon.bf
Already loaded '../DNA.bf' from /usr/local/lib/hyphy/TemplateBatchFiles/libv3/models/DNA.bf
Already loaded '../parameters.bf' from /usr/local/lib/hyphy/TemplateBatchFiles/libv3/models/parameters.bf
Already loaded '../frequencies.bf' from /usr/local/lib/hyphy/TemplateBatchFiles/libv3/models/frequencies.bf
Already loaded '../../UtilityFunctions.bf' from /usr/local/lib/hyphy/TemplateBatchFiles/libv3/UtilityFunctions.bf
Already loaded 'MG_REV.bf' from /usr/local/lib/hyphy/TemplateBatchFiles/libv3/models/codon/MG_REV.bf
Loaded '../../convenience/math.bf' from /usr/local/lib/hyphy/TemplateBatchFiles/libv3/convenience/math.bf
Already loaded 'libv3/UtilityFunctions.bf' from /usr/local/lib/hyphy/TemplateBatchFiles/libv3/UtilityFunctions.bf
Already loaded 'libv3/convenience/math.bf' from /usr/local/lib/hyphy/TemplateBatchFiles/libv3/convenience/math.bf
Loaded 'libv3/tasks/mpi.bf' from /usr/local/lib/hyphy/TemplateBatchFiles/libv3/tasks/mpi.bf
Already loaded '../all-terms.bf' from /usr/local/lib/hyphy/TemplateBatchFiles/libv3/all-terms.bf
Already loaded '../models/parameters.bf' from /usr/local/lib/hyphy/TemplateBatchFiles/libv3/models/parameters.bf
Variable 'NORMALIZE_SEQUENCE_NAMES' was not initialized prior to being used
Variable 'ASSUME_REVERSIBLE_MODELS' was not initialized prior to being used
Loaded 'modules/shared-load-file.bf' from /usr/local/lib/hyphy/TemplateBatchFiles/SelectionAnalyses/modules/shared-load-file.bf
Variable 'MARKDOWN_OUTPUT' was not initialized prior to being used
Already loaded 'libv3/convenience/matrix.bf' from /usr/local/lib/hyphy/TemplateBatchFiles/libv3/convenience/matrix.bf
Already loaded 'libv3/UtilityFunctions.bf' from /usr/local/lib/hyphy/TemplateBatchFiles/libv3/UtilityFunctions.bf
Variable 'tc_yDPLr.skipCodeSelectionStep' was not initialized prior to being used
Row and/or column partition is empty. All the data will be used by default.
Variable 'NEXUS_FILE_TREE_MATRIX' was not initialized prior to being used
Variable 'utility.ToggleEnvVariable.cache' was not initialized prior to being used
Variable 'TREE_NODE_NAME_MAPPING' was not initialized prior to being used
Variable 'kCgnzXJG.PROMPT_FOR_FILE' was not initialized prior to being used
Variable 'END_OF_FILE' was not initialized prior to being used
Variable '_DO_TREE_REBALANCE_' was not initialized prior to being used
Variable '_KEEP_I_LABELS_' was not initialized prior to being used
Rooted topology. Removing one branch - the left root child has been promoted to be the new root
Variable 'INCLUDE_MODEL_SPECS' was not initialized prior to being used
Variable 'utility.ForEachPair.warn_non_rentrant' was not initialized prior to being used
Row and/or column partition is empty. All the data will be used by default.
Row and/or column partition is empty. All the data will be used by default.
Loaded 'modules/grid_compute.ibf' from /usr/local/lib/hyphy/TemplateBatchFiles/SelectionAnalyses/modules/grid_compute.ibf
Variable 'hXadCAyO.cache' was not initialized prior to being used
Row and/or column partition is empty. All the data will be used by default.
Variable 'COUNT_GAPS_IN_FREQUENCIES' was not initialized prior to being used
Variable 'EyoQwDGq.model_pi' was not initialized prior to being used
Model EyoQwDGq.model assigned to Canis_lupus
Model EyoQwDGq.model assigned to Vulpes_vulpes
Model EyoQwDGq.model assigned to Enhydra_lutris
Model EyoQwDGq.model assigned to Lontra_canadensis
Model EyoQwDGq.model assigned to Node7
Model EyoQwDGq.model assigned to Neovison_vison
Model EyoQwDGq.model assigned to Mustela_putorius
Model EyoQwDGq.model assigned to Node10
Model EyoQwDGq.model assigned to Node6
Model EyoQwDGq.model assigned to Callorhinus_ursinus
Model EyoQwDGq.model assigned to Zalophus_californianus
Model EyoQwDGq.model assigned to Eumetopias_jubatus
Model EyoQwDGq.model assigned to Node17
Model EyoQwDGq.model assigned to Node15
Model EyoQwDGq.model assigned to Odobenus_rosmarus
Model EyoQwDGq.model assigned to Node14
Model EyoQwDGq.model assigned to Leptonychotes_weddellii
Model EyoQwDGq.model assigned to Mirounga_leonina
Model EyoQwDGq.model assigned to Node23
Model EyoQwDGq.model assigned to Monachus_schauinslandi
Model EyoQwDGq.model assigned to Node22
Model EyoQwDGq.model assigned to Phoca_vitulina
Model EyoQwDGq.model assigned to Node21
Model EyoQwDGq.model assigned to Node13
Model EyoQwDGq.model assigned to Node5
Model EyoQwDGq.model assigned to Ailuropoda_melanoleuca
Model EyoQwDGq.model assigned to Ursus_thibetanus
Model EyoQwDGq.model assigned to Ursus_americanus
Model EyoQwDGq.model assigned to Node31
Model EyoQwDGq.model assigned to Ursus_arctos
Model EyoQwDGq.model assigned to Ursus_maritimus
Model EyoQwDGq.model assigned to Node34
Model EyoQwDGq.model assigned to Node30
Model EyoQwDGq.model assigned to Node28
Model EyoQwDGq.model assigned to Node4
The tips of the tree:EyoQwDGq.tree_0 were matched with the species names from the data in the following numeric order (0-based) {2,17,3,6,10,9,1,18,4,11,5,7,8,12,0,16,13,14,15}

Pseudo-optimal path's cost 1963 vs 3791 for 1..k=> a 1.93123 x improvement
Partition 0 is ASSUMED to have a reversible model
Variable 'USE_LAST_RESULTS' was not initialized prior to being used
Variable 'EyoQwDGq.tree_0.Canis_lupus.t' was not initialized prior to being used
models.generic.SetBranchLength: EyoQwDGq.tree_0.Canis_lupus.t=37.93374662126396
Variable 'EyoQwDGq.tree_0.Vulpes_vulpes.t' was not initialized prior to being used
models.generic.SetBranchLength: EyoQwDGq.tree_0.Vulpes_vulpes.t=37.93374662126396
Variable 'EyoQwDGq.tree_0.Enhydra_lutris.t' was not initialized prior to being used
models.generic.SetBranchLength: EyoQwDGq.tree_0.Enhydra_lutris.t=26.97175999817746
Variable 'EyoQwDGq.tree_0.Lontra_canadensis.t' was not initialized prior to being used
models.generic.SetBranchLength: EyoQwDGq.tree_0.Lontra_canadensis.t=26.97175999817746
Variable 'EyoQwDGq.tree_0.Node7.t' was not initialized prior to being used
models.generic.SetBranchLength: EyoQwDGq.tree_0.Node7.t=19.93186377579532
Variable 'EyoQwDGq.tree_0.Neovison_vison.t' was not initialized prior to being used
models.generic.SetBranchLength: EyoQwDGq.tree_0.Neovison_vison.t=22.18369037711853
Variable 'EyoQwDGq.tree_0.Mustela_putorius.t' was not initialized prior to being used
models.generic.SetBranchLength: EyoQwDGq.tree_0.Mustela_putorius.t=22.18369037711853
Variable 'EyoQwDGq.tree_0.Node10.t' was not initialized prior to being used
models.generic.SetBranchLength: EyoQwDGq.tree_0.Node10.t=24.71993339685424
Variable 'EyoQwDGq.tree_0.Node6.t' was not initialized prior to being used
models.generic.SetBranchLength: EyoQwDGq.tree_0.Node6.t=59.83997309072099
Variable 'EyoQwDGq.tree_0.Callorhinus_ursinus.t' was not initialized prior to being used
models.generic.SetBranchLength: EyoQwDGq.tree_0.Callorhinus_ursinus.t=25.78518043824065
Variable 'EyoQwDGq.tree_0.Zalophus_californianus.t' was not initialized prior to being used
models.generic.SetBranchLength: EyoQwDGq.tree_0.Zalophus_californianus.t=15.1579955267344
Variable 'EyoQwDGq.tree_0.Eumetopias_jubatus.t' was not initialized prior to being used
models.generic.SetBranchLength: EyoQwDGq.tree_0.Eumetopias_jubatus.t=15.1579955267344
Variable 'EyoQwDGq.tree_0.Node17.t' was not initialized prior to being used
models.generic.SetBranchLength: EyoQwDGq.tree_0.Node17.t=10.62718491150626
Variable 'EyoQwDGq.tree_0.Node15.t' was not initialized prior to being used
models.generic.SetBranchLength: EyoQwDGq.tree_0.Node15.t=26.39744104549517
Variable 'EyoQwDGq.tree_0.Odobenus_rosmarus.t' was not initialized prior to being used
models.generic.SetBranchLength: EyoQwDGq.tree_0.Odobenus_rosmarus.t=52.18262148373584
Variable 'EyoQwDGq.tree_0.Node14.t' was not initialized prior to being used
models.generic.SetBranchLength: EyoQwDGq.tree_0.Node14.t=17.46328679153752
Variable 'EyoQwDGq.tree_0.Leptonychotes_weddellii.t' was not initialized prior to being used
models.generic.SetBranchLength: EyoQwDGq.tree_0.Leptonychotes_weddellii.t=29.67120224708561
Variable 'EyoQwDGq.tree_0.Mirounga_leonina.t' was not initialized prior to being used
models.generic.SetBranchLength: EyoQwDGq.tree_0.Mirounga_leonina.t=29.67120224708561
Variable 'EyoQwDGq.tree_0.Node23.t' was not initialized prior to being used
models.generic.SetBranchLength: EyoQwDGq.tree_0.Node23.t=6.424712822512667
Variable 'EyoQwDGq.tree_0.Monachus_schauinslandi.t' was not initialized prior to being used
models.generic.SetBranchLength: EyoQwDGq.tree_0.Monachus_schauinslandi.t=36.09591506959828
Variable 'EyoQwDGq.tree_0.Node22.t' was not initialized prior to being used
models.generic.SetBranchLength: EyoQwDGq.tree_0.Node22.t=13.24713133416688
Variable 'EyoQwDGq.tree_0.Phoca_vitulina.t' was not initialized prior to being used
models.generic.SetBranchLength: EyoQwDGq.tree_0.Phoca_vitulina.t=49.34304640376516
Variable 'EyoQwDGq.tree_0.Node21.t' was not initialized prior to being used
models.generic.SetBranchLength: EyoQwDGq.tree_0.Node21.t=20.30286187150819
Variable 'EyoQwDGq.tree_0.Node13.t' was not initialized prior to being used
models.generic.SetBranchLength: EyoQwDGq.tree_0.Node13.t=37.09768858942041
Variable 'EyoQwDGq.tree_0.Node5.t' was not initialized prior to being used
models.generic.SetBranchLength: EyoQwDGq.tree_0.Node5.t=0.1790099315073083
Variable 'EyoQwDGq.tree_0.Ailuropoda_melanoleuca.t' was not initialized prior to being used
models.generic.SetBranchLength: EyoQwDGq.tree_0.Ailuropoda_melanoleuca.t=62.61669509026267
Variable 'EyoQwDGq.tree_0.Ursus_thibetanus.t' was not initialized prior to being used
models.generic.SetBranchLength: EyoQwDGq.tree_0.Ursus_thibetanus.t=13.65723338305117
Variable 'EyoQwDGq.tree_0.Ursus_americanus.t' was not initialized prior to being used
models.generic.SetBranchLength: EyoQwDGq.tree_0.Ursus_americanus.t=13.65723338305117
Variable 'EyoQwDGq.tree_0.Node31.t' was not initialized prior to being used
models.generic.SetBranchLength: EyoQwDGq.tree_0.Node31.t=3.603495097231212
Variable 'EyoQwDGq.tree_0.Ursus_arctos.t' was not initialized prior to being used
models.generic.SetBranchLength: EyoQwDGq.tree_0.Ursus_arctos.t=2.918621810721097
Variable 'EyoQwDGq.tree_0.Ursus_maritimus.t' was not initialized prior to being used
models.generic.SetBranchLength: EyoQwDGq.tree_0.Ursus_maritimus.t=2.918621810721097
Variable 'EyoQwDGq.tree_0.Node34.t' was not initialized prior to being used
models.generic.SetBranchLength: EyoQwDGq.tree_0.Node34.t=14.34210666956129
Variable 'EyoQwDGq.tree_0.Node30.t' was not initialized prior to being used
models.generic.SetBranchLength: EyoQwDGq.tree_0.Node30.t=45.35596663678236
Variable 'EyoQwDGq.tree_0.Node28.t' was not initialized prior to being used
models.generic.SetBranchLength: EyoQwDGq.tree_0.Node28.t=44.30591167913634
Variable 'EyoQwDGq.tree_0.Node4.t' was not initialized prior to being used
models.generic.SetBranchLength: EyoQwDGq.tree_0.Node4.t=15.10279800217365
Variable 'EyoQwDGq.EyoQwDGq.likelihoodFunction' was not initialized prior to being used
Variable 'SAVE_OPT_STATUS_TO' was not initialized prior to being used
Auto-benchmarked an optimal number (1) of threads.
Set GUI update interval to every 2631-th LF evaluation.
Optimization settings:
	OPTIMIZATION_METHOD = 4
	OPTIMIZATION_PRECISION = 0.001
	MAXIMUM_ITERATIONS_PER_VARIABLE = 5000

Initial parameter values

EyoQwDGq.model.theta_GT = 0.25
EyoQwDGq.model.theta_CT = 1
EyoQwDGq.model.theta_CG = 0.25
EyoQwDGq.model.theta_AT = 0.25
EyoQwDGq.model.theta_AC = 0.25
EyoQwDGq.tree_0.Canis_lupus.t = 37.9337
EyoQwDGq.tree_0.Vulpes_vulpes.t = 37.9337
EyoQwDGq.tree_0.Enhydra_lutris.t = 26.9718
EyoQwDGq.tree_0.Lontra_canadensis.t = 26.9718
EyoQwDGq.tree_0.Node7.t = 19.9319
EyoQwDGq.tree_0.Neovison_vison.t = 22.1837
EyoQwDGq.tree_0.Mustela_putorius.t = 22.1837
EyoQwDGq.tree_0.Node10.t = 24.7199
EyoQwDGq.tree_0.Node6.t = 59.84
EyoQwDGq.tree_0.Callorhinus_ursinus.t = 25.7852
EyoQwDGq.tree_0.Zalophus_californianus.t = 15.158
EyoQwDGq.tree_0.Eumetopias_jubatus.t = 15.158
EyoQwDGq.tree_0.Node17.t = 10.6272
EyoQwDGq.tree_0.Node15.t = 26.3974
EyoQwDGq.tree_0.Odobenus_rosmarus.t = 52.1826
EyoQwDGq.tree_0.Node14.t = 17.4633
EyoQwDGq.tree_0.Leptonychotes_weddellii.t = 29.6712
EyoQwDGq.tree_0.Mirounga_leonina.t = 29.6712
EyoQwDGq.tree_0.Node23.t = 6.42471
EyoQwDGq.tree_0.Monachus_schauinslandi.t = 36.0959
EyoQwDGq.tree_0.Node22.t = 13.2471
EyoQwDGq.tree_0.Phoca_vitulina.t = 49.343
EyoQwDGq.tree_0.Node21.t = 20.3029
EyoQwDGq.tree_0.Node13.t = 37.0977
EyoQwDGq.tree_0.Node5.t = 0.17901
EyoQwDGq.tree_0.Ailuropoda_melanoleuca.t = 62.6167
EyoQwDGq.tree_0.Ursus_thibetanus.t = 13.6572
EyoQwDGq.tree_0.Ursus_americanus.t = 13.6572
EyoQwDGq.tree_0.Node31.t = 3.6035
EyoQwDGq.tree_0.Ursus_arctos.t = 2.91862
EyoQwDGq.tree_0.Ursus_maritimus.t = 2.91862
EyoQwDGq.tree_0.Node34.t = 14.3421
EyoQwDGq.tree_0.Node30.t = 45.356
EyoQwDGq.tree_0.Node28.t = 44.3059
EyoQwDGq.tree_0.Node4.t = 15.1028
Site 94 evaluated to a 0 probability in ComputeLLWithBranchCache
Optimization finished in 29 loop passes.
4633 likelihood evaluation calls and 36128 matrix exponentiations calls were made

Variable 'BRANCH_LENGTH_STENCIL' was not initialized prior to being used
Variable 'EyoQwDGq.option' was not initialized prior to being used
Variable 'relax.terms.json.nucleotide_gtr' was not initialized prior to being used
Variable 'Unknown' was not initialized prior to being used
Variable 'UhyDRSnr.initial_value' was not initialized prior to being used
Variable 'XyVkcEzB.data_filter' was not initialized prior to being used
Row and/or column partition is empty. All the data will be used by default.
Auto-benchmarked an optimal number (3) of threads.
Set GUI update interval to every 4545-th LF evaluation.
Optimization settings:
	OPTIMIZATION_METHOD = 4
	OPTIMIZATION_PRECISION = 0.001
	MAXIMUM_ITERATIONS_PER_VARIABLE = 5000

Initial parameter values

frequencies._aux.CF3x4.p0_0 = 0.215351
frequencies._aux.CF3x4.p0_1 = 0.367915
frequencies._aux.CF3x4.p0_2 = 0.616732
frequencies._aux.CF3x4.p1_0 = 0.331491
frequencies._aux.CF3x4.p1_1 = 0.32791
frequencies._aux.CF3x4.p1_2 = 0.362163
frequencies._aux.CF3x4.p2_0 = 0.12693
frequencies._aux.CF3x4.p2_1 = 0.406209
frequencies._aux.CF3x4.p2_2 = 0.579865
Optimization finished in 6 loop passes.
240 likelihood evaluation calls and 0 matrix exponentiations calls were made

Variable 'XyVkcEzB.model_MGREV_pi' was not initialized prior to being used
Model XyVkcEzB.model_MGREV assigned to Canis_lupus
Model XyVkcEzB.model_MGREV assigned to Vulpes_vulpes
Model XyVkcEzB.model_MGREV assigned to Enhydra_lutris
Model XyVkcEzB.model_MGREV assigned to Lontra_canadensis
Model XyVkcEzB.model_MGREV assigned to Node7
Model XyVkcEzB.model_MGREV assigned to Neovison_vison
Model XyVkcEzB.model_MGREV assigned to Mustela_putorius
Model XyVkcEzB.model_MGREV assigned to Node10
Model XyVkcEzB.model_MGREV assigned to Node6
Model XyVkcEzB.model_MGREV assigned to Callorhinus_ursinus
Model XyVkcEzB.model_MGREV assigned to Zalophus_californianus
Model XyVkcEzB.model_MGREV assigned to Eumetopias_jubatus
Model XyVkcEzB.model_MGREV assigned to Node17
Model XyVkcEzB.model_MGREV assigned to Node15
Model XyVkcEzB.model_MGREV assigned to Odobenus_rosmarus
Model XyVkcEzB.model_MGREV assigned to Node14
Model XyVkcEzB.model_MGREV assigned to Leptonychotes_weddellii
Model XyVkcEzB.model_MGREV assigned to Mirounga_leonina
Model XyVkcEzB.model_MGREV assigned to Node23
Model XyVkcEzB.model_MGREV assigned to Monachus_schauinslandi
Model XyVkcEzB.model_MGREV assigned to Node22
Model XyVkcEzB.model_MGREV assigned to Phoca_vitulina
Model XyVkcEzB.model_MGREV assigned to Node21
Model XyVkcEzB.model_MGREV assigned to Node13
Model XyVkcEzB.model_MGREV assigned to Node5
Model XyVkcEzB.model_MGREV assigned to Ailuropoda_melanoleuca
Model XyVkcEzB.model_MGREV assigned to Ursus_thibetanus
Model XyVkcEzB.model_MGREV assigned to Ursus_americanus
Model XyVkcEzB.model_MGREV assigned to Node31
Model XyVkcEzB.model_MGREV assigned to Ursus_arctos
Model XyVkcEzB.model_MGREV assigned to Ursus_maritimus
Model XyVkcEzB.model_MGREV assigned to Node34
Model XyVkcEzB.model_MGREV assigned to Node30
Model XyVkcEzB.model_MGREV assigned to Node28
Model XyVkcEzB.model_MGREV assigned to Node4
The tips of the tree:XyVkcEzB.tree_0 were matched with the species names from the data in the following numeric order (0-based) {2,17,3,6,10,9,1,18,4,11,5,7,8,12,0,16,13,14,15}

Pseudo-optimal path's cost 3362 vs 4226 for 1..k=> a 1.25699 x improvement
Partition 0 is ASSUMED to have a reversible model
Variable 'XyVkcEzB.XyVkcEzB.likelihoodFunction' was not initialized prior to being used
Variable 'XyVkcEzB.tree_0.Canis_lupus.alpha' was not initialized prior to being used
Variable 'XyVkcEzB.tree_0.Vulpes_vulpes.alpha' was not initialized prior to being used
Variable 'XyVkcEzB.tree_0.Enhydra_lutris.alpha' was not initialized prior to being used
Variable 'XyVkcEzB.tree_0.Lontra_canadensis.alpha' was not initialized prior to being used
Variable 'XyVkcEzB.tree_0.Node7.alpha' was not initialized prior to being used
Variable 'XyVkcEzB.tree_0.Neovison_vison.alpha' was not initialized prior to being used
Variable 'XyVkcEzB.tree_0.Mustela_putorius.alpha' was not initialized prior to being used
Variable 'XyVkcEzB.tree_0.Node10.alpha' was not initialized prior to being used
Variable 'XyVkcEzB.tree_0.Node6.alpha' was not initialized prior to being used
Variable 'XyVkcEzB.tree_0.Callorhinus_ursinus.alpha' was not initialized prior to being used
Variable 'XyVkcEzB.tree_0.Zalophus_californianus.alpha' was not initialized prior to being used
Variable 'XyVkcEzB.tree_0.Eumetopias_jubatus.alpha' was not initialized prior to being used
Variable 'XyVkcEzB.tree_0.Node17.alpha' was not initialized prior to being used
Variable 'XyVkcEzB.tree_0.Node15.alpha' was not initialized prior to being used
Variable 'XyVkcEzB.tree_0.Odobenus_rosmarus.alpha' was not initialized prior to being used
Variable 'XyVkcEzB.tree_0.Node14.alpha' was not initialized prior to being used
Variable 'XyVkcEzB.tree_0.Leptonychotes_weddellii.alpha' was not initialized prior to being used
Variable 'XyVkcEzB.tree_0.Mirounga_leonina.alpha' was not initialized prior to being used
Variable 'XyVkcEzB.tree_0.Node23.alpha' was not initialized prior to being used
Variable 'XyVkcEzB.tree_0.Monachus_schauinslandi.alpha' was not initialized prior to being used
Variable 'XyVkcEzB.tree_0.Node22.alpha' was not initialized prior to being used
Variable 'XyVkcEzB.tree_0.Phoca_vitulina.alpha' was not initialized prior to being used
Variable 'XyVkcEzB.tree_0.Node21.alpha' was not initialized prior to being used
Variable 'XyVkcEzB.tree_0.Node13.alpha' was not initialized prior to being used
Variable 'XyVkcEzB.tree_0.Node5.alpha' was not initialized prior to being used
Variable 'XyVkcEzB.tree_0.Ailuropoda_melanoleuca.alpha' was not initialized prior to being used
Variable 'XyVkcEzB.tree_0.Ursus_thibetanus.alpha' was not initialized prior to being used
Variable 'XyVkcEzB.tree_0.Ursus_americanus.alpha' was not initialized prior to being used
Variable 'XyVkcEzB.tree_0.Node31.alpha' was not initialized prior to being used
Variable 'XyVkcEzB.tree_0.Ursus_arctos.alpha' was not initialized prior to being used
Variable 'XyVkcEzB.tree_0.Ursus_maritimus.alpha' was not initialized prior to being used
Variable 'XyVkcEzB.tree_0.Node34.alpha' was not initialized prior to being used
Variable 'XyVkcEzB.tree_0.Node30.alpha' was not initialized prior to being used
Variable 'XyVkcEzB.tree_0.Node28.alpha' was not initialized prior to being used
Variable 'XyVkcEzB.tree_0.Node4.alpha' was not initialized prior to being used
Site 15 evaluated to a 0 probability in ComputeTreeBlockByBranch
Site 16 evaluated to a 0 probability in ComputeTreeBlockByBranch
Site 15 evaluated to a 0 probability in ComputeTreeBlockByBranch
Site 18 evaluated to a 0 probability in ComputeTreeBlockByBranch
Site 15 evaluated to a 0 probability in ComputeTreeBlockByBranch
Site 34 evaluated to a 0 probability in ComputeTreeBlockByBranch
Auto-benchmarked an optimal number (2) of threads.
Set GUI update interval to every 143-th LF evaluation.
Initial guess for XyVkcEzB.tree_0.Vulpes_vulpes.alpha is 2.50832e-06
Initial guess for XyVkcEzB.tree_0.Node4.alpha is 8.06707e-05
Initial guess for XyVkcEzB.tree_0.Node5.alpha is -1.10134e-05
Initial guess for XyVkcEzB.tree_0.Node6.alpha is 0.000158787
Initial guess for XyVkcEzB.tree_0.Node7.alpha is 2.39803e-05
Initial guess for XyVkcEzB.tree_0.Enhydra_lutris.alpha is 2.0848e-05
Initial guess for XyVkcEzB.tree_0.Lontra_canadensis.alpha is 2.5158e-05
Initial guess for XyVkcEzB.tree_0.Node10.alpha is 5.65231e-06
Initial guess for XyVkcEzB.tree_0.Neovison_vison.alpha is 4.47268e-06
Initial guess for XyVkcEzB.tree_0.Mustela_putorius.alpha is 1.96587e-05
Initial guess for XyVkcEzB.tree_0.Node13.alpha is 6.68268e-05
Initial guess for XyVkcEzB.tree_0.Node14.alpha is 2.47e-06
Initial guess for XyVkcEzB.tree_0.Node15.alpha is 4.17924e-06
Initial guess for XyVkcEzB.tree_0.Callorhinus_ursinus.alpha is 1.32643e-05
Initial guess for XyVkcEzB.tree_0.Node17.alpha is 3.31679e-07
Initial guess for XyVkcEzB.tree_0.Zalophus_californianus.alpha is 2.96054e-06
Initial guess for XyVkcEzB.tree_0.Eumetopias_jubatus.alpha is -1.50454e-07
Initial guess for XyVkcEzB.tree_0.Odobenus_rosmarus.alpha is 3.44266e-06
Initial guess for XyVkcEzB.tree_0.Node21.alpha is 1.13214e-05
Initial guess for XyVkcEzB.tree_0.Node22.alpha is 6.638e-05
Initial guess for XyVkcEzB.tree_0.Node23.alpha is 4.41525e-06
Initial guess for XyVkcEzB.tree_0.Leptonychotes_weddellii.alpha is 1.21715e-05
Initial guess for XyVkcEzB.tree_0.Mirounga_leonina.alpha is 7.22269e-06
Initial guess for XyVkcEzB.tree_0.Monachus_schauinslandi.alpha is 5.94627e-06
Initial guess for XyVkcEzB.tree_0.Phoca_vitulina.alpha is 7.10768e-06
Initial guess for XyVkcEzB.tree_0.Node28.alpha is 5.53392e-05
Initial guess for XyVkcEzB.tree_0.Ailuropoda_melanoleuca.alpha is 1.18486e-05
Initial guess for XyVkcEzB.tree_0.Node30.alpha is 3.47999e-05
Initial guess for XyVkcEzB.tree_0.Node31.alpha is 1.44481e-06
Initial guess for XyVkcEzB.tree_0.Ursus_thibetanus.alpha is 2.77566e-05
Initial guess for XyVkcEzB.tree_0.Ursus_americanus.alpha is 7.1938e-07
Initial guess for XyVkcEzB.tree_0.Node34.alpha is 8.43194e-06
Initial guess for XyVkcEzB.tree_0.Ursus_arctos.alpha is 5.86506e-06
Initial guess for XyVkcEzB.tree_0.Ursus_maritimus.alpha is -2.78796e-19
Optimization settings:
	OPTIMIZATION_METHOD = 4
	OPTIMIZATION_PRECISION = 0.001
	MAXIMUM_ITERATIONS_PER_VARIABLE = 5000

Initial parameter values

XyVkcEzB.model_MGREV.theta_CT = 1
XyVkcEzB.model_MGREV.theta_GT = 1
XyVkcEzB.model_MGREV.theta_CG = 1
XyVkcEzB.model_MGREV.theta_AC = 1
XyVkcEzB.model_MGREV.theta_AT = 1
XyVkcEzB.model_MGREV.omega_0 = 1
XyVkcEzB.tree_0.Canis_lupus.alpha = 0.1
XyVkcEzB.tree_0.Vulpes_vulpes.alpha = 2.50832e-06
XyVkcEzB.tree_0.Enhydra_lutris.alpha = 2.0848e-05
XyVkcEzB.tree_0.Lontra_canadensis.alpha = 2.5158e-05
XyVkcEzB.tree_0.Node7.alpha = 2.39803e-05
XyVkcEzB.tree_0.Neovison_vison.alpha = 4.47268e-06
XyVkcEzB.tree_0.Mustela_putorius.alpha = 1.96587e-05
XyVkcEzB.tree_0.Node10.alpha = 5.65231e-06
XyVkcEzB.tree_0.Node6.alpha = 0.000158787
XyVkcEzB.tree_0.Callorhinus_ursinus.alpha = 1.32643e-05
XyVkcEzB.tree_0.Zalophus_californianus.alpha = 2.96054e-06
XyVkcEzB.tree_0.Eumetopias_jubatus.alpha = 0
XyVkcEzB.tree_0.Node17.alpha = 3.31679e-07
XyVkcEzB.tree_0.Node15.alpha = 4.17924e-06
XyVkcEzB.tree_0.Odobenus_rosmarus.alpha = 3.44266e-06
XyVkcEzB.tree_0.Node14.alpha = 2.47e-06
XyVkcEzB.tree_0.Leptonychotes_weddellii.alpha = 1.21715e-05
XyVkcEzB.tree_0.Mirounga_leonina.alpha = 7.22269e-06
XyVkcEzB.tree_0.Node23.alpha = 4.41525e-06
XyVkcEzB.tree_0.Monachus_schauinslandi.alpha = 5.94627e-06
XyVkcEzB.tree_0.Node22.alpha = 6.638e-05
XyVkcEzB.tree_0.Phoca_vitulina.alpha = 7.10768e-06
XyVkcEzB.tree_0.Node21.alpha = 1.13214e-05
XyVkcEzB.tree_0.Node13.alpha = 6.68268e-05
XyVkcEzB.tree_0.Node5.alpha = 0
XyVkcEzB.tree_0.Ailuropoda_melanoleuca.alpha = 1.18486e-05
XyVkcEzB.tree_0.Ursus_thibetanus.alpha = 2.77566e-05
XyVkcEzB.tree_0.Ursus_americanus.alpha = 7.1938e-07
XyVkcEzB.tree_0.Node31.alpha = 1.44481e-06
XyVkcEzB.tree_0.Ursus_arctos.alpha = 5.86506e-06
XyVkcEzB.tree_0.Ursus_maritimus.alpha = 0
XyVkcEzB.tree_0.Node34.alpha = 8.43194e-06
XyVkcEzB.tree_0.Node30.alpha = 3.47999e-05
XyVkcEzB.tree_0.Node28.alpha = 5.53392e-05
XyVkcEzB.tree_0.Node4.alpha = 8.06707e-05
XyVkcEzB.model_MGREV.omega_1 = 1
Failing bound checks on XyVkcEzB.tree_0.Phoca_vitulina.beta =         10019.39810103675
Optimization finished in 30 loop passes.
6043 likelihood evaluation calls and 41791 matrix exponentiations calls were made

Row and/or column partition is empty. All the data will be used by default.
Auto-benchmarked an optimal number (3) of threads.
Set GUI update interval to every 5208-th LF evaluation.
Optimization settings:
	OPTIMIZATION_METHOD = 4
	OPTIMIZATION_PRECISION = 0.001
	MAXIMUM_ITERATIONS_PER_VARIABLE = 5000

Initial parameter values

frequencies._aux.CF3x4.p0_0 = 0.215351
frequencies._aux.CF3x4.p0_1 = 0.367915
frequencies._aux.CF3x4.p0_2 = 0.616732
frequencies._aux.CF3x4.p1_0 = 0.331491
frequencies._aux.CF3x4.p1_1 = 0.32791
frequencies._aux.CF3x4.p1_2 = 0.362163
frequencies._aux.CF3x4.p2_0 = 0.12693
frequencies._aux.CF3x4.p2_1 = 0.406209
frequencies._aux.CF3x4.p2_2 = 0.579865
Optimization finished in 6 loop passes.
240 likelihood evaluation calls and 0 matrix exponentiations calls were made

Variable 'XyVkcEzB.model_MGREV_pi' was not initialized prior to being used
Model XyVkcEzB.model_MGREV assigned to Canis_lupus
Model XyVkcEzB.model_MGREV assigned to Vulpes_vulpes
Model XyVkcEzB.model_MGREV assigned to Enhydra_lutris
Model XyVkcEzB.model_MGREV assigned to Lontra_canadensis
Model XyVkcEzB.model_MGREV assigned to Node7
Model XyVkcEzB.model_MGREV assigned to Neovison_vison
Model XyVkcEzB.model_MGREV assigned to Mustela_putorius
Model XyVkcEzB.model_MGREV assigned to Node10
Model XyVkcEzB.model_MGREV assigned to Node6
Model XyVkcEzB.model_MGREV assigned to Callorhinus_ursinus
Model XyVkcEzB.model_MGREV assigned to Zalophus_californianus
Model XyVkcEzB.model_MGREV assigned to Eumetopias_jubatus
Model XyVkcEzB.model_MGREV assigned to Node17
Model XyVkcEzB.model_MGREV assigned to Node15
Model XyVkcEzB.model_MGREV assigned to Odobenus_rosmarus
Model XyVkcEzB.model_MGREV assigned to Node14
Model XyVkcEzB.model_MGREV assigned to Leptonychotes_weddellii
Model XyVkcEzB.model_MGREV assigned to Mirounga_leonina
Model XyVkcEzB.model_MGREV assigned to Node23
Model XyVkcEzB.model_MGREV assigned to Monachus_schauinslandi
Model XyVkcEzB.model_MGREV assigned to Node22
Model XyVkcEzB.model_MGREV assigned to Phoca_vitulina
Model XyVkcEzB.model_MGREV assigned to Node21
Model XyVkcEzB.model_MGREV assigned to Node13
Model XyVkcEzB.model_MGREV assigned to Node5
Model XyVkcEzB.model_MGREV assigned to Ailuropoda_melanoleuca
Model XyVkcEzB.model_MGREV assigned to Ursus_thibetanus
Model XyVkcEzB.model_MGREV assigned to Ursus_americanus
Model XyVkcEzB.model_MGREV assigned to Node31
Model XyVkcEzB.model_MGREV assigned to Ursus_arctos
Model XyVkcEzB.model_MGREV assigned to Ursus_maritimus
Model XyVkcEzB.model_MGREV assigned to Node34
Model XyVkcEzB.model_MGREV assigned to Node30
Model XyVkcEzB.model_MGREV assigned to Node28
Model XyVkcEzB.model_MGREV assigned to Node4
The tips of the tree:XyVkcEzB.tree_0 were matched with the species names from the data in the following numeric order (0-based) {2,17,3,6,10,9,1,18,4,11,5,7,8,12,0,16,13,14,15}

Pseudo-optimal path's cost 3362 vs 4226 for 1..k=> a 1.25699 x improvement
Partition 0 is ASSUMED to have a reversible model
Variable 'XyVkcEzB.tree_0.Node30.alpha' was not initialized prior to being used
Variable 'XyVkcEzB.tree_0.Node34.alpha' was not initialized prior to being used
Variable 'XyVkcEzB.tree_0.Node28.alpha' was not initialized prior to being used
Variable 'XyVkcEzB.tree_0.Canis_lupus.alpha' was not initialized prior to being used
Variable 'XyVkcEzB.tree_0.Ursus_maritimus.alpha' was not initialized prior to being used
Variable 'XyVkcEzB.tree_0.Ursus_arctos.alpha' was not initialized prior to being used
Variable 'XyVkcEzB.tree_0.Node31.alpha' was not initialized prior to being used
Variable 'XyVkcEzB.tree_0.Node6.alpha' was not initialized prior to being used
Variable 'XyVkcEzB.tree_0.Ursus_americanus.alpha' was not initialized prior to being used
Variable 'XyVkcEzB.tree_0.Ursus_thibetanus.alpha' was not initialized prior to being used
Variable 'XyVkcEzB.tree_0.Ailuropoda_melanoleuca.alpha' was not initialized prior to being used
Variable 'XyVkcEzB.tree_0.Eumetopias_jubatus.alpha' was not initialized prior to being used
Variable 'XyVkcEzB.tree_0.Node5.alpha' was not initialized prior to being used
Variable 'XyVkcEzB.tree_0.Zalophus_californianus.alpha' was not initialized prior to being used
Variable 'XyVkcEzB.tree_0.Node13.alpha' was not initialized prior to being used
Variable 'XyVkcEzB.tree_0.Mustela_putorius.alpha' was not initialized prior to being used
Variable 'XyVkcEzB.tree_0.Node21.alpha' was not initialized prior to being used
Variable 'XyVkcEzB.tree_0.Enhydra_lutris.alpha' was not initialized prior to being used
Variable 'XyVkcEzB.tree_0.Phoca_vitulina.alpha' was not initialized prior to being used
Variable 'XyVkcEzB.tree_0.Node22.alpha' was not initialized prior to being used
Variable 'XyVkcEzB.tree_0.Callorhinus_ursinus.alpha' was not initialized prior to being used
Variable 'XyVkcEzB.tree_0.Monachus_schauinslandi.alpha' was not initialized prior to being used
Variable 'XyVkcEzB.tree_0.Neovison_vison.alpha' was not initialized prior to being used
Variable 'XyVkcEzB.tree_0.Node23.alpha' was not initialized prior to being used
Variable 'XyVkcEzB.tree_0.Mirounga_leonina.alpha' was not initialized prior to being used
Variable 'XyVkcEzB.tree_0.Leptonychotes_weddellii.alpha' was not initialized prior to being used
Variable 'XyVkcEzB.tree_0.Node10.alpha' was not initialized prior to being used
Variable 'XyVkcEzB.tree_0.Node14.alpha' was not initialized prior to being used
Variable 'XyVkcEzB.tree_0.Lontra_canadensis.alpha' was not initialized prior to being used
Variable 'XyVkcEzB.tree_0.Odobenus_rosmarus.alpha' was not initialized prior to being used
Variable 'XyVkcEzB.tree_0.Node15.alpha' was not initialized prior to being used
Variable 'XyVkcEzB.tree_0.Node7.alpha' was not initialized prior to being used
Variable 'XyVkcEzB.tree_0.Node17.alpha' was not initialized prior to being used
Variable 'XyVkcEzB.tree_0.Vulpes_vulpes.alpha' was not initialized prior to being used
Variable 'XyVkcEzB.tree_0.Node4.alpha' was not initialized prior to being used
Site 15 evaluated to a 0 probability in ComputeTreeBlockByBranch
Site 15 evaluated to a 0 probability in ComputeTreeBlockByBranch
Site 16 evaluated to a 0 probability in ComputeTreeBlockByBranch
Site 18 evaluated to a 0 probability in ComputeTreeBlockByBranch
Site 15 evaluated to a 0 probability in ComputeTreeBlockByBranch
Site 34 evaluated to a 0 probability in ComputeTreeBlockByBranch
Auto-benchmarked an optimal number (2) of threads.
Set GUI update interval to every 139-th LF evaluation.
Initial guess for XyVkcEzB.tree_0.Vulpes_vulpes.alpha is 2.50832e-06
Initial guess for XyVkcEzB.tree_0.Node4.alpha is 8.06707e-05
Initial guess for XyVkcEzB.tree_0.Node5.alpha is -1.10134e-05
Initial guess for XyVkcEzB.tree_0.Node6.alpha is 0.000158787
Initial guess for XyVkcEzB.tree_0.Node7.alpha is 2.39803e-05
Initial guess for XyVkcEzB.tree_0.Enhydra_lutris.alpha is 2.0848e-05
Initial guess for XyVkcEzB.tree_0.Lontra_canadensis.alpha is 2.5158e-05
Initial guess for XyVkcEzB.tree_0.Node10.alpha is 5.65231e-06
Initial guess for XyVkcEzB.tree_0.Neovison_vison.alpha is 4.47268e-06
Initial guess for XyVkcEzB.tree_0.Mustela_putorius.alpha is 1.96587e-05
Initial guess for XyVkcEzB.tree_0.Node13.alpha is 6.68268e-05
Initial guess for XyVkcEzB.tree_0.Node14.alpha is 2.47e-06
Initial guess for XyVkcEzB.tree_0.Node15.alpha is 4.17924e-06
Initial guess for XyVkcEzB.tree_0.Callorhinus_ursinus.alpha is 1.32643e-05
Initial guess for XyVkcEzB.tree_0.Node17.alpha is 3.31679e-07
Initial guess for XyVkcEzB.tree_0.Zalophus_californianus.alpha is 2.96054e-06
Initial guess for XyVkcEzB.tree_0.Eumetopias_jubatus.alpha is -1.50454e-07
Initial guess for XyVkcEzB.tree_0.Odobenus_rosmarus.alpha is 3.44266e-06
Initial guess for XyVkcEzB.tree_0.Node21.alpha is 1.13214e-05
Initial guess for XyVkcEzB.tree_0.Node22.alpha is 6.638e-05
Initial guess for XyVkcEzB.tree_0.Node23.alpha is 4.41525e-06
Initial guess for XyVkcEzB.tree_0.Leptonychotes_weddellii.alpha is 1.21715e-05
Initial guess for XyVkcEzB.tree_0.Mirounga_leonina.alpha is 7.22269e-06
Initial guess for XyVkcEzB.tree_0.Monachus_schauinslandi.alpha is 5.94627e-06
Initial guess for XyVkcEzB.tree_0.Phoca_vitulina.alpha is 7.10768e-06
Initial guess for XyVkcEzB.tree_0.Node28.alpha is 5.53392e-05
Initial guess for XyVkcEzB.tree_0.Ailuropoda_melanoleuca.alpha is 1.18486e-05
Initial guess for XyVkcEzB.tree_0.Node30.alpha is 3.47999e-05
Initial guess for XyVkcEzB.tree_0.Node31.alpha is 1.44481e-06
Initial guess for XyVkcEzB.tree_0.Ursus_thibetanus.alpha is 2.77566e-05
Initial guess for XyVkcEzB.tree_0.Ursus_americanus.alpha is 7.1938e-07
Initial guess for XyVkcEzB.tree_0.Node34.alpha is 8.43194e-06
Initial guess for XyVkcEzB.tree_0.Ursus_arctos.alpha is 5.86506e-06
Initial guess for XyVkcEzB.tree_0.Ursus_maritimus.alpha is -2.78796e-19
Optimization settings:
	OPTIMIZATION_METHOD = 4
	OPTIMIZATION_PRECISION = 0.001
	MAXIMUM_ITERATIONS_PER_VARIABLE = 5000

Initial parameter values

XyVkcEzB.model_MGREV.theta_GT = 1
XyVkcEzB.model_MGREV.theta_CT = 1
XyVkcEzB.model_MGREV.theta_AC = 1
XyVkcEzB.model_MGREV.theta_AT = 1
XyVkcEzB.model_MGREV.theta_CG = 1
XyVkcEzB.model_MGREV.omega_0 = 1
XyVkcEzB.tree_0.Canis_lupus.alpha = 0.1
XyVkcEzB.tree_0.Vulpes_vulpes.alpha = 2.50832e-06
XyVkcEzB.tree_0.Enhydra_lutris.alpha = 2.0848e-05
XyVkcEzB.tree_0.Lontra_canadensis.alpha = 2.5158e-05
XyVkcEzB.tree_0.Node7.alpha = 2.39803e-05
XyVkcEzB.tree_0.Neovison_vison.alpha = 4.47268e-06
XyVkcEzB.tree_0.Mustela_putorius.alpha = 1.96587e-05
XyVkcEzB.tree_0.Node10.alpha = 5.65231e-06
XyVkcEzB.tree_0.Node6.alpha = 0.000158787
XyVkcEzB.tree_0.Callorhinus_ursinus.alpha = 1.32643e-05
XyVkcEzB.tree_0.Zalophus_californianus.alpha = 2.96054e-06
XyVkcEzB.tree_0.Eumetopias_jubatus.alpha = 0
XyVkcEzB.tree_0.Node17.alpha = 3.31679e-07
XyVkcEzB.tree_0.Node15.alpha = 4.17924e-06
XyVkcEzB.tree_0.Odobenus_rosmarus.alpha = 3.44266e-06
XyVkcEzB.tree_0.Node14.alpha = 2.47e-06
XyVkcEzB.tree_0.Leptonychotes_weddellii.alpha = 1.21715e-05
XyVkcEzB.tree_0.Mirounga_leonina.alpha = 7.22269e-06
XyVkcEzB.tree_0.Node23.alpha = 4.41525e-06
XyVkcEzB.tree_0.Monachus_schauinslandi.alpha = 5.94627e-06
XyVkcEzB.tree_0.Node22.alpha = 6.638e-05
XyVkcEzB.tree_0.Phoca_vitulina.alpha = 7.10768e-06
XyVkcEzB.tree_0.Node21.alpha = 1.13214e-05
XyVkcEzB.tree_0.Node13.alpha = 6.68268e-05
XyVkcEzB.tree_0.Node5.alpha = 0
XyVkcEzB.tree_0.Ailuropoda_melanoleuca.alpha = 1.18486e-05
XyVkcEzB.tree_0.Ursus_thibetanus.alpha = 2.77566e-05
XyVkcEzB.tree_0.Ursus_americanus.alpha = 7.1938e-07
XyVkcEzB.tree_0.Node31.alpha = 1.44481e-06
XyVkcEzB.tree_0.Ursus_arctos.alpha = 5.86506e-06
XyVkcEzB.tree_0.Ursus_maritimus.alpha = 0
XyVkcEzB.tree_0.Node34.alpha = 8.43194e-06
XyVkcEzB.tree_0.Node30.alpha = 3.47999e-05
XyVkcEzB.tree_0.Node28.alpha = 5.53392e-05
XyVkcEzB.tree_0.Node4.alpha = 8.06707e-05
XyVkcEzB.model_MGREV.omega_1 = 1
Failing bound checks on XyVkcEzB.tree_0.Phoca_vitulina.beta =         10019.39810103675
Optimization finished in 31 loop passes.
5372 likelihood evaluation calls and 41674 matrix exponentiations calls were made

Overwritten previously defined function:'lbeAQpHu.rate_generator'
Overwritten previously defined function:'lbeAQpHu.rate_generator'
Auto-benchmarked an optimal number (1) of threads.
Set GUI update interval to every 2923-th LF evaluation.
Optimization settings:
	OPTIMIZATION_METHOD = 4
	OPTIMIZATION_PRECISION = 0.001
	MAXIMUM_ITERATIONS_PER_VARIABLE = 5000

Initial parameter values

frequencies._aux.CF3x4.p0_0 = 0.215351
frequencies._aux.CF3x4.p0_1 = 0.367915
frequencies._aux.CF3x4.p0_2 = 0.616732
frequencies._aux.CF3x4.p1_0 = 0.331491
frequencies._aux.CF3x4.p1_1 = 0.32791
frequencies._aux.CF3x4.p1_2 = 0.362163
frequencies._aux.CF3x4.p2_0 = 0.12693
frequencies._aux.CF3x4.p2_1 = 0.406209
frequencies._aux.CF3x4.p2_2 = 0.579865
Optimization finished in 6 loop passes.
238 likelihood evaluation calls and 0 matrix exponentiations calls were made

Variable 'relax.test_pi' was not initialized prior to being used
Overwritten previously defined function:'lbeAQpHu.rate_generator'
Overwritten previously defined function:'lbeAQpHu.rate_generator'
Overwritten previously defined function:'lbeAQpHu.rate_generator'
Auto-benchmarked an optimal number (3) of threads.
Set GUI update interval to every 5050-th LF evaluation.
Optimization settings:
	OPTIMIZATION_METHOD = 4
	OPTIMIZATION_PRECISION = 0.001
	MAXIMUM_ITERATIONS_PER_VARIABLE = 5000

Initial parameter values

frequencies._aux.CF3x4.p0_0 = 0.215351
frequencies._aux.CF3x4.p0_1 = 0.367915
frequencies._aux.CF3x4.p0_2 = 0.616732
frequencies._aux.CF3x4.p1_0 = 0.331491
frequencies._aux.CF3x4.p1_1 = 0.32791
frequencies._aux.CF3x4.p1_2 = 0.362163
frequencies._aux.CF3x4.p2_0 = 0.12693
frequencies._aux.CF3x4.p2_1 = 0.406209
frequencies._aux.CF3x4.p2_2 = 0.579865
Optimization finished in 6 loop passes.
240 likelihood evaluation calls and 0 matrix exponentiations calls were made

Variable 'relax.reference_pi' was not initialized prior to being used
No nodel was assigned to Canis_lupus
No nodel was assigned to Vulpes_vulpes
No nodel was assigned to Enhydra_lutris
No nodel was assigned to Lontra_canadensis
No nodel was assigned to Node7
No nodel was assigned to Neovison_vison
No nodel was assigned to Mustela_putorius
No nodel was assigned to Node10
No nodel was assigned to Node6
No nodel was assigned to Callorhinus_ursinus
No nodel was assigned to Zalophus_californianus
No nodel was assigned to Eumetopias_jubatus
No nodel was assigned to Node17
No nodel was assigned to Node15
No nodel was assigned to Odobenus_rosmarus
No nodel was assigned to Node14
No nodel was assigned to Leptonychotes_weddellii
No nodel was assigned to Mirounga_leonina
No nodel was assigned to Node23
No nodel was assigned to Monachus_schauinslandi
No nodel was assigned to Node22
No nodel was assigned to Phoca_vitulina
No nodel was assigned to Node21
No nodel was assigned to Node13
No nodel was assigned to Node5
No nodel was assigned to Ailuropoda_melanoleuca
No nodel was assigned to Ursus_thibetanus
No nodel was assigned to Ursus_americanus
No nodel was assigned to Node31
No nodel was assigned to Ursus_arctos
No nodel was assigned to Ursus_maritimus
No nodel was assigned to Node34
No nodel was assigned to Node30
No nodel was assigned to Node28
No nodel was assigned to Node4
The tips of the tree:UngLbuSb.tree_id_0 were matched with the species names from the data in the following numeric order (0-based) {2,17,3,6,10,9,1,18,4,11,5,7,8,12,0,16,13,14,15}

Pseudo-optimal path's cost 3362 vs 4226 for 1..k=> a 1.25699 x improvement
Partition 0 is ASSUMED to have a reversible model
relax.reference.theta_AC was already constrained in estimators.SetGlobals2
relax.reference.theta_AG was already constrained in estimators.SetGlobals2
relax.reference.theta_AT was already constrained in estimators.SetGlobals2
relax.reference.theta_CG was already constrained in estimators.SetGlobals2
relax.reference.theta_CT was already constrained in estimators.SetGlobals2
relax.reference.theta_GT was already constrained in estimators.SetGlobals2
relax.test.theta_AG was already constrained in estimators.SetGlobals2
Variable 'UngLbuSb.tree_id_0.Canis_lupus.t' was not initialized prior to being used
models.generic.SetBranchLength: UngLbuSb.tree_id_0.Canis_lupus.t=0.01147670262607623
Variable 'UngLbuSb.tree_id_0.Vulpes_vulpes.t' was not initialized prior to being used
models.generic.SetBranchLength: UngLbuSb.tree_id_0.Vulpes_vulpes.t=0.1553645890186528
Variable 'UngLbuSb.tree_id_0.Enhydra_lutris.t' was not initialized prior to being used
models.generic.SetBranchLength: UngLbuSb.tree_id_0.Enhydra_lutris.t=0.1963351255273521
Variable 'UngLbuSb.tree_id_0.Lontra_canadensis.t' was not initialized prior to being used
models.generic.SetBranchLength: UngLbuSb.tree_id_0.Lontra_canadensis.t=0.02246715617380373
Variable 'UngLbuSb.tree_id_0.Node7.t' was not initialized prior to being used
models.generic.SetBranchLength: UngLbuSb.tree_id_0.Node7.t=0.1390432745164344
Variable 'UngLbuSb.tree_id_0.Neovison_vison.t' was not initialized prior to being used
models.generic.SetBranchLength: UngLbuSb.tree_id_0.Neovison_vison.t=0.09945122267973693
Variable 'UngLbuSb.tree_id_0.Mustela_putorius.t' was not initialized prior to being used
models.generic.SetBranchLength: UngLbuSb.tree_id_0.Mustela_putorius.t=0.1432100548018823
Variable 'UngLbuSb.tree_id_0.Node10.t' was not initialized prior to being used
models.generic.SetBranchLength: UngLbuSb.tree_id_0.Node10.t=0.09293013187694112
Variable 'UngLbuSb.tree_id_0.Node6.t' was not initialized prior to being used
models.generic.SetBranchLength: UngLbuSb.tree_id_0.Node6.t=1.714602906905766
Variable 'UngLbuSb.tree_id_0.Callorhinus_ursinus.t' was not initialized prior to being used
models.generic.SetBranchLength: UngLbuSb.tree_id_0.Callorhinus_ursinus.t=0.02358651470144883
Variable 'UngLbuSb.tree_id_0.Zalophus_californianus.t' was not initialized prior to being used
models.generic.SetBranchLength: UngLbuSb.tree_id_0.Zalophus_californianus.t=0
Variable 'UngLbuSb.tree_id_0.Eumetopias_jubatus.t' was not initialized prior to being used
models.generic.SetBranchLength: UngLbuSb.tree_id_0.Eumetopias_jubatus.t=0.02364548402446888
Variable 'UngLbuSb.tree_id_0.Node17.t' was not initialized prior to being used
models.generic.SetBranchLength: UngLbuSb.tree_id_0.Node17.t=0
Variable 'UngLbuSb.tree_id_0.Node15.t' was not initialized prior to being used
models.generic.SetBranchLength: UngLbuSb.tree_id_0.Node15.t=0
Variable 'UngLbuSb.tree_id_0.Odobenus_rosmarus.t' was not initialized prior to being used
models.generic.SetBranchLength: UngLbuSb.tree_id_0.Odobenus_rosmarus.t=0.1194903041722886
Variable 'UngLbuSb.tree_id_0.Node14.t' was not initialized prior to being used
models.generic.SetBranchLength: UngLbuSb.tree_id_0.Node14.t=0.1006737285381147
Variable 'UngLbuSb.tree_id_0.Leptonychotes_weddellii.t' was not initialized prior to being used
models.generic.SetBranchLength: UngLbuSb.tree_id_0.Leptonychotes_weddellii.t=0.03731400553350089
Variable 'UngLbuSb.tree_id_0.Mirounga_leonina.t' was not initialized prior to being used
models.generic.SetBranchLength: UngLbuSb.tree_id_0.Mirounga_leonina.t=0.06971598106215866
Variable 'UngLbuSb.tree_id_0.Node23.t' was not initialized prior to being used
models.generic.SetBranchLength: UngLbuSb.tree_id_0.Node23.t=0.03680886718022978
Variable 'UngLbuSb.tree_id_0.Monachus_schauinslandi.t' was not initialized prior to being used
models.generic.SetBranchLength: UngLbuSb.tree_id_0.Monachus_schauinslandi.t=0.04829105205725701
Variable 'UngLbuSb.tree_id_0.Node22.t' was not initialized prior to being used
models.generic.SetBranchLength: UngLbuSb.tree_id_0.Node22.t=0.2500218710332277
Variable 'UngLbuSb.tree_id_0.Phoca_vitulina.t' was not initialized prior to being used
models.generic.SetBranchLength: UngLbuSb.tree_id_0.Phoca_vitulina.t=0.1614387987992972
Variable 'UngLbuSb.tree_id_0.Node21.t' was not initialized prior to being used
models.generic.SetBranchLength: UngLbuSb.tree_id_0.Node21.t=0.0498474812197047
Variable 'UngLbuSb.tree_id_0.Node13.t' was not initialized prior to being used
models.generic.SetBranchLength: UngLbuSb.tree_id_0.Node13.t=0.5150186774825343
Variable 'UngLbuSb.tree_id_0.Node5.t' was not initialized prior to being used
models.generic.SetBranchLength: UngLbuSb.tree_id_0.Node5.t=0.003679073482482377
Variable 'UngLbuSb.tree_id_0.Ailuropoda_melanoleuca.t' was not initialized prior to being used
models.generic.SetBranchLength: UngLbuSb.tree_id_0.Ailuropoda_melanoleuca.t=0.153214865421838
Variable 'UngLbuSb.tree_id_0.Ursus_thibetanus.t' was not initialized prior to being used
models.generic.SetBranchLength: UngLbuSb.tree_id_0.Ursus_thibetanus.t=0
Variable 'UngLbuSb.tree_id_0.Ursus_americanus.t' was not initialized prior to being used
models.generic.SetBranchLength: UngLbuSb.tree_id_0.Ursus_americanus.t=0.04683687572457697
Variable 'UngLbuSb.tree_id_0.Node31.t' was not initialized prior to being used
models.generic.SetBranchLength: UngLbuSb.tree_id_0.Node31.t=0
Variable 'UngLbuSb.tree_id_0.Ursus_arctos.t' was not initialized prior to being used
models.generic.SetBranchLength: UngLbuSb.tree_id_0.Ursus_arctos.t=0
Variable 'UngLbuSb.tree_id_0.Ursus_maritimus.t' was not initialized prior to being used
models.generic.SetBranchLength: UngLbuSb.tree_id_0.Ursus_maritimus.t=0
Variable 'UngLbuSb.tree_id_0.Node34.t' was not initialized prior to being used
models.generic.SetBranchLength: UngLbuSb.tree_id_0.Node34.t=0.07047368472074791
Variable 'UngLbuSb.tree_id_0.Node30.t' was not initialized prior to being used
models.generic.SetBranchLength: UngLbuSb.tree_id_0.Node30.t=0.322343766416088
Variable 'UngLbuSb.tree_id_0.Node28.t' was not initialized prior to being used
models.generic.SetBranchLength: UngLbuSb.tree_id_0.Node28.t=0.4572705991028678
Variable 'UngLbuSb.tree_id_0.Node4.t' was not initialized prior to being used
models.generic.SetBranchLength: UngLbuSb.tree_id_0.Node4.t=0.6254195789811865
Variable 'UngLbuSb.UngLbuSb.likelihoodFunction' was not initialized prior to being used
Auto-benchmarked an optimal number (3) of threads.
Set GUI update interval to every 20-th LF evaluation.
Optimization settings:
	OPTIMIZATION_METHOD = 4
	OPTIMIZATION_PRECISION = 0.001
	MAXIMUM_ITERATIONS_PER_VARIABLE = 5000

Initial parameter values

relax.reference.omega3 = 7.27482
relax.reference.omega2 = 0.4601
relax.test.theta_AC = 0.278776
relax.reference.omega1 = 0.145496
relax.reference.bsrel_mixture_aux_1 = 0.818182
relax.test.theta_AT = 0.170455
relax.reference.bsrel_mixture_aux_0 = 0.45
relax.test.theta_GT = 0.275535
relax.test.theta_CG = 0.298259
relax.test.theta_CT = 0.698123
relax.K = 1
UngLbuSb.tree_id_0.Canis_lupus.t = 0.0114767
UngLbuSb.tree_id_0.Vulpes_vulpes.t = 0.155365
UngLbuSb.tree_id_0.Enhydra_lutris.t = 0.196335
UngLbuSb.tree_id_0.Lontra_canadensis.t = 0.0224672
UngLbuSb.tree_id_0.Node7.t = 0.139043
UngLbuSb.tree_id_0.Neovison_vison.t = 0.0994512
UngLbuSb.tree_id_0.Mustela_putorius.t = 0.14321
UngLbuSb.tree_id_0.Node10.t = 0.0929301
UngLbuSb.tree_id_0.Node6.t = 1.7146
UngLbuSb.tree_id_0.Callorhinus_ursinus.t = 0.0235865
UngLbuSb.tree_id_0.Zalophus_californianus.t = 0
UngLbuSb.tree_id_0.Eumetopias_jubatus.t = 0.0236455
UngLbuSb.tree_id_0.Node17.t = 0
UngLbuSb.tree_id_0.Node15.t = 0
UngLbuSb.tree_id_0.Odobenus_rosmarus.t = 0.11949
UngLbuSb.tree_id_0.Node14.t = 0.100674
UngLbuSb.tree_id_0.Leptonychotes_weddellii.t = 0.037314
UngLbuSb.tree_id_0.Mirounga_leonina.t = 0.069716
UngLbuSb.tree_id_0.Node23.t = 0.0368089
UngLbuSb.tree_id_0.Monachus_schauinslandi.t = 0.0482911
UngLbuSb.tree_id_0.Node22.t = 0.250022
UngLbuSb.tree_id_0.Phoca_vitulina.t = 0.161439
UngLbuSb.tree_id_0.Node21.t = 0.0498475
UngLbuSb.tree_id_0.Node13.t = 0.515019
UngLbuSb.tree_id_0.Node5.t = 0.00367907
UngLbuSb.tree_id_0.Ailuropoda_melanoleuca.t = 0.153215
UngLbuSb.tree_id_0.Ursus_thibetanus.t = 0
UngLbuSb.tree_id_0.Ursus_americanus.t = 0.0468369
UngLbuSb.tree_id_0.Node31.t = 0
UngLbuSb.tree_id_0.Ursus_arctos.t = 0
UngLbuSb.tree_id_0.Ursus_maritimus.t = 0
UngLbuSb.tree_id_0.Node34.t = 0.0704737
UngLbuSb.tree_id_0.Node30.t = 0.322344
UngLbuSb.tree_id_0.Node28.t = 0.457271
UngLbuSb.tree_id_0.Node4.t = 0.62542
Optimization finished in 28 loop passes.
5078 likelihood evaluation calls and 160152 matrix exponentiations calls were made

Variable 'MPI_NODE_COUNT' was not initialized prior to being used
No nodel was assigned to Canis_lupus
No nodel was assigned to Vulpes_vulpes
No nodel was assigned to Enhydra_lutris
No nodel was assigned to Lontra_canadensis
No nodel was assigned to Node7
No nodel was assigned to Neovison_vison
No nodel was assigned to Mustela_putorius
No nodel was assigned to Node10
No nodel was assigned to Node6
No nodel was assigned to Callorhinus_ursinus
No nodel was assigned to Zalophus_californianus
No nodel was assigned to Eumetopias_jubatus
No nodel was assigned to Node17
No nodel was assigned to Node15
No nodel was assigned to Odobenus_rosmarus
No nodel was assigned to Node14
No nodel was assigned to Leptonychotes_weddellii
No nodel was assigned to Mirounga_leonina
No nodel was assigned to Node23
No nodel was assigned to Monachus_schauinslandi
No nodel was assigned to Node22
No nodel was assigned to Phoca_vitulina
No nodel was assigned to Node21
No nodel was assigned to Node13
No nodel was assigned to Node5
No nodel was assigned to Ailuropoda_melanoleuca
No nodel was assigned to Ursus_thibetanus
No nodel was assigned to Ursus_americanus
No nodel was assigned to Node31
No nodel was assigned to Ursus_arctos
No nodel was assigned to Ursus_maritimus
No nodel was assigned to Node34
No nodel was assigned to Node30
No nodel was assigned to Node28
No nodel was assigned to Node4
Likelihood function cleared because partition index '0' points to invalid components
The tips of the tree:UngLbuSb.tree_id_0 were matched with the species names from the data in the following numeric order (0-based) {2,17,3,6,10,9,1,18,4,11,5,7,8,12,0,16,13,14,15}

Pseudo-optimal path's cost 3362 vs 4226 for 1..k=> a 1.25699 x improvement
Partition 0 is ASSUMED to have a reversible model
relax.reference.theta_AC was already constrained in estimators.SetGlobals2
relax.reference.theta_AG was already constrained in estimators.SetGlobals2
relax.reference.theta_AT was already constrained in estimators.SetGlobals2
relax.reference.theta_CG was already constrained in estimators.SetGlobals2
relax.reference.theta_CT was already constrained in estimators.SetGlobals2
relax.reference.theta_GT was already constrained in estimators.SetGlobals2
relax.test.bsrel_mixture_aux_0 was already constrained in estimators.SetGlobals2
relax.test.bsrel_mixture_aux_1 was already constrained in estimators.SetGlobals2
relax.test.theta_AG was already constrained in estimators.SetGlobals2
relax.test.omega1 was already constrained in estimators.SetGlobals2
relax.test.omega2 was already constrained in estimators.SetGlobals2
relax.test.omega3 was already constrained in estimators.SetGlobals2
Variable 'UngLbuSb.tree_id_0.Canis_lupus.t' was not initialized prior to being used
models.generic.SetBranchLength: UngLbuSb.tree_id_0.Canis_lupus.t=0.02028580173155518
Variable 'UngLbuSb.tree_id_0.Vulpes_vulpes.t' was not initialized prior to being used
models.generic.SetBranchLength: UngLbuSb.tree_id_0.Vulpes_vulpes.t=0.1987757564291069
Variable 'UngLbuSb.tree_id_0.Enhydra_lutris.t' was not initialized prior to being used
models.generic.SetBranchLength: UngLbuSb.tree_id_0.Enhydra_lutris.t=0.3539044389430651
Variable 'UngLbuSb.tree_id_0.Lontra_canadensis.t' was not initialized prior to being used
models.generic.SetBranchLength: UngLbuSb.tree_id_0.Lontra_canadensis.t=0.03570100393102474
Variable 'UngLbuSb.tree_id_0.Node7.t' was not initialized prior to being used
models.generic.SetBranchLength: UngLbuSb.tree_id_0.Node7.t=0.2458077631094896
Variable 'UngLbuSb.tree_id_0.Neovison_vison.t' was not initialized prior to being used
models.generic.SetBranchLength: UngLbuSb.tree_id_0.Neovison_vison.t=0.177217508822944
Variable 'UngLbuSb.tree_id_0.Mustela_putorius.t' was not initialized prior to being used
models.generic.SetBranchLength: UngLbuSb.tree_id_0.Mustela_putorius.t=0.2627025020646291
Variable 'UngLbuSb.tree_id_0.Node10.t' was not initialized prior to being used
models.generic.SetBranchLength: UngLbuSb.tree_id_0.Node10.t=0.1587225563264744
Variable 'UngLbuSb.tree_id_0.Node6.t' was not initialized prior to being used
models.generic.SetBranchLength: UngLbuSb.tree_id_0.Node6.t=3.351224694703815
Variable 'UngLbuSb.tree_id_0.Callorhinus_ursinus.t' was not initialized prior to being used
models.generic.SetBranchLength: UngLbuSb.tree_id_0.Callorhinus_ursinus.t=0.03810656521807456
Variable 'UngLbuSb.tree_id_0.Zalophus_californianus.t' was not initialized prior to being used
models.generic.SetBranchLength: UngLbuSb.tree_id_0.Zalophus_californianus.t=0
Variable 'UngLbuSb.tree_id_0.Eumetopias_jubatus.t' was not initialized prior to being used
models.generic.SetBranchLength: UngLbuSb.tree_id_0.Eumetopias_jubatus.t=0.03301591171869565
Variable 'UngLbuSb.tree_id_0.Node17.t' was not initialized prior to being used
models.generic.SetBranchLength: UngLbuSb.tree_id_0.Node17.t=0
Variable 'UngLbuSb.tree_id_0.Node15.t' was not initialized prior to being used
models.generic.SetBranchLength: UngLbuSb.tree_id_0.Node15.t=0
Variable 'UngLbuSb.tree_id_0.Odobenus_rosmarus.t' was not initialized prior to being used
models.generic.SetBranchLength: UngLbuSb.tree_id_0.Odobenus_rosmarus.t=0.2084481687304041
Variable 'UngLbuSb.tree_id_0.Node14.t' was not initialized prior to being used
models.generic.SetBranchLength: UngLbuSb.tree_id_0.Node14.t=0.1744762898503342
Variable 'UngLbuSb.tree_id_0.Leptonychotes_weddellii.t' was not initialized prior to being used
models.generic.SetBranchLength: UngLbuSb.tree_id_0.Leptonychotes_weddellii.t=0.05710209009339852
Variable 'UngLbuSb.tree_id_0.Mirounga_leonina.t' was not initialized prior to being used
models.generic.SetBranchLength: UngLbuSb.tree_id_0.Mirounga_leonina.t=0.1096902865920326
Variable 'UngLbuSb.tree_id_0.Node23.t' was not initialized prior to being used
models.generic.SetBranchLength: UngLbuSb.tree_id_0.Node23.t=0.05724684750907687
Variable 'UngLbuSb.tree_id_0.Monachus_schauinslandi.t' was not initialized prior to being used
models.generic.SetBranchLength: UngLbuSb.tree_id_0.Monachus_schauinslandi.t=0.07091892332544619
Variable 'UngLbuSb.tree_id_0.Node22.t' was not initialized prior to being used
models.generic.SetBranchLength: UngLbuSb.tree_id_0.Node22.t=0.3492194507146699
Variable 'UngLbuSb.tree_id_0.Phoca_vitulina.t' was not initialized prior to being used
models.generic.SetBranchLength: UngLbuSb.tree_id_0.Phoca_vitulina.t=0.2887942503726186
Variable 'UngLbuSb.tree_id_0.Node21.t' was not initialized prior to being used
models.generic.SetBranchLength: UngLbuSb.tree_id_0.Node21.t=0.07770829588007878
Variable 'UngLbuSb.tree_id_0.Node13.t' was not initialized prior to being used
models.generic.SetBranchLength: UngLbuSb.tree_id_0.Node13.t=0.9739166354970072
Variable 'UngLbuSb.tree_id_0.Node5.t' was not initialized prior to being used
models.generic.SetBranchLength: UngLbuSb.tree_id_0.Node5.t=0
Variable 'UngLbuSb.tree_id_0.Ailuropoda_melanoleuca.t' was not initialized prior to being used
models.generic.SetBranchLength: UngLbuSb.tree_id_0.Ailuropoda_melanoleuca.t=0.2344680235060898
Variable 'UngLbuSb.tree_id_0.Ursus_thibetanus.t' was not initialized prior to being used
models.generic.SetBranchLength: UngLbuSb.tree_id_0.Ursus_thibetanus.t=0
Variable 'UngLbuSb.tree_id_0.Ursus_americanus.t' was not initialized prior to being used
models.generic.SetBranchLength: UngLbuSb.tree_id_0.Ursus_americanus.t=0.06515531521581858
Variable 'UngLbuSb.tree_id_0.Node31.t' was not initialized prior to being used
models.generic.SetBranchLength: UngLbuSb.tree_id_0.Node31.t=0
Variable 'UngLbuSb.tree_id_0.Ursus_arctos.t' was not initialized prior to being used
models.generic.SetBranchLength: UngLbuSb.tree_id_0.Ursus_arctos.t=0
Variable 'UngLbuSb.tree_id_0.Ursus_maritimus.t' was not initialized prior to being used
models.generic.SetBranchLength: UngLbuSb.tree_id_0.Ursus_maritimus.t=0
Variable 'UngLbuSb.tree_id_0.Node34.t' was not initialized prior to being used
models.generic.SetBranchLength: UngLbuSb.tree_id_0.Node34.t=0.1118182985163191
Variable 'UngLbuSb.tree_id_0.Node30.t' was not initialized prior to being used
models.generic.SetBranchLength: UngLbuSb.tree_id_0.Node30.t=0.5922721187860485
Variable 'UngLbuSb.tree_id_0.Node28.t' was not initialized prior to being used
models.generic.SetBranchLength: UngLbuSb.tree_id_0.Node28.t=0.7605040391161733
Variable 'UngLbuSb.tree_id_0.Node4.t' was not initialized prior to being used
models.generic.SetBranchLength: UngLbuSb.tree_id_0.Node4.t=1.191238749071223
Auto-benchmarked an optimal number (3) of threads.
Set GUI update interval to every 17-th LF evaluation.
Optimization settings:
	OPTIMIZATION_METHOD = 4
	OPTIMIZATION_PRECISION = 0.001
	MAXIMUM_ITERATIONS_PER_VARIABLE = 5000

Initial parameter values

relax.reference.omega3 = 59.4625
relax.reference.omega2 = 0.441258
relax.test.theta_AC = 0.235833
relax.reference.omega1 = 0.241931
relax.reference.bsrel_mixture_aux_1 = 0.993414
relax.test.theta_AT = 0.150156
relax.reference.bsrel_mixture_aux_0 = 0.344193
relax.test.theta_GT = 0.260006
relax.test.theta_CG = 0.288575
relax.test.theta_CT = 0.673341
relax.K = 1
UngLbuSb.tree_id_0.Canis_lupus.t = 0.0202858
UngLbuSb.tree_id_0.Vulpes_vulpes.t = 0.198776
UngLbuSb.tree_id_0.Enhydra_lutris.t = 0.353904
UngLbuSb.tree_id_0.Lontra_canadensis.t = 0.035701
UngLbuSb.tree_id_0.Node7.t = 0.245808
UngLbuSb.tree_id_0.Neovison_vison.t = 0.177218
UngLbuSb.tree_id_0.Mustela_putorius.t = 0.262703
UngLbuSb.tree_id_0.Node10.t = 0.158723
UngLbuSb.tree_id_0.Node6.t = 3.35122
UngLbuSb.tree_id_0.Callorhinus_ursinus.t = 0.0381066
UngLbuSb.tree_id_0.Zalophus_californianus.t = 0
UngLbuSb.tree_id_0.Eumetopias_jubatus.t = 0.0330159
UngLbuSb.tree_id_0.Node17.t = 0
UngLbuSb.tree_id_0.Node15.t = 0
UngLbuSb.tree_id_0.Odobenus_rosmarus.t = 0.208448
UngLbuSb.tree_id_0.Node14.t = 0.174476
UngLbuSb.tree_id_0.Leptonychotes_weddellii.t = 0.0571021
UngLbuSb.tree_id_0.Mirounga_leonina.t = 0.10969
UngLbuSb.tree_id_0.Node23.t = 0.0572468
UngLbuSb.tree_id_0.Monachus_schauinslandi.t = 0.0709189
UngLbuSb.tree_id_0.Node22.t = 0.349219
UngLbuSb.tree_id_0.Phoca_vitulina.t = 0.288794
UngLbuSb.tree_id_0.Node21.t = 0.0777083
UngLbuSb.tree_id_0.Node13.t = 0.973917
UngLbuSb.tree_id_0.Node5.t = 0
UngLbuSb.tree_id_0.Ailuropoda_melanoleuca.t = 0.234468
UngLbuSb.tree_id_0.Ursus_thibetanus.t = 0
UngLbuSb.tree_id_0.Ursus_americanus.t = 0.0651553
UngLbuSb.tree_id_0.Node31.t = 0
UngLbuSb.tree_id_0.Ursus_arctos.t = 0
UngLbuSb.tree_id_0.Ursus_maritimus.t = 0
UngLbuSb.tree_id_0.Node34.t = 0.111818
UngLbuSb.tree_id_0.Node30.t = 0.592272
UngLbuSb.tree_id_0.Node28.t = 0.760504
UngLbuSb.tree_id_0.Node4.t = 1.19124
Optimization finished in 27 loop passes.
5396 likelihood evaluation calls and 170937 matrix exponentiations calls were made

Variable 'LdVXW_Ay.UngLbuSb.likelihoodFunction' was not initialized prior to being used
Auto-benchmarked an optimal number (3) of threads.
Set GUI update interval to every 21-th LF evaluation.
Optimization settings:
	OPTIMIZATION_METHOD = 4
	OPTIMIZATION_PRECISION = 0.001
	MAXIMUM_ITERATIONS_PER_VARIABLE = 5000

Initial parameter values

relax.reference.omega3 = 61.8737
relax.reference.omega1 = 0.199596
relax.test.theta_AC = 0.236049
relax.reference.bsrel_mixture_aux_1 = 0.994256
relax.reference.omega2 = 0.441944
relax.test.theta_AT = 0.150403
relax.test.theta_GT = 0.260258
relax.reference.bsrel_mixture_aux_0 = 0.275618
relax.test.theta_CT = 0.675024
relax.test.theta_CG = 0.288904
UngLbuSb.tree_id_0.Canis_lupus.t = 0.00679268
UngLbuSb.tree_id_0.Vulpes_vulpes.t = 0.0659695
UngLbuSb.tree_id_0.Enhydra_lutris.t = 0.117826
UngLbuSb.tree_id_0.Lontra_canadensis.t = 0.0118904
UngLbuSb.tree_id_0.Node7.t = 0.0818705
UngLbuSb.tree_id_0.Neovison_vison.t = 0.0591091
UngLbuSb.tree_id_0.Mustela_putorius.t = 0.0875068
UngLbuSb.tree_id_0.Node10.t = 0.0529137
UngLbuSb.tree_id_0.Node6.t = 1.11299
UngLbuSb.tree_id_0.Callorhinus_ursinus.t = 0.0126945
UngLbuSb.tree_id_0.Zalophus_californianus.t = 0
UngLbuSb.tree_id_0.Eumetopias_jubatus.t = 0.010958
UngLbuSb.tree_id_0.Node17.t = 0
UngLbuSb.tree_id_0.Node15.t = 0
UngLbuSb.tree_id_0.Odobenus_rosmarus.t = 0.0695115
UngLbuSb.tree_id_0.Node14.t = 0.0582125
UngLbuSb.tree_id_0.Leptonychotes_weddellii.t = 0.0189998
UngLbuSb.tree_id_0.Mirounga_leonina.t = 0.0366356
UngLbuSb.tree_id_0.Node23.t = 0.0190257
UngLbuSb.tree_id_0.Monachus_schauinslandi.t = 0.0235518
UngLbuSb.tree_id_0.Node22.t = 0.115244
UngLbuSb.tree_id_0.Phoca_vitulina.t = 0.0961156
UngLbuSb.tree_id_0.Node21.t = 0.0258477
UngLbuSb.tree_id_0.Node13.t = 0.323573
UngLbuSb.tree_id_0.Node5.t = 0
UngLbuSb.tree_id_0.Ailuropoda_melanoleuca.t = 0.0777318
UngLbuSb.tree_id_0.Ursus_thibetanus.t = 0
UngLbuSb.tree_id_0.Ursus_americanus.t = 0.0216932
UngLbuSb.tree_id_0.Node31.t = 0
UngLbuSb.tree_id_0.Ursus_arctos.t = 0
UngLbuSb.tree_id_0.Ursus_maritimus.t = 0
UngLbuSb.tree_id_0.Node34.t = 0.0372513
UngLbuSb.tree_id_0.Node30.t = 0.197239
UngLbuSb.tree_id_0.Node28.t = 0.252504
UngLbuSb.tree_id_0.Node4.t = 0.394842
Optimization finished in 3 loop passes.
405 likelihood evaluation calls and 16287 matrix exponentiations calls were made

CChi2(x,n) only makes sense for both arguments positive
Variable 'USE_JSON_FOR_MATRIX' was not initialized prior to being used